Build started 29.03.2016 21:36:57.
     1>Project "C:\Users\CaptainAmerica\Desktop\Uni\GE_Project\Intermediate\ProjectFiles\TheBeginning.vcxproj" on node 2 (Build target(s)).
     1>Build:
         "C:\Program Files (x86)\Epic Games\4.9\Engine\Build\BatchFiles\Build.bat" TheBeginningEditor Win64 Development "C:\Users\CaptainAmerica\Desktop\Uni\GE_Project\TheBeginning.uproject" -rocket -waitmutex
         Creating makefile for hot reloading TheBeginningEditor (modules to compile have changed)
         Compiling game modules for hot reload
         Parsing headers for TheBeginningEditor
           Running UnrealHeaderTool "C:\Users\CaptainAmerica\Desktop\Uni\GE_Project\TheBeginning.uproject" "C:\Users\CaptainAmerica\Desktop\Uni\GE_Project\Intermediate\Build\Win64\TheBeginningEditor\Development\UnrealHeaderTool.manifest" -LogCmds="loginit warning, logexit warning, logdatabase error" -rocket -installed
         Reflection code generated for TheBeginningEditor in 7,7437918 seconds
         Performing 12 actions (4 in parallel)
         PCH.TheBeginning.h.cpp
         Avatar.cpp
         MeleeWeapon.cpp
         FirstPersonProjectile.cpp
         Monster.cpp
         MyHUD.cpp
         NPC.cpp
         PickUpItem.cpp
         TheBeginning.cpp
         TheBeginningGameMode.cpp
         TheBeginning.generated.cpp
         [12/12] Link UE4Editor-TheBeginning-5701.dll
            Creating library C:\Users\CaptainAmerica\Desktop\Uni\GE_Project\Intermediate/Build/Win64\UE4Editor\Development\UE4Editor-TheBeginning-5701.lib and object C:\Users\CaptainAmerica\Desktop\Uni\GE_Project\Intermediate/Build/Win64\UE4Editor\Development\UE4Editor-TheBeginning-5701.exp
         -------- End Detailed Actions Stats -----------------------------------------------------------
         Total build time: 56,30 seconds
     1>Done Building Project "C:\Users\CaptainAmerica\Desktop\Uni\GE_Project\Intermediate\ProjectFiles\TheBeginning.vcxproj" (Build target(s)).

Build succeeded.

Time Elapsed 00:00:56.64
