[2016.03.04-21.19.55:426][  0]Log file open, 03/04/16 22:19:55
[2016.03.04-21.19.55:426][  0]LogInit:Display: Running engine for game: TheBeginning
[2016.03.04-21.19.55:426][  0]LogInit:Display: RandInit(1927790243) SRandInit(1927790244).
[2016.03.04-21.19.55:426][  0]LogTaskGraph: Started task graph with 4 named threads and 7 total threads.
[2016.03.04-21.19.55:426][  0]LogStats: Stats thread started at 0.109012
[2016.03.04-21.19.55:426][  0]LogInit: Version: 4.9.2-2707645+++depot+UE4-Releases+4.9
[2016.03.04-21.19.55:426][  0]LogInit: API Version: 2672455
[2016.03.04-21.19.55:426][  0]LogInit: Compiled (64-bit): Sep 28 2015 10:25:44
[2016.03.04-21.19.55:426][  0]LogInit: Compiled with Visual C++: 18.00.21005.01
[2016.03.04-21.19.55:426][  0]LogInit: Build Configuration: Development
[2016.03.04-21.19.55:426][  0]LogInit: Branch Name: ++depot+UE4-Releases+4.9
[2016.03.04-21.19.55:426][  0]LogInit: Command line: -EpicPortal 
[2016.03.04-21.19.55:426][  0]LogInit: Base directory: C:/Program Files (x86)/Epic Games/4.9/Engine/Binaries/Win64/
[2016.03.04-21.19.55:426][  0]LogInit: Rocket: 1
[2016.03.04-21.19.55:441][  0]LogInit: Using libcurl 7.41.0
[2016.03.04-21.19.55:441][  0]LogInit:  - built for x86_64-pc-win32
[2016.03.04-21.19.55:441][  0]LogInit:  - supports SSL with WinSSL
[2016.03.04-21.19.55:441][  0]LogInit:  - other features:
[2016.03.04-21.19.55:441][  0]LogInit:      CURL_VERSION_SSL
[2016.03.04-21.19.55:441][  0]LogInit:      CURL_VERSION_IPV6
[2016.03.04-21.19.55:441][  0]LogInit:      CURL_VERSION_ASYNCHDNS
[2016.03.04-21.19.55:441][  0]LogInit:      CURL_VERSION_LARGEFILE
[2016.03.04-21.19.55:441][  0]LogInit:      CURL_VERSION_IDN
[2016.03.04-21.19.55:442][  0]LogInit:  CurlRequestOptions (configurable via config and command line):
[2016.03.04-21.19.55:442][  0]LogInit:  - bVerifyPeer = true  - Libcurl will verify peer certificate
[2016.03.04-21.19.55:442][  0]LogInit:  - bUseHttpProxy = false  - Libcurl will NOT use HTTP proxy
[2016.03.04-21.19.55:442][  0]LogInit:  - bDontReuseConnections = false  - Libcurl will reuse connections
[2016.03.04-21.19.55:442][  0]LogInit:  - CertBundlePath = nullptr  - Libcurl will use whatever was configured at build time.
[2016.03.04-21.19.55:454][  0]LogInit: Presizing for 0 objects not considered by GC, pre-allocating 0 bytes.
[2016.03.04-21.19.55:465][  0]LogInit: Object subsystem initialized
[2016.03.04-21.19.55:468][  0]LogInit: Selected Device Profile: [Windows]
[2016.03.04-21.19.55:468][  0]LogInit: Applying CVar settings loaded from the selected device profile: [Windows]
[2016.03.04-21.19.55:483][  0]LogInit: Computer: DESKTOP-I563IRF
[2016.03.04-21.19.55:483][  0]LogInit: User: CaptainAmerica
[2016.03.04-21.19.55:483][  0]LogInit: CPU Page size=4096, Cores=4
[2016.03.04-21.19.55:483][  0]LogInit: High frequency timer resolution =2.531251 MHz
[2016.03.04-21.19.55:483][  0]LogMemory: Memory total: Physical=15.8GB (16GB approx)
[2016.03.04-21.19.55:483][  0]LogMemory: Platform Memory Stats for Windows
[2016.03.04-21.19.55:483][  0]LogMemory: Process Physical Memory: 54.03 MB used, 54.03 MB peak
[2016.03.04-21.19.55:483][  0]LogMemory: Process Virtual Memory: 56.28 MB used, 56.28 MB peak
[2016.03.04-21.19.55:483][  0]LogMemory: Physical Memory: 3887.80 MB used, 16205.89 MB total
[2016.03.04-21.19.55:483][  0]LogMemory: Virtual Memory: 370.37 MB used, 134217728.00 MB total
[2016.03.04-21.19.55:531][  0]LogTextLocalizationManager: No translations for ('de-DE') exist, falling back to 'en' for localization and internationalization data.
[2016.03.04-21.19.56:814][  0]LogD3D11RHI: Found D3D11 adapter 0: NVIDIA GeForce GTX 970M    (Feature Level 11_0)
[2016.03.04-21.19.56:814][  0]LogD3D11RHI: Adapter has 2989MB of dedicated video memory, 0MB of dedicated system memory, and 8102MB of shared system memory, 1 output[s]
[2016.03.04-21.19.56:823][  0]LogD3D11RHI: Found D3D11 adapter 1: Intel(R) HD Graphics 530 (Feature Level 11_0)
[2016.03.04-21.19.56:823][  0]LogD3D11RHI: Adapter has 128MB of dedicated video memory, 0MB of dedicated system memory, and 8102MB of shared system memory, 0 output[s]
[2016.03.04-21.19.56:825][  0]LogD3D11RHI: Found D3D11 adapter 2: Microsoft Basic Render Driver (Feature Level 11_0)
[2016.03.04-21.19.56:825][  0]LogD3D11RHI: Adapter has 0MB of dedicated video memory, 0MB of dedicated system memory, and 8102MB of shared system memory, 0 output[s]
[2016.03.04-21.19.56:825][  0]LogD3D11RHI: Chosen D3D11 Adapter Id = 0
[2016.03.04-21.19.56:831][  0]LogD3D11RHI: !Direct3DDevice
[2016.03.04-21.19.56:831][  0]LogRHI: Texture pool is 1361 MB (70% of 1945 MB)
[2016.03.04-21.19.56:852][  0]LogD3D11RHI: Async texture creation enabled
[2016.03.04-21.19.56:871][  0]LogShaderCompilers: Guid format shader working directory is 15 characters bigger than the processId version (../../../../../../Users/CaptainAmerica/Desktop/Uni/GE_Project/Intermediate/Shaders/WorkingDirectory/6764/).
[2016.03.04-21.19.56:871][  0]LogShaderCompilers: Cleaned the shader compiler working directory '../../../../../../Users/CaptainAmerica/Desktop/Uni/GE_Project/Intermediate/Shaders/tmp/5D6323CC437A452C9962A59EE3390B4B/'.
[2016.03.04-21.19.56:871][  0]LogShaderCompilers:Display: Using Local Shader Compiler.
[2016.03.04-21.19.58:534][  0]LogTemp:Display: Loaded TP AllDesktopTargetPlatform
[2016.03.04-21.19.58:544][  0]LogTemp:Display: Loaded TP WindowsClientTargetPlatform
[2016.03.04-21.19.58:553][  0]LogTemp:Display: Loaded TP WindowsNoEditorTargetPlatform
[2016.03.04-21.19.58:562][  0]LogTemp:Display: Loaded TP WindowsServerTargetPlatform
[2016.03.04-21.19.58:570][  0]LogTemp:Display: Loaded TP WindowsTargetPlatform
[2016.03.04-21.19.58:576][  0]LogTemp:Display: Loaded TP AndroidTargetPlatform
[2016.03.04-21.19.58:581][  0]LogTemp:Display: Loaded TP Android_ASTCTargetPlatform
[2016.03.04-21.19.58:587][  0]LogTemp:Display: Loaded TP Android_ATCTargetPlatform
[2016.03.04-21.19.58:593][  0]LogTemp:Display: Loaded TP Android_DXTTargetPlatform
[2016.03.04-21.19.58:598][  0]LogTemp:Display: Loaded TP Android_ETC1TargetPlatform
[2016.03.04-21.19.58:604][  0]LogTemp:Display: Loaded TP Android_ETC2TargetPlatform
[2016.03.04-21.19.58:610][  0]LogTemp:Display: Loaded TP Android_PVRTCTargetPlatform
[2016.03.04-21.19.58:611][  0]LogTemp:Display: Loaded TP HTML5TargetPlatform
[2016.03.04-21.19.58:633][  0]LogTemp:Display: Loaded TP IOSTargetPlatform
[2016.03.04-21.19.58:640][  0]LogTemp:Display: Loaded TP LinuxNoEditorTargetPlatform
[2016.03.04-21.19.58:646][  0]LogTemp:Display: Loaded TP LinuxServerTargetPlatform
[2016.03.04-21.19.58:653][  0]LogTemp:Display: Loaded TP LinuxTargetPlatform
[2016.03.04-21.19.58:653][  0]LogTargetPlatformManager:Display: Building Assets For Windows
[2016.03.04-21.19.58:809][  0]LogDerivedDataCache:Display: Max Cache Size: 512 MB
[2016.03.04-21.19.58:873][  0]LogDerivedDataCache: Loaded boot cache 0.06s 41MB C:/Users/CaptainAmerica/AppData/Local/UnrealEngine/4.9/DerivedDataCache/Boot.ddc.
[2016.03.04-21.19.58:873][  0]LogDerivedDataCache:Display: Loaded Boot cache: C:/Users/CaptainAmerica/AppData/Local/UnrealEngine/4.9/DerivedDataCache/Boot.ddc
[2016.03.04-21.19.58:874][  0]LogDerivedDataCache: FDerivedDataBackendGraph:  Pak pak cache file ../../../../../../Users/CaptainAmerica/Desktop/Uni/GE_Project/DerivedDataCache/DDC.ddp not found, will not use a pak cache.
[2016.03.04-21.19.58:874][  0]LogDerivedDataCache: Unable to find inner node Pak for hierarchical cache Hierarchy.
[2016.03.04-21.19.58:874][  0]LogDerivedDataCache: FDerivedDataBackendGraph:  CompressedPak pak cache file ../../../../../../Users/CaptainAmerica/Desktop/Uni/GE_Project/DerivedDataCache/Compressed.ddp not found, will not use a pak cache.
[2016.03.04-21.19.58:874][  0]LogDerivedDataCache: Unable to find inner node CompressedPak for hierarchical cache Hierarchy.
[2016.03.04-21.19.59:101][  0]LogDerivedDataCache:Display: Pak cache opened for reading ../../../Engine/DerivedDataCache/Compressed.ddp.
[2016.03.04-21.19.59:112][  0]LogDerivedDataCache: Using Local data cache path C:/Users/CaptainAmerica/AppData/Local/UnrealEngine/Common/DerivedDataCache: Writable
[2016.03.04-21.19.59:381][  0]LogInit: Selected Device Profile: [Windows]
[2016.03.04-21.19.59:384][  0]LogContentStreaming: Texture pool size is 0.000000MB
[2016.03.04-21.19.59:580][  0]LogMeshUtilities: No automatic mesh reduction module available
[2016.03.04-21.19.59:580][  0]LogMeshUtilities: No automatic mesh merging module available
[2016.03.04-21.19.59:954][  0]LogInit: WinSock: version 1.1 (2.2), MaxSocks=32767, MaxUdp=65467
[2016.03.04-21.20.01:079][  0]UdpMessaging: Initializing bridge on interface 0.0.0.0:0 to multicast group 230.0.0.1:6666.
[2016.03.04-21.20.01:156][  0]LogModuleManager:Warning: ModuleManager: Unable to load module 'C:/Users/CaptainAmerica/Desktop/Uni/GE_Project/Plugins/K4U_4.9.0_1.1c_Plugin/Binaries/Win64/UE4Editor-Kinect4Unreal.dll' because the file couldn't be loaded by the OS.
[2016.03.04-21.20.03:926][  0]LogWindowsTextInputMethodSystem:Display: IME system now deactivated.
[2016.03.04-21.20.03:927][  0]LogWindowsTextInputMethodSystem:Display: IME system now deactivated.
[2016.03.04-21.20.04:142][  0]LogExit: Preparing to exit.
[2016.03.04-21.20.05:348][  0]LogExit: Object subsystem successfully closed.
[2016.03.04-21.20.05:357][  0]LogD3D11RHI: Shutdown
[2016.03.04-21.20.05:357][  0]LogD3D11RHI: CleanupD3DDevice
[2016.03.04-21.20.05:401][  0]LogD3D11RHI: ~FD3D11DynamicRHI
[2016.03.04-21.20.05:417][  0]LogModuleManager: Shutting down and abandoning module DirectoryWatcher (88)
[2016.03.04-21.20.05:417][  0]LogModuleManager: Shutting down and abandoning module HotReload (87)
[2016.03.04-21.20.05:417][  0]LogModuleManager: Shutting down and abandoning module UdpMessaging (85)
[2016.03.04-21.20.05:518][  0]LogModuleManager: Shutting down and abandoning module LightPropagationVolumeRuntime (84)
[2016.03.04-21.20.05:518][  0]LogModuleManager: Shutting down and abandoning module Paper2D (83)
[2016.03.04-21.20.05:518][  0]LogModuleManager: Shutting down and abandoning module WindowsMoviePlayer (82)
[2016.03.04-21.20.05:518][  0]LogModuleManager: Shutting down and abandoning module Media (81)
[2016.03.04-21.20.05:518][  0]LogModuleManager: Shutting down and abandoning module WmfMedia (80)
[2016.03.04-21.20.05:519][  0]LogModuleManager: Shutting down and abandoning module OnlineBlueprintSupport (79)
[2016.03.04-21.20.05:519][  0]LogModuleManager: Shutting down and abandoning module GameplayTasksEditor (78)
[2016.03.04-21.20.05:519][  0]LogModuleManager: Shutting down and abandoning module PropertyEditor (77)
[2016.03.04-21.20.05:519][  0]LogModuleManager: Shutting down and abandoning module BehaviorTreeEditor (76)
[2016.03.04-21.20.05:519][  0]LogModuleManager: Shutting down and abandoning module FunctionalTesting (75)
[2016.03.04-21.20.05:519][  0]LogModuleManager: Shutting down and abandoning module CollisionAnalyzer (74)
[2016.03.04-21.20.05:519][  0]LogModuleManager: Shutting down and abandoning module WorkspaceMenuStructure (73)
[2016.03.04-21.20.05:519][  0]LogModuleManager: Shutting down and abandoning module MessageLog (72)
[2016.03.04-21.20.05:519][  0]LogModuleManager: Shutting down and abandoning module Sequencer (71)
[2016.03.04-21.20.05:519][  0]LogModuleManager: Shutting down and abandoning module AssetTools (70)
[2016.03.04-21.20.05:519][  0]LogModuleManager: Shutting down and abandoning module UMGEditor (69)
[2016.03.04-21.20.05:519][  0]LogModuleManager: Shutting down and abandoning module UMG (68)
[2016.03.04-21.20.05:519][  0]LogModuleManager: Shutting down and abandoning module Slate (67)
[2016.03.04-21.20.05:519][  0]LogModuleManager: Shutting down and abandoning module EditorStyle (66)
[2016.03.04-21.20.05:522][  0]LogModuleManager: Shutting down and abandoning module SessionServices (65)
[2016.03.04-21.20.05:522][  0]LogModuleManager: Shutting down and abandoning module SourceCodeAccess (64)
[2016.03.04-21.20.05:522][  0]LogModuleManager: Shutting down and abandoning module HeadMountedDisplay (63)
[2016.03.04-21.20.05:522][  0]LogModuleManager: Shutting down and abandoning module XAudio2 (62)
[2016.03.04-21.20.05:522][  0]LogModuleManager: Shutting down and abandoning module Networking (60)
[2016.03.04-21.20.05:522][  0]LogModuleManager: Shutting down and abandoning module Core (59)
[2016.03.04-21.20.05:522][  0]LogModuleManager: Shutting down and abandoning module KismetCompiler (58)
[2016.03.04-21.20.05:522][  0]LogModuleManager: Shutting down and abandoning module PhysXFormats (57)
[2016.03.04-21.20.05:522][  0]LogModuleManager: Shutting down and abandoning module MeshUtilities (56)
[2016.03.04-21.20.05:522][  0]LogModuleManager: Shutting down and abandoning module CookingStats (55)
[2016.03.04-21.20.05:523][  0]LogModuleManager: Shutting down and abandoning module DerivedDataCache (54)
[2016.03.04-21.20.05:608][  0]LogDerivedDataCache: Shutdown
[2016.03.04-21.20.05:608][  0]LogModuleManager: Shutting down and abandoning module ShaderFormatOpenGL (53)
[2016.03.04-21.20.05:608][  0]LogModuleManager: Shutting down and abandoning module ShaderFormatD3D (52)
[2016.03.04-21.20.05:608][  0]LogModuleManager: Shutting down and abandoning module MetalShaderFormat (51)
[2016.03.04-21.20.05:608][  0]LogModuleManager: Shutting down and abandoning module TextureFormatUncompressed (50)
[2016.03.04-21.20.05:608][  0]LogModuleManager: Shutting down and abandoning module TextureFormatPVR (49)
[2016.03.04-21.20.05:608][  0]LogModuleManager: Shutting down and abandoning module TextureFormatIntelISPCTexComp (48)
[2016.03.04-21.20.05:608][  0]LogModuleManager: Shutting down and abandoning module TextureFormatDXT (47)
[2016.03.04-21.20.05:608][  0]LogModuleManager: Shutting down and abandoning module ImageWrapper (46)
[2016.03.04-21.20.05:608][  0]LogModuleManager: Shutting down and abandoning module TextureFormatASTC (45)
[2016.03.04-21.20.05:608][  0]LogModuleManager: Shutting down and abandoning module TextureFormatAndroid (44)
[2016.03.04-21.20.05:608][  0]LogModuleManager: Shutting down and abandoning module AudioFormatOpus (43)
[2016.03.04-21.20.05:608][  0]LogModuleManager: Shutting down and abandoning module AudioFormatOgg (42)
[2016.03.04-21.20.05:608][  0]LogModuleManager: Shutting down and abandoning module AudioFormatADPCM (41)
[2016.03.04-21.20.05:608][  0]LogModuleManager: Shutting down and abandoning module LinuxTargetPlatform (40)
[2016.03.04-21.20.05:608][  0]LogModuleManager: Shutting down and abandoning module LinuxServerTargetPlatform (39)
[2016.03.04-21.20.05:608][  0]LogModuleManager: Shutting down and abandoning module LinuxNoEditorTargetPlatform (38)
[2016.03.04-21.20.05:608][  0]LogModuleManager: Shutting down and abandoning module Messaging (37)
[2016.03.04-21.20.05:608][  0]LogModuleManager: Shutting down and abandoning module IOSTargetPlatform (36)
[2016.03.04-21.20.05:608][  0]LogModuleManager: Shutting down and abandoning module HTML5TargetPlatform (35)
[2016.03.04-21.20.05:608][  0]LogModuleManager: Shutting down and abandoning module Android_PVRTCTargetPlatform (34)
[2016.03.04-21.20.05:608][  0]LogModuleManager: Shutting down and abandoning module Android_ETC2TargetPlatform (33)
[2016.03.04-21.20.05:608][  0]LogModuleManager: Shutting down and abandoning module Android_ETC1TargetPlatform (32)
[2016.03.04-21.20.05:608][  0]LogModuleManager: Shutting down and abandoning module Android_DXTTargetPlatform (31)
[2016.03.04-21.20.05:608][  0]LogModuleManager: Shutting down and abandoning module Android_ATCTargetPlatform (30)
[2016.03.04-21.20.05:608][  0]LogModuleManager: Shutting down and abandoning module Android_ASTCTargetPlatform (29)
[2016.03.04-21.20.05:608][  0]LogModuleManager: Shutting down and abandoning module AndroidTargetPlatform (28)
[2016.03.04-21.20.05:608][  0]LogModuleManager: Shutting down and abandoning module WindowsTargetPlatform (27)
[2016.03.04-21.20.05:608][  0]LogModuleManager: Shutting down and abandoning module WindowsServerTargetPlatform (26)
[2016.03.04-21.20.05:608][  0]LogModuleManager: Shutting down and abandoning module WindowsNoEditorTargetPlatform (25)
[2016.03.04-21.20.05:608][  0]LogModuleManager: Shutting down and abandoning module WindowsClientTargetPlatform (24)
[2016.03.04-21.20.05:608][  0]LogModuleManager: Shutting down and abandoning module AllDesktopTargetPlatform (23)
[2016.03.04-21.20.05:608][  0]LogModuleManager: Shutting down and abandoning module TargetPlatform (22)
[2016.03.04-21.20.05:608][  0]LogModuleManager: Shutting down and abandoning module InputCore (21)
[2016.03.04-21.20.05:608][  0]LogModuleManager: Shutting down and abandoning module Settings (20)
[2016.03.04-21.20.05:608][  0]LogModuleManager: Shutting down and abandoning module OnlineSubsystem (18)
[2016.03.04-21.20.05:608][  0]LogModuleManager: Shutting down and abandoning module HTTP (17)
[2016.03.04-21.20.05:608][  0]LogModuleManager: Shutting down and abandoning module XMPP (16)
[2016.03.04-21.20.05:608][  0]LogModuleManager: Shutting down and abandoning module ExampleDeviceProfileSelector (15)
[2016.03.04-21.20.05:608][  0]LogModuleManager: Shutting down and abandoning module TextureCompressor (14)
[2016.03.04-21.20.05:608][  0]LogModuleManager: Shutting down and abandoning module ShaderCore (13)
[2016.03.04-21.20.05:608][  0]LogModuleManager: Shutting down and abandoning module Landscape (12)
[2016.03.04-21.20.05:608][  0]LogModuleManager: Shutting down and abandoning module SlateRHIRenderer (11)
[2016.03.04-21.20.05:608][  0]LogModuleManager: Shutting down and abandoning module OpenGLDrv (10)
[2016.03.04-21.20.05:608][  0]LogModuleManager: Shutting down and abandoning module D3D11RHI (9)
[2016.03.04-21.20.05:608][  0]LogModuleManager: Shutting down and abandoning module AnimGraphRuntime (8)
[2016.03.04-21.20.05:609][  0]LogModuleManager: Shutting down and abandoning module Renderer (7)
[2016.03.04-21.20.05:609][  0]LogModuleManager: Shutting down and abandoning module Engine (6)
[2016.03.04-21.20.05:609][  0]LogModuleManager: Shutting down and abandoning module CoreUObject (5)
[2016.03.04-21.20.05:609][  0]LogModuleManager: Shutting down and abandoning module NetworkFile (4)
[2016.03.04-21.20.05:609][  0]LogModuleManager: Shutting down and abandoning module StreamingFile (3)
[2016.03.04-21.20.05:609][  0]LogModuleManager: Shutting down and abandoning module SandboxFile (2)
[2016.03.04-21.20.05:609][  0]LogModuleManager: Shutting down and abandoning module PakFile (1)
[2016.03.04-21.20.05:611][  0]LogExit: Exiting.
[2016.03.04-21.20.05:654][  0]Log file closed, 03/04/16 22:20:05
