[2016.03.20-11.06.00:717][  0]Log file open, 03/20/16 12:06:00
[2016.03.20-11.06.00:717][  0]LogInit:Display: Running engine for game: TheBeginning
[2016.03.20-11.06.00:718][  0]LogInit:Display: RandInit(1258600092) SRandInit(1258600092).
[2016.03.20-11.06.00:718][  0]LogTaskGraph: Started task graph with 4 named threads and 7 total threads.
[2016.03.20-11.06.00:718][  0]LogStats: Stats thread started at 0.102593
[2016.03.20-11.06.00:718][  0]LogInit: Version: 4.9.2-2707645+++depot+UE4-Releases+4.9
[2016.03.20-11.06.00:718][  0]LogInit: API Version: 2672455
[2016.03.20-11.06.00:718][  0]LogInit: Compiled (64-bit): Sep 28 2015 10:25:44
[2016.03.20-11.06.00:718][  0]LogInit: Compiled with Visual C++: 18.00.21005.01
[2016.03.20-11.06.00:718][  0]LogInit: Build Configuration: Development
[2016.03.20-11.06.00:718][  0]LogInit: Branch Name: ++depot+UE4-Releases+4.9
[2016.03.20-11.06.00:718][  0]LogInit: Command line:  
[2016.03.20-11.06.00:718][  0]LogInit: Base directory: C:/Program Files (x86)/Epic Games/4.9/Engine/Binaries/Win64/
[2016.03.20-11.06.00:718][  0]LogInit: Rocket: 1
[2016.03.20-11.06.00:732][  0]LogInit: Using libcurl 7.41.0
[2016.03.20-11.06.00:732][  0]LogInit:  - built for x86_64-pc-win32
[2016.03.20-11.06.00:732][  0]LogInit:  - supports SSL with WinSSL
[2016.03.20-11.06.00:732][  0]LogInit:  - other features:
[2016.03.20-11.06.00:732][  0]LogInit:      CURL_VERSION_SSL
[2016.03.20-11.06.00:732][  0]LogInit:      CURL_VERSION_IPV6
[2016.03.20-11.06.00:732][  0]LogInit:      CURL_VERSION_ASYNCHDNS
[2016.03.20-11.06.00:732][  0]LogInit:      CURL_VERSION_LARGEFILE
[2016.03.20-11.06.00:732][  0]LogInit:      CURL_VERSION_IDN
[2016.03.20-11.06.00:732][  0]LogInit:  CurlRequestOptions (configurable via config and command line):
[2016.03.20-11.06.00:732][  0]LogInit:  - bVerifyPeer = true  - Libcurl will verify peer certificate
[2016.03.20-11.06.00:732][  0]LogInit:  - bUseHttpProxy = false  - Libcurl will NOT use HTTP proxy
[2016.03.20-11.06.00:732][  0]LogInit:  - bDontReuseConnections = false  - Libcurl will reuse connections
[2016.03.20-11.06.00:732][  0]LogInit:  - CertBundlePath = nullptr  - Libcurl will use whatever was configured at build time.
[2016.03.20-11.06.00:745][  0]LogInit: Presizing for 0 objects not considered by GC, pre-allocating 0 bytes.
[2016.03.20-11.06.00:756][  0]LogInit: Object subsystem initialized
[2016.03.20-11.06.00:759][  0]LogInit: Selected Device Profile: [Windows]
[2016.03.20-11.06.00:759][  0]LogInit: Applying CVar settings loaded from the selected device profile: [Windows]
[2016.03.20-11.06.00:775][  0]LogInit: Computer: DESKTOP-I563IRF
[2016.03.20-11.06.00:775][  0]LogInit: User: CaptainAmerica
[2016.03.20-11.06.00:775][  0]LogInit: CPU Page size=4096, Cores=4
[2016.03.20-11.06.00:775][  0]LogInit: High frequency timer resolution =2.531254 MHz
[2016.03.20-11.06.00:775][  0]LogMemory: Memory total: Physical=15.8GB (16GB approx)
[2016.03.20-11.06.00:775][  0]LogMemory: Platform Memory Stats for Windows
[2016.03.20-11.06.00:775][  0]LogMemory: Process Physical Memory: 54.79 MB used, 54.79 MB peak
[2016.03.20-11.06.00:775][  0]LogMemory: Process Virtual Memory: 55.39 MB used, 55.39 MB peak
[2016.03.20-11.06.00:775][  0]LogMemory: Physical Memory: 2362.05 MB used, 16205.89 MB total
[2016.03.20-11.06.00:775][  0]LogMemory: Virtual Memory: 368.80 MB used, 134217728.00 MB total
[2016.03.20-11.06.01:191][  0]LogTextLocalizationManager: No translations for ('de-DE') exist, falling back to 'en' for localization and internationalization data.
[2016.03.20-11.06.02:924][  0]LogD3D11RHI: Found D3D11 adapter 0: NVIDIA GeForce GTX 970M    (Feature Level 11_0)
[2016.03.20-11.06.02:924][  0]LogD3D11RHI: Adapter has 2988MB of dedicated video memory, 0MB of dedicated system memory, and 8102MB of shared system memory, 1 output[s]
[2016.03.20-11.06.02:934][  0]LogD3D11RHI: Found D3D11 adapter 1: Intel(R) HD Graphics 530 (Feature Level 11_0)
[2016.03.20-11.06.02:934][  0]LogD3D11RHI: Adapter has 128MB of dedicated video memory, 0MB of dedicated system memory, and 8102MB of shared system memory, 0 output[s]
[2016.03.20-11.06.02:935][  0]LogD3D11RHI: Found D3D11 adapter 2: Microsoft Basic Render Driver (Feature Level 11_0)
[2016.03.20-11.06.02:935][  0]LogD3D11RHI: Adapter has 0MB of dedicated video memory, 0MB of dedicated system memory, and 8102MB of shared system memory, 0 output[s]
[2016.03.20-11.06.02:935][  0]LogD3D11RHI: Chosen D3D11 Adapter Id = 0
[2016.03.20-11.06.02:941][  0]LogD3D11RHI: !Direct3DDevice
[2016.03.20-11.06.02:941][  0]LogRHI: Texture pool is 1361 MB (70% of 1945 MB)
[2016.03.20-11.06.02:958][  0]LogD3D11RHI: Async texture creation enabled
[2016.03.20-11.06.02:971][  0]LogShaderCompilers: Guid format shader working directory is 15 characters bigger than the processId version (../../../../../../Users/CaptainAmerica/Desktop/Uni/GE_Project - Kopie/Intermediate/Shaders/WorkingDirectory/2544/).
[2016.03.20-11.06.02:972][  0]LogShaderCompilers: Cleaned the shader compiler working directory '../../../../../../Users/CaptainAmerica/Desktop/Uni/GE_Project - Kopie/Intermediate/Shaders/tmp/1C43A22C4D0E51B309130DB0F5D1004A/'.
[2016.03.20-11.06.02:972][  0]LogShaderCompilers:Display: Using Local Shader Compiler.
[2016.03.20-11.06.04:637][  0]LogTemp:Display: Loaded TP AllDesktopTargetPlatform
[2016.03.20-11.06.04:646][  0]LogTemp:Display: Loaded TP WindowsClientTargetPlatform
[2016.03.20-11.06.04:655][  0]LogTemp:Display: Loaded TP WindowsNoEditorTargetPlatform
[2016.03.20-11.06.04:664][  0]LogTemp:Display: Loaded TP WindowsServerTargetPlatform
[2016.03.20-11.06.04:672][  0]LogTemp:Display: Loaded TP WindowsTargetPlatform
[2016.03.20-11.06.04:678][  0]LogTemp:Display: Loaded TP AndroidTargetPlatform
[2016.03.20-11.06.04:683][  0]LogTemp:Display: Loaded TP Android_ASTCTargetPlatform
[2016.03.20-11.06.04:689][  0]LogTemp:Display: Loaded TP Android_ATCTargetPlatform
[2016.03.20-11.06.04:694][  0]LogTemp:Display: Loaded TP Android_DXTTargetPlatform
[2016.03.20-11.06.04:700][  0]LogTemp:Display: Loaded TP Android_ETC1TargetPlatform
[2016.03.20-11.06.04:706][  0]LogTemp:Display: Loaded TP Android_ETC2TargetPlatform
[2016.03.20-11.06.04:711][  0]LogTemp:Display: Loaded TP Android_PVRTCTargetPlatform
[2016.03.20-11.06.04:712][  0]LogTemp:Display: Loaded TP HTML5TargetPlatform
[2016.03.20-11.06.04:734][  0]LogTemp:Display: Loaded TP IOSTargetPlatform
[2016.03.20-11.06.04:739][  0]LogTemp:Display: Loaded TP LinuxNoEditorTargetPlatform
[2016.03.20-11.06.04:745][  0]LogTemp:Display: Loaded TP LinuxServerTargetPlatform
[2016.03.20-11.06.04:751][  0]LogTemp:Display: Loaded TP LinuxTargetPlatform
[2016.03.20-11.06.04:751][  0]LogTargetPlatformManager:Display: Building Assets For Windows
[2016.03.20-11.06.04:900][  0]LogDerivedDataCache:Display: Max Cache Size: 512 MB
[2016.03.20-11.06.04:963][  0]LogDerivedDataCache: Loaded boot cache 0.06s 41MB C:/Users/CaptainAmerica/AppData/Local/UnrealEngine/4.9/DerivedDataCache/Boot.ddc.
[2016.03.20-11.06.04:963][  0]LogDerivedDataCache:Display: Loaded Boot cache: C:/Users/CaptainAmerica/AppData/Local/UnrealEngine/4.9/DerivedDataCache/Boot.ddc
[2016.03.20-11.06.04:963][  0]LogDerivedDataCache: FDerivedDataBackendGraph:  Pak pak cache file ../../../../../../Users/CaptainAmerica/Desktop/Uni/GE_Project - Kopie/DerivedDataCache/DDC.ddp not found, will not use a pak cache.
[2016.03.20-11.06.04:963][  0]LogDerivedDataCache: Unable to find inner node Pak for hierarchical cache Hierarchy.
[2016.03.20-11.06.04:963][  0]LogDerivedDataCache: FDerivedDataBackendGraph:  CompressedPak pak cache file ../../../../../../Users/CaptainAmerica/Desktop/Uni/GE_Project - Kopie/DerivedDataCache/Compressed.ddp not found, will not use a pak cache.
[2016.03.20-11.06.04:964][  0]LogDerivedDataCache: Unable to find inner node CompressedPak for hierarchical cache Hierarchy.
[2016.03.20-11.06.05:194][  0]LogDerivedDataCache:Display: Pak cache opened for reading ../../../Engine/DerivedDataCache/Compressed.ddp.
[2016.03.20-11.06.05:206][  0]LogDerivedDataCache: Using Local data cache path C:/Users/CaptainAmerica/AppData/Local/UnrealEngine/Common/DerivedDataCache: Writable
[2016.03.20-11.06.05:470][  0]LogInit: Selected Device Profile: [Windows]
[2016.03.20-11.06.05:474][  0]LogContentStreaming: Texture pool size is 0.000000MB
[2016.03.20-11.06.05:666][  0]LogMeshUtilities: No automatic mesh reduction module available
[2016.03.20-11.06.05:666][  0]LogMeshUtilities: No automatic mesh merging module available
[2016.03.20-11.06.06:027][  0]LogInit: WinSock: version 1.1 (2.2), MaxSocks=32767, MaxUdp=65467
[2016.03.20-11.06.07:124][  0]UdpMessaging: Initializing bridge on interface 0.0.0.0:0 to multicast group 230.0.0.1:6666.
[2016.03.20-11.06.07:271][  0]LogAssetRegistry: FAssetRegistry took 0.0106 seconds to start up
[2016.03.20-11.06.07:548][  0]SourceControl: Info Source control is disabled
[2016.03.20-11.06.07:549][  0]SourceControl: Info Source control is disabled
[2016.03.20-11.06.07:570][  0]SourceControl: Info Source control is disabled
[2016.03.20-11.06.07:591][  0]SourceControl: Info Source control is disabled
[2016.03.20-11.06.07:865][  0]LogLinker:Warning: Asset '../../../Engine/Plugins/Runtime/LeapMotionController/Content/LM_PassthroughMaterial.uasset' has been saved with empty engine version. The asset will be loaded but may be incompatible.
[2016.03.20-11.06.08:009][  0]LogObj: 28421 objects as part of root set at end of initial load.
[2016.03.20-11.06.08:009][  0]LogUObjectAllocator: 6081752 out of 0 bytes used by permanent object pool.
[2016.03.20-11.06.08:095][  0]LogEngine: Initializing Engine...
[2016.03.20-11.06.08:099][  0]LogHMD: Can't find Oculus library dev build: is proper Runtime installed? Version: 0.7.0.0
[2016.03.20-11.06.08:099][  0]LogHMD: SteamVR failed to initialize.  Err: 110
[2016.03.20-11.06.08:307][  0]LogAIModule: Creating AISystem for world NewWorld
[2016.03.20-11.06.08:315][  0]LogInit: XAudio2 using 'Lautsprecher (Realtek High Definition Audio)' : 2 channels at 48 kHz using 32 bits per sample (channel mask 0x3)
[2016.03.20-11.06.08:350][  0]LogInit: FAudioDevice initialized.
[2016.03.20-11.06.08:376][  0]LogDerivedDataCache: Saved boot cache 0.03s 41MB C:/Users/CaptainAmerica/AppData/Local/UnrealEngine/4.9/DerivedDataCache/Boot.ddc.
[2016.03.20-11.06.08:383][  0]LogInit: Texture streaming: Enabled
[2016.03.20-11.06.08:393][  0]LogAnalytics: Creating configured Analytics provider AnalyticsET
[2016.03.20-11.06.08:393][  0]LogAnalytics: [UEEditor.Rocket.Release] APIServer = http://et2.epicgames.com/ET2/. AppVersion = 4.9.2-2707645+++depot+UE4-Releases+4.9
[2016.03.20-11.06.08:393][  0]LogAnalytics: [UEEditor.Rocket.Release] SetUserId cf13bd144fda46388eb9608560661132|81f01d6b67df48cfa9231b1643757103|89657b24-a756-40fe-95bd-5a575f0e3948
[2016.03.20-11.06.08:393][  0]LogAnalytics: [UEEditor.Rocket.Release] AnalyticsET::StartSession
[2016.03.20-11.06.08:443][  0]LogInit: Transaction tracking system initialized
[2016.03.20-11.06.08:491][  0]BlueprintLog: New page: Editor Load
[2016.03.20-11.06.08:628][  0]LocalizationService: Info Localization service is disabled
[2016.03.20-11.06.08:744][  0]LogConsoleResponse:Display: 
[2016.03.20-11.06.08:922][  0]LogCook:Display: Done creating registry. It took  0.00s.
[2016.03.20-11.06.09:023][  0]LogFileCache: Scanning file cache for directory 'C:/Users/CaptainAmerica/Desktop/Uni/GE_Project - Kopie/Content/' took 0.02s
[2016.03.20-11.06.09:023][  0]SourceControl: Info Source control is disabled
[2016.03.20-11.06.09:023][  0]Cmd: MAP LOAD FILE="../../../../../../Users/CaptainAmerica/Desktop/Uni/GE_Project - Kopie/Content/StarterContent/Maps/Minimal_Default.umap" TEMPLATE=0 SHOWPROGRESS=1 FEATURELEVEL=3
[2016.03.20-11.06.09:028][  0]LightingResults: New page: Lighting Build
[2016.03.20-11.06.09:033][  0]MapCheck: New page: Map Check
[2016.03.20-11.06.09:033][  0]LightingResults: New page: Lighting Build
[2016.03.20-11.06.09:048][  0]LogParticles: Destroying 0 GPU particle simulations for FXSystem 0x000002AB606A2AC0
[2016.03.20-11.06.09:791][  0]LogAIModule: Creating AISystem for world Minimal_Default
[2016.03.20-11.06.09:800][  0]LogEditorServer: Finished looking for orphan Actors (0.000 secs)
[2016.03.20-11.06.09:801][  0]Cmd: MAP CHECKDEP NOCLEARLOG
[2016.03.20-11.06.09:869][  0]MapCheck: Info Map check complete: 0 Error(s), 0 Warning(s), took 68.287ms to complete.
[2016.03.20-11.06.09:869][  0]LogFileHelpers: Loading map 'Minimal_Default' took 0.846
[2016.03.20-11.06.10:004][  0]LogCollectionManager: Loaded 0 collections in 0.003769 seconds
[2016.03.20-11.06.10:050][  0]LogFileCache: Scanning file cache for directory 'C:/Users/CaptainAmerica/Desktop/Uni/GE_Project - Kopie/Saved/Collections/' took 0.01s
[2016.03.20-11.06.10:050][  0]LogFileCache: Scanning file cache for directory 'C:/Users/CaptainAmerica/Desktop/Uni/GE_Project - Kopie/Content/Developers/CaptainAmerica/Collections/' took 0.01s
[2016.03.20-11.06.10:050][  0]LogFileCache: Scanning file cache for directory 'C:/Users/CaptainAmerica/Desktop/Uni/GE_Project - Kopie/Content/Collections/' took 0.01s
[2016.03.20-11.06.10:050][  0]LogContentBrowser: Native class hierarchy populated in 0.0131 seconds. Added 1873 classes and 335 folders.
[2016.03.20-11.06.10:058][  0]LogCollectionManager: Rebuilt the GUID cache for 0 collections in 0.000004 seconds
[2016.03.20-11.06.10:071][  0]LogContentBrowser: Native class hierarchy updated for 'WidgetCarousel' in 0.0019 seconds. Added 0 classes and 0 folders.
[2016.03.20-11.06.10:138][  0]LogContentBrowser: Native class hierarchy updated for 'AddContentDialog' in 0.0023 seconds. Added 0 classes and 0 folders.
[2016.03.20-11.06.10:146][  0]LogContentBrowser: Native class hierarchy updated for 'SceneOutliner' in 0.0019 seconds. Added 1 classes and 2 folders.
[2016.03.20-11.06.10:184][  0]LogCrashTracker: Crashtracker disabled due to settings.
[2016.03.20-11.06.10:191][  0]LogUObjectGlobals:Warning: Failed to find object 'Class None.'
[2016.03.20-11.06.10:213][  0]LogLoad: Full Startup: 11.06 seconds (BP compile: 0.09 seconds)
[2016.03.20-11.06.10:284][  0]LogContentStreaming: Texture pool size now 1000 MB
[2016.03.20-11.06.10:476][  0]LogRenderer: Reallocating scene render targets to support 964x436 (Frame:2).
[2016.03.20-11.06.10:755][  4]LogAssetRegistry: Asset discovery search completed in 3.4940 seconds
[2016.03.20-11.06.10:755][  4]LogCollectionManager: Rebuilt the object cache for 0 collections in 0.000001 seconds (found 0 objects)
[2016.03.20-11.06.10:755][  4]LogCollectionManager: Fixed up redirectors for 0 collections in 0.000033 seconds (updated 0 objects)
[2016.03.20-11.06.17:586][269]LogBlueprint:Warning: [compiler Ue4ASP_Character] Warning Input Axis Event references unknown Axis 'LookUp' for  InputAxis LookUp 
[2016.03.20-11.06.17:586][269]LogBlueprint:Warning: [compiler Ue4ASP_Character] Warning Input Axis Event references unknown Axis 'Turn' for  InputAxis Turn 
[2016.03.20-11.06.17:587][269]LogBlueprint:Warning: [compiler Ue4ASP_Character] Warning Input Axis Event references unknown Axis 'MoveRight' for  InputAxis MoveRight 
[2016.03.20-11.06.17:587][269]LogBlueprint:Warning: [compiler Ue4ASP_Character] Warning Input Axis Event references unknown Axis 'MoveForward' for  InputAxis MoveForward 
[2016.03.20-11.06.17:592][269]LogBlueprint:Warning: [compiler Ue4ASP_Character] Warning [0018.43] Compile of Ue4ASP_Character successful, but with 4 Warning(s) [in 12 ms]
[2016.03.20-11.06.17:592][269]LogBlueprint:Warning: [compiler Ue4ASP_Character] Warning [0018.43] Compile of Ue4ASP_Character successful, but with 5 Warning(s) [in 0 ms]
[2016.03.20-11.06.17:592][269]LogBlueprint:Warning: [compiler Ue4ASP_Character] Warning [0018.43] Compile of Ue4ASP_Character successful, but with 6 Warning(s) [in 0 ms]
[2016.03.20-11.06.17:704][269]LogBlueprint:Warning: [compiler Ue4ASP_Character] Warning Input Axis Event references unknown Axis 'LookUp' for  InputAxis LookUp 
[2016.03.20-11.06.17:704][269]LogBlueprint:Warning: [compiler Ue4ASP_Character] Warning Input Axis Event references unknown Axis 'Turn' for  InputAxis Turn 
[2016.03.20-11.06.17:705][269]LogBlueprint:Warning: [compiler Ue4ASP_Character] Warning Input Axis Event references unknown Axis 'MoveRight' for  InputAxis MoveRight 
[2016.03.20-11.06.17:705][269]LogBlueprint:Warning: [compiler Ue4ASP_Character] Warning Input Axis Event references unknown Axis 'MoveForward' for  InputAxis MoveForward 
[2016.03.20-11.06.17:710][269]LogBlueprint:Warning: [compiler Ue4ASP_Character] Warning [0018.55] Compile of Ue4ASP_Character successful, but with 4 Warning(s) [in 12 ms]
[2016.03.20-11.06.17:710][269]LogBlueprint:Warning: [compiler Ue4ASP_Character] Warning [0018.55] Compile of Ue4ASP_Character successful, but with 5 Warning(s) [in 0 ms]
[2016.03.20-11.06.17:711][269]LogBlueprint:Warning: [compiler Ue4ASP_Character] Warning [0018.55] Compile of Ue4ASP_Character successful, but with 6 Warning(s) [in 0 ms]
[2016.03.20-11.06.18:821][269]LogAIModule: Creating AISystem for world MyFirstLevel
[2016.03.20-11.06.18:835][269]LogParticles:Warning: InitializeSystem called on an unregistered component. Template=/Game/Snow.Snow Component=/Game/MyFirstLevel.MyFirstLevel:PersistentLevel.Snow_2.ParticleSystemComponent0
[2016.03.20-11.06.18:837][269]LogParticles:Warning: InitializeSystem called on an unregistered component. Template=/Game/StarterContent/Particles/P_Fire.P_Fire Component=/Game/MyFirstLevel.MyFirstLevel:PersistentLevel.P_Fire_2.ParticleSystemComponent0
[2016.03.20-11.06.18:892][269]Cmd: MAP LOAD FILE="../../../../../../Users/CaptainAmerica/Desktop/Uni/GE_Project - Kopie/Content/MyFirstLevel.umap" TEMPLATE=0 SHOWPROGRESS=1 FEATURELEVEL=3
[2016.03.20-11.06.18:892][269]LightingResults: New page: Lighting Build
[2016.03.20-11.06.18:926][269]LoadErrors: New page: Loading map: MyFirstLevel.umap
[2016.03.20-11.06.18:927][269]MapCheck: New page: Map Check
[2016.03.20-11.06.18:927][269]LightingResults: New page: Lighting Build
[2016.03.20-11.06.18:944][269]LogParticles: Destroying 0 GPU particle simulations for FXSystem 0x000002AB5320F1A0
[2016.03.20-11.06.19:188][269]LogEditorServer: Finished looking for orphan Actors (0.000 secs)
[2016.03.20-11.06.19:281][269]Cmd: MAP CHECKDEP NOCLEARLOG
[2016.03.20-11.06.19:380][269]MapCheck: Info Map check complete: 0 Error(s), 0 Warning(s), took 99.336ms to complete.
[2016.03.20-11.06.19:380][269]LogFileHelpers: Loading map 'MyFirstLevel' took 0.490
[2016.03.20-11.06.19:421][270]Cmd: UpdateLandscapeEditorData -warnings
[2016.03.20-11.06.19:432][270]Cmd: UpdateLandscapeEditorData
[2016.03.20-11.06.30:252][733]LogLinker:Warning: Can't find file '/Script/Kinect4Unreal'
[2016.03.20-11.06.30:252][733]LogLinker:Warning: Can't find file for asset '/Script/Kinect4Unreal' while loading ../../../../../../Users/CaptainAmerica/Desktop/Uni/GE_Project - Kopie/Content/BP_Avatar.uasset.
[2016.03.20-11.06.30:253][733]LoadErrors:Error: Error /Game/BP_Avatar : Can't find file for asset. /Script/Kinect4Unreal
[2016.03.20-11.06.30:253][733]LogLinker:Warning: Can't find file '/Script/Kinect4Unreal'
[2016.03.20-11.06.30:253][733]LogLinker:Warning: Can't find file for asset '/Script/Kinect4Unreal' while loading ../../../../../../Users/CaptainAmerica/Desktop/Uni/GE_Project - Kopie/Content/BP_Avatar.uasset.
[2016.03.20-11.06.30:253][733]LogLinker:Warning: Can't find file '/Script/Kinect4Unreal'
[2016.03.20-11.06.30:253][733]LogLinker:Warning: Can't find file for asset '/Script/Kinect4Unreal' while loading ../../../../../../Users/CaptainAmerica/Desktop/Uni/GE_Project - Kopie/Content/BP_Avatar.uasset.
[2016.03.20-11.06.30:253][733]LogLinker:Warning: Can't find file '/Script/Kinect4Unreal'
[2016.03.20-11.06.30:253][733]LogLinker:Warning: Can't find file for asset '/Script/Kinect4Unreal' while loading ../../../../../../Users/CaptainAmerica/Desktop/Uni/GE_Project - Kopie/Content/BP_Avatar.uasset.
[2016.03.20-11.06.30:253][733]LogLinker:Warning: Can't find file '/Script/Kinect4Unreal'
[2016.03.20-11.06.30:253][733]LogLinker:Warning: Can't find file for asset '/Script/Kinect4Unreal' while loading ../../../../../../Users/CaptainAmerica/Desktop/Uni/GE_Project - Kopie/Content/BP_Avatar.uasset.
[2016.03.20-11.06.30:254][733]LogLinker:Warning: Can't find file '/Script/Kinect4Unreal'
[2016.03.20-11.06.30:254][733]LogLinker:Warning: Can't find file for asset '/Script/Kinect4Unreal' while loading ../../../../../../Users/CaptainAmerica/Desktop/Uni/GE_Project - Kopie/Content/BP_Avatar.uasset.
[2016.03.20-11.06.30:254][733]LogLinker:Warning: Can't find file '/Script/Kinect4Unreal'
[2016.03.20-11.06.30:254][733]LogLinker:Warning: Can't find file for asset '/Script/Kinect4Unreal' while loading ../../../../../../Users/CaptainAmerica/Desktop/Uni/GE_Project - Kopie/Content/BP_Avatar.uasset.
[2016.03.20-11.06.30:255][733]LogLinker:Warning: Can't find file '/Script/Kinect4Unreal'
[2016.03.20-11.06.30:255][733]LogLinker:Warning: Can't find file for asset '/Script/Kinect4Unreal' while loading ../../../../../../Users/CaptainAmerica/Desktop/Uni/GE_Project - Kopie/Content/BP_Avatar.uasset.
[2016.03.20-11.06.30:257][733]LogLinker:Warning: Can't find file '/Script/Kinect4Unreal'
[2016.03.20-11.06.30:257][733]LoadErrors: Info Failed to load /Script/Kinect4Unreal.EBodyNumber Referenced by CallFunc_GetCenteredBody_CenteredBody
[2016.03.20-11.06.30:257][733]LogLinker:Warning: Can't find file for asset '/Script/Kinect4Unreal' while loading NULL.
[2016.03.20-11.06.30:257][733]LogLinker:Warning: Can't find file '/Script/Kinect4Unreal'
[2016.03.20-11.06.30:257][733]LoadErrors: Info Failed to load /Script/Kinect4Unreal.EBodyNumber Referenced by CallFunc_GetCenteredBody_CenteredBody2
[2016.03.20-11.06.30:257][733]LogLinker:Warning: Can't find file for asset '/Script/Kinect4Unreal' while loading NULL.
[2016.03.20-11.06.30:258][733]LogLinker:Warning: Can't find file '/Script/Kinect4Unreal'
[2016.03.20-11.06.30:258][733]LoadErrors: Info Failed to load /Script/Kinect4Unreal.EBodyNumber Referenced by CentredBody
[2016.03.20-11.06.30:258][733]LogLinker:Warning: Can't find file for asset '/Script/Kinect4Unreal' while loading NULL.
[2016.03.20-11.06.30:258][733]LogLinker:Warning: Can't find file '/Script/Kinect4Unreal'
[2016.03.20-11.06.30:258][733]LogLinker:Warning: Can't find file for asset '/Script/Kinect4Unreal' while loading NULL.
[2016.03.20-11.06.30:258][733]LogLinker:Warning: Can't find file '/Script/Kinect4Unreal'
[2016.03.20-11.06.30:258][733]LogLinker:Warning: Can't find file for asset '/Script/Kinect4Unreal' while loading NULL.
[2016.03.20-11.06.30:258][733]LogLinker:Warning: Can't find file '/Script/Kinect4Unreal'
[2016.03.20-11.06.30:258][733]LogLinker:Warning: Can't find file for asset '/Script/Kinect4Unreal' while loading NULL.
[2016.03.20-11.06.30:258][733]LogLinker:Warning: Can't find file '/Script/Kinect4Unreal'
[2016.03.20-11.06.30:259][733]LogLinker:Warning: Can't find file for asset '/Script/Kinect4Unreal' while loading NULL.
[2016.03.20-11.06.30:259][733]LogLinker:Warning: Can't find file '/Script/Kinect4Unreal'
[2016.03.20-11.06.30:259][733]LogLinker:Warning: Can't find file for asset '/Script/Kinect4Unreal' while loading NULL.
[2016.03.20-11.06.30:259][733]LogLinker:Warning: Can't find file '/Script/Kinect4Unreal'
[2016.03.20-11.06.30:259][733]LogLinker:Warning: Can't find file for asset '/Script/Kinect4Unreal' while loading NULL.
[2016.03.20-11.06.30:259][733]LogLinker:Warning: Can't find file '/Script/Kinect4Unreal'
[2016.03.20-11.06.30:259][733]LogLinker:Warning: Can't find file for asset '/Script/Kinect4Unreal' while loading NULL.
[2016.03.20-11.06.30:259][733]LogLinker:Warning: Can't find file '/Script/Kinect4Unreal'
[2016.03.20-11.06.30:259][733]LogLinker:Warning: Can't find file for asset '/Script/Kinect4Unreal' while loading NULL.
[2016.03.20-11.06.30:259][733]LogLinker:Warning: Can't find file '/Script/Kinect4Unreal'
[2016.03.20-11.06.30:259][733]LogLinker:Warning: Can't find file for asset '/Script/Kinect4Unreal' while loading NULL.
[2016.03.20-11.06.30:260][733]LogLinker:Warning: Can't find file '/Script/Kinect4Unreal'
[2016.03.20-11.06.30:260][733]LoadErrors: Info Failed to load /Script/Kinect4Unreal.EBodyNumber Referenced by BP_Avatar
[2016.03.20-11.06.30:260][733]LogLinker:Warning: Can't find file for asset '/Script/Kinect4Unreal' while loading NULL.
[2016.03.20-11.06.30:264][733]LogLinker:Warning: Can't find file '/Script/Kinect4Unreal'
[2016.03.20-11.06.30:264][733]LoadErrors: Info Failed to load /Script/Kinect4Unreal.KinectInterfaceComponent Referenced by K2Node_CallFunction_2965
[2016.03.20-11.06.30:265][733]LogLinker:Warning: Can't find file for asset '/Script/Kinect4Unreal' while loading NULL.
[2016.03.20-11.06.30:265][733]LogLinker:Warning: Can't find file '/Script/Kinect4Unreal'
[2016.03.20-11.06.30:265][733]LoadErrors: Info Failed to load /Script/Kinect4Unreal.KinectInterfaceComponent Referenced by EdGraphPin_7224
[2016.03.20-11.06.30:265][733]LogLinker:Warning: Can't find file for asset '/Script/Kinect4Unreal' while loading NULL.
[2016.03.20-11.06.30:266][733]LogLinker:Warning: Can't find file '/Script/Kinect4Unreal'
[2016.03.20-11.06.30:266][733]LoadErrors: Info Failed to load /Script/Kinect4Unreal.EBodyNumber Referenced by EdGraphPin_7225
[2016.03.20-11.06.30:266][733]LogLinker:Warning: Can't find file for asset '/Script/Kinect4Unreal' while loading NULL.
[2016.03.20-11.06.30:266][733]LogLinker:Warning: Can't find file '/Script/Kinect4Unreal'
[2016.03.20-11.06.30:266][733]LoadErrors: Info Failed to load /Script/Kinect4Unreal.KinectInterfaceComponent Referenced by EdGraphPin_6867
[2016.03.20-11.06.30:266][733]LogLinker:Warning: Can't find file for asset '/Script/Kinect4Unreal' while loading NULL.
[2016.03.20-11.06.30:266][733]LogLinker:Warning: Can't find file '/Script/Kinect4Unreal'
[2016.03.20-11.06.30:267][733]LoadErrors: Info Failed to load /Script/Kinect4Unreal.KinectInterfaceComponent Referenced by K2Node_CallFunction_2682
[2016.03.20-11.06.30:267][733]LogLinker:Warning: Can't find file for asset '/Script/Kinect4Unreal' while loading NULL.
[2016.03.20-11.06.30:267][733]LogLinker:Warning: Can't find file '/Script/Kinect4Unreal'
[2016.03.20-11.06.30:268][733]LoadErrors: Info Failed to load /Script/Kinect4Unreal.KinectInterfaceComponent Referenced by EdGraphPin_7243
[2016.03.20-11.06.30:268][733]LogLinker:Warning: Can't find file for asset '/Script/Kinect4Unreal' while loading NULL.
[2016.03.20-11.06.30:268][733]LogLinker:Warning: Can't find file '/Script/Kinect4Unreal'
[2016.03.20-11.06.30:268][733]LoadErrors: Info Failed to load /Script/Kinect4Unreal.EHands Referenced by EdGraphPin_7244
[2016.03.20-11.06.30:268][733]LogLinker:Warning: Can't find file for asset '/Script/Kinect4Unreal' while loading NULL.
[2016.03.20-11.06.30:268][733]LogLinker:Warning: Can't find file '/Script/Kinect4Unreal'
[2016.03.20-11.06.30:268][733]LoadErrors: Info Failed to load /Script/Kinect4Unreal.EBodyNumber Referenced by EdGraphPin_7245
[2016.03.20-11.06.30:268][733]LogLinker:Warning: Can't find file for asset '/Script/Kinect4Unreal' while loading NULL.
[2016.03.20-11.06.30:269][733]LogLinker:Warning: Can't find file '/Script/Kinect4Unreal'
[2016.03.20-11.06.30:269][733]LoadErrors: Info Failed to load /Script/Kinect4Unreal.EHandState Referenced by EdGraphPin_7246
[2016.03.20-11.06.30:269][733]LogLinker:Warning: Can't find file for asset '/Script/Kinect4Unreal' while loading NULL.
[2016.03.20-11.06.30:269][733]LogLinker:Warning: Can't find file '/Script/Kinect4Unreal'
[2016.03.20-11.06.30:269][733]LoadErrors: Info Failed to load /Script/Kinect4Unreal.KinectInterfaceComponent Referenced by EdGraphPin_6963
[2016.03.20-11.06.30:269][733]LogLinker:Warning: Can't find file for asset '/Script/Kinect4Unreal' while loading NULL.
[2016.03.20-11.06.30:272][733]LogLinker:Warning: Can't find file '/Script/Kinect4Unreal'
[2016.03.20-11.06.30:272][733]LoadErrors: Info Failed to load /Script/Kinect4Unreal.KinectInterfaceComponent Referenced by K2Node_CallFunction_2550
[2016.03.20-11.06.30:272][733]LogLinker:Warning: Can't find file for asset '/Script/Kinect4Unreal' while loading NULL.
[2016.03.20-11.06.30:273][733]LogLinker:Warning: Can't find file '/Script/Kinect4Unreal'
[2016.03.20-11.06.30:273][733]LoadErrors: Info Failed to load /Script/Kinect4Unreal.KinectInterfaceComponent Referenced by EdGraphPin_7357
[2016.03.20-11.06.30:273][733]LogLinker:Warning: Can't find file for asset '/Script/Kinect4Unreal' while loading NULL.
[2016.03.20-11.06.30:273][733]LogLinker:Warning: Can't find file '/Script/Kinect4Unreal'
[2016.03.20-11.06.30:274][733]LoadErrors: Info Failed to load /Script/Kinect4Unreal.EHands Referenced by EdGraphPin_7358
[2016.03.20-11.06.30:274][733]LogLinker:Warning: Can't find file for asset '/Script/Kinect4Unreal' while loading NULL.
[2016.03.20-11.06.30:274][733]LogLinker:Warning: Can't find file '/Script/Kinect4Unreal'
[2016.03.20-11.06.30:274][733]LoadErrors: Info Failed to load /Script/Kinect4Unreal.EBodyNumber Referenced by EdGraphPin_7359
[2016.03.20-11.06.30:274][733]LogLinker:Warning: Can't find file for asset '/Script/Kinect4Unreal' while loading NULL.
[2016.03.20-11.06.30:274][733]LogLinker:Warning: Can't find file '/Script/Kinect4Unreal'
[2016.03.20-11.06.30:274][733]LoadErrors: Info Failed to load /Script/Kinect4Unreal.EHandState Referenced by EdGraphPin_7360
[2016.03.20-11.06.30:274][733]LogLinker:Warning: Can't find file for asset '/Script/Kinect4Unreal' while loading NULL.
[2016.03.20-11.06.30:275][733]LogLinker:Warning: Can't find file '/Script/Kinect4Unreal'
[2016.03.20-11.06.30:275][733]LoadErrors: Info Failed to load /Script/Kinect4Unreal.KinectInterfaceComponent Referenced by EdGraphPin_7011
[2016.03.20-11.06.30:275][733]LogLinker:Warning: Can't find file for asset '/Script/Kinect4Unreal' while loading NULL.
[2016.03.20-11.06.30:276][733]LogLinker:Warning: Can't find file '/Script/Kinect4Unreal'
[2016.03.20-11.06.30:276][733]LoadErrors: Info Failed to load /Script/Kinect4Unreal.EBodyNumber Referenced by EdGraphPin_7055
[2016.03.20-11.06.30:276][733]LogLinker:Warning: Can't find file for asset '/Script/Kinect4Unreal' while loading NULL.
[2016.03.20-11.06.30:276][733]LogLinker:Warning: Can't find file '/Script/Kinect4Unreal'
[2016.03.20-11.06.30:277][733]LoadErrors: Info Failed to load /Script/Kinect4Unreal.EBodyNumber Referenced by EdGraphPin_7056
[2016.03.20-11.06.30:277][733]LogLinker:Warning: Can't find file for asset '/Script/Kinect4Unreal' while loading NULL.
[2016.03.20-11.06.30:277][733]LogLinker:Warning: Can't find file '/Script/Kinect4Unreal'
[2016.03.20-11.06.30:277][733]LoadErrors: Info Failed to load /Script/Kinect4Unreal.KinectInterfaceComponent Referenced by EdGraphPin_7068
[2016.03.20-11.06.30:277][733]LogLinker:Warning: Can't find file for asset '/Script/Kinect4Unreal' while loading NULL.
[2016.03.20-11.06.30:278][733]LogLinker:Warning: Can't find file '/Script/Kinect4Unreal'
[2016.03.20-11.06.30:278][733]LoadErrors: Info Failed to load /Script/Kinect4Unreal.KinectInterfaceComponent Referenced by K2Node_CallFunction_3277
[2016.03.20-11.06.30:278][733]LogLinker:Warning: Can't find file for asset '/Script/Kinect4Unreal' while loading NULL.
[2016.03.20-11.06.30:278][733]LogLinker:Warning: Can't find file '/Script/Kinect4Unreal'
[2016.03.20-11.06.30:278][733]LoadErrors: Info Failed to load /Script/Kinect4Unreal.KinectInterfaceComponent Referenced by EdGraphPin_7401
[2016.03.20-11.06.30:278][733]LogLinker:Warning: Can't find file for asset '/Script/Kinect4Unreal' while loading NULL.
[2016.03.20-11.06.30:279][733]LogLinker:Warning: Can't find file '/Script/Kinect4Unreal'
[2016.03.20-11.06.30:279][733]LoadErrors: Info Failed to load /Script/Kinect4Unreal.EBodyNumber Referenced by EdGraphPin_7402
[2016.03.20-11.06.30:279][733]LogLinker:Warning: Can't find file for asset '/Script/Kinect4Unreal' while loading NULL.
[2016.03.20-11.06.30:279][733]LogLinker:Warning: Can't find file '/Script/Kinect4Unreal'
[2016.03.20-11.06.30:279][733]LoadErrors: Info Failed to load /Script/Kinect4Unreal.KinectInterfaceComponent Referenced by K2Node_CallFunction_3567
[2016.03.20-11.06.30:279][733]LogLinker:Warning: Can't find file for asset '/Script/Kinect4Unreal' while loading NULL.
[2016.03.20-11.06.30:280][733]LogLinker:Warning: Can't find file '/Script/Kinect4Unreal'
[2016.03.20-11.06.30:280][733]LoadErrors: Info Failed to load /Script/Kinect4Unreal.KinectInterfaceComponent Referenced by EdGraphPin_7443
[2016.03.20-11.06.30:280][733]LogLinker:Warning: Can't find file for asset '/Script/Kinect4Unreal' while loading NULL.
[2016.03.20-11.06.30:281][733]LogLinker:Warning: Can't find file '/Script/Kinect4Unreal'
[2016.03.20-11.06.30:281][733]LoadErrors: Info Failed to load /Script/Kinect4Unreal.EBodyNumber Referenced by EdGraphPin_7444
[2016.03.20-11.06.30:281][733]LogLinker:Warning: Can't find file for asset '/Script/Kinect4Unreal' while loading NULL.
[2016.03.20-11.06.30:281][733]LogLinker:Warning: Can't find file '/Script/Kinect4Unreal'
[2016.03.20-11.06.30:281][733]LoadErrors: Info Failed to load /Script/Kinect4Unreal.KinectInterfaceComponent Referenced by EdGraphPin_7131
[2016.03.20-11.06.30:281][733]LogLinker:Warning: Can't find file for asset '/Script/Kinect4Unreal' while loading NULL.
[2016.03.20-11.06.30:282][733]LogLinker:Warning: Can't find file '/Script/Kinect4Unreal'
[2016.03.20-11.06.30:282][733]LoadErrors: Info Failed to load /Script/Kinect4Unreal.KinectInterfaceComponent Referenced by K2Node_CallFunction_2904
[2016.03.20-11.06.30:282][733]LogLinker:Warning: Can't find file for asset '/Script/Kinect4Unreal' while loading NULL.
[2016.03.20-11.06.30:283][733]LogLinker:Warning: Can't find file '/Script/Kinect4Unreal'
[2016.03.20-11.06.30:283][733]LoadErrors: Info Failed to load /Script/Kinect4Unreal.KinectInterfaceComponent Referenced by EdGraphPin_27483
[2016.03.20-11.06.30:283][733]LogLinker:Warning: Can't find file for asset '/Script/Kinect4Unreal' while loading NULL.
[2016.03.20-11.06.30:283][733]LogLinker:Warning: Can't find file '/Script/Kinect4Unreal'
[2016.03.20-11.06.30:284][733]LoadErrors: Info Failed to load /Script/Kinect4Unreal.EKinectJoints Referenced by EdGraphPin_27484
[2016.03.20-11.06.30:284][733]LogLinker:Warning: Can't find file for asset '/Script/Kinect4Unreal' while loading NULL.
[2016.03.20-11.06.30:284][733]LogLinker:Warning: Can't find file '/Script/Kinect4Unreal'
[2016.03.20-11.06.30:284][733]LoadErrors: Info Failed to load /Script/Kinect4Unreal.EKinectJoints Referenced by EdGraphPin_27485
[2016.03.20-11.06.30:284][733]LogLinker:Warning: Can't find file for asset '/Script/Kinect4Unreal' while loading NULL.
[2016.03.20-11.06.30:284][733]LogLinker:Warning: Can't find file '/Script/Kinect4Unreal'
[2016.03.20-11.06.30:285][733]LoadErrors: Info Failed to load /Script/Kinect4Unreal.EBodyNumber Referenced by EdGraphPin_27486
[2016.03.20-11.06.30:285][733]LogLinker:Warning: Can't find file for asset '/Script/Kinect4Unreal' while loading NULL.
[2016.03.20-11.06.30:285][733]LogLinker:Warning: Can't find file '/Script/Kinect4Unreal'
[2016.03.20-11.06.30:285][733]LoadErrors: Info Failed to load /Script/Kinect4Unreal.KinectInterfaceComponent Referenced by EdGraphPin_27488
[2016.03.20-11.06.30:285][733]LogLinker:Warning: Can't find file for asset '/Script/Kinect4Unreal' while loading NULL.
[2016.03.20-11.06.30:288][733]LogLinker:Warning: Can't find file '/Script/Kinect4Unreal'
[2016.03.20-11.06.30:288][733]LoadErrors: Info Failed to load /Script/Kinect4Unreal.KinectInterfaceComponent Referenced by K2Node_CallFunction_4457
[2016.03.20-11.06.30:288][733]LogLinker:Warning: Can't find file for asset '/Script/Kinect4Unreal' while loading NULL.
[2016.03.20-11.06.30:289][733]LogLinker:Warning: Can't find file '/Script/Kinect4Unreal'
[2016.03.20-11.06.30:289][733]LoadErrors: Info Failed to load /Script/Kinect4Unreal.KinectInterfaceComponent Referenced by EdGraphPin_29636
[2016.03.20-11.06.30:289][733]LogLinker:Warning: Can't find file for asset '/Script/Kinect4Unreal' while loading NULL.
[2016.03.20-11.06.30:289][733]LogLinker:Warning: Can't find file '/Script/Kinect4Unreal'
[2016.03.20-11.06.30:289][733]LoadErrors: Info Failed to load /Script/Kinect4Unreal.EKinectJoints Referenced by EdGraphPin_29637
[2016.03.20-11.06.30:290][733]LogLinker:Warning: Can't find file for asset '/Script/Kinect4Unreal' while loading NULL.
[2016.03.20-11.06.30:290][733]LogLinker:Warning: Can't find file '/Script/Kinect4Unreal'
[2016.03.20-11.06.30:290][733]LoadErrors: Info Failed to load /Script/Kinect4Unreal.EKinectJoints Referenced by EdGraphPin_29638
[2016.03.20-11.06.30:290][733]LogLinker:Warning: Can't find file for asset '/Script/Kinect4Unreal' while loading NULL.
[2016.03.20-11.06.30:290][733]LogLinker:Warning: Can't find file '/Script/Kinect4Unreal'
[2016.03.20-11.06.30:291][733]LoadErrors: Info Failed to load /Script/Kinect4Unreal.EBodyNumber Referenced by EdGraphPin_29639
[2016.03.20-11.06.30:291][733]LogLinker:Warning: Can't find file for asset '/Script/Kinect4Unreal' while loading NULL.
[2016.03.20-11.06.30:291][733]LogLinker:Warning: Can't find file '/Script/Kinect4Unreal'
[2016.03.20-11.06.30:291][733]LoadErrors: Info Failed to load /Script/Kinect4Unreal.KinectInterfaceComponent Referenced by EdGraphPin_29641
[2016.03.20-11.06.30:292][733]LogLinker:Warning: Can't find file for asset '/Script/Kinect4Unreal' while loading NULL.
[2016.03.20-11.06.30:293][733]LogLinker:Warning: Can't find file '/Script/Kinect4Unreal'
[2016.03.20-11.06.30:293][733]LoadErrors: Info Failed to load /Script/Kinect4Unreal.KinectInterfaceComponent Referenced by K2Node_CallFunction_5290
[2016.03.20-11.06.30:293][733]LogLinker:Warning: Can't find file for asset '/Script/Kinect4Unreal' while loading NULL.
[2016.03.20-11.06.30:294][733]LogLinker:Warning: Can't find file '/Script/Kinect4Unreal'
[2016.03.20-11.06.30:294][733]LoadErrors: Info Failed to load /Script/Kinect4Unreal.KinectInterfaceComponent Referenced by EdGraphPin_31041
[2016.03.20-11.06.30:294][733]LogLinker:Warning: Can't find file for asset '/Script/Kinect4Unreal' while loading NULL.
[2016.03.20-11.06.30:295][733]LogLinker:Warning: Can't find file '/Script/Kinect4Unreal'
[2016.03.20-11.06.30:295][733]LoadErrors: Info Failed to load /Script/Kinect4Unreal.EKinectJoints Referenced by EdGraphPin_31042
[2016.03.20-11.06.30:295][733]LogLinker:Warning: Can't find file for asset '/Script/Kinect4Unreal' while loading NULL.
[2016.03.20-11.06.30:295][733]LogLinker:Warning: Can't find file '/Script/Kinect4Unreal'
[2016.03.20-11.06.30:295][733]LoadErrors: Info Failed to load /Script/Kinect4Unreal.EBodyNumber Referenced by EdGraphPin_31043
[2016.03.20-11.06.30:296][733]LogLinker:Warning: Can't find file for asset '/Script/Kinect4Unreal' while loading NULL.
[2016.03.20-11.06.30:296][733]LogLinker:Warning: Can't find file '/Script/Kinect4Unreal'
[2016.03.20-11.06.30:296][733]LoadErrors: Info Failed to load /Script/Kinect4Unreal.KinectInterfaceComponent Referenced by EdGraphPin_31045
[2016.03.20-11.06.30:296][733]LogLinker:Warning: Can't find file for asset '/Script/Kinect4Unreal' while loading NULL.
[2016.03.20-11.06.30:297][733]LogLinker:Warning: Can't find file '/Script/Kinect4Unreal'
[2016.03.20-11.06.30:297][733]LogLinker:Warning: Can't find file for asset '/Script/Kinect4Unreal' while loading NULL.
[2016.03.20-11.06.30:297][733]LogLinker:Warning: Can't find file '/Script/Kinect4Unreal'
[2016.03.20-11.06.30:297][733]LoadErrors: Info Failed to load /Script/Kinect4Unreal.KinectInterfaceComponent Referenced by SCS_Node_1
[2016.03.20-11.06.30:297][733]LogLinker:Warning: Can't find file for asset '/Script/Kinect4Unreal' while loading NULL.
[2016.03.20-11.06.30:308][733]LogBlueprint:Warning: [BP_Avatar] CreatePinForVariable: 'KinectInterface' variable not found. Base class was probably changed.
[2016.03.20-11.06.30:308][733]LogBlueprint:Warning: [BP_Avatar] CreatePinForVariable: 'KinectInterface' variable not found. Base class was probably changed.
[2016.03.20-11.06.30:309][733]LogBlueprint:Warning: [BP_Avatar] CreatePinForVariable: 'KinectInterface' variable not found. Base class was probably changed.
[2016.03.20-11.06.30:310][733]LogBlueprint:Warning: [BP_Avatar] CreatePinForVariable: 'KinectInterface' variable not found. Base class was probably changed.
[2016.03.20-11.06.30:310][733]LogBlueprint:Warning: [BP_Avatar] CreatePinForVariable: 'KinectInterface' variable not found. Base class was probably changed.
[2016.03.20-11.06.30:310][733]LogBlueprint:Warning: [BP_Avatar] CreatePinForVariable: 'KinectInterface' variable not found. Base class was probably changed.
[2016.03.20-11.06.30:311][733]LogBlueprint:Warning: [BP_Avatar] CreatePinForVariable: 'KinectInterface' variable not found. Base class was probably changed.
[2016.03.20-11.06.30:311][733]LogBlueprint:Warning: [BP_Avatar] CreatePinForVariable: 'KinectInterface' variable not found. Base class was probably changed.
[2016.03.20-11.06.30:322][733]LogBlueprint:Warning: [compiler BP_Avatar] Warning Could not find a variable named "KinectInterface" in 'BP_Avatar_C'.
Make sure 'BP_Avatar_C' has been compiled for  Get KinectInterface 
[2016.03.20-11.06.30:322][733]LogBlueprint:Error: [compiler BP_Avatar] Error Could not find a function named "GetJointAbsolutePosition" in 'BP_Avatar'.
Make sure 'BP_Avatar' has been compiled for  Get Joint Absolute Position 
[2016.03.20-11.06.30:323][733]LogBlueprint:Warning: [compiler BP_Avatar] Warning Could not find a variable named "KinectInterface" in 'BP_Avatar_C'.
Make sure 'BP_Avatar_C' has been compiled for  Get KinectInterface 
[2016.03.20-11.06.30:323][733]LogBlueprint:Error: [compiler BP_Avatar] Error Could not find a function named "GetDistanceBetweenJoints" in 'BP_Avatar'.
Make sure 'BP_Avatar' has been compiled for  Get Distance Between Joints 
[2016.03.20-11.06.30:323][733]LogBlueprint:Warning: [compiler BP_Avatar] Warning Could not find a variable named "KinectInterface" in 'BP_Avatar_C'.
Make sure 'BP_Avatar_C' has been compiled for  Get KinectInterface 
[2016.03.20-11.06.30:323][733]LogBlueprint:Error: [compiler BP_Avatar] Error Could not find a function named "GetDistanceBetweenJoints" in 'BP_Avatar'.
Make sure 'BP_Avatar' has been compiled for  Get Distance Between Joints 
[2016.03.20-11.06.30:323][733]LogBlueprint:Warning: [compiler BP_Avatar] Warning Could not find a variable named "KinectInterface" in 'BP_Avatar_C'.
Make sure 'BP_Avatar_C' has been compiled for  Get KinectInterface 
[2016.03.20-11.06.30:323][733]LogBlueprint:Error: [compiler BP_Avatar] Error Could not find a function named "GetCenteredBody" in 'BP_Avatar'.
Make sure 'BP_Avatar' has been compiled for  Get Centered Body 
[2016.03.20-11.06.30:324][733]LogBlueprint:Error: [compiler BP_Avatar] Error Could not find a function named "GetCenteredBody" in 'BP_Avatar'.
Make sure 'BP_Avatar' has been compiled for  Get Centered Body 
[2016.03.20-11.06.30:324][733]LogBlueprint:Warning: [compiler BP_Avatar] Warning Could not find a variable named "KinectInterface" in 'BP_Avatar_C'.
Make sure 'BP_Avatar_C' has been compiled for  Get KinectInterface 
[2016.03.20-11.06.30:324][733]LogBlueprint:Warning: [compiler BP_Avatar] Warning Could not find a variable named "KinectInterface" in 'BP_Avatar_C'.
Make sure 'BP_Avatar_C' has been compiled for  Get KinectInterface 
[2016.03.20-11.06.30:324][733]LogBlueprint:Error: [compiler BP_Avatar] Error Could not find a function named "GetHandStateAsExecution" in 'BP_Avatar'.
Make sure 'BP_Avatar' has been compiled for  Get Hand State as Execution 
[2016.03.20-11.06.30:324][733]LogBlueprint:Warning: [compiler BP_Avatar] Warning Could not find a variable named "KinectInterface" in 'BP_Avatar_C'.
Make sure 'BP_Avatar_C' has been compiled for  Get KinectInterface 
[2016.03.20-11.06.30:325][733]LogBlueprint:Error: [compiler BP_Avatar] Error Could not find a function named "GetHandStateAsExecution" in 'BP_Avatar'.
Make sure 'BP_Avatar' has been compiled for  Get Hand State as Execution 
[2016.03.20-11.06.30:325][733]LogBlueprint:Warning: [compiler BP_Avatar] Warning Could not find a variable named "KinectInterface" in 'BP_Avatar_C'.
Make sure 'BP_Avatar_C' has been compiled for  Get KinectInterface 
[2016.03.20-11.06.30:325][733]LogBlueprint:Error: [compiler BP_Avatar] Error Could not find a function named "GetCenteredBody" in 'BP_Avatar'.
Make sure 'BP_Avatar' has been compiled for  Get Centered Body 
[2016.03.20-11.06.30:326][733]LogBlueprint:Error: [compiler BP_Avatar] Error The property associated with  Kinect Interface  could not be found
[2016.03.20-11.06.30:326][733]LogBlueprint:Error: [compiler BP_Avatar] Error The current value (AnkleRight) of the ' Joint Type ' pin is invalid: Expected a valid unsigned number for a byte property
[2016.03.20-11.06.30:326][733]LogBlueprint:Error: [compiler BP_Avatar] Error The current value (Body0) of the ' Body Number ' pin is invalid: Expected a valid unsigned number for a byte property
[2016.03.20-11.06.30:326][733]LogBlueprint:Error: [compiler BP_Avatar] Error The property associated with  Kinect Interface  could not be found
[2016.03.20-11.06.30:327][733]LogBlueprint:Error: [compiler BP_Avatar] Error The property associated with  Kinect Interface  could not be found
[2016.03.20-11.06.30:337][733]LogBlueprint:Warning: [compiler BP_Avatar] Warning [0031.18] Compile of BP_Avatar failed. 13 Fatal Issue(s) 8 Warning(s) [in 25 ms]
[2016.03.20-11.06.30:337][733]LogBlueprint:Warning: [compiler BP_Avatar] Warning [0031.18] Compile of BP_Avatar failed. 13 Fatal Issue(s) 9 Warning(s) [in 0 ms]
[2016.03.20-11.06.30:337][733]LogBlueprint:Warning: [compiler BP_Avatar] Warning [0031.18] Compile of BP_Avatar failed. 13 Fatal Issue(s) 10 Warning(s) [in 0 ms]
[2016.03.20-11.06.30:340][733]LogLinker:Warning: Can't find file '/Script/Kinect4Unreal'
[2016.03.20-11.06.30:340][733]LogLinker:Warning: Can't find file for asset '/Script/Kinect4Unreal' while loading NULL.
[2016.03.20-11.06.30:340][733]LogLinker:Warning: Can't find file '/Script/Kinect4Unreal'
[2016.03.20-11.06.30:340][733]LogLinker:Warning: Can't find file for asset '/Script/Kinect4Unreal' while loading NULL.
[2016.03.20-11.06.30:477][733]LogLinker:Warning: Asset '../../../Engine/Content/ArtTools/RenderToTexture/Macros/RenderToTextureMacros.uasset' has been saved with empty engine version. The asset will be loaded but may be incompatible.
[2016.03.20-11.06.31:299][733]LogContentBrowser: Native class hierarchy updated for 'BlueprintGraph' in 0.0024 seconds. Added 107 classes and 0 folders.
[2016.03.20-11.06.40:125][140]LogActorComponent: UnregisterComponent: (/Engine/Transient.CharMoveComp) Not registered. Aborting.
[2016.03.20-11.06.40:125][140]LogActorComponent: UnregisterComponent: (/Engine/Transient.CharacterMovementComponent_0) Not registered. Aborting.
[2016.03.20-11.06.44:158][292]LogEditorTransaction: Undo Delete current selection
[2016.03.20-11.06.44:183][292]LogActorComponent: UnregisterComponent: (/Engine/Transient.CharacterMovementComponent_1) Not registered. Aborting.
[2016.03.20-11.06.48:387][521]LogActorComponent: UnregisterComponent: (/Engine/Transient.CharacterMovementComponent_2) Not registered. Aborting.
[2016.03.20-11.06.50:112][532]BlueprintLog: New page: Compile BP_Avatar
[2016.03.20-11.06.50:185][532]LogActorComponent: UnregisterComponent: (/Engine/Transient.CharacterMovementComponent_3) Not registered. Aborting.
[2016.03.20-11.06.50:234][532]BlueprintEditorCompileResults: Info [0051.08] Compile of BP_Avatar successful! [in 121 ms]
[2016.03.20-11.06.59:305][ 67]LogPlayLevel: PlayLevel: No blueprints needed recompiling
[2016.03.20-11.06.59:305][ 67]PIE: New page: PIE session: MyFirstLevel (Mar 20, 2016, 1:06:59 PM)
[2016.03.20-11.06.59:305][ 67]LogPlayLevel: Creating play world package: /Game/UEDPIE_0_MyFirstLevel
[2016.03.20-11.06.59:379][ 67]LogPlayLevel: PIE: StaticDuplicateObject took: (0.073358s)
[2016.03.20-11.06.59:380][ 67]LogAIModule: Creating AISystem for world MyFirstLevel
[2016.03.20-11.06.59:380][ 67]LogPlayLevel: PIE: World Init took: (0.000805s)
[2016.03.20-11.06.59:380][ 67]LogPlayLevel: PIE: Created PIE world by copying editor world from /Game/MyFirstLevel.MyFirstLevel to /Game/UEDPIE_0_MyFirstLevel.MyFirstLevel (0.074443s)
[2016.03.20-11.06.59:380][ 67]LogActorComponent: UnregisterComponent: (/Engine/Transient.CharMoveComp) Not registered. Aborting.
[2016.03.20-11.06.59:419][ 67]LogInit: XAudio2 using 'Lautsprecher (Realtek High Definition Audio)' : 2 channels at 48 kHz using 32 bits per sample (channel mask 0x3)
[2016.03.20-11.06.59:430][ 67]LogInit: FAudioDevice initialized.
[2016.03.20-11.06.59:514][ 67]LogLinker:Warning: Can't find file '/Script/Kinect4Unreal'
[2016.03.20-11.06.59:514][ 67]LogLinker:Warning: Can't find file for asset '/Script/Kinect4Unreal' while loading ../../../../../../Users/CaptainAmerica/Desktop/Uni/GE_Project - Kopie/Content/BP_Avatar.uasset.
[2016.03.20-11.06.59:514][ 67]LogLinker:Warning: Can't find file '/Script/Kinect4Unreal'
[2016.03.20-11.06.59:514][ 67]LogLinker:Warning: Can't find file for asset '/Script/Kinect4Unreal' while loading ../../../../../../Users/CaptainAmerica/Desktop/Uni/GE_Project - Kopie/Content/BP_Avatar.uasset.
[2016.03.20-11.06.59:514][ 67]LogLinker:Warning: Can't find file '/Script/Kinect4Unreal'
[2016.03.20-11.06.59:514][ 67]LogLinker:Warning: Can't find file for asset '/Script/Kinect4Unreal' while loading ../../../../../../Users/CaptainAmerica/Desktop/Uni/GE_Project - Kopie/Content/BP_Avatar.uasset.
[2016.03.20-11.06.59:515][ 67]LogLinker:Warning: Can't find file '/Script/Kinect4Unreal'
[2016.03.20-11.06.59:515][ 67]LogLinker:Warning: Can't find file for asset '/Script/Kinect4Unreal' while loading ../../../../../../Users/CaptainAmerica/Desktop/Uni/GE_Project - Kopie/Content/BP_Avatar.uasset.
[2016.03.20-11.06.59:515][ 67]LogLinker:Warning: Can't find file '/Script/Kinect4Unreal'
[2016.03.20-11.06.59:515][ 67]LogLinker:Warning: Can't find file for asset '/Script/Kinect4Unreal' while loading ../../../../../../Users/CaptainAmerica/Desktop/Uni/GE_Project - Kopie/Content/BP_Avatar.uasset.
[2016.03.20-11.06.59:515][ 67]LogLinker:Warning: Can't find file '/Script/Kinect4Unreal'
[2016.03.20-11.06.59:515][ 67]LogLinker:Warning: Can't find file for asset '/Script/Kinect4Unreal' while loading ../../../../../../Users/CaptainAmerica/Desktop/Uni/GE_Project - Kopie/Content/BP_Avatar.uasset.
[2016.03.20-11.06.59:515][ 67]LogLinker:Warning: Can't find file '/Script/Kinect4Unreal'
[2016.03.20-11.06.59:515][ 67]LogLinker:Warning: Can't find file for asset '/Script/Kinect4Unreal' while loading ../../../../../../Users/CaptainAmerica/Desktop/Uni/GE_Project - Kopie/Content/BP_Avatar.uasset.
[2016.03.20-11.06.59:516][ 67]LogLinker:Warning: Can't find file '/Script/Kinect4Unreal'
[2016.03.20-11.06.59:516][ 67]LogLinker:Warning: Can't find file for asset '/Script/Kinect4Unreal' while loading ../../../../../../Users/CaptainAmerica/Desktop/Uni/GE_Project - Kopie/Content/BP_Avatar.uasset.
[2016.03.20-11.06.59:530][ 67]LogWorld: Game class is 'BP_TheBeginningGameMode_C'
[2016.03.20-11.06.59:640][ 67]LogWorld: Bringing World /Game/UEDPIE_0_MyFirstLevel.MyFirstLevel up for play (max tick rate 60) at 2016.03.20-12.06.59
[2016.03.20-11.06.59:640][ 67]LogActor:Warning: GameSession /Game/UEDPIE_0_MyFirstLevel.MyFirstLevel:PersistentLevel.GameSession_0 has natively added scene component(s), but none of them were set as the actor's RootComponent - picking one arbitrarily
[2016.03.20-11.06.59:640][ 67]LogActor:Warning: GameNetworkManager /Game/UEDPIE_0_MyFirstLevel.MyFirstLevel:PersistentLevel.GameNetworkManager_0 has natively added scene component(s), but none of them were set as the actor's RootComponent - picking one arbitrarily
[2016.03.20-11.06.59:644][ 67]LogWorld: Bringing up level for play took: 0.111312
[2016.03.20-11.06.59:648][ 67]PIE: Info Play in editor start time for /Game/UEDPIE_0_MyFirstLevel -0.187
[2016.03.20-11.07.11:341][759]LogParticles: Destroying 0 GPU particle simulations for FXSystem 0x000002AB055CAA20
[2016.03.20-11.07.12:302][810]LogVSAccessor:Warning: Couldn't access Visual Studio
[2016.03.20-11.07.12:306][810]Recompiling TheBeginning...
[2016.03.20-11.07.12:306][810]Launching UnrealBuildTool... [C:/Program Files (x86)/Epic Games/4.9/Engine/Binaries/DotNET/UnrealBuildTool.exe TheBeginning -ModuleWithSuffix TheBeginning 4637 Win64 Development -editorrecompile -canskiplink "C:/Users/CaptainAmerica/Desktop/Uni/GE_Project - Kopie/TheBeginning.uproject" -rocket  -rocket]
[2016.03.20-11.07.12:309][810]Warning: Starting HotReload took  0.0s.
[2016.03.20-11.09.09:373][951]CompilerResultsLog: New page: Compilation - Mar 20, 2016, 1:09:09 PM
[2016.03.20-11.09.09:374][951]CompilerResultsLog: Info Performing full C++ include scan (hot reloading a new target)
[2016.03.20-11.09.09:374][951]CompilerResultsLog: Info Creating makefile for hot reloading TheBeginning (.uproject file is newer)
[2016.03.20-11.09.09:374][951]CompilerResultsLog: Info Compiling game modules for hot reload
[2016.03.20-11.09.09:374][951]CompilerResultsLog: Info Parsing headers for TheBeginningEditor
[2016.03.20-11.09.09:374][951]CompilerResultsLog: Info   Running UnrealHeaderTool "C:/Users/CaptainAmerica/Desktop/Uni/GE_Project - Kopie/TheBeginning.uproject" "C:\Users\CaptainAmerica\Desktop\Uni\GE_Project - Kopie\Intermediate\Build\Win64\TheBeginningEditor\Development\UnrealHeaderTool.manifest" -LogCmds="loginit warning, logexit warning, logdatabase error" -rocket -installed
[2016.03.20-11.09.09:374][951]CompilerResultsLog: Info Reflection code generated for TheBeginningEditor in 16,1261007 seconds
[2016.03.20-11.09.09:374][951]CompilerResultsLog: Info Performing 14 actions (4 in parallel)
[2016.03.20-11.09.09:374][951]CompilerResultsLog: Info [2/14] Resource PCLaunch.rc
[2016.03.20-11.09.09:374][951]CompilerResultsLog: Info [3/14] Resource ModuleVersionResource.rc.inl
[2016.03.20-11.09.09:374][951]CompilerResultsLog: Info PCH.TheBeginning.h.cpp
[2016.03.20-11.09.09:374][951]CompilerResultsLog: Info Avatar.cpp
[2016.03.20-11.09.09:374][951]CompilerResultsLog: Info MeleeWeapon.cpp
[2016.03.20-11.09.09:374][951]CompilerResultsLog: Info FirstPersonProjectile.cpp
[2016.03.20-11.09.09:374][951]CompilerResultsLog: Info Monster.cpp
[2016.03.20-11.09.09:374][951]CompilerResultsLog: Info MyHUD.cpp
[2016.03.20-11.09.09:374][951]CompilerResultsLog: Info NPC.cpp
[2016.03.20-11.09.09:374][951]CompilerResultsLog: Info PickUpItem.cpp
[2016.03.20-11.09.09:374][951]CompilerResultsLog: Info TheBeginning.cpp
[2016.03.20-11.09.09:374][951]CompilerResultsLog: Info TheBeginningGameMode.cpp
[2016.03.20-11.09.09:374][951]CompilerResultsLog: Info TheBeginning.generated.cpp
[2016.03.20-11.09.09:374][951]CompilerResultsLog: Info [14/14] Link UE4Editor-TheBeginning-4637.dll
[2016.03.20-11.09.09:374][951]CompilerResultsLog: Info    Creating library C:\Users\CaptainAmerica\Desktop\Uni\GE_Project - Kopie\Intermediate/Build/Win64\UE4Editor\Development\UE4Editor-TheBeginning-4637.lib and object C:\Users\CaptainAmerica\Desktop\Uni\GE_Project - Kopie\Intermediate/Build/Win64\UE4Editor\Development\UE4Editor-TheBeginning-4637.exp
[2016.03.20-11.09.09:374][951]CompilerResultsLog: Info -------- End Detailed Actions Stats -----------------------------------------------------------
[2016.03.20-11.09.09:374][951]CompilerResultsLog: Info Total build time: 117,00 seconds
[2016.03.20-11.09.09:374][951]LogMainFrame: MainFrame: Module compiling took 117.072 seconds
[2016.03.20-11.09.09:374][951]LogActorComponent: UnregisterComponent: (/Engine/Transient.CharMoveComp) Not registered. Aborting.
[2016.03.20-11.09.09:375][951]LogActorComponent: UnregisterComponent: (/Engine/Transient.CharacterMovementComponent_4) Not registered. Aborting.
[2016.03.20-11.09.09:449][951]LogClass: Could not find existing class Avatar in package /Script/TheBeginning for HotReload, assuming new class
[2016.03.20-11.09.09:449][951]LogClass: Could not find existing class FirstPersonProjectile in package /Script/TheBeginning for HotReload, assuming new class
[2016.03.20-11.09.09:449][951]LogClass: Function OnHit is new.
[2016.03.20-11.09.09:449][951]LogClass: Could not find existing class MeleeWeapon in package /Script/TheBeginning for HotReload, assuming new class
[2016.03.20-11.09.09:449][951]LogClass: Function Prox is new.
[2016.03.20-11.09.09:470][951]LogHotReload: Re-instancing Avatar after hot-reload.
[2016.03.20-11.09.09:641][951]LogHotReload: Re-instancing NPC after hot-reload.
[2016.03.20-11.09.09:817][951]LogContentBrowser: Native class hierarchy updated for 'TheBeginning' in 0.0020 seconds. Added 8 classes and 2 folders.
[2016.03.20-11.09.09:821][951]Warning: HotReload successful (2 functions remapped  0 scriptstructs remapped)
[2016.03.20-11.09.10:625][951]LogContentBrowser: Native class hierarchy populated in 0.0135 seconds. Added 1876 classes and 337 folders.
[2016.03.20-11.09.19:773][473]LogPlayLevel: PlayLevel: No blueprints needed recompiling
[2016.03.20-11.09.19:773][473]PIE: New page: PIE session: MyFirstLevel (Mar 20, 2016, 1:09:19 PM)
[2016.03.20-11.09.19:773][473]LogPlayLevel: Creating play world package: /Game/UEDPIE_0_MyFirstLevel
[2016.03.20-11.09.19:825][473]LogPlayLevel: PIE: StaticDuplicateObject took: (0.052167s)
[2016.03.20-11.09.19:826][473]LogAIModule: Creating AISystem for world MyFirstLevel
[2016.03.20-11.09.19:826][473]LogPlayLevel: PIE: World Init took: (0.000907s)
[2016.03.20-11.09.19:826][473]LogPlayLevel: PIE: Created PIE world by copying editor world from /Game/MyFirstLevel.MyFirstLevel to /Game/UEDPIE_0_MyFirstLevel.MyFirstLevel (0.053345s)
[2016.03.20-11.09.19:826][473]LogActorComponent: UnregisterComponent: (/Engine/Transient.CharMoveComp) Not registered. Aborting.
[2016.03.20-11.09.19:904][473]LogInit: XAudio2 using 'Lautsprecher (Realtek High Definition Audio)' : 2 channels at 48 kHz using 32 bits per sample (channel mask 0x3)
[2016.03.20-11.09.19:918][473]LogInit: FAudioDevice initialized.
[2016.03.20-11.09.19:957][473]LogWorld: Game class is 'BP_TheBeginningGameMode_C'
[2016.03.20-11.09.37:570][473]LogOutputDevice: === Handled error: ===

Ensure condition failed: false [File:D:\BuildFarm\buildmachine_++depot+UE4-Releases+4.9\Engine\Source\Runtime\Engine\Private\Components\SceneComponent.cpp] [Line: 1200]
Template Mismatch during attachment. Attaching instanced component to template component. Parent 'CollisionCylinder' Self 'Proximity Sphere'
Stack: 
UE4Editor-Core.dll!FWindowsPlatformStackWalk::StackWalkAndDump() [d:\buildfarm\buildmachine_++depot+ue4-releases+4.9\engine\source\runtime\core\private\windows\windowsplatformstackwalk.cpp:175]
UE4Editor-Core.dll!FDebug::EnsureFailed() [d:\buildfarm\buildmachine_++depot+ue4-releases+4.9\engine\source\runtime\core\private\misc\outputdevice.cpp:258]
UE4Editor-Core.dll!FDebug::OptionallyLogFormattedEnsureMessageReturningFalse() [d:\buildfarm\buildmachine_++depot+ue4-releases+4.9\engine\source\runtime\core\private\misc\outputdevice.cpp:368]
UE4Editor-Engine.dll!USceneComponent::AttachTo() [d:\buildfarm\buildmachine_++depot+ue4-releases+4.9\engine\source\runtime\engine\private\components\scenecomponent.cpp:1200]
UE4Editor-Engine.dll!USceneComponent::OnRegister() [d:\buildfarm\buildmachine_++depot+ue4-releases+4.9\engine\source\runtime\engine\private\components\scenecomponent.cpp:370]
UE4Editor-Engine.dll!UPrimitiveComponent::OnRegister() [d:\buildfarm\buildmachine_++depot+ue4-releases+4.9\engine\source\runtime\engine\private\components\primitivecomponent.cpp:389]
UE4Editor-Engine.dll!UActorComponent::ExecuteRegisterEvents() [d:\buildfarm\buildmachine_++depot+ue4-releases+4.9\engine\source\runtime\engine\private\components\actorcomponent.cpp:1040]
UE4Editor-Engine.dll!UActorComponent::RegisterComponentWithWorld() [d:\buildfarm\buildmachine_++depot+ue4-releases+4.9\engine\source\runtime\engine\private\components\actorcomponent.cpp:825]
UE4Editor-Engine.dll!AActor::IncrementalRegisterComponents() [d:\buildfarm\buildmachine_++depot+ue4-releases+4.9\engine\source\runtime\engine\private\actor.cpp:3656]
UE4Editor-Engine.dll!ULevel::IncrementalUpdateComponents() [d:\buildfarm\buildmachine_++depot+ue4-releases+4.9\engine\source\runtime\engine\private\level.cpp:755]
UE4Editor-Engine.dll!UWorld::UpdateWorldComponents() [d:\buildfarm\buildmachine_++depot+ue4-releases+4.9\engine\source\runtime\engine\private\world.cpp:1290]
UE4Editor-Engine.dll!UWorld::InitializeActorsForPlay() [d:\buildfarm\buildmachine_++depot+ue4-releases+4.9\engine\source\runtime\engine\private\world.cpp:2939]
UE4Editor-Engine.dll!UGameInstance::StartPIEGameInstance() [d:\buildfarm\buildmachine_++depot+ue4-releases+4.9\engine\source\runtime\engine\private\gameinstance.cpp:250]
UE4Editor-UnrealEd.dll!UEditorEngine::CreatePIEGameInstance() [d:\buildfarm\buildmachine_++depot+ue4-releases+4.9\engine\source\editor\unrealed\private\playlevel.cpp:3137]
UE4Editor-UnrealEd.dll!UEditorEngine::PlayInEditor() [d:\buildfarm\buildmachine_++depot+ue4-releases+4.9\engine\source\editor\unrealed\private\playlevel.cpp:2385]
UE4Editor-UnrealEd.dll!UEditorEngine::StartQueuedPlayMapRequest() [d:\buildfarm\buildmachine_++depot+ue4-releases+4.9\engine\source\editor\unrealed\private\playlevel.cpp:1066]
UE4Editor-UnrealEd.dll!UEditorEngine::Tick() [d:\buildfarm\buildmachine_++depot+ue4-releases+4.9\engine\source\editor\unrealed\private\editorengine.cpp:1244]
UE4Editor-UnrealEd.dll!UUnrealEdEngine::Tick() [d:\buildfarm\buildmachine_++depot+ue4-releases+4.9\engine\source\editor\unrealed\private\unrealedengine.cpp:366]
UE4Editor.exe!FEngineLoop::Tick() [d:\buildfarm\buildmachine_++depot+ue4-releases+4.9\engine\source\runtime\launch\private\launchengineloop.cpp:2428]
UE4Editor.exe!GuardedMain() [d:\buildfarm\buildmachine_++depot+ue4-releases+4.9\engine\source\runtime\launch\private\launch.cpp:142]
UE4Editor.exe!GuardedMainWrapper() [d:\buildfarm\buildmachine_++depot+ue4-releases+4.9\engine\source\runtime\launch\private\windows\launchwindows.cpp:126]
UE4Editor.exe!WinMain() [d:\buildfarm\buildmachine_++depot+ue4-releases+4.9\engine\source\runtime\launch\private\windows\launchwindows.cpp:200]
UE4Editor.exe!__tmainCRTStartup() [f:\dd\vctools\crt\crtw32\dllstuff\crtexe.c:618]
KERNEL32.DLL
ntdll.dll
ntdll.dll

[2016.03.20-11.09.38:052][473]LogWorld: Bringing World /Game/UEDPIE_0_MyFirstLevel.MyFirstLevel up for play (max tick rate 3) at 2016.03.20-12.09.38
[2016.03.20-11.09.38:053][473]LogActor:Warning: GameSession /Game/UEDPIE_0_MyFirstLevel.MyFirstLevel:PersistentLevel.GameSession_1 has natively added scene component(s), but none of them were set as the actor's RootComponent - picking one arbitrarily
[2016.03.20-11.09.38:053][473]LogActor:Warning: GameNetworkManager /Game/UEDPIE_0_MyFirstLevel.MyFirstLevel:PersistentLevel.GameNetworkManager_1 has natively added scene component(s), but none of them were set as the actor's RootComponent - picking one arbitrarily
[2016.03.20-11.09.38:060][473]LogWorld: Bringing up level for play took: 18.100543
[2016.03.20-11.09.38:065][473]PIE: Info Play in editor start time for /Game/UEDPIE_0_MyFirstLevel 18.23
[2016.03.20-11.10.08:137][801]LogRenderer: Reallocating scene render targets to support 964x684 (Frame:11451).
[2016.03.20-11.10.31:552][176]LogActorComponent: UnregisterComponent: (/Engine/Transient.ProjectileComp) Not registered. Aborting.
[2016.03.20-11.10.31:609][176]LogParticles: Destroying 0 GPU particle simulations for FXSystem 0x000002AB053A2340
[2016.03.20-11.17.42:034][687]LogFileHelpers: Editor autosave (incl. sublevels) for '/Game/MyFirstLevel' took 0.093
[2016.03.20-11.17.42:040][687]OBJ SavePackage: Generating thumbnails for [1] asset(s) in package [/Game/BP_Avatar] ([1] browsable assets)...
[2016.03.20-11.17.42:080][687]OBJ SavePackage:     Rendered thumbnail for [Blueprint /Game/BP_Avatar.BP_Avatar]
[2016.03.20-11.17.42:080][687]OBJ SavePackage: Finished generating thumbnails for package [/Game/BP_Avatar]
[2016.03.20-11.17.42:080][687]Cmd: OBJ SAVEPACKAGE PACKAGE="/Game/BP_Avatar" FILE="../../../../../../Users/CaptainAmerica/Desktop/Uni/GE_Project - Kopie/Saved/Autosaves/Game/BP_Avatar_Auto1.uasset" SILENT=false AUTOSAVING=true
[2016.03.20-11.17.42:165][687]LogSavePackage: Save=49.123081ms
[2016.03.20-11.17.42:165][687]LogSavePackage: Moving '../../../../../../Users/CaptainAmerica/Desktop/Uni/GE_Project - Kopie/Saved/BP_Avatar_Auto1D8E9DBB74D76DE867F18EC9B5C107ACE.tmp' to '../../../../../../Users/CaptainAmerica/Desktop/Uni/GE_Project - Kopie/Saved/Autosaves/Game/BP_Avatar_Auto1.uasset'
[2016.03.20-11.17.42:167][687]LogSavePackage: Total save time: 82.527474ms
[2016.03.20-11.17.42:167][687]LogSavePackage:Warning: Finished SavePackage ../../../../../../Users/CaptainAmerica/Desktop/Uni/GE_Project - Kopie/Saved/Autosaves/Game/BP_Avatar_Auto1.uasset
[2016.03.20-11.17.42:167][687]LogFileHelpers: Auto-saving content packages took 0.132
[2016.03.20-11.57.48:183][261]LogActorComponent: UnregisterComponent: (/Engine/Transient.EditorFloorComp) Not registered. Aborting.
[2016.03.20-11.57.50:111][361]LogActorComponent: UnregisterComponent: (/Engine/Transient.CharMoveComp) Not registered. Aborting.
[2016.03.20-11.57.50:112][361]LogActorComponent: UnregisterComponent: (/Engine/Transient.CharacterMovementComponent_5) Not registered. Aborting.
[2016.03.20-11.57.50:112][361]LogActorComponent: UnregisterComponent: (/Engine/Transient.ProjectileComp) Not registered. Aborting.
[2016.03.20-11.57.50:165][361]LogParticles: Destroying 0 GPU particle simulations for FXSystem 0x000002AB25C939C0
[2016.03.20-11.57.51:855][361]LogWindowsTextInputMethodSystem:Display: IME system now deactivated.
[2016.03.20-11.57.52:269][362]Cmd: QUIT_EDITOR
[2016.03.20-11.57.53:449][362]LogExit: Preparing to exit.
[2016.03.20-11.57.54:198][362]LogExit: Editor shut down
[2016.03.20-11.57.54:201][362]LogExit: Transaction tracking system shut down
[2016.03.20-11.57.54:205][362]LogParticles: Destroying 0 GPU particle simulations for FXSystem 0x000002AB0FE4D300
[2016.03.20-11.57.54:207][362]LogParticles: Destroying 0 GPU particle simulations for FXSystem 0x000002AB0FE4D3A0
[2016.03.20-11.57.54:207][362]LogParticles: Destroying 0 GPU particle simulations for FXSystem 0x000002AB6CF6BB00
[2016.03.20-11.57.54:216][362]LogParticles: Destroying 0 GPU particle simulations for FXSystem 0x000002AB6E409300
[2016.03.20-11.57.54:226][362]LogParticles: Destroying 0 GPU particle simulations for FXSystem 0x000002AB0489F920
[2016.03.20-11.57.54:237][362]LogParticles: Destroying 0 GPU particle simulations for FXSystem 0x000002AB6D0649A0
[2016.03.20-11.57.54:656][362]LogExit: Object subsystem successfully closed.
[2016.03.20-11.57.54:699][362]LogD3D11RHI: Shutdown
[2016.03.20-11.57.54:699][362]LogD3D11RHI: CleanupD3DDevice
[2016.03.20-11.57.54:889][362]LogD3D11RHI: ~FD3D11DynamicRHI
[2016.03.20-11.57.54:919][362]LogModuleManager: Shutting down and abandoning module BlueprintGraph (199)
[2016.03.20-11.57.54:919][362]LogModuleManager: Shutting down and abandoning module CrashTracker (198)
[2016.03.20-11.57.54:919][362]LogModuleManager: Shutting down and abandoning module SceneOutliner (197)
[2016.03.20-11.57.54:919][362]LogModuleManager: Shutting down and abandoning module SuperSearch (196)
[2016.03.20-11.57.54:919][362]LogModuleManager: Shutting down and abandoning module WidgetCarousel (195)
[2016.03.20-11.57.54:919][362]LogModuleManager: Shutting down and abandoning module AddContentDialog (194)
[2016.03.20-11.57.54:932][362]LogModuleManager: Shutting down and abandoning module EditorWidgets (193)
[2016.03.20-11.57.54:932][362]LogModuleManager: Shutting down and abandoning module CollectionManager (192)
[2016.03.20-11.57.54:932][362]LogModuleManager: Shutting down and abandoning module StatsViewer (191)
[2016.03.20-11.57.54:932][362]LogModuleManager: Shutting down and abandoning module FoliageEdit (190)
[2016.03.20-11.57.54:932][362]LogModuleManager: Shutting down and abandoning module LandscapeEditor (189)
[2016.03.20-11.57.54:932][362]LogModuleManager: Shutting down and abandoning module ActorPickerMode (188)
[2016.03.20-11.57.54:932][362]LogModuleManager: Shutting down and abandoning module GeometryMode (187)
[2016.03.20-11.57.54:933][362]LogModuleManager: Shutting down and abandoning module TextureAlignMode (186)
[2016.03.20-11.57.54:933][362]LogModuleManager: Shutting down and abandoning module BspMode (185)
[2016.03.20-11.57.54:933][362]LogModuleManager: Shutting down and abandoning module PlacementMode (184)
[2016.03.20-11.57.54:933][362]LogModuleManager: Shutting down and abandoning module AutomationWorker (183)
[2016.03.20-11.57.54:933][362]LogModuleManager: Shutting down and abandoning module CharacterAI (182)
[2016.03.20-11.57.54:933][362]LogModuleManager: Shutting down and abandoning module SmartSnapping (181)
[2016.03.20-11.57.54:933][362]LogModuleManager: Shutting down and abandoning module ViewportSnapping (180)
[2016.03.20-11.57.54:933][362]LogModuleManager: Shutting down and abandoning module LogVisualizer (179)
[2016.03.20-11.57.54:933][362]LogModuleManager: Shutting down and abandoning module GameProjectGeneration (178)
[2016.03.20-11.57.54:933][362]LogModuleManager: Shutting down and abandoning module IntroTutorials (177)
[2016.03.20-11.57.54:933][362]LogModuleManager: Shutting down and abandoning module EditorLiveStreaming (176)
[2016.03.20-11.57.54:933][362]LogModuleManager: Shutting down and abandoning module IOSPlatformEditor (175)
[2016.03.20-11.57.54:933][362]LogModuleManager: Shutting down and abandoning module HTML5PlatformEditor (174)
[2016.03.20-11.57.54:933][362]LogModuleManager: Shutting down and abandoning module AndroidDeviceDetection (173)
[2016.03.20-11.57.55:585][362]LogModuleManager: Shutting down and abandoning module AndroidPlatformEditor (172)
[2016.03.20-11.57.55:585][362]LogModuleManager: Shutting down and abandoning module IOSRuntimeSettings (171)
[2016.03.20-11.57.55:585][362]LogModuleManager: Shutting down and abandoning module AndroidRuntimeSettings (170)
[2016.03.20-11.57.55:585][362]LogModuleManager: Shutting down and abandoning module MergeActors (169)
[2016.03.20-11.57.55:585][362]LogModuleManager: Shutting down and abandoning module SizeMap (168)
[2016.03.20-11.57.55:585][362]LogModuleManager: Shutting down and abandoning module TreeMap (167)
[2016.03.20-11.57.55:585][362]LogModuleManager: Shutting down and abandoning module ReferenceViewer (166)
[2016.03.20-11.57.55:585][362]LogModuleManager: Shutting down and abandoning module LocalizationService (165)
[2016.03.20-11.57.55:585][362]LogModuleManager: Shutting down and abandoning module LocalizationDashboard (164)
[2016.03.20-11.57.55:585][362]LogModuleManager: Shutting down and abandoning module HardwareTargeting (163)
[2016.03.20-11.57.55:586][362]LogModuleManager: Shutting down and abandoning module DeviceProfileEditor (162)
[2016.03.20-11.57.55:586][362]LogModuleManager: Shutting down and abandoning module UndoHistory (161)
[2016.03.20-11.57.55:586][362]LogModuleManager: Shutting down and abandoning module GameplayTagsEditor (160)
[2016.03.20-11.57.55:586][362]LogModuleManager: Shutting down and abandoning module UserFeedback (159)
[2016.03.20-11.57.55:586][362]LogModuleManager: Shutting down and abandoning module XmlParser (158)
[2016.03.20-11.57.55:586][362]LogModuleManager: Shutting down and abandoning module Blutility (157)
[2016.03.20-11.57.55:586][362]LogModuleManager: Shutting down and abandoning module ProjectTargetPlatformEditor (156)
[2016.03.20-11.57.55:586][362]LogModuleManager: Shutting down and abandoning module ProjectSettingsViewer (155)
[2016.03.20-11.57.55:586][362]LogModuleManager: Shutting down and abandoning module InputBindingEditor (154)
[2016.03.20-11.57.55:587][362]LogModuleManager: Shutting down and abandoning module EditorSettingsViewer (153)
[2016.03.20-11.57.55:587][362]LogModuleManager: Shutting down and abandoning module SettingsEditor (152)
[2016.03.20-11.57.55:587][362]LogModuleManager: Shutting down and abandoning module ProjectLauncher (151)
[2016.03.20-11.57.55:587][362]LogModuleManager: Shutting down and abandoning module SessionFrontend (150)
[2016.03.20-11.57.55:587][362]LogModuleManager: Shutting down and abandoning module ProfilerClient (149)
[2016.03.20-11.57.55:587][362]LogModuleManager: Shutting down and abandoning module TargetDeviceServices (148)
[2016.03.20-11.57.55:587][362]LogModuleManager: Shutting down and abandoning module DeviceManager (147)
[2016.03.20-11.57.55:588][362]LogModuleManager: Shutting down and abandoning module AutomationController (146)
[2016.03.20-11.57.55:588][362]LogModuleManager: Shutting down and abandoning module AutomationWindow (145)
[2016.03.20-11.57.55:588][362]LogModuleManager: Shutting down and abandoning module Layers (144)
[2016.03.20-11.57.55:588][362]LogModuleManager: Shutting down and abandoning module ComponentVisualizers (143)
[2016.03.20-11.57.55:588][362]LogModuleManager: Shutting down and abandoning module DetailCustomizations (142)
[2016.03.20-11.57.55:588][362]LogModuleManager: Shutting down and abandoning module PackagesDialog (141)
[2016.03.20-11.57.55:588][362]LogModuleManager: Shutting down and abandoning module Persona (140)
[2016.03.20-11.57.55:589][362]LogModuleManager: Shutting down and abandoning module Kismet (139)
[2016.03.20-11.57.55:589][362]LogModuleManager: Shutting down and abandoning module GraphEditor (138)
[2016.03.20-11.57.55:589][362]LogModuleManager: Shutting down and abandoning module ClassViewer (137)
[2016.03.20-11.57.55:589][362]LogModuleManager: Shutting down and abandoning module Toolbox (136)
[2016.03.20-11.57.55:589][362]LogModuleManager: Shutting down and abandoning module ModuleUI (135)
[2016.03.20-11.57.55:589][362]LogModuleManager: Shutting down and abandoning module MovieSceneTools (134)
[2016.03.20-11.57.55:589][362]LogModuleManager: Shutting down and abandoning module OutputLog (133)
[2016.03.20-11.57.55:589][362]LogModuleManager: Shutting down and abandoning module GammaUI (132)
[2016.03.20-11.57.55:589][362]LogModuleManager: Shutting down and abandoning module Documentation (131)
[2016.03.20-11.57.55:589][362]LogModuleManager: Shutting down and abandoning module GameLiveStreaming (130)
[2016.03.20-11.57.55:589][362]LogModuleManager: Shutting down and abandoning module StreamingPauseRendering (129)
[2016.03.20-11.57.55:589][362]LogModuleManager: Shutting down and abandoning module AnalyticsET (128)
[2016.03.20-11.57.55:589][362]LogModuleManager: Shutting down and abandoning module Analytics (127)
[2016.03.20-11.57.55:589][362]LogModuleManager: Shutting down and abandoning module AITestSuite (126)
[2016.03.20-11.57.55:589][362]LogModuleManager: Shutting down and abandoning module GameplayDebugger (125)
[2016.03.20-11.57.55:590][362]LogModuleManager: Shutting down and abandoning module AIModule (124)
[2016.03.20-11.57.55:590][362]LogModuleManager: Shutting down and abandoning module ProfilerService (123)
[2016.03.20-11.57.55:703][362]LogModuleManager: Shutting down and abandoning module TaskGraph (122)
[2016.03.20-11.57.55:703][362]LogModuleManager: Shutting down and abandoning module SlateRemote (121)
[2016.03.20-11.57.55:704][362]LogModuleManager: Shutting down and abandoning module SteamVRController (120)
[2016.03.20-11.57.55:704][362]LogModuleManager: Shutting down and abandoning module SteamVR (119)
[2016.03.20-11.57.55:704][362]LogModuleManager: Shutting down and abandoning module ProceduralMeshComponent (118)
[2016.03.20-11.57.55:704][362]LogModuleManager: Shutting down and abandoning module OculusRift (117)
[2016.03.20-11.57.55:704][362]LogModuleManager: Shutting down and abandoning module OculusLibrary (116)
[2016.03.20-11.57.55:704][362]LogModuleManager: Shutting down and abandoning module LeapMotionController (115)
[2016.03.20-11.57.55:721][362]LogModuleManager: Shutting down and abandoning module CustomMeshComponent (114)
[2016.03.20-11.57.55:721][362]LogModuleManager: Shutting down and abandoning module CableComponent (113)
[2016.03.20-11.57.55:721][362]LogModuleManager: Shutting down and abandoning module ArchVisCharacter (112)
[2016.03.20-11.57.55:721][362]LogModuleManager: Shutting down and abandoning module MessagingDebugger (111)
[2016.03.20-11.57.55:721][362]LogModuleManager: Shutting down and abandoning module MediaPlayerEditor (110)
[2016.03.20-11.57.55:721][362]LogModuleManager: Shutting down and abandoning module HTML5Networking (109)
[2016.03.20-11.57.55:721][362]LogModuleManager: Shutting down and abandoning module SpeedTreeImporter (108)
[2016.03.20-11.57.55:721][362]LogModuleManager: Shutting down and abandoning module PluginBrowser (107)
[2016.03.20-11.57.55:721][362]LogModuleManager: Shutting down and abandoning module EpicSurvey (106)
[2016.03.20-11.57.55:721][362]LogModuleManager: Shutting down and abandoning module DesktopPlatform (105)
[2016.03.20-11.57.55:721][362]LogModuleManager: Shutting down and abandoning module VisualStudioSourceCodeAccess (104)
[2016.03.20-11.57.55:721][362]LogModuleManager: Shutting down and abandoning module UObjectPlugin (103)
[2016.03.20-11.57.55:721][362]LogModuleManager: Shutting down and abandoning module SubversionSourceControl (102)
[2016.03.20-11.57.55:721][362]LogModuleManager: Shutting down and abandoning module PerforceSourceControl (101)
[2016.03.20-11.57.55:721][362]LogModuleManager: Shutting down and abandoning module SourceControl (100)
[2016.03.20-11.57.55:721][362]LogModuleManager: Shutting down and abandoning module GitSourceControl (99)
[2016.03.20-11.57.55:722][362]LogModuleManager: Shutting down and abandoning module LightPropagationVolumeEditor (98)
[2016.03.20-11.57.55:722][362]LogModuleManager: Shutting down and abandoning module PaperTiledImporter (97)
[2016.03.20-11.57.55:722][362]LogModuleManager: Shutting down and abandoning module PaperSpriteSheetImporter (96)
[2016.03.20-11.57.55:722][362]LogModuleManager: Shutting down and abandoning module MeshPaint (95)
[2016.03.20-11.57.55:722][362]LogModuleManager: Shutting down and abandoning module SlateReflector (94)
[2016.03.20-11.57.55:722][362]LogModuleManager: Shutting down and abandoning module HotReload (93)
[2016.03.20-11.57.55:722][362]LogModuleManager: Shutting down and abandoning module MainFrame (92)
[2016.03.20-11.57.55:722][362]LogModuleManager: Shutting down and abandoning module LevelEditor (91)
[2016.03.20-11.57.55:724][362]LogModuleManager: Shutting down and abandoning module DirectoryWatcher (90)
[2016.03.20-11.57.55:736][362]LogModuleManager: Shutting down and abandoning module AssetRegistry (89)
[2016.03.20-11.57.55:841][362]LogModuleManager: Shutting down and abandoning module ContentBrowser (88)
[2016.03.20-11.57.55:844][362]LogModuleManager: Shutting down and abandoning module Paper2DEditor (87)
[2016.03.20-11.57.55:844][362]LogModuleManager: Shutting down and abandoning module TheBeginning (86)
[2016.03.20-11.57.55:844][362]LogModuleManager: Shutting down and abandoning module UdpMessaging (85)
[2016.03.20-11.57.55:945][362]LogModuleManager: Shutting down and abandoning module LightPropagationVolumeRuntime (84)
[2016.03.20-11.57.55:945][362]LogModuleManager: Shutting down and abandoning module Paper2D (83)
[2016.03.20-11.57.55:945][362]LogModuleManager: Shutting down and abandoning module WindowsMoviePlayer (82)
[2016.03.20-11.57.55:951][362]LogModuleManager: Shutting down and abandoning module Media (81)
[2016.03.20-11.57.55:952][362]LogModuleManager: Shutting down and abandoning module WmfMedia (80)
[2016.03.20-11.57.55:952][362]LogModuleManager: Shutting down and abandoning module OnlineBlueprintSupport (79)
[2016.03.20-11.57.55:952][362]LogModuleManager: Shutting down and abandoning module GameplayTasksEditor (78)
[2016.03.20-11.57.55:952][362]LogModuleManager: Shutting down and abandoning module PropertyEditor (77)
[2016.03.20-11.57.55:952][362]LogModuleManager: Shutting down and abandoning module BehaviorTreeEditor (76)
[2016.03.20-11.57.55:952][362]LogModuleManager: Shutting down and abandoning module FunctionalTesting (75)
[2016.03.20-11.57.55:952][362]LogModuleManager: Shutting down and abandoning module CollisionAnalyzer (74)
[2016.03.20-11.57.55:952][362]LogModuleManager: Shutting down and abandoning module WorkspaceMenuStructure (73)
[2016.03.20-11.57.55:952][362]LogModuleManager: Shutting down and abandoning module MessageLog (72)
[2016.03.20-11.57.55:952][362]LogModuleManager: Shutting down and abandoning module Sequencer (71)
[2016.03.20-11.57.55:952][362]LogModuleManager: Shutting down and abandoning module AssetTools (70)
[2016.03.20-11.57.55:953][362]LogModuleManager: Shutting down and abandoning module UMGEditor (69)
[2016.03.20-11.57.55:953][362]LogModuleManager: Shutting down and abandoning module UMG (68)
[2016.03.20-11.57.55:953][362]LogModuleManager: Shutting down and abandoning module Slate (67)
[2016.03.20-11.57.55:953][362]LogModuleManager: Shutting down and abandoning module EditorStyle (66)
[2016.03.20-11.57.55:957][362]LogModuleManager: Shutting down and abandoning module SessionServices (65)
[2016.03.20-11.57.55:957][362]LogModuleManager: Shutting down and abandoning module SourceCodeAccess (64)
[2016.03.20-11.57.55:957][362]LogModuleManager: Shutting down and abandoning module HeadMountedDisplay (63)
[2016.03.20-11.57.55:957][362]LogModuleManager: Shutting down and abandoning module XAudio2 (62)
[2016.03.20-11.57.55:957][362]LogModuleManager: Shutting down and abandoning module Networking (60)
[2016.03.20-11.57.55:957][362]LogModuleManager: Shutting down and abandoning module Core (59)
[2016.03.20-11.57.55:957][362]LogModuleManager: Shutting down and abandoning module KismetCompiler (58)
[2016.03.20-11.57.55:957][362]LogModuleManager: Shutting down and abandoning module PhysXFormats (57)
[2016.03.20-11.57.55:957][362]LogModuleManager: Shutting down and abandoning module MeshUtilities (56)
[2016.03.20-11.57.55:957][362]LogModuleManager: Shutting down and abandoning module CookingStats (55)
[2016.03.20-11.57.55:970][362]LogModuleManager: Shutting down and abandoning module DerivedDataCache (54)
[2016.03.20-11.57.56:048][362]LogDerivedDataCache: Shutdown
[2016.03.20-11.57.56:048][362]LogModuleManager: Shutting down and abandoning module ShaderFormatOpenGL (53)
[2016.03.20-11.57.56:048][362]LogModuleManager: Shutting down and abandoning module ShaderFormatD3D (52)
[2016.03.20-11.57.56:048][362]LogModuleManager: Shutting down and abandoning module MetalShaderFormat (51)
[2016.03.20-11.57.56:048][362]LogModuleManager: Shutting down and abandoning module TextureFormatUncompressed (50)
[2016.03.20-11.57.56:048][362]LogModuleManager: Shutting down and abandoning module TextureFormatPVR (49)
[2016.03.20-11.57.56:048][362]LogModuleManager: Shutting down and abandoning module TextureFormatIntelISPCTexComp (48)
[2016.03.20-11.57.56:048][362]LogModuleManager: Shutting down and abandoning module TextureFormatDXT (47)
[2016.03.20-11.57.56:048][362]LogModuleManager: Shutting down and abandoning module ImageWrapper (46)
[2016.03.20-11.57.56:049][362]LogModuleManager: Shutting down and abandoning module TextureFormatASTC (45)
[2016.03.20-11.57.56:049][362]LogModuleManager: Shutting down and abandoning module TextureFormatAndroid (44)
[2016.03.20-11.57.56:049][362]LogModuleManager: Shutting down and abandoning module AudioFormatOpus (43)
[2016.03.20-11.57.56:049][362]LogModuleManager: Shutting down and abandoning module AudioFormatOgg (42)
[2016.03.20-11.57.56:049][362]LogModuleManager: Shutting down and abandoning module AudioFormatADPCM (41)
[2016.03.20-11.57.56:049][362]LogModuleManager: Shutting down and abandoning module LinuxTargetPlatform (40)
[2016.03.20-11.57.56:049][362]LogModuleManager: Shutting down and abandoning module LinuxServerTargetPlatform (39)
[2016.03.20-11.57.56:049][362]LogModuleManager: Shutting down and abandoning module LinuxNoEditorTargetPlatform (38)
[2016.03.20-11.57.56:049][362]LogModuleManager: Shutting down and abandoning module Messaging (37)
[2016.03.20-11.57.56:049][362]LogModuleManager: Shutting down and abandoning module IOSTargetPlatform (36)
[2016.03.20-11.57.56:049][362]LogModuleManager: Shutting down and abandoning module HTML5TargetPlatform (35)
[2016.03.20-11.57.56:049][362]LogModuleManager: Shutting down and abandoning module Android_PVRTCTargetPlatform (34)
[2016.03.20-11.57.56:049][362]LogModuleManager: Shutting down and abandoning module Android_ETC2TargetPlatform (33)
[2016.03.20-11.57.56:049][362]LogModuleManager: Shutting down and abandoning module Android_ETC1TargetPlatform (32)
[2016.03.20-11.57.56:049][362]LogModuleManager: Shutting down and abandoning module Android_DXTTargetPlatform (31)
[2016.03.20-11.57.56:049][362]LogModuleManager: Shutting down and abandoning module Android_ATCTargetPlatform (30)
[2016.03.20-11.57.56:049][362]LogModuleManager: Shutting down and abandoning module Android_ASTCTargetPlatform (29)
[2016.03.20-11.57.56:049][362]LogModuleManager: Shutting down and abandoning module AndroidTargetPlatform (28)
[2016.03.20-11.57.56:049][362]LogModuleManager: Shutting down and abandoning module WindowsTargetPlatform (27)
[2016.03.20-11.57.56:050][362]LogModuleManager: Shutting down and abandoning module WindowsServerTargetPlatform (26)
[2016.03.20-11.57.56:050][362]LogModuleManager: Shutting down and abandoning module WindowsNoEditorTargetPlatform (25)
[2016.03.20-11.57.56:050][362]LogModuleManager: Shutting down and abandoning module WindowsClientTargetPlatform (24)
[2016.03.20-11.57.56:050][362]LogModuleManager: Shutting down and abandoning module AllDesktopTargetPlatform (23)
[2016.03.20-11.57.56:050][362]LogModuleManager: Shutting down and abandoning module TargetPlatform (22)
[2016.03.20-11.57.56:050][362]LogModuleManager: Shutting down and abandoning module InputCore (21)
[2016.03.20-11.57.56:050][362]LogModuleManager: Shutting down and abandoning module Settings (20)
[2016.03.20-11.57.56:050][362]LogModuleManager: Shutting down and abandoning module OnlineSubsystem (18)
[2016.03.20-11.57.56:050][362]LogModuleManager: Shutting down and abandoning module HTTP (17)
[2016.03.20-11.57.57:052][362]LogModuleManager: Shutting down and abandoning module XMPP (16)
[2016.03.20-11.57.57:052][362]LogModuleManager: Shutting down and abandoning module ExampleDeviceProfileSelector (15)
[2016.03.20-11.57.57:052][362]LogModuleManager: Shutting down and abandoning module TextureCompressor (14)
[2016.03.20-11.57.57:052][362]LogModuleManager: Shutting down and abandoning module ShaderCore (13)
[2016.03.20-11.57.57:052][362]LogModuleManager: Shutting down and abandoning module Landscape (12)
[2016.03.20-11.57.57:052][362]LogModuleManager: Shutting down and abandoning module SlateRHIRenderer (11)
[2016.03.20-11.57.57:070][362]LogModuleManager: Shutting down and abandoning module OpenGLDrv (10)
[2016.03.20-11.57.57:070][362]LogModuleManager: Shutting down and abandoning module D3D11RHI (9)
[2016.03.20-11.57.57:070][362]LogModuleManager: Shutting down and abandoning module AnimGraphRuntime (8)
[2016.03.20-11.57.57:070][362]LogModuleManager: Shutting down and abandoning module Renderer (7)
[2016.03.20-11.57.57:070][362]LogModuleManager: Shutting down and abandoning module Engine (6)
[2016.03.20-11.57.57:070][362]LogModuleManager: Shutting down and abandoning module CoreUObject (5)
[2016.03.20-11.57.57:070][362]LogModuleManager: Shutting down and abandoning module NetworkFile (4)
[2016.03.20-11.57.57:070][362]LogModuleManager: Shutting down and abandoning module StreamingFile (3)
[2016.03.20-11.57.57:070][362]LogModuleManager: Shutting down and abandoning module SandboxFile (2)
[2016.03.20-11.57.57:070][362]LogModuleManager: Shutting down and abandoning module PakFile (1)
[2016.03.20-11.57.57:072][362]LogExit: Exiting.
[2016.03.20-11.57.57:125][362]Log file closed, 03/20/16 12:57:57
