[2016.03.24-13.54.30:799][  0]Log file open, 03/24/16 14:54:30
[2016.03.24-13.54.30:799][  0]LogInit:Display: Running engine for game: TheBeginning
[2016.03.24-13.54.30:799][  0]LogInit:Display: RandInit(-1659096691) SRandInit(-1659096691).
[2016.03.24-13.54.30:799][  0]LogTaskGraph: Started task graph with 4 named threads and 7 total threads.
[2016.03.24-13.54.30:799][  0]LogStats: Stats thread started at 0.064554
[2016.03.24-13.54.30:799][  0]LogInit: Version: 4.9.2-2707645+++depot+UE4-Releases+4.9
[2016.03.24-13.54.30:799][  0]LogInit: API Version: 2672455
[2016.03.24-13.54.30:799][  0]LogInit: Compiled (64-bit): Sep 28 2015 10:25:44
[2016.03.24-13.54.30:799][  0]LogInit: Compiled with Visual C++: 18.00.21005.01
[2016.03.24-13.54.30:799][  0]LogInit: Build Configuration: Development
[2016.03.24-13.54.30:799][  0]LogInit: Branch Name: ++depot+UE4-Releases+4.9
[2016.03.24-13.54.30:799][  0]LogInit: Command line:  
[2016.03.24-13.54.30:799][  0]LogInit: Base directory: D:/Programme/Epic Games/4.9/Engine/Binaries/Win64/
[2016.03.24-13.54.30:799][  0]LogInit: Rocket: 1
[2016.03.24-13.54.30:806][  0]LogInit: Using libcurl 7.41.0
[2016.03.24-13.54.30:806][  0]LogInit:  - built for x86_64-pc-win32
[2016.03.24-13.54.30:806][  0]LogInit:  - supports SSL with WinSSL
[2016.03.24-13.54.30:806][  0]LogInit:  - other features:
[2016.03.24-13.54.30:806][  0]LogInit:      CURL_VERSION_SSL
[2016.03.24-13.54.30:806][  0]LogInit:      CURL_VERSION_IPV6
[2016.03.24-13.54.30:806][  0]LogInit:      CURL_VERSION_ASYNCHDNS
[2016.03.24-13.54.30:806][  0]LogInit:      CURL_VERSION_LARGEFILE
[2016.03.24-13.54.30:806][  0]LogInit:      CURL_VERSION_IDN
[2016.03.24-13.54.30:806][  0]LogInit:  CurlRequestOptions (configurable via config and command line):
[2016.03.24-13.54.30:806][  0]LogInit:  - bVerifyPeer = true  - Libcurl will verify peer certificate
[2016.03.24-13.54.30:806][  0]LogInit:  - bUseHttpProxy = false  - Libcurl will NOT use HTTP proxy
[2016.03.24-13.54.30:806][  0]LogInit:  - bDontReuseConnections = false  - Libcurl will reuse connections
[2016.03.24-13.54.30:806][  0]LogInit:  - CertBundlePath = nullptr  - Libcurl will use whatever was configured at build time.
[2016.03.24-13.54.30:810][  0]LogInit: Presizing for 0 objects not considered by GC, pre-allocating 0 bytes.
[2016.03.24-13.54.30:817][  0]LogInit: Object subsystem initialized
[2016.03.24-13.54.30:819][  0]LogInit: Selected Device Profile: [Windows]
[2016.03.24-13.54.30:819][  0]LogInit: Applying CVar settings loaded from the selected device profile: [Windows]
[2016.03.24-13.54.30:827][  0]LogInit: Computer: PC1021500895
[2016.03.24-13.54.30:827][  0]LogInit: User: VR
[2016.03.24-13.54.30:827][  0]LogInit: CPU Page size=4096, Cores=4
[2016.03.24-13.54.30:827][  0]LogInit: High frequency timer resolution =3.507506 MHz
[2016.03.24-13.54.30:827][  0]LogMemory: Memory total: Physical=15.9GB (16GB approx)
[2016.03.24-13.54.30:827][  0]LogMemory: Platform Memory Stats for Windows
[2016.03.24-13.54.30:827][  0]LogMemory: Process Physical Memory: 53.22 MB used, 53.22 MB peak
[2016.03.24-13.54.30:827][  0]LogMemory: Process Virtual Memory: 55.18 MB used, 55.18 MB peak
[2016.03.24-13.54.30:827][  0]LogMemory: Physical Memory: 3143.01 MB used, 16261.17 MB total
[2016.03.24-13.54.30:827][  0]LogMemory: Virtual Memory: 346.75 MB used, 134217728.00 MB total
[2016.03.24-13.54.30:852][  0]LogTextLocalizationManager: No translations for ('de-DE') exist, falling back to 'en' for localization and internationalization data.
[2016.03.24-13.54.31:503][  0]LogD3D11RHI: Found D3D11 adapter 0: NVIDIA GeForce GTX 970 (Feature Level 11_0)
[2016.03.24-13.54.31:503][  0]LogD3D11RHI: Adapter has 3976MB of dedicated video memory, 0MB of dedicated system memory, and 8130MB of shared system memory, 1 output[s]
[2016.03.24-13.54.31:504][  0]LogD3D11RHI: Found D3D11 adapter 1: Microsoft Basic Render Driver (Feature Level 11_0)
[2016.03.24-13.54.31:504][  0]LogD3D11RHI: Adapter has 0MB of dedicated video memory, 0MB of dedicated system memory, and 256MB of shared system memory, 0 output[s]
[2016.03.24-13.54.31:504][  0]LogD3D11RHI: Chosen D3D11 Adapter Id = 0
[2016.03.24-13.54.31:507][  0]LogD3D11RHI: !Direct3DDevice
[2016.03.24-13.54.31:507][  0]LogRHI: Texture pool is 1361 MB (70% of 1945 MB)
[2016.03.24-13.54.31:516][  0]LogD3D11RHI: Async texture creation enabled
[2016.03.24-13.54.31:531][  0]LogShaderCompilers: Guid format shader working directory is 15 characters bigger than the processId version (../../../../../../UnrealProjects/GE_Project/Intermediate/Shaders/WorkingDirectory/8356/).
[2016.03.24-13.54.31:531][  0]LogShaderCompilers: Cleaned the shader compiler working directory '../../../../../../UnrealProjects/GE_Project/Intermediate/Shaders/tmp/D112F2CA49807D0824F56CA7B8B81890/'.
[2016.03.24-13.54.31:531][  0]LogShaderCompilers:Display: Using Local Shader Compiler.
[2016.03.24-13.54.32:327][  0]LogTemp:Display: Loaded TP AllDesktopTargetPlatform
[2016.03.24-13.54.32:330][  0]LogTemp:Display: Loaded TP WindowsClientTargetPlatform
[2016.03.24-13.54.32:334][  0]LogTemp:Display: Loaded TP WindowsNoEditorTargetPlatform
[2016.03.24-13.54.32:337][  0]LogTemp:Display: Loaded TP WindowsServerTargetPlatform
[2016.03.24-13.54.32:340][  0]LogTemp:Display: Loaded TP WindowsTargetPlatform
[2016.03.24-13.54.32:342][  0]LogTemp:Display: Loaded TP AndroidTargetPlatform
[2016.03.24-13.54.32:344][  0]LogTemp:Display: Loaded TP Android_ASTCTargetPlatform
[2016.03.24-13.54.32:346][  0]LogTemp:Display: Loaded TP Android_ATCTargetPlatform
[2016.03.24-13.54.32:349][  0]LogTemp:Display: Loaded TP Android_DXTTargetPlatform
[2016.03.24-13.54.32:351][  0]LogTemp:Display: Loaded TP Android_ETC1TargetPlatform
[2016.03.24-13.54.32:353][  0]LogTemp:Display: Loaded TP Android_ETC2TargetPlatform
[2016.03.24-13.54.32:356][  0]LogTemp:Display: Loaded TP Android_PVRTCTargetPlatform
[2016.03.24-13.54.32:356][  0]LogTemp:Display: Loaded TP HTML5TargetPlatform
[2016.03.24-13.54.32:371][  0]LogTemp:Display: Loaded TP IOSTargetPlatform
[2016.03.24-13.54.32:373][  0]LogTemp:Display: Loaded TP LinuxNoEditorTargetPlatform
[2016.03.24-13.54.32:375][  0]LogTemp:Display: Loaded TP LinuxServerTargetPlatform
[2016.03.24-13.54.32:378][  0]LogTemp:Display: Loaded TP LinuxTargetPlatform
[2016.03.24-13.54.32:378][  0]LogTargetPlatformManager:Display: Building Assets For Windows
[2016.03.24-13.54.32:429][  0]LogDerivedDataCache:Display: Max Cache Size: 512 MB
[2016.03.24-13.54.32:467][  0]LogDerivedDataCache: Loaded boot cache 0.04s 41MB C:/Users/VR/AppData/Local/UnrealEngine/4.9/DerivedDataCache/Boot.ddc.
[2016.03.24-13.54.32:467][  0]LogDerivedDataCache:Display: Loaded Boot cache: C:/Users/VR/AppData/Local/UnrealEngine/4.9/DerivedDataCache/Boot.ddc
[2016.03.24-13.54.32:467][  0]LogDerivedDataCache: FDerivedDataBackendGraph:  Pak pak cache file ../../../../../../UnrealProjects/GE_Project/DerivedDataCache/DDC.ddp not found, will not use a pak cache.
[2016.03.24-13.54.32:467][  0]LogDerivedDataCache: Unable to find inner node Pak for hierarchical cache Hierarchy.
[2016.03.24-13.54.32:467][  0]LogDerivedDataCache: FDerivedDataBackendGraph:  CompressedPak pak cache file ../../../../../../UnrealProjects/GE_Project/DerivedDataCache/Compressed.ddp not found, will not use a pak cache.
[2016.03.24-13.54.32:467][  0]LogDerivedDataCache: Unable to find inner node CompressedPak for hierarchical cache Hierarchy.
[2016.03.24-13.54.32:587][  0]LogDerivedDataCache:Display: Pak cache opened for reading ../../../Engine/DerivedDataCache/Compressed.ddp.
[2016.03.24-13.54.32:599][  0]LogDerivedDataCache: Using Local data cache path C:/Users/VR/AppData/Local/UnrealEngine/Common/DerivedDataCache: Writable
[2016.03.24-13.54.32:742][  0]LogInit: Selected Device Profile: [Windows]
[2016.03.24-13.54.32:744][  0]LogContentStreaming: Texture pool size is 0.000000MB
[2016.03.24-13.54.32:838][  0]LogMeshUtilities: No automatic mesh reduction module available
[2016.03.24-13.54.32:838][  0]LogMeshUtilities: No automatic mesh merging module available
[2016.03.24-13.54.33:011][  0]LogInit: WinSock: version 1.1 (2.2), MaxSocks=32767, MaxUdp=65467
[2016.03.24-13.54.33:532][  0]UdpMessaging: Initializing bridge on interface 0.0.0.0:0 to multicast group 230.0.0.1:6666.
[2016.03.24-13.54.33:623][  0]LogAssetRegistry: FAssetRegistry took 0.0106 seconds to start up
[2016.03.24-13.54.33:747][  0]SourceControl: Info Source control is disabled
[2016.03.24-13.54.33:754][  0]SourceControl: Info Source control is disabled
[2016.03.24-13.54.33:759][  0]SourceControl: Info Source control is disabled
[2016.03.24-13.54.33:767][  0]SourceControl: Info Source control is disabled
[2016.03.24-13.54.33:854][  0]LogLinker:Warning: Asset '../../../Engine/Plugins/Runtime/LeapMotionController/Content/LM_PassthroughMaterial.uasset' has been saved with empty engine version. The asset will be loaded but may be incompatible.
[2016.03.24-13.54.33:900][  0]LeapPluginLog: Using LeapPlugin version 0.9.6
[2016.03.24-13.54.33:904][  0]LogObj: 29068 objects as part of root set at end of initial load.
[2016.03.24-13.54.33:904][  0]LogUObjectAllocator: 6193688 out of 0 bytes used by permanent object pool.
[2016.03.24-13.54.33:949][  0]LogEngine: Initializing Engine...
[2016.03.24-13.54.33:950][  0]LogHMD: Can't find Oculus library dev build: is proper Runtime installed? Version: 0.7.0.0
[2016.03.24-13.54.34:214][  0]LogHMD: SteamVR initialized.  Driver: oculus  Display: 207KGV03FJGR
[2016.03.24-13.54.34:317][  0]LogAIModule: Creating AISystem for world NewWorld
[2016.03.24-13.54.34:329][  0]LogInit: XAudio2 using 'HP E221c-8 (NVIDIA High Definition Audio)' : 2 channels at 48 kHz using 16 bits per sample (channel mask 0x3)
[2016.03.24-13.54.34:348][  0]LogInit: FAudioDevice initialized.
[2016.03.24-13.54.34:366][  0]LogDerivedDataCache: Saved boot cache 0.02s 41MB C:/Users/VR/AppData/Local/UnrealEngine/4.9/DerivedDataCache/Boot.ddc.
[2016.03.24-13.54.34:370][  0]LogInit: Texture streaming: Enabled
[2016.03.24-13.54.34:373][  0]LogAnalytics: Creating configured Analytics provider AnalyticsET
[2016.03.24-13.54.34:373][  0]LogAnalytics: [UEEditor.Rocket.Release] APIServer = http://et2.epicgames.com/ET2/. AppVersion = 4.9.2-2707645+++depot+UE4-Releases+4.9
[2016.03.24-13.54.34:373][  0]LogAnalytics: [UEEditor.Rocket.Release] SetUserId 8c1436b7469470d4e6ebefb46ce7086e|0318ce7eb266467aa7a1e63543527494|c39e7128-8a93-45bc-b94e-b28d0faf1958
[2016.03.24-13.54.34:373][  0]LogAnalytics: [UEEditor.Rocket.Release] AnalyticsET::StartSession
[2016.03.24-13.54.34:380][  0]LogWindowsTextInputMethodSystem:Display: IME system now deactivated.
[2016.03.24-13.54.34:390][  0]LogInit: Transaction tracking system initialized
[2016.03.24-13.54.34:404][  0]BlueprintLog: New page: Editor Load
[2016.03.24-13.54.34:455][  0]LocalizationService: Info Localization service is disabled
[2016.03.24-13.54.34:500][  0]LogLinker:Warning: Can't find file '/Game/FirstPersonBP/FirstPersonOverview'
[2016.03.24-13.54.34:500][  0]LogLinker:Warning: Can't find file '/Game/FirstPersonBP/FirstPersonOverview'
[2016.03.24-13.54.34:500][  0]LogUObjectGlobals:Warning: Failed to find object 'Class /Game/FirstPersonBP/FirstPersonOverview.FirstPersonOverview_C'
[2016.03.24-13.54.34:507][  0]LogConsoleResponse:Display: 
[2016.03.24-13.54.34:602][  0]LogCook:Display: Done creating registry. It took  0.00s.
[2016.03.24-13.54.34:640][  0]LogFileCache: Scanning file cache for directory 'D:/UnrealProjects/GE_Project/Content/' took 0.01s
[2016.03.24-13.54.34:640][  0]SourceControl: Info Source control is disabled
[2016.03.24-13.54.34:640][  0]Cmd: MAP LOAD FILE="../../../../../../UnrealProjects/GE_Project/Content/StarterContent/Maps/Minimal_Default.umap" TEMPLATE=0 SHOWPROGRESS=1 FEATURELEVEL=3
[2016.03.24-13.54.34:640][  0]LightingResults: New page: Lighting Build
[2016.03.24-13.54.34:642][  0]MapCheck: New page: Map Check
[2016.03.24-13.54.34:642][  0]LightingResults: New page: Lighting Build
[2016.03.24-13.54.34:652][  0]LogParticles: Destroying 0 GPU particle simulations for FXSystem 0x000000FE131B63E0
[2016.03.24-13.54.34:982][  0]LogAIModule: Creating AISystem for world Minimal_Default
[2016.03.24-13.54.34:987][  0]LogEditorServer: Finished looking for orphan Actors (0.000 secs)
[2016.03.24-13.54.34:988][  0]Cmd: MAP CHECKDEP NOCLEARLOG
[2016.03.24-13.54.35:029][  0]MapCheck: Info Map check complete: 0 Error(s), 0 Warning(s), took 39.845ms to complete.
[2016.03.24-13.54.35:029][  0]LogFileHelpers: Loading map 'Minimal_Default' took 0.388
[2016.03.24-13.54.35:129][  0]LogCollectionManager: Loaded 0 collections in 0.000959 seconds
[2016.03.24-13.54.35:171][  0]LogFileCache: Scanning file cache for directory 'D:/UnrealProjects/GE_Project/Saved/Collections/' took 0.01s
[2016.03.24-13.54.35:171][  0]LogFileCache: Scanning file cache for directory 'D:/UnrealProjects/GE_Project/Content/Developers/VR/Collections/' took 0.01s
[2016.03.24-13.54.35:171][  0]LogFileCache: Scanning file cache for directory 'D:/UnrealProjects/GE_Project/Content/Collections/' took 0.01s
[2016.03.24-13.54.35:171][  0]LogContentBrowser: Native class hierarchy populated in 0.0083 seconds. Added 1901 classes and 339 folders.
[2016.03.24-13.54.35:174][  0]LogCollectionManager: Rebuilt the GUID cache for 0 collections in 0.000002 seconds
[2016.03.24-13.54.35:183][  0]LogContentBrowser: Native class hierarchy updated for 'WidgetCarousel' in 0.0010 seconds. Added 0 classes and 0 folders.
[2016.03.24-13.54.35:211][  0]LogContentBrowser: Native class hierarchy updated for 'AddContentDialog' in 0.0008 seconds. Added 0 classes and 0 folders.
[2016.03.24-13.54.35:215][  0]LogContentBrowser: Native class hierarchy updated for 'SceneOutliner' in 0.0010 seconds. Added 1 classes and 2 folders.
[2016.03.24-13.54.35:261][  0]LogCrashTracker: Crashtracker disabled due to settings.
[2016.03.24-13.54.35:264][  0]LogUObjectGlobals:Warning: Failed to find object 'Class None.'
[2016.03.24-13.54.35:287][  0]LogLoad: Full Startup: 5.10 seconds (BP compile: 0.04 seconds)
[2016.03.24-13.54.35:365][  0]LogContentStreaming: Texture pool size now 1000 MB
[2016.03.24-13.54.35:498][  0]LogRenderer: Reallocating scene render targets to support 1216x576 (Frame:2).
[2016.03.24-13.54.35:654][  3]LogAssetRegistry: Asset discovery search completed in 2.0425 seconds
[2016.03.24-13.54.35:654][  3]LogCollectionManager: Rebuilt the object cache for 0 collections in 0.000000 seconds (found 0 objects)
[2016.03.24-13.54.35:654][  3]LogCollectionManager: Fixed up redirectors for 0 collections in 0.000017 seconds (updated 0 objects)
[2016.03.24-13.54.40:638][206]LogFileCache: Retrieving MD5 hashes for directory 'D:/UnrealProjects/GE_Project/Content/' took 5.33s
[2016.03.24-13.55.02:439][581]LogBlueprint:Warning: [compiler Ue4ASP_Character] Warning Input Axis Event references unknown Axis 'LookUp' for  InputAxis LookUp 
[2016.03.24-13.55.02:439][581]LogBlueprint:Warning: [compiler Ue4ASP_Character] Warning Input Axis Event references unknown Axis 'Turn' for  InputAxis Turn 
[2016.03.24-13.55.02:439][581]LogBlueprint:Warning: [compiler Ue4ASP_Character] Warning Input Axis Event references unknown Axis 'MoveRight' for  InputAxis MoveRight 
[2016.03.24-13.55.02:439][581]LogBlueprint:Warning: [compiler Ue4ASP_Character] Warning Input Axis Event references unknown Axis 'MoveForward' for  InputAxis MoveForward 
[2016.03.24-13.55.02:441][581]LogBlueprint:Warning: [compiler Ue4ASP_Character] Warning [0032.25] Compile of Ue4ASP_Character successful, but with 4 Warning(s) [in 5 ms]
[2016.03.24-13.55.02:442][581]LogBlueprint:Warning: [compiler Ue4ASP_Character] Warning [0032.25] Compile of Ue4ASP_Character successful, but with 5 Warning(s) [in 0 ms]
[2016.03.24-13.55.02:442][581]LogBlueprint:Warning: [compiler Ue4ASP_Character] Warning [0032.25] Compile of Ue4ASP_Character successful, but with 6 Warning(s) [in 0 ms]
[2016.03.24-13.55.02:500][581]LogBlueprint:Warning: [compiler Ue4ASP_Character] Warning Input Axis Event references unknown Axis 'LookUp' for  InputAxis LookUp 
[2016.03.24-13.55.02:501][581]LogBlueprint:Warning: [compiler Ue4ASP_Character] Warning Input Axis Event references unknown Axis 'Turn' for  InputAxis Turn 
[2016.03.24-13.55.02:501][581]LogBlueprint:Warning: [compiler Ue4ASP_Character] Warning Input Axis Event references unknown Axis 'MoveRight' for  InputAxis MoveRight 
[2016.03.24-13.55.02:501][581]LogBlueprint:Warning: [compiler Ue4ASP_Character] Warning Input Axis Event references unknown Axis 'MoveForward' for  InputAxis MoveForward 
[2016.03.24-13.55.02:503][581]LogBlueprint:Warning: [compiler Ue4ASP_Character] Warning [0032.31] Compile of Ue4ASP_Character successful, but with 4 Warning(s) [in 6 ms]
[2016.03.24-13.55.02:503][581]LogBlueprint:Warning: [compiler Ue4ASP_Character] Warning [0032.31] Compile of Ue4ASP_Character successful, but with 5 Warning(s) [in 0 ms]
[2016.03.24-13.55.02:504][581]LogBlueprint:Warning: [compiler Ue4ASP_Character] Warning [0032.31] Compile of Ue4ASP_Character successful, but with 6 Warning(s) [in 0 ms]
[2016.03.24-13.55.02:959][581]LogAIModule: Creating AISystem for world MyFirstLevel
[2016.03.24-13.55.02:967][581]LogParticles:Warning: InitializeSystem called on an unregistered component. Template=/Game/Snow.Snow Component=/Game/MyFirstLevel.MyFirstLevel:PersistentLevel.Snow_2.ParticleSystemComponent0
[2016.03.24-13.55.02:968][581]LogParticles:Warning: InitializeSystem called on an unregistered component. Template=/Game/StarterContent/Particles/P_Fire.P_Fire Component=/Game/MyFirstLevel.MyFirstLevel:PersistentLevel.P_Fire_2.ParticleSystemComponent0
[2016.03.24-13.55.03:013][581]Cmd: MAP LOAD FILE="../../../../../../UnrealProjects/GE_Project/Content/MyFirstLevel.umap" TEMPLATE=0 SHOWPROGRESS=1 FEATURELEVEL=3
[2016.03.24-13.55.03:013][581]LightingResults: New page: Lighting Build
[2016.03.24-13.55.03:029][581]LoadErrors: New page: Loading map: MyFirstLevel.umap
[2016.03.24-13.55.03:029][581]MapCheck: New page: Map Check
[2016.03.24-13.55.03:029][581]LightingResults: New page: Lighting Build
[2016.03.24-13.55.03:042][581]LogParticles: Destroying 0 GPU particle simulations for FXSystem 0x000000FE7EA52C00
[2016.03.24-13.55.03:220][581]LogEditorServer: Finished looking for orphan Actors (0.000 secs)
[2016.03.24-13.55.03:267][581]Cmd: MAP CHECKDEP NOCLEARLOG
[2016.03.24-13.55.03:320][581]MapCheck: Info Map check complete: 0 Error(s), 0 Warning(s), took 52.383ms to complete.
[2016.03.24-13.55.03:320][581]LogFileHelpers: Loading map 'MyFirstLevel' took 0.307
[2016.03.24-13.55.03:351][582]Cmd: UpdateLandscapeEditorData -warnings
[2016.03.24-13.55.03:357][582]Cmd: UpdateLandscapeEditorData
[2016.03.24-13.55.04:274][680]LogPlayLevel: PlayLevel: No blueprints needed recompiling
[2016.03.24-13.55.04:274][680]PIE: New page: PIE session: MyFirstLevel (Mar 24, 2016, 3:55:04 PM)
[2016.03.24-13.55.04:274][680]LogPlayLevel: Creating play world package: /Game/UEDPIE_0_MyFirstLevel
[2016.03.24-13.55.04:311][680]LogPlayLevel: PIE: StaticDuplicateObject took: (0.036081s)
[2016.03.24-13.55.04:311][680]LogAIModule: Creating AISystem for world MyFirstLevel
[2016.03.24-13.55.04:311][680]LogPlayLevel: PIE: World Init took: (0.000470s)
[2016.03.24-13.55.04:311][680]LogPlayLevel: PIE: Created PIE world by copying editor world from /Game/MyFirstLevel.MyFirstLevel to /Game/UEDPIE_0_MyFirstLevel.MyFirstLevel (0.036897s)
[2016.03.24-13.55.04:311][680]LogActorComponent: UnregisterComponent: (/Engine/Transient.CharMoveComp) Not registered. Aborting.
[2016.03.24-13.55.04:333][680]LogInit: XAudio2 using 'HP E221c-8 (NVIDIA High Definition Audio)' : 2 channels at 48 kHz using 16 bits per sample (channel mask 0x3)
[2016.03.24-13.55.04:344][680]LogInit: FAudioDevice initialized.
[2016.03.24-13.55.04:459][680]LogLinker:Warning: Can't find file '/Game/BP_Avatar'
[2016.03.24-13.55.04:459][680]LogLinker:Warning: Can't find file for asset '/Game/BP_Avatar' while loading ../../../../../../UnrealProjects/GE_Project/Content/Blueprints/BP_TheBeginningGameMode.uasset.
[2016.03.24-13.55.04:459][680]LoadErrors:Error: Error /Game/Blueprints/BP_TheBeginningGameMode : Can't find file for asset. /Game/BP_Avatar
[2016.03.24-13.55.04:460][680]LogLinker:Warning: Can't find file '/Game/BP_Avatar'
[2016.03.24-13.55.04:460][680]LogLinker:Warning: Can't find file for asset '/Game/BP_Avatar' while loading ../../../../../../UnrealProjects/GE_Project/Content/Blueprints/BP_TheBeginningGameMode.uasset.
[2016.03.24-13.55.04:461][680]LogLinker:Warning: Can't find file '/Game/BP_Avatar'
[2016.03.24-13.55.04:461][680]LogLinker:Warning: Can't find file for asset '/Game/BP_Avatar' while loading NULL.
[2016.03.24-13.55.04:461][680]LogLinker:Warning: Can't find file '/Game/BP_Avatar'
[2016.03.24-13.55.04:461][680]LogLinker:Warning: Can't find file for asset '/Game/BP_Avatar' while loading NULL.
[2016.03.24-13.55.04:461][680]LogLinker:Warning: Can't find file '/Game/BP_Avatar'
[2016.03.24-13.55.04:461][680]LogLinker:Warning: Can't find file for asset '/Game/BP_Avatar' while loading NULL.
[2016.03.24-13.55.04:466][680]LogWorld: Game class is 'BP_TheBeginningGameMode_C'
[2016.03.24-13.55.04:525][680]LogWorld: Bringing World /Game/UEDPIE_0_MyFirstLevel.MyFirstLevel up for play (max tick rate 0) at 2016.03.24-14.55.04
[2016.03.24-13.55.04:525][680]LogActor:Warning: GameSession /Game/UEDPIE_0_MyFirstLevel.MyFirstLevel:PersistentLevel.GameSession_0 has natively added scene component(s), but none of them were set as the actor's RootComponent - picking one arbitrarily
[2016.03.24-13.55.04:525][680]LogActor:Warning: GameNetworkManager /Game/UEDPIE_0_MyFirstLevel.MyFirstLevel:PersistentLevel.GameNetworkManager_0 has natively added scene component(s), but none of them were set as the actor's RootComponent - picking one arbitrarily
[2016.03.24-13.55.04:527][680]LogWorld: Bringing up level for play took: 0.059875
[2016.03.24-13.55.04:541][680]PIE: Info Play in editor start time for /Game/UEDPIE_0_MyFirstLevel -0.594
[2016.03.24-13.55.04:553][682]LogRenderer: Reallocating scene render targets to support 2600x1464 (Frame:621).
[2016.03.24-13.55.04:565][682]LogRenderTargetPool:Warning: r.RenderTargetPoolMin exceeded 450/400 MB (ok in editor, bad on fixed memory platform)
[2016.03.24-13.55.09:203][936]LogParticles: Destroying 0 GPU particle simulations for FXSystem 0x000000FE1DEFD120
[2016.03.24-13.55.12:018][267]LogPlayLevel: PlayLevel: No blueprints needed recompiling
[2016.03.24-13.55.12:018][267]PIE: New page: PIE session: MyFirstLevel (Mar 24, 2016, 3:55:12 PM)
[2016.03.24-13.55.12:018][267]LogPlayLevel: Creating play world package: /Game/UEDPIE_0_MyFirstLevel
[2016.03.24-13.55.12:046][267]LogPlayLevel: PIE: StaticDuplicateObject took: (0.027839s)
[2016.03.24-13.55.12:047][267]LogAIModule: Creating AISystem for world MyFirstLevel
[2016.03.24-13.55.12:047][267]LogPlayLevel: PIE: World Init took: (0.000590s)
[2016.03.24-13.55.12:047][267]LogPlayLevel: PIE: Created PIE world by copying editor world from /Game/MyFirstLevel.MyFirstLevel to /Game/UEDPIE_0_MyFirstLevel.MyFirstLevel (0.028627s)
[2016.03.24-13.55.12:047][267]LogActorComponent: UnregisterComponent: (/Engine/Transient.CharMoveComp) Not registered. Aborting.
[2016.03.24-13.55.12:072][267]LogInit: XAudio2 using 'HP E221c-8 (NVIDIA High Definition Audio)' : 2 channels at 48 kHz using 16 bits per sample (channel mask 0x3)
[2016.03.24-13.55.12:082][267]LogInit: FAudioDevice initialized.
[2016.03.24-13.55.12:182][267]LogWorld: Game class is 'BP_TheBeginningGameMode_C'
[2016.03.24-13.55.12:240][267]LogWorld: Bringing World /Game/UEDPIE_0_MyFirstLevel.MyFirstLevel up for play (max tick rate 0) at 2016.03.24-14.55.12
[2016.03.24-13.55.12:240][267]LogActor:Warning: GameSession /Game/UEDPIE_0_MyFirstLevel.MyFirstLevel:PersistentLevel.GameSession_1 has natively added scene component(s), but none of them were set as the actor's RootComponent - picking one arbitrarily
[2016.03.24-13.55.12:240][267]LogActor:Warning: GameNetworkManager /Game/UEDPIE_0_MyFirstLevel.MyFirstLevel:PersistentLevel.GameNetworkManager_1 has natively added scene component(s), but none of them were set as the actor's RootComponent - picking one arbitrarily
[2016.03.24-13.55.12:243][267]LogWorld: Bringing up level for play took: 0.060182
[2016.03.24-13.55.12:256][267]PIE: Info Play in editor start time for /Game/UEDPIE_0_MyFirstLevel 1.12
[2016.03.24-13.55.12:274][269]LogRenderTargetPool:Warning: r.RenderTargetPoolMin exceeded 497/400 MB (ok in editor, bad on fixed memory platform)
[2016.03.24-13.55.13:034][294]LogParticles: Destroying 0 GPU particle simulations for FXSystem 0x000000FE22080C20
[2016.03.24-13.55.22:414][402]LogPlayLevel: PlayLevel: No blueprints needed recompiling
[2016.03.24-13.55.22:414][402]PIE: New page: PIE session: MyFirstLevel (Mar 24, 2016, 3:55:22 PM)
[2016.03.24-13.55.22:414][402]LogPlayLevel: Creating play world package: /Game/UEDPIE_0_MyFirstLevel
[2016.03.24-13.55.22:440][402]LogPlayLevel: PIE: StaticDuplicateObject took: (0.026091s)
[2016.03.24-13.55.22:441][402]LogAIModule: Creating AISystem for world MyFirstLevel
[2016.03.24-13.55.22:441][402]LogPlayLevel: PIE: World Init took: (0.000485s)
[2016.03.24-13.55.22:441][402]LogPlayLevel: PIE: Created PIE world by copying editor world from /Game/MyFirstLevel.MyFirstLevel to /Game/UEDPIE_0_MyFirstLevel.MyFirstLevel (0.026734s)
[2016.03.24-13.55.22:463][402]LogInit: XAudio2 using 'HP E221c-8 (NVIDIA High Definition Audio)' : 2 channels at 48 kHz using 16 bits per sample (channel mask 0x3)
[2016.03.24-13.55.22:474][402]LogInit: FAudioDevice initialized.
[2016.03.24-13.55.22:513][402]LogWorld: Game class is 'BP_TheBeginningGameMode_C'
[2016.03.24-13.55.22:572][402]LogWorld: Bringing World /Game/UEDPIE_0_MyFirstLevel.MyFirstLevel up for play (max tick rate 0) at 2016.03.24-14.55.22
[2016.03.24-13.55.22:572][402]LogActor:Warning: GameSession /Game/UEDPIE_0_MyFirstLevel.MyFirstLevel:PersistentLevel.GameSession_2 has natively added scene component(s), but none of them were set as the actor's RootComponent - picking one arbitrarily
[2016.03.24-13.55.22:573][402]LogActor:Warning: GameNetworkManager /Game/UEDPIE_0_MyFirstLevel.MyFirstLevel:PersistentLevel.GameNetworkManager_2 has natively added scene component(s), but none of them were set as the actor's RootComponent - picking one arbitrarily
[2016.03.24-13.55.22:574][402]LogWorld: Bringing up level for play took: 0.059798
[2016.03.24-13.55.22:575][402]PIE: Info Play in editor start time for /Game/UEDPIE_0_MyFirstLevel -0.56
[2016.03.24-13.55.22:612][403]LogRenderTargetPool:Warning: r.RenderTargetPoolMin exceeded 591/400 MB (ok in editor, bad on fixed memory platform)
[2016.03.24-13.55.26:866][905]LogParticles: Destroying 0 GPU particle simulations for FXSystem 0x000000FE210219E0
[2016.03.24-13.55.51:930][900]LogPlayLevel: PlayLevel: No blueprints needed recompiling
[2016.03.24-13.55.51:930][900]PIE: New page: PIE session: MyFirstLevel (Mar 24, 2016, 3:55:51 PM)
[2016.03.24-13.55.51:930][900]LogPlayLevel: Creating play world package: /Game/UEDPIE_0_MyFirstLevel
[2016.03.24-13.55.51:964][900]LogPlayLevel: PIE: StaticDuplicateObject took: (0.033619s)
[2016.03.24-13.55.51:964][900]LogAIModule: Creating AISystem for world MyFirstLevel
[2016.03.24-13.55.51:964][900]LogPlayLevel: PIE: World Init took: (0.000462s)
[2016.03.24-13.55.51:964][900]LogPlayLevel: PIE: Created PIE world by copying editor world from /Game/MyFirstLevel.MyFirstLevel to /Game/UEDPIE_0_MyFirstLevel.MyFirstLevel (0.034271s)
[2016.03.24-13.55.51:986][900]LogInit: XAudio2 using 'HP E221c-8 (NVIDIA High Definition Audio)' : 2 channels at 48 kHz using 16 bits per sample (channel mask 0x3)
[2016.03.24-13.55.51:995][900]LogInit: FAudioDevice initialized.
[2016.03.24-13.55.52:028][900]LogWorld: Game class is 'BP_TheBeginningGameMode_C'
[2016.03.24-13.55.52:085][900]LogWorld: Bringing World /Game/UEDPIE_0_MyFirstLevel.MyFirstLevel up for play (max tick rate 0) at 2016.03.24-14.55.52
[2016.03.24-13.55.52:085][900]LogActor:Warning: GameSession /Game/UEDPIE_0_MyFirstLevel.MyFirstLevel:PersistentLevel.GameSession_3 has natively added scene component(s), but none of them were set as the actor's RootComponent - picking one arbitrarily
[2016.03.24-13.55.52:085][900]LogActor:Warning: GameNetworkManager /Game/UEDPIE_0_MyFirstLevel.MyFirstLevel:PersistentLevel.GameNetworkManager_3 has natively added scene component(s), but none of them were set as the actor's RootComponent - picking one arbitrarily
[2016.03.24-13.55.52:087][900]LogWorld: Bringing up level for play took: 0.058374
[2016.03.24-13.55.52:088][900]PIE: Info Play in editor start time for /Game/UEDPIE_0_MyFirstLevel 0.953
[2016.03.24-13.55.53:892][109]LogParticles: Destroying 0 GPU particle simulations for FXSystem 0x000000FE435A32E0
[2016.03.24-13.56.13:076][405]LogPlayLevel: PlayLevel: No blueprints needed recompiling
[2016.03.24-13.56.13:076][405]PIE: New page: PIE session: MyFirstLevel (Mar 24, 2016, 3:56:13 PM)
[2016.03.24-13.56.13:076][405]LogPlayLevel: Creating play world package: /Game/UEDPIE_0_MyFirstLevel
[2016.03.24-13.56.13:102][405]LogPlayLevel: PIE: StaticDuplicateObject took: (0.026367s)
[2016.03.24-13.56.13:103][405]LogAIModule: Creating AISystem for world MyFirstLevel
[2016.03.24-13.56.13:103][405]LogPlayLevel: PIE: World Init took: (0.000527s)
[2016.03.24-13.56.13:103][405]LogPlayLevel: PIE: Created PIE world by copying editor world from /Game/MyFirstLevel.MyFirstLevel to /Game/UEDPIE_0_MyFirstLevel.MyFirstLevel (0.027060s)
[2016.03.24-13.56.13:122][405]LogInit: XAudio2 using 'HP E221c-8 (NVIDIA High Definition Audio)' : 2 channels at 48 kHz using 16 bits per sample (channel mask 0x3)
[2016.03.24-13.56.13:135][405]LogInit: FAudioDevice initialized.
[2016.03.24-13.56.13:220][405]LogWorld: Game class is 'BP_TheBeginningGameMode_C'
[2016.03.24-13.56.13:280][405]LogWorld: Bringing World /Game/UEDPIE_0_MyFirstLevel.MyFirstLevel up for play (max tick rate 0) at 2016.03.24-14.56.13
[2016.03.24-13.56.13:280][405]LogActor:Warning: GameSession /Game/UEDPIE_0_MyFirstLevel.MyFirstLevel:PersistentLevel.GameSession_4 has natively added scene component(s), but none of them were set as the actor's RootComponent - picking one arbitrarily
[2016.03.24-13.56.13:281][405]LogActor:Warning: GameNetworkManager /Game/UEDPIE_0_MyFirstLevel.MyFirstLevel:PersistentLevel.GameNetworkManager_4 has natively added scene component(s), but none of them were set as the actor's RootComponent - picking one arbitrarily
[2016.03.24-13.56.13:282][405]LogWorld: Bringing up level for play took: 0.061273
[2016.03.24-13.56.13:301][405]PIE: Info Play in editor start time for /Game/UEDPIE_0_MyFirstLevel 0.166
[2016.03.24-13.56.20:834][842]LogParticles: Destroying 0 GPU particle simulations for FXSystem 0x000000FE435A0A40
[2016.03.24-13.57.31:723][803]LogRenderTargetPool:Warning: r.RenderTargetPoolMin exceeded 649/400 MB (ok in editor, bad on fixed memory platform)
[2016.03.24-13.57.32:715][903]LogPlayLevel: PlayLevel: No blueprints needed recompiling
[2016.03.24-13.57.32:716][903]PIE: New page: PIE session: MyFirstLevel (Mar 24, 2016, 3:57:32 PM)
[2016.03.24-13.57.32:716][903]LogPlayLevel: Creating play world package: /Game/UEDPIE_0_MyFirstLevel
[2016.03.24-13.57.32:743][903]LogPlayLevel: PIE: StaticDuplicateObject took: (0.026966s)
[2016.03.24-13.57.32:743][903]LogAIModule: Creating AISystem for world MyFirstLevel
[2016.03.24-13.57.32:743][903]LogPlayLevel: PIE: World Init took: (0.000522s)
[2016.03.24-13.57.32:743][903]LogPlayLevel: PIE: Created PIE world by copying editor world from /Game/MyFirstLevel.MyFirstLevel to /Game/UEDPIE_0_MyFirstLevel.MyFirstLevel (0.027665s)
[2016.03.24-13.57.32:743][903]LogActorComponent: UnregisterComponent: (/Engine/Transient.CharMoveComp) Not registered. Aborting.
[2016.03.24-13.57.32:765][903]LogInit: XAudio2 using 'HP E221c-8 (NVIDIA High Definition Audio)' : 2 channels at 48 kHz using 16 bits per sample (channel mask 0x3)
[2016.03.24-13.57.32:775][903]LogInit: FAudioDevice initialized.
[2016.03.24-13.57.32:867][903]LogWorld: Game class is 'BP_TheBeginningGameMode_C'
[2016.03.24-13.57.32:925][903]LogWorld: Bringing World /Game/UEDPIE_0_MyFirstLevel.MyFirstLevel up for play (max tick rate 0) at 2016.03.24-14.57.32
[2016.03.24-13.57.32:925][903]LogActor:Warning: GameSession /Game/UEDPIE_0_MyFirstLevel.MyFirstLevel:PersistentLevel.GameSession_5 has natively added scene component(s), but none of them were set as the actor's RootComponent - picking one arbitrarily
[2016.03.24-13.57.32:925][903]LogActor:Warning: GameNetworkManager /Game/UEDPIE_0_MyFirstLevel.MyFirstLevel:PersistentLevel.GameNetworkManager_5 has natively added scene component(s), but none of them were set as the actor's RootComponent - picking one arbitrarily
[2016.03.24-13.57.32:927][903]LogWorld: Bringing up level for play took: 0.058817
[2016.03.24-13.57.32:938][903]PIE: Info Play in editor start time for /Game/UEDPIE_0_MyFirstLevel -0.197
[2016.03.24-13.57.34:459][984]LogParticles: Destroying 0 GPU particle simulations for FXSystem 0x000000FE1BFB68E0
[2016.03.24-13.57.38:922][510]LogRenderTargetPool:Warning: r.RenderTargetPoolMin exceeded 649/400 MB (ok in editor, bad on fixed memory platform)
[2016.03.24-13.57.39:825][618]LogRenderTargetPool:Warning: r.RenderTargetPoolMin exceeded 649/400 MB (ok in editor, bad on fixed memory platform)
[2016.03.24-13.57.40:358][680]LogRenderTargetPool:Warning: r.RenderTargetPoolMin exceeded 649/400 MB (ok in editor, bad on fixed memory platform)
[2016.03.24-13.57.41:416][788]LogWindowsTextInputMethodSystem:Display: IME system now deactivated.
[2016.03.24-13.57.41:661][789]Cmd: QUIT_EDITOR
[2016.03.24-13.57.42:354][789]LogExit: Preparing to exit.
[2016.03.24-13.57.42:708][789]LogExit: Editor shut down
[2016.03.24-13.57.42:708][789]LogExit: Transaction tracking system shut down
[2016.03.24-13.57.42:709][789]LogParticles: Destroying 0 GPU particle simulations for FXSystem 0x000000FE4BFC1300
[2016.03.24-13.57.42:709][789]LogParticles: Destroying 0 GPU particle simulations for FXSystem 0x000000FE4BFC1800
[2016.03.24-13.57.42:709][789]LogParticles: Destroying 0 GPU particle simulations for FXSystem 0x000000FE21F8B880
[2016.03.24-13.57.42:711][789]LogParticles: Destroying 0 GPU particle simulations for FXSystem 0x000000FE0D586DE0
[2016.03.24-13.57.42:724][789]LogParticles: Destroying 0 GPU particle simulations for FXSystem 0x000000FE21E167A0
[2016.03.24-13.57.42:724][789]LeapPluginLog: LeapController::CleanupEventData Delete Called
[2016.03.24-13.57.42:839][789]LogExit: Object subsystem successfully closed.
[2016.03.24-13.57.42:852][789]LogD3D11RHI: Shutdown
[2016.03.24-13.57.42:852][789]LogD3D11RHI: CleanupD3DDevice
[2016.03.24-13.57.42:853][789]LogD3D11RHI: ~FD3D11DynamicRHI
[2016.03.24-13.57.42:863][789]LogModuleManager: Shutting down and abandoning module CrashTracker (199)
[2016.03.24-13.57.42:863][789]LogModuleManager: Shutting down and abandoning module SceneOutliner (198)
[2016.03.24-13.57.42:863][789]LogModuleManager: Shutting down and abandoning module SuperSearch (197)
[2016.03.24-13.57.42:863][789]LogModuleManager: Shutting down and abandoning module WidgetCarousel (196)
[2016.03.24-13.57.42:863][789]LogModuleManager: Shutting down and abandoning module AddContentDialog (195)
[2016.03.24-13.57.42:864][789]LogModuleManager: Shutting down and abandoning module EditorWidgets (194)
[2016.03.24-13.57.42:864][789]LogModuleManager: Shutting down and abandoning module CollectionManager (193)
[2016.03.24-13.57.42:864][789]LogModuleManager: Shutting down and abandoning module StatsViewer (192)
[2016.03.24-13.57.42:864][789]LogModuleManager: Shutting down and abandoning module FoliageEdit (191)
[2016.03.24-13.57.42:864][789]LogModuleManager: Shutting down and abandoning module LandscapeEditor (190)
[2016.03.24-13.57.42:864][789]LogModuleManager: Shutting down and abandoning module ActorPickerMode (189)
[2016.03.24-13.57.42:865][789]LogModuleManager: Shutting down and abandoning module GeometryMode (188)
[2016.03.24-13.57.42:865][789]LogModuleManager: Shutting down and abandoning module TextureAlignMode (187)
[2016.03.24-13.57.42:865][789]LogModuleManager: Shutting down and abandoning module BspMode (186)
[2016.03.24-13.57.42:865][789]LogModuleManager: Shutting down and abandoning module PlacementMode (185)
[2016.03.24-13.57.42:865][789]LogModuleManager: Shutting down and abandoning module AutomationWorker (184)
[2016.03.24-13.57.42:865][789]LogModuleManager: Shutting down and abandoning module CharacterAI (183)
[2016.03.24-13.57.42:865][789]LogModuleManager: Shutting down and abandoning module SmartSnapping (182)
[2016.03.24-13.57.42:865][789]LogModuleManager: Shutting down and abandoning module ViewportSnapping (181)
[2016.03.24-13.57.42:865][789]LogModuleManager: Shutting down and abandoning module LogVisualizer (180)
[2016.03.24-13.57.42:865][789]LogModuleManager: Shutting down and abandoning module GameProjectGeneration (179)
[2016.03.24-13.57.42:865][789]LogModuleManager: Shutting down and abandoning module IntroTutorials (178)
[2016.03.24-13.57.42:865][789]LogModuleManager: Shutting down and abandoning module EditorLiveStreaming (177)
[2016.03.24-13.57.42:865][789]LogModuleManager: Shutting down and abandoning module IOSPlatformEditor (176)
[2016.03.24-13.57.42:865][789]LogModuleManager: Shutting down and abandoning module HTML5PlatformEditor (175)
[2016.03.24-13.57.42:865][789]LogModuleManager: Shutting down and abandoning module AndroidDeviceDetection (174)
[2016.03.24-13.57.43:615][789]LogModuleManager: Shutting down and abandoning module AndroidPlatformEditor (173)
[2016.03.24-13.57.43:615][789]LogModuleManager: Shutting down and abandoning module IOSRuntimeSettings (172)
[2016.03.24-13.57.43:615][789]LogModuleManager: Shutting down and abandoning module AndroidRuntimeSettings (171)
[2016.03.24-13.57.43:615][789]LogModuleManager: Shutting down and abandoning module MergeActors (170)
[2016.03.24-13.57.43:615][789]LogModuleManager: Shutting down and abandoning module SizeMap (169)
[2016.03.24-13.57.43:615][789]LogModuleManager: Shutting down and abandoning module TreeMap (168)
[2016.03.24-13.57.43:615][789]LogModuleManager: Shutting down and abandoning module ReferenceViewer (167)
[2016.03.24-13.57.43:615][789]LogModuleManager: Shutting down and abandoning module LocalizationService (166)
[2016.03.24-13.57.43:615][789]LogModuleManager: Shutting down and abandoning module LocalizationDashboard (165)
[2016.03.24-13.57.43:615][789]LogModuleManager: Shutting down and abandoning module HardwareTargeting (164)
[2016.03.24-13.57.43:615][789]LogModuleManager: Shutting down and abandoning module DeviceProfileEditor (163)
[2016.03.24-13.57.43:615][789]LogModuleManager: Shutting down and abandoning module UndoHistory (162)
[2016.03.24-13.57.43:615][789]LogModuleManager: Shutting down and abandoning module GameplayTagsEditor (161)
[2016.03.24-13.57.43:615][789]LogModuleManager: Shutting down and abandoning module UserFeedback (160)
[2016.03.24-13.57.43:615][789]LogModuleManager: Shutting down and abandoning module XmlParser (159)
[2016.03.24-13.57.43:615][789]LogModuleManager: Shutting down and abandoning module Blutility (158)
[2016.03.24-13.57.43:615][789]LogModuleManager: Shutting down and abandoning module ProjectTargetPlatformEditor (157)
[2016.03.24-13.57.43:615][789]LogModuleManager: Shutting down and abandoning module ProjectSettingsViewer (156)
[2016.03.24-13.57.43:615][789]LogModuleManager: Shutting down and abandoning module InputBindingEditor (155)
[2016.03.24-13.57.43:615][789]LogModuleManager: Shutting down and abandoning module EditorSettingsViewer (154)
[2016.03.24-13.57.43:615][789]LogModuleManager: Shutting down and abandoning module SettingsEditor (153)
[2016.03.24-13.57.43:615][789]LogModuleManager: Shutting down and abandoning module ProjectLauncher (152)
[2016.03.24-13.57.43:615][789]LogModuleManager: Shutting down and abandoning module SessionFrontend (151)
[2016.03.24-13.57.43:615][789]LogModuleManager: Shutting down and abandoning module ProfilerClient (150)
[2016.03.24-13.57.43:615][789]LogModuleManager: Shutting down and abandoning module TargetDeviceServices (149)
[2016.03.24-13.57.43:615][789]LogModuleManager: Shutting down and abandoning module DeviceManager (148)
[2016.03.24-13.57.43:615][789]LogModuleManager: Shutting down and abandoning module AutomationController (147)
[2016.03.24-13.57.43:615][789]LogModuleManager: Shutting down and abandoning module AutomationWindow (146)
[2016.03.24-13.57.43:615][789]LogModuleManager: Shutting down and abandoning module Layers (145)
[2016.03.24-13.57.43:615][789]LogModuleManager: Shutting down and abandoning module ComponentVisualizers (144)
[2016.03.24-13.57.43:615][789]LogModuleManager: Shutting down and abandoning module DetailCustomizations (143)
[2016.03.24-13.57.43:615][789]LogModuleManager: Shutting down and abandoning module PackagesDialog (142)
[2016.03.24-13.57.43:615][789]LogModuleManager: Shutting down and abandoning module Persona (141)
[2016.03.24-13.57.43:615][789]LogModuleManager: Shutting down and abandoning module Kismet (140)
[2016.03.24-13.57.43:615][789]LogModuleManager: Shutting down and abandoning module GraphEditor (139)
[2016.03.24-13.57.43:616][789]LogModuleManager: Shutting down and abandoning module ClassViewer (138)
[2016.03.24-13.57.43:616][789]LogModuleManager: Shutting down and abandoning module Toolbox (137)
[2016.03.24-13.57.43:616][789]LogModuleManager: Shutting down and abandoning module ModuleUI (136)
[2016.03.24-13.57.43:616][789]LogModuleManager: Shutting down and abandoning module MovieSceneTools (135)
[2016.03.24-13.57.43:616][789]LogModuleManager: Shutting down and abandoning module OutputLog (134)
[2016.03.24-13.57.43:616][789]LogModuleManager: Shutting down and abandoning module GammaUI (133)
[2016.03.24-13.57.43:616][789]LogModuleManager: Shutting down and abandoning module Documentation (132)
[2016.03.24-13.57.43:616][789]LogModuleManager: Shutting down and abandoning module GameLiveStreaming (131)
[2016.03.24-13.57.43:616][789]LogModuleManager: Shutting down and abandoning module StreamingPauseRendering (130)
[2016.03.24-13.57.43:616][789]LogModuleManager: Shutting down and abandoning module AnalyticsET (129)
[2016.03.24-13.57.43:616][789]LogModuleManager: Shutting down and abandoning module Analytics (128)
[2016.03.24-13.57.43:616][789]LogModuleManager: Shutting down and abandoning module AITestSuite (127)
[2016.03.24-13.57.43:616][789]LogModuleManager: Shutting down and abandoning module GameplayDebugger (126)
[2016.03.24-13.57.43:616][789]LogModuleManager: Shutting down and abandoning module AIModule (125)
[2016.03.24-13.57.43:616][789]LogModuleManager: Shutting down and abandoning module ProfilerService (124)
[2016.03.24-13.57.43:794][789]LogModuleManager: Shutting down and abandoning module TaskGraph (123)
[2016.03.24-13.57.43:794][789]LogModuleManager: Shutting down and abandoning module LeapMotion (122)
[2016.03.24-13.57.43:802][789]LogModuleManager: Shutting down and abandoning module SlateRemote (121)
[2016.03.24-13.57.43:802][789]LogModuleManager: Shutting down and abandoning module SteamVRController (120)
[2016.03.24-13.57.43:802][789]LogModuleManager: Shutting down and abandoning module SteamVR (119)
[2016.03.24-13.57.43:802][789]LogModuleManager: Shutting down and abandoning module ProceduralMeshComponent (118)
[2016.03.24-13.57.43:802][789]LogModuleManager: Shutting down and abandoning module OculusRift (117)
[2016.03.24-13.57.43:802][789]LogModuleManager: Shutting down and abandoning module OculusLibrary (116)
[2016.03.24-13.57.43:802][789]LogModuleManager: Shutting down and abandoning module LeapMotionController (115)
[2016.03.24-13.57.43:812][789]LogModuleManager: Shutting down and abandoning module CustomMeshComponent (114)
[2016.03.24-13.57.43:812][789]LogModuleManager: Shutting down and abandoning module CableComponent (113)
[2016.03.24-13.57.43:812][789]LogModuleManager: Shutting down and abandoning module ArchVisCharacter (112)
[2016.03.24-13.57.43:812][789]LogModuleManager: Shutting down and abandoning module MessagingDebugger (111)
[2016.03.24-13.57.43:812][789]LogModuleManager: Shutting down and abandoning module MediaPlayerEditor (110)
[2016.03.24-13.57.43:812][789]LogModuleManager: Shutting down and abandoning module HTML5Networking (109)
[2016.03.24-13.57.43:812][789]LogModuleManager: Shutting down and abandoning module SpeedTreeImporter (108)
[2016.03.24-13.57.43:812][789]LogModuleManager: Shutting down and abandoning module PluginBrowser (107)
[2016.03.24-13.57.43:812][789]LogModuleManager: Shutting down and abandoning module EpicSurvey (106)
[2016.03.24-13.57.43:812][789]LogModuleManager: Shutting down and abandoning module DesktopPlatform (105)
[2016.03.24-13.57.43:812][789]LogModuleManager: Shutting down and abandoning module VisualStudioSourceCodeAccess (104)
[2016.03.24-13.57.43:812][789]LogModuleManager: Shutting down and abandoning module UObjectPlugin (103)
[2016.03.24-13.57.43:812][789]LogModuleManager: Shutting down and abandoning module SubversionSourceControl (102)
[2016.03.24-13.57.43:812][789]LogModuleManager: Shutting down and abandoning module PerforceSourceControl (101)
[2016.03.24-13.57.43:812][789]LogModuleManager: Shutting down and abandoning module SourceControl (100)
[2016.03.24-13.57.43:812][789]LogModuleManager: Shutting down and abandoning module GitSourceControl (99)
[2016.03.24-13.57.43:812][789]LogModuleManager: Shutting down and abandoning module LightPropagationVolumeEditor (98)
[2016.03.24-13.57.43:812][789]LogModuleManager: Shutting down and abandoning module PaperTiledImporter (97)
[2016.03.24-13.57.43:812][789]LogModuleManager: Shutting down and abandoning module PaperSpriteSheetImporter (96)
[2016.03.24-13.57.43:812][789]LogModuleManager: Shutting down and abandoning module MeshPaint (95)
[2016.03.24-13.57.43:812][789]LogModuleManager: Shutting down and abandoning module SlateReflector (94)
[2016.03.24-13.57.43:812][789]LogModuleManager: Shutting down and abandoning module HotReload (93)
[2016.03.24-13.57.43:812][789]LogModuleManager: Shutting down and abandoning module MainFrame (92)
[2016.03.24-13.57.43:813][789]LogModuleManager: Shutting down and abandoning module LevelEditor (91)
[2016.03.24-13.57.43:814][789]LogModuleManager: Shutting down and abandoning module DirectoryWatcher (90)
[2016.03.24-13.57.43:814][789]LogModuleManager: Shutting down and abandoning module AssetRegistry (89)
[2016.03.24-13.57.43:881][789]LogModuleManager: Shutting down and abandoning module ContentBrowser (88)
[2016.03.24-13.57.43:882][789]LogModuleManager: Shutting down and abandoning module Paper2DEditor (87)
[2016.03.24-13.57.43:882][789]LogModuleManager: Shutting down and abandoning module TheBeginning (86)
[2016.03.24-13.57.43:882][789]LogModuleManager: Shutting down and abandoning module UdpMessaging (85)
[2016.03.24-13.57.43:983][789]LogModuleManager: Shutting down and abandoning module LightPropagationVolumeRuntime (84)
[2016.03.24-13.57.43:983][789]LogModuleManager: Shutting down and abandoning module Paper2D (83)
[2016.03.24-13.57.43:983][789]LogModuleManager: Shutting down and abandoning module WindowsMoviePlayer (82)
[2016.03.24-13.57.43:986][789]LogModuleManager: Shutting down and abandoning module Media (81)
[2016.03.24-13.57.43:986][789]LogModuleManager: Shutting down and abandoning module WmfMedia (80)
[2016.03.24-13.57.43:986][789]LogModuleManager: Shutting down and abandoning module OnlineBlueprintSupport (79)
[2016.03.24-13.57.43:986][789]LogModuleManager: Shutting down and abandoning module GameplayTasksEditor (78)
[2016.03.24-13.57.43:986][789]LogModuleManager: Shutting down and abandoning module PropertyEditor (77)
[2016.03.24-13.57.43:986][789]LogModuleManager: Shutting down and abandoning module BehaviorTreeEditor (76)
[2016.03.24-13.57.43:986][789]LogModuleManager: Shutting down and abandoning module FunctionalTesting (75)
[2016.03.24-13.57.43:986][789]LogModuleManager: Shutting down and abandoning module CollisionAnalyzer (74)
[2016.03.24-13.57.43:986][789]LogModuleManager: Shutting down and abandoning module WorkspaceMenuStructure (73)
[2016.03.24-13.57.43:986][789]LogModuleManager: Shutting down and abandoning module MessageLog (72)
[2016.03.24-13.57.43:986][789]LogModuleManager: Shutting down and abandoning module Sequencer (71)
[2016.03.24-13.57.43:986][789]LogModuleManager: Shutting down and abandoning module AssetTools (70)
[2016.03.24-13.57.43:986][789]LogModuleManager: Shutting down and abandoning module UMGEditor (69)
[2016.03.24-13.57.43:986][789]LogModuleManager: Shutting down and abandoning module UMG (68)
[2016.03.24-13.57.43:986][789]LogModuleManager: Shutting down and abandoning module Slate (67)
[2016.03.24-13.57.43:986][789]LogModuleManager: Shutting down and abandoning module EditorStyle (66)
[2016.03.24-13.57.43:988][789]LogModuleManager: Shutting down and abandoning module SessionServices (65)
[2016.03.24-13.57.43:988][789]LogModuleManager: Shutting down and abandoning module SourceCodeAccess (64)
[2016.03.24-13.57.43:988][789]LogModuleManager: Shutting down and abandoning module HeadMountedDisplay (63)
[2016.03.24-13.57.43:988][789]LogModuleManager: Shutting down and abandoning module XAudio2 (62)
[2016.03.24-13.57.43:988][789]LogModuleManager: Shutting down and abandoning module Networking (60)
[2016.03.24-13.57.43:988][789]LogModuleManager: Shutting down and abandoning module Core (59)
[2016.03.24-13.57.43:988][789]LogModuleManager: Shutting down and abandoning module KismetCompiler (58)
[2016.03.24-13.57.43:988][789]LogModuleManager: Shutting down and abandoning module PhysXFormats (57)
[2016.03.24-13.57.43:988][789]LogModuleManager: Shutting down and abandoning module MeshUtilities (56)
[2016.03.24-13.57.43:988][789]LogModuleManager: Shutting down and abandoning module CookingStats (55)
[2016.03.24-13.57.43:990][789]LogModuleManager: Shutting down and abandoning module DerivedDataCache (54)
[2016.03.24-13.57.44:039][789]LogDerivedDataCache: Shutdown
[2016.03.24-13.57.44:039][789]LogModuleManager: Shutting down and abandoning module ShaderFormatOpenGL (53)
[2016.03.24-13.57.44:039][789]LogModuleManager: Shutting down and abandoning module ShaderFormatD3D (52)
[2016.03.24-13.57.44:039][789]LogModuleManager: Shutting down and abandoning module MetalShaderFormat (51)
[2016.03.24-13.57.44:039][789]LogModuleManager: Shutting down and abandoning module TextureFormatUncompressed (50)
[2016.03.24-13.57.44:039][789]LogModuleManager: Shutting down and abandoning module TextureFormatPVR (49)
[2016.03.24-13.57.44:039][789]LogModuleManager: Shutting down and abandoning module TextureFormatIntelISPCTexComp (48)
[2016.03.24-13.57.44:039][789]LogModuleManager: Shutting down and abandoning module TextureFormatDXT (47)
[2016.03.24-13.57.44:039][789]LogModuleManager: Shutting down and abandoning module ImageWrapper (46)
[2016.03.24-13.57.44:039][789]LogModuleManager: Shutting down and abandoning module TextureFormatASTC (45)
[2016.03.24-13.57.44:039][789]LogModuleManager: Shutting down and abandoning module TextureFormatAndroid (44)
[2016.03.24-13.57.44:039][789]LogModuleManager: Shutting down and abandoning module AudioFormatOpus (43)
[2016.03.24-13.57.44:039][789]LogModuleManager: Shutting down and abandoning module AudioFormatOgg (42)
[2016.03.24-13.57.44:039][789]LogModuleManager: Shutting down and abandoning module AudioFormatADPCM (41)
[2016.03.24-13.57.44:039][789]LogModuleManager: Shutting down and abandoning module LinuxTargetPlatform (40)
[2016.03.24-13.57.44:039][789]LogModuleManager: Shutting down and abandoning module LinuxServerTargetPlatform (39)
[2016.03.24-13.57.44:039][789]LogModuleManager: Shutting down and abandoning module LinuxNoEditorTargetPlatform (38)
[2016.03.24-13.57.44:039][789]LogModuleManager: Shutting down and abandoning module Messaging (37)
[2016.03.24-13.57.44:039][789]LogModuleManager: Shutting down and abandoning module IOSTargetPlatform (36)
[2016.03.24-13.57.44:039][789]LogModuleManager: Shutting down and abandoning module HTML5TargetPlatform (35)
[2016.03.24-13.57.44:039][789]LogModuleManager: Shutting down and abandoning module Android_PVRTCTargetPlatform (34)
[2016.03.24-13.57.44:039][789]LogModuleManager: Shutting down and abandoning module Android_ETC2TargetPlatform (33)
[2016.03.24-13.57.44:039][789]LogModuleManager: Shutting down and abandoning module Android_ETC1TargetPlatform (32)
[2016.03.24-13.57.44:039][789]LogModuleManager: Shutting down and abandoning module Android_DXTTargetPlatform (31)
[2016.03.24-13.57.44:039][789]LogModuleManager: Shutting down and abandoning module Android_ATCTargetPlatform (30)
[2016.03.24-13.57.44:039][789]LogModuleManager: Shutting down and abandoning module Android_ASTCTargetPlatform (29)
[2016.03.24-13.57.44:039][789]LogModuleManager: Shutting down and abandoning module AndroidTargetPlatform (28)
[2016.03.24-13.57.44:039][789]LogModuleManager: Shutting down and abandoning module WindowsTargetPlatform (27)
[2016.03.24-13.57.44:039][789]LogModuleManager: Shutting down and abandoning module WindowsServerTargetPlatform (26)
[2016.03.24-13.57.44:039][789]LogModuleManager: Shutting down and abandoning module WindowsNoEditorTargetPlatform (25)
[2016.03.24-13.57.44:039][789]LogModuleManager: Shutting down and abandoning module WindowsClientTargetPlatform (24)
[2016.03.24-13.57.44:039][789]LogModuleManager: Shutting down and abandoning module AllDesktopTargetPlatform (23)
[2016.03.24-13.57.44:039][789]LogModuleManager: Shutting down and abandoning module TargetPlatform (22)
[2016.03.24-13.57.44:039][789]LogModuleManager: Shutting down and abandoning module InputCore (21)
[2016.03.24-13.57.44:039][789]LogModuleManager: Shutting down and abandoning module Settings (20)
[2016.03.24-13.57.44:039][789]LogModuleManager: Shutting down and abandoning module OnlineSubsystem (18)
[2016.03.24-13.57.44:039][789]LogModuleManager: Shutting down and abandoning module HTTP (17)
[2016.03.24-13.57.45:040][789]LogModuleManager: Shutting down and abandoning module XMPP (16)
[2016.03.24-13.57.45:040][789]LogModuleManager: Shutting down and abandoning module ExampleDeviceProfileSelector (15)
[2016.03.24-13.57.45:040][789]LogModuleManager: Shutting down and abandoning module TextureCompressor (14)
[2016.03.24-13.57.45:040][789]LogModuleManager: Shutting down and abandoning module ShaderCore (13)
[2016.03.24-13.57.45:040][789]LogModuleManager: Shutting down and abandoning module Landscape (12)
[2016.03.24-13.57.45:040][789]LogModuleManager: Shutting down and abandoning module SlateRHIRenderer (11)
[2016.03.24-13.57.45:041][789]LogModuleManager: Shutting down and abandoning module OpenGLDrv (10)
[2016.03.24-13.57.45:041][789]LogModuleManager: Shutting down and abandoning module D3D11RHI (9)
[2016.03.24-13.57.45:041][789]LogModuleManager: Shutting down and abandoning module AnimGraphRuntime (8)
[2016.03.24-13.57.45:041][789]LogModuleManager: Shutting down and abandoning module Renderer (7)
[2016.03.24-13.57.45:041][789]LogModuleManager: Shutting down and abandoning module Engine (6)
[2016.03.24-13.57.45:041][789]LogModuleManager: Shutting down and abandoning module CoreUObject (5)
[2016.03.24-13.57.45:041][789]LogModuleManager: Shutting down and abandoning module NetworkFile (4)
[2016.03.24-13.57.45:041][789]LogModuleManager: Shutting down and abandoning module StreamingFile (3)
[2016.03.24-13.57.45:041][789]LogModuleManager: Shutting down and abandoning module SandboxFile (2)
[2016.03.24-13.57.45:041][789]LogModuleManager: Shutting down and abandoning module PakFile (1)
[2016.03.24-13.57.45:041][789]LogExit: Exiting.
[2016.03.24-13.57.45:043][789]Log file closed, 03/24/16 14:57:45
