[2016.01.30-12.54.53:437][  0]Log file open, 01/30/16 13:54:53
[2016.01.30-12.54.53:437][  0]LogInit:Display: Running engine for game: TheBeginning
[2016.01.30-12.54.53:437][  0]LogInit:Display: RandInit(-565728292) SRandInit(-565728292).
[2016.01.30-12.54.53:437][  0]LogTaskGraph: Started task graph with 4 named threads and 7 total threads.
[2016.01.30-12.54.53:437][  0]LogStats: Stats thread started at 0.066342
[2016.01.30-12.54.53:437][  0]LogInit: Version: 4.9.2-2707645+++depot+UE4-Releases+4.9
[2016.01.30-12.54.53:437][  0]LogInit: API Version: 2672455
[2016.01.30-12.54.53:437][  0]LogInit: Compiled (64-bit): Sep 28 2015 10:25:44
[2016.01.30-12.54.53:437][  0]LogInit: Compiled with Visual C++: 18.00.21005.01
[2016.01.30-12.54.53:437][  0]LogInit: Build Configuration: Development
[2016.01.30-12.54.53:437][  0]LogInit: Branch Name: ++depot+UE4-Releases+4.9
[2016.01.30-12.54.53:437][  0]LogInit: Command line:  
[2016.01.30-12.54.53:437][  0]LogInit: Base directory: D:/Programme/Epic Games/4.9/Engine/Binaries/Win64/
[2016.01.30-12.54.53:437][  0]LogInit: Rocket: 1
[2016.01.30-12.54.53:442][  0]LogInit: Using libcurl 7.41.0
[2016.01.30-12.54.53:442][  0]LogInit:  - built for x86_64-pc-win32
[2016.01.30-12.54.53:442][  0]LogInit:  - supports SSL with WinSSL
[2016.01.30-12.54.53:442][  0]LogInit:  - other features:
[2016.01.30-12.54.53:442][  0]LogInit:      CURL_VERSION_SSL
[2016.01.30-12.54.53:442][  0]LogInit:      CURL_VERSION_IPV6
[2016.01.30-12.54.53:442][  0]LogInit:      CURL_VERSION_ASYNCHDNS
[2016.01.30-12.54.53:442][  0]LogInit:      CURL_VERSION_LARGEFILE
[2016.01.30-12.54.53:442][  0]LogInit:      CURL_VERSION_IDN
[2016.01.30-12.54.53:442][  0]LogInit:  CurlRequestOptions (configurable via config and command line):
[2016.01.30-12.54.53:442][  0]LogInit:  - bVerifyPeer = true  - Libcurl will verify peer certificate
[2016.01.30-12.54.53:442][  0]LogInit:  - bUseHttpProxy = false  - Libcurl will NOT use HTTP proxy
[2016.01.30-12.54.53:442][  0]LogInit:  - bDontReuseConnections = false  - Libcurl will reuse connections
[2016.01.30-12.54.53:442][  0]LogInit:  - CertBundlePath = nullptr  - Libcurl will use whatever was configured at build time.
[2016.01.30-12.54.53:447][  0]LogInit: Presizing for 0 objects not considered by GC, pre-allocating 0 bytes.
[2016.01.30-12.54.53:452][  0]LogInit: Object subsystem initialized
[2016.01.30-12.54.53:453][  0]LogInit: Selected Device Profile: [Windows]
[2016.01.30-12.54.53:453][  0]LogInit: Applying CVar settings loaded from the selected device profile: [Windows]
[2016.01.30-12.54.53:460][  0]LogInit: Computer: PC1021500895
[2016.01.30-12.54.53:460][  0]LogInit: User: VR
[2016.01.30-12.54.53:460][  0]LogInit: CPU Page size=4096, Cores=4
[2016.01.30-12.54.53:460][  0]LogInit: High frequency timer resolution =3.507514 MHz
[2016.01.30-12.54.53:460][  0]LogMemory: Memory total: Physical=15.9GB (16GB approx)
[2016.01.30-12.54.53:460][  0]LogMemory: Platform Memory Stats for Windows
[2016.01.30-12.54.53:460][  0]LogMemory: Process Physical Memory: 52.56 MB used, 52.56 MB peak
[2016.01.30-12.54.53:460][  0]LogMemory: Process Virtual Memory: 55.20 MB used, 55.20 MB peak
[2016.01.30-12.54.53:460][  0]LogMemory: Physical Memory: 3999.72 MB used, 16261.17 MB total
[2016.01.30-12.54.53:460][  0]LogMemory: Virtual Memory: 349.54 MB used, 134217728.00 MB total
[2016.01.30-12.54.53:487][  0]LogTextLocalizationManager: No translations for ('de-DE') exist, falling back to 'en' for localization and internationalization data.
[2016.01.30-12.54.54:100][  0]LogD3D11RHI: Found D3D11 adapter 0: NVIDIA GeForce GTX 970 (Feature Level 11_0)
[2016.01.30-12.54.54:100][  0]LogD3D11RHI: Adapter has 3976MB of dedicated video memory, 0MB of dedicated system memory, and 8130MB of shared system memory, 1 output[s]
[2016.01.30-12.54.54:101][  0]LogD3D11RHI: Found D3D11 adapter 1: Microsoft Basic Render Driver (Feature Level 11_0)
[2016.01.30-12.54.54:101][  0]LogD3D11RHI: Adapter has 0MB of dedicated video memory, 0MB of dedicated system memory, and 256MB of shared system memory, 0 output[s]
[2016.01.30-12.54.54:101][  0]LogD3D11RHI: Chosen D3D11 Adapter Id = 0
[2016.01.30-12.54.54:104][  0]LogD3D11RHI: !Direct3DDevice
[2016.01.30-12.54.54:104][  0]LogRHI: Texture pool is 1361 MB (70% of 1945 MB)
[2016.01.30-12.54.54:112][  0]LogD3D11RHI: Async texture creation enabled
[2016.01.30-12.54.54:127][  0]LogShaderCompilers: Guid format shader working directory is 15 characters bigger than the processId version (../../../../../../UnrealProjects/GE_Project/Intermediate/Shaders/WorkingDirectory/2092/).
[2016.01.30-12.54.54:127][  0]LogShaderCompilers: Cleaned the shader compiler working directory '../../../../../../UnrealProjects/GE_Project/Intermediate/Shaders/tmp/08B02E274B1C6FF4B8E1F98D9D6E83F4/'.
[2016.01.30-12.54.54:127][  0]LogShaderCompilers:Display: Using Local Shader Compiler.
[2016.01.30-12.54.54:873][  0]LogTemp:Display: Loaded TP AllDesktopTargetPlatform
[2016.01.30-12.54.54:876][  0]LogTemp:Display: Loaded TP WindowsClientTargetPlatform
[2016.01.30-12.54.54:880][  0]LogTemp:Display: Loaded TP WindowsNoEditorTargetPlatform
[2016.01.30-12.54.54:883][  0]LogTemp:Display: Loaded TP WindowsServerTargetPlatform
[2016.01.30-12.54.54:886][  0]LogTemp:Display: Loaded TP WindowsTargetPlatform
[2016.01.30-12.54.54:888][  0]LogTemp:Display: Loaded TP AndroidTargetPlatform
[2016.01.30-12.54.54:890][  0]LogTemp:Display: Loaded TP Android_ASTCTargetPlatform
[2016.01.30-12.54.54:892][  0]LogTemp:Display: Loaded TP Android_ATCTargetPlatform
[2016.01.30-12.54.54:895][  0]LogTemp:Display: Loaded TP Android_DXTTargetPlatform
[2016.01.30-12.54.54:897][  0]LogTemp:Display: Loaded TP Android_ETC1TargetPlatform
[2016.01.30-12.54.54:899][  0]LogTemp:Display: Loaded TP Android_ETC2TargetPlatform
[2016.01.30-12.54.54:901][  0]LogTemp:Display: Loaded TP Android_PVRTCTargetPlatform
[2016.01.30-12.54.54:902][  0]LogTemp:Display: Loaded TP HTML5TargetPlatform
[2016.01.30-12.54.54:917][  0]LogTemp:Display: Loaded TP IOSTargetPlatform
[2016.01.30-12.54.54:919][  0]LogTemp:Display: Loaded TP LinuxNoEditorTargetPlatform
[2016.01.30-12.54.54:921][  0]LogTemp:Display: Loaded TP LinuxServerTargetPlatform
[2016.01.30-12.54.54:924][  0]LogTemp:Display: Loaded TP LinuxTargetPlatform
[2016.01.30-12.54.54:924][  0]LogTargetPlatformManager:Display: Building Assets For Windows
[2016.01.30-12.54.54:973][  0]LogDerivedDataCache:Display: Max Cache Size: 512 MB
[2016.01.30-12.54.55:007][  0]LogDerivedDataCache: Loaded boot cache 0.03s 41MB C:/Users/VR/AppData/Local/UnrealEngine/4.9/DerivedDataCache/Boot.ddc.
[2016.01.30-12.54.55:007][  0]LogDerivedDataCache:Display: Loaded Boot cache: C:/Users/VR/AppData/Local/UnrealEngine/4.9/DerivedDataCache/Boot.ddc
[2016.01.30-12.54.55:007][  0]LogDerivedDataCache: FDerivedDataBackendGraph:  Pak pak cache file ../../../../../../UnrealProjects/GE_Project/DerivedDataCache/DDC.ddp not found, will not use a pak cache.
[2016.01.30-12.54.55:007][  0]LogDerivedDataCache: Unable to find inner node Pak for hierarchical cache Hierarchy.
[2016.01.30-12.54.55:008][  0]LogDerivedDataCache: FDerivedDataBackendGraph:  CompressedPak pak cache file ../../../../../../UnrealProjects/GE_Project/DerivedDataCache/Compressed.ddp not found, will not use a pak cache.
[2016.01.30-12.54.55:008][  0]LogDerivedDataCache: Unable to find inner node CompressedPak for hierarchical cache Hierarchy.
[2016.01.30-12.54.55:118][  0]LogDerivedDataCache:Display: Pak cache opened for reading ../../../Engine/DerivedDataCache/Compressed.ddp.
[2016.01.30-12.54.55:130][  0]LogDerivedDataCache: Using Local data cache path C:/Users/VR/AppData/Local/UnrealEngine/Common/DerivedDataCache: Writable
[2016.01.30-12.54.55:256][  0]LogInit: Selected Device Profile: [Windows]
[2016.01.30-12.54.55:258][  0]LogContentStreaming: Texture pool size is 0.000000MB
[2016.01.30-12.54.55:343][  0]LogMeshUtilities: No automatic mesh reduction module available
[2016.01.30-12.54.55:343][  0]LogMeshUtilities: No automatic mesh merging module available
[2016.01.30-12.54.55:515][  0]LogInit: WinSock: version 1.1 (2.2), MaxSocks=32767, MaxUdp=65467
[2016.01.30-12.54.56:022][  0]UdpMessaging: Initializing bridge on interface 0.0.0.0:0 to multicast group 230.0.0.1:6666.
[2016.01.30-12.54.56:138][  0]LogAssetRegistry: FAssetRegistry took 0.0105 seconds to start up
[2016.01.30-12.54.56:245][  0]SourceControl: Info Source control is disabled
[2016.01.30-12.54.56:250][  0]SourceControl: Info Source control is disabled
[2016.01.30-12.54.56:256][  0]SourceControl: Info Source control is disabled
[2016.01.30-12.54.56:264][  0]SourceControl: Info Source control is disabled
[2016.01.30-12.54.56:341][  0]LogLinker:Warning: Asset '../../../Engine/Plugins/Runtime/LeapMotionController/Content/LM_PassthroughMaterial.uasset' has been saved with empty engine version. The asset will be loaded but may be incompatible.
[2016.01.30-12.54.56:386][  0]LeapPluginLog: Using LeapPlugin version 0.9.6
[2016.01.30-12.54.56:390][  0]LogObj: 29249 objects as part of root set at end of initial load.
[2016.01.30-12.54.56:390][  0]LogUObjectAllocator: 6234272 out of 0 bytes used by permanent object pool.
[2016.01.30-12.54.56:434][  0]LogEngine: Initializing Engine...
[2016.01.30-12.54.56:436][  0]LogHMD: Can't find Oculus library dev build: is proper Runtime installed? Version: 0.7.0.0
[2016.01.30-12.54.56:818][  0]LogHMD: SteamVR initialized.  Driver: oculus  Display: 207KGV03FJGR
[2016.01.30-12.54.56:909][  0]LogAIModule: Creating AISystem for world NewWorld
[2016.01.30-12.54.56:912][  0]LogInit: XAudio2 using 'HP E221c-8 (NVIDIA High Definition Audio)' : 2 channels at 48 kHz using 16 bits per sample (channel mask 0x3)
[2016.01.30-12.54.56:921][  0]LogInit: FAudioDevice initialized.
[2016.01.30-12.54.56:941][  0]LogDerivedDataCache: Saved boot cache 0.02s 41MB C:/Users/VR/AppData/Local/UnrealEngine/4.9/DerivedDataCache/Boot.ddc.
[2016.01.30-12.54.56:945][  0]LogInit: Texture streaming: Enabled
[2016.01.30-12.54.56:950][  0]LogAnalytics: Creating configured Analytics provider AnalyticsET
[2016.01.30-12.54.56:950][  0]LogAnalytics: [UEEditor.Rocket.Release] APIServer = http://et2.epicgames.com/ET2/. AppVersion = 4.9.2-2707645+++depot+UE4-Releases+4.9
[2016.01.30-12.54.56:950][  0]LogAnalytics: [UEEditor.Rocket.Release] SetUserId 8c1436b7469470d4e6ebefb46ce7086e|15a5252fe37a4825a673547b0b937ab6|c39e7128-8a93-45bc-b94e-b28d0faf1958
[2016.01.30-12.54.56:950][  0]LogAnalytics: [UEEditor.Rocket.Release] AnalyticsET::StartSession
[2016.01.30-12.54.56:958][  0]LogWindowsTextInputMethodSystem:Display: IME system now deactivated.
[2016.01.30-12.54.56:968][  0]LogInit: Transaction tracking system initialized
[2016.01.30-12.54.56:982][  0]BlueprintLog: New page: Editor Load
[2016.01.30-12.54.57:029][  0]LocalizationService: Info Localization service is disabled
[2016.01.30-12.54.57:070][  0]LogLinker:Warning: Can't find file '/Game/FirstPersonBP/FirstPersonOverview'
[2016.01.30-12.54.57:070][  0]LogLinker:Warning: Can't find file '/Game/FirstPersonBP/FirstPersonOverview'
[2016.01.30-12.54.57:070][  0]LogUObjectGlobals:Warning: Failed to find object 'Class /Game/FirstPersonBP/FirstPersonOverview.FirstPersonOverview_C'
[2016.01.30-12.54.57:078][  0]LogConsoleResponse:Display: 
[2016.01.30-12.54.57:177][  0]LogCook:Display: Done creating registry. It took  0.00s.
[2016.01.30-12.54.57:208][  0]LogFileCache: Scanning file cache for directory 'D:/UnrealProjects/GE_Project/Content/' took 0.01s
[2016.01.30-12.54.57:208][  0]SourceControl: Info Source control is disabled
[2016.01.30-12.54.57:208][  0]Cmd: MAP LOAD FILE="../../../../../../UnrealProjects/GE_Project/Content/StarterContent/Maps/Minimal_Default.umap" TEMPLATE=0 SHOWPROGRESS=1 FEATURELEVEL=3
[2016.01.30-12.54.57:208][  0]LightingResults: New page: Lighting Build
[2016.01.30-12.54.57:210][  0]MapCheck: New page: Map Check
[2016.01.30-12.54.57:210][  0]LightingResults: New page: Lighting Build
[2016.01.30-12.54.57:220][  0]LogParticles: Destroying 0 GPU particle simulations for FXSystem 0x0000003F9DE47CE0
[2016.01.30-12.54.57:532][  0]LogAIModule: Creating AISystem for world Minimal_Default
[2016.01.30-12.54.57:538][  0]LogEditorServer: Finished looking for orphan Actors (0.000 secs)
[2016.01.30-12.54.57:538][  0]Cmd: MAP CHECKDEP NOCLEARLOG
[2016.01.30-12.54.57:571][  0]MapCheck: Info Map check complete: 0 Error(s), 0 Warning(s), took 32.723ms to complete.
[2016.01.30-12.54.57:571][  0]LogFileHelpers: Loading map 'Minimal_Default' took 0.362
[2016.01.30-12.54.57:651][  0]LogCollectionManager: Loaded 0 collections in 0.001256 seconds
[2016.01.30-12.54.57:695][  0]LogFileCache: Scanning file cache for directory 'D:/UnrealProjects/GE_Project/Saved/Collections/' took 0.01s
[2016.01.30-12.54.57:695][  0]LogFileCache: Scanning file cache for directory 'D:/UnrealProjects/GE_Project/Content/Developers/VR/Collections/' took 0.01s
[2016.01.30-12.54.57:695][  0]LogFileCache: Scanning file cache for directory 'D:/UnrealProjects/GE_Project/Content/Collections/' took 0.01s
[2016.01.30-12.54.57:695][  0]LogContentBrowser: Native class hierarchy populated in 0.0098 seconds. Added 1918 classes and 347 folders.
[2016.01.30-12.54.57:699][  0]LogCollectionManager: Rebuilt the GUID cache for 0 collections in 0.000002 seconds
[2016.01.30-12.54.57:703][  0]LogContentBrowser: Native class hierarchy updated for 'WidgetCarousel' in 0.0008 seconds. Added 0 classes and 0 folders.
[2016.01.30-12.54.57:736][  0]LogContentBrowser: Native class hierarchy updated for 'AddContentDialog' in 0.0014 seconds. Added 0 classes and 0 folders.
[2016.01.30-12.54.57:740][  0]LogContentBrowser: Native class hierarchy updated for 'SceneOutliner' in 0.0009 seconds. Added 1 classes and 2 folders.
[2016.01.30-12.54.57:786][  0]LogCrashTracker: Crashtracker disabled due to settings.
[2016.01.30-12.54.57:790][  0]LogUObjectGlobals:Warning: Failed to find object 'Class None.'
[2016.01.30-12.54.57:813][  0]LogLoad: Full Startup: 4.95 seconds (BP compile: 0.04 seconds)
[2016.01.30-12.54.57:860][  0]LogContentStreaming: Texture pool size now 1000 MB
[2016.01.30-12.54.57:965][  0]LogRenderer: Reallocating scene render targets to support 1216x576 (Frame:2).
[2016.01.30-12.54.58:834][  3]LogAssetRegistry: Asset discovery search completed in 2.7071 seconds
[2016.01.30-12.54.58:834][  3]LogCollectionManager: Rebuilt the object cache for 0 collections in 0.000001 seconds (found 0 objects)
[2016.01.30-12.54.58:834][  3]LogCollectionManager: Fixed up redirectors for 0 collections in 0.000019 seconds (updated 0 objects)
[2016.01.30-12.56.31:974][ 59]LogBlueprint:Warning: [compiler Ue4ASP_Character] Warning Input Axis Event references unknown Axis 'LookUp' for  InputAxis LookUp 
[2016.01.30-12.56.31:974][ 59]LogBlueprint:Warning: [compiler Ue4ASP_Character] Warning Input Axis Event references unknown Axis 'Turn' for  InputAxis Turn 
[2016.01.30-12.56.31:974][ 59]LogBlueprint:Warning: [compiler Ue4ASP_Character] Warning Input Axis Event references unknown Axis 'MoveRight' for  InputAxis MoveRight 
[2016.01.30-12.56.31:975][ 59]LogBlueprint:Warning: [compiler Ue4ASP_Character] Warning Input Axis Event references unknown Axis 'MoveForward' for  InputAxis MoveForward 
[2016.01.30-12.56.31:977][ 59]LogBlueprint:Warning: [compiler Ue4ASP_Character] Warning [0099.12] Compile of Ue4ASP_Character successful, but with 4 Warning(s) [in 5 ms]
[2016.01.30-12.56.31:977][ 59]LogBlueprint:Warning: [compiler Ue4ASP_Character] Warning [0099.12] Compile of Ue4ASP_Character successful, but with 5 Warning(s) [in 0 ms]
[2016.01.30-12.56.31:977][ 59]LogBlueprint:Warning: [compiler Ue4ASP_Character] Warning [0099.12] Compile of Ue4ASP_Character successful, but with 6 Warning(s) [in 0 ms]
[2016.01.30-12.56.32:030][ 59]LogBlueprint:Warning: [compiler Ue4ASP_Character] Warning Input Axis Event references unknown Axis 'LookUp' for  InputAxis LookUp 
[2016.01.30-12.56.32:030][ 59]LogBlueprint:Warning: [compiler Ue4ASP_Character] Warning Input Axis Event references unknown Axis 'Turn' for  InputAxis Turn 
[2016.01.30-12.56.32:030][ 59]LogBlueprint:Warning: [compiler Ue4ASP_Character] Warning Input Axis Event references unknown Axis 'MoveRight' for  InputAxis MoveRight 
[2016.01.30-12.56.32:030][ 59]LogBlueprint:Warning: [compiler Ue4ASP_Character] Warning Input Axis Event references unknown Axis 'MoveForward' for  InputAxis MoveForward 
[2016.01.30-12.56.32:032][ 59]LogBlueprint:Warning: [compiler Ue4ASP_Character] Warning [0099.17] Compile of Ue4ASP_Character successful, but with 4 Warning(s) [in 5 ms]
[2016.01.30-12.56.32:032][ 59]LogBlueprint:Warning: [compiler Ue4ASP_Character] Warning [0099.17] Compile of Ue4ASP_Character successful, but with 5 Warning(s) [in 0 ms]
[2016.01.30-12.56.32:033][ 59]LogBlueprint:Warning: [compiler Ue4ASP_Character] Warning [0099.17] Compile of Ue4ASP_Character successful, but with 6 Warning(s) [in 0 ms]
[2016.01.30-12.56.32:214][ 59]LogAIModule: Creating AISystem for world MyFirstLevel
[2016.01.30-12.56.32:246][ 59]Cmd: MAP LOAD FILE="../../../../../../UnrealProjects/GE_Project/Content/MyFirstLevel.umap" TEMPLATE=0 SHOWPROGRESS=1 FEATURELEVEL=3
[2016.01.30-12.56.32:246][ 59]LightingResults: New page: Lighting Build
[2016.01.30-12.56.32:261][ 59]LoadErrors: New page: Loading map: MyFirstLevel.umap
[2016.01.30-12.56.32:261][ 59]MapCheck: New page: Map Check
[2016.01.30-12.56.32:261][ 59]LightingResults: New page: Lighting Build
[2016.01.30-12.56.32:271][ 59]LogParticles: Destroying 0 GPU particle simulations for FXSystem 0x0000003F8B62F740
[2016.01.30-12.56.32:337][ 59]LogEditorServer: Finished looking for orphan Actors (0.000 secs)
[2016.01.30-12.56.32:372][ 59]Cmd: MAP CHECKDEP NOCLEARLOG
[2016.01.30-12.56.32:421][ 59]MapCheck: Info Map check complete: 0 Error(s), 0 Warning(s), took 48.429ms to complete.
[2016.01.30-12.56.32:421][ 59]LogFileHelpers: Loading map 'MyFirstLevel' took 0.176
[2016.01.30-12.56.32:456][ 60]Cmd: UpdateLandscapeEditorData -warnings
[2016.01.30-12.56.32:457][ 60]Cmd: UpdateLandscapeEditorData
[2016.01.30-12.56.35:259][383]LogBlueprintUserMessages: Early PlayInEditor Detection: Level '/Game/MyFirstLevel.MyFirstLevel:PersistentLevel' has LevelScriptBlueprint '/Game/MyFirstLevel.MyFirstLevel:PersistentLevel.MyFirstLevel' with GeneratedClass '/Game/MyFirstLevel.MyFirstLevel_C' with ClassGeneratedBy '/Game/MyFirstLevel.MyFirstLevel:PersistentLevel.MyFirstLevel'
[2016.01.30-12.56.35:259][383]LogPlayLevel: PlayLevel: No blueprints needed recompiling
[2016.01.30-12.56.35:259][383]PIE: New page: PIE session: MyFirstLevel (Jan 30, 2016, 2:56:35 PM)
[2016.01.30-12.56.35:259][383]LogPlayLevel: Creating play world package: /Game/UEDPIE_0_MyFirstLevel
[2016.01.30-12.56.35:268][383]LogPlayLevel: PIE: StaticDuplicateObject took: (0.008525s)
[2016.01.30-12.56.35:268][383]LogAIModule: Creating AISystem for world MyFirstLevel
[2016.01.30-12.56.35:268][383]LogPlayLevel: PIE: World Init took: (0.000521s)
[2016.01.30-12.56.35:269][383]LogPlayLevel: PIE: Created PIE world by copying editor world from /Game/MyFirstLevel.MyFirstLevel to /Game/UEDPIE_0_MyFirstLevel.MyFirstLevel (0.009266s)
[2016.01.30-12.56.35:269][383]LogActorComponent: UnregisterComponent: (/Engine/Transient.CharMoveComp) Not registered. Aborting.
[2016.01.30-12.56.35:282][383]LogInit: XAudio2 using 'HP E221c-8 (NVIDIA High Definition Audio)' : 2 channels at 48 kHz using 16 bits per sample (channel mask 0x3)
[2016.01.30-12.56.35:285][383]LogInit: FAudioDevice initialized.
[2016.01.30-12.56.35:402][383]LogWorld: Game class is 'BP_TheBeginningGameMode_C'
[2016.01.30-12.56.35:417][383]LogWorld: Bringing World /Game/UEDPIE_0_MyFirstLevel.MyFirstLevel up for play (max tick rate 0) at 2016.01.30-13.56.35
[2016.01.30-12.56.35:417][383]LogActor:Warning: GameSession /Game/UEDPIE_0_MyFirstLevel.MyFirstLevel:PersistentLevel.GameSession_0 has natively added scene component(s), but none of them were set as the actor's RootComponent - picking one arbitrarily
[2016.01.30-12.56.35:417][383]LogActor:Warning: GameNetworkManager /Game/UEDPIE_0_MyFirstLevel.MyFirstLevel:PersistentLevel.GameNetworkManager_0 has natively added scene component(s), but none of them were set as the actor's RootComponent - picking one arbitrarily
[2016.01.30-12.56.35:418][383]LogWorld: Bringing up level for play took: 0.014294
[2016.01.30-12.56.35:457][383]PIE: Info Play in editor start time for /Game/UEDPIE_0_MyFirstLevel -0.678
[2016.01.30-12.56.35:457][383]LogBlueprintUserMessages: Late PlayInEditor Detection: Level '/Game/MyFirstLevel.MyFirstLevel:PersistentLevel' has LevelScriptBlueprint '/Game/MyFirstLevel.MyFirstLevel:PersistentLevel.MyFirstLevel' with GeneratedClass '/Game/MyFirstLevel.MyFirstLevel_C' with ClassGeneratedBy '/Game/MyFirstLevel.MyFirstLevel:PersistentLevel.MyFirstLevel'
[2016.01.30-12.56.35:459][383]LogRenderer: Reallocating scene render targets to support 1648x780 (Frame:227).
[2016.01.30-12.56.37:861][665]LogActorComponent: UnregisterComponent: (/Engine/Transient.CharMoveComp) Not registered. Aborting.
[2016.01.30-12.56.37:862][665]LogActorComponent: UnregisterComponent: (/Engine/Transient.KinectInterface_GEN_VARIABLE) Not registered. Aborting.
[2016.01.30-12.56.37:979][665]LogWindowsTextInputMethodSystem:Display: IME system now deactivated.
[2016.01.30-12.56.38:104][665]LogBlueprintUserMessages: Early EndPlayMap Detection: Level '/Game/MyFirstLevel.MyFirstLevel:PersistentLevel' has LevelScriptBlueprint '/Game/MyFirstLevel.MyFirstLevel:PersistentLevel.MyFirstLevel' with GeneratedClass '/Game/MyFirstLevel.MyFirstLevel_C' with ClassGeneratedBy '/Game/MyFirstLevel.MyFirstLevel:PersistentLevel.MyFirstLevel'
[2016.01.30-12.56.38:139][665]LogBlueprintUserMessages: Late EndPlayMap Detection: Level '/Game/MyFirstLevel.MyFirstLevel:PersistentLevel' has LevelScriptBlueprint '/Game/MyFirstLevel.MyFirstLevel:PersistentLevel.MyFirstLevel' with GeneratedClass '/Game/MyFirstLevel.MyFirstLevel_C' with ClassGeneratedBy '/Game/MyFirstLevel.MyFirstLevel:PersistentLevel.MyFirstLevel'
[2016.01.30-12.56.38:156][665]LogParticles: Destroying 0 GPU particle simulations for FXSystem 0x0000003F8B85DA80
[2016.01.30-12.56.38:280][666]Cmd: QUIT_EDITOR
[2016.01.30-12.56.38:749][666]LogExit: Preparing to exit.
[2016.01.30-12.56.39:128][666]LogExit: Editor shut down
[2016.01.30-12.56.39:129][666]LogExit: Transaction tracking system shut down
[2016.01.30-12.56.39:129][666]LogParticles: Destroying 0 GPU particle simulations for FXSystem 0x0000003FBDB767A0
[2016.01.30-12.56.39:129][666]LogParticles: Destroying 0 GPU particle simulations for FXSystem 0x0000003FBDB76980
[2016.01.30-12.56.39:130][666]LogParticles: Destroying 0 GPU particle simulations for FXSystem 0x0000003FB0F6B880
[2016.01.30-12.56.39:131][666]LogParticles: Destroying 0 GPU particle simulations for FXSystem 0x0000003FC88B3C40
[2016.01.30-12.56.39:131][666]LogParticles: Destroying 0 GPU particle simulations for FXSystem 0x0000003F8B7DF560
[2016.01.30-12.56.39:143][666]LeapPluginLog: LeapController::CleanupEventData Delete Called
[2016.01.30-12.56.39:250][666]LogExit: Object subsystem successfully closed.
[2016.01.30-12.56.39:262][666]LogD3D11RHI: Shutdown
[2016.01.30-12.56.39:262][666]LogD3D11RHI: CleanupD3DDevice
[2016.01.30-12.56.39:310][666]LogD3D11RHI: ~FD3D11DynamicRHI
[2016.01.30-12.56.39:591][666]LogCrashTracker: 


[2016.01.30-12.56.39:591][666]LogCrashTracker: 


[2016.01.30-12.56.39:591][666]LogWindows: === Critical error: ===
Fatal error!



