[2016.03.24-13.50.57:403][  0]Log file open, 03/24/16 14:50:57
[2016.03.24-13.50.57:403][  0]LogInit:Display: Running engine for game: TheBeginning
[2016.03.24-13.50.57:403][  0]LogInit:Display: RandInit(1887297939) SRandInit(1887297940).
[2016.03.24-13.50.57:403][  0]LogTaskGraph: Started task graph with 4 named threads and 7 total threads.
[2016.03.24-13.50.57:403][  0]LogStats: Stats thread started at 0.075193
[2016.03.24-13.50.57:403][  0]LogInit: Version: 4.9.2-2707645+++depot+UE4-Releases+4.9
[2016.03.24-13.50.57:403][  0]LogInit: API Version: 2672455
[2016.03.24-13.50.57:403][  0]LogInit: Compiled (64-bit): Sep 28 2015 10:25:44
[2016.03.24-13.50.57:403][  0]LogInit: Compiled with Visual C++: 18.00.21005.01
[2016.03.24-13.50.57:403][  0]LogInit: Build Configuration: Development
[2016.03.24-13.50.57:403][  0]LogInit: Branch Name: ++depot+UE4-Releases+4.9
[2016.03.24-13.50.57:403][  0]LogInit: Command line:  
[2016.03.24-13.50.57:403][  0]LogInit: Base directory: D:/Programme/Epic Games/4.9/Engine/Binaries/Win64/
[2016.03.24-13.50.57:403][  0]LogInit: Rocket: 1
[2016.03.24-13.50.57:410][  0]LogInit: Using libcurl 7.41.0
[2016.03.24-13.50.57:410][  0]LogInit:  - built for x86_64-pc-win32
[2016.03.24-13.50.57:410][  0]LogInit:  - supports SSL with WinSSL
[2016.03.24-13.50.57:410][  0]LogInit:  - other features:
[2016.03.24-13.50.57:410][  0]LogInit:      CURL_VERSION_SSL
[2016.03.24-13.50.57:410][  0]LogInit:      CURL_VERSION_IPV6
[2016.03.24-13.50.57:410][  0]LogInit:      CURL_VERSION_ASYNCHDNS
[2016.03.24-13.50.57:410][  0]LogInit:      CURL_VERSION_LARGEFILE
[2016.03.24-13.50.57:410][  0]LogInit:      CURL_VERSION_IDN
[2016.03.24-13.50.57:410][  0]LogInit:  CurlRequestOptions (configurable via config and command line):
[2016.03.24-13.50.57:410][  0]LogInit:  - bVerifyPeer = true  - Libcurl will verify peer certificate
[2016.03.24-13.50.57:410][  0]LogInit:  - bUseHttpProxy = false  - Libcurl will NOT use HTTP proxy
[2016.03.24-13.50.57:410][  0]LogInit:  - bDontReuseConnections = false  - Libcurl will reuse connections
[2016.03.24-13.50.57:410][  0]LogInit:  - CertBundlePath = nullptr  - Libcurl will use whatever was configured at build time.
[2016.03.24-13.50.57:414][  0]LogInit: Presizing for 0 objects not considered by GC, pre-allocating 0 bytes.
[2016.03.24-13.50.57:420][  0]LogInit: Object subsystem initialized
[2016.03.24-13.50.57:421][  0]LogInit: Selected Device Profile: [Windows]
[2016.03.24-13.50.57:421][  0]LogInit: Applying CVar settings loaded from the selected device profile: [Windows]
[2016.03.24-13.50.57:428][  0]LogInit: Computer: PC1021500895
[2016.03.24-13.50.57:428][  0]LogInit: User: VR
[2016.03.24-13.50.57:428][  0]LogInit: CPU Page size=4096, Cores=4
[2016.03.24-13.50.57:428][  0]LogInit: High frequency timer resolution =3.507506 MHz
[2016.03.24-13.50.57:428][  0]LogMemory: Memory total: Physical=15.9GB (16GB approx)
[2016.03.24-13.50.57:428][  0]LogMemory: Platform Memory Stats for Windows
[2016.03.24-13.50.57:428][  0]LogMemory: Process Physical Memory: 53.21 MB used, 53.21 MB peak
[2016.03.24-13.50.57:428][  0]LogMemory: Process Virtual Memory: 55.17 MB used, 55.17 MB peak
[2016.03.24-13.50.57:428][  0]LogMemory: Physical Memory: 3120.66 MB used, 16261.17 MB total
[2016.03.24-13.50.57:428][  0]LogMemory: Virtual Memory: 346.75 MB used, 134217728.00 MB total
[2016.03.24-13.50.57:453][  0]LogTextLocalizationManager: No translations for ('de-DE') exist, falling back to 'en' for localization and internationalization data.
[2016.03.24-13.50.58:166][  0]LogD3D11RHI: Found D3D11 adapter 0: NVIDIA GeForce GTX 970 (Feature Level 11_0)
[2016.03.24-13.50.58:167][  0]LogD3D11RHI: Adapter has 3976MB of dedicated video memory, 0MB of dedicated system memory, and 8130MB of shared system memory, 1 output[s]
[2016.03.24-13.50.58:167][  0]LogD3D11RHI: Found D3D11 adapter 1: Microsoft Basic Render Driver (Feature Level 11_0)
[2016.03.24-13.50.58:167][  0]LogD3D11RHI: Adapter has 0MB of dedicated video memory, 0MB of dedicated system memory, and 256MB of shared system memory, 0 output[s]
[2016.03.24-13.50.58:167][  0]LogD3D11RHI: Chosen D3D11 Adapter Id = 0
[2016.03.24-13.50.58:171][  0]LogD3D11RHI: !Direct3DDevice
[2016.03.24-13.50.58:171][  0]LogRHI: Texture pool is 1361 MB (70% of 1945 MB)
[2016.03.24-13.50.58:181][  0]LogD3D11RHI: Async texture creation enabled
[2016.03.24-13.50.58:196][  0]LogShaderCompilers: Guid format shader working directory is 15 characters bigger than the processId version (../../../../../../UnrealProjects/GE_Project/Intermediate/Shaders/WorkingDirectory/1920/).
[2016.03.24-13.50.58:196][  0]LogShaderCompilers: Cleaned the shader compiler working directory '../../../../../../UnrealProjects/GE_Project/Intermediate/Shaders/tmp/8DAFB79348BE5B0918F5C39725F691C7/'.
[2016.03.24-13.50.58:196][  0]LogShaderCompilers:Display: Using Local Shader Compiler.
[2016.03.24-13.50.59:008][  0]LogTemp:Display: Loaded TP AllDesktopTargetPlatform
[2016.03.24-13.50.59:012][  0]LogTemp:Display: Loaded TP WindowsClientTargetPlatform
[2016.03.24-13.50.59:015][  0]LogTemp:Display: Loaded TP WindowsNoEditorTargetPlatform
[2016.03.24-13.50.59:018][  0]LogTemp:Display: Loaded TP WindowsServerTargetPlatform
[2016.03.24-13.50.59:021][  0]LogTemp:Display: Loaded TP WindowsTargetPlatform
[2016.03.24-13.50.59:024][  0]LogTemp:Display: Loaded TP AndroidTargetPlatform
[2016.03.24-13.50.59:026][  0]LogTemp:Display: Loaded TP Android_ASTCTargetPlatform
[2016.03.24-13.50.59:028][  0]LogTemp:Display: Loaded TP Android_ATCTargetPlatform
[2016.03.24-13.50.59:030][  0]LogTemp:Display: Loaded TP Android_DXTTargetPlatform
[2016.03.24-13.50.59:032][  0]LogTemp:Display: Loaded TP Android_ETC1TargetPlatform
[2016.03.24-13.50.59:034][  0]LogTemp:Display: Loaded TP Android_ETC2TargetPlatform
[2016.03.24-13.50.59:038][  0]LogTemp:Display: Loaded TP Android_PVRTCTargetPlatform
[2016.03.24-13.50.59:039][  0]LogTemp:Display: Loaded TP HTML5TargetPlatform
[2016.03.24-13.50.59:055][  0]LogTemp:Display: Loaded TP IOSTargetPlatform
[2016.03.24-13.50.59:058][  0]LogTemp:Display: Loaded TP LinuxNoEditorTargetPlatform
[2016.03.24-13.50.59:062][  0]LogTemp:Display: Loaded TP LinuxServerTargetPlatform
[2016.03.24-13.50.59:065][  0]LogTemp:Display: Loaded TP LinuxTargetPlatform
[2016.03.24-13.50.59:065][  0]LogTargetPlatformManager:Display: Building Assets For Windows
[2016.03.24-13.50.59:128][  0]LogDerivedDataCache:Display: Max Cache Size: 512 MB
[2016.03.24-13.50.59:166][  0]LogDerivedDataCache: Loaded boot cache 0.04s 41MB C:/Users/VR/AppData/Local/UnrealEngine/4.9/DerivedDataCache/Boot.ddc.
[2016.03.24-13.50.59:166][  0]LogDerivedDataCache:Display: Loaded Boot cache: C:/Users/VR/AppData/Local/UnrealEngine/4.9/DerivedDataCache/Boot.ddc
[2016.03.24-13.50.59:166][  0]LogDerivedDataCache: FDerivedDataBackendGraph:  Pak pak cache file ../../../../../../UnrealProjects/GE_Project/DerivedDataCache/DDC.ddp not found, will not use a pak cache.
[2016.03.24-13.50.59:166][  0]LogDerivedDataCache: Unable to find inner node Pak for hierarchical cache Hierarchy.
[2016.03.24-13.50.59:167][  0]LogDerivedDataCache: FDerivedDataBackendGraph:  CompressedPak pak cache file ../../../../../../UnrealProjects/GE_Project/DerivedDataCache/Compressed.ddp not found, will not use a pak cache.
[2016.03.24-13.50.59:167][  0]LogDerivedDataCache: Unable to find inner node CompressedPak for hierarchical cache Hierarchy.
[2016.03.24-13.50.59:281][  0]LogDerivedDataCache:Display: Pak cache opened for reading ../../../Engine/DerivedDataCache/Compressed.ddp.
[2016.03.24-13.50.59:293][  0]LogDerivedDataCache: Using Local data cache path C:/Users/VR/AppData/Local/UnrealEngine/Common/DerivedDataCache: Writable
[2016.03.24-13.50.59:426][  0]LogInit: Selected Device Profile: [Windows]
[2016.03.24-13.50.59:428][  0]LogContentStreaming: Texture pool size is 0.000000MB
[2016.03.24-13.50.59:517][  0]LogMeshUtilities: No automatic mesh reduction module available
[2016.03.24-13.50.59:517][  0]LogMeshUtilities: No automatic mesh merging module available
[2016.03.24-13.50.59:692][  0]LogInit: WinSock: version 1.1 (2.2), MaxSocks=32767, MaxUdp=65467
[2016.03.24-13.51.00:216][  0]UdpMessaging: Initializing bridge on interface 0.0.0.0:0 to multicast group 230.0.0.1:6666.
[2016.03.24-13.51.00:307][  0]LogAssetRegistry: FAssetRegistry took 0.0111 seconds to start up
[2016.03.24-13.51.00:426][  0]SourceControl: Info Source control is disabled
[2016.03.24-13.51.00:432][  0]SourceControl: Info Source control is disabled
[2016.03.24-13.51.00:437][  0]SourceControl: Info Source control is disabled
[2016.03.24-13.51.00:442][  0]SourceControl: Info Source control is disabled
[2016.03.24-13.51.00:531][  0]LogLinker:Warning: Asset '../../../Engine/Plugins/Runtime/LeapMotionController/Content/LM_PassthroughMaterial.uasset' has been saved with empty engine version. The asset will be loaded but may be incompatible.
[2016.03.24-13.51.00:587][  0]LeapPluginLog: Using LeapPlugin version 0.9.6
[2016.03.24-13.51.00:591][  0]LogObj: 29068 objects as part of root set at end of initial load.
[2016.03.24-13.51.00:591][  0]LogUObjectAllocator: 6193688 out of 0 bytes used by permanent object pool.
[2016.03.24-13.51.00:635][  0]LogEngine: Initializing Engine...
[2016.03.24-13.51.00:636][  0]LogHMD: Can't find Oculus library dev build: is proper Runtime installed? Version: 0.7.0.0
[2016.03.24-13.51.00:891][  0]LogHMD: SteamVR initialized.  Driver: oculus  Display: 207KGV03FJGR
[2016.03.24-13.51.00:990][  0]LogAIModule: Creating AISystem for world NewWorld
[2016.03.24-13.51.01:001][  0]LogInit: XAudio2 using 'HP E221c-8 (NVIDIA High Definition Audio)' : 2 channels at 48 kHz using 16 bits per sample (channel mask 0x3)
[2016.03.24-13.51.01:018][  0]LogInit: FAudioDevice initialized.
[2016.03.24-13.51.01:037][  0]LogDerivedDataCache: Saved boot cache 0.02s 41MB C:/Users/VR/AppData/Local/UnrealEngine/4.9/DerivedDataCache/Boot.ddc.
[2016.03.24-13.51.01:041][  0]LogInit: Texture streaming: Enabled
[2016.03.24-13.51.01:043][  0]LogAnalytics: Creating configured Analytics provider AnalyticsET
[2016.03.24-13.51.01:044][  0]LogAnalytics: [UEEditor.Rocket.Release] APIServer = http://et2.epicgames.com/ET2/. AppVersion = 4.9.2-2707645+++depot+UE4-Releases+4.9
[2016.03.24-13.51.01:044][  0]LogAnalytics: [UEEditor.Rocket.Release] SetUserId 8c1436b7469470d4e6ebefb46ce7086e|0318ce7eb266467aa7a1e63543527494|c39e7128-8a93-45bc-b94e-b28d0faf1958
[2016.03.24-13.51.01:044][  0]LogAnalytics: [UEEditor.Rocket.Release] AnalyticsET::StartSession
[2016.03.24-13.51.01:052][  0]LogWindowsTextInputMethodSystem:Display: IME system now deactivated.
[2016.03.24-13.51.01:061][  0]LogInit: Transaction tracking system initialized
[2016.03.24-13.51.01:081][  0]BlueprintLog: New page: Editor Load
[2016.03.24-13.51.01:134][  0]LocalizationService: Info Localization service is disabled
[2016.03.24-13.51.01:184][  0]LogLinker:Warning: Can't find file '/Game/FirstPersonBP/FirstPersonOverview'
[2016.03.24-13.51.01:185][  0]LogLinker:Warning: Can't find file '/Game/FirstPersonBP/FirstPersonOverview'
[2016.03.24-13.51.01:185][  0]LogUObjectGlobals:Warning: Failed to find object 'Class /Game/FirstPersonBP/FirstPersonOverview.FirstPersonOverview_C'
[2016.03.24-13.51.01:192][  0]LogConsoleResponse:Display: 
[2016.03.24-13.51.01:292][  0]LogCook:Display: Done creating registry. It took  0.00s.
[2016.03.24-13.51.01:327][  0]LogFileCache: Scanning file cache for directory 'D:/UnrealProjects/GE_Project/Content/' took 0.01s
[2016.03.24-13.51.01:327][  0]SourceControl: Info Source control is disabled
[2016.03.24-13.51.01:327][  0]Cmd: MAP LOAD FILE="../../../../../../UnrealProjects/GE_Project/Content/StarterContent/Maps/Minimal_Default.umap" TEMPLATE=0 SHOWPROGRESS=1 FEATURELEVEL=3
[2016.03.24-13.51.01:327][  0]LightingResults: New page: Lighting Build
[2016.03.24-13.51.01:329][  0]MapCheck: New page: Map Check
[2016.03.24-13.51.01:329][  0]LightingResults: New page: Lighting Build
[2016.03.24-13.51.01:339][  0]LogParticles: Destroying 0 GPU particle simulations for FXSystem 0x0000008D987BA3E0
[2016.03.24-13.51.01:668][  0]LogAIModule: Creating AISystem for world Minimal_Default
[2016.03.24-13.51.01:674][  0]LogEditorServer: Finished looking for orphan Actors (0.000 secs)
[2016.03.24-13.51.01:675][  0]Cmd: MAP CHECKDEP NOCLEARLOG
[2016.03.24-13.51.01:719][  0]MapCheck: Info Map check complete: 0 Error(s), 0 Warning(s), took 43.978ms to complete.
[2016.03.24-13.51.01:719][  0]LogFileHelpers: Loading map 'Minimal_Default' took 0.392
[2016.03.24-13.51.01:814][  0]LogCollectionManager: Loaded 0 collections in 0.000988 seconds
[2016.03.24-13.51.01:858][  0]LogFileCache: Scanning file cache for directory 'D:/UnrealProjects/GE_Project/Saved/Collections/' took 0.01s
[2016.03.24-13.51.01:858][  0]LogFileCache: Scanning file cache for directory 'D:/UnrealProjects/GE_Project/Content/Developers/VR/Collections/' took 0.01s
[2016.03.24-13.51.01:858][  0]LogFileCache: Scanning file cache for directory 'D:/UnrealProjects/GE_Project/Content/Collections/' took 0.01s
[2016.03.24-13.51.01:858][  0]LogContentBrowser: Native class hierarchy populated in 0.0110 seconds. Added 1901 classes and 339 folders.
[2016.03.24-13.51.01:862][  0]LogCollectionManager: Rebuilt the GUID cache for 0 collections in 0.000002 seconds
[2016.03.24-13.51.01:872][  0]LogContentBrowser: Native class hierarchy updated for 'WidgetCarousel' in 0.0012 seconds. Added 0 classes and 0 folders.
[2016.03.24-13.51.01:903][  0]LogContentBrowser: Native class hierarchy updated for 'AddContentDialog' in 0.0008 seconds. Added 0 classes and 0 folders.
[2016.03.24-13.51.01:907][  0]LogContentBrowser: Native class hierarchy updated for 'SceneOutliner' in 0.0012 seconds. Added 1 classes and 2 folders.
[2016.03.24-13.51.01:952][  0]LogCrashTracker: Crashtracker disabled due to settings.
[2016.03.24-13.51.01:956][  0]LogUObjectGlobals:Warning: Failed to find object 'Class None.'
[2016.03.24-13.51.01:978][  0]LogLoad: Full Startup: 5.22 seconds (BP compile: 0.04 seconds)
[2016.03.24-13.51.02:053][  0]LogContentStreaming: Texture pool size now 1000 MB
[2016.03.24-13.51.02:185][  0]LogRenderer: Reallocating scene render targets to support 1216x576 (Frame:2).
[2016.03.24-13.51.02:329][  1]LogFileCache: Retrieving MD5 hashes for directory 'D:/UnrealProjects/GE_Project/Content/' took 0.33s
[2016.03.24-13.51.03:006][  3]LogAssetRegistry: Asset discovery search completed in 2.7102 seconds
[2016.03.24-13.51.03:006][  3]LogCollectionManager: Rebuilt the object cache for 0 collections in 0.000001 seconds (found 0 objects)
[2016.03.24-13.51.03:006][  3]LogCollectionManager: Fixed up redirectors for 0 collections in 0.000018 seconds (updated 0 objects)
[2016.03.24-13.51.13:618][948]LogBlueprint:Warning: [compiler Ue4ASP_Character] Warning Input Axis Event references unknown Axis 'LookUp' for  InputAxis LookUp 
[2016.03.24-13.51.13:619][948]LogBlueprint:Warning: [compiler Ue4ASP_Character] Warning Input Axis Event references unknown Axis 'Turn' for  InputAxis Turn 
[2016.03.24-13.51.13:619][948]LogBlueprint:Warning: [compiler Ue4ASP_Character] Warning Input Axis Event references unknown Axis 'MoveRight' for  InputAxis MoveRight 
[2016.03.24-13.51.13:619][948]LogBlueprint:Warning: [compiler Ue4ASP_Character] Warning Input Axis Event references unknown Axis 'MoveForward' for  InputAxis MoveForward 
[2016.03.24-13.51.13:621][948]LogBlueprint:Warning: [compiler Ue4ASP_Character] Warning [0016.86] Compile of Ue4ASP_Character successful, but with 4 Warning(s) [in 5 ms]
[2016.03.24-13.51.13:621][948]LogBlueprint:Warning: [compiler Ue4ASP_Character] Warning [0016.86] Compile of Ue4ASP_Character successful, but with 5 Warning(s) [in 0 ms]
[2016.03.24-13.51.13:621][948]LogBlueprint:Warning: [compiler Ue4ASP_Character] Warning [0016.86] Compile of Ue4ASP_Character successful, but with 6 Warning(s) [in 0 ms]
[2016.03.24-13.51.13:679][948]LogBlueprint:Warning: [compiler Ue4ASP_Character] Warning Input Axis Event references unknown Axis 'LookUp' for  InputAxis LookUp 
[2016.03.24-13.51.13:679][948]LogBlueprint:Warning: [compiler Ue4ASP_Character] Warning Input Axis Event references unknown Axis 'Turn' for  InputAxis Turn 
[2016.03.24-13.51.13:680][948]LogBlueprint:Warning: [compiler Ue4ASP_Character] Warning Input Axis Event references unknown Axis 'MoveRight' for  InputAxis MoveRight 
[2016.03.24-13.51.13:680][948]LogBlueprint:Warning: [compiler Ue4ASP_Character] Warning Input Axis Event references unknown Axis 'MoveForward' for  InputAxis MoveForward 
[2016.03.24-13.51.13:682][948]LogBlueprint:Warning: [compiler Ue4ASP_Character] Warning [0016.92] Compile of Ue4ASP_Character successful, but with 4 Warning(s) [in 6 ms]
[2016.03.24-13.51.13:682][948]LogBlueprint:Warning: [compiler Ue4ASP_Character] Warning [0016.92] Compile of Ue4ASP_Character successful, but with 5 Warning(s) [in 0 ms]
[2016.03.24-13.51.13:683][948]LogBlueprint:Warning: [compiler Ue4ASP_Character] Warning [0016.92] Compile of Ue4ASP_Character successful, but with 6 Warning(s) [in 0 ms]
[2016.03.24-13.51.14:133][948]LogAIModule: Creating AISystem for world MyFirstLevel
[2016.03.24-13.51.14:140][948]LogParticles:Warning: InitializeSystem called on an unregistered component. Template=/Game/Snow.Snow Component=/Game/MyFirstLevel.MyFirstLevel:PersistentLevel.Snow_2.ParticleSystemComponent0
[2016.03.24-13.51.14:140][948]LogParticles:Warning: InitializeSystem called on an unregistered component. Template=/Game/StarterContent/Particles/P_Fire.P_Fire Component=/Game/MyFirstLevel.MyFirstLevel:PersistentLevel.P_Fire_2.ParticleSystemComponent0
[2016.03.24-13.51.14:183][948]Cmd: MAP LOAD FILE="../../../../../../UnrealProjects/GE_Project/Content/MyFirstLevel.umap" TEMPLATE=0 SHOWPROGRESS=1 FEATURELEVEL=3
[2016.03.24-13.51.14:183][948]LightingResults: New page: Lighting Build
[2016.03.24-13.51.14:198][948]LoadErrors: New page: Loading map: MyFirstLevel.umap
[2016.03.24-13.51.14:198][948]MapCheck: New page: Map Check
[2016.03.24-13.51.14:198][948]LightingResults: New page: Lighting Build
[2016.03.24-13.51.14:210][948]LogParticles: Destroying 0 GPU particle simulations for FXSystem 0x0000008D8715F380
[2016.03.24-13.51.14:405][948]LogEditorServer: Finished looking for orphan Actors (0.000 secs)
[2016.03.24-13.51.14:461][948]Cmd: MAP CHECKDEP NOCLEARLOG
[2016.03.24-13.51.14:510][948]MapCheck: Info Map check complete: 0 Error(s), 0 Warning(s), took 49.261ms to complete.
[2016.03.24-13.51.14:510][948]LogFileHelpers: Loading map 'MyFirstLevel' took 0.328
[2016.03.24-13.51.14:539][949]Cmd: UpdateLandscapeEditorData -warnings
[2016.03.24-13.51.14:545][949]Cmd: UpdateLandscapeEditorData
[2016.03.24-13.52.10:997][680]LogPlayLevel: PlayLevel: No blueprints needed recompiling
[2016.03.24-13.52.10:998][680]PIE: New page: PIE session: MyFirstLevel (Mar 24, 2016, 3:52:10 PM)
[2016.03.24-13.52.10:998][680]LogPlayLevel: Creating play world package: /Game/UEDPIE_0_MyFirstLevel
[2016.03.24-13.52.11:037][680]LogPlayLevel: PIE: StaticDuplicateObject took: (0.038932s)
[2016.03.24-13.52.11:037][680]LogAIModule: Creating AISystem for world MyFirstLevel
[2016.03.24-13.52.11:037][680]LogPlayLevel: PIE: World Init took: (0.000490s)
[2016.03.24-13.52.11:037][680]LogPlayLevel: PIE: Created PIE world by copying editor world from /Game/MyFirstLevel.MyFirstLevel to /Game/UEDPIE_0_MyFirstLevel.MyFirstLevel (0.039609s)
[2016.03.24-13.52.11:037][680]LogActorComponent: UnregisterComponent: (/Engine/Transient.CharMoveComp) Not registered. Aborting.
[2016.03.24-13.52.11:064][680]LogInit: XAudio2 using 'HP E221c-8 (NVIDIA High Definition Audio)' : 2 channels at 48 kHz using 16 bits per sample (channel mask 0x3)
[2016.03.24-13.52.11:077][680]LogInit: FAudioDevice initialized.
[2016.03.24-13.52.11:196][680]LogLinker:Warning: Can't find file '/Script/Kinect4Unreal'
[2016.03.24-13.52.11:196][680]LogLinker:Warning: Can't find file for asset '/Script/Kinect4Unreal' while loading ../../../../../../UnrealProjects/GE_Project/Content/BP_Avatar.uasset.
[2016.03.24-13.52.11:196][680]LoadErrors:Error: Error /Game/BP_Avatar : Can't find file for asset. /Script/Kinect4Unreal
[2016.03.24-13.52.11:196][680]LogLinker:Warning: Can't find file '/Script/Kinect4Unreal'
[2016.03.24-13.52.11:196][680]LogLinker:Warning: Can't find file for asset '/Script/Kinect4Unreal' while loading ../../../../../../UnrealProjects/GE_Project/Content/BP_Avatar.uasset.
[2016.03.24-13.52.11:197][680]LogLinker:Warning: Can't find file '/Script/Kinect4Unreal'
[2016.03.24-13.52.11:197][680]LogLinker:Warning: Can't find file for asset '/Script/Kinect4Unreal' while loading ../../../../../../UnrealProjects/GE_Project/Content/BP_Avatar.uasset.
[2016.03.24-13.52.11:197][680]LogLinker:Warning: Can't find file '/Script/Kinect4Unreal'
[2016.03.24-13.52.11:197][680]LogLinker:Warning: Can't find file for asset '/Script/Kinect4Unreal' while loading ../../../../../../UnrealProjects/GE_Project/Content/BP_Avatar.uasset.
[2016.03.24-13.52.11:197][680]LogLinker:Warning: Can't find file '/Script/Kinect4Unreal'
[2016.03.24-13.52.11:197][680]LogLinker:Warning: Can't find file for asset '/Script/Kinect4Unreal' while loading ../../../../../../UnrealProjects/GE_Project/Content/BP_Avatar.uasset.
[2016.03.24-13.52.11:197][680]LogLinker:Warning: Can't find file '/Script/Kinect4Unreal'
[2016.03.24-13.52.11:197][680]LogLinker:Warning: Can't find file for asset '/Script/Kinect4Unreal' while loading ../../../../../../UnrealProjects/GE_Project/Content/BP_Avatar.uasset.
[2016.03.24-13.52.11:197][680]LogLinker:Warning: Can't find file '/Script/Kinect4Unreal'
[2016.03.24-13.52.11:197][680]LogLinker:Warning: Can't find file for asset '/Script/Kinect4Unreal' while loading ../../../../../../UnrealProjects/GE_Project/Content/BP_Avatar.uasset.
[2016.03.24-13.52.11:197][680]LogLinker:Warning: Can't find file '/Script/Kinect4Unreal'
[2016.03.24-13.52.11:197][680]LogLinker:Warning: Can't find file for asset '/Script/Kinect4Unreal' while loading ../../../../../../UnrealProjects/GE_Project/Content/BP_Avatar.uasset.
[2016.03.24-13.52.11:198][680]LogLinker:Warning: Can't find file '/Script/Kinect4Unreal'
[2016.03.24-13.52.11:198][680]LogLinker:Warning: Can't find file for asset '/Script/Kinect4Unreal' while loading ../../../../../../UnrealProjects/GE_Project/Content/BP_Avatar.uasset.
[2016.03.24-13.52.11:199][680]LogLinker:Warning: Can't find file '/Script/Kinect4Unreal'
[2016.03.24-13.52.11:199][680]LoadErrors: Info Failed to load /Script/Kinect4Unreal.EBodyNumber Referenced by CallFunc_GetCenteredBody_CenteredBody
[2016.03.24-13.52.11:199][680]LogLinker:Warning: Can't find file for asset '/Script/Kinect4Unreal' while loading ../../../../../../UnrealProjects/GE_Project/Content/Blueprints/BP_TheBeginningGameMode.uasset.
[2016.03.24-13.52.11:199][680]LoadErrors:Error: Error /Game/Blueprints/BP_TheBeginningGameMode : Can't find file for asset. /Script/Kinect4Unreal
[2016.03.24-13.52.11:199][680]LogLinker:Warning: Can't find file '/Script/Kinect4Unreal'
[2016.03.24-13.52.11:199][680]LoadErrors: Info Failed to load /Script/Kinect4Unreal.EHandState Referenced by CallFunc_GetHandStateAsExecution_HandState
[2016.03.24-13.52.11:199][680]LogLinker:Warning: Can't find file for asset '/Script/Kinect4Unreal' while loading ../../../../../../UnrealProjects/GE_Project/Content/Blueprints/BP_TheBeginningGameMode.uasset.
[2016.03.24-13.52.11:199][680]LogLinker:Warning: Can't find file '/Script/Kinect4Unreal'
[2016.03.24-13.52.11:199][680]LoadErrors: Info Failed to load /Script/Kinect4Unreal.EHandState Referenced by CallFunc_GetHandStateAsExecution_HandState2
[2016.03.24-13.52.11:199][680]LogLinker:Warning: Can't find file for asset '/Script/Kinect4Unreal' while loading ../../../../../../UnrealProjects/GE_Project/Content/Blueprints/BP_TheBeginningGameMode.uasset.
[2016.03.24-13.52.11:200][680]LogLinker:Warning: Can't find file '/Script/Kinect4Unreal'
[2016.03.24-13.52.11:200][680]LogLinker:Warning: Can't find file for asset '/Script/Kinect4Unreal' while loading ../../../../../../UnrealProjects/GE_Project/Content/Blueprints/BP_TheBeginningGameMode.uasset.
[2016.03.24-13.52.11:200][680]LogLinker:Warning: Can't find file '/Script/Kinect4Unreal'
[2016.03.24-13.52.11:200][680]LogLinker:Warning: Can't find file for asset '/Script/Kinect4Unreal' while loading ../../../../../../UnrealProjects/GE_Project/Content/Blueprints/BP_TheBeginningGameMode.uasset.
[2016.03.24-13.52.11:200][680]LogLinker:Warning: Can't find file '/Script/Kinect4Unreal'
[2016.03.24-13.52.11:200][680]LogLinker:Warning: Can't find file for asset '/Script/Kinect4Unreal' while loading ../../../../../../UnrealProjects/GE_Project/Content/Blueprints/BP_TheBeginningGameMode.uasset.
[2016.03.24-13.52.11:200][680]LogLinker:Warning: Can't find file '/Script/Kinect4Unreal'
[2016.03.24-13.52.11:200][680]LogLinker:Warning: Can't find file for asset '/Script/Kinect4Unreal' while loading ../../../../../../UnrealProjects/GE_Project/Content/Blueprints/BP_TheBeginningGameMode.uasset.
[2016.03.24-13.52.11:200][680]LogLinker:Warning: Can't find file '/Script/Kinect4Unreal'
[2016.03.24-13.52.11:200][680]LogLinker:Warning: Can't find file for asset '/Script/Kinect4Unreal' while loading ../../../../../../UnrealProjects/GE_Project/Content/Blueprints/BP_TheBeginningGameMode.uasset.
[2016.03.24-13.52.11:200][680]LogLinker:Warning: Can't find file '/Script/Kinect4Unreal'
[2016.03.24-13.52.11:200][680]LogLinker:Warning: Can't find file for asset '/Script/Kinect4Unreal' while loading ../../../../../../UnrealProjects/GE_Project/Content/Blueprints/BP_TheBeginningGameMode.uasset.
[2016.03.24-13.52.11:201][680]LogLinker:Warning: Can't find file '/Script/Kinect4Unreal'
[2016.03.24-13.52.11:201][680]LogLinker:Warning: Can't find file for asset '/Script/Kinect4Unreal' while loading ../../../../../../UnrealProjects/GE_Project/Content/Blueprints/BP_TheBeginningGameMode.uasset.
[2016.03.24-13.52.11:201][680]LogLinker:Warning: Can't find file '/Script/Kinect4Unreal'
[2016.03.24-13.52.11:201][680]LogLinker:Warning: Can't find file for asset '/Script/Kinect4Unreal' while loading ../../../../../../UnrealProjects/GE_Project/Content/Blueprints/BP_TheBeginningGameMode.uasset.
[2016.03.24-13.52.11:201][680]LogLinker:Warning: Can't find file '/Script/Kinect4Unreal'
[2016.03.24-13.52.11:201][680]LogLinker:Warning: Can't find file for asset '/Script/Kinect4Unreal' while loading ../../../../../../UnrealProjects/GE_Project/Content/Blueprints/BP_TheBeginningGameMode.uasset.
[2016.03.24-13.52.11:201][680]LogLinker:Warning: Can't find file '/Script/Kinect4Unreal'
[2016.03.24-13.52.11:201][680]LogLinker:Warning: Can't find file for asset '/Script/Kinect4Unreal' while loading ../../../../../../UnrealProjects/GE_Project/Content/Blueprints/BP_TheBeginningGameMode.uasset.
[2016.03.24-13.52.11:208][680]LogLinker:Warning: Can't find file '/Script/Kinect4Unreal'
[2016.03.24-13.52.11:208][680]LoadErrors: Info Failed to load /Script/Kinect4Unreal.KinectInterfaceComponent Referenced by K2Node_CallFunction_2700
[2016.03.24-13.52.11:208][680]LogLinker:Warning: Can't find file for asset '/Script/Kinect4Unreal' while loading ../../../../../../UnrealProjects/GE_Project/Content/Blueprints/BP_TheBeginningGameMode.uasset.
[2016.03.24-13.52.11:209][680]LogLinker:Warning: Can't find file '/Script/Kinect4Unreal'
[2016.03.24-13.52.11:209][680]LoadErrors: Info Failed to load /Script/Kinect4Unreal.KinectInterfaceComponent Referenced by EdGraphPin_7622
[2016.03.24-13.52.11:209][680]LogLinker:Warning: Can't find file for asset '/Script/Kinect4Unreal' while loading ../../../../../../UnrealProjects/GE_Project/Content/Blueprints/BP_TheBeginningGameMode.uasset.
[2016.03.24-13.52.11:209][680]LogLinker:Warning: Can't find file '/Script/Kinect4Unreal'
[2016.03.24-13.52.11:209][680]LoadErrors: Info Failed to load /Script/Kinect4Unreal.EBodyNumber Referenced by EdGraphPin_7623
[2016.03.24-13.52.11:209][680]LogLinker:Warning: Can't find file for asset '/Script/Kinect4Unreal' while loading ../../../../../../UnrealProjects/GE_Project/Content/Blueprints/BP_TheBeginningGameMode.uasset.
[2016.03.24-13.52.11:209][680]LogLinker:Warning: Can't find file '/Script/Kinect4Unreal'
[2016.03.24-13.52.11:209][680]LoadErrors: Info Failed to load /Script/Kinect4Unreal.KinectInterfaceComponent Referenced by EdGraphPin_7209
[2016.03.24-13.52.11:209][680]LogLinker:Warning: Can't find file for asset '/Script/Kinect4Unreal' while loading ../../../../../../UnrealProjects/GE_Project/Content/Blueprints/BP_TheBeginningGameMode.uasset.
[2016.03.24-13.52.11:210][680]LogLinker:Warning: Can't find file '/Script/Kinect4Unreal'
[2016.03.24-13.52.11:210][680]LoadErrors: Info Failed to load /Script/Kinect4Unreal.KinectInterfaceComponent Referenced by K2Node_CallFunction_2761
[2016.03.24-13.52.11:210][680]LogLinker:Warning: Can't find file for asset '/Script/Kinect4Unreal' while loading ../../../../../../UnrealProjects/GE_Project/Content/Blueprints/BP_TheBeginningGameMode.uasset.
[2016.03.24-13.52.11:210][680]LogLinker:Warning: Can't find file '/Script/Kinect4Unreal'
[2016.03.24-13.52.11:210][680]LoadErrors: Info Failed to load /Script/Kinect4Unreal.KinectInterfaceComponent Referenced by EdGraphPin_7637
[2016.03.24-13.52.11:210][680]LogLinker:Warning: Can't find file for asset '/Script/Kinect4Unreal' while loading ../../../../../../UnrealProjects/GE_Project/Content/Blueprints/BP_TheBeginningGameMode.uasset.
[2016.03.24-13.52.11:211][680]LogLinker:Warning: Can't find file '/Script/Kinect4Unreal'
[2016.03.24-13.52.11:211][680]LoadErrors: Info Failed to load /Script/Kinect4Unreal.EKinectJoints Referenced by EdGraphPin_7638
[2016.03.24-13.52.11:211][680]LogLinker:Warning: Can't find file for asset '/Script/Kinect4Unreal' while loading ../../../../../../UnrealProjects/GE_Project/Content/Blueprints/BP_TheBeginningGameMode.uasset.
[2016.03.24-13.52.11:211][680]LogLinker:Warning: Can't find file '/Script/Kinect4Unreal'
[2016.03.24-13.52.11:211][680]LoadErrors: Info Failed to load /Script/Kinect4Unreal.EKinectJoints Referenced by EdGraphPin_7639
[2016.03.24-13.52.11:211][680]LogLinker:Warning: Can't find file for asset '/Script/Kinect4Unreal' while loading ../../../../../../UnrealProjects/GE_Project/Content/Blueprints/BP_TheBeginningGameMode.uasset.
[2016.03.24-13.52.11:211][680]LogLinker:Warning: Can't find file '/Script/Kinect4Unreal'
[2016.03.24-13.52.11:211][680]LoadErrors: Info Failed to load /Script/Kinect4Unreal.EBodyNumber Referenced by EdGraphPin_7640
[2016.03.24-13.52.11:211][680]LogLinker:Warning: Can't find file for asset '/Script/Kinect4Unreal' while loading ../../../../../../UnrealProjects/GE_Project/Content/Blueprints/BP_TheBeginningGameMode.uasset.
[2016.03.24-13.52.11:211][680]LogLinker:Warning: Can't find file '/Script/Kinect4Unreal'
[2016.03.24-13.52.11:212][680]LoadErrors: Info Failed to load /Script/Kinect4Unreal.KinectInterfaceComponent Referenced by EdGraphPin_7236
[2016.03.24-13.52.11:212][680]LogLinker:Warning: Can't find file for asset '/Script/Kinect4Unreal' while loading ../../../../../../UnrealProjects/GE_Project/Content/Blueprints/BP_TheBeginningGameMode.uasset.
[2016.03.24-13.52.11:212][680]LogLinker:Warning: Can't find file '/Script/Kinect4Unreal'
[2016.03.24-13.52.11:212][680]LoadErrors: Info Failed to load /Script/Kinect4Unreal.KinectInterfaceComponent Referenced by K2Node_CallFunction_2762
[2016.03.24-13.52.11:212][680]LogLinker:Warning: Can't find file for asset '/Script/Kinect4Unreal' while loading ../../../../../../UnrealProjects/GE_Project/Content/Blueprints/BP_TheBeginningGameMode.uasset.
[2016.03.24-13.52.11:212][680]LogLinker:Warning: Can't find file '/Script/Kinect4Unreal'
[2016.03.24-13.52.11:212][680]LoadErrors: Info Failed to load /Script/Kinect4Unreal.KinectInterfaceComponent Referenced by EdGraphPin_7662
[2016.03.24-13.52.11:213][680]LogLinker:Warning: Can't find file for asset '/Script/Kinect4Unreal' while loading ../../../../../../UnrealProjects/GE_Project/Content/Blueprints/BP_TheBeginningGameMode.uasset.
[2016.03.24-13.52.11:213][680]LogLinker:Warning: Can't find file '/Script/Kinect4Unreal'
[2016.03.24-13.52.11:213][680]LoadErrors: Info Failed to load /Script/Kinect4Unreal.EHands Referenced by EdGraphPin_7663
[2016.03.24-13.52.11:213][680]LogLinker:Warning: Can't find file for asset '/Script/Kinect4Unreal' while loading ../../../../../../UnrealProjects/GE_Project/Content/Blueprints/BP_TheBeginningGameMode.uasset.
[2016.03.24-13.52.11:213][680]LogLinker:Warning: Can't find file '/Script/Kinect4Unreal'
[2016.03.24-13.52.11:213][680]LoadErrors: Info Failed to load /Script/Kinect4Unreal.EBodyNumber Referenced by EdGraphPin_7664
[2016.03.24-13.52.11:213][680]LogLinker:Warning: Can't find file for asset '/Script/Kinect4Unreal' while loading ../../../../../../UnrealProjects/GE_Project/Content/Blueprints/BP_TheBeginningGameMode.uasset.
[2016.03.24-13.52.11:213][680]LogLinker:Warning: Can't find file '/Script/Kinect4Unreal'
[2016.03.24-13.52.11:213][680]LoadErrors: Info Failed to load /Script/Kinect4Unreal.EHandState Referenced by EdGraphPin_7665
[2016.03.24-13.52.11:213][680]LogLinker:Warning: Can't find file for asset '/Script/Kinect4Unreal' while loading ../../../../../../UnrealProjects/GE_Project/Content/Blueprints/BP_TheBeginningGameMode.uasset.
[2016.03.24-13.52.11:214][680]LogLinker:Warning: Can't find file '/Script/Kinect4Unreal'
[2016.03.24-13.52.11:214][680]LoadErrors: Info Failed to load /Script/Kinect4Unreal.KinectInterfaceComponent Referenced by EdGraphPin_7242
[2016.03.24-13.52.11:214][680]LogLinker:Warning: Can't find file for asset '/Script/Kinect4Unreal' while loading ../../../../../../UnrealProjects/GE_Project/Content/Blueprints/BP_TheBeginningGameMode.uasset.
[2016.03.24-13.52.11:214][680]LogLinker:Warning: Can't find file '/Script/Kinect4Unreal'
[2016.03.24-13.52.11:214][680]LoadErrors: Info Failed to load /Script/Kinect4Unreal.KinectInterfaceComponent Referenced by K2Node_CallFunction_2763
[2016.03.24-13.52.11:214][680]LogLinker:Warning: Can't find file for asset '/Script/Kinect4Unreal' while loading ../../../../../../UnrealProjects/GE_Project/Content/Blueprints/BP_TheBeginningGameMode.uasset.
[2016.03.24-13.52.11:215][680]LogLinker:Warning: Can't find file '/Script/Kinect4Unreal'
[2016.03.24-13.52.11:215][680]LoadErrors: Info Failed to load /Script/Kinect4Unreal.KinectInterfaceComponent Referenced by EdGraphPin_7692
[2016.03.24-13.52.11:215][680]LogLinker:Warning: Can't find file for asset '/Script/Kinect4Unreal' while loading ../../../../../../UnrealProjects/GE_Project/Content/Blueprints/BP_TheBeginningGameMode.uasset.
[2016.03.24-13.52.11:215][680]LogLinker:Warning: Can't find file '/Script/Kinect4Unreal'
[2016.03.24-13.52.11:215][680]LoadErrors: Info Failed to load /Script/Kinect4Unreal.EHands Referenced by EdGraphPin_7693
[2016.03.24-13.52.11:215][680]LogLinker:Warning: Can't find file for asset '/Script/Kinect4Unreal' while loading ../../../../../../UnrealProjects/GE_Project/Content/Blueprints/BP_TheBeginningGameMode.uasset.
[2016.03.24-13.52.11:215][680]LogLinker:Warning: Can't find file '/Script/Kinect4Unreal'
[2016.03.24-13.52.11:215][680]LoadErrors: Info Failed to load /Script/Kinect4Unreal.EBodyNumber Referenced by EdGraphPin_7694
[2016.03.24-13.52.11:216][680]LogLinker:Warning: Can't find file for asset '/Script/Kinect4Unreal' while loading ../../../../../../UnrealProjects/GE_Project/Content/Blueprints/BP_TheBeginningGameMode.uasset.
[2016.03.24-13.52.11:216][680]LogLinker:Warning: Can't find file '/Script/Kinect4Unreal'
[2016.03.24-13.52.11:216][680]LoadErrors: Info Failed to load /Script/Kinect4Unreal.EHandState Referenced by EdGraphPin_7695
[2016.03.24-13.52.11:216][680]LogLinker:Warning: Can't find file for asset '/Script/Kinect4Unreal' while loading ../../../../../../UnrealProjects/GE_Project/Content/Blueprints/BP_TheBeginningGameMode.uasset.
[2016.03.24-13.52.11:216][680]LogLinker:Warning: Can't find file '/Script/Kinect4Unreal'
[2016.03.24-13.52.11:216][680]LoadErrors: Info Failed to load /Script/Kinect4Unreal.KinectInterfaceComponent Referenced by EdGraphPin_7278
[2016.03.24-13.52.11:216][680]LogLinker:Warning: Can't find file for asset '/Script/Kinect4Unreal' while loading ../../../../../../UnrealProjects/GE_Project/Content/Blueprints/BP_TheBeginningGameMode.uasset.
[2016.03.24-13.52.11:216][680]LogLinker:Warning: Can't find file '/Script/Kinect4Unreal'
[2016.03.24-13.52.11:216][680]LoadErrors: Info Failed to load /Script/Kinect4Unreal.KinectInterfaceComponent Referenced by K2Node_CallFunction_2764
[2016.03.24-13.52.11:216][680]LogLinker:Warning: Can't find file for asset '/Script/Kinect4Unreal' while loading ../../../../../../UnrealProjects/GE_Project/Content/Blueprints/BP_TheBeginningGameMode.uasset.
[2016.03.24-13.52.11:217][680]LogLinker:Warning: Can't find file '/Script/Kinect4Unreal'
[2016.03.24-13.52.11:217][680]LoadErrors: Info Failed to load /Script/Kinect4Unreal.KinectInterfaceComponent Referenced by EdGraphPin_7718
[2016.03.24-13.52.11:217][680]LogLinker:Warning: Can't find file for asset '/Script/Kinect4Unreal' while loading ../../../../../../UnrealProjects/GE_Project/Content/Blueprints/BP_TheBeginningGameMode.uasset.
[2016.03.24-13.52.11:217][680]LogLinker:Warning: Can't find file '/Script/Kinect4Unreal'
[2016.03.24-13.52.11:217][680]LoadErrors: Info Failed to load /Script/Kinect4Unreal.EKinectJoints Referenced by EdGraphPin_7719
[2016.03.24-13.52.11:217][680]LogLinker:Warning: Can't find file for asset '/Script/Kinect4Unreal' while loading ../../../../../../UnrealProjects/GE_Project/Content/Blueprints/BP_TheBeginningGameMode.uasset.
[2016.03.24-13.52.11:217][680]LogLinker:Warning: Can't find file '/Script/Kinect4Unreal'
[2016.03.24-13.52.11:217][680]LoadErrors: Info Failed to load /Script/Kinect4Unreal.EKinectJoints Referenced by EdGraphPin_7720
[2016.03.24-13.52.11:217][680]LogLinker:Warning: Can't find file for asset '/Script/Kinect4Unreal' while loading ../../../../../../UnrealProjects/GE_Project/Content/Blueprints/BP_TheBeginningGameMode.uasset.
[2016.03.24-13.52.11:217][680]LogLinker:Warning: Can't find file '/Script/Kinect4Unreal'
[2016.03.24-13.52.11:217][680]LoadErrors: Info Failed to load /Script/Kinect4Unreal.EBodyNumber Referenced by EdGraphPin_7721
[2016.03.24-13.52.11:217][680]LogLinker:Warning: Can't find file for asset '/Script/Kinect4Unreal' while loading ../../../../../../UnrealProjects/GE_Project/Content/Blueprints/BP_TheBeginningGameMode.uasset.
[2016.03.24-13.52.11:218][680]LogLinker:Warning: Can't find file '/Script/Kinect4Unreal'
[2016.03.24-13.52.11:218][680]LoadErrors: Info Failed to load /Script/Kinect4Unreal.KinectInterfaceComponent Referenced by EdGraphPin_7305
[2016.03.24-13.52.11:218][680]LogLinker:Warning: Can't find file for asset '/Script/Kinect4Unreal' while loading ../../../../../../UnrealProjects/GE_Project/Content/Blueprints/BP_TheBeginningGameMode.uasset.
[2016.03.24-13.52.11:218][680]LogLinker:Warning: Can't find file '/Script/Kinect4Unreal'
[2016.03.24-13.52.11:218][680]LogLinker:Warning: Can't find file for asset '/Script/Kinect4Unreal' while loading ../../../../../../UnrealProjects/GE_Project/Content/Blueprints/BP_TheBeginningGameMode.uasset.
[2016.03.24-13.52.11:218][680]LogLinker:Warning: Can't find file '/Script/Kinect4Unreal'
[2016.03.24-13.52.11:218][680]LoadErrors: Info Failed to load /Script/Kinect4Unreal.KinectInterfaceComponent Referenced by SCS_Node_1
[2016.03.24-13.52.11:218][680]LogLinker:Warning: Can't find file for asset '/Script/Kinect4Unreal' while loading ../../../../../../UnrealProjects/GE_Project/Content/Blueprints/BP_TheBeginningGameMode.uasset.
[2016.03.24-13.52.11:223][680]LogBlueprint:Warning: [BP_Avatar] CreatePinForVariable: 'KinectInterface' variable not found. Base class was probably changed.
[2016.03.24-13.52.11:223][680]LogBlueprint:Warning: [BP_Avatar] CreatePinForVariable: 'KinectInterface' variable not found. Base class was probably changed.
[2016.03.24-13.52.11:223][680]LogBlueprint:Warning: [BP_Avatar] CreatePinForVariable: 'KinectInterface' variable not found. Base class was probably changed.
[2016.03.24-13.52.11:223][680]LogBlueprint:Warning: [BP_Avatar] CreatePinForVariable: 'KinectInterface' variable not found. Base class was probably changed.
[2016.03.24-13.52.11:224][680]LogBlueprint:Warning: [BP_Avatar] CreatePinForVariable: 'KinectInterface' variable not found. Base class was probably changed.
[2016.03.24-13.52.11:230][680]LogBlueprint:Warning: [compiler BP_Avatar] Warning Could not find a variable named "KinectInterface" in 'BP_Avatar_C'.
Make sure 'BP_Avatar_C' has been compiled for  Get KinectInterface 
[2016.03.24-13.52.11:230][680]LogBlueprint:Error: [compiler BP_Avatar] Error Could not find a function named "GetDistanceBetweenJoints" in 'BP_Avatar'.
Make sure 'BP_Avatar' has been compiled for  Get Distance Between Joints 
[2016.03.24-13.52.11:230][680]LogBlueprint:Warning: [compiler BP_Avatar] Warning Could not find a variable named "KinectInterface" in 'BP_Avatar_C'.
Make sure 'BP_Avatar_C' has been compiled for  Get KinectInterface 
[2016.03.24-13.52.11:230][680]LogBlueprint:Error: [compiler BP_Avatar] Error Could not find a function named "GetHandStateAsExecution" in 'BP_Avatar'.
Make sure 'BP_Avatar' has been compiled for  Get Hand State as Execution 
[2016.03.24-13.52.11:230][680]LogBlueprint:Warning: [compiler BP_Avatar] Warning Could not find a variable named "KinectInterface" in 'BP_Avatar_C'.
Make sure 'BP_Avatar_C' has been compiled for  Get KinectInterface 
[2016.03.24-13.52.11:230][680]LogBlueprint:Error: [compiler BP_Avatar] Error Could not find a function named "GetHandStateAsExecution" in 'BP_Avatar'.
Make sure 'BP_Avatar' has been compiled for  Get Hand State as Execution 
[2016.03.24-13.52.11:230][680]LogBlueprint:Warning: [compiler BP_Avatar] Warning Could not find a variable named "KinectInterface" in 'BP_Avatar_C'.
Make sure 'BP_Avatar_C' has been compiled for  Get KinectInterface 
[2016.03.24-13.52.11:230][680]LogBlueprint:Error: [compiler BP_Avatar] Error Could not find a function named "GetDistanceBetweenJoints" in 'BP_Avatar'.
Make sure 'BP_Avatar' has been compiled for  Get Distance Between Joints 
[2016.03.24-13.52.11:230][680]LogBlueprint:Warning: [compiler BP_Avatar] Warning Could not find a variable named "KinectInterface" in 'BP_Avatar_C'.
Make sure 'BP_Avatar_C' has been compiled for  Get KinectInterface 
[2016.03.24-13.52.11:231][680]LogBlueprint:Error: [compiler BP_Avatar] Error Could not find a function named "GetCenteredBody" in 'BP_Avatar'.
Make sure 'BP_Avatar' has been compiled for  Get Centered Body 
[2016.03.24-13.52.11:231][680]LogBlueprint:Error: [compiler BP_Avatar] Error The property associated with  Kinect Interface  could not be found
[2016.03.24-13.52.11:231][680]LogBlueprint:Error: [compiler BP_Avatar] Error The property associated with  Kinect Interface  could not be found
[2016.03.24-13.52.11:231][680]LogBlueprint:Error: [compiler BP_Avatar] Error The property associated with  Kinect Interface  could not be found
[2016.03.24-13.52.11:232][680]LogBlueprint:Error: [compiler BP_Avatar] Error The property associated with  Kinect Interface  could not be found
[2016.03.24-13.52.11:232][680]LogBlueprint:Error: [compiler BP_Avatar] Error The current value (Head) of the ' Start Joint ' pin is invalid: Expected a valid unsigned number for a byte property
[2016.03.24-13.52.11:232][680]LogBlueprint:Error: [compiler BP_Avatar] Error The current value (AnkleRight) of the ' End Joint ' pin is invalid: Expected a valid unsigned number for a byte property
[2016.03.24-13.52.11:232][680]LogBlueprint:Error: [compiler BP_Avatar] Error The current value (Right) of the ' Hand ' pin is invalid: Expected a valid unsigned number for a byte property
[2016.03.24-13.52.11:232][680]LogBlueprint:Error: [compiler BP_Avatar] Error The current value (AnkleLeft) of the ' Start Joint ' pin is invalid: Expected a valid unsigned number for a byte property
[2016.03.24-13.52.11:232][680]LogBlueprint:Error: [compiler BP_Avatar] Error The current value (AnkleRight) of the ' End Joint ' pin is invalid: Expected a valid unsigned number for a byte property
[2016.03.24-13.52.11:232][680]LogBlueprint:Error: [compiler BP_Avatar] Error The property associated with  Kinect Interface  could not be found
[2016.03.24-13.52.11:232][680]LogBlueprint:Error: [compiler BP_Avatar] Error The current value (Left) of the ' Hand ' pin is invalid: Expected a valid unsigned number for a byte property
[2016.03.24-13.52.11:237][680]LogBlueprint:Warning: [compiler BP_Avatar] Warning [0074.48] Compile of BP_Avatar failed. 16 Fatal Issue(s) 5 Warning(s) [in 12 ms]
[2016.03.24-13.52.11:237][680]LogBlueprint:Warning: [compiler BP_Avatar] Warning [0074.48] Compile of BP_Avatar failed. 16 Fatal Issue(s) 6 Warning(s) [in 0 ms]
[2016.03.24-13.52.11:237][680]LogBlueprint:Warning: [compiler BP_Avatar] Warning [0074.48] Compile of BP_Avatar failed. 16 Fatal Issue(s) 7 Warning(s) [in 0 ms]
[2016.03.24-13.52.11:238][680]LogLinker:Warning: Can't find file '/Script/Kinect4Unreal'
[2016.03.24-13.52.11:238][680]LogLinker:Warning: Can't find file for asset '/Script/Kinect4Unreal' while loading ../../../../../../UnrealProjects/GE_Project/Content/Blueprints/BP_TheBeginningGameMode.uasset.
[2016.03.24-13.52.11:238][680]LogLinker:Warning: Can't find file '/Script/Kinect4Unreal'
[2016.03.24-13.52.11:238][680]LogLinker:Warning: Can't find file for asset '/Script/Kinect4Unreal' while loading ../../../../../../UnrealProjects/GE_Project/Content/Blueprints/BP_TheBeginningGameMode.uasset.
[2016.03.24-13.52.11:255][680]LogWorld: Game class is 'BP_TheBeginningGameMode_C'
[2016.03.24-13.52.11:318][680]LogWorld: Bringing World /Game/UEDPIE_0_MyFirstLevel.MyFirstLevel up for play (max tick rate 0) at 2016.03.24-14.52.11
[2016.03.24-13.52.11:318][680]LogActor:Warning: GameSession /Game/UEDPIE_0_MyFirstLevel.MyFirstLevel:PersistentLevel.GameSession_0 has natively added scene component(s), but none of them were set as the actor's RootComponent - picking one arbitrarily
[2016.03.24-13.52.11:318][680]LogActor:Warning: GameNetworkManager /Game/UEDPIE_0_MyFirstLevel.MyFirstLevel:PersistentLevel.GameNetworkManager_0 has natively added scene component(s), but none of them were set as the actor's RootComponent - picking one arbitrarily
[2016.03.24-13.52.11:320][680]LogWorld: Bringing up level for play took: 0.063748
[2016.03.24-13.52.11:335][680]PIE: Info Play in editor start time for /Game/UEDPIE_0_MyFirstLevel 0.199
[2016.03.24-13.52.11:347][682]LogRenderer: Reallocating scene render targets to support 2600x1464 (Frame:6560).
[2016.03.24-13.52.11:358][682]LogRenderTargetPool:Warning: r.RenderTargetPoolMin exceeded 450/400 MB (ok in editor, bad on fixed memory platform)
[2016.03.24-13.52.27:610][409]LogActorComponent: UnregisterComponent: (/Engine/Transient.CharMoveComp) Not registered. Aborting.
[2016.03.24-13.52.27:610][409]LogActorComponent: UnregisterComponent: (/Engine/Transient.ProjectileComp) Not registered. Aborting.
[2016.03.24-13.52.27:625][409]LogParticles: Destroying 0 GPU particle simulations for FXSystem 0x0000008DA8B8E8E0
[2016.03.24-13.52.29:425][617]LogPlayLevel: PlayLevel: No blueprints needed recompiling
[2016.03.24-13.52.31:296][619]LogRenderTargetPool:Warning: r.RenderTargetPoolMin exceeded 576/400 MB (ok in editor, bad on fixed memory platform)
[2016.03.24-13.52.33:014][858]LogRenderTargetPool:Warning: r.RenderTargetPoolMin exceeded 576/400 MB (ok in editor, bad on fixed memory platform)
[2016.03.24-13.52.33:129][864]LogLinker:Warning: Asset '../../../Engine/Content/ArtTools/RenderToTexture/Macros/RenderToTextureMacros.uasset' has been saved with empty engine version. The asset will be loaded but may be incompatible.
[2016.03.24-13.52.33:618][864]LogContentBrowser: Native class hierarchy updated for 'BlueprintGraph' in 0.0011 seconds. Added 107 classes and 0 folders.
[2016.03.24-13.52.36:557][ 48]LogRenderTargetPool:Warning: r.RenderTargetPoolMin exceeded 577/400 MB (ok in editor, bad on fixed memory platform)
[2016.03.24-13.52.37:613][110]LogRenderTargetPool:Warning: r.RenderTargetPoolMin exceeded 577/400 MB (ok in editor, bad on fixed memory platform)
[2016.03.24-13.52.39:518][258]LogRenderTargetPool:Warning: r.RenderTargetPoolMin exceeded 577/400 MB (ok in editor, bad on fixed memory platform)
[2016.03.24-13.52.48:826][ 80]LogRenderTargetPool:Warning: r.RenderTargetPoolMin exceeded 577/400 MB (ok in editor, bad on fixed memory platform)
[2016.03.24-13.52.56:039][712]LogRenderTargetPool:Warning: r.RenderTargetPoolMin exceeded 577/400 MB (ok in editor, bad on fixed memory platform)
[2016.03.24-13.52.58:758][917]LogRenderTargetPool:Warning: r.RenderTargetPoolMin exceeded 577/400 MB (ok in editor, bad on fixed memory platform)
[2016.03.24-13.53.00:688][ 77]LogRenderTargetPool:Warning: r.RenderTargetPoolMin exceeded 577/400 MB (ok in editor, bad on fixed memory platform)
[2016.03.24-13.53.01:587][147]LogRenderTargetPool:Warning: r.RenderTargetPoolMin exceeded 577/400 MB (ok in editor, bad on fixed memory platform)
[2016.03.24-13.53.02:646][230]LogRenderTargetPool:Warning: r.RenderTargetPoolMin exceeded 577/400 MB (ok in editor, bad on fixed memory platform)
[2016.03.24-13.53.05:912][490]LogRenderTargetPool:Warning: r.RenderTargetPoolMin exceeded 577/400 MB (ok in editor, bad on fixed memory platform)
[2016.03.24-13.53.06:985][567]LogRenderTargetPool:Warning: r.RenderTargetPoolMin exceeded 576/400 MB (ok in editor, bad on fixed memory platform)
[2016.03.24-13.53.13:776][258]LogRenderTargetPool:Warning: r.RenderTargetPoolMin exceeded 575/400 MB (ok in editor, bad on fixed memory platform)
[2016.03.24-13.53.17:369][ 56]LogRenderTargetPool:Warning: r.RenderTargetPoolMin exceeded 575/400 MB (ok in editor, bad on fixed memory platform)
[2016.03.24-13.53.32:408][321]LogRenderTargetPool:Warning: r.RenderTargetPoolMin exceeded 575/400 MB (ok in editor, bad on fixed memory platform)
[2016.03.24-13.54.12:614][441]LogActorComponent: UnregisterComponent: (/Engine/Transient.CharMoveComp) Not registered. Aborting.
[2016.03.24-13.54.12:614][441]LogActorComponent: UnregisterComponent: (/Engine/Transient.CharacterMovementComponent_0) Not registered. Aborting.
[2016.03.24-13.54.12:615][441]LogActorComponent: UnregisterComponent: (/Engine/Transient.ProjectileComp) Not registered. Aborting.
[2016.03.24-13.54.12:638][441]LogParticles: Destroying 0 GPU particle simulations for FXSystem 0x0000008DC8BB42C0
[2016.03.24-13.54.12:803][441]LogWindowsTextInputMethodSystem:Display: IME system now deactivated.
[2016.03.24-13.54.13:054][442]Cmd: QUIT_EDITOR
[2016.03.24-13.54.13:948][442]LogExit: Preparing to exit.
[2016.03.24-13.54.14:421][442]LogExit: Editor shut down
[2016.03.24-13.54.14:421][442]LogExit: Transaction tracking system shut down
[2016.03.24-13.54.14:422][442]LogParticles: Destroying 0 GPU particle simulations for FXSystem 0x0000008DB22E5080
[2016.03.24-13.54.14:422][442]LogParticles: Destroying 0 GPU particle simulations for FXSystem 0x0000008DB22E5580
[2016.03.24-13.54.14:422][442]LogParticles: Destroying 0 GPU particle simulations for FXSystem 0x0000008DA93A3880
[2016.03.24-13.54.14:424][442]LogParticles: Destroying 0 GPU particle simulations for FXSystem 0x0000008D981BC0E0
[2016.03.24-13.54.14:426][442]LogParticles: Destroying 0 GPU particle simulations for FXSystem 0x0000008D876CAA20
[2016.03.24-13.54.14:440][442]LeapPluginLog: LeapController::CleanupEventData Delete Called
[2016.03.24-13.54.14:595][442]LogExit: Object subsystem successfully closed.
[2016.03.24-13.54.14:609][442]LogD3D11RHI: Shutdown
[2016.03.24-13.54.14:609][442]LogD3D11RHI: CleanupD3DDevice
[2016.03.24-13.54.14:610][442]LogD3D11RHI: ~FD3D11DynamicRHI
[2016.03.24-13.54.14:620][442]LogModuleManager: Shutting down and abandoning module BlueprintGraph (201)
[2016.03.24-13.54.14:620][442]LogModuleManager: Shutting down and abandoning module ExternalImagePicker (200)
[2016.03.24-13.54.14:620][442]LogModuleManager: Shutting down and abandoning module CrashTracker (199)
[2016.03.24-13.54.14:620][442]LogModuleManager: Shutting down and abandoning module SceneOutliner (198)
[2016.03.24-13.54.14:620][442]LogModuleManager: Shutting down and abandoning module SuperSearch (197)
[2016.03.24-13.54.14:620][442]LogModuleManager: Shutting down and abandoning module WidgetCarousel (196)
[2016.03.24-13.54.14:620][442]LogModuleManager: Shutting down and abandoning module AddContentDialog (195)
[2016.03.24-13.54.14:621][442]LogModuleManager: Shutting down and abandoning module EditorWidgets (194)
[2016.03.24-13.54.14:621][442]LogModuleManager: Shutting down and abandoning module CollectionManager (193)
[2016.03.24-13.54.14:621][442]LogModuleManager: Shutting down and abandoning module StatsViewer (192)
[2016.03.24-13.54.14:621][442]LogModuleManager: Shutting down and abandoning module FoliageEdit (191)
[2016.03.24-13.54.14:621][442]LogModuleManager: Shutting down and abandoning module LandscapeEditor (190)
[2016.03.24-13.54.14:621][442]LogModuleManager: Shutting down and abandoning module ActorPickerMode (189)
[2016.03.24-13.54.14:621][442]LogModuleManager: Shutting down and abandoning module GeometryMode (188)
[2016.03.24-13.54.14:621][442]LogModuleManager: Shutting down and abandoning module TextureAlignMode (187)
[2016.03.24-13.54.14:621][442]LogModuleManager: Shutting down and abandoning module BspMode (186)
[2016.03.24-13.54.14:621][442]LogModuleManager: Shutting down and abandoning module PlacementMode (185)
[2016.03.24-13.54.14:621][442]LogModuleManager: Shutting down and abandoning module AutomationWorker (184)
[2016.03.24-13.54.14:621][442]LogModuleManager: Shutting down and abandoning module CharacterAI (183)
[2016.03.24-13.54.14:621][442]LogModuleManager: Shutting down and abandoning module SmartSnapping (182)
[2016.03.24-13.54.14:621][442]LogModuleManager: Shutting down and abandoning module ViewportSnapping (181)
[2016.03.24-13.54.14:621][442]LogModuleManager: Shutting down and abandoning module LogVisualizer (180)
[2016.03.24-13.54.14:621][442]LogModuleManager: Shutting down and abandoning module GameProjectGeneration (179)
[2016.03.24-13.54.14:622][442]LogModuleManager: Shutting down and abandoning module IntroTutorials (178)
[2016.03.24-13.54.14:622][442]LogModuleManager: Shutting down and abandoning module EditorLiveStreaming (177)
[2016.03.24-13.54.14:622][442]LogModuleManager: Shutting down and abandoning module IOSPlatformEditor (176)
[2016.03.24-13.54.14:622][442]LogModuleManager: Shutting down and abandoning module HTML5PlatformEditor (175)
[2016.03.24-13.54.14:622][442]LogModuleManager: Shutting down and abandoning module AndroidDeviceDetection (174)
[2016.03.24-13.54.15:298][442]LogModuleManager: Shutting down and abandoning module AndroidPlatformEditor (173)
[2016.03.24-13.54.15:298][442]LogModuleManager: Shutting down and abandoning module IOSRuntimeSettings (172)
[2016.03.24-13.54.15:298][442]LogModuleManager: Shutting down and abandoning module AndroidRuntimeSettings (171)
[2016.03.24-13.54.15:298][442]LogModuleManager: Shutting down and abandoning module MergeActors (170)
[2016.03.24-13.54.15:298][442]LogModuleManager: Shutting down and abandoning module SizeMap (169)
[2016.03.24-13.54.15:298][442]LogModuleManager: Shutting down and abandoning module TreeMap (168)
[2016.03.24-13.54.15:298][442]LogModuleManager: Shutting down and abandoning module ReferenceViewer (167)
[2016.03.24-13.54.15:298][442]LogModuleManager: Shutting down and abandoning module LocalizationService (166)
[2016.03.24-13.54.15:298][442]LogModuleManager: Shutting down and abandoning module LocalizationDashboard (165)
[2016.03.24-13.54.15:298][442]LogModuleManager: Shutting down and abandoning module HardwareTargeting (164)
[2016.03.24-13.54.15:298][442]LogModuleManager: Shutting down and abandoning module DeviceProfileEditor (163)
[2016.03.24-13.54.15:298][442]LogModuleManager: Shutting down and abandoning module UndoHistory (162)
[2016.03.24-13.54.15:298][442]LogModuleManager: Shutting down and abandoning module GameplayTagsEditor (161)
[2016.03.24-13.54.15:298][442]LogModuleManager: Shutting down and abandoning module UserFeedback (160)
[2016.03.24-13.54.15:298][442]LogModuleManager: Shutting down and abandoning module XmlParser (159)
[2016.03.24-13.54.15:298][442]LogModuleManager: Shutting down and abandoning module Blutility (158)
[2016.03.24-13.54.15:298][442]LogModuleManager: Shutting down and abandoning module ProjectTargetPlatformEditor (157)
[2016.03.24-13.54.15:298][442]LogModuleManager: Shutting down and abandoning module ProjectSettingsViewer (156)
[2016.03.24-13.54.15:298][442]LogModuleManager: Shutting down and abandoning module InputBindingEditor (155)
[2016.03.24-13.54.15:298][442]LogModuleManager: Shutting down and abandoning module EditorSettingsViewer (154)
[2016.03.24-13.54.15:298][442]LogModuleManager: Shutting down and abandoning module SettingsEditor (153)
[2016.03.24-13.54.15:298][442]LogModuleManager: Shutting down and abandoning module ProjectLauncher (152)
[2016.03.24-13.54.15:298][442]LogModuleManager: Shutting down and abandoning module SessionFrontend (151)
[2016.03.24-13.54.15:298][442]LogModuleManager: Shutting down and abandoning module ProfilerClient (150)
[2016.03.24-13.54.15:298][442]LogModuleManager: Shutting down and abandoning module TargetDeviceServices (149)
[2016.03.24-13.54.15:298][442]LogModuleManager: Shutting down and abandoning module DeviceManager (148)
[2016.03.24-13.54.15:298][442]LogModuleManager: Shutting down and abandoning module AutomationController (147)
[2016.03.24-13.54.15:298][442]LogModuleManager: Shutting down and abandoning module AutomationWindow (146)
[2016.03.24-13.54.15:298][442]LogModuleManager: Shutting down and abandoning module Layers (145)
[2016.03.24-13.54.15:298][442]LogModuleManager: Shutting down and abandoning module ComponentVisualizers (144)
[2016.03.24-13.54.15:298][442]LogModuleManager: Shutting down and abandoning module DetailCustomizations (143)
[2016.03.24-13.54.15:298][442]LogModuleManager: Shutting down and abandoning module PackagesDialog (142)
[2016.03.24-13.54.15:298][442]LogModuleManager: Shutting down and abandoning module Persona (141)
[2016.03.24-13.54.15:298][442]LogModuleManager: Shutting down and abandoning module Kismet (140)
[2016.03.24-13.54.15:298][442]LogModuleManager: Shutting down and abandoning module GraphEditor (139)
[2016.03.24-13.54.15:298][442]LogModuleManager: Shutting down and abandoning module ClassViewer (138)
[2016.03.24-13.54.15:298][442]LogModuleManager: Shutting down and abandoning module Toolbox (137)
[2016.03.24-13.54.15:299][442]LogModuleManager: Shutting down and abandoning module ModuleUI (136)
[2016.03.24-13.54.15:299][442]LogModuleManager: Shutting down and abandoning module MovieSceneTools (135)
[2016.03.24-13.54.15:299][442]LogModuleManager: Shutting down and abandoning module OutputLog (134)
[2016.03.24-13.54.15:299][442]LogModuleManager: Shutting down and abandoning module GammaUI (133)
[2016.03.24-13.54.15:299][442]LogModuleManager: Shutting down and abandoning module Documentation (132)
[2016.03.24-13.54.15:299][442]LogModuleManager: Shutting down and abandoning module GameLiveStreaming (131)
[2016.03.24-13.54.15:299][442]LogModuleManager: Shutting down and abandoning module StreamingPauseRendering (130)
[2016.03.24-13.54.15:299][442]LogModuleManager: Shutting down and abandoning module AnalyticsET (129)
[2016.03.24-13.54.15:299][442]LogModuleManager: Shutting down and abandoning module Analytics (128)
[2016.03.24-13.54.15:299][442]LogModuleManager: Shutting down and abandoning module AITestSuite (127)
[2016.03.24-13.54.15:299][442]LogModuleManager: Shutting down and abandoning module GameplayDebugger (126)
[2016.03.24-13.54.15:299][442]LogModuleManager: Shutting down and abandoning module AIModule (125)
[2016.03.24-13.54.15:299][442]LogModuleManager: Shutting down and abandoning module ProfilerService (124)
[2016.03.24-13.54.15:483][442]LogModuleManager: Shutting down and abandoning module TaskGraph (123)
[2016.03.24-13.54.15:483][442]LogModuleManager: Shutting down and abandoning module LeapMotion (122)
[2016.03.24-13.54.15:491][442]LogModuleManager: Shutting down and abandoning module SlateRemote (121)
[2016.03.24-13.54.15:491][442]LogModuleManager: Shutting down and abandoning module SteamVRController (120)
[2016.03.24-13.54.15:491][442]LogModuleManager: Shutting down and abandoning module SteamVR (119)
[2016.03.24-13.54.15:491][442]LogModuleManager: Shutting down and abandoning module ProceduralMeshComponent (118)
[2016.03.24-13.54.15:491][442]LogModuleManager: Shutting down and abandoning module OculusRift (117)
[2016.03.24-13.54.15:491][442]LogModuleManager: Shutting down and abandoning module OculusLibrary (116)
[2016.03.24-13.54.15:491][442]LogModuleManager: Shutting down and abandoning module LeapMotionController (115)
[2016.03.24-13.54.15:501][442]LogModuleManager: Shutting down and abandoning module CustomMeshComponent (114)
[2016.03.24-13.54.15:501][442]LogModuleManager: Shutting down and abandoning module CableComponent (113)
[2016.03.24-13.54.15:501][442]LogModuleManager: Shutting down and abandoning module ArchVisCharacter (112)
[2016.03.24-13.54.15:501][442]LogModuleManager: Shutting down and abandoning module MessagingDebugger (111)
[2016.03.24-13.54.15:501][442]LogModuleManager: Shutting down and abandoning module MediaPlayerEditor (110)
[2016.03.24-13.54.15:501][442]LogModuleManager: Shutting down and abandoning module HTML5Networking (109)
[2016.03.24-13.54.15:501][442]LogModuleManager: Shutting down and abandoning module SpeedTreeImporter (108)
[2016.03.24-13.54.15:501][442]LogModuleManager: Shutting down and abandoning module PluginBrowser (107)
[2016.03.24-13.54.15:501][442]LogModuleManager: Shutting down and abandoning module EpicSurvey (106)
[2016.03.24-13.54.15:501][442]LogModuleManager: Shutting down and abandoning module DesktopPlatform (105)
[2016.03.24-13.54.15:501][442]LogModuleManager: Shutting down and abandoning module VisualStudioSourceCodeAccess (104)
[2016.03.24-13.54.15:501][442]LogModuleManager: Shutting down and abandoning module UObjectPlugin (103)
[2016.03.24-13.54.15:501][442]LogModuleManager: Shutting down and abandoning module SubversionSourceControl (102)
[2016.03.24-13.54.15:501][442]LogModuleManager: Shutting down and abandoning module PerforceSourceControl (101)
[2016.03.24-13.54.15:501][442]LogModuleManager: Shutting down and abandoning module SourceControl (100)
[2016.03.24-13.54.15:501][442]LogModuleManager: Shutting down and abandoning module GitSourceControl (99)
[2016.03.24-13.54.15:501][442]LogModuleManager: Shutting down and abandoning module LightPropagationVolumeEditor (98)
[2016.03.24-13.54.15:501][442]LogModuleManager: Shutting down and abandoning module PaperTiledImporter (97)
[2016.03.24-13.54.15:501][442]LogModuleManager: Shutting down and abandoning module PaperSpriteSheetImporter (96)
[2016.03.24-13.54.15:501][442]LogModuleManager: Shutting down and abandoning module MeshPaint (95)
[2016.03.24-13.54.15:501][442]LogModuleManager: Shutting down and abandoning module SlateReflector (94)
[2016.03.24-13.54.15:501][442]LogModuleManager: Shutting down and abandoning module HotReload (93)
[2016.03.24-13.54.15:501][442]LogModuleManager: Shutting down and abandoning module MainFrame (92)
[2016.03.24-13.54.15:501][442]LogModuleManager: Shutting down and abandoning module LevelEditor (91)
[2016.03.24-13.54.15:503][442]LogModuleManager: Shutting down and abandoning module DirectoryWatcher (90)
[2016.03.24-13.54.15:503][442]LogModuleManager: Shutting down and abandoning module AssetRegistry (89)
[2016.03.24-13.54.15:579][442]LogModuleManager: Shutting down and abandoning module ContentBrowser (88)
[2016.03.24-13.54.15:580][442]LogModuleManager: Shutting down and abandoning module Paper2DEditor (87)
[2016.03.24-13.54.15:580][442]LogModuleManager: Shutting down and abandoning module TheBeginning (86)
[2016.03.24-13.54.15:580][442]LogModuleManager: Shutting down and abandoning module UdpMessaging (85)
[2016.03.24-13.54.15:681][442]LogModuleManager: Shutting down and abandoning module LightPropagationVolumeRuntime (84)
[2016.03.24-13.54.15:681][442]LogModuleManager: Shutting down and abandoning module Paper2D (83)
[2016.03.24-13.54.15:681][442]LogModuleManager: Shutting down and abandoning module WindowsMoviePlayer (82)
[2016.03.24-13.54.15:684][442]LogModuleManager: Shutting down and abandoning module Media (81)
[2016.03.24-13.54.15:684][442]LogModuleManager: Shutting down and abandoning module WmfMedia (80)
[2016.03.24-13.54.15:684][442]LogModuleManager: Shutting down and abandoning module OnlineBlueprintSupport (79)
[2016.03.24-13.54.15:684][442]LogModuleManager: Shutting down and abandoning module GameplayTasksEditor (78)
[2016.03.24-13.54.15:684][442]LogModuleManager: Shutting down and abandoning module PropertyEditor (77)
[2016.03.24-13.54.15:684][442]LogModuleManager: Shutting down and abandoning module BehaviorTreeEditor (76)
[2016.03.24-13.54.15:684][442]LogModuleManager: Shutting down and abandoning module FunctionalTesting (75)
[2016.03.24-13.54.15:684][442]LogModuleManager: Shutting down and abandoning module CollisionAnalyzer (74)
[2016.03.24-13.54.15:684][442]LogModuleManager: Shutting down and abandoning module WorkspaceMenuStructure (73)
[2016.03.24-13.54.15:684][442]LogModuleManager: Shutting down and abandoning module MessageLog (72)
[2016.03.24-13.54.15:684][442]LogModuleManager: Shutting down and abandoning module Sequencer (71)
[2016.03.24-13.54.15:684][442]LogModuleManager: Shutting down and abandoning module AssetTools (70)
[2016.03.24-13.54.15:684][442]LogModuleManager: Shutting down and abandoning module UMGEditor (69)
[2016.03.24-13.54.15:684][442]LogModuleManager: Shutting down and abandoning module UMG (68)
[2016.03.24-13.54.15:684][442]LogModuleManager: Shutting down and abandoning module Slate (67)
[2016.03.24-13.54.15:684][442]LogModuleManager: Shutting down and abandoning module EditorStyle (66)
[2016.03.24-13.54.15:685][442]LogModuleManager: Shutting down and abandoning module SessionServices (65)
[2016.03.24-13.54.15:685][442]LogModuleManager: Shutting down and abandoning module SourceCodeAccess (64)
[2016.03.24-13.54.15:685][442]LogModuleManager: Shutting down and abandoning module HeadMountedDisplay (63)
[2016.03.24-13.54.15:685][442]LogModuleManager: Shutting down and abandoning module XAudio2 (62)
[2016.03.24-13.54.15:685][442]LogModuleManager: Shutting down and abandoning module Networking (60)
[2016.03.24-13.54.15:685][442]LogModuleManager: Shutting down and abandoning module Core (59)
[2016.03.24-13.54.15:685][442]LogModuleManager: Shutting down and abandoning module KismetCompiler (58)
[2016.03.24-13.54.15:685][442]LogModuleManager: Shutting down and abandoning module PhysXFormats (57)
[2016.03.24-13.54.15:685][442]LogModuleManager: Shutting down and abandoning module MeshUtilities (56)
[2016.03.24-13.54.15:686][442]LogModuleManager: Shutting down and abandoning module CookingStats (55)
[2016.03.24-13.54.15:688][442]LogModuleManager: Shutting down and abandoning module DerivedDataCache (54)
[2016.03.24-13.54.15:717][442]LogDerivedDataCache: Shutdown
[2016.03.24-13.54.15:717][442]LogModuleManager: Shutting down and abandoning module ShaderFormatOpenGL (53)
[2016.03.24-13.54.15:717][442]LogModuleManager: Shutting down and abandoning module ShaderFormatD3D (52)
[2016.03.24-13.54.15:717][442]LogModuleManager: Shutting down and abandoning module MetalShaderFormat (51)
[2016.03.24-13.54.15:717][442]LogModuleManager: Shutting down and abandoning module TextureFormatUncompressed (50)
[2016.03.24-13.54.15:717][442]LogModuleManager: Shutting down and abandoning module TextureFormatPVR (49)
[2016.03.24-13.54.15:717][442]LogModuleManager: Shutting down and abandoning module TextureFormatIntelISPCTexComp (48)
[2016.03.24-13.54.15:717][442]LogModuleManager: Shutting down and abandoning module TextureFormatDXT (47)
[2016.03.24-13.54.15:717][442]LogModuleManager: Shutting down and abandoning module ImageWrapper (46)
[2016.03.24-13.54.15:717][442]LogModuleManager: Shutting down and abandoning module TextureFormatASTC (45)
[2016.03.24-13.54.15:717][442]LogModuleManager: Shutting down and abandoning module TextureFormatAndroid (44)
[2016.03.24-13.54.15:717][442]LogModuleManager: Shutting down and abandoning module AudioFormatOpus (43)
[2016.03.24-13.54.15:717][442]LogModuleManager: Shutting down and abandoning module AudioFormatOgg (42)
[2016.03.24-13.54.15:717][442]LogModuleManager: Shutting down and abandoning module AudioFormatADPCM (41)
[2016.03.24-13.54.15:717][442]LogModuleManager: Shutting down and abandoning module LinuxTargetPlatform (40)
[2016.03.24-13.54.15:717][442]LogModuleManager: Shutting down and abandoning module LinuxServerTargetPlatform (39)
[2016.03.24-13.54.15:717][442]LogModuleManager: Shutting down and abandoning module LinuxNoEditorTargetPlatform (38)
[2016.03.24-13.54.15:717][442]LogModuleManager: Shutting down and abandoning module Messaging (37)
[2016.03.24-13.54.15:717][442]LogModuleManager: Shutting down and abandoning module IOSTargetPlatform (36)
[2016.03.24-13.54.15:717][442]LogModuleManager: Shutting down and abandoning module HTML5TargetPlatform (35)
[2016.03.24-13.54.15:717][442]LogModuleManager: Shutting down and abandoning module Android_PVRTCTargetPlatform (34)
[2016.03.24-13.54.15:717][442]LogModuleManager: Shutting down and abandoning module Android_ETC2TargetPlatform (33)
[2016.03.24-13.54.15:717][442]LogModuleManager: Shutting down and abandoning module Android_ETC1TargetPlatform (32)
[2016.03.24-13.54.15:717][442]LogModuleManager: Shutting down and abandoning module Android_DXTTargetPlatform (31)
[2016.03.24-13.54.15:717][442]LogModuleManager: Shutting down and abandoning module Android_ATCTargetPlatform (30)
[2016.03.24-13.54.15:717][442]LogModuleManager: Shutting down and abandoning module Android_ASTCTargetPlatform (29)
[2016.03.24-13.54.15:717][442]LogModuleManager: Shutting down and abandoning module AndroidTargetPlatform (28)
[2016.03.24-13.54.15:717][442]LogModuleManager: Shutting down and abandoning module WindowsTargetPlatform (27)
[2016.03.24-13.54.15:717][442]LogModuleManager: Shutting down and abandoning module WindowsServerTargetPlatform (26)
[2016.03.24-13.54.15:717][442]LogModuleManager: Shutting down and abandoning module WindowsNoEditorTargetPlatform (25)
[2016.03.24-13.54.15:717][442]LogModuleManager: Shutting down and abandoning module WindowsClientTargetPlatform (24)
[2016.03.24-13.54.15:717][442]LogModuleManager: Shutting down and abandoning module AllDesktopTargetPlatform (23)
[2016.03.24-13.54.15:717][442]LogModuleManager: Shutting down and abandoning module TargetPlatform (22)
[2016.03.24-13.54.15:717][442]LogModuleManager: Shutting down and abandoning module InputCore (21)
[2016.03.24-13.54.15:717][442]LogModuleManager: Shutting down and abandoning module Settings (20)
[2016.03.24-13.54.15:717][442]LogModuleManager: Shutting down and abandoning module OnlineSubsystem (18)
[2016.03.24-13.54.15:717][442]LogModuleManager: Shutting down and abandoning module HTTP (17)
[2016.03.24-13.54.17:720][442]LogModuleManager: Shutting down and abandoning module XMPP (16)
[2016.03.24-13.54.17:720][442]LogModuleManager: Shutting down and abandoning module ExampleDeviceProfileSelector (15)
[2016.03.24-13.54.17:720][442]LogModuleManager: Shutting down and abandoning module TextureCompressor (14)
[2016.03.24-13.54.17:720][442]LogModuleManager: Shutting down and abandoning module ShaderCore (13)
[2016.03.24-13.54.17:720][442]LogModuleManager: Shutting down and abandoning module Landscape (12)
[2016.03.24-13.54.17:720][442]LogModuleManager: Shutting down and abandoning module SlateRHIRenderer (11)
[2016.03.24-13.54.17:721][442]LogModuleManager: Shutting down and abandoning module OpenGLDrv (10)
[2016.03.24-13.54.17:721][442]LogModuleManager: Shutting down and abandoning module D3D11RHI (9)
[2016.03.24-13.54.17:721][442]LogModuleManager: Shutting down and abandoning module AnimGraphRuntime (8)
[2016.03.24-13.54.17:721][442]LogModuleManager: Shutting down and abandoning module Renderer (7)
[2016.03.24-13.54.17:721][442]LogModuleManager: Shutting down and abandoning module Engine (6)
[2016.03.24-13.54.17:721][442]LogModuleManager: Shutting down and abandoning module CoreUObject (5)
[2016.03.24-13.54.17:721][442]LogModuleManager: Shutting down and abandoning module NetworkFile (4)
[2016.03.24-13.54.17:721][442]LogModuleManager: Shutting down and abandoning module StreamingFile (3)
[2016.03.24-13.54.17:721][442]LogModuleManager: Shutting down and abandoning module SandboxFile (2)
[2016.03.24-13.54.17:721][442]LogModuleManager: Shutting down and abandoning module PakFile (1)
[2016.03.24-13.54.17:722][442]LogExit: Exiting.
[2016.03.24-13.54.17:723][442]Log file closed, 03/24/16 14:54:17
