[2016.02.22-10.02.06:543][  0]Log file open, 02/22/16 11:02:06
[2016.02.22-10.02.06:543][  0]LogInit:Display: Running engine for game: TheBeginning
[2016.02.22-10.02.06:543][  0]LogInit:Display: RandInit(-1607424383) SRandInit(-1607424382).
[2016.02.22-10.02.06:543][  0]LogTaskGraph: Started task graph with 4 named threads and 7 total threads.
[2016.02.22-10.02.06:543][  0]LogStats: Stats thread started at 0.065687
[2016.02.22-10.02.06:543][  0]LogInit: Version: 4.9.2-2707645+++depot+UE4-Releases+4.9
[2016.02.22-10.02.06:543][  0]LogInit: API Version: 2672455
[2016.02.22-10.02.06:543][  0]LogInit: Compiled (64-bit): Sep 28 2015 10:25:44
[2016.02.22-10.02.06:543][  0]LogInit: Compiled with Visual C++: 18.00.21005.01
[2016.02.22-10.02.06:543][  0]LogInit: Build Configuration: Development
[2016.02.22-10.02.06:543][  0]LogInit: Branch Name: ++depot+UE4-Releases+4.9
[2016.02.22-10.02.06:543][  0]LogInit: Command line:  
[2016.02.22-10.02.06:543][  0]LogInit: Base directory: D:/Programme/Epic Games/4.9/Engine/Binaries/Win64/
[2016.02.22-10.02.06:543][  0]LogInit: Rocket: 1
[2016.02.22-10.02.06:549][  0]LogInit: Using libcurl 7.41.0
[2016.02.22-10.02.06:549][  0]LogInit:  - built for x86_64-pc-win32
[2016.02.22-10.02.06:549][  0]LogInit:  - supports SSL with WinSSL
[2016.02.22-10.02.06:549][  0]LogInit:  - other features:
[2016.02.22-10.02.06:549][  0]LogInit:      CURL_VERSION_SSL
[2016.02.22-10.02.06:549][  0]LogInit:      CURL_VERSION_IPV6
[2016.02.22-10.02.06:549][  0]LogInit:      CURL_VERSION_ASYNCHDNS
[2016.02.22-10.02.06:549][  0]LogInit:      CURL_VERSION_LARGEFILE
[2016.02.22-10.02.06:549][  0]LogInit:      CURL_VERSION_IDN
[2016.02.22-10.02.06:549][  0]LogInit:  CurlRequestOptions (configurable via config and command line):
[2016.02.22-10.02.06:549][  0]LogInit:  - bVerifyPeer = true  - Libcurl will verify peer certificate
[2016.02.22-10.02.06:549][  0]LogInit:  - bUseHttpProxy = false  - Libcurl will NOT use HTTP proxy
[2016.02.22-10.02.06:549][  0]LogInit:  - bDontReuseConnections = false  - Libcurl will reuse connections
[2016.02.22-10.02.06:549][  0]LogInit:  - CertBundlePath = nullptr  - Libcurl will use whatever was configured at build time.
[2016.02.22-10.02.06:554][  0]LogInit: Presizing for 0 objects not considered by GC, pre-allocating 0 bytes.
[2016.02.22-10.02.06:559][  0]LogInit: Object subsystem initialized
[2016.02.22-10.02.06:560][  0]LogInit: Selected Device Profile: [Windows]
[2016.02.22-10.02.06:560][  0]LogInit: Applying CVar settings loaded from the selected device profile: [Windows]
[2016.02.22-10.02.06:567][  0]LogInit: Computer: PC1021500895
[2016.02.22-10.02.06:567][  0]LogInit: User: VR
[2016.02.22-10.02.06:567][  0]LogInit: CPU Page size=4096, Cores=4
[2016.02.22-10.02.06:567][  0]LogInit: High frequency timer resolution =3.507503 MHz
[2016.02.22-10.02.06:567][  0]LogMemory: Memory total: Physical=15.9GB (16GB approx)
[2016.02.22-10.02.06:567][  0]LogMemory: Platform Memory Stats for Windows
[2016.02.22-10.02.06:567][  0]LogMemory: Process Physical Memory: 52.53 MB used, 52.53 MB peak
[2016.02.22-10.02.06:567][  0]LogMemory: Process Virtual Memory: 55.18 MB used, 55.18 MB peak
[2016.02.22-10.02.06:567][  0]LogMemory: Physical Memory: 4315.28 MB used, 16261.17 MB total
[2016.02.22-10.02.06:567][  0]LogMemory: Virtual Memory: 346.75 MB used, 134217728.00 MB total
[2016.02.22-10.02.06:596][  0]LogTextLocalizationManager: No translations for ('de-DE') exist, falling back to 'en' for localization and internationalization data.
[2016.02.22-10.02.07:283][  0]LogD3D11RHI: Found D3D11 adapter 0: NVIDIA GeForce GTX 970 (Feature Level 11_0)
[2016.02.22-10.02.07:283][  0]LogD3D11RHI: Adapter has 3976MB of dedicated video memory, 0MB of dedicated system memory, and 8130MB of shared system memory, 1 output[s]
[2016.02.22-10.02.07:284][  0]LogD3D11RHI: Found D3D11 adapter 1: Microsoft Basic Render Driver (Feature Level 11_0)
[2016.02.22-10.02.07:284][  0]LogD3D11RHI: Adapter has 0MB of dedicated video memory, 0MB of dedicated system memory, and 256MB of shared system memory, 0 output[s]
[2016.02.22-10.02.07:284][  0]LogD3D11RHI: Chosen D3D11 Adapter Id = 0
[2016.02.22-10.02.07:289][  0]LogD3D11RHI: !Direct3DDevice
[2016.02.22-10.02.07:289][  0]LogRHI: Texture pool is 1361 MB (70% of 1945 MB)
[2016.02.22-10.02.07:297][  0]LogD3D11RHI: Async texture creation enabled
[2016.02.22-10.02.07:312][  0]LogShaderCompilers: Guid format shader working directory is 15 characters bigger than the processId version (../../../../../../UnrealProjects/GE_Project/Intermediate/Shaders/WorkingDirectory/6668/).
[2016.02.22-10.02.07:312][  0]LogShaderCompilers: Cleaned the shader compiler working directory '../../../../../../UnrealProjects/GE_Project/Intermediate/Shaders/tmp/43E3512147CC417184C49AA9855EE3A2/'.
[2016.02.22-10.02.07:312][  0]LogShaderCompilers:Display: Using Local Shader Compiler.
[2016.02.22-10.02.08:128][  0]LogTemp:Display: Loaded TP AllDesktopTargetPlatform
[2016.02.22-10.02.08:131][  0]LogTemp:Display: Loaded TP WindowsClientTargetPlatform
[2016.02.22-10.02.08:135][  0]LogTemp:Display: Loaded TP WindowsNoEditorTargetPlatform
[2016.02.22-10.02.08:139][  0]LogTemp:Display: Loaded TP WindowsServerTargetPlatform
[2016.02.22-10.02.08:142][  0]LogTemp:Display: Loaded TP WindowsTargetPlatform
[2016.02.22-10.02.08:144][  0]LogTemp:Display: Loaded TP AndroidTargetPlatform
[2016.02.22-10.02.08:147][  0]LogTemp:Display: Loaded TP Android_ASTCTargetPlatform
[2016.02.22-10.02.08:150][  0]LogTemp:Display: Loaded TP Android_ATCTargetPlatform
[2016.02.22-10.02.08:152][  0]LogTemp:Display: Loaded TP Android_DXTTargetPlatform
[2016.02.22-10.02.08:155][  0]LogTemp:Display: Loaded TP Android_ETC1TargetPlatform
[2016.02.22-10.02.08:157][  0]LogTemp:Display: Loaded TP Android_ETC2TargetPlatform
[2016.02.22-10.02.08:160][  0]LogTemp:Display: Loaded TP Android_PVRTCTargetPlatform
[2016.02.22-10.02.08:161][  0]LogTemp:Display: Loaded TP HTML5TargetPlatform
[2016.02.22-10.02.08:177][  0]LogTemp:Display: Loaded TP IOSTargetPlatform
[2016.02.22-10.02.08:179][  0]LogTemp:Display: Loaded TP LinuxNoEditorTargetPlatform
[2016.02.22-10.02.08:182][  0]LogTemp:Display: Loaded TP LinuxServerTargetPlatform
[2016.02.22-10.02.08:186][  0]LogTemp:Display: Loaded TP LinuxTargetPlatform
[2016.02.22-10.02.08:186][  0]LogTargetPlatformManager:Display: Building Assets For Windows
[2016.02.22-10.02.08:237][  0]LogDerivedDataCache:Display: Max Cache Size: 512 MB
[2016.02.22-10.02.08:276][  0]LogDerivedDataCache: Loaded boot cache 0.04s 41MB C:/Users/VR/AppData/Local/UnrealEngine/4.9/DerivedDataCache/Boot.ddc.
[2016.02.22-10.02.08:276][  0]LogDerivedDataCache:Display: Loaded Boot cache: C:/Users/VR/AppData/Local/UnrealEngine/4.9/DerivedDataCache/Boot.ddc
[2016.02.22-10.02.08:276][  0]LogDerivedDataCache: FDerivedDataBackendGraph:  Pak pak cache file ../../../../../../UnrealProjects/GE_Project/DerivedDataCache/DDC.ddp not found, will not use a pak cache.
[2016.02.22-10.02.08:276][  0]LogDerivedDataCache: Unable to find inner node Pak for hierarchical cache Hierarchy.
[2016.02.22-10.02.08:276][  0]LogDerivedDataCache: FDerivedDataBackendGraph:  CompressedPak pak cache file ../../../../../../UnrealProjects/GE_Project/DerivedDataCache/Compressed.ddp not found, will not use a pak cache.
[2016.02.22-10.02.08:276][  0]LogDerivedDataCache: Unable to find inner node CompressedPak for hierarchical cache Hierarchy.
[2016.02.22-10.02.08:399][  0]LogDerivedDataCache:Display: Pak cache opened for reading ../../../Engine/DerivedDataCache/Compressed.ddp.
[2016.02.22-10.02.08:411][  0]LogDerivedDataCache: Using Local data cache path C:/Users/VR/AppData/Local/UnrealEngine/Common/DerivedDataCache: Writable
[2016.02.22-10.02.08:589][  0]LogInit: Selected Device Profile: [Windows]
[2016.02.22-10.02.08:592][  0]LogContentStreaming: Texture pool size is 0.000000MB
[2016.02.22-10.02.08:700][  0]LogMeshUtilities: No automatic mesh reduction module available
[2016.02.22-10.02.08:700][  0]LogMeshUtilities: No automatic mesh merging module available
[2016.02.22-10.02.08:896][  0]LogInit: WinSock: version 1.1 (2.2), MaxSocks=32767, MaxUdp=65467
[2016.02.22-10.02.09:427][  0]UdpMessaging: Initializing bridge on interface 0.0.0.0:0 to multicast group 230.0.0.1:6666.
[2016.02.22-10.02.09:548][  0]LogAssetRegistry: FAssetRegistry took 0.0113 seconds to start up
[2016.02.22-10.02.09:672][  0]SourceControl: Info Source control is disabled
[2016.02.22-10.02.09:679][  0]SourceControl: Info Source control is disabled
[2016.02.22-10.02.09:686][  0]SourceControl: Info Source control is disabled
[2016.02.22-10.02.09:692][  0]SourceControl: Info Source control is disabled
[2016.02.22-10.02.09:789][  0]LogLinker:Warning: Asset '../../../Engine/Plugins/Runtime/LeapMotionController/Content/LM_PassthroughMaterial.uasset' has been saved with empty engine version. The asset will be loaded but may be incompatible.
[2016.02.22-10.02.09:841][  0]LeapPluginLog: Using LeapPlugin version 0.9.6
[2016.02.22-10.02.09:845][  0]LogObj: 29249 objects as part of root set at end of initial load.
[2016.02.22-10.02.09:845][  0]LogUObjectAllocator: 6234272 out of 0 bytes used by permanent object pool.
[2016.02.22-10.02.09:893][  0]LogEngine: Initializing Engine...
[2016.02.22-10.02.09:894][  0]OCULUS: Info: 02/22/16 10:02:09: [CAPI] LibOVR module is located at C:\Windows\SYSTEM32\LibOVRRT64_0_7.dll

[2016.02.22-10.02.10:394][  0]OCULUS: Error: 02/22/16 10:02:10: [CAPI] ovr_Create failed to complete within the timeout period.
[2016.02.22-10.02.11:527][  0]LogHMD: SteamVR failed to initialize.  Err: 1000
[2016.02.22-10.02.11:628][  0]LogAIModule: Creating AISystem for world NewWorld
[2016.02.22-10.02.11:641][  0]LogInit: XAudio2 using 'Speakers (Realtek High Definition Audio)' : 2 channels at 48 kHz using 32 bits per sample (channel mask 0x3)
[2016.02.22-10.02.11:646][  0]LogInit: FAudioDevice initialized.
[2016.02.22-10.02.11:667][  0]LogDerivedDataCache: Saved boot cache 0.02s 41MB C:/Users/VR/AppData/Local/UnrealEngine/4.9/DerivedDataCache/Boot.ddc.
[2016.02.22-10.02.11:672][  0]LogInit: Texture streaming: Enabled
[2016.02.22-10.02.11:674][  0]LogAnalytics: Creating configured Analytics provider AnalyticsET
[2016.02.22-10.02.11:674][  0]LogAnalytics: [UEEditor.Rocket.Release] APIServer = http://et2.epicgames.com/ET2/. AppVersion = 4.9.2-2707645+++depot+UE4-Releases+4.9
[2016.02.22-10.02.11:674][  0]LogAnalytics: [UEEditor.Rocket.Release] SetUserId 8c1436b7469470d4e6ebefb46ce7086e|0318ce7eb266467aa7a1e63543527494|c39e7128-8a93-45bc-b94e-b28d0faf1958
[2016.02.22-10.02.11:674][  0]LogAnalytics: [UEEditor.Rocket.Release] AnalyticsET::StartSession
[2016.02.22-10.02.11:683][  0]LogWindowsTextInputMethodSystem:Display: IME system now deactivated.
[2016.02.22-10.02.11:694][  0]LogInit: Transaction tracking system initialized
[2016.02.22-10.02.11:713][  0]BlueprintLog: New page: Editor Load
[2016.02.22-10.02.11:760][  0]LocalizationService: Info Localization service is disabled
[2016.02.22-10.02.11:798][  0]LogLinker:Warning: Can't find file '/Game/FirstPersonBP/FirstPersonOverview'
[2016.02.22-10.02.11:798][  0]LogLinker:Warning: Can't find file '/Game/FirstPersonBP/FirstPersonOverview'
[2016.02.22-10.02.11:798][  0]LogUObjectGlobals:Warning: Failed to find object 'Class /Game/FirstPersonBP/FirstPersonOverview.FirstPersonOverview_C'
[2016.02.22-10.02.11:807][  0]LogConsoleResponse:Display: 
[2016.02.22-10.02.11:900][  0]LogCook:Display: Done creating registry. It took  0.00s.
[2016.02.22-10.02.11:931][  0]LogFileCache: Scanning file cache for directory 'D:/UnrealProjects/GE_Project/Content/' took 0.01s
[2016.02.22-10.02.11:931][  0]SourceControl: Info Source control is disabled
[2016.02.22-10.02.11:931][  0]Cmd: MAP LOAD FILE="../../../../../../UnrealProjects/GE_Project/Content/StarterContent/Maps/Minimal_Default.umap" TEMPLATE=0 SHOWPROGRESS=1 FEATURELEVEL=3
[2016.02.22-10.02.11:931][  0]LightingResults: New page: Lighting Build
[2016.02.22-10.02.11:933][  0]MapCheck: New page: Map Check
[2016.02.22-10.02.11:933][  0]LightingResults: New page: Lighting Build
[2016.02.22-10.02.11:942][  0]LogParticles: Destroying 0 GPU particle simulations for FXSystem 0x000000C347BFBCE0
[2016.02.22-10.02.12:250][  0]LogAIModule: Creating AISystem for world Minimal_Default
[2016.02.22-10.02.12:257][  0]LogEditorServer: Finished looking for orphan Actors (0.000 secs)
[2016.02.22-10.02.12:258][  0]Cmd: MAP CHECKDEP NOCLEARLOG
[2016.02.22-10.02.12:300][  0]MapCheck: Info Map check complete: 0 Error(s), 0 Warning(s), took 41.717ms to complete.
[2016.02.22-10.02.12:300][  0]LogFileHelpers: Loading map 'Minimal_Default' took 0.369
[2016.02.22-10.02.12:397][  0]LogCollectionManager: Loaded 0 collections in 0.001083 seconds
[2016.02.22-10.02.12:438][  0]LogFileCache: Scanning file cache for directory 'D:/UnrealProjects/GE_Project/Saved/Collections/' took 0.01s
[2016.02.22-10.02.12:438][  0]LogFileCache: Scanning file cache for directory 'D:/UnrealProjects/GE_Project/Content/Developers/VR/Collections/' took 0.01s
[2016.02.22-10.02.12:438][  0]LogFileCache: Scanning file cache for directory 'D:/UnrealProjects/GE_Project/Content/Collections/' took 0.01s
[2016.02.22-10.02.12:438][  0]LogContentBrowser: Native class hierarchy populated in 0.0069 seconds. Added 1918 classes and 347 folders.
[2016.02.22-10.02.12:442][  0]LogCollectionManager: Rebuilt the GUID cache for 0 collections in 0.000003 seconds
[2016.02.22-10.02.12:448][  0]LogContentBrowser: Native class hierarchy updated for 'WidgetCarousel' in 0.0012 seconds. Added 0 classes and 0 folders.
[2016.02.22-10.02.12:486][  0]LogContentBrowser: Native class hierarchy updated for 'AddContentDialog' in 0.0013 seconds. Added 0 classes and 0 folders.
[2016.02.22-10.02.12:491][  0]LogContentBrowser: Native class hierarchy updated for 'SceneOutliner' in 0.0022 seconds. Added 1 classes and 2 folders.
[2016.02.22-10.02.12:541][  0]LogCrashTracker: Crashtracker disabled due to settings.
[2016.02.22-10.02.12:544][  0]LogUObjectGlobals:Warning: Failed to find object 'Class None.'
[2016.02.22-10.02.12:566][  0]LogLoad: Full Startup: 6.64 seconds (BP compile: 0.03 seconds)
[2016.02.22-10.02.12:631][  0]LogContentStreaming: Texture pool size now 1000 MB
[2016.02.22-10.02.12:736][  0]LogRenderer: Reallocating scene render targets to support 1216x576 (Frame:2).
[2016.02.22-10.02.12:933][  3]LogAssetRegistry: Asset discovery search completed in 3.3968 seconds
[2016.02.22-10.02.12:933][  3]LogCollectionManager: Rebuilt the object cache for 0 collections in 0.000001 seconds (found 0 objects)
[2016.02.22-10.02.12:933][  3]LogCollectionManager: Fixed up redirectors for 0 collections in 0.000016 seconds (updated 0 objects)
[2016.02.22-10.02.25:468][472]Cmd: MAP LOAD FILE="../../../../../../UnrealProjects/GE_Project/Content/MyFirstLevel.umap" TEMPLATE=0 SHOWPROGRESS=1 FEATURELEVEL=3
[2016.02.22-10.02.25:487][472]LightingResults: New page: Lighting Build
[2016.02.22-10.02.25:501][472]LoadErrors: New page: Loading map: MyFirstLevel.umap
[2016.02.22-10.02.25:501][472]MapCheck: New page: Map Check
[2016.02.22-10.02.25:501][472]LightingResults: New page: Lighting Build
[2016.02.22-10.02.25:511][472]LogParticles: Destroying 0 GPU particle simulations for FXSystem 0x000000C330B47C40
[2016.02.22-10.02.25:586][472]LogBlueprint:Warning: [compiler Ue4ASP_Character] Warning Input Axis Event references unknown Axis 'LookUp' for  InputAxis LookUp 
[2016.02.22-10.02.25:586][472]LogBlueprint:Warning: [compiler Ue4ASP_Character] Warning Input Axis Event references unknown Axis 'Turn' for  InputAxis Turn 
[2016.02.22-10.02.25:587][472]LogBlueprint:Warning: [compiler Ue4ASP_Character] Warning Input Axis Event references unknown Axis 'MoveRight' for  InputAxis MoveRight 
[2016.02.22-10.02.25:587][472]LogBlueprint:Warning: [compiler Ue4ASP_Character] Warning Input Axis Event references unknown Axis 'MoveForward' for  InputAxis MoveForward 
[2016.02.22-10.02.25:590][472]LogBlueprint:Warning: [compiler Ue4ASP_Character] Warning [0019.66] Compile of Ue4ASP_Character successful, but with 4 Warning(s) [in 8 ms]
[2016.02.22-10.02.25:590][472]LogBlueprint:Warning: [compiler Ue4ASP_Character] Warning [0019.66] Compile of Ue4ASP_Character successful, but with 5 Warning(s) [in 0 ms]
[2016.02.22-10.02.25:590][472]LogBlueprint:Warning: [compiler Ue4ASP_Character] Warning [0019.66] Compile of Ue4ASP_Character successful, but with 6 Warning(s) [in 0 ms]
[2016.02.22-10.02.25:648][472]LogBlueprint:Warning: [compiler Ue4ASP_Character] Warning Input Axis Event references unknown Axis 'LookUp' for  InputAxis LookUp 
[2016.02.22-10.02.25:649][472]LogBlueprint:Warning: [compiler Ue4ASP_Character] Warning Input Axis Event references unknown Axis 'Turn' for  InputAxis Turn 
[2016.02.22-10.02.25:649][472]LogBlueprint:Warning: [compiler Ue4ASP_Character] Warning Input Axis Event references unknown Axis 'MoveRight' for  InputAxis MoveRight 
[2016.02.22-10.02.25:649][472]LogBlueprint:Warning: [compiler Ue4ASP_Character] Warning Input Axis Event references unknown Axis 'MoveForward' for  InputAxis MoveForward 
[2016.02.22-10.02.25:652][472]LogBlueprint:Warning: [compiler Ue4ASP_Character] Warning [0019.72] Compile of Ue4ASP_Character successful, but with 4 Warning(s) [in 7 ms]
[2016.02.22-10.02.25:652][472]LogBlueprint:Warning: [compiler Ue4ASP_Character] Warning [0019.72] Compile of Ue4ASP_Character successful, but with 5 Warning(s) [in 0 ms]
[2016.02.22-10.02.25:652][472]LogBlueprint:Warning: [compiler Ue4ASP_Character] Warning [0019.73] Compile of Ue4ASP_Character successful, but with 6 Warning(s) [in 0 ms]
[2016.02.22-10.02.25:857][472]LogAIModule: Creating AISystem for world MyFirstLevel
[2016.02.22-10.02.25:928][472]LogEditorServer: Finished looking for orphan Actors (0.000 secs)
[2016.02.22-10.02.25:974][472]Cmd: MAP CHECKDEP NOCLEARLOG
[2016.02.22-10.02.26:017][472]MapCheck: Info Map check complete: 0 Error(s), 0 Warning(s), took 43.176ms to complete.
[2016.02.22-10.02.26:017][472]LogFileHelpers: Loading map 'MyFirstLevel' took 0.551
[2016.02.22-10.02.26:047][473]Cmd: UpdateLandscapeEditorData -warnings
[2016.02.22-10.02.29:543][858]LogLinker:Warning: Asset '../../../Engine/Content/ArtTools/RenderToTexture/Macros/RenderToTextureMacros.uasset' has been saved with empty engine version. The asset will be loaded but may be incompatible.
[2016.02.22-10.02.29:998][858]LogContentBrowser: Native class hierarchy updated for 'BlueprintGraph' in 0.0011 seconds. Added 107 classes and 0 folders.
[2016.02.22-10.02.30:340][858]LogActor:Warning: GameNetworkManager /Engine/Transient.World_4:PersistentLevel.GameNetworkManager_0 has natively added scene component(s), but none of them were set as the actor's RootComponent - picking one arbitrarily
[2016.02.22-10.02.33:786][218]LogSlate:Warning: Prevented a slow task dialog from being summoned while a context menu was open
[2016.02.22-10.02.33:818][218]LogProperty:Error: UStructProperty::Serialize Loading: Property 'StructProperty /LeapMotion/Character/Basic/BasicCharacter_AnimBlueprint.BasicCharacter_AnimBlueprint_C:AnimGraphNode_Fabrik_8C904C7A415FB588652E8A91FDC811AE'. Unknown structure.
[2016.02.22-10.02.33:818][218]LogProperty:Error: UStructProperty::Serialize Loading: Property 'StructProperty /LeapMotion/Character/Basic/BasicCharacter_AnimBlueprint.BasicCharacter_AnimBlueprint_C:AnimGraphNode_Fabrik_416EC86F435836563C4E49AD6D016C3C'. Unknown structure.
[2016.02.22-10.02.33:819][218]LogProperty:Error: UStructProperty::Serialize Loading: Property 'StructProperty /LeapMotion/Character/Basic/BasicCharacter_AnimBlueprint.BasicCharacter_AnimBlueprint_C:AnimGraphNode_Fabrik_9FF4326C4CAD2373B92D6F9E3AC3F57A'. Unknown structure.
[2016.02.22-10.02.33:820][218]LogAnimation:Warning: Invalid animation root node index 54 on '/LeapMotion/Character/Basic/BasicCharacter_AnimBlueprint.BasicCharacter_AnimBlueprint_C' (only 52 nodes)
[2016.02.22-10.02.36:456][218]LogOutputDevice: === Handled error: ===

Ensure condition failed: bValidRootIndex [File:D:\BuildFarm\buildmachine_++depot+UE4-Releases+4.9\Engine\Source\Runtime\Engine\Private\Animation\AnimBlueprintGeneratedClass.cpp] [Line: 234]

Stack: 
UE4Editor-Core.dll!FWindowsPlatformStackWalk::StackWalkAndDump() [d:\buildfarm\buildmachine_++depot+ue4-releases+4.9\engine\source\runtime\core\private\windows\windowsplatformstackwalk.cpp:175]
UE4Editor-Core.dll!FDebug::EnsureFailed() [d:\buildfarm\buildmachine_++depot+ue4-releases+4.9\engine\source\runtime\core\private\misc\outputdevice.cpp:258]
UE4Editor-Core.dll!FDebug::OptionallyLogFormattedEnsureMessageReturningFalse() [d:\buildfarm\buildmachine_++depot+ue4-releases+4.9\engine\source\runtime\core\private\misc\outputdevice.cpp:368]
UE4Editor-Engine.dll!UAnimBlueprintGeneratedClass::Link() [d:\buildfarm\buildmachine_++depot+ue4-releases+4.9\engine\source\runtime\engine\private\animation\animblueprintgeneratedclass.cpp:234]
UE4Editor-CoreUObject.dll!UClass::Serialize() [d:\buildfarm\buildmachine_++depot+ue4-releases+4.9\engine\source\runtime\coreuobject\private\uobject\class.cpp:3393]
UE4Editor-Engine.dll!UBlueprintGeneratedClass::Serialize() [d:\buildfarm\buildmachine_++depot+ue4-releases+4.9\engine\source\runtime\engine\private\blueprintgeneratedclass.cpp:757]
UE4Editor-CoreUObject.dll!FLinkerLoad::Preload() [d:\buildfarm\buildmachine_++depot+ue4-releases+4.9\engine\source\runtime\coreuobject\private\uobject\linkerload.cpp:3143]
UE4Editor-CoreUObject.dll!FLinkerLoad::CreateExport() [d:\buildfarm\buildmachine_++depot+ue4-releases+4.9\engine\source\runtime\coreuobject\private\uobject\linkerload.cpp:3792]
UE4Editor-CoreUObject.dll!FLinkerLoad::IndexToObject() [d:\buildfarm\buildmachine_++depot+ue4-releases+4.9\engine\source\runtime\coreuobject\private\uobject\linkerload.cpp:3982]
UE4Editor-CoreUObject.dll!FLinkerLoad::CreateExport() [d:\buildfarm\buildmachine_++depot+ue4-releases+4.9\engine\source\runtime\coreuobject\private\uobject\linkerload.cpp:3505]
UE4Editor-CoreUObject.dll!FLinkerLoad::CreateExportAndPreload() [d:\buildfarm\buildmachine_++depot+ue4-releases+4.9\engine\source\runtime\coreuobject\private\uobject\linkerload.cpp:2661]
UE4Editor-CoreUObject.dll!FLinkerLoad::LoadAllObjects() [d:\buildfarm\buildmachine_++depot+ue4-releases+4.9\engine\source\runtime\coreuobject\private\uobject\linkerload.cpp:2769]
UE4Editor-CoreUObject.dll!LoadPackageInternal() [d:\buildfarm\buildmachine_++depot+ue4-releases+4.9\engine\source\runtime\coreuobject\private\uobject\uobjectglobals.cpp:1032]
UE4Editor-CoreUObject.dll!FLinkerLoad::VerifyImportInner() [d:\buildfarm\buildmachine_++depot+ue4-releases+4.9\engine\source\runtime\coreuobject\private\uobject\linkerload.cpp:2354]
UE4Editor-CoreUObject.dll!FLinkerLoad::VerifyImport() [d:\buildfarm\buildmachine_++depot+ue4-releases+4.9\engine\source\runtime\coreuobject\private\uobject\linkerload.cpp:2115]
UE4Editor-CoreUObject.dll!FLinkerLoad::VerifyImportInner() [d:\buildfarm\buildmachine_++depot+ue4-releases+4.9\engine\source\runtime\coreuobject\private\uobject\linkerload.cpp:2402]
UE4Editor-CoreUObject.dll!FLinkerLoad::VerifyImport() [d:\buildfarm\buildmachine_++depot+ue4-releases+4.9\engine\source\runtime\coreuobject\private\uobject\linkerload.cpp:2115]
UE4Editor-CoreUObject.dll!FLinkerLoad::Verify() [d:\buildfarm\buildmachine_++depot+ue4-releases+4.9\engine\source\runtime\coreuobject\private\uobject\linkerload.cpp:1905]
UE4Editor-CoreUObject.dll!FLinkerLoad::FinalizeCreation() [d:\buildfarm\buildmachine_++depot+ue4-releases+4.9\engine\source\runtime\coreuobject\private\uobject\linkerload.cpp:1815]
UE4Editor-CoreUObject.dll!FLinkerLoad::Tick() [d:\buildfarm\buildmachine_++depot+ue4-releases+4.9\engine\source\runtime\coreuobject\private\uobject\linkerload.cpp:666]
UE4Editor-CoreUObject.dll!FLinkerLoad::CreateLinker() [d:\buildfarm\buildmachine_++depot+ue4-releases+4.9\engine\source\runtime\coreuobject\private\uobject\linkerload.cpp:404]
UE4Editor-CoreUObject.dll!GetPackageLinker() [d:\buildfarm\buildmachine_++depot+ue4-releases+4.9\engine\source\runtime\coreuobject\private\uobject\linker.cpp:570]
UE4Editor-CoreUObject.dll!LoadPackageInternal() [d:\buildfarm\buildmachine_++depot+ue4-releases+4.9\engine\source\runtime\coreuobject\private\uobject\uobjectglobals.cpp:936]
UE4Editor-CoreUObject.dll!FLinkerLoad::VerifyImportInner() [d:\buildfarm\buildmachine_++depot+ue4-releases+4.9\engine\source\runtime\coreuobject\private\uobject\linkerload.cpp:2354]
UE4Editor-CoreUObject.dll!FLinkerLoad::VerifyImport() [d:\buildfarm\buildmachine_++depot+ue4-releases+4.9\engine\source\runtime\coreuobject\private\uobject\linkerload.cpp:2115]
UE4Editor-CoreUObject.dll!FLinkerLoad::VerifyImportInner() [d:\buildfarm\buildmachine_++depot+ue4-releases+4.9\engine\source\runtime\coreuobject\private\uobject\linkerload.cpp:2402]
UE4Editor-CoreUObject.dll!FLinkerLoad::VerifyImport() [d:\buildfarm\buildmachine_++depot+ue4-releases+4.9\engine\source\runtime\coreuobject\private\uobject\linkerload.cpp:2115]
UE4Editor-CoreUObject.dll!FLinkerLoad::VerifyImportInner() [d:\buildfarm\buildmachine_++depot+ue4-releases+4.9\engine\source\runtime\coreuobject\private\uobject\linkerload.cpp:2402]
UE4Editor-CoreUObject.dll!FLinkerLoad::VerifyImport() [d:\buildfarm\buildmachine_++depot+ue4-releases+4.9\engine\source\runtime\coreuobject\private\uobject\linkerload.cpp:2115]
UE4Editor-CoreUObject.dll!FLinkerLoad::Verify() [d:\buildfarm\buildmachine_++depot+ue4-releases+4.9\engine\source\runtime\coreuobject\private\uobject\linkerload.cpp:1905]
UE4Editor-CoreUObject.dll!FLinkerLoad::FinalizeCreation() [d:\buildfarm\buildmachine_++depot+ue4-releases+4.9\engine\source\runtime\coreuobject\private\uobject\linkerload.cpp:1815]
UE4Editor-CoreUObject.dll!FLinkerLoad::Tick() [d:\buildfarm\buildmachine_++depot+ue4-releases+4.9\engine\source\runtime\coreuobject\private\uobject\linkerload.cpp:666]
UE4Editor-CoreUObject.dll!FLinkerLoad::CreateLinker() [d:\buildfarm\buildmachine_++depot+ue4-releases+4.9\engine\source\runtime\coreuobject\private\uobject\linkerload.cpp:404]
UE4Editor-CoreUObject.dll!GetPackageLinker() [d:\buildfarm\buildmachine_++depot+ue4-releases+4.9\engine\source\runtime\coreuobject\private\uobject\linker.cpp:570]
UE4Editor-CoreUObject.dll!LoadPackageInternal() [d:\buildfarm\buildmachine_++depot+ue4-releases+4.9\engine\source\runtime\coreuobject\private\uobject\uobjectglobals.cpp:936]
UE4Editor-ClassViewer.dll!ClassViewer::Helpers::LoadClass() [d:\buildfarm\buildmachine_++depot+ue4-releases+4.9\engine\source\editor\classviewer\private\sclassviewer.cpp:1025]
UE4Editor-ClassViewer.dll!SClassViewer::OnClassViewerSelectionChanged() [d:\buildfarm\buildmachine_++depot+ue4-releases+4.9\engine\source\editor\classviewer\private\sclassviewer.cpp:2195]
UE4Editor-ClassViewer.dll!TBaseSPMethodDelegateInstance<0,SClassViewer,0,TTypeWrapper<void> __cdecl(TSharedPtr<FClassViewerNode,0>,enum ESelectInfo::Type)>::Execute() [d:\buildfarm\buildmachine_++depot+ue4-releases+4.9\engine\source\runtime\core\public\delegates\delegateinstancesimpl_variadics.inl:282]
UE4Editor-ClassViewer.dll!TBaseSPMethodDelegateInstance<0,SClassViewer,0,void __cdecl(TSharedPtr<FClassViewerNode,0>,enum ESelectInfo::Type)>::ExecuteIfSafe() [d:\buildfarm\buildmachine_++depot+ue4-releases+4.9\engine\source\runtime\core\public\delegates\delegateinstancesimpl_variadics.inl:388]
UE4Editor-ClassViewer.dll!TBaseDelegate<void,TSharedPtr<FClassViewerNode,0>,enum ESelectInfo::Type>::ExecuteIfBound() [d:\buildfarm\buildmachine_++depot+ue4-releases+4.9\engine\source\runtime\core\public\delegates\delegatesignatureimpl_variadics.inl:482]
UE4Editor-ClassViewer.dll!SListView<TSharedPtr<FClassViewerNode,0> >::Private_SignalSelectionChanged() [d:\buildfarm\buildmachine_++depot+ue4-releases+4.9\engine\source\runtime\slate\public\widgets\views\slistview.h:609]
UE4Editor-ClassViewer.dll!STableRow<TSharedPtr<FString,0> >::OnMouseButtonUp() [d:\buildfarm\buildmachine_++depot+ue4-releases+4.9\engine\source\runtime\slate\public\widgets\views\stablerow.h:446]
UE4Editor-Slate.dll!<lambda_df946b2745ea2bbab398d4acc9cc3d04>::operator()() [d:\buildfarm\buildmachine_++depot+ue4-releases+4.9\engine\source\runtime\slate\private\framework\application\slateapplication.cpp:4273]
UE4Editor-Slate.dll!FEventRouter::Route<FReply,FEventRouter::FToLeafmostPolicy,FPointerEvent,<lambda_df946b2745ea2bbab398d4acc9cc3d04> >() [d:\buildfarm\buildmachine_++depot+ue4-releases+4.9\engine\source\runtime\slate\private\framework\application\slateapplication.cpp:214]
UE4Editor-Slate.dll!FSlateApplication::RoutePointerUpEvent() [d:\buildfarm\buildmachine_++depot+ue4-releases+4.9\engine\source\runtime\slate\private\framework\application\slateapplication.cpp:4276]
UE4Editor-Slate.dll!FSlateApplication::ProcessMouseButtonUpEvent() [d:\buildfarm\buildmachine_++depot+ue4-releases+4.9\engine\source\runtime\slate\private\framework\application\slateapplication.cpp:4660]
UE4Editor-Slate.dll!FSlateApplication::OnMouseUp() [d:\buildfarm\buildmachine_++depot+ue4-releases+4.9\engine\source\runtime\slate\private\framework\application\slateapplication.cpp:4638]
UE4Editor-Core.dll!FWindowsApplication::ProcessDeferredMessage() [d:\buildfarm\buildmachine_++depot+ue4-releases+4.9\engine\source\runtime\core\private\windows\windowsapplication.cpp:1403]
UE4Editor-Core.dll!FWindowsApplication::DeferMessage() [d:\buildfarm\buildmachine_++depot+ue4-releases+4.9\engine\source\runtime\core\private\windows\windowsapplication.cpp:1708]
UE4Editor-Core.dll!FWindowsApplication::ProcessMessage() [d:\buildfarm\buildmachine_++depot+ue4-releases+4.9\engine\source\runtime\core\private\windows\windowsapplication.cpp:706]
UE4Editor-Core.dll!FWindowsApplication::AppWndProc() [d:\buildfarm\buildmachine_++depot+ue4-releases+4.9\engine\source\runtime\core\private\windows\windowsapplication.cpp:628]
USER32.dll
USER32.dll
UE4Editor-Core.dll!FWindowsPlatformMisc::PumpMessages() [d:\buildfarm\buildmachine_++depot+ue4-releases+4.9\engine\source\runtime\core\private\windows\windowsplatformmisc.cpp:884]
UE4Editor.exe!FEngineLoop::Tick() [d:\buildfarm\buildmachine_++depot+ue4-releases+4.9\engine\source\runtime\launch\private\launchengineloop.cpp:2392]
UE4Editor.exe!GuardedMain() [d:\buildfarm\buildmachine_++depot+ue4-releases+4.9\engine\source\runtime\launch\private\launch.cpp:142]
UE4Editor.exe!GuardedMainWrapper() [d:\buildfarm\buildmachine_++depot+ue4-releases+4.9\engine\source\runtime\launch\private\windows\launchwindows.cpp:126]
UE4Editor.exe!WinMain() [d:\buildfarm\buildmachine_++depot+ue4-releases+4.9\engine\source\runtime\launch\private\windows\launchwindows.cpp:200]
UE4Editor.exe!__tmainCRTStartup() [f:\dd\vctools\crt\crtw32\dllstuff\crtexe.c:618]
KERNEL32.DLL
ntdll.dll
ntdll.dll

[2016.02.22-10.02.36:590][218]LogAnimation:Warning: Invalid animation root node index 54 on '/LeapMotion/Character/Basic/BasicCharacter_AnimBlueprint.BasicCharacter_AnimBlueprint_C' (only 52 nodes)
[2016.02.22-10.02.36:802][218]LogAnimation:Warning: Invalid animation root node index 54 on '/Engine/Transient.REINST_BasicCharacter_AnimBlueprint_C_2' (only 52 nodes)
[2016.02.22-10.02.36:895][218]LogClass:Warning: Property AnimGraphNode_Fabrik_8C904C7A415FB588652E8A91FDC811AE of BasicCharacter_AnimBlueprint_C has a struct type mismatch (tag FallbackStruct != prop AnimNode_Fabrik) in package:  FObjectReader. If that struct got renamed, add an entry to ActiveStructRedirects.
[2016.02.22-10.02.36:895][218]LogClass:Warning: Property AnimGraphNode_Fabrik_416EC86F435836563C4E49AD6D016C3C of BasicCharacter_AnimBlueprint_C has a struct type mismatch (tag FallbackStruct != prop AnimNode_Fabrik) in package:  FObjectReader. If that struct got renamed, add an entry to ActiveStructRedirects.
[2016.02.22-10.02.36:895][218]LogClass:Warning: Property AnimGraphNode_Fabrik_9FF4326C4CAD2373B92D6F9E3AC3F57A of BasicCharacter_AnimBlueprint_C has a struct type mismatch (tag FallbackStruct != prop AnimNode_Fabrik) in package:  FObjectReader. If that struct got renamed, add an entry to ActiveStructRedirects.
[2016.02.22-10.02.37:188][218]LogBlueprint:Warning: [compiler LeapBasicRiggedCharacter] Warning Input Axis Event references unknown Axis 'LookUpRate' for  InputAxis LookUpRate 
[2016.02.22-10.02.37:188][218]LogBlueprint:Warning: [compiler LeapBasicRiggedCharacter] Warning Input Axis Event references unknown Axis 'TurnRate' for  InputAxis TurnRate 
[2016.02.22-10.02.37:188][218]LogBlueprint:Warning: [compiler LeapBasicRiggedCharacter] Warning Input Axis Event references unknown Axis 'Turn' for  InputAxis Turn 
[2016.02.22-10.02.37:188][218]LogBlueprint:Warning: [compiler LeapBasicRiggedCharacter] Warning Input Axis Event references unknown Axis 'LookUp' for  InputAxis LookUp 
[2016.02.22-10.02.37:188][218]LogBlueprint:Warning: [compiler LeapBasicRiggedCharacter] Warning Input Axis Event references unknown Axis 'MoveRight' for  InputAxis MoveRight 
[2016.02.22-10.02.37:189][218]LogBlueprint:Warning: [compiler LeapBasicRiggedCharacter] Warning Input Axis Event references unknown Axis 'MoveForward' for  InputAxis MoveForward 
[2016.02.22-10.02.37:191][218]LogBlueprint:Warning: [compiler LeapBasicRiggedCharacter] Warning [0031.26] Compile of LeapBasicRiggedCharacter successful, but with 6 Warning(s) [in 8 ms]
[2016.02.22-10.02.37:191][218]LogBlueprint:Warning: [compiler LeapBasicRiggedCharacter] Warning [0031.26] Compile of LeapBasicRiggedCharacter successful, but with 7 Warning(s) [in 0 ms]
[2016.02.22-10.02.37:191][218]LogBlueprint:Warning: [compiler LeapBasicRiggedCharacter] Warning [0031.26] Compile of LeapBasicRiggedCharacter successful, but with 8 Warning(s) [in 0 ms]
[2016.02.22-10.02.37:198][218]LogBlueprint:Warning: [compiler LeapBasicRiggedCharacter] Warning Input Axis Event references unknown Axis 'LookUpRate' for  InputAxis LookUpRate 
[2016.02.22-10.02.37:198][218]LogBlueprint:Warning: [compiler LeapBasicRiggedCharacter] Warning Input Axis Event references unknown Axis 'TurnRate' for  InputAxis TurnRate 
[2016.02.22-10.02.37:199][218]LogBlueprint:Warning: [compiler LeapBasicRiggedCharacter] Warning Input Axis Event references unknown Axis 'Turn' for  InputAxis Turn 
[2016.02.22-10.02.37:199][218]LogBlueprint:Warning: [compiler LeapBasicRiggedCharacter] Warning Input Axis Event references unknown Axis 'LookUp' for  InputAxis LookUp 
[2016.02.22-10.02.37:199][218]LogBlueprint:Warning: [compiler LeapBasicRiggedCharacter] Warning Input Axis Event references unknown Axis 'MoveRight' for  InputAxis MoveRight 
[2016.02.22-10.02.37:199][218]LogBlueprint:Warning: [compiler LeapBasicRiggedCharacter] Warning Input Axis Event references unknown Axis 'MoveForward' for  InputAxis MoveForward 
[2016.02.22-10.02.37:202][218]LogBlueprint:Warning: [compiler LeapBasicRiggedCharacter] Warning [0031.27] Compile of LeapBasicRiggedCharacter successful, but with 6 Warning(s) [in 8 ms]
[2016.02.22-10.02.37:202][218]LogBlueprint:Warning: [compiler LeapBasicRiggedCharacter] Warning [0031.28] Compile of LeapBasicRiggedCharacter successful, but with 7 Warning(s) [in 0 ms]
[2016.02.22-10.02.37:202][218]LogBlueprint:Warning: [compiler LeapBasicRiggedCharacter] Warning [0031.28] Compile of LeapBasicRiggedCharacter successful, but with 8 Warning(s) [in 0 ms]
[2016.02.22-10.02.41:608][711]LogSlate:Warning: Prevented a slow task dialog from being summoned while a context menu was open
[2016.02.22-10.03.06:674][985]BlueprintLog: New page: Compile BP_TheBeginningGameMode
[2016.02.22-10.03.06:727][985]LogActorComponent: UnregisterComponent: (/Engine/Transient.CharMoveComp) Not registered. Aborting.
[2016.02.22-10.03.06:797][985]LeapPluginLog: LeapController::CleanupEventData Delete Called
[2016.02.22-10.03.06:808][985]LeapPluginLog: LeapController::CleanupEventData Delete Called
[2016.02.22-10.03.06:824][985]BlueprintEditorCompileResults: Info [0060.90] Compile of BP_TheBeginningGameMode successful! [in 150 ms]
[2016.02.22-10.03.16:234][ 97]LogBlueprintUserMessages: Early PlayInEditor Detection: Level '/Game/MyFirstLevel.MyFirstLevel:PersistentLevel' has LevelScriptBlueprint '/Game/MyFirstLevel.MyFirstLevel:PersistentLevel.MyFirstLevel' with GeneratedClass '/Game/MyFirstLevel.MyFirstLevel_C' with ClassGeneratedBy '/Game/MyFirstLevel.MyFirstLevel:PersistentLevel.MyFirstLevel'
[2016.02.22-10.03.16:234][ 97]LogPlayLevel: PlayLevel: No blueprints needed recompiling
[2016.02.22-10.03.16:234][ 97]PIE: New page: PIE session: MyFirstLevel (Feb 22, 2016, 12:03:16 PM)
[2016.02.22-10.03.16:234][ 97]LogPlayLevel: Creating play world package: /Game/UEDPIE_0_MyFirstLevel
[2016.02.22-10.03.16:244][ 97]LogPlayLevel: PIE: StaticDuplicateObject took: (0.009238s)
[2016.02.22-10.03.16:244][ 97]LogAIModule: Creating AISystem for world MyFirstLevel
[2016.02.22-10.03.16:244][ 97]LogPlayLevel: PIE: World Init took: (0.000525s)
[2016.02.22-10.03.16:244][ 97]LogPlayLevel: PIE: Created PIE world by copying editor world from /Game/MyFirstLevel.MyFirstLevel to /Game/UEDPIE_0_MyFirstLevel.MyFirstLevel (0.009916s)
[2016.02.22-10.03.16:279][ 97]LogInit: XAudio2 using 'Speakers (Realtek High Definition Audio)' : 2 channels at 48 kHz using 32 bits per sample (channel mask 0x3)
[2016.02.22-10.03.16:285][ 97]LogInit: FAudioDevice initialized.
[2016.02.22-10.03.16:334][ 97]LogWorld: Game class is 'BP_TheBeginningGameMode_C'
[2016.02.22-10.03.16:349][ 97]LogWorld: Bringing World /Game/UEDPIE_0_MyFirstLevel.MyFirstLevel up for play (max tick rate 0) at 2016.02.22-11.03.16
[2016.02.22-10.03.16:349][ 97]LogActor:Warning: GameSession /Game/UEDPIE_0_MyFirstLevel.MyFirstLevel:PersistentLevel.GameSession_0 has natively added scene component(s), but none of them were set as the actor's RootComponent - picking one arbitrarily
[2016.02.22-10.03.16:349][ 97]LogActor:Warning: GameNetworkManager /Game/UEDPIE_0_MyFirstLevel.MyFirstLevel:PersistentLevel.GameNetworkManager_1 has natively added scene component(s), but none of them were set as the actor's RootComponent - picking one arbitrarily
[2016.02.22-10.03.16:351][ 97]LogWorld: Bringing up level for play took: 0.015282
[2016.02.22-10.03.16:355][ 97]LeapPluginLog: InterfaceObject: LeapAnimBodyConnector_C_0
[2016.02.22-10.03.16:356][ 97]PIE: Info Play in editor start time for /Game/UEDPIE_0_MyFirstLevel -0.858
[2016.02.22-10.03.16:356][ 97]LogBlueprintUserMessages: Late PlayInEditor Detection: Level '/Game/MyFirstLevel.MyFirstLevel:PersistentLevel' has LevelScriptBlueprint '/Game/MyFirstLevel.MyFirstLevel:PersistentLevel.MyFirstLevel' with GeneratedClass '/Game/MyFirstLevel.MyFirstLevel_C' with ClassGeneratedBy '/Game/MyFirstLevel.MyFirstLevel:PersistentLevel.MyFirstLevel'
[2016.02.22-10.03.24:837][108]LogBlueprintUserMessages: Early EndPlayMap Detection: Level '/Game/MyFirstLevel.MyFirstLevel:PersistentLevel' has LevelScriptBlueprint '/Game/MyFirstLevel.MyFirstLevel:PersistentLevel.MyFirstLevel' with GeneratedClass '/Game/MyFirstLevel.MyFirstLevel_C' with ClassGeneratedBy '/Game/MyFirstLevel.MyFirstLevel:PersistentLevel.MyFirstLevel'
[2016.02.22-10.03.24:845][108]LeapPluginLog: LeapController::CleanupEventData Delete Called
[2016.02.22-10.03.24:876][108]LogBlueprintUserMessages: Late EndPlayMap Detection: Level '/Game/MyFirstLevel.MyFirstLevel:PersistentLevel' has LevelScriptBlueprint '/Game/MyFirstLevel.MyFirstLevel:PersistentLevel.MyFirstLevel' with GeneratedClass '/Game/MyFirstLevel.MyFirstLevel_C' with ClassGeneratedBy '/Game/MyFirstLevel.MyFirstLevel:PersistentLevel.MyFirstLevel'
[2016.02.22-10.03.24:926][109]LogParticles: Destroying 0 GPU particle simulations for FXSystem 0x000000C40EF2C220
[2016.02.22-10.03.36:456][480]LogBlueprintUserMessages: Early PlayInEditor Detection: Level '/Game/MyFirstLevel.MyFirstLevel:PersistentLevel' has LevelScriptBlueprint '/Game/MyFirstLevel.MyFirstLevel:PersistentLevel.MyFirstLevel' with GeneratedClass '/Game/MyFirstLevel.MyFirstLevel_C' with ClassGeneratedBy '/Game/MyFirstLevel.MyFirstLevel:PersistentLevel.MyFirstLevel'
[2016.02.22-10.03.36:456][480]LogPlayLevel: PlayLevel: No blueprints needed recompiling
[2016.02.22-10.03.36:456][480]PIE: New page: PIE session: MyFirstLevel (Feb 22, 2016, 12:03:36 PM)
[2016.02.22-10.03.36:456][480]LogPlayLevel: Creating play world package: /Game/UEDPIE_0_MyFirstLevel
[2016.02.22-10.03.36:464][480]LogPlayLevel: PIE: StaticDuplicateObject took: (0.008021s)
[2016.02.22-10.03.36:464][480]LogAIModule: Creating AISystem for world MyFirstLevel
[2016.02.22-10.03.36:464][480]LogPlayLevel: PIE: World Init took: (0.000459s)
[2016.02.22-10.03.36:465][480]LogPlayLevel: PIE: Created PIE world by copying editor world from /Game/MyFirstLevel.MyFirstLevel to /Game/UEDPIE_0_MyFirstLevel.MyFirstLevel (0.008684s)
[2016.02.22-10.03.36:500][480]LogInit: XAudio2 using 'Speakers (Realtek High Definition Audio)' : 2 channels at 48 kHz using 32 bits per sample (channel mask 0x3)
[2016.02.22-10.03.36:506][480]LogInit: FAudioDevice initialized.
[2016.02.22-10.03.36:540][480]LogWorld: Game class is 'BP_TheBeginningGameMode_C'
[2016.02.22-10.03.36:554][480]LogWorld: Bringing World /Game/UEDPIE_0_MyFirstLevel.MyFirstLevel up for play (max tick rate 0) at 2016.02.22-11.03.36
[2016.02.22-10.03.36:554][480]LogActor:Warning: GameSession /Game/UEDPIE_0_MyFirstLevel.MyFirstLevel:PersistentLevel.GameSession_1 has natively added scene component(s), but none of them were set as the actor's RootComponent - picking one arbitrarily
[2016.02.22-10.03.36:554][480]LogActor:Warning: GameNetworkManager /Game/UEDPIE_0_MyFirstLevel.MyFirstLevel:PersistentLevel.GameNetworkManager_2 has natively added scene component(s), but none of them were set as the actor's RootComponent - picking one arbitrarily
[2016.02.22-10.03.36:555][480]LogWorld: Bringing up level for play took: 0.013715
[2016.02.22-10.03.36:558][480]LeapPluginLog: InterfaceObject: LeapAnimBodyConnector_C_1
[2016.02.22-10.03.36:559][480]PIE: Info Play in editor start time for /Game/UEDPIE_0_MyFirstLevel -0.654
[2016.02.22-10.03.36:559][480]LogBlueprintUserMessages: Late PlayInEditor Detection: Level '/Game/MyFirstLevel.MyFirstLevel:PersistentLevel' has LevelScriptBlueprint '/Game/MyFirstLevel.MyFirstLevel:PersistentLevel.MyFirstLevel' with GeneratedClass '/Game/MyFirstLevel.MyFirstLevel_C' with ClassGeneratedBy '/Game/MyFirstLevel.MyFirstLevel:PersistentLevel.MyFirstLevel'
[2016.02.22-10.04.57:193][ 81]LogBlueprintUserMessages: Early EndPlayMap Detection: Level '/Game/MyFirstLevel.MyFirstLevel:PersistentLevel' has LevelScriptBlueprint '/Game/MyFirstLevel.MyFirstLevel:PersistentLevel.MyFirstLevel' with GeneratedClass '/Game/MyFirstLevel.MyFirstLevel_C' with ClassGeneratedBy '/Game/MyFirstLevel.MyFirstLevel:PersistentLevel.MyFirstLevel'
[2016.02.22-10.04.57:200][ 81]LeapPluginLog: LeapController::CleanupEventData Delete Called
[2016.02.22-10.04.57:228][ 81]LogBlueprintUserMessages: Late EndPlayMap Detection: Level '/Game/MyFirstLevel.MyFirstLevel:PersistentLevel' has LevelScriptBlueprint '/Game/MyFirstLevel.MyFirstLevel:PersistentLevel.MyFirstLevel' with GeneratedClass '/Game/MyFirstLevel.MyFirstLevel_C' with ClassGeneratedBy '/Game/MyFirstLevel.MyFirstLevel:PersistentLevel.MyFirstLevel'
[2016.02.22-10.04.57:280][ 82]LogParticles: Destroying 0 GPU particle simulations for FXSystem 0x000000C304E75B20
[2016.02.22-10.08.01:997][685]LogBlueprintUserMessages: Early PlayInEditor Detection: Level '/Game/MyFirstLevel.MyFirstLevel:PersistentLevel' has LevelScriptBlueprint '/Game/MyFirstLevel.MyFirstLevel:PersistentLevel.MyFirstLevel' with GeneratedClass '/Game/MyFirstLevel.MyFirstLevel_C' with ClassGeneratedBy '/Game/MyFirstLevel.MyFirstLevel:PersistentLevel.MyFirstLevel'
[2016.02.22-10.08.01:997][685]LogPlayLevel: PlayLevel: No blueprints needed recompiling
[2016.02.22-10.08.01:997][685]PIE: New page: PIE session: MyFirstLevel (Feb 22, 2016, 12:08:01 PM)
[2016.02.22-10.08.01:997][685]LogPlayLevel: Creating play world package: /Game/UEDPIE_0_MyFirstLevel
[2016.02.22-10.08.02:006][685]LogPlayLevel: PIE: StaticDuplicateObject took: (0.008826s)
[2016.02.22-10.08.02:007][685]LogAIModule: Creating AISystem for world MyFirstLevel
[2016.02.22-10.08.02:007][685]LogPlayLevel: PIE: World Init took: (0.000725s)
[2016.02.22-10.08.02:007][685]LogPlayLevel: PIE: Created PIE world by copying editor world from /Game/MyFirstLevel.MyFirstLevel to /Game/UEDPIE_0_MyFirstLevel.MyFirstLevel (0.009752s)
[2016.02.22-10.08.02:007][685]LogActorComponent: UnregisterComponent: (/Engine/Transient.CharMoveComp) Not registered. Aborting.
[2016.02.22-10.08.02:007][685]LogActorComponent: UnregisterComponent: (/Engine/Transient.CharacterMovementComponent_0) Not registered. Aborting.
[2016.02.22-10.08.02:007][685]LogActorComponent: UnregisterComponent: (/Engine/Transient.CharacterMovementComponent_1) Not registered. Aborting.
[2016.02.22-10.08.02:007][685]LogActorComponent: UnregisterComponent: (/Engine/Transient.KinectInterface_GEN_VARIABLE) Not registered. Aborting.
[2016.02.22-10.08.02:045][685]LogParticles: Destroying 0 GPU particle simulations for FXSystem 0x000000C3050E0E00
[2016.02.22-10.08.02:080][685]LogInit: XAudio2 using 'Speakers (Realtek High Definition Audio)' : 2 channels at 48 kHz using 32 bits per sample (channel mask 0x3)
[2016.02.22-10.08.02:087][685]LogInit: FAudioDevice initialized.
[2016.02.22-10.08.02:124][685]LogWorld: Game class is 'BP_TheBeginningGameMode_C'
[2016.02.22-10.08.02:138][685]LogWorld: Bringing World /Game/UEDPIE_0_MyFirstLevel.MyFirstLevel up for play (max tick rate 0) at 2016.02.22-11.08.02
[2016.02.22-10.08.02:138][685]LogActor:Warning: GameSession /Game/UEDPIE_0_MyFirstLevel.MyFirstLevel:PersistentLevel.GameSession_2 has natively added scene component(s), but none of them were set as the actor's RootComponent - picking one arbitrarily
[2016.02.22-10.08.02:139][685]LogActor:Warning: GameNetworkManager /Game/UEDPIE_0_MyFirstLevel.MyFirstLevel:PersistentLevel.GameNetworkManager_3 has natively added scene component(s), but none of them were set as the actor's RootComponent - picking one arbitrarily
[2016.02.22-10.08.02:140][685]LogWorld: Bringing up level for play took: 0.014304
[2016.02.22-10.08.02:143][685]LeapPluginLog: InterfaceObject: LeapAnimBodyConnector_C_2
[2016.02.22-10.08.02:145][685]PIE: Info Play in editor start time for /Game/UEDPIE_0_MyFirstLevel 0.931
[2016.02.22-10.08.02:145][685]LogBlueprintUserMessages: Late PlayInEditor Detection: Level '/Game/MyFirstLevel.MyFirstLevel:PersistentLevel' has LevelScriptBlueprint '/Game/MyFirstLevel.MyFirstLevel:PersistentLevel.MyFirstLevel' with GeneratedClass '/Game/MyFirstLevel.MyFirstLevel_C' with ClassGeneratedBy '/Game/MyFirstLevel.MyFirstLevel:PersistentLevel.MyFirstLevel'
[2016.02.22-10.08.17:533][502]LogBlueprintUserMessages: Early EndPlayMap Detection: Level '/Game/MyFirstLevel.MyFirstLevel:PersistentLevel' has LevelScriptBlueprint '/Game/MyFirstLevel.MyFirstLevel:PersistentLevel.MyFirstLevel' with GeneratedClass '/Game/MyFirstLevel.MyFirstLevel_C' with ClassGeneratedBy '/Game/MyFirstLevel.MyFirstLevel:PersistentLevel.MyFirstLevel'
[2016.02.22-10.08.17:541][502]LeapPluginLog: LeapController::CleanupEventData Delete Called
[2016.02.22-10.08.17:569][502]LogBlueprintUserMessages: Late EndPlayMap Detection: Level '/Game/MyFirstLevel.MyFirstLevel:PersistentLevel' has LevelScriptBlueprint '/Game/MyFirstLevel.MyFirstLevel:PersistentLevel.MyFirstLevel' with GeneratedClass '/Game/MyFirstLevel.MyFirstLevel_C' with ClassGeneratedBy '/Game/MyFirstLevel.MyFirstLevel:PersistentLevel.MyFirstLevel'
[2016.02.22-10.08.17:595][502]LogParticles: Destroying 0 GPU particle simulations for FXSystem 0x000000C304FCC180
[2016.02.22-10.11.46:747][453]LeapPluginLog: InterfaceObject: LeapAnimBodyConnector_C_3
[2016.02.22-10.11.46:767][454]LeapPluginLog: InterfaceObject: LeapAnimBodyConnector_C_4
[2016.02.22-10.11.46:767][454]LeapPluginLog:Warning: Warning! More than one (2) Leap Controller Component detected! Duplication of work and output may result (inefficiency warning).
[2016.02.22-10.11.46:776][455]LeapPluginLog: InterfaceObject: LeapAnimBodyConnector_C_5
[2016.02.22-10.11.46:776][455]LeapPluginLog:Warning: Warning! More than one (3) Leap Controller Component detected! Duplication of work and output may result (inefficiency warning).
[2016.02.22-10.11.50:766][895]LeapPluginLog: InterfaceObject: LeapAnimBodyConnector_C_6
[2016.02.22-10.11.50:766][895]LeapPluginLog:Warning: Warning! More than one (4) Leap Controller Component detected! Duplication of work and output may result (inefficiency warning).
[2016.02.22-10.12.00:907][944]LeapPluginLog: LeapController::CleanupEventData Delete Called
[2016.02.22-10.12.01:243][944]LeapPluginLog: InterfaceObject: LeapAnimBodyConnector_C_8
[2016.02.22-10.12.01:243][944]LeapPluginLog:Warning: Warning! More than one (4) Leap Controller Component detected! Duplication of work and output may result (inefficiency warning).
[2016.02.22-10.12.03:707][147]LogUObjectHash:Warning: Ambiguous search, could be K2Node_CallFunction /Game/BP_Avatar.BP_Avatar:EventGraph.K2Node_CallFunction_2965 or K2Node_CallFunction /LeapMotion/Blueprints/LeapCollisionCharacter.LeapCollisionCharacter:EventGraph.K2Node_CallFunction_2965
[2016.02.22-10.12.03:707][147]LogProperty:Warning: Illegal TEXT reference to a private object in external package (EdGraphPin /Game/BP_Avatar.BP_Avatar:EventGraph.K2Node_CallFunction_2965.EdGraphPin_7065) from referencer (EdGraphPin /LeapMotion/Blueprints/LeapCollisionCharacter.LeapCollisionCharacter:EventGraph.K2Node_Event_240.EdGraphPin_7057).  Import failed...
[2016.02.22-10.12.03:707][147]LogProperty:Warning: ObjectProperty /Script/Engine.EdGraphPin:LinkedTo.LinkedTo: unresolved reference to 'EdGraphPin'K2Node_CallFunction_2965.EdGraphPin_7065''
[2016.02.22-10.12.03:707][147]LogUObjectHash:Warning: Ambiguous search, could be K2Node_CallFunction /Game/BP_Avatar.BP_Avatar:EventGraph.K2Node_CallFunction_2682 or K2Node_CallFunction /LeapMotion/Blueprints/LeapCollisionCharacter.LeapCollisionCharacter:EventGraph.K2Node_CallFunction_2682
[2016.02.22-10.12.03:707][147]LogProperty:Warning: Illegal TEXT reference to a private object in external package (EdGraphPin /Game/BP_Avatar.BP_Avatar:EventGraph.K2Node_CallFunction_2682.EdGraphPin_7085) from referencer (EdGraphPin /LeapMotion/Blueprints/LeapCollisionCharacter.LeapCollisionCharacter:EventGraph.K2Node_CallFunction_2965.EdGraphPin_7066).  Import failed...
[2016.02.22-10.12.03:707][147]LogProperty:Warning: ObjectProperty /Script/Engine.EdGraphPin:LinkedTo.LinkedTo: unresolved reference to 'EdGraphPin'K2Node_CallFunction_2682.EdGraphPin_7085''
[2016.02.22-10.12.03:707][147]LogUObjectHash:Warning: Ambiguous search, could be K2Node_VariableGet /Game/BP_Avatar.BP_Avatar:EventGraph.K2Node_VariableGet_333 or K2Node_VariableGet /LeapMotion/Blueprints/LeapCollisionCharacter.LeapCollisionCharacter:EventGraph.K2Node_VariableGet_333
[2016.02.22-10.12.03:707][147]LogProperty:Warning: Illegal TEXT reference to a private object in external package (EdGraphPin /Game/BP_Avatar.BP_Avatar:EventGraph.K2Node_VariableGet_333.EdGraphPin_6832) from referencer (EdGraphPin /LeapMotion/Blueprints/LeapCollisionCharacter.LeapCollisionCharacter:EventGraph.K2Node_CallFunction_2965.EdGraphPin_7067).  Import failed...
[2016.02.22-10.12.03:707][147]LogProperty:Warning: ObjectProperty /Script/Engine.EdGraphPin:LinkedTo.LinkedTo: unresolved reference to 'EdGraphPin'K2Node_VariableGet_333.EdGraphPin_6832''
[2016.02.22-10.12.03:707][147]LogUObjectHash:Warning: Ambiguous search, could be K2Node_CallFunction /Game/BP_Avatar.BP_Avatar:EventGraph.K2Node_CallFunction_2682 or K2Node_CallFunction /LeapMotion/Blueprints/LeapCollisionCharacter.LeapCollisionCharacter:EventGraph.K2Node_CallFunction_2682
[2016.02.22-10.12.03:707][147]LogProperty:Warning: Illegal TEXT reference to a private object in external package (EdGraphPin /Game/BP_Avatar.BP_Avatar:EventGraph.K2Node_CallFunction_2682.EdGraphPin_7088) from referencer (EdGraphPin /LeapMotion/Blueprints/LeapCollisionCharacter.LeapCollisionCharacter:EventGraph.K2Node_CallFunction_2965.EdGraphPin_7068).  Import failed...
[2016.02.22-10.12.03:707][147]LogProperty:Warning: ObjectProperty /Script/Engine.EdGraphPin:LinkedTo.LinkedTo: unresolved reference to 'EdGraphPin'K2Node_CallFunction_2682.EdGraphPin_7088''
[2016.02.22-10.12.03:707][147]LogUObjectHash:Warning: Ambiguous search, could be K2Node_CallFunction /Game/BP_Avatar.BP_Avatar:EventGraph.K2Node_CallFunction_2550 or K2Node_CallFunction /Engine/ArtTools/RenderToTexture/Macros/RenderToTextureMacros.RenderToTextureMacros:Array to HLSL Code.K2Node_CallFunction_2550
[2016.02.22-10.12.03:707][147]LogUObjectHash:Warning: Ambiguous search, could be K2Node_CallFunction /Game/BP_Avatar.BP_Avatar:EventGraph.K2Node_CallFunction_2550 or K2Node_CallFunction /Engine/Transient.PROTO_BP_Blueprint_0:UserConstructionScript.K2Node_CallFunction_2550
[2016.02.22-10.12.03:707][147]LogUObjectHash:Warning: Ambiguous search, could be K2Node_CallFunction /Game/BP_Avatar.BP_Avatar:EventGraph.K2Node_CallFunction_2550 or K2Node_CallFunction /LeapMotion/Blueprints/LeapCollisionCharacter.LeapCollisionCharacter:EventGraph.K2Node_CallFunction_2550
[2016.02.22-10.12.03:707][147]LogProperty:Warning: Illegal TEXT reference to a private object in external package (EdGraphPin /Game/BP_Avatar.BP_Avatar:EventGraph.K2Node_CallFunction_2550.EdGraphPin_7202) from referencer (EdGraphPin /LeapMotion/Blueprints/LeapCollisionCharacter.LeapCollisionCharacter:EventGraph.K2Node_CallFunction_2965.EdGraphPin_7068).  Import failed...
[2016.02.22-10.12.03:707][147]LogProperty:Warning: ObjectProperty /Script/Engine.EdGraphPin:LinkedTo.LinkedTo: unresolved reference to 'EdGraphPin'K2Node_CallFunction_2550.EdGraphPin_7202''
[2016.02.22-10.12.03:708][147]LogUObjectHash:Warning: Ambiguous search, could be K2Node_CallFunction /Game/BP_Avatar.BP_Avatar:EventGraph.K2Node_CallFunction_2686 or K2Node_CallFunction /LeapMotion/Blueprints/LeapCollisionCharacter.LeapCollisionCharacter:EventGraph.K2Node_CallFunction_2686
[2016.02.22-10.12.03:708][147]LogProperty:Warning: Illegal TEXT reference to a private object in external package (EdGraphPin /Game/BP_Avatar.BP_Avatar:EventGraph.K2Node_CallFunction_2686.EdGraphPin_7146) from referencer (EdGraphPin /LeapMotion/Blueprints/LeapCollisionCharacter.LeapCollisionCharacter:EventGraph.K2Node_CallFunction_2682.EdGraphPin_7082).  Import failed...
[2016.02.22-10.12.03:708][147]LogProperty:Warning: ObjectProperty /Script/Engine.EdGraphPin:LinkedTo.LinkedTo: unresolved reference to 'EdGraphPin'K2Node_CallFunction_2686.EdGraphPin_7146''
[2016.02.22-10.12.03:708][147]LogUObjectHash:Warning: Ambiguous search, could be K2Node_VariableGet /Engine/EngineSky/BP_Sky_Sphere.BP_Sky_Sphere:UserConstructionScript.K2Node_VariableGet_166 or K2Node_VariableGet /Game/BP_Avatar.BP_Avatar:EventGraph.K2Node_VariableGet_166
[2016.02.22-10.12.03:708][147]LogUObjectHash:Warning: Ambiguous search, could be K2Node_VariableGet /Engine/EngineSky/BP_Sky_Sphere.BP_Sky_Sphere:UserConstructionScript.K2Node_VariableGet_166 or K2Node_VariableGet /LeapMotion/Blueprints/LeapCollisionCharacter.LeapCollisionCharacter:EventGraph.K2Node_VariableGet_166
[2016.02.22-10.12.03:708][147]LogProperty:Warning: Illegal TEXT reference to a private object in external package (EdGraphPin /Game/BP_Avatar.BP_Avatar:EventGraph.K2Node_VariableGet_166.EdGraphPin_6868) from referencer (EdGraphPin /LeapMotion/Blueprints/LeapCollisionCharacter.LeapCollisionCharacter:EventGraph.K2Node_CallFunction_2682.EdGraphPin_7086).  Import failed...
[2016.02.22-10.12.03:708][147]LogProperty:Warning: ObjectProperty /Script/Engine.EdGraphPin:LinkedTo.LinkedTo: unresolved reference to 'EdGraphPin'K2Node_VariableGet_166.EdGraphPin_6868''
[2016.02.22-10.12.03:708][147]LogUObjectHash:Warning: Ambiguous search, could be K2Node_CallFunction /Game/BP_Avatar.BP_Avatar:EventGraph.K2Node_CallFunction_2686 or K2Node_CallFunction /LeapMotion/Blueprints/LeapCollisionCharacter.LeapCollisionCharacter:EventGraph.K2Node_CallFunction_2686
[2016.02.22-10.12.03:708][147]LogProperty:Warning: Illegal TEXT reference to a private object in external package (EdGraphPin /Game/BP_Avatar.BP_Avatar:EventGraph.K2Node_CallFunction_2686.EdGraphPin_7147) from referencer (EdGraphPin /LeapMotion/Blueprints/LeapCollisionCharacter.LeapCollisionCharacter:EventGraph.K2Node_CallFunction_2683.EdGraphPin_7110).  Import failed...
[2016.02.22-10.12.03:708][147]LogProperty:Warning: ObjectProperty /Script/Engine.EdGraphPin:LinkedTo.LinkedTo: unresolved reference to 'EdGraphPin'K2Node_CallFunction_2686.EdGraphPin_7147''
[2016.02.22-10.12.03:708][147]LogUObjectHash:Warning: Ambiguous search, could be K2Node_CallFunction /Game/BP_Avatar.BP_Avatar:EventGraph.K2Node_CallFunction_2550 or K2Node_CallFunction /Engine/ArtTools/RenderToTexture/Macros/RenderToTextureMacros.RenderToTextureMacros:Array to HLSL Code.K2Node_CallFunction_2550
[2016.02.22-10.12.03:708][147]LogUObjectHash:Warning: Ambiguous search, could be K2Node_CallFunction /Game/BP_Avatar.BP_Avatar:EventGraph.K2Node_CallFunction_2550 or K2Node_CallFunction /Engine/Transient.PROTO_BP_Blueprint_0:UserConstructionScript.K2Node_CallFunction_2550
[2016.02.22-10.12.03:708][147]LogUObjectHash:Warning: Ambiguous search, could be K2Node_CallFunction /Game/BP_Avatar.BP_Avatar:EventGraph.K2Node_CallFunction_2550 or K2Node_CallFunction /LeapMotion/Blueprints/LeapCollisionCharacter.LeapCollisionCharacter:EventGraph.K2Node_CallFunction_2550
[2016.02.22-10.12.03:708][147]LogProperty:Warning: Illegal TEXT reference to a private object in external package (EdGraphPin /Game/BP_Avatar.BP_Avatar:EventGraph.K2Node_CallFunction_2550.EdGraphPin_7199) from referencer (EdGraphPin /LeapMotion/Blueprints/LeapCollisionCharacter.LeapCollisionCharacter:EventGraph.K2Node_CallFunction_2683.EdGraphPin_7111).  Import failed...
[2016.02.22-10.12.03:708][147]LogProperty:Warning: ObjectProperty /Script/Engine.EdGraphPin:LinkedTo.LinkedTo: unresolved reference to 'EdGraphPin'K2Node_CallFunction_2550.EdGraphPin_7199''
[2016.02.22-10.12.03:709][147]LogUObjectHash:Warning: Ambiguous search, could be K2Node_VariableGet /Game/BP_Avatar.BP_Avatar:EventGraph.K2Node_VariableGet_167 or K2Node_VariableGet /LeapMotion/Blueprints/LeapCollisionCharacter.LeapCollisionCharacter:EventGraph.K2Node_VariableGet_167
[2016.02.22-10.12.03:709][147]LogProperty:Warning: Illegal TEXT reference to a private object in external package (EdGraphPin /Game/BP_Avatar.BP_Avatar:EventGraph.K2Node_VariableGet_167.EdGraphPin_6895) from referencer (EdGraphPin /LeapMotion/Blueprints/LeapCollisionCharacter.LeapCollisionCharacter:EventGraph.K2Node_CallFunction_2683.EdGraphPin_7112).  Import failed...
[2016.02.22-10.12.03:709][147]LogProperty:Warning: ObjectProperty /Script/Engine.EdGraphPin:LinkedTo.LinkedTo: unresolved reference to 'EdGraphPin'K2Node_VariableGet_167.EdGraphPin_6895''
[2016.02.22-10.12.03:709][147]LogUObjectHash:Warning: Ambiguous search, could be K2Node_CallFunction /Game/BP_Avatar.BP_Avatar:EventGraph.K2Node_CallFunction_2687 or K2Node_CallFunction /LeapMotion/Blueprints/LeapCollisionCharacter.LeapCollisionCharacter:EventGraph.K2Node_CallFunction_2687
[2016.02.22-10.12.03:709][147]LogProperty:Warning: Illegal TEXT reference to a private object in external package (EdGraphPin /Game/BP_Avatar.BP_Avatar:EventGraph.K2Node_CallFunction_2687.EdGraphPin_7176) from referencer (EdGraphPin /LeapMotion/Blueprints/LeapCollisionCharacter.LeapCollisionCharacter:EventGraph.K2Node_CallFunction_2683.EdGraphPin_7113).  Import failed...
[2016.02.22-10.12.03:709][147]LogProperty:Warning: ObjectProperty /Script/Engine.EdGraphPin:LinkedTo.LinkedTo: unresolved reference to 'EdGraphPin'K2Node_CallFunction_2687.EdGraphPin_7176''
[2016.02.22-10.12.03:709][147]LogUObjectHash:Warning: Ambiguous search, could be K2Node_VariableGet /Game/BP_Avatar.BP_Avatar:EventGraph.K2Node_VariableGet_168 or K2Node_VariableGet /LeapMotion/Blueprints/LeapCollisionCharacter.LeapCollisionCharacter:EventGraph.K2Node_VariableGet_168
[2016.02.22-10.12.03:709][147]LogProperty:Warning: Illegal TEXT reference to a private object in external package (EdGraphPin /Game/BP_Avatar.BP_Avatar:EventGraph.K2Node_VariableGet_168.EdGraphPin_6907) from referencer (EdGraphPin /LeapMotion/Blueprints/LeapCollisionCharacter.LeapCollisionCharacter:EventGraph.K2Node_CallFunction_2684.EdGraphPin_7131).  Import failed...
[2016.02.22-10.12.03:709][147]LogProperty:Warning: ObjectProperty /Script/Engine.EdGraphPin:LinkedTo.LinkedTo: unresolved reference to 'EdGraphPin'K2Node_VariableGet_168.EdGraphPin_6907''
[2016.02.22-10.12.03:709][147]LogUObjectHash:Warning: Ambiguous search, could be K2Node_CallFunction /Game/BP_Avatar.BP_Avatar:EventGraph.K2Node_CallFunction_2685 or K2Node_CallFunction /LeapMotion/Blueprints/LeapCollisionCharacter.LeapCollisionCharacter:EventGraph.K2Node_CallFunction_2685
[2016.02.22-10.12.03:709][147]LogProperty:Warning: Illegal TEXT reference to a private object in external package (EdGraphPin /Game/BP_Avatar.BP_Avatar:EventGraph.K2Node_CallFunction_2685.EdGraphPin_7138) from referencer (EdGraphPin /LeapMotion/Blueprints/LeapCollisionCharacter.LeapCollisionCharacter:EventGraph.K2Node_CallFunction_2684.EdGraphPin_7132).  Import failed...
[2016.02.22-10.12.03:709][147]LogProperty:Warning: ObjectProperty /Script/Engine.EdGraphPin:LinkedTo.LinkedTo: unresolved reference to 'EdGraphPin'K2Node_CallFunction_2685.EdGraphPin_7138''
[2016.02.22-10.12.03:709][147]LogUObjectHash:Warning: Ambiguous search, could be K2Node_CallFunction /Game/BP_Avatar.BP_Avatar:EventGraph.K2Node_CallFunction_2687 or K2Node_CallFunction /LeapMotion/Blueprints/LeapCollisionCharacter.LeapCollisionCharacter:EventGraph.K2Node_CallFunction_2687
[2016.02.22-10.12.03:710][147]LogProperty:Warning: Illegal TEXT reference to a private object in external package (EdGraphPin /Game/BP_Avatar.BP_Avatar:EventGraph.K2Node_CallFunction_2687.EdGraphPin_7174) from referencer (EdGraphPin /LeapMotion/Blueprints/LeapCollisionCharacter.LeapCollisionCharacter:EventGraph.K2Node_CallFunction_2685.EdGraphPin_7139).  Import failed...
[2016.02.22-10.12.03:710][147]LogProperty:Warning: ObjectProperty /Script/Engine.EdGraphPin:LinkedTo.LinkedTo: unresolved reference to 'EdGraphPin'K2Node_CallFunction_2687.EdGraphPin_7174''
[2016.02.22-10.12.03:710][147]LogUObjectHash:Warning: Ambiguous search, could be K2Node_CallFunction /Game/BP_Avatar.BP_Avatar:EventGraph.K2Node_CallFunction_2550 or K2Node_CallFunction /Engine/ArtTools/RenderToTexture/Macros/RenderToTextureMacros.RenderToTextureMacros:Array to HLSL Code.K2Node_CallFunction_2550
[2016.02.22-10.12.03:710][147]LogUObjectHash:Warning: Ambiguous search, could be K2Node_CallFunction /Game/BP_Avatar.BP_Avatar:EventGraph.K2Node_CallFunction_2550 or K2Node_CallFunction /Engine/Transient.PROTO_BP_Blueprint_0:UserConstructionScript.K2Node_CallFunction_2550
[2016.02.22-10.12.03:710][147]LogUObjectHash:Warning: Ambiguous search, could be K2Node_CallFunction /Game/BP_Avatar.BP_Avatar:EventGraph.K2Node_CallFunction_2550 or K2Node_CallFunction /LeapMotion/Blueprints/LeapCollisionCharacter.LeapCollisionCharacter:EventGraph.K2Node_CallFunction_2550
[2016.02.22-10.12.03:710][147]LogProperty:Warning: Illegal TEXT reference to a private object in external package (EdGraphPin /Game/BP_Avatar.BP_Avatar:EventGraph.K2Node_CallFunction_2550.EdGraphPin_7196) from referencer (EdGraphPin /LeapMotion/Blueprints/LeapCollisionCharacter.LeapCollisionCharacter:EventGraph.K2Node_CallFunction_2653.EdGraphPin_7185).  Import failed...
[2016.02.22-10.12.03:710][147]LogProperty:Warning: ObjectProperty /Script/Engine.EdGraphPin:LinkedTo.LinkedTo: unresolved reference to 'EdGraphPin'K2Node_CallFunction_2550.EdGraphPin_7196''
[2016.02.22-10.12.03:711][147]LogUObjectHash:Warning: Ambiguous search, could be K2Node_VariableGet /Game/BP_Avatar.BP_Avatar:EventGraph.K2Node_VariableGet_103 or K2Node_VariableGet /LeapMotion/Blueprints/LeapCollisionCharacter.LeapCollisionCharacter:EventGraph.K2Node_VariableGet_103
[2016.02.22-10.12.03:711][147]LogProperty:Warning: Illegal TEXT reference to a private object in external package (EdGraphPin /Game/BP_Avatar.BP_Avatar:EventGraph.K2Node_VariableGet_103.EdGraphPin_7000) from referencer (EdGraphPin /LeapMotion/Blueprints/LeapCollisionCharacter.LeapCollisionCharacter:EventGraph.K2Node_CallFunction_2550.EdGraphPin_7200).  Import failed...
[2016.02.22-10.12.03:711][147]LogProperty:Warning: ObjectProperty /Script/Engine.EdGraphPin:LinkedTo.LinkedTo: unresolved reference to 'EdGraphPin'K2Node_VariableGet_103.EdGraphPin_7000''
[2016.02.22-10.12.03:712][147]LogBlueprint:Warning: [LeapCollisionCharacter] CreatePinForVariable: 'KinectInterface' variable not found. Base class was probably changed.
[2016.02.22-10.12.03:712][147]LogBlueprint:Warning: [LeapCollisionCharacter] CreatePinForVariable: 'KinectInterface' variable not found. Base class was probably changed.
[2016.02.22-10.12.03:713][147]LogBlueprint:Warning: [LeapCollisionCharacter] CreatePinForVariable: 'KinectInterface' variable not found. Base class was probably changed.
[2016.02.22-10.12.03:722][147]LeapPluginLog: LeapController::CleanupEventData Delete Called
[2016.02.22-10.12.03:724][147]LeapPluginLog: InterfaceObject: LeapAnimBodyConnector_C_10
[2016.02.22-10.12.03:724][147]LeapPluginLog:Warning: Warning! More than one (4) Leap Controller Component detected! Duplication of work and output may result (inefficiency warning).
[2016.02.22-10.12.03:732][147]LogActorComponent: UnregisterComponent: (/Engine/Transient.CharMoveComp) Not registered. Aborting.
[2016.02.22-10.12.03:732][147]LogActorComponent: UnregisterComponent: (/Engine/Transient.CharacterMovementComponent_2) Not registered. Aborting.
[2016.02.22-10.12.03:732][147]LogActorComponent: UnregisterComponent: (/Engine/Transient.KinectInterface_GEN_VARIABLE) Not registered. Aborting.
[2016.02.22-10.12.03:732][147]LogActorComponent: UnregisterComponent: (/Engine/Transient.CharacterMovementComponent_3) Not registered. Aborting.
[2016.02.22-10.12.03:732][147]LogActorComponent: UnregisterComponent: (/Engine/Transient.CharacterMovementComponent_4) Not registered. Aborting.
[2016.02.22-10.12.03:733][147]LogActorComponent: UnregisterComponent: (/Engine/Transient.CharacterMovementComponent_5) Not registered. Aborting.
[2016.02.22-10.12.03:733][147]LogActorComponent: UnregisterComponent: (/Engine/Transient.CharacterMovementComponent_6) Not registered. Aborting.
[2016.02.22-10.12.03:739][147]LeapPluginLog: InterfaceObject: LeapAnimBodyConnector_C_11
[2016.02.22-10.12.03:739][147]LeapPluginLog:Warning: Warning! More than one (5) Leap Controller Component detected! Duplication of work and output may result (inefficiency warning).
[2016.02.22-10.12.08:434][526]LeapPluginLog: LeapController::CleanupEventData Delete Called
[2016.02.22-10.12.08:435][526]LeapPluginLog: InterfaceObject: LeapAnimBodyConnector_C_13
[2016.02.22-10.12.08:435][526]LeapPluginLog:Warning: Warning! More than one (5) Leap Controller Component detected! Duplication of work and output may result (inefficiency warning).
[2016.02.22-10.12.08:436][526]LogActorComponent: UnregisterComponent: (/Engine/Transient.CharacterMovementComponent_7) Not registered. Aborting.
[2016.02.22-10.12.08:444][526]LeapPluginLog: InterfaceObject: LeapAnimBodyConnector_C_14
[2016.02.22-10.12.08:444][526]LeapPluginLog:Warning: Warning! More than one (6) Leap Controller Component detected! Duplication of work and output may result (inefficiency warning).
[2016.02.22-10.12.23:013][688]LogActorComponent: UnregisterComponent: (/Engine/Transient.CharacterMovementComponent_8) Not registered. Aborting.
[2016.02.22-10.12.23:045][688]LogParticles: Destroying 0 GPU particle simulations for FXSystem 0x000000C426B622A0
[2016.02.22-10.12.23:161][688]Cmd: OBJ SAVEPACKAGE PACKAGE="/Game/Blueprints/BP_TheBeginningGameMode" FILE="../../../../../../UnrealProjects/GE_Project/Content/Blueprints/BP_TheBeginningGameMode.uasset" SILENT=true
[2016.02.22-10.12.23:208][688]LogSavePackage: Save=25.458567ms
[2016.02.22-10.12.23:208][688]LogSavePackage: Moving '../../../../../../UnrealProjects/GE_Project/Saved/BP_TheBeginningGameMode779F7EEB42E7CFE530052E8FB377E910.tmp' to '../../../../../../UnrealProjects/GE_Project/Content/Blueprints/BP_TheBeginningGameMode.uasset'
[2016.02.22-10.12.23:211][688]LogSavePackage: Total save time: 47.199104ms
[2016.02.22-10.12.23:211][688]LogSavePackage:Warning: Finished SavePackage ../../../../../../UnrealProjects/GE_Project/Content/Blueprints/BP_TheBeginningGameMode.uasset
[2016.02.22-10.12.23:229][688]LeapPluginLog: InterfaceObject: LeapAnimBodyConnector_C_15
[2016.02.22-10.12.23:229][688]LeapPluginLog:Warning: Warning! More than one (7) Leap Controller Component detected! Duplication of work and output may result (inefficiency warning).
[2016.02.22-10.12.23:300][688]LogSavePackage: Save=44.714432ms
[2016.02.22-10.12.23:300][688]LogSavePackage: Moving '../../../../../../UnrealProjects/GE_Project/Saved/LeapCollisionCharacterCE2F301043ED9CFCE4DB10B3B67C09E2.tmp' to '../../../../../../UnrealProjects/GE_Project/Plugins/LeapMotion/Content/Blueprints/LeapCollisionCharacter.uasset'
[2016.02.22-10.12.23:301][688]LogSavePackage: Total save time: 54.163318ms
[2016.02.22-10.12.23:301][688]LogSavePackage:Warning: Finished SavePackage ../../../../../../UnrealProjects/GE_Project/Plugins/LeapMotion/Content/Blueprints/LeapCollisionCharacter.uasset
[2016.02.22-10.12.25:020][829]LogActorComponent: UnregisterComponent: (/Engine/Transient.CharMoveComp) Not registered. Aborting.
[2016.02.22-10.12.26:655][963]BlueprintLog: New page: Compile LeapCollisionCharacter
[2016.02.22-10.12.26:665][963]LogBlueprint:Warning: [compiler LeapCollisionCharacter] Warning Could not find a variable named "KinectInterface" in 'LeapCollisionCharacter_C'.
Make sure 'LeapCollisionCharacter_C' has been compiled for  Get KinectInterface 
[2016.02.22-10.12.26:665][963]LogBlueprint:Warning: [compiler LeapCollisionCharacter] Warning Could not find a variable named "KinectInterface" in 'LeapCollisionCharacter_C'.
Make sure 'LeapCollisionCharacter_C' has been compiled for  Get KinectInterface 
[2016.02.22-10.12.26:665][963]LogBlueprint:Warning: [compiler LeapCollisionCharacter] Warning Could not find a variable named "KinectInterface" in 'LeapCollisionCharacter_C'.
Make sure 'LeapCollisionCharacter_C' has been compiled for  Get KinectInterface 
[2016.02.22-10.12.26:666][963]LogBlueprint:Error: [compiler LeapCollisionCharacter] Error The property associated with  Kinect Interface  could not be found
[2016.02.22-10.12.26:666][963]LogBlueprint:Error: [compiler LeapCollisionCharacter] Error The property associated with  Kinect Interface  could not be found
[2016.02.22-10.12.26:666][963]LogBlueprint:Error: [compiler LeapCollisionCharacter] Error The property associated with  Kinect Interface  could not be found
[2016.02.22-10.12.26:668][963]LeapPluginLog: LeapController::CleanupEventData Delete Called
[2016.02.22-10.12.26:796][963]LogBlueprint:Warning: [compiler LeapCollisionCharacter] Warning [0620.87] Compile of LeapCollisionCharacter failed. 3 Fatal Issue(s) 3 Warning(s) [in 139 ms]
[2016.02.22-10.12.26:796][963]BlueprintEditorCompileResults:Warning: Warning Could not find a variable named "KinectInterface" in 'LeapCollisionCharacter_C'.
Make sure 'LeapCollisionCharacter_C' has been compiled for  Get KinectInterface 
[2016.02.22-10.12.26:796][963]BlueprintEditorCompileResults:Warning: Warning Could not find a variable named "KinectInterface" in 'LeapCollisionCharacter_C'.
Make sure 'LeapCollisionCharacter_C' has been compiled for  Get KinectInterface 
[2016.02.22-10.12.26:796][963]BlueprintEditorCompileResults:Warning: Warning Could not find a variable named "KinectInterface" in 'LeapCollisionCharacter_C'.
Make sure 'LeapCollisionCharacter_C' has been compiled for  Get KinectInterface 
[2016.02.22-10.12.26:796][963]BlueprintEditorCompileResults:Error: Error The property associated with  Kinect Interface  could not be found
[2016.02.22-10.12.26:796][963]BlueprintEditorCompileResults:Error: Error The property associated with  Kinect Interface  could not be found
[2016.02.22-10.12.26:796][963]BlueprintEditorCompileResults:Error: Error The property associated with  Kinect Interface  could not be found
[2016.02.22-10.12.26:796][963]BlueprintEditorCompileResults:Warning: Warning [0620.87] Compile of LeapCollisionCharacter failed. 3 Fatal Issue(s) 3 Warning(s) [in 139 ms]
[2016.02.22-10.12.26:798][963]LeapPluginLog: InterfaceObject: LeapAnimBodyConnector_C_17
[2016.02.22-10.12.26:798][963]LeapPluginLog:Warning: Warning! More than one (7) Leap Controller Component detected! Duplication of work and output may result (inefficiency warning).
[2016.02.22-10.12.32:895][467]LeapPluginLog: InterfaceObject: LeapAnimBodyConnector_C_18
[2016.02.22-10.12.32:895][467]LeapPluginLog:Warning: Warning! More than one (8) Leap Controller Component detected! Duplication of work and output may result (inefficiency warning).
[2016.02.22-10.12.32:896][467]LogActorComponent: UnregisterComponent: (/Engine/Transient.CharMoveComp) Not registered. Aborting.
[2016.02.22-10.12.32:904][467]LeapPluginLog: InterfaceObject: LeapAnimBodyConnector_C_19
[2016.02.22-10.12.32:904][467]LeapPluginLog:Warning: Warning! More than one (9) Leap Controller Component detected! Duplication of work and output may result (inefficiency warning).
[2016.02.22-10.12.34:695][615]BlueprintLog: New page: Compile LeapCollisionCharacter
[2016.02.22-10.12.34:707][615]LeapPluginLog: LeapController::CleanupEventData Delete Called
[2016.02.22-10.12.34:753][615]LeapPluginLog: InterfaceObject: LeapAnimBodyConnector_C_21
[2016.02.22-10.12.34:753][615]LeapPluginLog:Warning: Warning! More than one (9) Leap Controller Component detected! Duplication of work and output may result (inefficiency warning).
[2016.02.22-10.12.34:754][615]LogActorComponent: UnregisterComponent: (/Engine/Transient.CharacterMovementComponent_9) Not registered. Aborting.
[2016.02.22-10.12.34:754][615]LogActorComponent: UnregisterComponent: (/Engine/Transient.KinectInterface_GEN_VARIABLE) Not registered. Aborting.
[2016.02.22-10.12.34:797][615]LeapPluginLog: LeapController::CleanupEventData Delete Called
[2016.02.22-10.12.34:798][615]LeapPluginLog: InterfaceObject: LeapAnimBodyConnector_C_23
[2016.02.22-10.12.34:798][615]LeapPluginLog:Warning: Warning! More than one (9) Leap Controller Component detected! Duplication of work and output may result (inefficiency warning).
[2016.02.22-10.12.34:802][615]BlueprintEditorCompileResults: Info [0628.88] Compile of LeapCollisionCharacter successful! [in 107 ms]
[2016.02.22-10.12.34:805][615]LeapPluginLog: InterfaceObject: LeapAnimBodyConnector_C_24
[2016.02.22-10.12.34:805][615]LeapPluginLog:Warning: Warning! More than one (10) Leap Controller Component detected! Duplication of work and output may result (inefficiency warning).
[2016.02.22-10.12.38:960][966]LogActorComponent: UnregisterComponent: (/Engine/Transient.CharMoveComp) Not registered. Aborting.
[2016.02.22-10.12.38:960][966]LogActorComponent: UnregisterComponent: (/Engine/Transient.KinectInterface_GEN_VARIABLE) Not registered. Aborting.
[2016.02.22-10.12.39:027][966]LeapPluginLog: InterfaceObject: LeapAnimBodyConnector_C_25
[2016.02.22-10.12.39:027][966]LeapPluginLog:Warning: Warning! More than one (11) Leap Controller Component detected! Duplication of work and output may result (inefficiency warning).
[2016.02.22-10.12.39:094][966]LogSavePackage: Save=44.219776ms
[2016.02.22-10.12.39:094][966]LogSavePackage: Moving '../../../../../../UnrealProjects/GE_Project/Saved/LeapCollisionCharacter424A7C9548C091491BC5CE88425D3C2D.tmp' to '../../../../../../UnrealProjects/GE_Project/Plugins/LeapMotion/Content/Blueprints/LeapCollisionCharacter.uasset'
[2016.02.22-10.12.39:095][966]LogSavePackage: Total save time: 49.829181ms
[2016.02.22-10.12.39:095][966]LogSavePackage:Warning: Finished SavePackage ../../../../../../UnrealProjects/GE_Project/Plugins/LeapMotion/Content/Blueprints/LeapCollisionCharacter.uasset
[2016.02.22-10.12.39:962][ 39]LeapPluginLog: LeapController::CleanupEventData Delete Called
[2016.02.22-10.12.42:180][288]LogBlueprintUserMessages: Early PlayInEditor Detection: Level '/Game/MyFirstLevel.MyFirstLevel:PersistentLevel' has LevelScriptBlueprint '/Game/MyFirstLevel.MyFirstLevel:PersistentLevel.MyFirstLevel' with GeneratedClass '/Game/MyFirstLevel.MyFirstLevel_C' with ClassGeneratedBy '/Game/MyFirstLevel.MyFirstLevel:PersistentLevel.MyFirstLevel'
[2016.02.22-10.12.42:180][288]LogPlayLevel: PlayLevel: No blueprints needed recompiling
[2016.02.22-10.12.42:180][288]PIE: New page: PIE session: MyFirstLevel (Feb 22, 2016, 12:12:42 PM)
[2016.02.22-10.12.42:180][288]LogPlayLevel: Creating play world package: /Game/UEDPIE_0_MyFirstLevel
[2016.02.22-10.12.42:189][288]LogPlayLevel: PIE: StaticDuplicateObject took: (0.009087s)
[2016.02.22-10.12.42:190][288]LogAIModule: Creating AISystem for world MyFirstLevel
[2016.02.22-10.12.42:190][288]LogPlayLevel: PIE: World Init took: (0.000498s)
[2016.02.22-10.12.42:190][288]LogPlayLevel: PIE: Created PIE world by copying editor world from /Game/MyFirstLevel.MyFirstLevel to /Game/UEDPIE_0_MyFirstLevel.MyFirstLevel (0.009763s)
[2016.02.22-10.12.42:190][288]LogActorComponent: UnregisterComponent: (/Engine/Transient.CharMoveComp) Not registered. Aborting.
[2016.02.22-10.12.42:190][288]LogActorComponent: UnregisterComponent: (/Engine/Transient.KinectInterface_GEN_VARIABLE) Not registered. Aborting.
[2016.02.22-10.12.42:239][288]LogInit: XAudio2 using 'Speakers (Realtek High Definition Audio)' : 2 channels at 48 kHz using 32 bits per sample (channel mask 0x3)
[2016.02.22-10.12.42:245][288]LogInit: FAudioDevice initialized.
[2016.02.22-10.12.42:279][288]LogWorld: Game class is 'BP_TheBeginningGameMode_C'
[2016.02.22-10.12.42:295][288]LogWorld: Bringing World /Game/UEDPIE_0_MyFirstLevel.MyFirstLevel up for play (max tick rate 0) at 2016.02.22-11.12.42
[2016.02.22-10.12.42:295][288]LogActor:Warning: GameSession /Game/UEDPIE_0_MyFirstLevel.MyFirstLevel:PersistentLevel.GameSession_3 has natively added scene component(s), but none of them were set as the actor's RootComponent - picking one arbitrarily
[2016.02.22-10.12.42:295][288]LogActor:Warning: GameNetworkManager /Game/UEDPIE_0_MyFirstLevel.MyFirstLevel:PersistentLevel.GameNetworkManager_4 has natively added scene component(s), but none of them were set as the actor's RootComponent - picking one arbitrarily
[2016.02.22-10.12.42:296][288]LogWorld: Bringing up level for play took: 0.015550
[2016.02.22-10.12.42:300][288]LeapPluginLog: InterfaceObject: LeapAnimBodyConnector_C_27
[2016.02.22-10.12.42:300][288]LeapPluginLog:Warning: Warning! More than one (11) Leap Controller Component detected! Duplication of work and output may result (inefficiency warning).
[2016.02.22-10.12.42:328][288]PIE: Info Play in editor start time for /Game/UEDPIE_0_MyFirstLevel 1.115
[2016.02.22-10.12.42:329][288]LogBlueprintUserMessages: Late PlayInEditor Detection: Level '/Game/MyFirstLevel.MyFirstLevel:PersistentLevel' has LevelScriptBlueprint '/Game/MyFirstLevel.MyFirstLevel:PersistentLevel.MyFirstLevel' with GeneratedClass '/Game/MyFirstLevel.MyFirstLevel_C' with ClassGeneratedBy '/Game/MyFirstLevel.MyFirstLevel:PersistentLevel.MyFirstLevel'
[2016.02.22-10.12.45:126][616]LogBlueprintUserMessages: [LeapCollisionCharacter_C_8] Hello
[2016.02.22-10.12.45:135][617]LogBlueprintUserMessages: [LeapCollisionCharacter_C_8] Hello
[2016.02.22-10.12.45:144][618]LogBlueprintUserMessages: [LeapCollisionCharacter_C_8] Hello
[2016.02.22-10.12.45:155][619]LogBlueprintUserMessages: [LeapCollisionCharacter_C_8] Hello
[2016.02.22-10.12.45:163][620]LogBlueprintUserMessages: [LeapCollisionCharacter_C_8] Hello
[2016.02.22-10.12.45:171][621]LogBlueprintUserMessages: [LeapCollisionCharacter_C_8] Hello
[2016.02.22-10.12.45:180][622]LogBlueprintUserMessages: [LeapCollisionCharacter_C_8] Hello
[2016.02.22-10.12.45:189][623]LogBlueprintUserMessages: [LeapCollisionCharacter_C_8] Hello
[2016.02.22-10.12.45:197][624]LogBlueprintUserMessages: [LeapCollisionCharacter_C_8] Hello
[2016.02.22-10.12.45:206][625]LogBlueprintUserMessages: [LeapCollisionCharacter_C_8] Hello
[2016.02.22-10.12.45:214][626]LogBlueprintUserMessages: [LeapCollisionCharacter_C_8] Hello
[2016.02.22-10.12.45:223][627]LogBlueprintUserMessages: [LeapCollisionCharacter_C_8] Hello
[2016.02.22-10.12.45:231][628]LogBlueprintUserMessages: [LeapCollisionCharacter_C_8] Hello
[2016.02.22-10.12.45:240][629]LogBlueprintUserMessages: [LeapCollisionCharacter_C_8] Hello
[2016.02.22-10.12.45:248][630]LogBlueprintUserMessages: [LeapCollisionCharacter_C_8] Hello
[2016.02.22-10.12.45:257][631]LogBlueprintUserMessages: [LeapCollisionCharacter_C_8] Hello
[2016.02.22-10.12.45:265][632]LogBlueprintUserMessages: [LeapCollisionCharacter_C_8] Hello
[2016.02.22-10.12.45:274][633]LogBlueprintUserMessages: [LeapCollisionCharacter_C_8] Hello
[2016.02.22-10.12.45:282][634]LogBlueprintUserMessages: [LeapCollisionCharacter_C_8] Hello
[2016.02.22-10.12.45:292][635]LogBlueprintUserMessages: [LeapCollisionCharacter_C_8] Hello
[2016.02.22-10.12.45:300][636]LogBlueprintUserMessages: [LeapCollisionCharacter_C_8] Hello
[2016.02.22-10.12.45:308][637]LogBlueprintUserMessages: [LeapCollisionCharacter_C_8] Hello
[2016.02.22-10.12.45:317][638]LogBlueprintUserMessages: [LeapCollisionCharacter_C_8] Hello
[2016.02.22-10.12.45:325][639]LogBlueprintUserMessages: [LeapCollisionCharacter_C_8] Hello
[2016.02.22-10.12.45:334][640]LogBlueprintUserMessages: [LeapCollisionCharacter_C_8] Hello
[2016.02.22-10.12.45:342][641]LogBlueprintUserMessages: [LeapCollisionCharacter_C_8] Hello
[2016.02.22-10.12.45:351][642]LogBlueprintUserMessages: [LeapCollisionCharacter_C_8] Hello
[2016.02.22-10.12.45:359][643]LogBlueprintUserMessages: [LeapCollisionCharacter_C_8] Hello
[2016.02.22-10.12.45:367][644]LogBlueprintUserMessages: [LeapCollisionCharacter_C_8] Hello
[2016.02.22-10.12.45:375][645]LogBlueprintUserMessages: [LeapCollisionCharacter_C_8] Hello
[2016.02.22-10.12.45:384][646]LogBlueprintUserMessages: [LeapCollisionCharacter_C_8] Hello
[2016.02.22-10.12.45:459][655]LogBlueprintUserMessages: [LeapCollisionCharacter_C_8] Hello
[2016.02.22-10.12.45:468][656]LogBlueprintUserMessages: [LeapCollisionCharacter_C_8] Hello
[2016.02.22-10.12.45:476][657]LogBlueprintUserMessages: [LeapCollisionCharacter_C_8] Hello
[2016.02.22-10.12.45:485][658]LogBlueprintUserMessages: [LeapCollisionCharacter_C_8] Hello
[2016.02.22-10.12.45:494][659]LogBlueprintUserMessages: [LeapCollisionCharacter_C_8] Hello
[2016.02.22-10.12.45:502][660]LogBlueprintUserMessages: [LeapCollisionCharacter_C_8] Hello
[2016.02.22-10.12.45:510][661]LogBlueprintUserMessages: [LeapCollisionCharacter_C_8] Hello
[2016.02.22-10.12.45:519][662]LogBlueprintUserMessages: [LeapCollisionCharacter_C_8] Hello
[2016.02.22-10.12.45:527][663]LogBlueprintUserMessages: [LeapCollisionCharacter_C_8] Hello
[2016.02.22-10.12.45:535][664]LogBlueprintUserMessages: [LeapCollisionCharacter_C_8] Hello
[2016.02.22-10.12.45:543][665]LogBlueprintUserMessages: [LeapCollisionCharacter_C_8] Hello
[2016.02.22-10.12.45:552][666]LogBlueprintUserMessages: [LeapCollisionCharacter_C_8] Hello
[2016.02.22-10.12.45:560][667]LogBlueprintUserMessages: [LeapCollisionCharacter_C_8] Hello
[2016.02.22-10.12.45:569][668]LogBlueprintUserMessages: [LeapCollisionCharacter_C_8] Hello
[2016.02.22-10.12.45:577][669]LogBlueprintUserMessages: [LeapCollisionCharacter_C_8] Hello
[2016.02.22-10.12.45:585][670]LogBlueprintUserMessages: [LeapCollisionCharacter_C_8] Hello
[2016.02.22-10.12.46:394][766]LogBlueprintUserMessages: [LeapCollisionCharacter_C_8] Hello
[2016.02.22-10.12.46:402][767]LogBlueprintUserMessages: [LeapCollisionCharacter_C_8] Hello
[2016.02.22-10.12.46:410][768]LogBlueprintUserMessages: [LeapCollisionCharacter_C_8] Hello
[2016.02.22-10.12.46:419][769]LogBlueprintUserMessages: [LeapCollisionCharacter_C_8] Hello
[2016.02.22-10.12.46:427][770]LogBlueprintUserMessages: [LeapCollisionCharacter_C_8] Hello
[2016.02.22-10.12.46:435][771]LogBlueprintUserMessages: [LeapCollisionCharacter_C_8] Hello
[2016.02.22-10.12.46:444][772]LogBlueprintUserMessages: [LeapCollisionCharacter_C_8] Hello
[2016.02.22-10.12.46:453][773]LogBlueprintUserMessages: [LeapCollisionCharacter_C_8] Hello
[2016.02.22-10.12.46:461][774]LogBlueprintUserMessages: [LeapCollisionCharacter_C_8] Hello
[2016.02.22-10.12.46:469][775]LogBlueprintUserMessages: [LeapCollisionCharacter_C_8] Hello
[2016.02.22-10.12.46:477][776]LogBlueprintUserMessages: [LeapCollisionCharacter_C_8] Hello
[2016.02.22-10.12.46:486][777]LogBlueprintUserMessages: [LeapCollisionCharacter_C_8] Hello
[2016.02.22-10.12.46:494][778]LogBlueprintUserMessages: [LeapCollisionCharacter_C_8] Hello
[2016.02.22-10.12.46:502][779]LogBlueprintUserMessages: [LeapCollisionCharacter_C_8] Hello
[2016.02.22-10.12.46:510][780]LogBlueprintUserMessages: [LeapCollisionCharacter_C_8] Hello
[2016.02.22-10.12.46:519][781]LogBlueprintUserMessages: [LeapCollisionCharacter_C_8] Hello
[2016.02.22-10.12.46:527][782]LogBlueprintUserMessages: [LeapCollisionCharacter_C_8] Hello
[2016.02.22-10.12.46:535][783]LogBlueprintUserMessages: [LeapCollisionCharacter_C_8] Hello
[2016.02.22-10.12.46:544][784]LogBlueprintUserMessages: [LeapCollisionCharacter_C_8] Hello
[2016.02.22-10.12.46:552][785]LogBlueprintUserMessages: [LeapCollisionCharacter_C_8] Hello
[2016.02.22-10.12.46:561][786]LogBlueprintUserMessages: [LeapCollisionCharacter_C_8] Hello
[2016.02.22-10.12.46:569][787]LogBlueprintUserMessages: [LeapCollisionCharacter_C_8] Hello
[2016.02.22-10.12.46:577][788]LogBlueprintUserMessages: [LeapCollisionCharacter_C_8] Hello
[2016.02.22-10.12.46:586][789]LogBlueprintUserMessages: [LeapCollisionCharacter_C_8] Hello
[2016.02.22-10.12.46:594][790]LogBlueprintUserMessages: [LeapCollisionCharacter_C_8] Hello
[2016.02.22-10.12.46:602][791]LogBlueprintUserMessages: [LeapCollisionCharacter_C_8] Hello
[2016.02.22-10.12.46:610][792]LogBlueprintUserMessages: [LeapCollisionCharacter_C_8] Hello
[2016.02.22-10.12.46:619][793]LogBlueprintUserMessages: [LeapCollisionCharacter_C_8] Hello
[2016.02.22-10.12.46:627][794]LogBlueprintUserMessages: [LeapCollisionCharacter_C_8] Hello
[2016.02.22-10.12.46:636][795]LogBlueprintUserMessages: [LeapCollisionCharacter_C_8] Hello
[2016.02.22-10.12.46:644][796]LogBlueprintUserMessages: [LeapCollisionCharacter_C_8] Hello
[2016.02.22-10.12.46:652][797]LogBlueprintUserMessages: [LeapCollisionCharacter_C_8] Hello
[2016.02.22-10.12.46:661][798]LogBlueprintUserMessages: [LeapCollisionCharacter_C_8] Hello
[2016.02.22-10.12.46:669][799]LogBlueprintUserMessages: [LeapCollisionCharacter_C_8] Hello
[2016.02.22-10.12.46:677][800]LogBlueprintUserMessages: [LeapCollisionCharacter_C_8] Hello
[2016.02.22-10.12.46:686][801]LogBlueprintUserMessages: [LeapCollisionCharacter_C_8] Hello
[2016.02.22-10.12.46:694][802]LogBlueprintUserMessages: [LeapCollisionCharacter_C_8] Hello
[2016.02.22-10.12.46:703][803]LogBlueprintUserMessages: [LeapCollisionCharacter_C_8] Hello
[2016.02.22-10.12.46:711][804]LogBlueprintUserMessages: [LeapCollisionCharacter_C_8] Hello
[2016.02.22-10.12.46:720][805]LogBlueprintUserMessages: [LeapCollisionCharacter_C_8] Hello
[2016.02.22-10.12.47:262][869]LogBlueprintUserMessages: [LeapCollisionCharacter_C_8] Hello
[2016.02.22-10.12.47:270][870]LogBlueprintUserMessages: [LeapCollisionCharacter_C_8] Hello
[2016.02.22-10.12.47:278][871]LogBlueprintUserMessages: [LeapCollisionCharacter_C_8] Hello
[2016.02.22-10.12.47:287][872]LogBlueprintUserMessages: [LeapCollisionCharacter_C_8] Hello
[2016.02.22-10.12.47:295][873]LogBlueprintUserMessages: [LeapCollisionCharacter_C_8] Hello
[2016.02.22-10.12.47:304][874]LogBlueprintUserMessages: [LeapCollisionCharacter_C_8] Hello
[2016.02.22-10.12.47:312][875]LogBlueprintUserMessages: [LeapCollisionCharacter_C_8] Hello
[2016.02.22-10.12.47:320][876]LogBlueprintUserMessages: [LeapCollisionCharacter_C_8] Hello
[2016.02.22-10.12.47:328][877]LogBlueprintUserMessages: [LeapCollisionCharacter_C_8] Hello
[2016.02.22-10.12.47:340][878]LogBlueprintUserMessages: [LeapCollisionCharacter_C_8] Hello
[2016.02.22-10.12.47:347][879]LogBlueprintUserMessages: [LeapCollisionCharacter_C_8] Hello
[2016.02.22-10.12.47:356][880]LogBlueprintUserMessages: [LeapCollisionCharacter_C_8] Hello
[2016.02.22-10.12.47:365][881]LogBlueprintUserMessages: [LeapCollisionCharacter_C_8] Hello
[2016.02.22-10.12.47:373][882]LogBlueprintUserMessages: [LeapCollisionCharacter_C_8] Hello
[2016.02.22-10.12.47:381][883]LogBlueprintUserMessages: [LeapCollisionCharacter_C_8] Hello
[2016.02.22-10.12.47:651][884]LogCrashTracker: 


[2016.02.22-10.12.47:690][884]LogCrashTracker: 


[2016.02.22-10.12.47:690][884]LogWindows: === Critical error: ===


[2016.02.22-10.12.47:805][884]LogExit: Executing StaticShutdownAfterError
[2016.02.22-10.12.47:808][884]LogOutputDevice:Warning: 

Script Stack:
PickUpItem.Prox

[2016.02.22-10.12.47:810][884]LogPhysics:Warning: PHYSX: ..\..\PhysX\src\NpScene.cpp (2946) 8 : PxScene::unlockWrite() called without matching call to PxScene::lockWrite(), behaviour will be undefined.
[2016.02.22-10.12.47:810][884]LogPhysics:Warning: PHYSX: ..\..\PhysX\src\NpScene.cpp (2946) 8 : PxScene::unlockWrite() called without matching call to PxScene::lockWrite(), behaviour will be undefined.
[2016.02.22-10.12.47:811][884]LogPhysics:Warning: PHYSX: ..\..\PhysX\src\NpScene.cpp (2946) 8 : PxScene::unlockWrite() called without matching call to PxScene::lockWrite(), behaviour will be undefined.
[2016.02.22-10.12.47:811][884]LogPhysics:Warning: PHYSX: ..\..\PhysX\src\NpScene.cpp (2946) 8 : PxScene::unlockWrite() called without matching call to PxScene::lockWrite(), behaviour will be undefined.
[2016.02.22-10.12.47:811][884]LogPhysics:Warning: PHYSX: ..\..\PhysX\src\NpScene.cpp (2946) 8 : PxScene::unlockWrite() called without matching call to PxScene::lockWrite(), behaviour will be undefined.
[2016.02.22-10.12.47:811][884]LogPhysics:Warning: PHYSX: ..\..\PhysX\src\NpScene.cpp (2946) 8 : PxScene::unlockWrite() called without matching call to PxScene::lockWrite(), behaviour will be undefined.
[2016.02.22-10.12.47:811][884]LogPhysics:Warning: PHYSX: ..\..\PhysX\src\NpScene.cpp (2946) 8 : PxScene::unlockWrite() called without matching call to PxScene::lockWrite(), behaviour will be undefined.
[2016.02.22-10.12.47:811][884]LogPhysics:Warning: PHYSX: ..\..\PhysX\src\NpScene.cpp (2946) 8 : PxScene::unlockWrite() called without matching call to PxScene::lockWrite(), behaviour will be undefined.
[2016.02.22-10.12.47:811][884]LogWindows: FPlatformMisc::RequestExit(1)
[2016.02.22-10.12.47:811][884]Log file closed, 02/22/16 11:12:47
