[2016.03.21-13.11.43:971][  0]Log file open, 03/21/16 14:11:43
[2016.03.21-13.11.43:971][  0]LogInit:Display: Running engine for game: TheBeginning
[2016.03.21-13.11.43:971][  0]LogInit:Display: RandInit(-872728664) SRandInit(-872728664).
[2016.03.21-13.11.43:971][  0]LogTaskGraph: Started task graph with 4 named threads and 7 total threads.
[2016.03.21-13.11.43:971][  0]LogStats: Stats thread started at 0.069621
[2016.03.21-13.11.43:971][  0]LogInit: Version: 4.9.2-2707645+++depot+UE4-Releases+4.9
[2016.03.21-13.11.43:971][  0]LogInit: API Version: 2672455
[2016.03.21-13.11.43:972][  0]LogInit: Compiled (64-bit): Sep 28 2015 10:25:44
[2016.03.21-13.11.43:972][  0]LogInit: Compiled with Visual C++: 18.00.21005.01
[2016.03.21-13.11.43:972][  0]LogInit: Build Configuration: Development
[2016.03.21-13.11.43:972][  0]LogInit: Branch Name: ++depot+UE4-Releases+4.9
[2016.03.21-13.11.43:972][  0]LogInit: Command line:  
[2016.03.21-13.11.43:972][  0]LogInit: Base directory: D:/Programme/Epic Games/4.9/Engine/Binaries/Win64/
[2016.03.21-13.11.43:972][  0]LogInit: Rocket: 1
[2016.03.21-13.11.43:976][  0]LogInit: Using libcurl 7.41.0
[2016.03.21-13.11.43:976][  0]LogInit:  - built for x86_64-pc-win32
[2016.03.21-13.11.43:976][  0]LogInit:  - supports SSL with WinSSL
[2016.03.21-13.11.43:976][  0]LogInit:  - other features:
[2016.03.21-13.11.43:976][  0]LogInit:      CURL_VERSION_SSL
[2016.03.21-13.11.43:976][  0]LogInit:      CURL_VERSION_IPV6
[2016.03.21-13.11.43:976][  0]LogInit:      CURL_VERSION_ASYNCHDNS
[2016.03.21-13.11.43:976][  0]LogInit:      CURL_VERSION_LARGEFILE
[2016.03.21-13.11.43:976][  0]LogInit:      CURL_VERSION_IDN
[2016.03.21-13.11.43:977][  0]LogInit:  CurlRequestOptions (configurable via config and command line):
[2016.03.21-13.11.43:977][  0]LogInit:  - bVerifyPeer = true  - Libcurl will verify peer certificate
[2016.03.21-13.11.43:977][  0]LogInit:  - bUseHttpProxy = false  - Libcurl will NOT use HTTP proxy
[2016.03.21-13.11.43:977][  0]LogInit:  - bDontReuseConnections = false  - Libcurl will reuse connections
[2016.03.21-13.11.43:977][  0]LogInit:  - CertBundlePath = nullptr  - Libcurl will use whatever was configured at build time.
[2016.03.21-13.11.43:980][  0]LogInit: Presizing for 0 objects not considered by GC, pre-allocating 0 bytes.
[2016.03.21-13.11.43:986][  0]LogInit: Object subsystem initialized
[2016.03.21-13.11.43:987][  0]LogInit: Selected Device Profile: [Windows]
[2016.03.21-13.11.43:987][  0]LogInit: Applying CVar settings loaded from the selected device profile: [Windows]
[2016.03.21-13.11.43:994][  0]LogInit: Computer: PC1021500895
[2016.03.21-13.11.43:994][  0]LogInit: User: VR
[2016.03.21-13.11.43:994][  0]LogInit: CPU Page size=4096, Cores=4
[2016.03.21-13.11.43:994][  0]LogInit: High frequency timer resolution =3.507504 MHz
[2016.03.21-13.11.43:994][  0]LogMemory: Memory total: Physical=15.9GB (16GB approx)
[2016.03.21-13.11.43:994][  0]LogMemory: Platform Memory Stats for Windows
[2016.03.21-13.11.43:994][  0]LogMemory: Process Physical Memory: 52.68 MB used, 52.68 MB peak
[2016.03.21-13.11.43:994][  0]LogMemory: Process Virtual Memory: 58.11 MB used, 58.11 MB peak
[2016.03.21-13.11.43:994][  0]LogMemory: Physical Memory: 5037.01 MB used, 16261.17 MB total
[2016.03.21-13.11.43:994][  0]LogMemory: Virtual Memory: 349.69 MB used, 134217728.00 MB total
[2016.03.21-13.11.44:019][  0]LogTextLocalizationManager: No translations for ('de-DE') exist, falling back to 'en' for localization and internationalization data.
[2016.03.21-13.11.44:534][  0]LogD3D11RHI: Found D3D11 adapter 0: NVIDIA GeForce GTX 970 (Feature Level 11_0)
[2016.03.21-13.11.44:534][  0]LogD3D11RHI: Adapter has 3976MB of dedicated video memory, 0MB of dedicated system memory, and 8130MB of shared system memory, 1 output[s]
[2016.03.21-13.11.44:535][  0]LogD3D11RHI: Found D3D11 adapter 1: Microsoft Basic Render Driver (Feature Level 11_0)
[2016.03.21-13.11.44:535][  0]LogD3D11RHI: Adapter has 0MB of dedicated video memory, 0MB of dedicated system memory, and 256MB of shared system memory, 0 output[s]
[2016.03.21-13.11.44:535][  0]LogD3D11RHI: Chosen D3D11 Adapter Id = 0
[2016.03.21-13.11.44:539][  0]LogD3D11RHI: !Direct3DDevice
[2016.03.21-13.11.44:539][  0]LogRHI: Texture pool is 1361 MB (70% of 1945 MB)
[2016.03.21-13.11.44:546][  0]LogD3D11RHI: Async texture creation enabled
[2016.03.21-13.11.44:562][  0]LogShaderCompilers: Guid format shader working directory is 15 characters bigger than the processId version (../../../../../../UnrealProjects/GE_Project/Intermediate/Shaders/WorkingDirectory/4104/).
[2016.03.21-13.11.44:562][  0]LogShaderCompilers: Cleaned the shader compiler working directory '../../../../../../UnrealProjects/GE_Project/Intermediate/Shaders/tmp/A04B1C5D48B946BE66848D8DD7F35677/'.
[2016.03.21-13.11.44:562][  0]LogShaderCompilers:Display: Using Local Shader Compiler.
[2016.03.21-13.11.45:408][  0]LogTemp:Display: Loaded TP AllDesktopTargetPlatform
[2016.03.21-13.11.45:412][  0]LogTemp:Display: Loaded TP WindowsClientTargetPlatform
[2016.03.21-13.11.45:415][  0]LogTemp:Display: Loaded TP WindowsNoEditorTargetPlatform
[2016.03.21-13.11.45:418][  0]LogTemp:Display: Loaded TP WindowsServerTargetPlatform
[2016.03.21-13.11.45:422][  0]LogTemp:Display: Loaded TP WindowsTargetPlatform
[2016.03.21-13.11.45:424][  0]LogTemp:Display: Loaded TP AndroidTargetPlatform
[2016.03.21-13.11.45:427][  0]LogTemp:Display: Loaded TP Android_ASTCTargetPlatform
[2016.03.21-13.11.45:431][  0]LogTemp:Display: Loaded TP Android_ATCTargetPlatform
[2016.03.21-13.11.45:434][  0]LogTemp:Display: Loaded TP Android_DXTTargetPlatform
[2016.03.21-13.11.45:438][  0]LogTemp:Display: Loaded TP Android_ETC1TargetPlatform
[2016.03.21-13.11.45:441][  0]LogTemp:Display: Loaded TP Android_ETC2TargetPlatform
[2016.03.21-13.11.45:444][  0]LogTemp:Display: Loaded TP Android_PVRTCTargetPlatform
[2016.03.21-13.11.45:445][  0]LogTemp:Display: Loaded TP HTML5TargetPlatform
[2016.03.21-13.11.45:460][  0]LogTemp:Display: Loaded TP IOSTargetPlatform
[2016.03.21-13.11.45:462][  0]LogTemp:Display: Loaded TP LinuxNoEditorTargetPlatform
[2016.03.21-13.11.45:465][  0]LogTemp:Display: Loaded TP LinuxServerTargetPlatform
[2016.03.21-13.11.45:468][  0]LogTemp:Display: Loaded TP LinuxTargetPlatform
[2016.03.21-13.11.45:468][  0]LogTargetPlatformManager:Display: Building Assets For Windows
[2016.03.21-13.11.45:520][  0]LogDerivedDataCache:Display: Max Cache Size: 512 MB
[2016.03.21-13.11.45:557][  0]LogDerivedDataCache: Loaded boot cache 0.04s 41MB C:/Users/VR/AppData/Local/UnrealEngine/4.9/DerivedDataCache/Boot.ddc.
[2016.03.21-13.11.45:557][  0]LogDerivedDataCache:Display: Loaded Boot cache: C:/Users/VR/AppData/Local/UnrealEngine/4.9/DerivedDataCache/Boot.ddc
[2016.03.21-13.11.45:557][  0]LogDerivedDataCache: FDerivedDataBackendGraph:  Pak pak cache file ../../../../../../UnrealProjects/GE_Project/DerivedDataCache/DDC.ddp not found, will not use a pak cache.
[2016.03.21-13.11.45:557][  0]LogDerivedDataCache: Unable to find inner node Pak for hierarchical cache Hierarchy.
[2016.03.21-13.11.45:557][  0]LogDerivedDataCache: FDerivedDataBackendGraph:  CompressedPak pak cache file ../../../../../../UnrealProjects/GE_Project/DerivedDataCache/Compressed.ddp not found, will not use a pak cache.
[2016.03.21-13.11.45:557][  0]LogDerivedDataCache: Unable to find inner node CompressedPak for hierarchical cache Hierarchy.
[2016.03.21-13.11.45:682][  0]LogDerivedDataCache:Display: Pak cache opened for reading ../../../Engine/DerivedDataCache/Compressed.ddp.
[2016.03.21-13.11.45:694][  0]LogDerivedDataCache: Using Local data cache path C:/Users/VR/AppData/Local/UnrealEngine/Common/DerivedDataCache: Writable
[2016.03.21-13.11.45:826][  0]LogInit: Selected Device Profile: [Windows]
[2016.03.21-13.11.45:828][  0]LogContentStreaming: Texture pool size is 0.000000MB
[2016.03.21-13.11.45:913][  0]LogMeshUtilities: No automatic mesh reduction module available
[2016.03.21-13.11.45:913][  0]LogMeshUtilities: No automatic mesh merging module available
[2016.03.21-13.11.46:085][  0]LogInit: WinSock: version 1.1 (2.2), MaxSocks=32767, MaxUdp=65467
[2016.03.21-13.11.46:603][  0]UdpMessaging: Initializing bridge on interface 0.0.0.0:0 to multicast group 230.0.0.1:6666.
[2016.03.21-13.11.46:719][  0]LogAssetRegistry: FAssetRegistry took 0.0112 seconds to start up
[2016.03.21-13.11.46:828][  0]SourceControl: Info Source control is disabled
[2016.03.21-13.11.46:833][  0]SourceControl: Info Source control is disabled
[2016.03.21-13.11.46:840][  0]SourceControl: Info Source control is disabled
[2016.03.21-13.11.46:846][  0]SourceControl: Info Source control is disabled
[2016.03.21-13.11.46:933][  0]LogLinker:Warning: Asset '../../../Engine/Plugins/Runtime/LeapMotionController/Content/LM_PassthroughMaterial.uasset' has been saved with empty engine version. The asset will be loaded but may be incompatible.
[2016.03.21-13.11.46:981][  0]LeapPluginLog: Using LeapPlugin version 0.9.6
[2016.03.21-13.11.46:985][  0]LogObj: 29249 objects as part of root set at end of initial load.
[2016.03.21-13.11.46:985][  0]LogUObjectAllocator: 6234272 out of 0 bytes used by permanent object pool.
[2016.03.21-13.11.47:029][  0]LogEngine: Initializing Engine...
[2016.03.21-13.11.47:030][  0]OCULUS: Info: 03/21/16 13:11:47: [CAPI] LibOVR module is located at C:\Windows\SYSTEM32\LibOVRRT64_0_7.dll

[2016.03.21-13.11.47:031][  0]LogHMD: Oculus plugin initialized. Version: 4.9.2-2707645+++depot+UE4-Releases+4.9, LibOVR: 0.7.0.0, built Sep 28 2015, 10:27:52
[2016.03.21-13.11.47:129][  0]LogAIModule: Creating AISystem for world NewWorld
[2016.03.21-13.11.47:139][  0]LogInit: XAudio2 using 'HP E221c-8 (NVIDIA High Definition Audio)' : 2 channels at 48 kHz using 16 bits per sample (channel mask 0x3)
[2016.03.21-13.11.47:155][  0]LogInit: FAudioDevice initialized.
[2016.03.21-13.11.47:175][  0]LogDerivedDataCache: Saved boot cache 0.02s 41MB C:/Users/VR/AppData/Local/UnrealEngine/4.9/DerivedDataCache/Boot.ddc.
[2016.03.21-13.11.47:179][  0]LogInit: Texture streaming: Enabled
[2016.03.21-13.11.47:182][  0]LogAnalytics: Creating configured Analytics provider AnalyticsET
[2016.03.21-13.11.47:182][  0]LogAnalytics: [UEEditor.Rocket.Release] APIServer = http://et2.epicgames.com/ET2/. AppVersion = 4.9.2-2707645+++depot+UE4-Releases+4.9
[2016.03.21-13.11.47:182][  0]LogAnalytics: [UEEditor.Rocket.Release] SetUserId 8c1436b7469470d4e6ebefb46ce7086e|0318ce7eb266467aa7a1e63543527494|c39e7128-8a93-45bc-b94e-b28d0faf1958
[2016.03.21-13.11.47:182][  0]LogAnalytics: [UEEditor.Rocket.Release] AnalyticsET::StartSession
[2016.03.21-13.11.47:190][  0]LogWindowsTextInputMethodSystem:Display: IME system now deactivated.
[2016.03.21-13.11.47:201][  0]LogInit: Transaction tracking system initialized
[2016.03.21-13.11.47:216][  0]BlueprintLog: New page: Editor Load
[2016.03.21-13.11.47:257][  0]LocalizationService: Info Localization service is disabled
[2016.03.21-13.11.47:294][  0]LogLinker:Warning: Can't find file '/Game/FirstPersonBP/FirstPersonOverview'
[2016.03.21-13.11.47:295][  0]LogLinker:Warning: Can't find file '/Game/FirstPersonBP/FirstPersonOverview'
[2016.03.21-13.11.47:295][  0]LogUObjectGlobals:Warning: Failed to find object 'Class /Game/FirstPersonBP/FirstPersonOverview.FirstPersonOverview_C'
[2016.03.21-13.11.47:302][  0]LogConsoleResponse:Display: 
[2016.03.21-13.11.47:390][  0]LogCook:Display: Done creating registry. It took  0.00s.
[2016.03.21-13.11.47:420][  0]LogFileCache: Scanning file cache for directory 'D:/UnrealProjects/GE_Project/Content/' took 0.01s
[2016.03.21-13.11.47:420][  0]SourceControl: Info Source control is disabled
[2016.03.21-13.11.47:420][  0]Cmd: MAP LOAD FILE="../../../../../../UnrealProjects/GE_Project/Content/StarterContent/Maps/Minimal_Default.umap" TEMPLATE=0 SHOWPROGRESS=1 FEATURELEVEL=3
[2016.03.21-13.11.47:420][  0]LightingResults: New page: Lighting Build
[2016.03.21-13.11.47:422][  0]MapCheck: New page: Map Check
[2016.03.21-13.11.47:422][  0]LightingResults: New page: Lighting Build
[2016.03.21-13.11.47:429][  0]LogParticles: Destroying 0 GPU particle simulations for FXSystem 0x000000ADE8B23CE0
[2016.03.21-13.11.47:742][  0]LogAIModule: Creating AISystem for world Minimal_Default
[2016.03.21-13.11.47:748][  0]LogEditorServer: Finished looking for orphan Actors (0.000 secs)
[2016.03.21-13.11.47:749][  0]Cmd: MAP CHECKDEP NOCLEARLOG
[2016.03.21-13.11.47:785][  0]MapCheck: Info Map check complete: 0 Error(s), 0 Warning(s), took 35.959ms to complete.
[2016.03.21-13.11.47:785][  0]LogFileHelpers: Loading map 'Minimal_Default' took 0.364
[2016.03.21-13.11.47:883][  0]LogCollectionManager: Loaded 0 collections in 0.001039 seconds
[2016.03.21-13.11.47:925][  0]LogFileCache: Scanning file cache for directory 'D:/UnrealProjects/GE_Project/Saved/Collections/' took 0.01s
[2016.03.21-13.11.47:925][  0]LogFileCache: Scanning file cache for directory 'D:/UnrealProjects/GE_Project/Content/Developers/VR/Collections/' took 0.01s
[2016.03.21-13.11.47:925][  0]LogFileCache: Scanning file cache for directory 'D:/UnrealProjects/GE_Project/Content/Collections/' took 0.01s
[2016.03.21-13.11.47:925][  0]LogContentBrowser: Native class hierarchy populated in 0.0084 seconds. Added 1918 classes and 347 folders.
[2016.03.21-13.11.47:928][  0]LogCollectionManager: Rebuilt the GUID cache for 0 collections in 0.000002 seconds
[2016.03.21-13.11.47:933][  0]LogContentBrowser: Native class hierarchy updated for 'WidgetCarousel' in 0.0008 seconds. Added 0 classes and 0 folders.
[2016.03.21-13.11.47:967][  0]LogContentBrowser: Native class hierarchy updated for 'AddContentDialog' in 0.0013 seconds. Added 0 classes and 0 folders.
[2016.03.21-13.11.47:970][  0]LogContentBrowser: Native class hierarchy updated for 'SceneOutliner' in 0.0008 seconds. Added 1 classes and 2 folders.
[2016.03.21-13.11.48:028][  0]LogCrashTracker: Crashtracker disabled due to settings.
[2016.03.21-13.11.48:039][  0]LogUObjectGlobals:Warning: Failed to find object 'Class None.'
[2016.03.21-13.11.48:061][  0]LogLoad: Full Startup: 4.70 seconds (BP compile: 0.04 seconds)
[2016.03.21-13.11.48:135][  0]LogContentStreaming: Texture pool size now 1000 MB
[2016.03.21-13.11.48:253][  0]LogRenderer: Reallocating scene render targets to support 1216x576 (Frame:2).
[2016.03.21-13.11.48:408][  1]LogFileCache: Retrieving MD5 hashes for directory 'D:/UnrealProjects/GE_Project/Content/' took 0.33s
[2016.03.21-13.11.49:083][  3]LogAssetRegistry: Asset discovery search completed in 2.3750 seconds
[2016.03.21-13.11.49:083][  3]LogCollectionManager: Rebuilt the object cache for 0 collections in 0.000001 seconds (found 0 objects)
[2016.03.21-13.11.49:083][  3]LogCollectionManager: Fixed up redirectors for 0 collections in 0.000023 seconds (updated 0 objects)
[2016.03.21-13.11.56:608][425]LogBlueprint:Warning: [compiler Ue4ASP_Character] Warning Input Axis Event references unknown Axis 'LookUp' for  InputAxis LookUp 
[2016.03.21-13.11.56:608][425]LogBlueprint:Warning: [compiler Ue4ASP_Character] Warning Input Axis Event references unknown Axis 'Turn' for  InputAxis Turn 
[2016.03.21-13.11.56:608][425]LogBlueprint:Warning: [compiler Ue4ASP_Character] Warning Input Axis Event references unknown Axis 'MoveRight' for  InputAxis MoveRight 
[2016.03.21-13.11.56:609][425]LogBlueprint:Warning: [compiler Ue4ASP_Character] Warning Input Axis Event references unknown Axis 'MoveForward' for  InputAxis MoveForward 
[2016.03.21-13.11.56:611][425]LogBlueprint:Warning: [compiler Ue4ASP_Character] Warning [0013.25] Compile of Ue4ASP_Character successful, but with 4 Warning(s) [in 5 ms]
[2016.03.21-13.11.56:611][425]LogBlueprint:Warning: [compiler Ue4ASP_Character] Warning [0013.25] Compile of Ue4ASP_Character successful, but with 5 Warning(s) [in 0 ms]
[2016.03.21-13.11.56:611][425]LogBlueprint:Warning: [compiler Ue4ASP_Character] Warning [0013.25] Compile of Ue4ASP_Character successful, but with 6 Warning(s) [in 0 ms]
[2016.03.21-13.11.56:661][425]LogBlueprint:Warning: [compiler Ue4ASP_Character] Warning Input Axis Event references unknown Axis 'LookUp' for  InputAxis LookUp 
[2016.03.21-13.11.56:662][425]LogBlueprint:Warning: [compiler Ue4ASP_Character] Warning Input Axis Event references unknown Axis 'Turn' for  InputAxis Turn 
[2016.03.21-13.11.56:662][425]LogBlueprint:Warning: [compiler Ue4ASP_Character] Warning Input Axis Event references unknown Axis 'MoveRight' for  InputAxis MoveRight 
[2016.03.21-13.11.56:662][425]LogBlueprint:Warning: [compiler Ue4ASP_Character] Warning Input Axis Event references unknown Axis 'MoveForward' for  InputAxis MoveForward 
[2016.03.21-13.11.56:664][425]LogBlueprint:Warning: [compiler Ue4ASP_Character] Warning [0013.31] Compile of Ue4ASP_Character successful, but with 4 Warning(s) [in 5 ms]
[2016.03.21-13.11.56:664][425]LogBlueprint:Warning: [compiler Ue4ASP_Character] Warning [0013.31] Compile of Ue4ASP_Character successful, but with 5 Warning(s) [in 0 ms]
[2016.03.21-13.11.56:664][425]LogBlueprint:Warning: [compiler Ue4ASP_Character] Warning [0013.31] Compile of Ue4ASP_Character successful, but with 6 Warning(s) [in 0 ms]
[2016.03.21-13.11.57:095][425]LogAIModule: Creating AISystem for world MyFirstLevel
[2016.03.21-13.11.57:102][425]LogParticles:Warning: InitializeSystem called on an unregistered component. Template=/Game/Snow.Snow Component=/Game/MyFirstLevel.MyFirstLevel:PersistentLevel.Snow_2.ParticleSystemComponent0
[2016.03.21-13.11.57:102][425]LogParticles:Warning: InitializeSystem called on an unregistered component. Template=/Game/StarterContent/Particles/P_Fire.P_Fire Component=/Game/MyFirstLevel.MyFirstLevel:PersistentLevel.P_Fire_2.ParticleSystemComponent0
[2016.03.21-13.11.57:140][425]Cmd: MAP LOAD FILE="../../../../../../UnrealProjects/GE_Project/Content/MyFirstLevel.umap" TEMPLATE=0 SHOWPROGRESS=1 FEATURELEVEL=3
[2016.03.21-13.11.57:140][425]LightingResults: New page: Lighting Build
[2016.03.21-13.11.57:155][425]LoadErrors: New page: Loading map: MyFirstLevel.umap
[2016.03.21-13.11.57:155][425]MapCheck: New page: Map Check
[2016.03.21-13.11.57:155][425]LightingResults: New page: Lighting Build
[2016.03.21-13.11.57:167][425]LogParticles: Destroying 0 GPU particle simulations for FXSystem 0x000000ADD0BDF380
[2016.03.21-13.11.57:336][425]LogEditorServer: Finished looking for orphan Actors (0.000 secs)
[2016.03.21-13.11.57:384][425]Cmd: MAP CHECKDEP NOCLEARLOG
[2016.03.21-13.11.57:430][425]MapCheck: Info Map check complete: 0 Error(s), 0 Warning(s), took 45.395ms to complete.
[2016.03.21-13.11.57:430][425]LogFileHelpers: Loading map 'MyFirstLevel' took 0.290
[2016.03.21-13.11.57:455][426]Cmd: UpdateLandscapeEditorData -warnings
[2016.03.21-13.11.57:459][426]Cmd: UpdateLandscapeEditorData
[2016.03.21-13.11.58:839][587]LogEditorViewport: Clicking on Actor (context menu): Landscape (Landscape5)
[2016.03.21-13.11.59:403][648]LogEditorViewport: Clicking on Actor (context menu): Landscape (Landscape5)
[2016.03.21-13.12.02:988][ 58]LogPlayLevel: PlayLevel: No blueprints needed recompiling
[2016.03.21-13.12.02:989][ 58]LogHMD:Warning: HMD Oculus Rift DK2, res = 1920 x 1080
[2016.03.21-13.12.02:989][ 58]PIE: New page: PIE session: MyFirstLevel (Mar 21, 2016, 3:12:02 PM)
[2016.03.21-13.12.02:989][ 58]LogPlayLevel: Creating play world package: /Game/UEDPIE_0_MyFirstLevel
[2016.03.21-13.12.03:027][ 58]LogPlayLevel: PIE: StaticDuplicateObject took: (0.037314s)
[2016.03.21-13.12.03:027][ 58]LogAIModule: Creating AISystem for world MyFirstLevel
[2016.03.21-13.12.03:027][ 58]LogPlayLevel: PIE: World Init took: (0.000498s)
[2016.03.21-13.12.03:027][ 58]LogPlayLevel: PIE: Created PIE world by copying editor world from /Game/MyFirstLevel.MyFirstLevel to /Game/UEDPIE_0_MyFirstLevel.MyFirstLevel (0.038002s)
[2016.03.21-13.12.03:027][ 58]LogActorComponent: UnregisterComponent: (/Engine/Transient.CharMoveComp) Not registered. Aborting.
[2016.03.21-13.12.03:048][ 58]LogInit: XAudio2 using 'HP E221c-8 (NVIDIA High Definition Audio)' : 2 channels at 48 kHz using 16 bits per sample (channel mask 0x3)
[2016.03.21-13.12.03:058][ 58]LogInit: FAudioDevice initialized.
[2016.03.21-13.12.03:195][ 58]LogWorld: Game class is 'BP_TheBeginningGameMode_C'
[2016.03.21-13.12.03:254][ 58]LogWorld: Bringing World /Game/UEDPIE_0_MyFirstLevel.MyFirstLevel up for play (max tick rate 0) at 2016.03.21-14.12.03
[2016.03.21-13.12.03:255][ 58]LogActor:Warning: GameSession /Game/UEDPIE_0_MyFirstLevel.MyFirstLevel:PersistentLevel.GameSession_0 has natively added scene component(s), but none of them were set as the actor's RootComponent - picking one arbitrarily
[2016.03.21-13.12.03:255][ 58]LogActor:Warning: GameNetworkManager /Game/UEDPIE_0_MyFirstLevel.MyFirstLevel:PersistentLevel.GameNetworkManager_0 has natively added scene component(s), but none of them were set as the actor's RootComponent - picking one arbitrarily
[2016.03.21-13.12.03:256][ 58]LogWorld: Bringing up level for play took: 0.059994
[2016.03.21-13.12.03:306][ 58]PIE: Info Play in editor start time for /Game/UEDPIE_0_MyFirstLevel 1.169
[2016.03.21-13.12.03:374][ 58]LogHMD: Allocated a new swap texture set (size 2388 x 1464)
[2016.03.21-13.12.03:402][ 59]LogHMD: Allocated a new mirror texture (size 0 x 0)
[2016.03.21-13.12.03:402][ 59]LogRenderer: Reallocating scene render targets to support 2388x1464 (Frame:1017).
[2016.03.21-13.12.03:422][ 60]LogRenderTargetPool:Warning: r.RenderTargetPoolMin exceeded 418/400 MB (ok in editor, bad on fixed memory platform)
[2016.03.21-13.13.01:362][ 99]LogHMD: Freeing textureSet 0x000000AD9AF1BBC0
[2016.03.21-13.13.01:563][ 99]LogActorComponent: UnregisterComponent: (/Engine/Transient.CharMoveComp) Not registered. Aborting.
[2016.03.21-13.13.01:564][ 99]LogActorComponent: UnregisterComponent: (/Engine/Transient.KinectInterface_GEN_VARIABLE) Not registered. Aborting.
[2016.03.21-13.13.01:564][ 99]LogActorComponent: UnregisterComponent: (/Engine/Transient.ProjectileComp) Not registered. Aborting.
[2016.03.21-13.13.01:582][ 99]LogParticles: Destroying 0 GPU particle simulations for FXSystem 0x000000AD99B35A80
[2016.03.21-13.13.31:825][705]LogRenderTargetPool:Warning: r.RenderTargetPoolMin exceeded 533/400 MB (ok in editor, bad on fixed memory platform)
[2016.03.21-13.13.56:450][619]LogRenderTargetPool:Warning: r.RenderTargetPoolMin exceeded 533/400 MB (ok in editor, bad on fixed memory platform)
[2016.03.21-13.14.54:362][373]Cmd: OBJ SAVEPACKAGE PACKAGE="/Game/MyFirstLevel" FILE="../../../../../../UnrealProjects/GE_Project/Content/MyFirstLevel.umap" SILENT=true AUTOSAVING=false KEEPDIRTY=false
[2016.03.21-13.14.55:014][373]LogSavePackage: Save=622.917297ms
[2016.03.21-13.14.55:014][373]LogSavePackage: Moving '../../../../../../UnrealProjects/GE_Project/Saved/MyFirstLevelD740A5B74F8AB29058609D983B7D35EC.tmp' to '../../../../../../UnrealProjects/GE_Project/Content/MyFirstLevel.umap'
[2016.03.21-13.14.55:018][373]LogSavePackage: Total save time: 641.147949ms
[2016.03.21-13.14.55:018][373]LogSavePackage:Warning: Finished SavePackage ../../../../../../UnrealProjects/GE_Project/Content/MyFirstLevel.umap
[2016.03.21-13.14.55:083][375]LogRenderTargetPool:Warning: r.RenderTargetPoolMin exceeded 573/400 MB (ok in editor, bad on fixed memory platform)
[2016.03.21-13.15.07:284][828]LogPlayLevel: PlayLevel: No blueprints needed recompiling
[2016.03.21-13.15.07:284][828]LogHMD:Warning: HMD Oculus Rift DK2, res = 1920 x 1080
[2016.03.21-13.15.07:285][828]PIE: New page: PIE session: MyFirstLevel (Mar 21, 2016, 3:15:07 PM)
[2016.03.21-13.15.07:285][828]LogPlayLevel: Creating play world package: /Game/UEDPIE_0_MyFirstLevel
[2016.03.21-13.15.07:311][828]LogPlayLevel: PIE: StaticDuplicateObject took: (0.026331s)
[2016.03.21-13.15.07:312][828]LogAIModule: Creating AISystem for world MyFirstLevel
[2016.03.21-13.15.07:312][828]LogPlayLevel: PIE: World Init took: (0.000601s)
[2016.03.21-13.15.07:312][828]LogPlayLevel: PIE: Created PIE world by copying editor world from /Game/MyFirstLevel.MyFirstLevel to /Game/UEDPIE_0_MyFirstLevel.MyFirstLevel (0.027098s)
[2016.03.21-13.15.07:333][828]LogInit: XAudio2 using 'HP E221c-8 (NVIDIA High Definition Audio)' : 2 channels at 48 kHz using 16 bits per sample (channel mask 0x3)
[2016.03.21-13.15.07:344][828]LogInit: FAudioDevice initialized.
[2016.03.21-13.15.07:460][828]LogHMD: Allocated a new swap texture set (size 2388 x 1464)
[2016.03.21-13.15.07:487][828]LogWorld: Game class is 'BP_TheBeginningGameMode_C'
[2016.03.21-13.15.07:545][828]LogWorld: Bringing World /Game/UEDPIE_0_MyFirstLevel.MyFirstLevel up for play (max tick rate 0) at 2016.03.21-14.15.07
[2016.03.21-13.15.07:545][828]LogActor:Warning: GameSession /Game/UEDPIE_0_MyFirstLevel.MyFirstLevel:PersistentLevel.GameSession_1 has natively added scene component(s), but none of them were set as the actor's RootComponent - picking one arbitrarily
[2016.03.21-13.15.07:545][828]LogActor:Warning: GameNetworkManager /Game/UEDPIE_0_MyFirstLevel.MyFirstLevel:PersistentLevel.GameNetworkManager_1 has natively added scene component(s), but none of them were set as the actor's RootComponent - picking one arbitrarily
[2016.03.21-13.15.07:546][828]LogWorld: Bringing up level for play took: 0.058774
[2016.03.21-13.15.07:587][828]PIE: Info Play in editor start time for /Game/UEDPIE_0_MyFirstLevel -0.55
[2016.03.21-13.15.07:593][830]LogHMD: Allocated a new mirror texture (size 0 x 0)
[2016.03.21-13.15.07:602][830]LogRenderTargetPool:Warning: r.RenderTargetPoolMin exceeded 448/400 MB (ok in editor, bad on fixed memory platform)
[2016.03.21-13.15.25:903][ 45]LogCharacterMovement: BP_Avatar_C_1 is stuck and failed to move!
[2016.03.21-13.15.26:236][ 70]LogCharacterMovement: BP_Avatar_C_1 is stuck and failed to move!
[2016.03.21-13.15.26:289][ 74]LogCharacterMovement: BP_Avatar_C_1 is stuck and failed to move!
[2016.03.21-13.15.26:303][ 75]LogCharacterMovement: BP_Avatar_C_1 is stuck and failed to move!
[2016.03.21-13.15.26:316][ 76]LogCharacterMovement: BP_Avatar_C_1 is stuck and failed to move!
[2016.03.21-13.15.26:329][ 77]LogCharacterMovement: BP_Avatar_C_1 is stuck and failed to move!
[2016.03.21-13.15.26:343][ 78]LogCharacterMovement: BP_Avatar_C_1 is stuck and failed to move!
[2016.03.21-13.15.26:356][ 79]LogCharacterMovement: BP_Avatar_C_1 is stuck and failed to move!
[2016.03.21-13.15.26:369][ 80]LogCharacterMovement: BP_Avatar_C_1 is stuck and failed to move!
[2016.03.21-13.15.26:383][ 81]LogCharacterMovement: BP_Avatar_C_1 is stuck and failed to move!
[2016.03.21-13.15.26:396][ 82]LogCharacterMovement: BP_Avatar_C_1 is stuck and failed to move!
[2016.03.21-13.15.26:409][ 83]LogCharacterMovement: BP_Avatar_C_1 is stuck and failed to move!
[2016.03.21-13.15.26:422][ 84]LogCharacterMovement: BP_Avatar_C_1 is stuck and failed to move!
[2016.03.21-13.15.26:436][ 85]LogCharacterMovement: BP_Avatar_C_1 is stuck and failed to move!
[2016.03.21-13.15.26:449][ 86]LogCharacterMovement: BP_Avatar_C_1 is stuck and failed to move!
[2016.03.21-13.15.26:462][ 87]LogCharacterMovement: BP_Avatar_C_1 is stuck and failed to move!
[2016.03.21-13.15.27:957][199]LogCharacterMovement: BP_Avatar_C_1 is stuck and failed to move!
[2016.03.21-13.15.27:983][201]LogCharacterMovement: BP_Avatar_C_1 is stuck and failed to move!
[2016.03.21-13.15.27:996][202]LogCharacterMovement: BP_Avatar_C_1 is stuck and failed to move!
[2016.03.21-13.15.28:010][203]LogCharacterMovement: BP_Avatar_C_1 is stuck and failed to move!
[2016.03.21-13.15.28:023][204]LogCharacterMovement: BP_Avatar_C_1 is stuck and failed to move!
[2016.03.21-13.15.28:037][205]LogCharacterMovement: BP_Avatar_C_1 is stuck and failed to move!
[2016.03.21-13.15.28:237][220]LogCharacterMovement: BP_Avatar_C_1 is stuck and failed to move!
[2016.03.21-13.15.28:556][244]LogCharacterMovement: BP_Avatar_C_1 is stuck and failed to move!
[2016.03.21-13.15.28:650][251]LogCharacterMovement: BP_Avatar_C_1 is stuck and failed to move!
[2016.03.21-13.15.28:663][252]LogCharacterMovement: BP_Avatar_C_1 is stuck and failed to move!
[2016.03.21-13.15.28:676][253]LogCharacterMovement: BP_Avatar_C_1 is stuck and failed to move!
[2016.03.21-13.15.28:690][254]LogCharacterMovement: BP_Avatar_C_1 is stuck and failed to move!
[2016.03.21-13.15.29:916][346]LogCharacterMovement: BP_Avatar_C_1 is stuck and failed to move!
[2016.03.21-13.15.30:116][361]LogCharacterMovement: BP_Avatar_C_1 is stuck and failed to move!
[2016.03.21-13.15.30:130][362]LogCharacterMovement: BP_Avatar_C_1 is stuck and failed to move!
[2016.03.21-13.15.39:330][962]LogCharacterMovement: BP_Avatar_C_1 is stuck and failed to move!
[2016.03.21-13.15.39:357][964]LogCharacterMovement: BP_Avatar_C_1 is stuck and failed to move!
[2016.03.21-13.15.39:370][965]LogCharacterMovement: BP_Avatar_C_1 is stuck and failed to move!
[2016.03.21-13.15.39:410][968]LogCharacterMovement: BP_Avatar_C_1 is stuck and failed to move!
[2016.03.21-13.15.39:424][969]LogCharacterMovement: BP_Avatar_C_1 is stuck and failed to move!
[2016.03.21-13.15.39:437][970]LogCharacterMovement: BP_Avatar_C_1 is stuck and failed to move!
[2016.03.21-13.15.39:463][972]LogCharacterMovement: BP_Avatar_C_1 is stuck and failed to move!
[2016.03.21-13.15.39:477][973]LogCharacterMovement: BP_Avatar_C_1 is stuck and failed to move!
[2016.03.21-13.15.39:490][974]LogCharacterMovement: BP_Avatar_C_1 is stuck and failed to move!
[2016.03.21-13.15.39:530][977]LogCharacterMovement: BP_Avatar_C_1 is stuck and failed to move!
[2016.03.21-13.15.39:543][978]LogCharacterMovement: BP_Avatar_C_1 is stuck and failed to move!
[2016.03.21-13.15.39:623][984]LogCharacterMovement: BP_Avatar_C_1 is stuck and failed to move!
[2016.03.21-13.15.39:676][988]LogCharacterMovement: BP_Avatar_C_1 is stuck and failed to move!
[2016.03.21-13.15.39:690][989]LogCharacterMovement: BP_Avatar_C_1 is stuck and failed to move!
[2016.03.21-13.15.39:703][990]LogCharacterMovement: BP_Avatar_C_1 is stuck and failed to move!
[2016.03.21-13.15.39:717][991]LogCharacterMovement: BP_Avatar_C_1 is stuck and failed to move!
[2016.03.21-13.15.39:730][992]LogCharacterMovement: BP_Avatar_C_1 is stuck and failed to move!
[2016.03.21-13.15.39:770][995]LogCharacterMovement: BP_Avatar_C_1 is stuck and failed to move!
[2016.03.21-13.15.39:783][996]LogCharacterMovement: BP_Avatar_C_1 is stuck and failed to move!
[2016.03.21-13.15.39:796][997]LogCharacterMovement: BP_Avatar_C_1 is stuck and failed to move!
[2016.03.21-13.15.39:810][998]LogCharacterMovement: BP_Avatar_C_1 is stuck and failed to move!
[2016.03.21-13.15.39:823][999]LogCharacterMovement: BP_Avatar_C_1 is stuck and failed to move!
[2016.03.21-13.15.39:837][  0]LogCharacterMovement: BP_Avatar_C_1 is stuck and failed to move!
[2016.03.21-13.15.39:850][  1]LogCharacterMovement: BP_Avatar_C_1 is stuck and failed to move!
[2016.03.21-13.15.39:863][  2]LogCharacterMovement: BP_Avatar_C_1 is stuck and failed to move!
[2016.03.21-13.15.39:903][  5]LogCharacterMovement: BP_Avatar_C_1 is stuck and failed to move!
[2016.03.21-13.15.39:917][  6]LogCharacterMovement: BP_Avatar_C_1 is stuck and failed to move!
[2016.03.21-13.15.39:930][  7]LogCharacterMovement: BP_Avatar_C_1 is stuck and failed to move!
[2016.03.21-13.15.39:943][  8]LogCharacterMovement: BP_Avatar_C_1 is stuck and failed to move!
[2016.03.21-13.15.39:957][  9]LogCharacterMovement: BP_Avatar_C_1 is stuck and failed to move!
[2016.03.21-13.15.39:996][ 12]LogCharacterMovement: BP_Avatar_C_1 is stuck and failed to move!
[2016.03.21-13.15.41:517][125]LogCharacterMovement: BP_Avatar_C_1 is stuck and failed to move!
[2016.03.21-13.15.41:809][147]LogCharacterMovement: BP_Avatar_C_1 is stuck and failed to move!
[2016.03.21-13.16.53:933][233]LogHMD: Freeing textureSet 0x000000ADA8106E00
[2016.03.21-13.16.54:173][234]LogParticles: Destroying 0 GPU particle simulations for FXSystem 0x000000ADB31F1D00
[2016.03.21-13.16.58:074][684]LogRenderTargetPool:Warning: r.RenderTargetPoolMin exceeded 573/400 MB (ok in editor, bad on fixed memory platform)
[2016.03.21-13.17.01:939][142]LogRenderTargetPool:Warning: r.RenderTargetPoolMin exceeded 573/400 MB (ok in editor, bad on fixed memory platform)
[2016.03.21-13.17.05:406][546]LogRenderTargetPool:Warning: r.RenderTargetPoolMin exceeded 573/400 MB (ok in editor, bad on fixed memory platform)
[2016.03.21-13.17.05:992][613]LogRenderTargetPool:Warning: r.RenderTargetPoolMin exceeded 573/400 MB (ok in editor, bad on fixed memory platform)
[2016.03.21-13.17.33:438][838]LogRenderTargetPool:Warning: r.RenderTargetPoolMin exceeded 573/400 MB (ok in editor, bad on fixed memory platform)
[2016.03.21-13.17.41:901][823]LogRenderTargetPool:Warning: r.RenderTargetPoolMin exceeded 573/400 MB (ok in editor, bad on fixed memory platform)
[2016.03.21-13.17.44:988][173]LogRenderTargetPool:Warning: r.RenderTargetPoolMin exceeded 573/400 MB (ok in editor, bad on fixed memory platform)
[2016.03.21-13.17.46:338][329]LogPlayLevel: PlayLevel: No blueprints needed recompiling
[2016.03.21-13.17.46:339][329]LogHMD:Warning: HMD Oculus Rift DK2, res = 1920 x 1080
[2016.03.21-13.17.46:340][329]PIE: New page: PIE session: MyFirstLevel (Mar 21, 2016, 3:17:46 PM)
[2016.03.21-13.17.46:340][329]LogPlayLevel: Creating play world package: /Game/UEDPIE_0_MyFirstLevel
[2016.03.21-13.17.46:368][329]LogPlayLevel: PIE: StaticDuplicateObject took: (0.028223s)
[2016.03.21-13.17.46:368][329]LogAIModule: Creating AISystem for world MyFirstLevel
[2016.03.21-13.17.46:369][329]LogPlayLevel: PIE: World Init took: (0.000545s)
[2016.03.21-13.17.46:369][329]LogPlayLevel: PIE: Created PIE world by copying editor world from /Game/MyFirstLevel.MyFirstLevel to /Game/UEDPIE_0_MyFirstLevel.MyFirstLevel (0.028974s)
[2016.03.21-13.17.46:369][329]LogActorComponent: UnregisterComponent: (/Engine/Transient.CharMoveComp) Not registered. Aborting.
[2016.03.21-13.17.46:369][329]LogActorComponent: UnregisterComponent: (/Engine/Transient.CharacterMovementComponent_0) Not registered. Aborting.
[2016.03.21-13.17.46:369][329]LogActorComponent: UnregisterComponent: (/Engine/Transient.KinectInterface_GEN_VARIABLE) Not registered. Aborting.
[2016.03.21-13.17.46:369][329]LogActorComponent: UnregisterComponent: (/Engine/Transient.ProjectileComp) Not registered. Aborting.
[2016.03.21-13.17.46:389][329]LogInit: XAudio2 using 'HP E221c-8 (NVIDIA High Definition Audio)' : 2 channels at 48 kHz using 16 bits per sample (channel mask 0x3)
[2016.03.21-13.17.46:400][329]LogInit: FAudioDevice initialized.
[2016.03.21-13.17.46:517][329]LogHMD: Allocated a new swap texture set (size 2388 x 1464)
[2016.03.21-13.17.46:545][329]LogWorld: Game class is 'BP_TheBeginningGameMode_C'
[2016.03.21-13.17.46:604][329]LogWorld: Bringing World /Game/UEDPIE_0_MyFirstLevel.MyFirstLevel up for play (max tick rate 0) at 2016.03.21-14.17.46
[2016.03.21-13.17.46:604][329]LogActor:Warning: GameSession /Game/UEDPIE_0_MyFirstLevel.MyFirstLevel:PersistentLevel.GameSession_2 has natively added scene component(s), but none of them were set as the actor's RootComponent - picking one arbitrarily
[2016.03.21-13.17.46:605][329]LogActor:Warning: GameNetworkManager /Game/UEDPIE_0_MyFirstLevel.MyFirstLevel:PersistentLevel.GameNetworkManager_2 has natively added scene component(s), but none of them were set as the actor's RootComponent - picking one arbitrarily
[2016.03.21-13.17.46:606][329]LogWorld: Bringing up level for play took: 0.060007
[2016.03.21-13.17.46:639][329]PIE: Info Play in editor start time for /Game/UEDPIE_0_MyFirstLevel 0.503
[2016.03.21-13.17.46:645][331]LogHMD: Allocated a new mirror texture (size 0 x 0)
[2016.03.21-13.17.46:652][331]LogRenderTargetPool:Warning: r.RenderTargetPoolMin exceeded 461/400 MB (ok in editor, bad on fixed memory platform)
[2016.03.21-13.18.03:766][543]LogHMD: Freeing textureSet 0x000000ADA75C11E0
[2016.03.21-13.18.03:989][543]LogParticles: Destroying 0 GPU particle simulations for FXSystem 0x000000ADB8516FC0
[2016.03.21-13.18.09:739][214]LogRenderTargetPool:Warning: r.RenderTargetPoolMin exceeded 573/400 MB (ok in editor, bad on fixed memory platform)
[2016.03.21-13.18.09:874][222]LogLinker:Warning: Asset '../../../Engine/Content/ArtTools/RenderToTexture/Macros/RenderToTextureMacros.uasset' has been saved with empty engine version. The asset will be loaded but may be incompatible.
[2016.03.21-13.18.10:294][222]LogContentBrowser: Native class hierarchy updated for 'BlueprintGraph' in 0.0011 seconds. Added 107 classes and 0 folders.
[2016.03.21-13.18.12:668][357]LogRenderTargetPool:Warning: r.RenderTargetPoolMin exceeded 573/400 MB (ok in editor, bad on fixed memory platform)
[2016.03.21-13.18.29:618][762]LogRenderTargetPool:Warning: r.RenderTargetPoolMin exceeded 573/400 MB (ok in editor, bad on fixed memory platform)
[2016.03.21-13.18.30:444][839]LogRenderTargetPool:Warning: r.RenderTargetPoolMin exceeded 573/400 MB (ok in editor, bad on fixed memory platform)
[2016.03.21-13.18.31:448][923]LogRenderTargetPool:Warning: r.RenderTargetPoolMin exceeded 573/400 MB (ok in editor, bad on fixed memory platform)
[2016.03.21-13.18.32:235][994]LogRenderTargetPool:Warning: r.RenderTargetPoolMin exceeded 573/400 MB (ok in editor, bad on fixed memory platform)
[2016.03.21-13.18.35:245][286]LogRenderTargetPool:Warning: r.RenderTargetPoolMin exceeded 573/400 MB (ok in editor, bad on fixed memory platform)
[2016.03.21-13.20.57:722][722]LogRenderTargetPool:Warning: r.RenderTargetPoolMin exceeded 573/400 MB (ok in editor, bad on fixed memory platform)
[2016.03.21-13.20.58:995][825]LogRenderTargetPool:Warning: r.RenderTargetPoolMin exceeded 573/400 MB (ok in editor, bad on fixed memory platform)
[2016.03.21-13.21.57:651][ 34]LogRenderTargetPool:Warning: r.RenderTargetPoolMin exceeded 573/400 MB (ok in editor, bad on fixed memory platform)
[2016.03.21-13.22.03:561][701]LogRenderTargetPool:Warning: r.RenderTargetPoolMin exceeded 573/400 MB (ok in editor, bad on fixed memory platform)
[2016.03.21-13.22.04:964][866]LogRenderTargetPool:Warning: r.RenderTargetPoolMin exceeded 573/400 MB (ok in editor, bad on fixed memory platform)
[2016.03.21-13.22.05:858][970]LogRenderTargetPool:Warning: r.RenderTargetPoolMin exceeded 573/400 MB (ok in editor, bad on fixed memory platform)
[2016.03.21-13.22.08:427][273]LogRenderTargetPool:Warning: r.RenderTargetPoolMin exceeded 573/400 MB (ok in editor, bad on fixed memory platform)
[2016.03.21-13.22.09:105][352]LogRenderTargetPool:Warning: r.RenderTargetPoolMin exceeded 573/400 MB (ok in editor, bad on fixed memory platform)
[2016.03.21-13.22.10:343][499]LogRenderTargetPool:Warning: r.RenderTargetPoolMin exceeded 573/400 MB (ok in editor, bad on fixed memory platform)
[2016.03.21-13.22.10:343][499]Cmd: CLOSE_SLATE_MAINFRAME
[2016.03.21-13.22.10:343][499]LogActorComponent: UnregisterComponent: (/Engine/Transient.CharMoveComp) Not registered. Aborting.
[2016.03.21-13.22.10:343][499]LogActorComponent: UnregisterComponent: (/Engine/Transient.CharacterMovementComponent_1) Not registered. Aborting.
[2016.03.21-13.22.10:343][499]LogActorComponent: UnregisterComponent: (/Engine/Transient.KinectInterface_GEN_VARIABLE) Not registered. Aborting.
[2016.03.21-13.22.10:343][499]LogActorComponent: UnregisterComponent: (/Engine/Transient.ProjectileComp) Not registered. Aborting.
[2016.03.21-13.22.10:376][499]LogParticles: Destroying 0 GPU particle simulations for FXSystem 0x000000ADA8C4F060
[2016.03.21-13.22.10:774][500]Cmd: QUIT_EDITOR
[2016.03.21-13.22.11:759][500]LogHMD: Oculus shutdown.
[2016.03.21-13.22.11:759][500]LogWindowsTextInputMethodSystem:Display: IME system now deactivated.
[2016.03.21-13.22.11:863][500]LogExit: Preparing to exit.
[2016.03.21-13.22.12:121][500]LogExit: Editor shut down
[2016.03.21-13.22.12:121][500]LogExit: Transaction tracking system shut down
[2016.03.21-13.22.12:122][500]LogParticles: Destroying 0 GPU particle simulations for FXSystem 0x000000ADA26427A0
[2016.03.21-13.22.12:122][500]LogParticles: Destroying 0 GPU particle simulations for FXSystem 0x000000ADA26428E0
[2016.03.21-13.22.12:122][500]LogParticles: Destroying 0 GPU particle simulations for FXSystem 0x000000ADF6A6F880
[2016.03.21-13.22.12:124][500]LogParticles: Destroying 0 GPU particle simulations for FXSystem 0x000000ADE3044F40
[2016.03.21-13.22.12:127][500]LogParticles: Destroying 0 GPU particle simulations for FXSystem 0x000000ADF77C8C20
[2016.03.21-13.22.12:131][500]LogParticles: Destroying 0 GPU particle simulations for FXSystem 0x000000AD0F4BCD60
[2016.03.21-13.22.12:144][500]LeapPluginLog: LeapController::CleanupEventData Delete Called
[2016.03.21-13.22.12:326][500]LogExit: Object subsystem successfully closed.
[2016.03.21-13.22.12:336][500]LogD3D11RHI: Shutdown
[2016.03.21-13.22.12:336][500]LogD3D11RHI: CleanupD3DDevice
[2016.03.21-13.22.12:406][500]LogD3D11RHI: ~FD3D11DynamicRHI
[2016.03.21-13.22.12:416][500]LogModuleManager: Shutting down and abandoning module BlueprintGraph (202)
[2016.03.21-13.22.12:416][500]LogModuleManager: Shutting down and abandoning module ExternalImagePicker (201)
[2016.03.21-13.22.12:416][500]LogModuleManager: Shutting down and abandoning module CrashTracker (200)
[2016.03.21-13.22.12:416][500]LogModuleManager: Shutting down and abandoning module SceneOutliner (199)
[2016.03.21-13.22.12:416][500]LogModuleManager: Shutting down and abandoning module SuperSearch (198)
[2016.03.21-13.22.12:416][500]LogModuleManager: Shutting down and abandoning module WidgetCarousel (197)
[2016.03.21-13.22.12:416][500]LogModuleManager: Shutting down and abandoning module AddContentDialog (196)
[2016.03.21-13.22.12:417][500]LogModuleManager: Shutting down and abandoning module EditorWidgets (195)
[2016.03.21-13.22.12:417][500]LogModuleManager: Shutting down and abandoning module CollectionManager (194)
[2016.03.21-13.22.12:417][500]LogModuleManager: Shutting down and abandoning module StatsViewer (193)
[2016.03.21-13.22.12:417][500]LogModuleManager: Shutting down and abandoning module FoliageEdit (192)
[2016.03.21-13.22.12:417][500]LogModuleManager: Shutting down and abandoning module LandscapeEditor (191)
[2016.03.21-13.22.12:418][500]LogModuleManager: Shutting down and abandoning module ActorPickerMode (190)
[2016.03.21-13.22.12:418][500]LogModuleManager: Shutting down and abandoning module GeometryMode (189)
[2016.03.21-13.22.12:418][500]LogModuleManager: Shutting down and abandoning module TextureAlignMode (188)
[2016.03.21-13.22.12:418][500]LogModuleManager: Shutting down and abandoning module BspMode (187)
[2016.03.21-13.22.12:418][500]LogModuleManager: Shutting down and abandoning module PlacementMode (186)
[2016.03.21-13.22.12:418][500]LogModuleManager: Shutting down and abandoning module AutomationWorker (185)
[2016.03.21-13.22.12:418][500]LogModuleManager: Shutting down and abandoning module CharacterAI (184)
[2016.03.21-13.22.12:418][500]LogModuleManager: Shutting down and abandoning module SmartSnapping (183)
[2016.03.21-13.22.12:418][500]LogModuleManager: Shutting down and abandoning module ViewportSnapping (182)
[2016.03.21-13.22.12:418][500]LogModuleManager: Shutting down and abandoning module LogVisualizer (181)
[2016.03.21-13.22.12:418][500]LogModuleManager: Shutting down and abandoning module GameProjectGeneration (180)
[2016.03.21-13.22.12:418][500]LogModuleManager: Shutting down and abandoning module IntroTutorials (179)
[2016.03.21-13.22.12:418][500]LogModuleManager: Shutting down and abandoning module EditorLiveStreaming (178)
[2016.03.21-13.22.12:418][500]LogModuleManager: Shutting down and abandoning module IOSPlatformEditor (177)
[2016.03.21-13.22.12:418][500]LogModuleManager: Shutting down and abandoning module HTML5PlatformEditor (176)
[2016.03.21-13.22.12:418][500]LogModuleManager: Shutting down and abandoning module AndroidDeviceDetection (175)
[2016.03.21-13.22.12:692][500]LogModuleManager: Shutting down and abandoning module AndroidPlatformEditor (174)
[2016.03.21-13.22.12:692][500]LogModuleManager: Shutting down and abandoning module IOSRuntimeSettings (173)
[2016.03.21-13.22.12:692][500]LogModuleManager: Shutting down and abandoning module AndroidRuntimeSettings (172)
[2016.03.21-13.22.12:692][500]LogModuleManager: Shutting down and abandoning module MergeActors (171)
[2016.03.21-13.22.12:692][500]LogModuleManager: Shutting down and abandoning module SizeMap (170)
[2016.03.21-13.22.12:692][500]LogModuleManager: Shutting down and abandoning module TreeMap (169)
[2016.03.21-13.22.12:692][500]LogModuleManager: Shutting down and abandoning module ReferenceViewer (168)
[2016.03.21-13.22.12:692][500]LogModuleManager: Shutting down and abandoning module LocalizationService (167)
[2016.03.21-13.22.12:692][500]LogModuleManager: Shutting down and abandoning module LocalizationDashboard (166)
[2016.03.21-13.22.12:692][500]LogModuleManager: Shutting down and abandoning module HardwareTargeting (165)
[2016.03.21-13.22.12:692][500]LogModuleManager: Shutting down and abandoning module DeviceProfileEditor (164)
[2016.03.21-13.22.12:692][500]LogModuleManager: Shutting down and abandoning module UndoHistory (163)
[2016.03.21-13.22.12:692][500]LogModuleManager: Shutting down and abandoning module GameplayTagsEditor (162)
[2016.03.21-13.22.12:692][500]LogModuleManager: Shutting down and abandoning module UserFeedback (161)
[2016.03.21-13.22.12:692][500]LogModuleManager: Shutting down and abandoning module XmlParser (160)
[2016.03.21-13.22.12:692][500]LogModuleManager: Shutting down and abandoning module Blutility (159)
[2016.03.21-13.22.12:692][500]LogModuleManager: Shutting down and abandoning module ProjectTargetPlatformEditor (158)
[2016.03.21-13.22.12:692][500]LogModuleManager: Shutting down and abandoning module ProjectSettingsViewer (157)
[2016.03.21-13.22.12:692][500]LogModuleManager: Shutting down and abandoning module InputBindingEditor (156)
[2016.03.21-13.22.12:692][500]LogModuleManager: Shutting down and abandoning module EditorSettingsViewer (155)
[2016.03.21-13.22.12:692][500]LogModuleManager: Shutting down and abandoning module SettingsEditor (154)
[2016.03.21-13.22.12:692][500]LogModuleManager: Shutting down and abandoning module ProjectLauncher (153)
[2016.03.21-13.22.12:692][500]LogModuleManager: Shutting down and abandoning module SessionFrontend (152)
[2016.03.21-13.22.12:692][500]LogModuleManager: Shutting down and abandoning module ProfilerClient (151)
[2016.03.21-13.22.12:692][500]LogModuleManager: Shutting down and abandoning module TargetDeviceServices (150)
[2016.03.21-13.22.12:692][500]LogModuleManager: Shutting down and abandoning module DeviceManager (149)
[2016.03.21-13.22.12:692][500]LogModuleManager: Shutting down and abandoning module AutomationController (148)
[2016.03.21-13.22.12:692][500]LogModuleManager: Shutting down and abandoning module AutomationWindow (147)
[2016.03.21-13.22.12:692][500]LogModuleManager: Shutting down and abandoning module Layers (146)
[2016.03.21-13.22.12:692][500]LogModuleManager: Shutting down and abandoning module ComponentVisualizers (145)
[2016.03.21-13.22.12:692][500]LogModuleManager: Shutting down and abandoning module DetailCustomizations (144)
[2016.03.21-13.22.12:692][500]LogModuleManager: Shutting down and abandoning module PackagesDialog (143)
[2016.03.21-13.22.12:692][500]LogModuleManager: Shutting down and abandoning module Persona (142)
[2016.03.21-13.22.12:692][500]LogModuleManager: Shutting down and abandoning module Kismet (141)
[2016.03.21-13.22.12:692][500]LogModuleManager: Shutting down and abandoning module GraphEditor (140)
[2016.03.21-13.22.12:693][500]LogModuleManager: Shutting down and abandoning module ClassViewer (139)
[2016.03.21-13.22.12:693][500]LogModuleManager: Shutting down and abandoning module Toolbox (138)
[2016.03.21-13.22.12:693][500]LogModuleManager: Shutting down and abandoning module ModuleUI (137)
[2016.03.21-13.22.12:693][500]LogModuleManager: Shutting down and abandoning module MovieSceneTools (136)
[2016.03.21-13.22.12:693][500]LogModuleManager: Shutting down and abandoning module OutputLog (135)
[2016.03.21-13.22.12:693][500]LogModuleManager: Shutting down and abandoning module GammaUI (134)
[2016.03.21-13.22.12:693][500]LogModuleManager: Shutting down and abandoning module Documentation (133)
[2016.03.21-13.22.12:693][500]LogModuleManager: Shutting down and abandoning module GameLiveStreaming (132)
[2016.03.21-13.22.12:693][500]LogModuleManager: Shutting down and abandoning module StreamingPauseRendering (131)
[2016.03.21-13.22.12:693][500]LogModuleManager: Shutting down and abandoning module AnalyticsET (130)
[2016.03.21-13.22.12:693][500]LogModuleManager: Shutting down and abandoning module Analytics (129)
[2016.03.21-13.22.12:693][500]LogModuleManager: Shutting down and abandoning module AITestSuite (128)
[2016.03.21-13.22.12:693][500]LogModuleManager: Shutting down and abandoning module GameplayDebugger (127)
[2016.03.21-13.22.12:693][500]LogModuleManager: Shutting down and abandoning module AIModule (126)
[2016.03.21-13.22.12:693][500]LogModuleManager: Shutting down and abandoning module ProfilerService (125)
[2016.03.21-13.22.12:753][500]LogModuleManager: Shutting down and abandoning module TaskGraph (124)
[2016.03.21-13.22.12:753][500]LogModuleManager: Shutting down and abandoning module LeapMotion (123)
[2016.03.21-13.22.12:762][500]LogModuleManager: Shutting down and abandoning module SlateRemote (122)
[2016.03.21-13.22.12:762][500]LogModuleManager: Shutting down and abandoning module SteamVRController (121)
[2016.03.21-13.22.12:762][500]LogModuleManager: Shutting down and abandoning module SteamVR (120)
[2016.03.21-13.22.12:762][500]LogModuleManager: Shutting down and abandoning module ProceduralMeshComponent (119)
[2016.03.21-13.22.12:762][500]LogModuleManager: Shutting down and abandoning module OculusRift (118)
[2016.03.21-13.22.12:762][500]LogModuleManager: Shutting down and abandoning module OculusLibrary (117)
[2016.03.21-13.22.12:762][500]LogModuleManager: Shutting down and abandoning module LeapMotionController (116)
[2016.03.21-13.22.12:773][500]LogModuleManager: Shutting down and abandoning module CustomMeshComponent (115)
[2016.03.21-13.22.12:773][500]LogModuleManager: Shutting down and abandoning module CableComponent (114)
[2016.03.21-13.22.12:773][500]LogModuleManager: Shutting down and abandoning module ArchVisCharacter (113)
[2016.03.21-13.22.12:773][500]LogModuleManager: Shutting down and abandoning module MessagingDebugger (112)
[2016.03.21-13.22.12:773][500]LogModuleManager: Shutting down and abandoning module MediaPlayerEditor (111)
[2016.03.21-13.22.12:773][500]LogModuleManager: Shutting down and abandoning module HTML5Networking (110)
[2016.03.21-13.22.12:773][500]LogModuleManager: Shutting down and abandoning module SpeedTreeImporter (109)
[2016.03.21-13.22.12:773][500]LogModuleManager: Shutting down and abandoning module PluginBrowser (108)
[2016.03.21-13.22.12:773][500]LogModuleManager: Shutting down and abandoning module EpicSurvey (107)
[2016.03.21-13.22.12:773][500]LogModuleManager: Shutting down and abandoning module DesktopPlatform (106)
[2016.03.21-13.22.12:773][500]LogModuleManager: Shutting down and abandoning module VisualStudioSourceCodeAccess (105)
[2016.03.21-13.22.12:773][500]LogModuleManager: Shutting down and abandoning module UObjectPlugin (104)
[2016.03.21-13.22.12:773][500]LogModuleManager: Shutting down and abandoning module SubversionSourceControl (103)
[2016.03.21-13.22.12:773][500]LogModuleManager: Shutting down and abandoning module PerforceSourceControl (102)
[2016.03.21-13.22.12:773][500]LogModuleManager: Shutting down and abandoning module SourceControl (101)
[2016.03.21-13.22.12:773][500]LogModuleManager: Shutting down and abandoning module GitSourceControl (100)
[2016.03.21-13.22.12:773][500]LogModuleManager: Shutting down and abandoning module LightPropagationVolumeEditor (99)
[2016.03.21-13.22.12:773][500]LogModuleManager: Shutting down and abandoning module PaperTiledImporter (98)
[2016.03.21-13.22.12:773][500]LogModuleManager: Shutting down and abandoning module PaperSpriteSheetImporter (97)
[2016.03.21-13.22.12:773][500]LogModuleManager: Shutting down and abandoning module MeshPaint (96)
[2016.03.21-13.22.12:773][500]LogModuleManager: Shutting down and abandoning module SlateReflector (95)
[2016.03.21-13.22.12:773][500]LogModuleManager: Shutting down and abandoning module HotReload (94)
[2016.03.21-13.22.12:773][500]LogModuleManager: Shutting down and abandoning module MainFrame (93)
[2016.03.21-13.22.12:773][500]LogModuleManager: Shutting down and abandoning module LevelEditor (92)
[2016.03.21-13.22.12:774][500]LogModuleManager: Shutting down and abandoning module DirectoryWatcher (91)
[2016.03.21-13.22.12:775][500]LogModuleManager: Shutting down and abandoning module AssetRegistry (90)
[2016.03.21-13.22.13:417][500]LogFileManager:Warning: DeleteFile was unable to delete '../../../../../../UnrealProjects/GE_Project/Intermediate/CachedAssetRegistry.bin', retrying in .5s...
[2016.03.21-13.22.13:417][500]LogFileManager:Warning: DeleteFile recovered during retry!
[2016.03.21-13.22.13:417][500]LogModuleManager: Shutting down and abandoning module ContentBrowser (89)
[2016.03.21-13.22.13:417][500]LogModuleManager: Shutting down and abandoning module Paper2DEditor (88)
[2016.03.21-13.22.13:418][500]LogModuleManager: Shutting down and abandoning module TheBeginning (87)
[2016.03.21-13.22.13:418][500]LogModuleManager: Shutting down and abandoning module Kinect4Unreal (86)
[2016.03.21-13.22.13:418][500]LogModuleManager: Shutting down and abandoning module UdpMessaging (85)
[2016.03.21-13.22.13:518][500]LogModuleManager: Shutting down and abandoning module LightPropagationVolumeRuntime (84)
[2016.03.21-13.22.13:518][500]LogModuleManager: Shutting down and abandoning module Paper2D (83)
[2016.03.21-13.22.13:518][500]LogModuleManager: Shutting down and abandoning module WindowsMoviePlayer (82)
[2016.03.21-13.22.13:521][500]LogModuleManager: Shutting down and abandoning module Media (81)
[2016.03.21-13.22.13:521][500]LogModuleManager: Shutting down and abandoning module WmfMedia (80)
[2016.03.21-13.22.13:521][500]LogModuleManager: Shutting down and abandoning module OnlineBlueprintSupport (79)
[2016.03.21-13.22.13:521][500]LogModuleManager: Shutting down and abandoning module GameplayTasksEditor (78)
[2016.03.21-13.22.13:521][500]LogModuleManager: Shutting down and abandoning module PropertyEditor (77)
[2016.03.21-13.22.13:521][500]LogModuleManager: Shutting down and abandoning module BehaviorTreeEditor (76)
[2016.03.21-13.22.13:521][500]LogModuleManager: Shutting down and abandoning module FunctionalTesting (75)
[2016.03.21-13.22.13:521][500]LogModuleManager: Shutting down and abandoning module CollisionAnalyzer (74)
[2016.03.21-13.22.13:521][500]LogModuleManager: Shutting down and abandoning module WorkspaceMenuStructure (73)
[2016.03.21-13.22.13:521][500]LogModuleManager: Shutting down and abandoning module MessageLog (72)
[2016.03.21-13.22.13:521][500]LogModuleManager: Shutting down and abandoning module Sequencer (71)
[2016.03.21-13.22.13:521][500]LogModuleManager: Shutting down and abandoning module AssetTools (70)
[2016.03.21-13.22.13:521][500]LogModuleManager: Shutting down and abandoning module UMGEditor (69)
[2016.03.21-13.22.13:521][500]LogModuleManager: Shutting down and abandoning module UMG (68)
[2016.03.21-13.22.13:521][500]LogModuleManager: Shutting down and abandoning module Slate (67)
[2016.03.21-13.22.13:521][500]LogModuleManager: Shutting down and abandoning module EditorStyle (66)
[2016.03.21-13.22.13:522][500]LogModuleManager: Shutting down and abandoning module SessionServices (65)
[2016.03.21-13.22.13:522][500]LogModuleManager: Shutting down and abandoning module SourceCodeAccess (64)
[2016.03.21-13.22.13:523][500]LogModuleManager: Shutting down and abandoning module HeadMountedDisplay (63)
[2016.03.21-13.22.13:523][500]LogModuleManager: Shutting down and abandoning module XAudio2 (62)
[2016.03.21-13.22.13:523][500]LogModuleManager: Shutting down and abandoning module Networking (60)
[2016.03.21-13.22.13:523][500]LogModuleManager: Shutting down and abandoning module Core (59)
[2016.03.21-13.22.13:523][500]LogModuleManager: Shutting down and abandoning module KismetCompiler (58)
[2016.03.21-13.22.13:523][500]LogModuleManager: Shutting down and abandoning module PhysXFormats (57)
[2016.03.21-13.22.13:523][500]LogModuleManager: Shutting down and abandoning module MeshUtilities (56)
[2016.03.21-13.22.13:523][500]LogModuleManager: Shutting down and abandoning module CookingStats (55)
[2016.03.21-13.22.13:528][500]LogModuleManager: Shutting down and abandoning module DerivedDataCache (54)
[2016.03.21-13.22.13:616][500]LogDerivedDataCache: Shutdown
[2016.03.21-13.22.13:616][500]LogModuleManager: Shutting down and abandoning module ShaderFormatOpenGL (53)
[2016.03.21-13.22.13:616][500]LogModuleManager: Shutting down and abandoning module ShaderFormatD3D (52)
[2016.03.21-13.22.13:616][500]LogModuleManager: Shutting down and abandoning module MetalShaderFormat (51)
[2016.03.21-13.22.13:616][500]LogModuleManager: Shutting down and abandoning module TextureFormatUncompressed (50)
[2016.03.21-13.22.13:616][500]LogModuleManager: Shutting down and abandoning module TextureFormatPVR (49)
[2016.03.21-13.22.13:616][500]LogModuleManager: Shutting down and abandoning module TextureFormatIntelISPCTexComp (48)
[2016.03.21-13.22.13:616][500]LogModuleManager: Shutting down and abandoning module TextureFormatDXT (47)
[2016.03.21-13.22.13:616][500]LogModuleManager: Shutting down and abandoning module ImageWrapper (46)
[2016.03.21-13.22.13:616][500]LogModuleManager: Shutting down and abandoning module TextureFormatASTC (45)
[2016.03.21-13.22.13:616][500]LogModuleManager: Shutting down and abandoning module TextureFormatAndroid (44)
[2016.03.21-13.22.13:616][500]LogModuleManager: Shutting down and abandoning module AudioFormatOpus (43)
[2016.03.21-13.22.13:616][500]LogModuleManager: Shutting down and abandoning module AudioFormatOgg (42)
[2016.03.21-13.22.13:616][500]LogModuleManager: Shutting down and abandoning module AudioFormatADPCM (41)
[2016.03.21-13.22.13:616][500]LogModuleManager: Shutting down and abandoning module LinuxTargetPlatform (40)
[2016.03.21-13.22.13:616][500]LogModuleManager: Shutting down and abandoning module LinuxServerTargetPlatform (39)
[2016.03.21-13.22.13:616][500]LogModuleManager: Shutting down and abandoning module LinuxNoEditorTargetPlatform (38)
[2016.03.21-13.22.13:616][500]LogModuleManager: Shutting down and abandoning module Messaging (37)
[2016.03.21-13.22.13:616][500]LogModuleManager: Shutting down and abandoning module IOSTargetPlatform (36)
[2016.03.21-13.22.13:616][500]LogModuleManager: Shutting down and abandoning module HTML5TargetPlatform (35)
[2016.03.21-13.22.13:616][500]LogModuleManager: Shutting down and abandoning module Android_PVRTCTargetPlatform (34)
[2016.03.21-13.22.13:616][500]LogModuleManager: Shutting down and abandoning module Android_ETC2TargetPlatform (33)
[2016.03.21-13.22.13:616][500]LogModuleManager: Shutting down and abandoning module Android_ETC1TargetPlatform (32)
[2016.03.21-13.22.13:616][500]LogModuleManager: Shutting down and abandoning module Android_DXTTargetPlatform (31)
[2016.03.21-13.22.13:616][500]LogModuleManager: Shutting down and abandoning module Android_ATCTargetPlatform (30)
[2016.03.21-13.22.13:616][500]LogModuleManager: Shutting down and abandoning module Android_ASTCTargetPlatform (29)
[2016.03.21-13.22.13:616][500]LogModuleManager: Shutting down and abandoning module AndroidTargetPlatform (28)
[2016.03.21-13.22.13:616][500]LogModuleManager: Shutting down and abandoning module WindowsTargetPlatform (27)
[2016.03.21-13.22.13:616][500]LogModuleManager: Shutting down and abandoning module WindowsServerTargetPlatform (26)
[2016.03.21-13.22.13:616][500]LogModuleManager: Shutting down and abandoning module WindowsNoEditorTargetPlatform (25)
[2016.03.21-13.22.13:616][500]LogModuleManager: Shutting down and abandoning module WindowsClientTargetPlatform (24)
[2016.03.21-13.22.13:616][500]LogModuleManager: Shutting down and abandoning module AllDesktopTargetPlatform (23)
[2016.03.21-13.22.13:616][500]LogModuleManager: Shutting down and abandoning module TargetPlatform (22)
[2016.03.21-13.22.13:616][500]LogModuleManager: Shutting down and abandoning module InputCore (21)
[2016.03.21-13.22.13:616][500]LogModuleManager: Shutting down and abandoning module Settings (20)
[2016.03.21-13.22.13:616][500]LogModuleManager: Shutting down and abandoning module OnlineSubsystem (18)
[2016.03.21-13.22.13:616][500]LogModuleManager: Shutting down and abandoning module HTTP (17)
[2016.03.21-13.22.14:618][500]LogModuleManager: Shutting down and abandoning module XMPP (16)
[2016.03.21-13.22.14:618][500]LogModuleManager: Shutting down and abandoning module ExampleDeviceProfileSelector (15)
[2016.03.21-13.22.14:618][500]LogModuleManager: Shutting down and abandoning module TextureCompressor (14)
[2016.03.21-13.22.14:618][500]LogModuleManager: Shutting down and abandoning module ShaderCore (13)
[2016.03.21-13.22.14:618][500]LogModuleManager: Shutting down and abandoning module Landscape (12)
[2016.03.21-13.22.14:618][500]LogModuleManager: Shutting down and abandoning module SlateRHIRenderer (11)
[2016.03.21-13.22.14:619][500]LogModuleManager: Shutting down and abandoning module OpenGLDrv (10)
[2016.03.21-13.22.14:619][500]LogModuleManager: Shutting down and abandoning module D3D11RHI (9)
[2016.03.21-13.22.14:619][500]LogModuleManager: Shutting down and abandoning module AnimGraphRuntime (8)
[2016.03.21-13.22.14:619][500]LogModuleManager: Shutting down and abandoning module Renderer (7)
[2016.03.21-13.22.14:619][500]LogModuleManager: Shutting down and abandoning module Engine (6)
[2016.03.21-13.22.14:619][500]LogModuleManager: Shutting down and abandoning module CoreUObject (5)
[2016.03.21-13.22.14:619][500]LogModuleManager: Shutting down and abandoning module NetworkFile (4)
[2016.03.21-13.22.14:619][500]LogModuleManager: Shutting down and abandoning module StreamingFile (3)
[2016.03.21-13.22.14:619][500]LogModuleManager: Shutting down and abandoning module SandboxFile (2)
[2016.03.21-13.22.14:619][500]LogModuleManager: Shutting down and abandoning module PakFile (1)
[2016.03.21-13.22.14:619][500]LogExit: Exiting.
[2016.03.21-13.22.14:641][500]Log file closed, 03/21/16 14:22:14
