[2016.03.20-14.04.27:051][  0]Log file open, 03/20/16 15:04:27
[2016.03.20-14.04.27:051][  0]LogInit:Display: Running engine for game: TheBeginning
[2016.03.20-14.04.27:051][  0]LogInit:Display: RandInit(-1699030715) SRandInit(-1699030714).
[2016.03.20-14.04.27:052][  0]LogTaskGraph: Started task graph with 4 named threads and 7 total threads.
[2016.03.20-14.04.27:053][  0]LogStats: Stats thread started at 0.195733
[2016.03.20-14.04.27:053][  0]LogInit: Version: 4.9.2-2707645+++depot+UE4-Releases+4.9
[2016.03.20-14.04.27:054][  0]LogInit: API Version: 2672455
[2016.03.20-14.04.27:054][  0]LogInit: Compiled (64-bit): Sep 28 2015 10:25:44
[2016.03.20-14.04.27:055][  0]LogInit: Compiled with Visual C++: 18.00.21005.01
[2016.03.20-14.04.27:056][  0]LogInit: Build Configuration: Development
[2016.03.20-14.04.27:056][  0]LogInit: Branch Name: ++depot+UE4-Releases+4.9
[2016.03.20-14.04.27:057][  0]LogInit: Command line: 
[2016.03.20-14.04.27:058][  0]LogInit: Base directory: C:/Program Files (x86)/Epic Games/4.9/Engine/Binaries/Win64/
[2016.03.20-14.04.27:058][  0]LogInit: Rocket: 1
[2016.03.20-14.04.27:092][  0]LogInit: Using libcurl 7.41.0
[2016.03.20-14.04.27:093][  0]LogInit:  - built for x86_64-pc-win32
[2016.03.20-14.04.27:094][  0]LogInit:  - supports SSL with WinSSL
[2016.03.20-14.04.27:094][  0]LogInit:  - other features:
[2016.03.20-14.04.27:095][  0]LogInit:      CURL_VERSION_SSL
[2016.03.20-14.04.27:095][  0]LogInit:      CURL_VERSION_IPV6
[2016.03.20-14.04.27:096][  0]LogInit:      CURL_VERSION_ASYNCHDNS
[2016.03.20-14.04.27:097][  0]LogInit:      CURL_VERSION_LARGEFILE
[2016.03.20-14.04.27:097][  0]LogInit:      CURL_VERSION_IDN
[2016.03.20-14.04.27:098][  0]LogInit:  CurlRequestOptions (configurable via config and command line):
[2016.03.20-14.04.27:099][  0]LogInit:  - bVerifyPeer = true  - Libcurl will verify peer certificate
[2016.03.20-14.04.27:099][  0]LogInit:  - bUseHttpProxy = false  - Libcurl will NOT use HTTP proxy
[2016.03.20-14.04.27:100][  0]LogInit:  - bDontReuseConnections = false  - Libcurl will reuse connections
[2016.03.20-14.04.27:101][  0]LogInit:  - CertBundlePath = nullptr  - Libcurl will use whatever was configured at build time.
[2016.03.20-14.04.27:156][  0]LogInit: Presizing for 0 objects not considered by GC, pre-allocating 0 bytes.
[2016.03.20-14.04.27:173][  0]LogInit: Object subsystem initialized
[2016.03.20-14.04.27:178][  0]LogInit: Selected Device Profile: [Windows]
[2016.03.20-14.04.27:179][  0]LogInit: Applying CVar settings loaded from the selected device profile: [Windows]
[2016.03.20-14.04.27:196][  0]LogInit: Computer: DESKTOP-I563IRF
[2016.03.20-14.04.27:197][  0]LogInit: User: CaptainAmerica
[2016.03.20-14.04.27:198][  0]LogInit: CPU Page size=4096, Cores=4
[2016.03.20-14.04.27:198][  0]LogInit: High frequency timer resolution =2.531254 MHz
[2016.03.20-14.04.27:199][  0]LogMemory: Memory total: Physical=15.8GB (16GB approx)
[2016.03.20-14.04.27:200][  0]LogMemory: Platform Memory Stats for Windows
[2016.03.20-14.04.27:201][  0]LogMemory: Process Physical Memory: 55.17 MB used, 55.17 MB peak
[2016.03.20-14.04.27:201][  0]LogMemory: Process Virtual Memory: 56.53 MB used, 56.53 MB peak
[2016.03.20-14.04.27:202][  0]LogMemory: Physical Memory: 3562.20 MB used, 16205.89 MB total
[2016.03.20-14.04.27:203][  0]LogMemory: Virtual Memory: 368.95 MB used, 134217728.00 MB total
[2016.03.20-14.04.27:686][  0]LogTextLocalizationManager: No translations for ('de-DE') exist, falling back to 'en' for localization and internationalization data.
[2016.03.20-14.04.29:222][  0]LogD3D11RHI: Found D3D11 adapter 0: NVIDIA GeForce GTX 970M    (Feature Level 11_0)
[2016.03.20-14.04.29:223][  0]LogD3D11RHI: Adapter has 2988MB of dedicated video memory, 0MB of dedicated system memory, and 8102MB of shared system memory, 1 output[s]
[2016.03.20-14.04.29:254][  0]LogD3D11RHI: Found D3D11 adapter 1: Intel(R) HD Graphics 530 (Feature Level 11_0)
[2016.03.20-14.04.29:254][  0]LogD3D11RHI: Adapter has 128MB of dedicated video memory, 0MB of dedicated system memory, and 8102MB of shared system memory, 0 output[s]
[2016.03.20-14.04.29:262][  0]LogD3D11RHI: Found D3D11 adapter 2: Microsoft Basic Render Driver (Feature Level 11_0)
[2016.03.20-14.04.29:262][  0]LogD3D11RHI: Adapter has 0MB of dedicated video memory, 0MB of dedicated system memory, and 8102MB of shared system memory, 0 output[s]
[2016.03.20-14.04.29:263][  0]LogD3D11RHI: Chosen D3D11 Adapter Id = 0
[2016.03.20-14.04.29:270][  0]LogD3D11RHI: !Direct3DDevice
[2016.03.20-14.04.29:271][  0]LogRHI: Texture pool is 1361 MB (70% of 1945 MB)
[2016.03.20-14.04.29:432][  0]LogD3D11RHI: Async texture creation enabled
[2016.03.20-14.04.29:447][  0]LogShaderCompilers: Guid format shader working directory is 15 characters bigger than the processId version (../../../../../../Users/CaptainAmerica/Desktop/Uni/GE_Project - Kopie/Intermediate/Shaders/WorkingDirectory/4488/).
[2016.03.20-14.04.29:448][  0]LogShaderCompilers: Cleaned the shader compiler working directory '../../../../../../Users/CaptainAmerica/Desktop/Uni/GE_Project - Kopie/Intermediate/Shaders/tmp/8434208541CB5DE4B2ECEE9F462C4E35/'.
[2016.03.20-14.04.29:449][  0]LogShaderCompilers:Display: Using Local Shader Compiler.
[2016.03.20-14.04.31:197][  0]LogTemp:Display: Loaded TP AllDesktopTargetPlatform
[2016.03.20-14.04.31:224][  0]LogTemp:Display: Loaded TP WindowsClientTargetPlatform
[2016.03.20-14.04.31:250][  0]LogTemp:Display: Loaded TP WindowsNoEditorTargetPlatform
[2016.03.20-14.04.31:275][  0]LogTemp:Display: Loaded TP WindowsServerTargetPlatform
[2016.03.20-14.04.31:301][  0]LogTemp:Display: Loaded TP WindowsTargetPlatform
[2016.03.20-14.04.31:313][  0]LogTemp:Display: Loaded TP AndroidTargetPlatform
[2016.03.20-14.04.31:324][  0]LogTemp:Display: Loaded TP Android_ASTCTargetPlatform
[2016.03.20-14.04.31:337][  0]LogTemp:Display: Loaded TP Android_ATCTargetPlatform
[2016.03.20-14.04.31:349][  0]LogTemp:Display: Loaded TP Android_DXTTargetPlatform
[2016.03.20-14.04.31:363][  0]LogTemp:Display: Loaded TP Android_ETC1TargetPlatform
[2016.03.20-14.04.31:377][  0]LogTemp:Display: Loaded TP Android_ETC2TargetPlatform
[2016.03.20-14.04.31:390][  0]LogTemp:Display: Loaded TP Android_PVRTCTargetPlatform
[2016.03.20-14.04.31:398][  0]LogTemp:Display: Loaded TP HTML5TargetPlatform
[2016.03.20-14.04.31:450][  0]LogTemp:Display: Loaded TP IOSTargetPlatform
[2016.03.20-14.04.31:462][  0]LogTemp:Display: Loaded TP LinuxNoEditorTargetPlatform
[2016.03.20-14.04.31:475][  0]LogTemp:Display: Loaded TP LinuxServerTargetPlatform
[2016.03.20-14.04.31:490][  0]LogTemp:Display: Loaded TP LinuxTargetPlatform
[2016.03.20-14.04.31:490][  0]LogTargetPlatformManager:Display: Building Assets For Windows
[2016.03.20-14.04.31:855][  0]LogDerivedDataCache:Display: Max Cache Size: 512 MB
[2016.03.20-14.04.31:924][  0]LogDerivedDataCache: Loaded boot cache 0.07s 41MB C:/Users/CaptainAmerica/AppData/Local/UnrealEngine/4.9/DerivedDataCache/Boot.ddc.
[2016.03.20-14.04.31:924][  0]LogDerivedDataCache:Display: Loaded Boot cache: C:/Users/CaptainAmerica/AppData/Local/UnrealEngine/4.9/DerivedDataCache/Boot.ddc
[2016.03.20-14.04.31:925][  0]LogDerivedDataCache: FDerivedDataBackendGraph:  Pak pak cache file ../../../../../../Users/CaptainAmerica/Desktop/Uni/GE_Project - Kopie/DerivedDataCache/DDC.ddp not found, will not use a pak cache.
[2016.03.20-14.04.31:926][  0]LogDerivedDataCache: Unable to find inner node Pak for hierarchical cache Hierarchy.
[2016.03.20-14.04.31:927][  0]LogDerivedDataCache: FDerivedDataBackendGraph:  CompressedPak pak cache file ../../../../../../Users/CaptainAmerica/Desktop/Uni/GE_Project - Kopie/DerivedDataCache/Compressed.ddp not found, will not use a pak cache.
[2016.03.20-14.04.31:927][  0]LogDerivedDataCache: Unable to find inner node CompressedPak for hierarchical cache Hierarchy.
[2016.03.20-14.04.32:175][  0]LogDerivedDataCache:Display: Pak cache opened for reading ../../../Engine/DerivedDataCache/Compressed.ddp.
[2016.03.20-14.04.32:189][  0]LogDerivedDataCache: Using Local data cache path C:/Users/CaptainAmerica/AppData/Local/UnrealEngine/Common/DerivedDataCache: Writable
[2016.03.20-14.04.32:490][  0]LogInit: Selected Device Profile: [Windows]
[2016.03.20-14.04.32:495][  0]LogContentStreaming: Texture pool size is 0.000000MB
[2016.03.20-14.04.32:723][  0]LogMeshUtilities: No automatic mesh reduction module available
[2016.03.20-14.04.32:724][  0]LogMeshUtilities: No automatic mesh merging module available
[2016.03.20-14.04.33:161][  0]LogInit: WinSock: version 1.1 (2.2), MaxSocks=32767, MaxUdp=65467
[2016.03.20-14.04.34:807][  0]UdpMessaging: Initializing bridge on interface 0.0.0.0:0 to multicast group 230.0.0.1:6666.
[2016.03.20-14.04.35:091][  0]LogAssetRegistry: FAssetRegistry took 0.0121 seconds to start up
[2016.03.20-14.04.35:612][  0]SourceControl: Info Source control is disabled
[2016.03.20-14.04.35:614][  0]SourceControl: Info Source control is disabled
[2016.03.20-14.04.35:643][  0]SourceControl: Info Source control is disabled
[2016.03.20-14.04.35:678][  0]SourceControl: Info Source control is disabled
[2016.03.20-14.04.36:008][  0]LogLinker:Warning: Asset '../../../Engine/Plugins/Runtime/LeapMotionController/Content/LM_PassthroughMaterial.uasset' has been saved with empty engine version. The asset will be loaded but may be incompatible.
[2016.03.20-14.04.36:197][  0]LogObj: 28448 objects as part of root set at end of initial load.
[2016.03.20-14.04.36:198][  0]LogUObjectAllocator: 6092176 out of 0 bytes used by permanent object pool.
[2016.03.20-14.04.36:330][  0]LogEngine: Initializing Engine...
[2016.03.20-14.04.36:335][  0]LogHMD: Can't find Oculus library dev build: is proper Runtime installed? Version: 0.7.0.0
[2016.03.20-14.04.36:339][  0]LogHMD: SteamVR failed to initialize.  Err: 110
[2016.03.20-14.04.36:576][  0]LogAIModule: Creating AISystem for world NewWorld
[2016.03.20-14.04.36:593][  0]LogInit: XAudio2 using 'Lautsprecher (Realtek High Definition Audio)' : 2 channels at 48 kHz using 32 bits per sample (channel mask 0x3)
[2016.03.20-14.04.36:641][  0]LogInit: FAudioDevice initialized.
[2016.03.20-14.04.36:670][  0]LogDerivedDataCache: Saved boot cache 0.03s 41MB C:/Users/CaptainAmerica/AppData/Local/UnrealEngine/4.9/DerivedDataCache/Boot.ddc.
[2016.03.20-14.04.36:678][  0]LogInit: Texture streaming: Enabled
[2016.03.20-14.04.36:706][  0]LogAnalytics: Creating configured Analytics provider AnalyticsET
[2016.03.20-14.04.36:707][  0]LogAnalytics: [UEEditor.Rocket.Release] APIServer = http://et2.epicgames.com/ET2/. AppVersion = 4.9.2-2707645+++depot+UE4-Releases+4.9
[2016.03.20-14.04.36:708][  0]LogAnalytics: [UEEditor.Rocket.Release] SetUserId cf13bd144fda46388eb9608560661132|81f01d6b67df48cfa9231b1643757103|89657b24-a756-40fe-95bd-5a575f0e3948
[2016.03.20-14.04.36:708][  0]LogAnalytics: [UEEditor.Rocket.Release] AnalyticsET::StartSession
[2016.03.20-14.04.36:744][  0]LogInit: Transaction tracking system initialized
[2016.03.20-14.04.36:898][  0]BlueprintLog: New page: Editor Load
[2016.03.20-14.04.37:485][  0]LocalizationService: Info Localization service is disabled
[2016.03.20-14.04.37:782][  0]LogConsoleResponse:Display: 
[2016.03.20-14.04.37:975][  0]LogCook:Display: Done creating registry. It took  0.00s.
[2016.03.20-14.04.38:262][  0]LogFileCache: Scanning file cache for directory 'C:/Users/CaptainAmerica/Desktop/Uni/GE_Project - Kopie/Content/' took 0.02s
[2016.03.20-14.04.38:263][  0]SourceControl: Info Source control is disabled
[2016.03.20-14.04.38:264][  0]Cmd: MAP LOAD FILE="../../../../../../Users/CaptainAmerica/Desktop/Uni/GE_Project - Kopie/Content/StarterContent/Maps/Minimal_Default.umap" TEMPLATE=0 SHOWPROGRESS=1 FEATURELEVEL=3
[2016.03.20-14.04.38:265][  0]LightingResults: New page: Lighting Build
[2016.03.20-14.04.38:271][  0]MapCheck: New page: Map Check
[2016.03.20-14.04.38:272][  0]LightingResults: New page: Lighting Build
[2016.03.20-14.04.38:287][  0]LogParticles: Destroying 0 GPU particle simulations for FXSystem 0x0000029E8DD4E160
[2016.03.20-14.04.38:866][  0]LogAIModule: Creating AISystem for world Minimal_Default
[2016.03.20-14.04.38:879][  0]LogEditorServer: Finished looking for orphan Actors (0.000 secs)
[2016.03.20-14.04.38:881][  0]Cmd: MAP CHECKDEP NOCLEARLOG
[2016.03.20-14.04.38:962][  0]MapCheck: Info Map check complete: 0 Error(s), 0 Warning(s), took 80.112ms to complete.
[2016.03.20-14.04.38:963][  0]LogFileHelpers: Loading map 'Minimal_Default' took 0.700
[2016.03.20-14.04.39:159][  0]LogCollectionManager: Loaded 0 collections in 0.004550 seconds
[2016.03.20-14.04.39:218][  0]LogFileCache: Scanning file cache for directory 'C:/Users/CaptainAmerica/Desktop/Uni/GE_Project - Kopie/Saved/Collections/' took 0.01s
[2016.03.20-14.04.39:219][  0]LogFileCache: Scanning file cache for directory 'C:/Users/CaptainAmerica/Desktop/Uni/GE_Project - Kopie/Content/Developers/CaptainAmerica/Collections/' took 0.01s
[2016.03.20-14.04.39:220][  0]LogFileCache: Scanning file cache for directory 'C:/Users/CaptainAmerica/Desktop/Uni/GE_Project - Kopie/Content/Collections/' took 0.01s
[2016.03.20-14.04.39:220][  0]LogContentBrowser: Native class hierarchy populated in 0.0147 seconds. Added 1875 classes and 335 folders.
[2016.03.20-14.04.39:231][  0]LogCollectionManager: Rebuilt the GUID cache for 0 collections in 0.000004 seconds
[2016.03.20-14.04.39:252][  0]LogContentBrowser: Native class hierarchy updated for 'WidgetCarousel' in 0.0074 seconds. Added 0 classes and 0 folders.
[2016.03.20-14.04.39:401][  0]LogContentBrowser: Native class hierarchy updated for 'AddContentDialog' in 0.0038 seconds. Added 0 classes and 0 folders.
[2016.03.20-14.04.39:437][  0]LogContentBrowser: Native class hierarchy updated for 'SceneOutliner' in 0.0039 seconds. Added 1 classes and 2 folders.
[2016.03.20-14.04.39:501][  0]LogCrashTracker: Crashtracker disabled due to settings.
[2016.03.20-14.04.39:509][  0]LogUObjectGlobals:Warning: Failed to find object 'Class None.'
[2016.03.20-14.04.39:536][  0]LogLoad: Full Startup: 14.16 seconds (BP compile: 0.07 seconds)
[2016.03.20-14.04.39:615][  0]LogContentStreaming: Texture pool size now 1000 MB
[2016.03.20-14.04.39:821][  0]LogRenderer: Reallocating scene render targets to support 964x436 (Frame:2).
[2016.03.20-14.04.40:433][  5]LogAssetRegistry: Asset discovery search completed in 5.3531 seconds
[2016.03.20-14.04.40:434][  5]LogCollectionManager: Rebuilt the object cache for 0 collections in 0.000001 seconds (found 0 objects)
[2016.03.20-14.04.40:434][  5]LogCollectionManager: Fixed up redirectors for 0 collections in 0.000842 seconds (updated 0 objects)
[2016.03.20-14.04.45:577][290]LogBlueprint:Warning: [compiler Ue4ASP_Character] Warning Input Axis Event references unknown Axis 'LookUp' for  InputAxis LookUp 
[2016.03.20-14.04.45:579][290]LogBlueprint:Warning: [compiler Ue4ASP_Character] Warning Input Axis Event references unknown Axis 'Turn' for  InputAxis Turn 
[2016.03.20-14.04.45:580][290]LogBlueprint:Warning: [compiler Ue4ASP_Character] Warning Input Axis Event references unknown Axis 'MoveRight' for  InputAxis MoveRight 
[2016.03.20-14.04.45:581][290]LogBlueprint:Warning: [compiler Ue4ASP_Character] Warning Input Axis Event references unknown Axis 'MoveForward' for  InputAxis MoveForward 
[2016.03.20-14.04.45:587][290]LogBlueprint:Warning: [compiler Ue4ASP_Character] Warning [0020.21] Compile of Ue4ASP_Character successful, but with 4 Warning(s) [in 16 ms]
[2016.03.20-14.04.45:588][290]LogBlueprint:Warning: [compiler Ue4ASP_Character] Warning [0020.21] Compile of Ue4ASP_Character successful, but with 5 Warning(s) [in 0 ms]
[2016.03.20-14.04.45:589][290]LogBlueprint:Warning: [compiler Ue4ASP_Character] Warning [0020.21] Compile of Ue4ASP_Character successful, but with 6 Warning(s) [in 0 ms]
[2016.03.20-14.04.45:702][290]LogBlueprint:Warning: [compiler Ue4ASP_Character] Warning Input Axis Event references unknown Axis 'LookUp' for  InputAxis LookUp 
[2016.03.20-14.04.45:703][290]LogBlueprint:Warning: [compiler Ue4ASP_Character] Warning Input Axis Event references unknown Axis 'Turn' for  InputAxis Turn 
[2016.03.20-14.04.45:705][290]LogBlueprint:Warning: [compiler Ue4ASP_Character] Warning Input Axis Event references unknown Axis 'MoveRight' for  InputAxis MoveRight 
[2016.03.20-14.04.45:706][290]LogBlueprint:Warning: [compiler Ue4ASP_Character] Warning Input Axis Event references unknown Axis 'MoveForward' for  InputAxis MoveForward 
[2016.03.20-14.04.45:711][290]LogBlueprint:Warning: [compiler Ue4ASP_Character] Warning [0020.34] Compile of Ue4ASP_Character successful, but with 4 Warning(s) [in 16 ms]
[2016.03.20-14.04.45:712][290]LogBlueprint:Warning: [compiler Ue4ASP_Character] Warning [0020.34] Compile of Ue4ASP_Character successful, but with 5 Warning(s) [in 0 ms]
[2016.03.20-14.04.45:714][290]LogBlueprint:Warning: [compiler Ue4ASP_Character] Warning [0020.34] Compile of Ue4ASP_Character successful, but with 6 Warning(s) [in 0 ms]
[2016.03.20-14.04.46:891][290]LogAIModule: Creating AISystem for world MyFirstLevel
[2016.03.20-14.04.46:908][290]LogParticles:Warning: InitializeSystem called on an unregistered component. Template=/Game/Snow.Snow Component=/Game/MyFirstLevel.MyFirstLevel:PersistentLevel.Snow_2.ParticleSystemComponent0
[2016.03.20-14.04.46:911][290]LogParticles:Warning: InitializeSystem called on an unregistered component. Template=/Game/StarterContent/Particles/P_Fire.P_Fire Component=/Game/MyFirstLevel.MyFirstLevel:PersistentLevel.P_Fire_2.ParticleSystemComponent0
[2016.03.20-14.04.47:089][290]Cmd: MAP LOAD FILE="../../../../../../Users/CaptainAmerica/Desktop/Uni/GE_Project - Kopie/Content/MyFirstLevel.umap" TEMPLATE=0 SHOWPROGRESS=1 FEATURELEVEL=3
[2016.03.20-14.04.47:090][290]LightingResults: New page: Lighting Build
[2016.03.20-14.04.47:124][290]LoadErrors: New page: Loading map: MyFirstLevel.umap
[2016.03.20-14.04.47:126][290]MapCheck: New page: Map Check
[2016.03.20-14.04.47:126][290]LightingResults: New page: Lighting Build
[2016.03.20-14.04.47:145][290]LogParticles: Destroying 0 GPU particle simulations for FXSystem 0x0000029E812DFF60
[2016.03.20-14.04.47:397][290]LogEditorServer: Finished looking for orphan Actors (0.000 secs)
[2016.03.20-14.04.47:510][290]Cmd: MAP CHECKDEP NOCLEARLOG
[2016.03.20-14.04.47:614][290]MapCheck: Info Map check complete: 0 Error(s), 0 Warning(s), took 102.954ms to complete.
[2016.03.20-14.04.47:617][290]LogFileHelpers: Loading map 'MyFirstLevel' took 0.529
[2016.03.20-14.04.47:688][291]Cmd: UpdateLandscapeEditorData -warnings
[2016.03.20-14.04.47:699][291]Cmd: UpdateLandscapeEditorData
[2016.03.20-14.04.54:840][699]LogPlayLevel: PlayLevel: No blueprints needed recompiling
[2016.03.20-14.04.54:842][699]PIE: New page: PIE session: MyFirstLevel (Mar 20, 2016, 4:04:54 PM)
[2016.03.20-14.04.54:842][699]LogPlayLevel: Creating play world package: /Game/UEDPIE_0_MyFirstLevel
[2016.03.20-14.04.54:920][699]LogPlayLevel: PIE: StaticDuplicateObject took: (0.076608s)
[2016.03.20-14.04.54:922][699]LogAIModule: Creating AISystem for world MyFirstLevel
[2016.03.20-14.04.54:923][699]LogPlayLevel: PIE: World Init took: (0.001828s)
[2016.03.20-14.04.54:923][699]LogPlayLevel: PIE: Created PIE world by copying editor world from /Game/MyFirstLevel.MyFirstLevel to /Game/UEDPIE_0_MyFirstLevel.MyFirstLevel (0.080827s)
[2016.03.20-14.04.54:924][699]LogActorComponent: UnregisterComponent: (/Engine/Transient.CharMoveComp) Not registered. Aborting.
[2016.03.20-14.04.54:953][699]LogInit: XAudio2 using 'Lautsprecher (Realtek High Definition Audio)' : 2 channels at 48 kHz using 32 bits per sample (channel mask 0x3)
[2016.03.20-14.04.54:966][699]LogInit: FAudioDevice initialized.
[2016.03.20-14.04.55:085][699]LogWorld: Game class is 'BP_TheBeginningGameMode_C'
[2016.03.20-14.04.55:207][699]LogWorld: Bringing World /Game/UEDPIE_0_MyFirstLevel.MyFirstLevel up for play (max tick rate 60) at 2016.03.20-15.04.55
[2016.03.20-14.04.55:208][699]LogActor:Warning: GameSession /Game/UEDPIE_0_MyFirstLevel.MyFirstLevel:PersistentLevel.GameSession_0 has natively added scene component(s), but none of them were set as the actor's RootComponent - picking one arbitrarily
[2016.03.20-14.04.55:209][699]LogActor:Warning: GameNetworkManager /Game/UEDPIE_0_MyFirstLevel.MyFirstLevel:PersistentLevel.GameNetworkManager_0 has natively added scene component(s), but none of them were set as the actor's RootComponent - picking one arbitrarily
[2016.03.20-14.04.55:213][699]LogWorld: Bringing up level for play took: 0.125400
[2016.03.20-14.04.55:219][699]PIE: Info Play in editor start time for /Game/UEDPIE_0_MyFirstLevel 0.055
[2016.03.20-14.05.33:920][989]LogActorComponent: UnregisterComponent: (/Engine/Transient.CharMoveComp) Not registered. Aborting.
[2016.03.20-14.05.33:921][989]LogActorComponent: UnregisterComponent: (/Engine/Transient.ProjectileComp) Not registered. Aborting.
[2016.03.20-14.05.33:947][989]LogParticles: Destroying 0 GPU particle simulations for FXSystem 0x0000029EF18796C0
[2016.03.20-14.05.37:703][207]LogLinker:Warning: Asset '../../../Engine/Content/ArtTools/RenderToTexture/Macros/RenderToTextureMacros.uasset' has been saved with empty engine version. The asset will be loaded but may be incompatible.
[2016.03.20-14.05.38:554][207]LogContentBrowser: Native class hierarchy updated for 'BlueprintGraph' in 0.0040 seconds. Added 107 classes and 0 folders.
[2016.03.20-14.05.42:529][355]LogRenderer: Reallocating scene render targets to support 964x684 (Frame:3725).
[2016.03.20-14.05.48:508][636]LogActorComponent: UnregisterComponent: (/Engine/Transient.CharMoveComp) Not registered. Aborting.
[2016.03.20-14.05.48:509][636]LogActorComponent: UnregisterComponent: (/Engine/Transient.CharacterMovementComponent_0) Not registered. Aborting.
[2016.03.20-14.05.48:510][636]LogActorComponent: UnregisterComponent: (/Engine/Transient.ProjectileComp) Not registered. Aborting.
[2016.03.20-14.05.48:542][636]LogParticles: Destroying 0 GPU particle simulations for FXSystem 0x0000029EBC6E0D60
[2016.03.20-14.05.48:827][636]LogWindowsTextInputMethodSystem:Display: IME system now deactivated.
[2016.03.20-14.05.49:232][637]Cmd: QUIT_EDITOR
[2016.03.20-14.05.49:863][637]LogExit: Preparing to exit.
[2016.03.20-14.05.50:645][637]LogExit: Editor shut down
[2016.03.20-14.05.50:647][637]LogExit: Transaction tracking system shut down
[2016.03.20-14.05.50:649][637]LogParticles: Destroying 0 GPU particle simulations for FXSystem 0x0000029EBC6E34C0
[2016.03.20-14.05.50:650][637]LogParticles: Destroying 0 GPU particle simulations for FXSystem 0x0000029EBC6E3880
[2016.03.20-14.05.50:651][637]LogParticles: Destroying 0 GPU particle simulations for FXSystem 0x0000029E9A5F7B00
[2016.03.20-14.05.50:660][637]LogParticles: Destroying 0 GPU particle simulations for FXSystem 0x0000029E812DC2C0
[2016.03.20-14.05.50:665][637]LogParticles: Destroying 0 GPU particle simulations for FXSystem 0x0000029E9A56A200
[2016.03.20-14.05.50:927][637]LogExit: Object subsystem successfully closed.
[2016.03.20-14.05.50:958][637]LogD3D11RHI: Shutdown
[2016.03.20-14.05.50:958][637]LogD3D11RHI: CleanupD3DDevice
[2016.03.20-14.05.53:433][637]LogD3D11RHI: ~FD3D11DynamicRHI
[2016.03.20-14.05.53:469][637]LogModuleManager: Shutting down and abandoning module BlueprintGraph (199)
[2016.03.20-14.05.53:470][637]LogModuleManager: Shutting down and abandoning module CrashTracker (198)
[2016.03.20-14.05.53:470][637]LogModuleManager: Shutting down and abandoning module SceneOutliner (197)
[2016.03.20-14.05.53:471][637]LogModuleManager: Shutting down and abandoning module SuperSearch (196)
[2016.03.20-14.05.53:472][637]LogModuleManager: Shutting down and abandoning module WidgetCarousel (195)
[2016.03.20-14.05.53:473][637]LogModuleManager: Shutting down and abandoning module AddContentDialog (194)
[2016.03.20-14.05.53:475][637]LogModuleManager: Shutting down and abandoning module EditorWidgets (193)
[2016.03.20-14.05.53:476][637]LogModuleManager: Shutting down and abandoning module CollectionManager (192)
[2016.03.20-14.05.53:477][637]LogModuleManager: Shutting down and abandoning module StatsViewer (191)
[2016.03.20-14.05.53:478][637]LogModuleManager: Shutting down and abandoning module FoliageEdit (190)
[2016.03.20-14.05.53:478][637]LogModuleManager: Shutting down and abandoning module LandscapeEditor (189)
[2016.03.20-14.05.53:480][637]LogModuleManager: Shutting down and abandoning module ActorPickerMode (188)
[2016.03.20-14.05.53:481][637]LogModuleManager: Shutting down and abandoning module GeometryMode (187)
[2016.03.20-14.05.53:482][637]LogModuleManager: Shutting down and abandoning module TextureAlignMode (186)
[2016.03.20-14.05.53:482][637]LogModuleManager: Shutting down and abandoning module BspMode (185)
[2016.03.20-14.05.53:483][637]LogModuleManager: Shutting down and abandoning module PlacementMode (184)
[2016.03.20-14.05.53:484][637]LogModuleManager: Shutting down and abandoning module AutomationWorker (183)
[2016.03.20-14.05.53:485][637]LogModuleManager: Shutting down and abandoning module CharacterAI (182)
[2016.03.20-14.05.53:485][637]LogModuleManager: Shutting down and abandoning module SmartSnapping (181)
[2016.03.20-14.05.53:486][637]LogModuleManager: Shutting down and abandoning module ViewportSnapping (180)
[2016.03.20-14.05.53:486][637]LogModuleManager: Shutting down and abandoning module LogVisualizer (179)
[2016.03.20-14.05.53:487][637]LogModuleManager: Shutting down and abandoning module GameProjectGeneration (178)
[2016.03.20-14.05.53:488][637]LogModuleManager: Shutting down and abandoning module IntroTutorials (177)
[2016.03.20-14.05.53:489][637]LogModuleManager: Shutting down and abandoning module EditorLiveStreaming (176)
[2016.03.20-14.05.53:490][637]LogModuleManager: Shutting down and abandoning module IOSPlatformEditor (175)
[2016.03.20-14.05.53:490][637]LogModuleManager: Shutting down and abandoning module HTML5PlatformEditor (174)
[2016.03.20-14.05.53:491][637]LogModuleManager: Shutting down and abandoning module AndroidDeviceDetection (173)
[2016.03.20-14.05.54:208][637]LogModuleManager: Shutting down and abandoning module AndroidPlatformEditor (172)
[2016.03.20-14.05.54:209][637]LogModuleManager: Shutting down and abandoning module IOSRuntimeSettings (171)
[2016.03.20-14.05.54:211][637]LogModuleManager: Shutting down and abandoning module AndroidRuntimeSettings (170)
[2016.03.20-14.05.54:212][637]LogModuleManager: Shutting down and abandoning module MergeActors (169)
[2016.03.20-14.05.54:214][637]LogModuleManager: Shutting down and abandoning module SizeMap (168)
[2016.03.20-14.05.54:215][637]LogModuleManager: Shutting down and abandoning module TreeMap (167)
[2016.03.20-14.05.54:216][637]LogModuleManager: Shutting down and abandoning module ReferenceViewer (166)
[2016.03.20-14.05.54:216][637]LogModuleManager: Shutting down and abandoning module LocalizationService (165)
[2016.03.20-14.05.54:217][637]LogModuleManager: Shutting down and abandoning module LocalizationDashboard (164)
[2016.03.20-14.05.54:218][637]LogModuleManager: Shutting down and abandoning module HardwareTargeting (163)
[2016.03.20-14.05.54:220][637]LogModuleManager: Shutting down and abandoning module DeviceProfileEditor (162)
[2016.03.20-14.05.54:221][637]LogModuleManager: Shutting down and abandoning module UndoHistory (161)
[2016.03.20-14.05.54:222][637]LogModuleManager: Shutting down and abandoning module GameplayTagsEditor (160)
[2016.03.20-14.05.54:223][637]LogModuleManager: Shutting down and abandoning module UserFeedback (159)
[2016.03.20-14.05.54:224][637]LogModuleManager: Shutting down and abandoning module XmlParser (158)
[2016.03.20-14.05.54:226][637]LogModuleManager: Shutting down and abandoning module Blutility (157)
[2016.03.20-14.05.54:227][637]LogModuleManager: Shutting down and abandoning module ProjectTargetPlatformEditor (156)
[2016.03.20-14.05.54:230][637]LogModuleManager: Shutting down and abandoning module ProjectSettingsViewer (155)
[2016.03.20-14.05.54:231][637]LogModuleManager: Shutting down and abandoning module InputBindingEditor (154)
[2016.03.20-14.05.54:232][637]LogModuleManager: Shutting down and abandoning module EditorSettingsViewer (153)
[2016.03.20-14.05.54:233][637]LogModuleManager: Shutting down and abandoning module SettingsEditor (152)
[2016.03.20-14.05.54:234][637]LogModuleManager: Shutting down and abandoning module ProjectLauncher (151)
[2016.03.20-14.05.54:235][637]LogModuleManager: Shutting down and abandoning module SessionFrontend (150)
[2016.03.20-14.05.54:237][637]LogModuleManager: Shutting down and abandoning module ProfilerClient (149)
[2016.03.20-14.05.54:238][637]LogModuleManager: Shutting down and abandoning module TargetDeviceServices (148)
[2016.03.20-14.05.54:239][637]LogModuleManager: Shutting down and abandoning module DeviceManager (147)
[2016.03.20-14.05.54:240][637]LogModuleManager: Shutting down and abandoning module AutomationController (146)
[2016.03.20-14.05.54:241][637]LogModuleManager: Shutting down and abandoning module AutomationWindow (145)
[2016.03.20-14.05.54:242][637]LogModuleManager: Shutting down and abandoning module Layers (144)
[2016.03.20-14.05.54:244][637]LogModuleManager: Shutting down and abandoning module ComponentVisualizers (143)
[2016.03.20-14.05.54:245][637]LogModuleManager: Shutting down and abandoning module DetailCustomizations (142)
[2016.03.20-14.05.54:245][637]LogModuleManager: Shutting down and abandoning module PackagesDialog (141)
[2016.03.20-14.05.54:246][637]LogModuleManager: Shutting down and abandoning module Persona (140)
[2016.03.20-14.05.54:248][637]LogModuleManager: Shutting down and abandoning module Kismet (139)
[2016.03.20-14.05.54:249][637]LogModuleManager: Shutting down and abandoning module GraphEditor (138)
[2016.03.20-14.05.54:249][637]LogModuleManager: Shutting down and abandoning module ClassViewer (137)
[2016.03.20-14.05.54:250][637]LogModuleManager: Shutting down and abandoning module Toolbox (136)
[2016.03.20-14.05.54:251][637]LogModuleManager: Shutting down and abandoning module ModuleUI (135)
[2016.03.20-14.05.54:252][637]LogModuleManager: Shutting down and abandoning module MovieSceneTools (134)
[2016.03.20-14.05.54:252][637]LogModuleManager: Shutting down and abandoning module OutputLog (133)
[2016.03.20-14.05.54:253][637]LogModuleManager: Shutting down and abandoning module GammaUI (132)
[2016.03.20-14.05.54:254][637]LogModuleManager: Shutting down and abandoning module Documentation (131)
[2016.03.20-14.05.54:255][637]LogModuleManager: Shutting down and abandoning module GameLiveStreaming (130)
[2016.03.20-14.05.54:256][637]LogModuleManager: Shutting down and abandoning module StreamingPauseRendering (129)
[2016.03.20-14.05.54:257][637]LogModuleManager: Shutting down and abandoning module AnalyticsET (128)
[2016.03.20-14.05.54:257][637]LogModuleManager: Shutting down and abandoning module Analytics (127)
[2016.03.20-14.05.54:258][637]LogModuleManager: Shutting down and abandoning module AITestSuite (126)
[2016.03.20-14.05.54:259][637]LogModuleManager: Shutting down and abandoning module GameplayDebugger (125)
[2016.03.20-14.05.54:259][637]LogModuleManager: Shutting down and abandoning module AIModule (124)
[2016.03.20-14.05.54:260][637]LogModuleManager: Shutting down and abandoning module ProfilerService (123)
[2016.03.20-14.05.54:334][637]LogModuleManager: Shutting down and abandoning module TaskGraph (122)
[2016.03.20-14.05.54:335][637]LogModuleManager: Shutting down and abandoning module SlateRemote (121)
[2016.03.20-14.05.54:336][637]LogModuleManager: Shutting down and abandoning module SteamVRController (120)
[2016.03.20-14.05.54:336][637]LogModuleManager: Shutting down and abandoning module SteamVR (119)
[2016.03.20-14.05.54:337][637]LogModuleManager: Shutting down and abandoning module ProceduralMeshComponent (118)
[2016.03.20-14.05.54:338][637]LogModuleManager: Shutting down and abandoning module OculusRift (117)
[2016.03.20-14.05.54:339][637]LogModuleManager: Shutting down and abandoning module OculusLibrary (116)
[2016.03.20-14.05.54:340][637]LogModuleManager: Shutting down and abandoning module LeapMotionController (115)
[2016.03.20-14.05.54:367][637]LogModuleManager: Shutting down and abandoning module CustomMeshComponent (114)
[2016.03.20-14.05.54:369][637]LogModuleManager: Shutting down and abandoning module CableComponent (113)
[2016.03.20-14.05.54:370][637]LogModuleManager: Shutting down and abandoning module ArchVisCharacter (112)
[2016.03.20-14.05.54:371][637]LogModuleManager: Shutting down and abandoning module MessagingDebugger (111)
[2016.03.20-14.05.54:372][637]LogModuleManager: Shutting down and abandoning module MediaPlayerEditor (110)
[2016.03.20-14.05.54:373][637]LogModuleManager: Shutting down and abandoning module HTML5Networking (109)
[2016.03.20-14.05.54:374][637]LogModuleManager: Shutting down and abandoning module SpeedTreeImporter (108)
[2016.03.20-14.05.54:375][637]LogModuleManager: Shutting down and abandoning module PluginBrowser (107)
[2016.03.20-14.05.54:375][637]LogModuleManager: Shutting down and abandoning module EpicSurvey (106)
[2016.03.20-14.05.54:376][637]LogModuleManager: Shutting down and abandoning module DesktopPlatform (105)
[2016.03.20-14.05.54:377][637]LogModuleManager: Shutting down and abandoning module VisualStudioSourceCodeAccess (104)
[2016.03.20-14.05.54:378][637]LogModuleManager: Shutting down and abandoning module UObjectPlugin (103)
[2016.03.20-14.05.54:379][637]LogModuleManager: Shutting down and abandoning module SubversionSourceControl (102)
[2016.03.20-14.05.54:379][637]LogModuleManager: Shutting down and abandoning module PerforceSourceControl (101)
[2016.03.20-14.05.54:380][637]LogModuleManager: Shutting down and abandoning module SourceControl (100)
[2016.03.20-14.05.54:381][637]LogModuleManager: Shutting down and abandoning module GitSourceControl (99)
[2016.03.20-14.05.54:382][637]LogModuleManager: Shutting down and abandoning module LightPropagationVolumeEditor (98)
[2016.03.20-14.05.54:382][637]LogModuleManager: Shutting down and abandoning module PaperTiledImporter (97)
[2016.03.20-14.05.54:383][637]LogModuleManager: Shutting down and abandoning module PaperSpriteSheetImporter (96)
[2016.03.20-14.05.54:384][637]LogModuleManager: Shutting down and abandoning module MeshPaint (95)
[2016.03.20-14.05.54:385][637]LogModuleManager: Shutting down and abandoning module SlateReflector (94)
[2016.03.20-14.05.54:386][637]LogModuleManager: Shutting down and abandoning module HotReload (93)
[2016.03.20-14.05.54:387][637]LogModuleManager: Shutting down and abandoning module MainFrame (92)
[2016.03.20-14.05.54:388][637]LogModuleManager: Shutting down and abandoning module LevelEditor (91)
[2016.03.20-14.05.54:390][637]LogModuleManager: Shutting down and abandoning module DirectoryWatcher (90)
[2016.03.20-14.05.54:392][637]LogModuleManager: Shutting down and abandoning module AssetRegistry (89)
[2016.03.20-14.05.54:511][637]LogModuleManager: Shutting down and abandoning module ContentBrowser (88)
[2016.03.20-14.05.54:513][637]LogModuleManager: Shutting down and abandoning module Paper2DEditor (87)
[2016.03.20-14.05.54:514][637]LogModuleManager: Shutting down and abandoning module TheBeginning (86)
[2016.03.20-14.05.54:515][637]LogModuleManager: Shutting down and abandoning module UdpMessaging (85)
[2016.03.20-14.05.54:616][637]LogModuleManager: Shutting down and abandoning module LightPropagationVolumeRuntime (84)
[2016.03.20-14.05.54:617][637]LogModuleManager: Shutting down and abandoning module Paper2D (83)
[2016.03.20-14.05.54:618][637]LogModuleManager: Shutting down and abandoning module WindowsMoviePlayer (82)
[2016.03.20-14.05.54:623][637]LogModuleManager: Shutting down and abandoning module Media (81)
[2016.03.20-14.05.54:624][637]LogModuleManager: Shutting down and abandoning module WmfMedia (80)
[2016.03.20-14.05.54:625][637]LogModuleManager: Shutting down and abandoning module OnlineBlueprintSupport (79)
[2016.03.20-14.05.54:626][637]LogModuleManager: Shutting down and abandoning module GameplayTasksEditor (78)
[2016.03.20-14.05.54:627][637]LogModuleManager: Shutting down and abandoning module PropertyEditor (77)
[2016.03.20-14.05.54:627][637]LogModuleManager: Shutting down and abandoning module BehaviorTreeEditor (76)
[2016.03.20-14.05.54:628][637]LogModuleManager: Shutting down and abandoning module FunctionalTesting (75)
[2016.03.20-14.05.54:629][637]LogModuleManager: Shutting down and abandoning module CollisionAnalyzer (74)
[2016.03.20-14.05.54:630][637]LogModuleManager: Shutting down and abandoning module WorkspaceMenuStructure (73)
[2016.03.20-14.05.54:630][637]LogModuleManager: Shutting down and abandoning module MessageLog (72)
[2016.03.20-14.05.54:631][637]LogModuleManager: Shutting down and abandoning module Sequencer (71)
[2016.03.20-14.05.54:632][637]LogModuleManager: Shutting down and abandoning module AssetTools (70)
[2016.03.20-14.05.54:634][637]LogModuleManager: Shutting down and abandoning module UMGEditor (69)
[2016.03.20-14.05.54:635][637]LogModuleManager: Shutting down and abandoning module UMG (68)
[2016.03.20-14.05.54:636][637]LogModuleManager: Shutting down and abandoning module Slate (67)
[2016.03.20-14.05.54:636][637]LogModuleManager: Shutting down and abandoning module EditorStyle (66)
[2016.03.20-14.05.54:640][637]LogModuleManager: Shutting down and abandoning module SessionServices (65)
[2016.03.20-14.05.54:641][637]LogModuleManager: Shutting down and abandoning module SourceCodeAccess (64)
[2016.03.20-14.05.54:642][637]LogModuleManager: Shutting down and abandoning module HeadMountedDisplay (63)
[2016.03.20-14.05.54:642][637]LogModuleManager: Shutting down and abandoning module XAudio2 (62)
[2016.03.20-14.05.54:643][637]LogModuleManager: Shutting down and abandoning module Networking (60)
[2016.03.20-14.05.54:644][637]LogModuleManager: Shutting down and abandoning module Core (59)
[2016.03.20-14.05.54:644][637]LogModuleManager: Shutting down and abandoning module KismetCompiler (58)
[2016.03.20-14.05.54:645][637]LogModuleManager: Shutting down and abandoning module PhysXFormats (57)
[2016.03.20-14.05.54:646][637]LogModuleManager: Shutting down and abandoning module MeshUtilities (56)
[2016.03.20-14.05.54:646][637]LogModuleManager: Shutting down and abandoning module CookingStats (55)
[2016.03.20-14.05.54:652][637]LogModuleManager: Shutting down and abandoning module DerivedDataCache (54)
[2016.03.20-14.05.55:128][637]LogDerivedDataCache: Shutdown
[2016.03.20-14.05.55:129][637]LogModuleManager: Shutting down and abandoning module ShaderFormatOpenGL (53)
[2016.03.20-14.05.55:130][637]LogModuleManager: Shutting down and abandoning module ShaderFormatD3D (52)
[2016.03.20-14.05.55:131][637]LogModuleManager: Shutting down and abandoning module MetalShaderFormat (51)
[2016.03.20-14.05.55:132][637]LogModuleManager: Shutting down and abandoning module TextureFormatUncompressed (50)
[2016.03.20-14.05.55:133][637]LogModuleManager: Shutting down and abandoning module TextureFormatPVR (49)
[2016.03.20-14.05.55:133][637]LogModuleManager: Shutting down and abandoning module TextureFormatIntelISPCTexComp (48)
[2016.03.20-14.05.55:134][637]LogModuleManager: Shutting down and abandoning module TextureFormatDXT (47)
[2016.03.20-14.05.55:134][637]LogModuleManager: Shutting down and abandoning module ImageWrapper (46)
[2016.03.20-14.05.55:135][637]LogModuleManager: Shutting down and abandoning module TextureFormatASTC (45)
[2016.03.20-14.05.55:136][637]LogModuleManager: Shutting down and abandoning module TextureFormatAndroid (44)
[2016.03.20-14.05.55:136][637]LogModuleManager: Shutting down and abandoning module AudioFormatOpus (43)
[2016.03.20-14.05.55:137][637]LogModuleManager: Shutting down and abandoning module AudioFormatOgg (42)
[2016.03.20-14.05.55:137][637]LogModuleManager: Shutting down and abandoning module AudioFormatADPCM (41)
[2016.03.20-14.05.55:138][637]LogModuleManager: Shutting down and abandoning module LinuxTargetPlatform (40)
[2016.03.20-14.05.55:139][637]LogModuleManager: Shutting down and abandoning module LinuxServerTargetPlatform (39)
[2016.03.20-14.05.55:139][637]LogModuleManager: Shutting down and abandoning module LinuxNoEditorTargetPlatform (38)
[2016.03.20-14.05.55:140][637]LogModuleManager: Shutting down and abandoning module Messaging (37)
[2016.03.20-14.05.55:140][637]LogModuleManager: Shutting down and abandoning module IOSTargetPlatform (36)
[2016.03.20-14.05.55:141][637]LogModuleManager: Shutting down and abandoning module HTML5TargetPlatform (35)
[2016.03.20-14.05.55:141][637]LogModuleManager: Shutting down and abandoning module Android_PVRTCTargetPlatform (34)
[2016.03.20-14.05.55:142][637]LogModuleManager: Shutting down and abandoning module Android_ETC2TargetPlatform (33)
[2016.03.20-14.05.55:142][637]LogModuleManager: Shutting down and abandoning module Android_ETC1TargetPlatform (32)
[2016.03.20-14.05.55:143][637]LogModuleManager: Shutting down and abandoning module Android_DXTTargetPlatform (31)
[2016.03.20-14.05.55:143][637]LogModuleManager: Shutting down and abandoning module Android_ATCTargetPlatform (30)
[2016.03.20-14.05.55:144][637]LogModuleManager: Shutting down and abandoning module Android_ASTCTargetPlatform (29)
[2016.03.20-14.05.55:144][637]LogModuleManager: Shutting down and abandoning module AndroidTargetPlatform (28)
[2016.03.20-14.05.55:145][637]LogModuleManager: Shutting down and abandoning module WindowsTargetPlatform (27)
[2016.03.20-14.05.55:145][637]LogModuleManager: Shutting down and abandoning module WindowsServerTargetPlatform (26)
[2016.03.20-14.05.55:145][637]LogModuleManager: Shutting down and abandoning module WindowsNoEditorTargetPlatform (25)
[2016.03.20-14.05.55:146][637]LogModuleManager: Shutting down and abandoning module WindowsClientTargetPlatform (24)
[2016.03.20-14.05.55:146][637]LogModuleManager: Shutting down and abandoning module AllDesktopTargetPlatform (23)
[2016.03.20-14.05.55:147][637]LogModuleManager: Shutting down and abandoning module TargetPlatform (22)
[2016.03.20-14.05.55:147][637]LogModuleManager: Shutting down and abandoning module InputCore (21)
[2016.03.20-14.05.55:148][637]LogModuleManager: Shutting down and abandoning module Settings (20)
[2016.03.20-14.05.55:148][637]LogModuleManager: Shutting down and abandoning module OnlineSubsystem (18)
[2016.03.20-14.05.55:149][637]LogModuleManager: Shutting down and abandoning module HTTP (17)
[2016.03.20-14.05.56:153][637]LogModuleManager: Shutting down and abandoning module XMPP (16)
[2016.03.20-14.05.56:155][637]LogModuleManager: Shutting down and abandoning module ExampleDeviceProfileSelector (15)
[2016.03.20-14.05.56:156][637]LogModuleManager: Shutting down and abandoning module TextureCompressor (14)
[2016.03.20-14.05.56:157][637]LogModuleManager: Shutting down and abandoning module ShaderCore (13)
[2016.03.20-14.05.56:158][637]LogModuleManager: Shutting down and abandoning module Landscape (12)
[2016.03.20-14.05.56:159][637]LogModuleManager: Shutting down and abandoning module SlateRHIRenderer (11)
[2016.03.20-14.05.56:160][637]LogModuleManager: Shutting down and abandoning module OpenGLDrv (10)
[2016.03.20-14.05.56:162][637]LogModuleManager: Shutting down and abandoning module D3D11RHI (9)
[2016.03.20-14.05.56:162][637]LogModuleManager: Shutting down and abandoning module AnimGraphRuntime (8)
[2016.03.20-14.05.56:163][637]LogModuleManager: Shutting down and abandoning module Renderer (7)
[2016.03.20-14.05.56:163][637]LogModuleManager: Shutting down and abandoning module Engine (6)
[2016.03.20-14.05.56:164][637]LogModuleManager: Shutting down and abandoning module CoreUObject (5)
[2016.03.20-14.05.56:164][637]LogModuleManager: Shutting down and abandoning module NetworkFile (4)
[2016.03.20-14.05.56:165][637]LogModuleManager: Shutting down and abandoning module StreamingFile (3)
[2016.03.20-14.05.56:166][637]LogModuleManager: Shutting down and abandoning module SandboxFile (2)
[2016.03.20-14.05.56:166][637]LogModuleManager: Shutting down and abandoning module PakFile (1)
[2016.03.20-14.05.56:174][637]LogExit: Exiting.
[2016.03.20-14.05.56:176][637]Log file closed, 03/20/16 15:05:56
