[2016.03.17-08.42.01:329][  0]Log file open, 03/17/16 09:42:01
[2016.03.17-08.42.01:329][  0]LogInit:Display: Running engine for game: TheBeginning
[2016.03.17-08.42.01:329][  0]LogInit:Display: RandInit(133125612) SRandInit(133125612).
[2016.03.17-08.42.01:329][  0]LogTaskGraph: Started task graph with 4 named threads and 7 total threads.
[2016.03.17-08.42.01:329][  0]LogStats: Stats thread started at 0.093413
[2016.03.17-08.42.01:329][  0]LogInit: Version: 4.9.2-2707645+++depot+UE4-Releases+4.9
[2016.03.17-08.42.01:329][  0]LogInit: API Version: 2672455
[2016.03.17-08.42.01:329][  0]LogInit: Compiled (64-bit): Sep 28 2015 10:25:44
[2016.03.17-08.42.01:329][  0]LogInit: Compiled with Visual C++: 18.00.21005.01
[2016.03.17-08.42.01:329][  0]LogInit: Build Configuration: Development
[2016.03.17-08.42.01:329][  0]LogInit: Branch Name: ++depot+UE4-Releases+4.9
[2016.03.17-08.42.01:329][  0]LogInit: Command line:  
[2016.03.17-08.42.01:329][  0]LogInit: Base directory: D:/Programme/Epic Games/4.9/Engine/Binaries/Win64/
[2016.03.17-08.42.01:329][  0]LogInit: Rocket: 1
[2016.03.17-08.42.01:336][  0]LogInit: Using libcurl 7.41.0
[2016.03.17-08.42.01:336][  0]LogInit:  - built for x86_64-pc-win32
[2016.03.17-08.42.01:336][  0]LogInit:  - supports SSL with WinSSL
[2016.03.17-08.42.01:336][  0]LogInit:  - other features:
[2016.03.17-08.42.01:336][  0]LogInit:      CURL_VERSION_SSL
[2016.03.17-08.42.01:336][  0]LogInit:      CURL_VERSION_IPV6
[2016.03.17-08.42.01:336][  0]LogInit:      CURL_VERSION_ASYNCHDNS
[2016.03.17-08.42.01:336][  0]LogInit:      CURL_VERSION_LARGEFILE
[2016.03.17-08.42.01:336][  0]LogInit:      CURL_VERSION_IDN
[2016.03.17-08.42.01:336][  0]LogInit:  CurlRequestOptions (configurable via config and command line):
[2016.03.17-08.42.01:336][  0]LogInit:  - bVerifyPeer = true  - Libcurl will verify peer certificate
[2016.03.17-08.42.01:336][  0]LogInit:  - bUseHttpProxy = false  - Libcurl will NOT use HTTP proxy
[2016.03.17-08.42.01:336][  0]LogInit:  - bDontReuseConnections = false  - Libcurl will reuse connections
[2016.03.17-08.42.01:336][  0]LogInit:  - CertBundlePath = nullptr  - Libcurl will use whatever was configured at build time.
[2016.03.17-08.42.01:341][  0]LogInit: Presizing for 0 objects not considered by GC, pre-allocating 0 bytes.
[2016.03.17-08.42.01:347][  0]LogInit: Object subsystem initialized
[2016.03.17-08.42.01:348][  0]LogInit: Selected Device Profile: [Windows]
[2016.03.17-08.42.01:348][  0]LogInit: Applying CVar settings loaded from the selected device profile: [Windows]
[2016.03.17-08.42.01:356][  0]LogInit: Computer: PC1021500895
[2016.03.17-08.42.01:356][  0]LogInit: User: VR
[2016.03.17-08.42.01:356][  0]LogInit: CPU Page size=4096, Cores=4
[2016.03.17-08.42.01:356][  0]LogInit: High frequency timer resolution =3.507497 MHz
[2016.03.17-08.42.01:356][  0]LogMemory: Memory total: Physical=15.9GB (16GB approx)
[2016.03.17-08.42.01:356][  0]LogMemory: Platform Memory Stats for Windows
[2016.03.17-08.42.01:356][  0]LogMemory: Process Physical Memory: 52.69 MB used, 52.69 MB peak
[2016.03.17-08.42.01:356][  0]LogMemory: Process Virtual Memory: 58.02 MB used, 58.02 MB peak
[2016.03.17-08.42.01:356][  0]LogMemory: Physical Memory: 4631.74 MB used, 16261.17 MB total
[2016.03.17-08.42.01:356][  0]LogMemory: Virtual Memory: 349.63 MB used, 134217728.00 MB total
[2016.03.17-08.42.01:390][  0]LogTextLocalizationManager: No translations for ('de-DE') exist, falling back to 'en' for localization and internationalization data.
[2016.03.17-08.42.01:937][  0]LogD3D11RHI: Found D3D11 adapter 0: NVIDIA GeForce GTX 970 (Feature Level 11_0)
[2016.03.17-08.42.01:937][  0]LogD3D11RHI: Adapter has 3976MB of dedicated video memory, 0MB of dedicated system memory, and 8130MB of shared system memory, 1 output[s]
[2016.03.17-08.42.01:938][  0]LogD3D11RHI: Found D3D11 adapter 1: Microsoft Basic Render Driver (Feature Level 11_0)
[2016.03.17-08.42.01:938][  0]LogD3D11RHI: Adapter has 0MB of dedicated video memory, 0MB of dedicated system memory, and 256MB of shared system memory, 0 output[s]
[2016.03.17-08.42.01:938][  0]LogD3D11RHI: Chosen D3D11 Adapter Id = 0
[2016.03.17-08.42.01:942][  0]LogD3D11RHI: !Direct3DDevice
[2016.03.17-08.42.01:942][  0]LogRHI: Texture pool is 1361 MB (70% of 1945 MB)
[2016.03.17-08.42.01:951][  0]LogD3D11RHI: Async texture creation enabled
[2016.03.17-08.42.01:966][  0]LogShaderCompilers: Guid format shader working directory is 15 characters bigger than the processId version (../../../../../../UnrealProjects/GE_Project/Intermediate/Shaders/WorkingDirectory/7480/).
[2016.03.17-08.42.01:966][  0]LogShaderCompilers: Cleaned the shader compiler working directory '../../../../../../UnrealProjects/GE_Project/Intermediate/Shaders/tmp/BD17AF024FCAAEC002924396E0F4FB8C/'.
[2016.03.17-08.42.01:966][  0]LogShaderCompilers:Display: Using Local Shader Compiler.
[2016.03.17-08.42.02:760][  0]LogTemp:Display: Loaded TP AllDesktopTargetPlatform
[2016.03.17-08.42.02:764][  0]LogTemp:Display: Loaded TP WindowsClientTargetPlatform
[2016.03.17-08.42.02:767][  0]LogTemp:Display: Loaded TP WindowsNoEditorTargetPlatform
[2016.03.17-08.42.02:771][  0]LogTemp:Display: Loaded TP WindowsServerTargetPlatform
[2016.03.17-08.42.02:774][  0]LogTemp:Display: Loaded TP WindowsTargetPlatform
[2016.03.17-08.42.02:776][  0]LogTemp:Display: Loaded TP AndroidTargetPlatform
[2016.03.17-08.42.02:779][  0]LogTemp:Display: Loaded TP Android_ASTCTargetPlatform
[2016.03.17-08.42.02:781][  0]LogTemp:Display: Loaded TP Android_ATCTargetPlatform
[2016.03.17-08.42.02:784][  0]LogTemp:Display: Loaded TP Android_DXTTargetPlatform
[2016.03.17-08.42.02:786][  0]LogTemp:Display: Loaded TP Android_ETC1TargetPlatform
[2016.03.17-08.42.02:788][  0]LogTemp:Display: Loaded TP Android_ETC2TargetPlatform
[2016.03.17-08.42.02:791][  0]LogTemp:Display: Loaded TP Android_PVRTCTargetPlatform
[2016.03.17-08.42.02:792][  0]LogTemp:Display: Loaded TP HTML5TargetPlatform
[2016.03.17-08.42.02:807][  0]LogTemp:Display: Loaded TP IOSTargetPlatform
[2016.03.17-08.42.02:809][  0]LogTemp:Display: Loaded TP LinuxNoEditorTargetPlatform
[2016.03.17-08.42.02:812][  0]LogTemp:Display: Loaded TP LinuxServerTargetPlatform
[2016.03.17-08.42.02:815][  0]LogTemp:Display: Loaded TP LinuxTargetPlatform
[2016.03.17-08.42.02:815][  0]LogTargetPlatformManager:Display: Building Assets For Windows
[2016.03.17-08.42.02:866][  0]LogDerivedDataCache:Display: Max Cache Size: 512 MB
[2016.03.17-08.42.02:903][  0]LogDerivedDataCache: Loaded boot cache 0.04s 41MB C:/Users/VR/AppData/Local/UnrealEngine/4.9/DerivedDataCache/Boot.ddc.
[2016.03.17-08.42.02:903][  0]LogDerivedDataCache:Display: Loaded Boot cache: C:/Users/VR/AppData/Local/UnrealEngine/4.9/DerivedDataCache/Boot.ddc
[2016.03.17-08.42.02:903][  0]LogDerivedDataCache: FDerivedDataBackendGraph:  Pak pak cache file ../../../../../../UnrealProjects/GE_Project/DerivedDataCache/DDC.ddp not found, will not use a pak cache.
[2016.03.17-08.42.02:903][  0]LogDerivedDataCache: Unable to find inner node Pak for hierarchical cache Hierarchy.
[2016.03.17-08.42.02:903][  0]LogDerivedDataCache: FDerivedDataBackendGraph:  CompressedPak pak cache file ../../../../../../UnrealProjects/GE_Project/DerivedDataCache/Compressed.ddp not found, will not use a pak cache.
[2016.03.17-08.42.02:903][  0]LogDerivedDataCache: Unable to find inner node CompressedPak for hierarchical cache Hierarchy.
[2016.03.17-08.42.03:022][  0]LogDerivedDataCache:Display: Pak cache opened for reading ../../../Engine/DerivedDataCache/Compressed.ddp.
[2016.03.17-08.42.03:034][  0]LogDerivedDataCache: Using Local data cache path C:/Users/VR/AppData/Local/UnrealEngine/Common/DerivedDataCache: Writable
[2016.03.17-08.42.03:171][  0]LogInit: Selected Device Profile: [Windows]
[2016.03.17-08.42.03:173][  0]LogContentStreaming: Texture pool size is 0.000000MB
[2016.03.17-08.42.03:263][  0]LogMeshUtilities: No automatic mesh reduction module available
[2016.03.17-08.42.03:263][  0]LogMeshUtilities: No automatic mesh merging module available
[2016.03.17-08.42.03:442][  0]LogInit: WinSock: version 1.1 (2.2), MaxSocks=32767, MaxUdp=65467
[2016.03.17-08.42.03:971][  0]UdpMessaging: Initializing bridge on interface 0.0.0.0:0 to multicast group 230.0.0.1:6666.
[2016.03.17-08.42.04:063][  0]LogAssetRegistry: FAssetRegistry took 0.0114 seconds to start up
[2016.03.17-08.42.04:180][  0]SourceControl: Info Source control is disabled
[2016.03.17-08.42.04:187][  0]SourceControl: Info Source control is disabled
[2016.03.17-08.42.04:192][  0]SourceControl: Info Source control is disabled
[2016.03.17-08.42.04:198][  0]SourceControl: Info Source control is disabled
[2016.03.17-08.42.04:280][  0]LogLinker:Warning: Asset '../../../Engine/Plugins/Runtime/LeapMotionController/Content/LM_PassthroughMaterial.uasset' has been saved with empty engine version. The asset will be loaded but may be incompatible.
[2016.03.17-08.42.04:347][  0]LeapPluginLog: Using LeapPlugin version 0.9.6
[2016.03.17-08.42.04:352][  0]LogObj: 29066 objects as part of root set at end of initial load.
[2016.03.17-08.42.04:352][  0]LogUObjectAllocator: 6193312 out of 0 bytes used by permanent object pool.
[2016.03.17-08.42.04:397][  0]LogEngine: Initializing Engine...
[2016.03.17-08.42.04:399][  0]LogHMD: Can't find Oculus library dev build: is proper Runtime installed? Version: 0.7.0.0
[2016.03.17-08.42.04:771][  0]LogHMD: SteamVR initialized.  Driver: oculus  Display: 207KGV03FJGR
[2016.03.17-08.42.04:877][  0]LogAIModule: Creating AISystem for world NewWorld
[2016.03.17-08.42.04:889][  0]LogInit: XAudio2 using 'Speakers (Realtek High Definition Audio)' : 2 channels at 48 kHz using 32 bits per sample (channel mask 0x3)
[2016.03.17-08.42.04:997][  0]LogInit: FAudioDevice initialized.
[2016.03.17-08.42.05:017][  0]LogDerivedDataCache: Saved boot cache 0.02s 41MB C:/Users/VR/AppData/Local/UnrealEngine/4.9/DerivedDataCache/Boot.ddc.
[2016.03.17-08.42.05:021][  0]LogInit: Texture streaming: Enabled
[2016.03.17-08.42.05:024][  0]LogAnalytics: Creating configured Analytics provider AnalyticsET
[2016.03.17-08.42.05:024][  0]LogAnalytics: [UEEditor.Rocket.Release] APIServer = http://et2.epicgames.com/ET2/. AppVersion = 4.9.2-2707645+++depot+UE4-Releases+4.9
[2016.03.17-08.42.05:025][  0]LogAnalytics: [UEEditor.Rocket.Release] SetUserId 8c1436b7469470d4e6ebefb46ce7086e|0318ce7eb266467aa7a1e63543527494|c39e7128-8a93-45bc-b94e-b28d0faf1958
[2016.03.17-08.42.05:025][  0]LogAnalytics: [UEEditor.Rocket.Release] AnalyticsET::StartSession
[2016.03.17-08.42.05:033][  0]LogWindowsTextInputMethodSystem:Display: IME system now deactivated.
[2016.03.17-08.42.05:044][  0]LogInit: Transaction tracking system initialized
[2016.03.17-08.42.05:065][  0]BlueprintLog: New page: Editor Load
[2016.03.17-08.42.05:111][  0]LocalizationService: Info Localization service is disabled
[2016.03.17-08.42.05:152][  0]LogLinker:Warning: Can't find file '/Game/FirstPersonBP/FirstPersonOverview'
[2016.03.17-08.42.05:152][  0]LogLinker:Warning: Can't find file '/Game/FirstPersonBP/FirstPersonOverview'
[2016.03.17-08.42.05:152][  0]LogUObjectGlobals:Warning: Failed to find object 'Class /Game/FirstPersonBP/FirstPersonOverview.FirstPersonOverview_C'
[2016.03.17-08.42.05:161][  0]LogConsoleResponse:Display: 
[2016.03.17-08.42.05:260][  0]LogCook:Display: Done creating registry. It took  0.00s.
[2016.03.17-08.42.05:301][  0]LogFileCache: Scanning file cache for directory 'D:/UnrealProjects/GE_Project/Content/' took 0.01s
[2016.03.17-08.42.05:301][  0]SourceControl: Info Source control is disabled
[2016.03.17-08.42.05:301][  0]Cmd: MAP LOAD FILE="../../../../../../UnrealProjects/GE_Project/Content/StarterContent/Maps/Minimal_Default.umap" TEMPLATE=0 SHOWPROGRESS=1 FEATURELEVEL=3
[2016.03.17-08.42.05:302][  0]LightingResults: New page: Lighting Build
[2016.03.17-08.42.05:304][  0]MapCheck: New page: Map Check
[2016.03.17-08.42.05:304][  0]LightingResults: New page: Lighting Build
[2016.03.17-08.42.05:313][  0]LogParticles: Destroying 0 GPU particle simulations for FXSystem 0x00000003E8B93CE0
[2016.03.17-08.42.05:629][  0]LogAIModule: Creating AISystem for world Minimal_Default
[2016.03.17-08.42.05:636][  0]LogEditorServer: Finished looking for orphan Actors (0.000 secs)
[2016.03.17-08.42.05:636][  0]Cmd: MAP CHECKDEP NOCLEARLOG
[2016.03.17-08.42.05:676][  0]MapCheck: Info Map check complete: 0 Error(s), 0 Warning(s), took 39.412ms to complete.
[2016.03.17-08.42.05:676][  0]LogFileHelpers: Loading map 'Minimal_Default' took 0.375
[2016.03.17-08.42.05:771][  0]LogCollectionManager: Loaded 0 collections in 0.001648 seconds
[2016.03.17-08.42.05:811][  0]LogFileCache: Scanning file cache for directory 'D:/UnrealProjects/GE_Project/Saved/Collections/' took 0.01s
[2016.03.17-08.42.05:811][  0]LogFileCache: Scanning file cache for directory 'D:/UnrealProjects/GE_Project/Content/Developers/VR/Collections/' took 0.01s
[2016.03.17-08.42.05:811][  0]LogFileCache: Scanning file cache for directory 'D:/UnrealProjects/GE_Project/Content/Collections/' took 0.01s
[2016.03.17-08.42.05:811][  0]LogContentBrowser: Native class hierarchy populated in 0.0065 seconds. Added 1901 classes and 339 folders.
[2016.03.17-08.42.05:816][  0]LogCollectionManager: Rebuilt the GUID cache for 0 collections in 0.000004 seconds
[2016.03.17-08.42.05:823][  0]LogContentBrowser: Native class hierarchy updated for 'WidgetCarousel' in 0.0012 seconds. Added 0 classes and 0 folders.
[2016.03.17-08.42.05:858][  0]LogContentBrowser: Native class hierarchy updated for 'AddContentDialog' in 0.0009 seconds. Added 0 classes and 0 folders.
[2016.03.17-08.42.05:861][  0]LogContentBrowser: Native class hierarchy updated for 'SceneOutliner' in 0.0009 seconds. Added 1 classes and 2 folders.
[2016.03.17-08.42.05:910][  0]LogCrashTracker: Crashtracker disabled due to settings.
[2016.03.17-08.42.05:921][  0]LogUObjectGlobals:Warning: Failed to find object 'Class None.'
[2016.03.17-08.42.05:943][  0]LogLoad: Full Startup: 5.31 seconds (BP compile: 0.03 seconds)
[2016.03.17-08.42.06:003][  0]LogContentStreaming: Texture pool size now 1000 MB
[2016.03.17-08.42.06:119][  0]LogRenderer: Reallocating scene render targets to support 1216x576 (Frame:2).
[2016.03.17-08.42.06:290][  1]LogFileCache: Retrieving MD5 hashes for directory 'D:/UnrealProjects/GE_Project/Content/' took 0.33s
[2016.03.17-08.42.06:967][  3]LogAssetRegistry: Asset discovery search completed in 2.9160 seconds
[2016.03.17-08.42.06:967][  3]LogCollectionManager: Rebuilt the object cache for 0 collections in 0.000001 seconds (found 0 objects)
[2016.03.17-08.42.06:967][  3]LogCollectionManager: Fixed up redirectors for 0 collections in 0.000018 seconds (updated 0 objects)
[2016.03.17-08.42.31:539][772]Cmd: MAP LOAD FILE="../../../../../../UnrealProjects/GE_Project/Content/MyFirstLevel.umap" TEMPLATE=0 SHOWPROGRESS=1 FEATURELEVEL=3
[2016.03.17-08.42.31:561][772]LightingResults: New page: Lighting Build
[2016.03.17-08.42.31:574][772]LoadErrors: New page: Loading map: MyFirstLevel.umap
[2016.03.17-08.42.31:575][772]MapCheck: New page: Map Check
[2016.03.17-08.42.31:575][772]LightingResults: New page: Lighting Build
[2016.03.17-08.42.31:583][772]LogParticles: Destroying 0 GPU particle simulations for FXSystem 0x00000003D4DC7880
[2016.03.17-08.42.31:657][772]LogBlueprint:Warning: [compiler Ue4ASP_Character] Warning Input Axis Event references unknown Axis 'LookUp' for  InputAxis LookUp 
[2016.03.17-08.42.31:657][772]LogBlueprint:Warning: [compiler Ue4ASP_Character] Warning Input Axis Event references unknown Axis 'Turn' for  InputAxis Turn 
[2016.03.17-08.42.31:657][772]LogBlueprint:Warning: [compiler Ue4ASP_Character] Warning Input Axis Event references unknown Axis 'MoveRight' for  InputAxis MoveRight 
[2016.03.17-08.42.31:658][772]LogBlueprint:Warning: [compiler Ue4ASP_Character] Warning Input Axis Event references unknown Axis 'MoveForward' for  InputAxis MoveForward 
[2016.03.17-08.42.31:660][772]LogBlueprint:Warning: [compiler Ue4ASP_Character] Warning [0031.03] Compile of Ue4ASP_Character successful, but with 4 Warning(s) [in 5 ms]
[2016.03.17-08.42.31:660][772]LogBlueprint:Warning: [compiler Ue4ASP_Character] Warning [0031.03] Compile of Ue4ASP_Character successful, but with 5 Warning(s) [in 0 ms]
[2016.03.17-08.42.31:660][772]LogBlueprint:Warning: [compiler Ue4ASP_Character] Warning [0031.03] Compile of Ue4ASP_Character successful, but with 6 Warning(s) [in 0 ms]
[2016.03.17-08.42.31:713][772]LogBlueprint:Warning: [compiler Ue4ASP_Character] Warning Input Axis Event references unknown Axis 'LookUp' for  InputAxis LookUp 
[2016.03.17-08.42.31:713][772]LogBlueprint:Warning: [compiler Ue4ASP_Character] Warning Input Axis Event references unknown Axis 'Turn' for  InputAxis Turn 
[2016.03.17-08.42.31:713][772]LogBlueprint:Warning: [compiler Ue4ASP_Character] Warning Input Axis Event references unknown Axis 'MoveRight' for  InputAxis MoveRight 
[2016.03.17-08.42.31:714][772]LogBlueprint:Warning: [compiler Ue4ASP_Character] Warning Input Axis Event references unknown Axis 'MoveForward' for  InputAxis MoveForward 
[2016.03.17-08.42.31:716][772]LogBlueprint:Warning: [compiler Ue4ASP_Character] Warning [0031.09] Compile of Ue4ASP_Character successful, but with 4 Warning(s) [in 5 ms]
[2016.03.17-08.42.31:716][772]LogBlueprint:Warning: [compiler Ue4ASP_Character] Warning [0031.09] Compile of Ue4ASP_Character successful, but with 5 Warning(s) [in 0 ms]
[2016.03.17-08.42.31:716][772]LogBlueprint:Warning: [compiler Ue4ASP_Character] Warning [0031.09] Compile of Ue4ASP_Character successful, but with 6 Warning(s) [in 0 ms]
[2016.03.17-08.42.32:209][772]LogAIModule: Creating AISystem for world MyFirstLevel
[2016.03.17-08.42.32:398][772]LogEditorServer: Finished looking for orphan Actors (0.000 secs)
[2016.03.17-08.42.32:449][772]Cmd: MAP CHECKDEP NOCLEARLOG
[2016.03.17-08.42.32:496][772]MapCheck: Info Map check complete: 0 Error(s), 0 Warning(s), took 45.829ms to complete.
[2016.03.17-08.42.32:496][772]LogFileHelpers: Loading map 'MyFirstLevel' took 0.958
[2016.03.17-08.42.32:510][773]Cmd: UpdateLandscapeEditorData -warnings
[2016.03.17-08.42.36:356][195]LogBlueprintUserMessages: Early PlayInEditor Detection: Level '/Game/MyFirstLevel.MyFirstLevel:PersistentLevel' has LevelScriptBlueprint '/Game/MyFirstLevel.MyFirstLevel:PersistentLevel.MyFirstLevel' with GeneratedClass '/Game/MyFirstLevel.MyFirstLevel_C' with ClassGeneratedBy '/Game/MyFirstLevel.MyFirstLevel:PersistentLevel.MyFirstLevel'
[2016.03.17-08.42.36:356][195]LogPlayLevel: PlayLevel: No blueprints needed recompiling
[2016.03.17-08.42.36:356][195]PIE: New page: PIE session: MyFirstLevel (Mar 17, 2016, 10:42:36 AM)
[2016.03.17-08.42.36:356][195]LogPlayLevel: Creating play world package: /Game/UEDPIE_0_MyFirstLevel
[2016.03.17-08.42.36:397][195]LogPlayLevel: PIE: StaticDuplicateObject took: (0.040698s)
[2016.03.17-08.42.36:397][195]LogAIModule: Creating AISystem for world MyFirstLevel
[2016.03.17-08.42.36:398][195]LogPlayLevel: PIE: World Init took: (0.000491s)
[2016.03.17-08.42.36:398][195]LogPlayLevel: PIE: Created PIE world by copying editor world from /Game/MyFirstLevel.MyFirstLevel to /Game/UEDPIE_0_MyFirstLevel.MyFirstLevel (0.041473s)
[2016.03.17-08.42.36:429][195]LogInit: XAudio2 using 'Speakers (Realtek High Definition Audio)' : 2 channels at 48 kHz using 32 bits per sample (channel mask 0x3)
[2016.03.17-08.42.36:436][195]LogInit: FAudioDevice initialized.
[2016.03.17-08.42.36:496][195]LogLinker:Warning: Can't find file '/Script/Kinect4Unreal'
[2016.03.17-08.42.36:496][195]LogLinker:Warning: Can't find file for asset '/Script/Kinect4Unreal' while loading ../../../../../../UnrealProjects/GE_Project/Content/BP_Avatar.uasset.
[2016.03.17-08.42.36:496][195]LoadErrors:Error: Error /Game/BP_Avatar : Can't find file for asset. /Script/Kinect4Unreal
[2016.03.17-08.42.36:496][195]LogLinker:Warning: Can't find file '/Script/Kinect4Unreal'
[2016.03.17-08.42.36:497][195]LogLinker:Warning: Can't find file for asset '/Script/Kinect4Unreal' while loading ../../../../../../UnrealProjects/GE_Project/Content/BP_Avatar.uasset.
[2016.03.17-08.42.36:497][195]LogLinker:Warning: Can't find file '/Script/Kinect4Unreal'
[2016.03.17-08.42.36:497][195]LogLinker:Warning: Can't find file for asset '/Script/Kinect4Unreal' while loading ../../../../../../UnrealProjects/GE_Project/Content/BP_Avatar.uasset.
[2016.03.17-08.42.36:497][195]LogLinker:Warning: Can't find file '/Script/Kinect4Unreal'
[2016.03.17-08.42.36:497][195]LogLinker:Warning: Can't find file for asset '/Script/Kinect4Unreal' while loading ../../../../../../UnrealProjects/GE_Project/Content/BP_Avatar.uasset.
[2016.03.17-08.42.36:497][195]LogLinker:Warning: Can't find file '/Script/Kinect4Unreal'
[2016.03.17-08.42.36:497][195]LogLinker:Warning: Can't find file for asset '/Script/Kinect4Unreal' while loading ../../../../../../UnrealProjects/GE_Project/Content/BP_Avatar.uasset.
[2016.03.17-08.42.36:498][195]LogLinker:Warning: Can't find file '/Script/Kinect4Unreal'
[2016.03.17-08.42.36:498][195]LogLinker:Warning: Can't find file for asset '/Script/Kinect4Unreal' while loading ../../../../../../UnrealProjects/GE_Project/Content/BP_Avatar.uasset.
[2016.03.17-08.42.36:498][195]LogLinker:Warning: Can't find file '/Script/Kinect4Unreal'
[2016.03.17-08.42.36:498][195]LogLinker:Warning: Can't find file for asset '/Script/Kinect4Unreal' while loading ../../../../../../UnrealProjects/GE_Project/Content/BP_Avatar.uasset.
[2016.03.17-08.42.36:498][195]LogLinker:Warning: Can't find file '/Script/Kinect4Unreal'
[2016.03.17-08.42.36:498][195]LogLinker:Warning: Can't find file for asset '/Script/Kinect4Unreal' while loading ../../../../../../UnrealProjects/GE_Project/Content/BP_Avatar.uasset.
[2016.03.17-08.42.36:499][195]LogLinker:Warning: Can't find file '/Script/Kinect4Unreal'
[2016.03.17-08.42.36:499][195]LogLinker:Warning: Can't find file for asset '/Script/Kinect4Unreal' while loading ../../../../../../UnrealProjects/GE_Project/Content/BP_Avatar.uasset.
[2016.03.17-08.42.36:500][195]LogLinker:Warning: Can't find file '/Script/Kinect4Unreal'
[2016.03.17-08.42.36:500][195]LoadErrors: Info Failed to load /Script/Kinect4Unreal.EBodyNumber Referenced by CallFunc_GetCenteredBody_CenteredBody
[2016.03.17-08.42.36:500][195]LogLinker:Warning: Can't find file for asset '/Script/Kinect4Unreal' while loading ../../../../../../UnrealProjects/GE_Project/Content/Blueprints/GamePadGameMode.uasset.
[2016.03.17-08.42.36:501][195]LoadErrors:Error: Error /Game/Blueprints/GamePadGameMode : Can't find file for asset. /Script/Kinect4Unreal
[2016.03.17-08.42.36:502][195]LogLinker:Warning: Can't find file '/Script/Kinect4Unreal'
[2016.03.17-08.42.36:502][195]LoadErrors: Info Failed to load /Script/Kinect4Unreal.EHandState Referenced by CallFunc_GetHandStateAsExecution_HandState
[2016.03.17-08.42.36:502][195]LogLinker:Warning: Can't find file for asset '/Script/Kinect4Unreal' while loading ../../../../../../UnrealProjects/GE_Project/Content/Blueprints/GamePadGameMode.uasset.
[2016.03.17-08.42.36:502][195]LogLinker:Warning: Can't find file '/Script/Kinect4Unreal'
[2016.03.17-08.42.36:502][195]LoadErrors: Info Failed to load /Script/Kinect4Unreal.EBodyNumber Referenced by CentredBody
[2016.03.17-08.42.36:503][195]LogLinker:Warning: Can't find file for asset '/Script/Kinect4Unreal' while loading ../../../../../../UnrealProjects/GE_Project/Content/Blueprints/GamePadGameMode.uasset.
[2016.03.17-08.42.36:503][195]LogLinker:Warning: Can't find file '/Script/Kinect4Unreal'
[2016.03.17-08.42.36:503][195]LogLinker:Warning: Can't find file for asset '/Script/Kinect4Unreal' while loading ../../../../../../UnrealProjects/GE_Project/Content/Blueprints/GamePadGameMode.uasset.
[2016.03.17-08.42.36:503][195]LogLinker:Warning: Can't find file '/Script/Kinect4Unreal'
[2016.03.17-08.42.36:503][195]LogLinker:Warning: Can't find file for asset '/Script/Kinect4Unreal' while loading ../../../../../../UnrealProjects/GE_Project/Content/Blueprints/GamePadGameMode.uasset.
[2016.03.17-08.42.36:503][195]LogLinker:Warning: Can't find file '/Script/Kinect4Unreal'
[2016.03.17-08.42.36:503][195]LogLinker:Warning: Can't find file for asset '/Script/Kinect4Unreal' while loading ../../../../../../UnrealProjects/GE_Project/Content/Blueprints/GamePadGameMode.uasset.
[2016.03.17-08.42.36:503][195]LogLinker:Warning: Can't find file '/Script/Kinect4Unreal'
[2016.03.17-08.42.36:503][195]LogLinker:Warning: Can't find file for asset '/Script/Kinect4Unreal' while loading ../../../../../../UnrealProjects/GE_Project/Content/Blueprints/GamePadGameMode.uasset.
[2016.03.17-08.42.36:503][195]LogLinker:Warning: Can't find file '/Script/Kinect4Unreal'
[2016.03.17-08.42.36:503][195]LogLinker:Warning: Can't find file for asset '/Script/Kinect4Unreal' while loading ../../../../../../UnrealProjects/GE_Project/Content/Blueprints/GamePadGameMode.uasset.
[2016.03.17-08.42.36:504][195]LogLinker:Warning: Can't find file '/Script/Kinect4Unreal'
[2016.03.17-08.42.36:504][195]LogLinker:Warning: Can't find file for asset '/Script/Kinect4Unreal' while loading ../../../../../../UnrealProjects/GE_Project/Content/Blueprints/GamePadGameMode.uasset.
[2016.03.17-08.42.36:504][195]LogLinker:Warning: Can't find file '/Script/Kinect4Unreal'
[2016.03.17-08.42.36:504][195]LogLinker:Warning: Can't find file for asset '/Script/Kinect4Unreal' while loading ../../../../../../UnrealProjects/GE_Project/Content/Blueprints/GamePadGameMode.uasset.
[2016.03.17-08.42.36:504][195]LogLinker:Warning: Can't find file '/Script/Kinect4Unreal'
[2016.03.17-08.42.36:504][195]LogLinker:Warning: Can't find file for asset '/Script/Kinect4Unreal' while loading ../../../../../../UnrealProjects/GE_Project/Content/Blueprints/GamePadGameMode.uasset.
[2016.03.17-08.42.36:504][195]LogLinker:Warning: Can't find file '/Script/Kinect4Unreal'
[2016.03.17-08.42.36:504][195]LogLinker:Warning: Can't find file for asset '/Script/Kinect4Unreal' while loading ../../../../../../UnrealProjects/GE_Project/Content/Blueprints/GamePadGameMode.uasset.
[2016.03.17-08.42.36:504][195]LogLinker:Warning: Can't find file '/Script/Kinect4Unreal'
[2016.03.17-08.42.36:504][195]LogLinker:Warning: Can't find file for asset '/Script/Kinect4Unreal' while loading ../../../../../../UnrealProjects/GE_Project/Content/Blueprints/GamePadGameMode.uasset.
[2016.03.17-08.42.36:504][195]LogLinker:Warning: Can't find file '/Script/Kinect4Unreal'
[2016.03.17-08.42.36:504][195]LoadErrors: Info Failed to load /Script/Kinect4Unreal.EBodyNumber Referenced by BP_Avatar
[2016.03.17-08.42.36:504][195]LogLinker:Warning: Can't find file for asset '/Script/Kinect4Unreal' while loading ../../../../../../UnrealProjects/GE_Project/Content/Blueprints/GamePadGameMode.uasset.
[2016.03.17-08.42.36:507][195]LogLinker:Warning: Can't find file '/Script/Kinect4Unreal'
[2016.03.17-08.42.36:507][195]LoadErrors: Info Failed to load /Script/Kinect4Unreal.KinectInterfaceComponent Referenced by K2Node_CallFunction_2965
[2016.03.17-08.42.36:507][195]LogLinker:Warning: Can't find file for asset '/Script/Kinect4Unreal' while loading ../../../../../../UnrealProjects/GE_Project/Content/Blueprints/GamePadGameMode.uasset.
[2016.03.17-08.42.36:507][195]LogLinker:Warning: Can't find file '/Script/Kinect4Unreal'
[2016.03.17-08.42.36:507][195]LoadErrors: Info Failed to load /Script/Kinect4Unreal.KinectInterfaceComponent Referenced by EdGraphPin_8008
[2016.03.17-08.42.36:507][195]LogLinker:Warning: Can't find file for asset '/Script/Kinect4Unreal' while loading ../../../../../../UnrealProjects/GE_Project/Content/Blueprints/GamePadGameMode.uasset.
[2016.03.17-08.42.36:507][195]LogLinker:Warning: Can't find file '/Script/Kinect4Unreal'
[2016.03.17-08.42.36:507][195]LoadErrors: Info Failed to load /Script/Kinect4Unreal.EBodyNumber Referenced by EdGraphPin_8009
[2016.03.17-08.42.36:507][195]LogLinker:Warning: Can't find file for asset '/Script/Kinect4Unreal' while loading ../../../../../../UnrealProjects/GE_Project/Content/Blueprints/GamePadGameMode.uasset.
[2016.03.17-08.42.36:508][195]LogLinker:Warning: Can't find file '/Script/Kinect4Unreal'
[2016.03.17-08.42.36:508][195]LoadErrors: Info Failed to load /Script/Kinect4Unreal.KinectInterfaceComponent Referenced by EdGraphPin_7561
[2016.03.17-08.42.36:508][195]LogLinker:Warning: Can't find file for asset '/Script/Kinect4Unreal' while loading ../../../../../../UnrealProjects/GE_Project/Content/Blueprints/GamePadGameMode.uasset.
[2016.03.17-08.42.36:508][195]LogLinker:Warning: Can't find file '/Script/Kinect4Unreal'
[2016.03.17-08.42.36:508][195]LoadErrors: Info Failed to load /Script/Kinect4Unreal.KinectInterfaceComponent Referenced by K2Node_CallFunction_4379
[2016.03.17-08.42.36:508][195]LogLinker:Warning: Can't find file for asset '/Script/Kinect4Unreal' while loading ../../../../../../UnrealProjects/GE_Project/Content/Blueprints/GamePadGameMode.uasset.
[2016.03.17-08.42.36:508][195]LogLinker:Warning: Can't find file '/Script/Kinect4Unreal'
[2016.03.17-08.42.36:508][195]LoadErrors: Info Failed to load /Script/Kinect4Unreal.KinectInterfaceComponent Referenced by EdGraphPin_8027
[2016.03.17-08.42.36:508][195]LogLinker:Warning: Can't find file for asset '/Script/Kinect4Unreal' while loading ../../../../../../UnrealProjects/GE_Project/Content/Blueprints/GamePadGameMode.uasset.
[2016.03.17-08.42.36:508][195]LogLinker:Warning: Can't find file '/Script/Kinect4Unreal'
[2016.03.17-08.42.36:508][195]LoadErrors: Info Failed to load /Script/Kinect4Unreal.EHands Referenced by EdGraphPin_8028
[2016.03.17-08.42.36:509][195]LogLinker:Warning: Can't find file for asset '/Script/Kinect4Unreal' while loading ../../../../../../UnrealProjects/GE_Project/Content/Blueprints/GamePadGameMode.uasset.
[2016.03.17-08.42.36:509][195]LogLinker:Warning: Can't find file '/Script/Kinect4Unreal'
[2016.03.17-08.42.36:509][195]LoadErrors: Info Failed to load /Script/Kinect4Unreal.EBodyNumber Referenced by EdGraphPin_8029
[2016.03.17-08.42.36:509][195]LogLinker:Warning: Can't find file for asset '/Script/Kinect4Unreal' while loading ../../../../../../UnrealProjects/GE_Project/Content/Blueprints/GamePadGameMode.uasset.
[2016.03.17-08.42.36:509][195]LogLinker:Warning: Can't find file '/Script/Kinect4Unreal'
[2016.03.17-08.42.36:509][195]LoadErrors: Info Failed to load /Script/Kinect4Unreal.EHandState Referenced by EdGraphPin_8030
[2016.03.17-08.42.36:509][195]LogLinker:Warning: Can't find file for asset '/Script/Kinect4Unreal' while loading ../../../../../../UnrealProjects/GE_Project/Content/Blueprints/GamePadGameMode.uasset.
[2016.03.17-08.42.36:509][195]LogLinker:Warning: Can't find file '/Script/Kinect4Unreal'
[2016.03.17-08.42.36:509][195]LoadErrors: Info Failed to load /Script/Kinect4Unreal.KinectInterfaceComponent Referenced by EdGraphPin_7486
[2016.03.17-08.42.36:509][195]LogLinker:Warning: Can't find file for asset '/Script/Kinect4Unreal' while loading ../../../../../../UnrealProjects/GE_Project/Content/Blueprints/GamePadGameMode.uasset.
[2016.03.17-08.42.36:511][195]LogLinker:Warning: Can't find file '/Script/Kinect4Unreal'
[2016.03.17-08.42.36:511][195]LoadErrors: Info Failed to load /Script/Kinect4Unreal.KinectInterfaceComponent Referenced by K2Node_CallFunction_2550
[2016.03.17-08.42.36:511][195]LogLinker:Warning: Can't find file for asset '/Script/Kinect4Unreal' while loading ../../../../../../UnrealProjects/GE_Project/Content/Blueprints/GamePadGameMode.uasset.
[2016.03.17-08.42.36:511][195]LogLinker:Warning: Can't find file '/Script/Kinect4Unreal'
[2016.03.17-08.42.36:511][195]LoadErrors: Info Failed to load /Script/Kinect4Unreal.KinectInterfaceComponent Referenced by EdGraphPin_8141
[2016.03.17-08.42.36:512][195]LogLinker:Warning: Can't find file for asset '/Script/Kinect4Unreal' while loading ../../../../../../UnrealProjects/GE_Project/Content/Blueprints/GamePadGameMode.uasset.
[2016.03.17-08.42.36:512][195]LogLinker:Warning: Can't find file '/Script/Kinect4Unreal'
[2016.03.17-08.42.36:512][195]LoadErrors: Info Failed to load /Script/Kinect4Unreal.EHands Referenced by EdGraphPin_8142
[2016.03.17-08.42.36:512][195]LogLinker:Warning: Can't find file for asset '/Script/Kinect4Unreal' while loading ../../../../../../UnrealProjects/GE_Project/Content/Blueprints/GamePadGameMode.uasset.
[2016.03.17-08.42.36:512][195]LogLinker:Warning: Can't find file '/Script/Kinect4Unreal'
[2016.03.17-08.42.36:512][195]LoadErrors: Info Failed to load /Script/Kinect4Unreal.EBodyNumber Referenced by EdGraphPin_8143
[2016.03.17-08.42.36:512][195]LogLinker:Warning: Can't find file for asset '/Script/Kinect4Unreal' while loading ../../../../../../UnrealProjects/GE_Project/Content/Blueprints/GamePadGameMode.uasset.
[2016.03.17-08.42.36:512][195]LogLinker:Warning: Can't find file '/Script/Kinect4Unreal'
[2016.03.17-08.42.36:512][195]LoadErrors: Info Failed to load /Script/Kinect4Unreal.EHandState Referenced by EdGraphPin_8144
[2016.03.17-08.42.36:512][195]LogLinker:Warning: Can't find file for asset '/Script/Kinect4Unreal' while loading ../../../../../../UnrealProjects/GE_Project/Content/Blueprints/GamePadGameMode.uasset.
[2016.03.17-08.42.36:512][195]LogLinker:Warning: Can't find file '/Script/Kinect4Unreal'
[2016.03.17-08.42.36:512][195]LoadErrors: Info Failed to load /Script/Kinect4Unreal.KinectInterfaceComponent Referenced by EdGraphPin_7519
[2016.03.17-08.42.36:512][195]LogLinker:Warning: Can't find file for asset '/Script/Kinect4Unreal' while loading ../../../../../../UnrealProjects/GE_Project/Content/Blueprints/GamePadGameMode.uasset.
[2016.03.17-08.42.36:513][195]LogLinker:Warning: Can't find file '/Script/Kinect4Unreal'
[2016.03.17-08.42.36:513][195]LoadErrors: Info Failed to load /Script/Kinect4Unreal.KinectInterfaceComponent Referenced by K2Node_CallFunction_4377
[2016.03.17-08.42.36:513][195]LogLinker:Warning: Can't find file for asset '/Script/Kinect4Unreal' while loading ../../../../../../UnrealProjects/GE_Project/Content/Blueprints/GamePadGameMode.uasset.
[2016.03.17-08.42.36:513][195]LogLinker:Warning: Can't find file '/Script/Kinect4Unreal'
[2016.03.17-08.42.36:513][195]LoadErrors: Info Failed to load /Script/Kinect4Unreal.KinectInterfaceComponent Referenced by EdGraphPin_8167
[2016.03.17-08.42.36:513][195]LogLinker:Warning: Can't find file for asset '/Script/Kinect4Unreal' while loading ../../../../../../UnrealProjects/GE_Project/Content/Blueprints/GamePadGameMode.uasset.
[2016.03.17-08.42.36:513][195]LogLinker:Warning: Can't find file '/Script/Kinect4Unreal'
[2016.03.17-08.42.36:513][195]LoadErrors: Info Failed to load /Script/Kinect4Unreal.EBodyNumber Referenced by EdGraphPin_8168
[2016.03.17-08.42.36:513][195]LogLinker:Warning: Can't find file for asset '/Script/Kinect4Unreal' while loading ../../../../../../UnrealProjects/GE_Project/Content/Blueprints/GamePadGameMode.uasset.
[2016.03.17-08.42.36:514][195]LogLinker:Warning: Can't find file '/Script/Kinect4Unreal'
[2016.03.17-08.42.36:514][195]LoadErrors: Info Failed to load /Script/Kinect4Unreal.KinectInterfaceComponent Referenced by EdGraphPin_7555
[2016.03.17-08.42.36:514][195]LogLinker:Warning: Can't find file for asset '/Script/Kinect4Unreal' while loading ../../../../../../UnrealProjects/GE_Project/Content/Blueprints/GamePadGameMode.uasset.
[2016.03.17-08.42.36:514][195]LogLinker:Warning: Can't find file '/Script/Kinect4Unreal'
[2016.03.17-08.42.36:514][195]LoadErrors: Info Failed to load /Script/Kinect4Unreal.KinectInterfaceComponent Referenced by K2Node_CallFunction_4378
[2016.03.17-08.42.36:514][195]LogLinker:Warning: Can't find file for asset '/Script/Kinect4Unreal' while loading ../../../../../../UnrealProjects/GE_Project/Content/Blueprints/GamePadGameMode.uasset.
[2016.03.17-08.42.36:514][195]LogLinker:Warning: Can't find file '/Script/Kinect4Unreal'
[2016.03.17-08.42.36:514][195]LoadErrors: Info Failed to load /Script/Kinect4Unreal.KinectInterfaceComponent Referenced by EdGraphPin_8182
[2016.03.17-08.42.36:514][195]LogLinker:Warning: Can't find file for asset '/Script/Kinect4Unreal' while loading ../../../../../../UnrealProjects/GE_Project/Content/Blueprints/GamePadGameMode.uasset.
[2016.03.17-08.42.36:515][195]LogLinker:Warning: Can't find file '/Script/Kinect4Unreal'
[2016.03.17-08.42.36:515][195]LoadErrors: Info Failed to load /Script/Kinect4Unreal.EKinectJoints Referenced by EdGraphPin_8183
[2016.03.17-08.42.36:515][195]LogLinker:Warning: Can't find file for asset '/Script/Kinect4Unreal' while loading ../../../../../../UnrealProjects/GE_Project/Content/Blueprints/GamePadGameMode.uasset.
[2016.03.17-08.42.36:515][195]LogLinker:Warning: Can't find file '/Script/Kinect4Unreal'
[2016.03.17-08.42.36:515][195]LoadErrors: Info Failed to load /Script/Kinect4Unreal.EKinectJoints Referenced by EdGraphPin_8184
[2016.03.17-08.42.36:515][195]LogLinker:Warning: Can't find file for asset '/Script/Kinect4Unreal' while loading ../../../../../../UnrealProjects/GE_Project/Content/Blueprints/GamePadGameMode.uasset.
[2016.03.17-08.42.36:515][195]LogLinker:Warning: Can't find file '/Script/Kinect4Unreal'
[2016.03.17-08.42.36:515][195]LoadErrors: Info Failed to load /Script/Kinect4Unreal.EBodyNumber Referenced by EdGraphPin_8185
[2016.03.17-08.42.36:515][195]LogLinker:Warning: Can't find file for asset '/Script/Kinect4Unreal' while loading ../../../../../../UnrealProjects/GE_Project/Content/Blueprints/GamePadGameMode.uasset.
[2016.03.17-08.42.36:515][195]LogLinker:Warning: Can't find file '/Script/Kinect4Unreal'
[2016.03.17-08.42.36:516][195]LoadErrors: Info Failed to load /Script/Kinect4Unreal.KinectInterfaceComponent Referenced by EdGraphPin_7567
[2016.03.17-08.42.36:516][195]LogLinker:Warning: Can't find file for asset '/Script/Kinect4Unreal' while loading ../../../../../../UnrealProjects/GE_Project/Content/Blueprints/GamePadGameMode.uasset.
[2016.03.17-08.42.36:517][195]LogLinker:Warning: Can't find file '/Script/Kinect4Unreal'
[2016.03.17-08.42.36:517][195]LoadErrors: Info Failed to load /Script/Kinect4Unreal.KinectInterfaceComponent Referenced by K2Node_CallFunction_4457
[2016.03.17-08.42.36:517][195]LogLinker:Warning: Can't find file for asset '/Script/Kinect4Unreal' while loading ../../../../../../UnrealProjects/GE_Project/Content/Blueprints/GamePadGameMode.uasset.
[2016.03.17-08.42.36:517][195]LogLinker:Warning: Can't find file '/Script/Kinect4Unreal'
[2016.03.17-08.42.36:517][195]LoadErrors: Info Failed to load /Script/Kinect4Unreal.KinectInterfaceComponent Referenced by EdGraphPin_8269
[2016.03.17-08.42.36:517][195]LogLinker:Warning: Can't find file for asset '/Script/Kinect4Unreal' while loading ../../../../../../UnrealProjects/GE_Project/Content/Blueprints/GamePadGameMode.uasset.
[2016.03.17-08.42.36:518][195]LogLinker:Warning: Can't find file '/Script/Kinect4Unreal'
[2016.03.17-08.42.36:518][195]LoadErrors: Info Failed to load /Script/Kinect4Unreal.EKinectJoints Referenced by EdGraphPin_8270
[2016.03.17-08.42.36:518][195]LogLinker:Warning: Can't find file for asset '/Script/Kinect4Unreal' while loading ../../../../../../UnrealProjects/GE_Project/Content/Blueprints/GamePadGameMode.uasset.
[2016.03.17-08.42.36:518][195]LogLinker:Warning: Can't find file '/Script/Kinect4Unreal'
[2016.03.17-08.42.36:518][195]LoadErrors: Info Failed to load /Script/Kinect4Unreal.EKinectJoints Referenced by EdGraphPin_8271
[2016.03.17-08.42.36:518][195]LogLinker:Warning: Can't find file for asset '/Script/Kinect4Unreal' while loading ../../../../../../UnrealProjects/GE_Project/Content/Blueprints/GamePadGameMode.uasset.
[2016.03.17-08.42.36:518][195]LogLinker:Warning: Can't find file '/Script/Kinect4Unreal'
[2016.03.17-08.42.36:518][195]LoadErrors: Info Failed to load /Script/Kinect4Unreal.EBodyNumber Referenced by EdGraphPin_8272
[2016.03.17-08.42.36:518][195]LogLinker:Warning: Can't find file for asset '/Script/Kinect4Unreal' while loading ../../../../../../UnrealProjects/GE_Project/Content/Blueprints/GamePadGameMode.uasset.
[2016.03.17-08.42.36:519][195]LogLinker:Warning: Can't find file '/Script/Kinect4Unreal'
[2016.03.17-08.42.36:519][195]LoadErrors: Info Failed to load /Script/Kinect4Unreal.KinectInterfaceComponent Referenced by EdGraphPin_7678
[2016.03.17-08.42.36:519][195]LogLinker:Warning: Can't find file for asset '/Script/Kinect4Unreal' while loading ../../../../../../UnrealProjects/GE_Project/Content/Blueprints/GamePadGameMode.uasset.
[2016.03.17-08.42.36:521][195]LogLinker:Warning: Can't find file '/Script/Kinect4Unreal'
[2016.03.17-08.42.36:521][195]LoadErrors: Info Failed to load /Script/Kinect4Unreal.KinectInterfaceComponent Referenced by EdGraphPin_7855
[2016.03.17-08.42.36:521][195]LogLinker:Warning: Can't find file for asset '/Script/Kinect4Unreal' while loading ../../../../../../UnrealProjects/GE_Project/Content/Blueprints/GamePadGameMode.uasset.
[2016.03.17-08.42.36:521][195]LogLinker:Warning: Can't find file '/Script/Kinect4Unreal'
[2016.03.17-08.42.36:521][195]LoadErrors: Info Failed to load /Script/Kinect4Unreal.KinectInterfaceComponent Referenced by K2Node_CallFunction_2682
[2016.03.17-08.42.36:521][195]LogLinker:Warning: Can't find file for asset '/Script/Kinect4Unreal' while loading ../../../../../../UnrealProjects/GE_Project/Content/Blueprints/GamePadGameMode.uasset.
[2016.03.17-08.42.36:522][195]LogLinker:Warning: Can't find file '/Script/Kinect4Unreal'
[2016.03.17-08.42.36:522][195]LoadErrors: Info Failed to load /Script/Kinect4Unreal.KinectInterfaceComponent Referenced by EdGraphPin_8438
[2016.03.17-08.42.36:522][195]LogLinker:Warning: Can't find file for asset '/Script/Kinect4Unreal' while loading ../../../../../../UnrealProjects/GE_Project/Content/Blueprints/GamePadGameMode.uasset.
[2016.03.17-08.42.36:522][195]LogLinker:Warning: Can't find file '/Script/Kinect4Unreal'
[2016.03.17-08.42.36:522][195]LoadErrors: Info Failed to load /Script/Kinect4Unreal.EHands Referenced by EdGraphPin_8439
[2016.03.17-08.42.36:522][195]LogLinker:Warning: Can't find file for asset '/Script/Kinect4Unreal' while loading ../../../../../../UnrealProjects/GE_Project/Content/Blueprints/GamePadGameMode.uasset.
[2016.03.17-08.42.36:522][195]LogLinker:Warning: Can't find file '/Script/Kinect4Unreal'
[2016.03.17-08.42.36:522][195]LoadErrors: Info Failed to load /Script/Kinect4Unreal.EBodyNumber Referenced by EdGraphPin_8440
[2016.03.17-08.42.36:522][195]LogLinker:Warning: Can't find file for asset '/Script/Kinect4Unreal' while loading ../../../../../../UnrealProjects/GE_Project/Content/Blueprints/GamePadGameMode.uasset.
[2016.03.17-08.42.36:522][195]LogLinker:Warning: Can't find file '/Script/Kinect4Unreal'
[2016.03.17-08.42.36:523][195]LoadErrors: Info Failed to load /Script/Kinect4Unreal.EHandState Referenced by EdGraphPin_8441
[2016.03.17-08.42.36:523][195]LogLinker:Warning: Can't find file for asset '/Script/Kinect4Unreal' while loading ../../../../../../UnrealProjects/GE_Project/Content/Blueprints/GamePadGameMode.uasset.
[2016.03.17-08.42.36:523][195]LogLinker:Warning: Can't find file '/Script/Kinect4Unreal'
[2016.03.17-08.42.36:523][195]LogLinker:Warning: Can't find file for asset '/Script/Kinect4Unreal' while loading ../../../../../../UnrealProjects/GE_Project/Content/Blueprints/GamePadGameMode.uasset.
[2016.03.17-08.42.36:523][195]LogLinker:Warning: Can't find file '/Script/Kinect4Unreal'
[2016.03.17-08.42.36:524][195]LoadErrors: Info Failed to load /Script/Kinect4Unreal.KinectInterfaceComponent Referenced by SCS_Node_1
[2016.03.17-08.42.36:524][195]LogLinker:Warning: Can't find file for asset '/Script/Kinect4Unreal' while loading ../../../../../../UnrealProjects/GE_Project/Content/Blueprints/GamePadGameMode.uasset.
[2016.03.17-08.42.36:529][195]LogBlueprint:Warning: [BP_Avatar] CreatePinForVariable: 'KinectInterface' variable not found. Base class was probably changed.
[2016.03.17-08.42.36:529][195]LogBlueprint:Warning: [BP_Avatar] CreatePinForVariable: 'KinectInterface' variable not found. Base class was probably changed.
[2016.03.17-08.42.36:529][195]LogBlueprint:Warning: [BP_Avatar] CreatePinForVariable: 'KinectInterface' variable not found. Base class was probably changed.
[2016.03.17-08.42.36:530][195]LogBlueprint:Warning: [BP_Avatar] CreatePinForVariable: 'KinectInterface' variable not found. Base class was probably changed.
[2016.03.17-08.42.36:530][195]LogBlueprint:Warning: [BP_Avatar] CreatePinForVariable: 'KinectInterface' variable not found. Base class was probably changed.
[2016.03.17-08.42.36:530][195]LogBlueprint:Warning: [BP_Avatar] CreatePinForVariable: 'KinectInterface' variable not found. Base class was probably changed.
[2016.03.17-08.42.36:531][195]LogBlueprint:Warning: [BP_Avatar] CreatePinForVariable: 'KinectInterface' variable not found. Base class was probably changed.
[2016.03.17-08.42.36:538][195]LogBlueprint:Error: [compiler BP_Avatar] Error Could not find a function named "GetHandStateAsExecution" in 'BP_Avatar'.
Make sure 'BP_Avatar' has been compiled for  Get Hand State as Execution 
[2016.03.17-08.42.36:538][195]LogBlueprint:Warning: [compiler BP_Avatar] Warning Could not find a variable named "KinectInterface" in 'BP_Avatar_C'.
Make sure 'BP_Avatar_C' has been compiled for  Get KinectInterface 
[2016.03.17-08.42.36:538][195]LogBlueprint:Warning: [compiler BP_Avatar] Warning Could not find a variable named "KinectInterface" in 'BP_Avatar_C'.
Make sure 'BP_Avatar_C' has been compiled for  Get KinectInterface 
[2016.03.17-08.42.36:538][195]LogBlueprint:Error: [compiler BP_Avatar] Error Could not find a function named "GetDistanceBetweenJoints" in 'BP_Avatar'.
Make sure 'BP_Avatar' has been compiled for  Get Distance Between Joints 
[2016.03.17-08.42.36:538][195]LogBlueprint:Warning: [compiler BP_Avatar] Warning Could not find a variable named "KinectInterface" in 'BP_Avatar_C'.
Make sure 'BP_Avatar_C' has been compiled for  Get KinectInterface 
[2016.03.17-08.42.36:538][195]LogBlueprint:Error: [compiler BP_Avatar] Error Could not find a function named "GetDistanceBetweenJoints" in 'BP_Avatar'.
Make sure 'BP_Avatar' has been compiled for  Get Distance Between Joints 
[2016.03.17-08.42.36:539][195]LogBlueprint:Warning: [compiler BP_Avatar] Warning Could not find a variable named "KinectInterface" in 'BP_Avatar_C'.
Make sure 'BP_Avatar_C' has been compiled for  Get KinectInterface 
[2016.03.17-08.42.36:539][195]LogBlueprint:Error: [compiler BP_Avatar] Error Could not find a function named "GetCenteredBody" in 'BP_Avatar'.
Make sure 'BP_Avatar' has been compiled for  Get Centered Body 
[2016.03.17-08.42.36:539][195]LogBlueprint:Warning: [compiler BP_Avatar] Warning Could not find a variable named "KinectInterface" in 'BP_Avatar_C'.
Make sure 'BP_Avatar_C' has been compiled for  Get KinectInterface 
[2016.03.17-08.42.36:539][195]LogBlueprint:Error: [compiler BP_Avatar] Error Could not find a function named "GetHandStateAsExecution" in 'BP_Avatar'.
Make sure 'BP_Avatar' has been compiled for  Get Hand State as Execution 
[2016.03.17-08.42.36:539][195]LogBlueprint:Warning: [compiler BP_Avatar] Warning Could not find a variable named "KinectInterface" in 'BP_Avatar_C'.
Make sure 'BP_Avatar_C' has been compiled for  Get KinectInterface 
[2016.03.17-08.42.36:539][195]LogBlueprint:Error: [compiler BP_Avatar] Error Could not find a function named "GetHandStateAsExecution" in 'BP_Avatar'.
Make sure 'BP_Avatar' has been compiled for  Get Hand State as Execution 
[2016.03.17-08.42.36:539][195]LogBlueprint:Warning: [compiler BP_Avatar] Warning Could not find a variable named "KinectInterface" in 'BP_Avatar_C'.
Make sure 'BP_Avatar_C' has been compiled for  Get KinectInterface 
[2016.03.17-08.42.36:539][195]LogBlueprint:Error: [compiler BP_Avatar] Error Could not find a function named "GetCenteredBody" in 'BP_Avatar'.
Make sure 'BP_Avatar' has been compiled for  Get Centered Body 
[2016.03.17-08.42.36:540][195]LogBlueprint:Error: [compiler BP_Avatar] Error The property associated with  Kinect Interface  could not be found
[2016.03.17-08.42.36:540][195]LogBlueprint:Error: [compiler BP_Avatar] Error The property associated with  Kinect Interface  could not be found
[2016.03.17-08.42.36:540][195]LogBlueprint:Error: [compiler BP_Avatar] Error The current value (AnkleRight) of the ' Start Joint ' pin is invalid: Expected a valid unsigned number for a byte property
[2016.03.17-08.42.36:540][195]LogBlueprint:Error: [compiler BP_Avatar] Error The current value (AnkleLeft) of the ' End Joint ' pin is invalid: Expected a valid unsigned number for a byte property
[2016.03.17-08.42.36:540][195]LogBlueprint:Error: [compiler BP_Avatar] Error The property associated with  Kinect Interface  could not be found
[2016.03.17-08.42.36:540][195]LogBlueprint:Error: [compiler BP_Avatar] Error The current value (Head) of the ' Start Joint ' pin is invalid: Expected a valid unsigned number for a byte property
[2016.03.17-08.42.36:540][195]LogBlueprint:Error: [compiler BP_Avatar] Error The current value (AnkleRight) of the ' End Joint ' pin is invalid: Expected a valid unsigned number for a byte property
[2016.03.17-08.42.36:541][195]LogBlueprint:Error: [compiler BP_Avatar] Error The property associated with  Kinect Interface  could not be found
[2016.03.17-08.42.36:541][195]LogBlueprint:Error: [compiler BP_Avatar] Error The current value (Right) of the ' Hand ' pin is invalid: Expected a valid unsigned number for a byte property
[2016.03.17-08.42.36:548][195]LogBlueprint:Warning: [compiler BP_Avatar] Warning [0035.92] Compile of BP_Avatar failed. 16 Fatal Issue(s) 7 Warning(s) [in 16 ms]
[2016.03.17-08.42.36:548][195]LogBlueprint:Warning: [compiler BP_Avatar] Warning [0035.92] Compile of BP_Avatar failed. 16 Fatal Issue(s) 8 Warning(s) [in 0 ms]
[2016.03.17-08.42.36:548][195]LogBlueprint:Warning: [compiler BP_Avatar] Warning [0035.92] Compile of BP_Avatar failed. 16 Fatal Issue(s) 9 Warning(s) [in 0 ms]
[2016.03.17-08.42.36:550][195]LogLinker:Warning: Can't find file '/Script/Kinect4Unreal'
[2016.03.17-08.42.36:550][195]LogLinker:Warning: Can't find file for asset '/Script/Kinect4Unreal' while loading ../../../../../../UnrealProjects/GE_Project/Content/Blueprints/GamePadGameMode.uasset.
[2016.03.17-08.42.36:550][195]LogLinker:Warning: Can't find file '/Script/Kinect4Unreal'
[2016.03.17-08.42.36:550][195]LogLinker:Warning: Can't find file for asset '/Script/Kinect4Unreal' while loading ../../../../../../UnrealProjects/GE_Project/Content/Blueprints/GamePadGameMode.uasset.
[2016.03.17-08.42.36:565][195]LogWorld: Game class is 'GamePadGameMode_C'
[2016.03.17-08.42.36:621][195]LogWorld: Bringing World /Game/UEDPIE_0_MyFirstLevel.MyFirstLevel up for play (max tick rate 0) at 2016.03.17-09.42.36
[2016.03.17-08.42.36:621][195]LogActor:Warning: GameSession /Game/UEDPIE_0_MyFirstLevel.MyFirstLevel:PersistentLevel.GameSession_0 has natively added scene component(s), but none of them were set as the actor's RootComponent - picking one arbitrarily
[2016.03.17-08.42.36:621][195]LogActor:Warning: GameNetworkManager /Game/UEDPIE_0_MyFirstLevel.MyFirstLevel:PersistentLevel.GameNetworkManager_0 has natively added scene component(s), but none of them were set as the actor's RootComponent - picking one arbitrarily
[2016.03.17-08.42.36:623][195]LogWorld: Bringing up level for play took: 0.057261
[2016.03.17-08.42.36:626][195]PIE: Info Play in editor start time for /Game/UEDPIE_0_MyFirstLevel 0.412
[2016.03.17-08.42.36:626][195]LogBlueprintUserMessages: Late PlayInEditor Detection: Level '/Game/MyFirstLevel.MyFirstLevel:PersistentLevel' has LevelScriptBlueprint '/Game/MyFirstLevel.MyFirstLevel:PersistentLevel.MyFirstLevel' with GeneratedClass '/Game/MyFirstLevel.MyFirstLevel_C' with ClassGeneratedBy '/Game/MyFirstLevel.MyFirstLevel:PersistentLevel.MyFirstLevel'
[2016.03.17-08.42.36:647][196]LogRenderer: Reallocating scene render targets to support 1648x780 (Frame:281).
[2016.03.17-08.42.40:011][596]LogBlueprintUserMessages: Early EndPlayMap Detection: Level '/Game/MyFirstLevel.MyFirstLevel:PersistentLevel' has LevelScriptBlueprint '/Game/MyFirstLevel.MyFirstLevel:PersistentLevel.MyFirstLevel' with GeneratedClass '/Game/MyFirstLevel.MyFirstLevel_C' with ClassGeneratedBy '/Game/MyFirstLevel.MyFirstLevel:PersistentLevel.MyFirstLevel'
[2016.03.17-08.42.40:047][596]LogBlueprintUserMessages: Late EndPlayMap Detection: Level '/Game/MyFirstLevel.MyFirstLevel:PersistentLevel' has LevelScriptBlueprint '/Game/MyFirstLevel.MyFirstLevel:PersistentLevel.MyFirstLevel' with GeneratedClass '/Game/MyFirstLevel.MyFirstLevel_C' with ClassGeneratedBy '/Game/MyFirstLevel.MyFirstLevel:PersistentLevel.MyFirstLevel'
[2016.03.17-08.42.40:062][596]LogParticles: Destroying 0 GPU particle simulations for FXSystem 0x00000003F7939440
[2016.03.17-08.42.40:799][680]LogBlueprintUserMessages: Early PlayInEditor Detection: Level '/Game/MyFirstLevel.MyFirstLevel:PersistentLevel' has LevelScriptBlueprint '/Game/MyFirstLevel.MyFirstLevel:PersistentLevel.MyFirstLevel' with GeneratedClass '/Game/MyFirstLevel.MyFirstLevel_C' with ClassGeneratedBy '/Game/MyFirstLevel.MyFirstLevel:PersistentLevel.MyFirstLevel'
[2016.03.17-08.42.40:800][680]LogPlayLevel: PlayLevel: No blueprints needed recompiling
[2016.03.17-08.43.01:585][697]LogBlueprintUserMessages: Early PlayInEditor Detection: Level '/Game/MyFirstLevel.MyFirstLevel:PersistentLevel' has LevelScriptBlueprint '/Game/MyFirstLevel.MyFirstLevel:PersistentLevel.MyFirstLevel' with GeneratedClass '/Game/MyFirstLevel.MyFirstLevel_C' with ClassGeneratedBy '/Game/MyFirstLevel.MyFirstLevel:PersistentLevel.MyFirstLevel'
[2016.03.17-08.43.01:585][697]LogPlayLevel: PlayLevel: No blueprints needed recompiling
[2016.03.17-08.43.03:035][697]PIE: New page: PIE session: MyFirstLevel (Mar 17, 2016, 10:43:03 AM)
[2016.03.17-08.43.03:035][697]LogPlayLevel: Creating play world package: /Game/UEDPIE_0_MyFirstLevel
[2016.03.17-08.43.03:062][697]LogPlayLevel: PIE: StaticDuplicateObject took: (0.027816s)
[2016.03.17-08.43.03:063][697]LogAIModule: Creating AISystem for world MyFirstLevel
[2016.03.17-08.43.03:063][697]LogPlayLevel: PIE: World Init took: (0.000486s)
[2016.03.17-08.43.03:063][697]LogPlayLevel: PIE: Created PIE world by copying editor world from /Game/MyFirstLevel.MyFirstLevel to /Game/UEDPIE_0_MyFirstLevel.MyFirstLevel (0.028470s)
[2016.03.17-08.43.03:084][697]LogInit: XAudio2 using 'Speakers (Realtek High Definition Audio)' : 2 channels at 48 kHz using 32 bits per sample (channel mask 0x3)
[2016.03.17-08.43.03:089][697]LogInit: FAudioDevice initialized.
[2016.03.17-08.43.03:122][697]LogWorld: Game class is 'GamePadGameMode_C'
[2016.03.17-08.43.03:174][697]LogWorld: Bringing World /Game/UEDPIE_0_MyFirstLevel.MyFirstLevel up for play (max tick rate 0) at 2016.03.17-09.43.03
[2016.03.17-08.43.03:174][697]LogActor:Warning: GameSession /Game/UEDPIE_0_MyFirstLevel.MyFirstLevel:PersistentLevel.GameSession_1 has natively added scene component(s), but none of them were set as the actor's RootComponent - picking one arbitrarily
[2016.03.17-08.43.03:174][697]LogActor:Warning: GameNetworkManager /Game/UEDPIE_0_MyFirstLevel.MyFirstLevel:PersistentLevel.GameNetworkManager_1 has natively added scene component(s), but none of them were set as the actor's RootComponent - picking one arbitrarily
[2016.03.17-08.43.03:176][697]LogWorld: Bringing up level for play took: 0.053229
[2016.03.17-08.43.03:179][697]PIE: Info Play in editor start time for /Game/UEDPIE_0_MyFirstLevel 0.965
[2016.03.17-08.43.03:179][697]LogBlueprintUserMessages: Late PlayInEditor Detection: Level '/Game/MyFirstLevel.MyFirstLevel:PersistentLevel' has LevelScriptBlueprint '/Game/MyFirstLevel.MyFirstLevel:PersistentLevel.MyFirstLevel' with GeneratedClass '/Game/MyFirstLevel.MyFirstLevel_C' with ClassGeneratedBy '/Game/MyFirstLevel.MyFirstLevel:PersistentLevel.MyFirstLevel'
[2016.03.17-08.43.09:846][495]LogBlueprintUserMessages: Early EndPlayMap Detection: Level '/Game/MyFirstLevel.MyFirstLevel:PersistentLevel' has LevelScriptBlueprint '/Game/MyFirstLevel.MyFirstLevel:PersistentLevel.MyFirstLevel' with GeneratedClass '/Game/MyFirstLevel.MyFirstLevel_C' with ClassGeneratedBy '/Game/MyFirstLevel.MyFirstLevel:PersistentLevel.MyFirstLevel'
[2016.03.17-08.43.09:875][495]LogBlueprintUserMessages: Late EndPlayMap Detection: Level '/Game/MyFirstLevel.MyFirstLevel:PersistentLevel' has LevelScriptBlueprint '/Game/MyFirstLevel.MyFirstLevel:PersistentLevel.MyFirstLevel' with GeneratedClass '/Game/MyFirstLevel.MyFirstLevel_C' with ClassGeneratedBy '/Game/MyFirstLevel.MyFirstLevel:PersistentLevel.MyFirstLevel'
[2016.03.17-08.43.09:898][495]LogParticles: Destroying 0 GPU particle simulations for FXSystem 0x00000003F5A82840
[2016.03.17-08.43.10:786][601]LogVSAccessor:Warning: Couldn't access Visual Studio
[2016.03.17-08.43.10:790][601]Recompiling TheBeginning...
[2016.03.17-08.43.10:790][601]Launching UnrealBuildTool... [D:/Programme/Epic Games/4.9/Engine/Binaries/DotNET/UnrealBuildTool.exe TheBeginning -ModuleWithSuffix TheBeginning 6841 Win64 Development -editorrecompile -canskiplink "D:/UnrealProjects/GE_Project/TheBeginning.uproject" -rocket  -rocket]
[2016.03.17-08.43.10:790][601]Warning: Starting HotReload took  0.0s.
[2016.03.17-08.43.33:917][340]CompilerResultsLog: New page: Compilation - Mar 17, 2016, 10:43:33 AM
[2016.03.17-08.43.33:917][340]CompilerResultsLog: Info Creating makefile for hot reloading TheBeginning (.uproject file is newer)
[2016.03.17-08.43.33:917][340]CompilerResultsLog: Info Compiling game modules for hot reload
[2016.03.17-08.43.33:917][340]CompilerResultsLog: Info Target is up to date.
[2016.03.17-08.43.33:917][340]LogMainFrame: MainFrame: Module compiling took 23.132 seconds
[2016.03.17-08.43.42:848][632]LogBlueprintUserMessages: Early PlayInEditor Detection: Level '/Game/MyFirstLevel.MyFirstLevel:PersistentLevel' has LevelScriptBlueprint '/Game/MyFirstLevel.MyFirstLevel:PersistentLevel.MyFirstLevel' with GeneratedClass '/Game/MyFirstLevel.MyFirstLevel_C' with ClassGeneratedBy '/Game/MyFirstLevel.MyFirstLevel:PersistentLevel.MyFirstLevel'
[2016.03.17-08.43.42:848][632]LogPlayLevel: PlayLevel: No blueprints needed recompiling
[2016.03.17-08.43.42:848][632]PIE: New page: PIE session: MyFirstLevel (Mar 17, 2016, 10:43:42 AM)
[2016.03.17-08.43.42:848][632]LogPlayLevel: Creating play world package: /Game/UEDPIE_0_MyFirstLevel
[2016.03.17-08.43.42:878][632]LogPlayLevel: PIE: StaticDuplicateObject took: (0.030175s)
[2016.03.17-08.43.42:879][632]LogAIModule: Creating AISystem for world MyFirstLevel
[2016.03.17-08.43.42:879][632]LogPlayLevel: PIE: World Init took: (0.000483s)
[2016.03.17-08.43.42:879][632]LogPlayLevel: PIE: Created PIE world by copying editor world from /Game/MyFirstLevel.MyFirstLevel to /Game/UEDPIE_0_MyFirstLevel.MyFirstLevel (0.030823s)
[2016.03.17-08.43.42:906][632]LogInit: XAudio2 using 'Speakers (Realtek High Definition Audio)' : 2 channels at 48 kHz using 32 bits per sample (channel mask 0x3)
[2016.03.17-08.43.42:912][632]LogInit: FAudioDevice initialized.
[2016.03.17-08.43.42:948][632]LogWorld: Game class is 'GamePadGameMode_C'
[2016.03.17-08.43.43:004][632]LogWorld: Bringing World /Game/UEDPIE_0_MyFirstLevel.MyFirstLevel up for play (max tick rate 0) at 2016.03.17-09.43.43
[2016.03.17-08.43.43:004][632]LogActor:Warning: GameSession /Game/UEDPIE_0_MyFirstLevel.MyFirstLevel:PersistentLevel.GameSession_2 has natively added scene component(s), but none of them were set as the actor's RootComponent - picking one arbitrarily
[2016.03.17-08.43.43:004][632]LogActor:Warning: GameNetworkManager /Game/UEDPIE_0_MyFirstLevel.MyFirstLevel:PersistentLevel.GameNetworkManager_2 has natively added scene component(s), but none of them were set as the actor's RootComponent - picking one arbitrarily
[2016.03.17-08.43.43:006][632]LogWorld: Bringing up level for play took: 0.056546
[2016.03.17-08.43.43:008][632]PIE: Info Play in editor start time for /Game/UEDPIE_0_MyFirstLevel 0.794
[2016.03.17-08.43.43:008][632]LogBlueprintUserMessages: Late PlayInEditor Detection: Level '/Game/MyFirstLevel.MyFirstLevel:PersistentLevel' has LevelScriptBlueprint '/Game/MyFirstLevel.MyFirstLevel:PersistentLevel.MyFirstLevel' with GeneratedClass '/Game/MyFirstLevel.MyFirstLevel_C' with ClassGeneratedBy '/Game/MyFirstLevel.MyFirstLevel:PersistentLevel.MyFirstLevel'
[2016.03.17-08.44.00:618][741]LogBlueprintUserMessages: Early EndPlayMap Detection: Level '/Game/MyFirstLevel.MyFirstLevel:PersistentLevel' has LevelScriptBlueprint '/Game/MyFirstLevel.MyFirstLevel:PersistentLevel.MyFirstLevel' with GeneratedClass '/Game/MyFirstLevel.MyFirstLevel_C' with ClassGeneratedBy '/Game/MyFirstLevel.MyFirstLevel:PersistentLevel.MyFirstLevel'
[2016.03.17-08.44.00:652][741]LogBlueprintUserMessages: Late EndPlayMap Detection: Level '/Game/MyFirstLevel.MyFirstLevel:PersistentLevel' has LevelScriptBlueprint '/Game/MyFirstLevel.MyFirstLevel:PersistentLevel.MyFirstLevel' with GeneratedClass '/Game/MyFirstLevel.MyFirstLevel_C' with ClassGeneratedBy '/Game/MyFirstLevel.MyFirstLevel:PersistentLevel.MyFirstLevel'
[2016.03.17-08.44.00:676][741]LogParticles: Destroying 0 GPU particle simulations for FXSystem 0x00000003C7368AE0
[2016.03.17-08.44.09:663][816]Cmd: CLOSE_SLATE_MAINFRAME
[2016.03.17-08.44.09:800][816]LogWindowsTextInputMethodSystem:Display: IME system now deactivated.
[2016.03.17-08.44.10:037][817]Cmd: QUIT_EDITOR
[2016.03.17-08.44.11:681][817]LogExit: Preparing to exit.
[2016.03.17-08.44.12:177][817]LogExit: Editor shut down
[2016.03.17-08.44.12:177][817]LogExit: Transaction tracking system shut down
[2016.03.17-08.44.12:178][817]LogParticles: Destroying 0 GPU particle simulations for FXSystem 0x00000003F7733880
[2016.03.17-08.44.12:178][817]LogParticles: Destroying 0 GPU particle simulations for FXSystem 0x00000003FE746E80
[2016.03.17-08.44.12:179][817]LogParticles: Destroying 0 GPU particle simulations for FXSystem 0x0000000380B86A20
[2016.03.17-08.44.12:193][817]LeapPluginLog: LeapController::CleanupEventData Delete Called
[2016.03.17-08.44.12:306][817]LogExit: Object subsystem successfully closed.
[2016.03.17-08.44.12:314][817]LogD3D11RHI: Shutdown
[2016.03.17-08.44.12:314][817]LogD3D11RHI: CleanupD3DDevice
[2016.03.17-08.44.12:357][817]LogD3D11RHI: ~FD3D11DynamicRHI
[2016.03.17-08.44.12:485][817]LogCrashTracker: 


[2016.03.17-08.44.12:485][817]LogCrashTracker: 


[2016.03.17-08.44.12:485][817]LogWindows: === Critical error: ===
Fatal error!



