[2016.01.31-14.57.14:231][  0]Log file open, 01/31/16 15:57:14
[2016.01.31-14.57.14:231][  0]LogInit:Display: Running engine for game: TheBeginning
[2016.01.31-14.57.14:231][  0]LogInit:Display: RandInit(-1077212544) SRandInit(-1077212543).
[2016.01.31-14.57.14:231][  0]LogTaskGraph: Started task graph with 4 named threads and 7 total threads.
[2016.01.31-14.57.14:231][  0]LogStats: Stats thread started at 1.725775
[2016.01.31-14.57.14:231][  0]LogInit: Version: 4.9.2-2707645+++depot+UE4-Releases+4.9
[2016.01.31-14.57.14:231][  0]LogInit: API Version: 2672455
[2016.01.31-14.57.14:231][  0]LogInit: Compiled (64-bit): Sep 28 2015 10:25:44
[2016.01.31-14.57.14:231][  0]LogInit: Compiled with Visual C++: 18.00.21005.01
[2016.01.31-14.57.14:231][  0]LogInit: Build Configuration: Development
[2016.01.31-14.57.14:231][  0]LogInit: Branch Name: ++depot+UE4-Releases+4.9
[2016.01.31-14.57.14:231][  0]LogInit: Command line:  
[2016.01.31-14.57.14:231][  0]LogInit: Base directory: D:/Programme/Epic Games/4.9/Engine/Binaries/Win64/
[2016.01.31-14.57.14:231][  0]LogInit: Rocket: 1
[2016.01.31-14.57.14:317][  0]LogInit: Using libcurl 7.41.0
[2016.01.31-14.57.14:317][  0]LogInit:  - built for x86_64-pc-win32
[2016.01.31-14.57.14:317][  0]LogInit:  - supports SSL with WinSSL
[2016.01.31-14.57.14:317][  0]LogInit:  - other features:
[2016.01.31-14.57.14:317][  0]LogInit:      CURL_VERSION_SSL
[2016.01.31-14.57.14:317][  0]LogInit:      CURL_VERSION_IPV6
[2016.01.31-14.57.14:317][  0]LogInit:      CURL_VERSION_ASYNCHDNS
[2016.01.31-14.57.14:317][  0]LogInit:      CURL_VERSION_LARGEFILE
[2016.01.31-14.57.14:317][  0]LogInit:      CURL_VERSION_IDN
[2016.01.31-14.57.14:318][  0]LogInit:  CurlRequestOptions (configurable via config and command line):
[2016.01.31-14.57.14:318][  0]LogInit:  - bVerifyPeer = true  - Libcurl will verify peer certificate
[2016.01.31-14.57.14:318][  0]LogInit:  - bUseHttpProxy = false  - Libcurl will NOT use HTTP proxy
[2016.01.31-14.57.14:318][  0]LogInit:  - bDontReuseConnections = false  - Libcurl will reuse connections
[2016.01.31-14.57.14:318][  0]LogInit:  - CertBundlePath = nullptr  - Libcurl will use whatever was configured at build time.
[2016.01.31-14.57.14:409][  0]LogInit: Presizing for 0 objects not considered by GC, pre-allocating 0 bytes.
[2016.01.31-14.57.14:568][  0]LogInit: Object subsystem initialized
[2016.01.31-14.57.14:721][  0]LogInit: Selected Device Profile: [Windows]
[2016.01.31-14.57.14:721][  0]LogInit: Applying CVar settings loaded from the selected device profile: [Windows]
[2016.01.31-14.57.14:785][  0]LogInit: Computer: PC1021500895
[2016.01.31-14.57.14:785][  0]LogInit: User: VR
[2016.01.31-14.57.14:785][  0]LogInit: CPU Page size=4096, Cores=4
[2016.01.31-14.57.14:789][  0]LogInit: High frequency timer resolution =3.507499 MHz
[2016.01.31-14.57.14:790][  0]LogMemory: Memory total: Physical=15.9GB (16GB approx)
[2016.01.31-14.57.14:790][  0]LogMemory: Platform Memory Stats for Windows
[2016.01.31-14.57.14:790][  0]LogMemory: Process Physical Memory: 52.65 MB used, 52.65 MB peak
[2016.01.31-14.57.14:790][  0]LogMemory: Process Virtual Memory: 55.18 MB used, 55.18 MB peak
[2016.01.31-14.57.14:790][  0]LogMemory: Physical Memory: 3613.86 MB used, 16261.17 MB total
[2016.01.31-14.57.14:790][  0]LogMemory: Virtual Memory: 349.54 MB used, 134217728.00 MB total
[2016.01.31-14.57.15:569][  0]LogTextLocalizationManager: No translations for ('de-DE') exist, falling back to 'en' for localization and internationalization data.
[2016.01.31-14.57.16:592][  0]LogD3D11RHI: Found D3D11 adapter 0: NVIDIA GeForce GTX 970 (Feature Level 11_0)
[2016.01.31-14.57.16:592][  0]LogD3D11RHI: Adapter has 3976MB of dedicated video memory, 0MB of dedicated system memory, and 8130MB of shared system memory, 1 output[s]
[2016.01.31-14.57.16:593][  0]LogD3D11RHI: Found D3D11 adapter 1: Microsoft Basic Render Driver (Feature Level 11_0)
[2016.01.31-14.57.16:593][  0]LogD3D11RHI: Adapter has 0MB of dedicated video memory, 0MB of dedicated system memory, and 256MB of shared system memory, 0 output[s]
[2016.01.31-14.57.16:593][  0]LogD3D11RHI: Chosen D3D11 Adapter Id = 0
[2016.01.31-14.57.16:596][  0]LogD3D11RHI: !Direct3DDevice
[2016.01.31-14.57.16:596][  0]LogRHI: Texture pool is 1361 MB (70% of 1945 MB)
[2016.01.31-14.57.16:604][  0]LogD3D11RHI: Async texture creation enabled
[2016.01.31-14.57.16:821][  0]LogShaderCompilers: Guid format shader working directory is 15 characters bigger than the processId version (../../../../../../UnrealProjects/GE_Project/Intermediate/Shaders/WorkingDirectory/4580/).
[2016.01.31-14.57.16:821][  0]LogShaderCompilers: Cleaned the shader compiler working directory '../../../../../../UnrealProjects/GE_Project/Intermediate/Shaders/tmp/2F2B359A4E8E44670F97929B3DB90AD5/'.
[2016.01.31-14.57.16:821][  0]LogShaderCompilers:Display: Using Local Shader Compiler.
[2016.01.31-14.57.18:916][  0]LogTemp:Display: Loaded TP AllDesktopTargetPlatform
[2016.01.31-14.57.18:920][  0]LogTemp:Display: Loaded TP WindowsClientTargetPlatform
[2016.01.31-14.57.18:923][  0]LogTemp:Display: Loaded TP WindowsNoEditorTargetPlatform
[2016.01.31-14.57.18:926][  0]LogTemp:Display: Loaded TP WindowsServerTargetPlatform
[2016.01.31-14.57.18:930][  0]LogTemp:Display: Loaded TP WindowsTargetPlatform
[2016.01.31-14.57.18:944][  0]LogTemp:Display: Loaded TP AndroidTargetPlatform
[2016.01.31-14.57.18:947][  0]LogTemp:Display: Loaded TP Android_ASTCTargetPlatform
[2016.01.31-14.57.18:949][  0]LogTemp:Display: Loaded TP Android_ATCTargetPlatform
[2016.01.31-14.57.18:952][  0]LogTemp:Display: Loaded TP Android_DXTTargetPlatform
[2016.01.31-14.57.18:954][  0]LogTemp:Display: Loaded TP Android_ETC1TargetPlatform
[2016.01.31-14.57.18:957][  0]LogTemp:Display: Loaded TP Android_ETC2TargetPlatform
[2016.01.31-14.57.18:959][  0]LogTemp:Display: Loaded TP Android_PVRTCTargetPlatform
[2016.01.31-14.57.18:960][  0]LogTemp:Display: Loaded TP HTML5TargetPlatform
[2016.01.31-14.57.19:035][  0]LogTemp:Display: Loaded TP IOSTargetPlatform
[2016.01.31-14.57.19:038][  0]LogTemp:Display: Loaded TP LinuxNoEditorTargetPlatform
[2016.01.31-14.57.19:040][  0]LogTemp:Display: Loaded TP LinuxServerTargetPlatform
[2016.01.31-14.57.19:045][  0]LogTemp:Display: Loaded TP LinuxTargetPlatform
[2016.01.31-14.57.19:045][  0]LogTargetPlatformManager:Display: Building Assets For Windows
[2016.01.31-14.57.19:541][  0]LogDerivedDataCache:Display: Max Cache Size: 512 MB
[2016.01.31-14.57.19:703][  0]LogDerivedDataCache: Loaded boot cache 0.16s 41MB C:/Users/VR/AppData/Local/UnrealEngine/4.9/DerivedDataCache/Boot.ddc.
[2016.01.31-14.57.19:703][  0]LogDerivedDataCache:Display: Loaded Boot cache: C:/Users/VR/AppData/Local/UnrealEngine/4.9/DerivedDataCache/Boot.ddc
[2016.01.31-14.57.19:703][  0]LogDerivedDataCache: FDerivedDataBackendGraph:  Pak pak cache file ../../../../../../UnrealProjects/GE_Project/DerivedDataCache/DDC.ddp not found, will not use a pak cache.
[2016.01.31-14.57.19:703][  0]LogDerivedDataCache: Unable to find inner node Pak for hierarchical cache Hierarchy.
[2016.01.31-14.57.19:703][  0]LogDerivedDataCache: FDerivedDataBackendGraph:  CompressedPak pak cache file ../../../../../../UnrealProjects/GE_Project/DerivedDataCache/Compressed.ddp not found, will not use a pak cache.
[2016.01.31-14.57.19:703][  0]LogDerivedDataCache: Unable to find inner node CompressedPak for hierarchical cache Hierarchy.
[2016.01.31-14.57.19:867][  0]LogDerivedDataCache:Display: Pak cache opened for reading ../../../Engine/DerivedDataCache/Compressed.ddp.
[2016.01.31-14.57.19:879][  0]LogDerivedDataCache: Using Local data cache path C:/Users/VR/AppData/Local/UnrealEngine/Common/DerivedDataCache: Writable
[2016.01.31-14.57.25:493][  0]LogInit: Selected Device Profile: [Windows]
[2016.01.31-14.57.25:532][  0]LogContentStreaming: Texture pool size is 0.000000MB
[2016.01.31-14.57.26:221][  0]LogMeshUtilities: No automatic mesh reduction module available
[2016.01.31-14.57.26:221][  0]LogMeshUtilities: No automatic mesh merging module available
[2016.01.31-14.57.28:064][  0]LogInit: WinSock: version 1.1 (2.2), MaxSocks=32767, MaxUdp=65467
[2016.01.31-14.57.36:542][  0]UdpMessaging: Initializing bridge on interface 0.0.0.0:0 to multicast group 230.0.0.1:6666.
[2016.01.31-14.57.36:905][  0]LogAssetRegistry: FAssetRegistry took 0.0133 seconds to start up
[2016.01.31-14.57.38:479][  0]SourceControl: Info Source control is disabled
[2016.01.31-14.57.38:521][  0]SourceControl: Info Source control is disabled
[2016.01.31-14.57.38:567][  0]SourceControl: Info Source control is disabled
[2016.01.31-14.57.38:600][  0]SourceControl: Info Source control is disabled
[2016.01.31-14.57.39:336][  0]LogLinker:Warning: Asset '../../../Engine/Plugins/Runtime/LeapMotionController/Content/LM_PassthroughMaterial.uasset' has been saved with empty engine version. The asset will be loaded but may be incompatible.
[2016.01.31-14.57.39:540][  0]LeapPluginLog: Using LeapPlugin version 0.9.6
[2016.01.31-14.57.39:544][  0]LogObj: 29249 objects as part of root set at end of initial load.
[2016.01.31-14.57.39:544][  0]LogUObjectAllocator: 6234272 out of 0 bytes used by permanent object pool.
[2016.01.31-14.57.39:973][  0]LogEngine: Initializing Engine...
[2016.01.31-14.57.39:985][  0]LogHMD: Can't find Oculus library dev build: is proper Runtime installed? Version: 0.7.0.0
[2016.01.31-14.57.40:889][  0]LogHMD: SteamVR initialized.  Driver: oculus  Display: 207KGV03FJGR
[2016.01.31-14.57.41:352][  0]LogAIModule: Creating AISystem for world NewWorld
[2016.01.31-14.57.41:446][  0]LogInit: XAudio2 using 'HP E221c-8 (NVIDIA High Definition Audio)' : 2 channels at 48 kHz using 16 bits per sample (channel mask 0x3)
[2016.01.31-14.57.41:470][  0]LogInit: FAudioDevice initialized.
[2016.01.31-14.57.41:487][  0]LogDerivedDataCache: Saved boot cache 0.02s 41MB C:/Users/VR/AppData/Local/UnrealEngine/4.9/DerivedDataCache/Boot.ddc.
[2016.01.31-14.57.41:491][  0]LogInit: Texture streaming: Enabled
[2016.01.31-14.57.41:506][  0]LogAnalytics: Creating configured Analytics provider AnalyticsET
[2016.01.31-14.57.41:514][  0]LogAnalytics: [UEEditor.Rocket.Release] APIServer = http://et2.epicgames.com/ET2/. AppVersion = 4.9.2-2707645+++depot+UE4-Releases+4.9
[2016.01.31-14.57.41:514][  0]LogAnalytics: [UEEditor.Rocket.Release] SetUserId 8c1436b7469470d4e6ebefb46ce7086e|15a5252fe37a4825a673547b0b937ab6|c39e7128-8a93-45bc-b94e-b28d0faf1958
[2016.01.31-14.57.41:514][  0]LogAnalytics: [UEEditor.Rocket.Release] AnalyticsET::StartSession
[2016.01.31-14.57.41:753][  0]LogInit: Transaction tracking system initialized
[2016.01.31-14.57.42:216][  0]BlueprintLog: New page: Editor Load
[2016.01.31-14.57.43:700][  0]LocalizationService: Info Localization service is disabled
[2016.01.31-14.57.44:185][  0]LogLinker:Warning: Can't find file '/Game/FirstPersonBP/FirstPersonOverview'
[2016.01.31-14.57.44:185][  0]LogLinker:Warning: Can't find file '/Game/FirstPersonBP/FirstPersonOverview'
[2016.01.31-14.57.44:193][  0]LogUObjectGlobals:Warning: Failed to find object 'Class /Game/FirstPersonBP/FirstPersonOverview.FirstPersonOverview_C'
[2016.01.31-14.57.44:501][  0]LogConsoleResponse:Display: 
[2016.01.31-14.57.46:744][  0]LogFileCache: Scanning file cache for directory 'D:/UnrealProjects/GE_Project/Content/' took 0.01s
[2016.01.31-14.57.46:744][  0]LogCook:Display: Done creating registry. It took  0.00s.
[2016.01.31-14.57.47:716][  0]SourceControl: Info Source control is disabled
[2016.01.31-14.57.47:802][  0]Cmd: MAP LOAD FILE="../../../../../../UnrealProjects/GE_Project/Content/StarterContent/Maps/Minimal_Default.umap" TEMPLATE=0 SHOWPROGRESS=1 FEATURELEVEL=3
[2016.01.31-14.57.47:902][  0]LightingResults: New page: Lighting Build
[2016.01.31-14.57.48:182][  0]MapCheck: New page: Map Check
[2016.01.31-14.57.48:182][  0]LightingResults: New page: Lighting Build
[2016.01.31-14.57.48:573][  0]LogParticles: Destroying 0 GPU particle simulations for FXSystem 0x00000048D49ABCE0
[2016.01.31-14.57.52:373][  0]LogAIModule: Creating AISystem for world Minimal_Default
[2016.01.31-14.57.52:907][  0]LogEditorServer: Finished looking for orphan Actors (0.000 secs)
[2016.01.31-14.57.52:987][  0]Cmd: MAP CHECKDEP NOCLEARLOG
[2016.01.31-14.57.53:044][  0]MapCheck: Info Map check complete: 0 Error(s), 0 Warning(s), took 57.028ms to complete.
[2016.01.31-14.57.53:056][  0]LogFileHelpers: Loading map 'Minimal_Default' took 5.309
[2016.01.31-14.57.54:359][  0]LogCollectionManager: Loaded 0 collections in 0.001005 seconds
[2016.01.31-14.57.54:464][  0]LogFileCache: Scanning file cache for directory 'D:/UnrealProjects/GE_Project/Saved/Collections/' took 0.01s
[2016.01.31-14.57.54:464][  0]LogFileCache: Scanning file cache for directory 'D:/UnrealProjects/GE_Project/Content/Developers/VR/Collections/' took 0.01s
[2016.01.31-14.57.54:464][  0]LogFileCache: Scanning file cache for directory 'D:/UnrealProjects/GE_Project/Content/Collections/' took 0.01s
[2016.01.31-14.57.54:464][  0]LogContentBrowser: Native class hierarchy populated in 0.0555 seconds. Added 1918 classes and 347 folders.
[2016.01.31-14.57.54:564][  0]LogCollectionManager: Rebuilt the GUID cache for 0 collections in 0.000003 seconds
[2016.01.31-14.57.54:695][  0]LogContentBrowser: Native class hierarchy updated for 'WidgetCarousel' in 0.0008 seconds. Added 0 classes and 0 folders.
[2016.01.31-14.57.56:719][  0]LogContentBrowser: Native class hierarchy updated for 'AddContentDialog' in 0.0014 seconds. Added 0 classes and 0 folders.
[2016.01.31-14.57.56:744][  0]LogContentBrowser: Native class hierarchy updated for 'SceneOutliner' in 0.0009 seconds. Added 1 classes and 2 folders.
[2016.01.31-14.57.57:272][  0]LogCrashTracker: Crashtracker disabled due to settings.
[2016.01.31-14.57.57:344][  0]LogUObjectGlobals:Warning: Failed to find object 'Class None.'
[2016.01.31-14.57.57:386][  0]LogLoad: Full Startup: 47.96 seconds (BP compile: 0.37 seconds)
[2016.01.31-14.57.57:960][  0]LogContentStreaming: Texture pool size now 1000 MB
[2016.01.31-14.57.58:488][  0]LogRenderer: Reallocating scene render targets to support 1216x576 (Frame:2).
[2016.01.31-14.58.00:234][  4]LogAssetRegistry: Asset discovery search completed in 23.3403 seconds
[2016.01.31-14.58.00:234][  4]LogCollectionManager: Rebuilt the object cache for 0 collections in 0.000001 seconds (found 0 objects)
[2016.01.31-14.58.00:247][  4]LogCollectionManager: Fixed up redirectors for 0 collections in 0.000021 seconds (updated 0 objects)
[2016.01.31-14.58.07:469][ 24]LogBlueprint:Warning: [compiler Ue4ASP_Character] Warning Input Axis Event references unknown Axis 'LookUp' for  InputAxis LookUp 
[2016.01.31-14.58.07:469][ 24]LogBlueprint:Warning: [compiler Ue4ASP_Character] Warning Input Axis Event references unknown Axis 'Turn' for  InputAxis Turn 
[2016.01.31-14.58.07:470][ 24]LogBlueprint:Warning: [compiler Ue4ASP_Character] Warning Input Axis Event references unknown Axis 'MoveRight' for  InputAxis MoveRight 
[2016.01.31-14.58.07:470][ 24]LogBlueprint:Warning: [compiler Ue4ASP_Character] Warning Input Axis Event references unknown Axis 'MoveForward' for  InputAxis MoveForward 
[2016.01.31-14.58.07:472][ 24]LogBlueprint:Warning: [compiler Ue4ASP_Character] Warning [0058.04] Compile of Ue4ASP_Character successful, but with 4 Warning(s) [in 5 ms]
[2016.01.31-14.58.07:472][ 24]LogBlueprint:Warning: [compiler Ue4ASP_Character] Warning [0058.04] Compile of Ue4ASP_Character successful, but with 5 Warning(s) [in 0 ms]
[2016.01.31-14.58.07:472][ 24]LogBlueprint:Warning: [compiler Ue4ASP_Character] Warning [0058.04] Compile of Ue4ASP_Character successful, but with 6 Warning(s) [in 0 ms]
[2016.01.31-14.58.07:580][ 24]LogBlueprint:Warning: [compiler Ue4ASP_Character] Warning Input Axis Event references unknown Axis 'LookUp' for  InputAxis LookUp 
[2016.01.31-14.58.07:580][ 24]LogBlueprint:Warning: [compiler Ue4ASP_Character] Warning Input Axis Event references unknown Axis 'Turn' for  InputAxis Turn 
[2016.01.31-14.58.07:580][ 24]LogBlueprint:Warning: [compiler Ue4ASP_Character] Warning Input Axis Event references unknown Axis 'MoveRight' for  InputAxis MoveRight 
[2016.01.31-14.58.07:581][ 24]LogBlueprint:Warning: [compiler Ue4ASP_Character] Warning Input Axis Event references unknown Axis 'MoveForward' for  InputAxis MoveForward 
[2016.01.31-14.58.07:583][ 24]LogBlueprint:Warning: [compiler Ue4ASP_Character] Warning [0058.16] Compile of Ue4ASP_Character successful, but with 4 Warning(s) [in 5 ms]
[2016.01.31-14.58.07:583][ 24]LogBlueprint:Warning: [compiler Ue4ASP_Character] Warning [0058.16] Compile of Ue4ASP_Character successful, but with 5 Warning(s) [in 0 ms]
[2016.01.31-14.58.07:583][ 24]LogBlueprint:Warning: [compiler Ue4ASP_Character] Warning [0058.16] Compile of Ue4ASP_Character successful, but with 6 Warning(s) [in 0 ms]
[2016.01.31-14.58.08:691][ 24]LogAIModule: Creating AISystem for world MyFirstLevel
[2016.01.31-14.58.08:819][ 24]Cmd: MAP LOAD FILE="../../../../../../UnrealProjects/GE_Project/Content/MyFirstLevel.umap" TEMPLATE=0 SHOWPROGRESS=1 FEATURELEVEL=3
[2016.01.31-14.58.08:819][ 24]LightingResults: New page: Lighting Build
[2016.01.31-14.58.08:833][ 24]LoadErrors: New page: Loading map: MyFirstLevel.umap
[2016.01.31-14.58.08:846][ 24]MapCheck: New page: Map Check
[2016.01.31-14.58.08:846][ 24]LightingResults: New page: Lighting Build
[2016.01.31-14.58.08:861][ 24]LogParticles: Destroying 0 GPU particle simulations for FXSystem 0x00000048BD2E7740
[2016.01.31-14.58.09:191][ 24]LogEditorServer: Finished looking for orphan Actors (0.000 secs)
[2016.01.31-14.58.09:226][ 24]Cmd: MAP CHECKDEP NOCLEARLOG
[2016.01.31-14.58.09:266][ 24]MapCheck: Info Map check complete: 0 Error(s), 0 Warning(s), took 39.362ms to complete.
[2016.01.31-14.58.09:266][ 24]LogFileHelpers: Loading map 'MyFirstLevel' took 0.448
[2016.01.31-14.58.09:325][ 25]Cmd: UpdateLandscapeEditorData -warnings
[2016.01.31-14.58.09:352][ 25]Cmd: UpdateLandscapeEditorData
[2016.01.31-14.58.46:347][440]LogBlueprintUserMessages: Early PlayInEditor Detection: Level '/Game/MyFirstLevel.MyFirstLevel:PersistentLevel' has LevelScriptBlueprint '/Game/MyFirstLevel.MyFirstLevel:PersistentLevel.MyFirstLevel' with GeneratedClass '/Game/MyFirstLevel.MyFirstLevel_C' with ClassGeneratedBy '/Game/MyFirstLevel.MyFirstLevel:PersistentLevel.MyFirstLevel'
[2016.01.31-14.58.46:347][440]LogPlayLevel: PlayLevel: No blueprints needed recompiling
[2016.01.31-14.58.46:359][440]PIE: New page: PIE session: MyFirstLevel (Jan 31, 2016, 4:58:46 PM)
[2016.01.31-14.58.46:359][440]LogPlayLevel: Creating play world package: /Game/UEDPIE_0_MyFirstLevel
[2016.01.31-14.58.46:373][440]LogPlayLevel: PIE: StaticDuplicateObject took: (0.014070s)
[2016.01.31-14.58.46:374][440]LogAIModule: Creating AISystem for world MyFirstLevel
[2016.01.31-14.58.46:374][440]LogPlayLevel: PIE: World Init took: (0.000582s)
[2016.01.31-14.58.46:374][440]LogPlayLevel: PIE: Created PIE world by copying editor world from /Game/MyFirstLevel.MyFirstLevel to /Game/UEDPIE_0_MyFirstLevel.MyFirstLevel (0.014826s)
[2016.01.31-14.58.46:374][440]LogActorComponent: UnregisterComponent: (/Engine/Transient.CharMoveComp) Not registered. Aborting.
[2016.01.31-14.58.46:387][440]LogInit: XAudio2 using 'HP E221c-8 (NVIDIA High Definition Audio)' : 2 channels at 48 kHz using 16 bits per sample (channel mask 0x3)
[2016.01.31-14.58.46:389][440]LogInit: FAudioDevice initialized.
[2016.01.31-14.58.46:591][440]LogWorld: Game class is 'BP_TheBeginningGameMode_C'
[2016.01.31-14.58.46:623][440]LogWorld: Bringing World /Game/UEDPIE_0_MyFirstLevel.MyFirstLevel up for play (max tick rate 0) at 2016.01.31-15.58.46
[2016.01.31-14.58.46:623][440]LogActor:Warning: GameSession /Game/UEDPIE_0_MyFirstLevel.MyFirstLevel:PersistentLevel.GameSession_0 has natively added scene component(s), but none of them were set as the actor's RootComponent - picking one arbitrarily
[2016.01.31-14.58.46:623][440]LogActor:Warning: GameNetworkManager /Game/UEDPIE_0_MyFirstLevel.MyFirstLevel:PersistentLevel.GameNetworkManager_0 has natively added scene component(s), but none of them were set as the actor's RootComponent - picking one arbitrarily
[2016.01.31-14.58.46:677][440]LogWorld: Bringing up level for play took: 0.066767
[2016.01.31-14.58.46:780][440]PIE: Info Play in editor start time for /Game/UEDPIE_0_MyFirstLevel -0.355
[2016.01.31-14.58.46:780][440]LogBlueprintUserMessages: Late PlayInEditor Detection: Level '/Game/MyFirstLevel.MyFirstLevel:PersistentLevel' has LevelScriptBlueprint '/Game/MyFirstLevel.MyFirstLevel:PersistentLevel.MyFirstLevel' with GeneratedClass '/Game/MyFirstLevel.MyFirstLevel_C' with ClassGeneratedBy '/Game/MyFirstLevel.MyFirstLevel:PersistentLevel.MyFirstLevel'
[2016.01.31-14.58.46:931][441]LogRenderer: Reallocating scene render targets to support 1648x780 (Frame:2100).
[2016.01.31-14.58.53:515][226]LogBlueprintUserMessages: Early EndPlayMap Detection: Level '/Game/MyFirstLevel.MyFirstLevel:PersistentLevel' has LevelScriptBlueprint '/Game/MyFirstLevel.MyFirstLevel:PersistentLevel.MyFirstLevel' with GeneratedClass '/Game/MyFirstLevel.MyFirstLevel_C' with ClassGeneratedBy '/Game/MyFirstLevel.MyFirstLevel:PersistentLevel.MyFirstLevel'
[2016.01.31-14.58.53:591][226]LogBlueprintUserMessages: Late EndPlayMap Detection: Level '/Game/MyFirstLevel.MyFirstLevel:PersistentLevel' has LevelScriptBlueprint '/Game/MyFirstLevel.MyFirstLevel:PersistentLevel.MyFirstLevel' with GeneratedClass '/Game/MyFirstLevel.MyFirstLevel_C' with ClassGeneratedBy '/Game/MyFirstLevel.MyFirstLevel:PersistentLevel.MyFirstLevel'
[2016.01.31-14.58.53:591][226]LogActorComponent: UnregisterComponent: (/Engine/Transient.CharMoveComp) Not registered. Aborting.
[2016.01.31-14.58.53:591][226]LogActorComponent: UnregisterComponent: (/Engine/Transient.KinectInterface_GEN_VARIABLE) Not registered. Aborting.
[2016.01.31-14.58.53:608][226]LogParticles: Destroying 0 GPU particle simulations for FXSystem 0x00000048B06D5760
[2016.01.31-14.58.58:581][811]LogBlueprintUserMessages: Early PlayInEditor Detection: Level '/Game/MyFirstLevel.MyFirstLevel:PersistentLevel' has LevelScriptBlueprint '/Game/MyFirstLevel.MyFirstLevel:PersistentLevel.MyFirstLevel' with GeneratedClass '/Game/MyFirstLevel.MyFirstLevel_C' with ClassGeneratedBy '/Game/MyFirstLevel.MyFirstLevel:PersistentLevel.MyFirstLevel'
[2016.01.31-14.58.58:581][811]LogPlayLevel: PlayLevel: No blueprints needed recompiling
[2016.01.31-14.58.58:581][811]PIE: New page: PIE session: MyFirstLevel (Jan 31, 2016, 4:58:58 PM)
[2016.01.31-14.58.58:581][811]LogPlayLevel: Creating play world package: /Game/UEDPIE_0_MyFirstLevel
[2016.01.31-14.58.58:589][811]LogPlayLevel: PIE: StaticDuplicateObject took: (0.007956s)
[2016.01.31-14.58.58:590][811]LogAIModule: Creating AISystem for world MyFirstLevel
[2016.01.31-14.58.58:590][811]LogPlayLevel: PIE: World Init took: (0.000500s)
[2016.01.31-14.58.58:590][811]LogPlayLevel: PIE: Created PIE world by copying editor world from /Game/MyFirstLevel.MyFirstLevel to /Game/UEDPIE_0_MyFirstLevel.MyFirstLevel (0.008634s)
[2016.01.31-14.58.58:600][811]LogInit: XAudio2 using 'HP E221c-8 (NVIDIA High Definition Audio)' : 2 channels at 48 kHz using 16 bits per sample (channel mask 0x3)
[2016.01.31-14.58.58:603][811]LogInit: FAudioDevice initialized.
[2016.01.31-14.58.58:634][811]LogWorld: Game class is 'BP_TheBeginningGameMode_C'
[2016.01.31-14.58.58:649][811]LogWorld: Bringing World /Game/UEDPIE_0_MyFirstLevel.MyFirstLevel up for play (max tick rate 0) at 2016.01.31-15.58.58
[2016.01.31-14.58.58:649][811]LogActor:Warning: GameSession /Game/UEDPIE_0_MyFirstLevel.MyFirstLevel:PersistentLevel.GameSession_1 has natively added scene component(s), but none of them were set as the actor's RootComponent - picking one arbitrarily
[2016.01.31-14.58.58:649][811]LogActor:Warning: GameNetworkManager /Game/UEDPIE_0_MyFirstLevel.MyFirstLevel:PersistentLevel.GameNetworkManager_1 has natively added scene component(s), but none of them were set as the actor's RootComponent - picking one arbitrarily
[2016.01.31-14.58.58:650][811]LogWorld: Bringing up level for play took: 0.014387
[2016.01.31-14.58.58:678][811]PIE: Info Play in editor start time for /Game/UEDPIE_0_MyFirstLevel -0.458
[2016.01.31-14.58.58:678][811]LogBlueprintUserMessages: Late PlayInEditor Detection: Level '/Game/MyFirstLevel.MyFirstLevel:PersistentLevel' has LevelScriptBlueprint '/Game/MyFirstLevel.MyFirstLevel:PersistentLevel.MyFirstLevel' with GeneratedClass '/Game/MyFirstLevel.MyFirstLevel_C' with ClassGeneratedBy '/Game/MyFirstLevel.MyFirstLevel:PersistentLevel.MyFirstLevel'
[2016.01.31-14.59.00:575][ 37]LogBlueprintUserMessages: Early EndPlayMap Detection: Level '/Game/MyFirstLevel.MyFirstLevel:PersistentLevel' has LevelScriptBlueprint '/Game/MyFirstLevel.MyFirstLevel:PersistentLevel.MyFirstLevel' with GeneratedClass '/Game/MyFirstLevel.MyFirstLevel_C' with ClassGeneratedBy '/Game/MyFirstLevel.MyFirstLevel:PersistentLevel.MyFirstLevel'
[2016.01.31-14.59.00:603][ 37]LogBlueprintUserMessages: Late EndPlayMap Detection: Level '/Game/MyFirstLevel.MyFirstLevel:PersistentLevel' has LevelScriptBlueprint '/Game/MyFirstLevel.MyFirstLevel:PersistentLevel.MyFirstLevel' with GeneratedClass '/Game/MyFirstLevel.MyFirstLevel_C' with ClassGeneratedBy '/Game/MyFirstLevel.MyFirstLevel:PersistentLevel.MyFirstLevel'
[2016.01.31-14.59.00:624][ 37]LogParticles: Destroying 0 GPU particle simulations for FXSystem 0x00000048BFADE3E0
[2016.01.31-14.59.09:036][ 39]LogBlueprintUserMessages: Early PlayInEditor Detection: Level '/Game/MyFirstLevel.MyFirstLevel:PersistentLevel' has LevelScriptBlueprint '/Game/MyFirstLevel.MyFirstLevel:PersistentLevel.MyFirstLevel' with GeneratedClass '/Game/MyFirstLevel.MyFirstLevel_C' with ClassGeneratedBy '/Game/MyFirstLevel.MyFirstLevel:PersistentLevel.MyFirstLevel'
[2016.01.31-14.59.09:036][ 39]LogPlayLevel: PlayLevel: No blueprints needed recompiling
[2016.01.31-14.59.09:036][ 39]PIE: New page: PIE session: MyFirstLevel (Jan 31, 2016, 4:59:09 PM)
[2016.01.31-14.59.09:036][ 39]LogPlayLevel: Creating play world package: /Game/UEDPIE_0_MyFirstLevel
[2016.01.31-14.59.09:045][ 39]LogPlayLevel: PIE: StaticDuplicateObject took: (0.009062s)
[2016.01.31-14.59.09:046][ 39]LogAIModule: Creating AISystem for world MyFirstLevel
[2016.01.31-14.59.09:046][ 39]LogPlayLevel: PIE: World Init took: (0.000483s)
[2016.01.31-14.59.09:046][ 39]LogPlayLevel: PIE: Created PIE world by copying editor world from /Game/MyFirstLevel.MyFirstLevel to /Game/UEDPIE_0_MyFirstLevel.MyFirstLevel (0.009706s)
[2016.01.31-14.59.09:046][ 39]LogActorComponent: UnregisterComponent: (/Engine/Transient.CharMoveComp) Not registered. Aborting.
[2016.01.31-14.59.09:046][ 39]LogActorComponent: UnregisterComponent: (/Engine/Transient.CharacterMovementComponent_0) Not registered. Aborting.
[2016.01.31-14.59.09:046][ 39]LogActorComponent: UnregisterComponent: (/Engine/Transient.KinectInterface_GEN_VARIABLE) Not registered. Aborting.
[2016.01.31-14.59.09:058][ 39]LogInit: XAudio2 using 'HP E221c-8 (NVIDIA High Definition Audio)' : 2 channels at 48 kHz using 16 bits per sample (channel mask 0x3)
[2016.01.31-14.59.09:061][ 39]LogInit: FAudioDevice initialized.
[2016.01.31-14.59.09:091][ 39]LogWorld: Game class is 'BP_TheBeginningGameMode_C'
[2016.01.31-14.59.09:106][ 39]LogWorld: Bringing World /Game/UEDPIE_0_MyFirstLevel.MyFirstLevel up for play (max tick rate 0) at 2016.01.31-15.59.09
[2016.01.31-14.59.09:106][ 39]LogActor:Warning: GameSession /Game/UEDPIE_0_MyFirstLevel.MyFirstLevel:PersistentLevel.GameSession_2 has natively added scene component(s), but none of them were set as the actor's RootComponent - picking one arbitrarily
[2016.01.31-14.59.09:106][ 39]LogActor:Warning: GameNetworkManager /Game/UEDPIE_0_MyFirstLevel.MyFirstLevel:PersistentLevel.GameNetworkManager_2 has natively added scene component(s), but none of them were set as the actor's RootComponent - picking one arbitrarily
[2016.01.31-14.59.09:107][ 39]LogWorld: Bringing up level for play took: 0.015290
[2016.01.31-14.59.09:122][ 39]PIE: Info Play in editor start time for /Game/UEDPIE_0_MyFirstLevel -0.014
[2016.01.31-14.59.09:122][ 39]LogBlueprintUserMessages: Late PlayInEditor Detection: Level '/Game/MyFirstLevel.MyFirstLevel:PersistentLevel' has LevelScriptBlueprint '/Game/MyFirstLevel.MyFirstLevel:PersistentLevel.MyFirstLevel' with GeneratedClass '/Game/MyFirstLevel.MyFirstLevel_C' with ClassGeneratedBy '/Game/MyFirstLevel.MyFirstLevel:PersistentLevel.MyFirstLevel'
[2016.01.31-14.59.54:619][489]LogBlueprintUserMessages: Early EndPlayMap Detection: Level '/Game/MyFirstLevel.MyFirstLevel:PersistentLevel' has LevelScriptBlueprint '/Game/MyFirstLevel.MyFirstLevel:PersistentLevel.MyFirstLevel' with GeneratedClass '/Game/MyFirstLevel.MyFirstLevel_C' with ClassGeneratedBy '/Game/MyFirstLevel.MyFirstLevel:PersistentLevel.MyFirstLevel'
[2016.01.31-14.59.54:647][489]LogBlueprintUserMessages: Late EndPlayMap Detection: Level '/Game/MyFirstLevel.MyFirstLevel:PersistentLevel' has LevelScriptBlueprint '/Game/MyFirstLevel.MyFirstLevel:PersistentLevel.MyFirstLevel' with GeneratedClass '/Game/MyFirstLevel.MyFirstLevel_C' with ClassGeneratedBy '/Game/MyFirstLevel.MyFirstLevel:PersistentLevel.MyFirstLevel'
[2016.01.31-14.59.54:664][489]LogParticles: Destroying 0 GPU particle simulations for FXSystem 0x00000048BAD99BC0
[2016.01.31-15.00.02:585][406]LogBlueprintUserMessages: Early PlayInEditor Detection: Level '/Game/MyFirstLevel.MyFirstLevel:PersistentLevel' has LevelScriptBlueprint '/Game/MyFirstLevel.MyFirstLevel:PersistentLevel.MyFirstLevel' with GeneratedClass '/Game/MyFirstLevel.MyFirstLevel_C' with ClassGeneratedBy '/Game/MyFirstLevel.MyFirstLevel:PersistentLevel.MyFirstLevel'
[2016.01.31-15.00.02:585][406]LogPlayLevel: PlayLevel: No blueprints needed recompiling
[2016.01.31-15.00.02:585][406]PIE: New page: PIE session: MyFirstLevel (Jan 31, 2016, 5:00:02 PM)
[2016.01.31-15.00.02:585][406]LogPlayLevel: Creating play world package: /Game/UEDPIE_0_MyFirstLevel
[2016.01.31-15.00.02:593][406]LogPlayLevel: PIE: StaticDuplicateObject took: (0.007681s)
[2016.01.31-15.00.02:593][406]LogAIModule: Creating AISystem for world MyFirstLevel
[2016.01.31-15.00.02:594][406]LogPlayLevel: PIE: World Init took: (0.000505s)
[2016.01.31-15.00.02:594][406]LogPlayLevel: PIE: Created PIE world by copying editor world from /Game/MyFirstLevel.MyFirstLevel to /Game/UEDPIE_0_MyFirstLevel.MyFirstLevel (0.008332s)
[2016.01.31-15.00.02:605][406]LogInit: XAudio2 using 'HP E221c-8 (NVIDIA High Definition Audio)' : 2 channels at 48 kHz using 16 bits per sample (channel mask 0x3)
[2016.01.31-15.00.02:607][406]LogInit: FAudioDevice initialized.
[2016.01.31-15.00.02:642][406]LogWorld: Game class is 'BP_TheBeginningGameMode_C'
[2016.01.31-15.00.02:655][406]LogWorld: Bringing World /Game/UEDPIE_0_MyFirstLevel.MyFirstLevel up for play (max tick rate 0) at 2016.01.31-16.00.02
[2016.01.31-15.00.02:655][406]LogActor:Warning: GameSession /Game/UEDPIE_0_MyFirstLevel.MyFirstLevel:PersistentLevel.GameSession_3 has natively added scene component(s), but none of them were set as the actor's RootComponent - picking one arbitrarily
[2016.01.31-15.00.02:655][406]LogActor:Warning: GameNetworkManager /Game/UEDPIE_0_MyFirstLevel.MyFirstLevel:PersistentLevel.GameNetworkManager_3 has natively added scene component(s), but none of them were set as the actor's RootComponent - picking one arbitrarily
[2016.01.31-15.00.02:656][406]LogWorld: Bringing up level for play took: 0.013001
[2016.01.31-15.00.02:674][406]PIE: Info Play in editor start time for /Game/UEDPIE_0_MyFirstLevel -0.461
[2016.01.31-15.00.02:674][406]LogBlueprintUserMessages: Late PlayInEditor Detection: Level '/Game/MyFirstLevel.MyFirstLevel:PersistentLevel' has LevelScriptBlueprint '/Game/MyFirstLevel.MyFirstLevel:PersistentLevel.MyFirstLevel' with GeneratedClass '/Game/MyFirstLevel.MyFirstLevel_C' with ClassGeneratedBy '/Game/MyFirstLevel.MyFirstLevel:PersistentLevel.MyFirstLevel'
[2016.01.31-15.00.05:185][705]LogBlueprintUserMessages: Early EndPlayMap Detection: Level '/Game/MyFirstLevel.MyFirstLevel:PersistentLevel' has LevelScriptBlueprint '/Game/MyFirstLevel.MyFirstLevel:PersistentLevel.MyFirstLevel' with GeneratedClass '/Game/MyFirstLevel.MyFirstLevel_C' with ClassGeneratedBy '/Game/MyFirstLevel.MyFirstLevel:PersistentLevel.MyFirstLevel'
[2016.01.31-15.00.05:215][705]LogBlueprintUserMessages: Late EndPlayMap Detection: Level '/Game/MyFirstLevel.MyFirstLevel:PersistentLevel' has LevelScriptBlueprint '/Game/MyFirstLevel.MyFirstLevel:PersistentLevel.MyFirstLevel' with GeneratedClass '/Game/MyFirstLevel.MyFirstLevel_C' with ClassGeneratedBy '/Game/MyFirstLevel.MyFirstLevel:PersistentLevel.MyFirstLevel'
[2016.01.31-15.00.05:236][705]LogParticles: Destroying 0 GPU particle simulations for FXSystem 0x000000488C0C1620
[2016.01.31-15.00.14:824][840]Cmd: CLOSE_SLATE_MAINFRAME
[2016.01.31-15.00.14:950][840]LogWindowsTextInputMethodSystem:Display: IME system now deactivated.
[2016.01.31-15.00.15:214][841]Cmd: QUIT_EDITOR
[2016.01.31-15.00.18:510][841]LogExit: Preparing to exit.
[2016.01.31-15.00.18:815][841]LogExit: Editor shut down
[2016.01.31-15.00.18:816][841]LogExit: Transaction tracking system shut down
[2016.01.31-15.00.18:817][841]LogParticles: Destroying 0 GPU particle simulations for FXSystem 0x00000048F73223E0
[2016.01.31-15.00.18:817][841]LogParticles: Destroying 0 GPU particle simulations for FXSystem 0x00000048F7321BC0
[2016.01.31-15.00.18:817][841]LogParticles: Destroying 0 GPU particle simulations for FXSystem 0x00000048DEF094E0
[2016.01.31-15.00.18:844][841]LogParticles: Destroying 0 GPU particle simulations for FXSystem 0x00000048E2168360
[2016.01.31-15.00.18:844][841]LogParticles: Destroying 0 GPU particle simulations for FXSystem 0x00000048E216AB60
[2016.01.31-15.00.19:060][841]LeapPluginLog: LeapController::CleanupEventData Delete Called
[2016.01.31-15.00.19:184][841]LogExit: Object subsystem successfully closed.
[2016.01.31-15.00.19:252][841]LogD3D11RHI: Shutdown
[2016.01.31-15.00.19:252][841]LogD3D11RHI: CleanupD3DDevice
[2016.01.31-15.00.19:317][841]LogD3D11RHI: ~FD3D11DynamicRHI
[2016.01.31-15.00.19:540][841]LogCrashTracker: 


[2016.01.31-15.00.19:541][841]LogCrashTracker: 


[2016.01.31-15.00.19:541][841]LogWindows: === Critical error: ===
Fatal error!



