[2016.03.06-15.06.52:992][  0]Log file open, 03/06/16 16:06:52
[2016.03.06-15.06.52:992][  0]LogInit:Display: Running engine for game: TheBeginning
[2016.03.06-15.06.52:992][  0]LogInit:Display: RandInit(583028929) SRandInit(583028929).
[2016.03.06-15.06.52:992][  0]LogTaskGraph: Started task graph with 4 named threads and 7 total threads.
[2016.03.06-15.06.52:992][  0]LogStats: Stats thread started at 1.709116
[2016.03.06-15.06.52:992][  0]LogInit: Version: 4.9.2-2707645+++depot+UE4-Releases+4.9
[2016.03.06-15.06.52:992][  0]LogInit: API Version: 2672455
[2016.03.06-15.06.52:992][  0]LogInit: Compiled (64-bit): Sep 28 2015 10:25:44
[2016.03.06-15.06.52:992][  0]LogInit: Compiled with Visual C++: 18.00.21005.01
[2016.03.06-15.06.52:992][  0]LogInit: Build Configuration: Development
[2016.03.06-15.06.52:992][  0]LogInit: Branch Name: ++depot+UE4-Releases+4.9
[2016.03.06-15.06.52:992][  0]LogInit: Command line:  
[2016.03.06-15.06.52:992][  0]LogInit: Base directory: D:/Programme/Epic Games/4.9/Engine/Binaries/Win64/
[2016.03.06-15.06.52:992][  0]LogInit: Rocket: 1
[2016.03.06-15.06.53:053][  0]LogInit: Using libcurl 7.41.0
[2016.03.06-15.06.53:053][  0]LogInit:  - built for x86_64-pc-win32
[2016.03.06-15.06.53:053][  0]LogInit:  - supports SSL with WinSSL
[2016.03.06-15.06.53:053][  0]LogInit:  - other features:
[2016.03.06-15.06.53:053][  0]LogInit:      CURL_VERSION_SSL
[2016.03.06-15.06.53:053][  0]LogInit:      CURL_VERSION_IPV6
[2016.03.06-15.06.53:053][  0]LogInit:      CURL_VERSION_ASYNCHDNS
[2016.03.06-15.06.53:054][  0]LogInit:      CURL_VERSION_LARGEFILE
[2016.03.06-15.06.53:054][  0]LogInit:      CURL_VERSION_IDN
[2016.03.06-15.06.53:054][  0]LogInit:  CurlRequestOptions (configurable via config and command line):
[2016.03.06-15.06.53:054][  0]LogInit:  - bVerifyPeer = true  - Libcurl will verify peer certificate
[2016.03.06-15.06.53:054][  0]LogInit:  - bUseHttpProxy = false  - Libcurl will NOT use HTTP proxy
[2016.03.06-15.06.53:054][  0]LogInit:  - bDontReuseConnections = false  - Libcurl will reuse connections
[2016.03.06-15.06.53:054][  0]LogInit:  - CertBundlePath = nullptr  - Libcurl will use whatever was configured at build time.
[2016.03.06-15.06.53:171][  0]LogInit: Presizing for 0 objects not considered by GC, pre-allocating 0 bytes.
[2016.03.06-15.06.53:330][  0]LogInit: Object subsystem initialized
[2016.03.06-15.06.53:474][  0]LogInit: Selected Device Profile: [Windows]
[2016.03.06-15.06.53:474][  0]LogInit: Applying CVar settings loaded from the selected device profile: [Windows]
[2016.03.06-15.06.53:522][  0]LogInit: Computer: PC1021500895
[2016.03.06-15.06.53:522][  0]LogInit: User: VR
[2016.03.06-15.06.53:522][  0]LogInit: CPU Page size=4096, Cores=4
[2016.03.06-15.06.53:527][  0]LogInit: High frequency timer resolution =3.507504 MHz
[2016.03.06-15.06.53:527][  0]LogMemory: Memory total: Physical=15.9GB (16GB approx)
[2016.03.06-15.06.53:527][  0]LogMemory: Platform Memory Stats for Windows
[2016.03.06-15.06.53:527][  0]LogMemory: Process Physical Memory: 53.13 MB used, 53.13 MB peak
[2016.03.06-15.06.53:527][  0]LogMemory: Process Virtual Memory: 55.22 MB used, 55.22 MB peak
[2016.03.06-15.06.53:527][  0]LogMemory: Physical Memory: 4438.59 MB used, 16261.17 MB total
[2016.03.06-15.06.53:527][  0]LogMemory: Virtual Memory: 346.75 MB used, 134217728.00 MB total
[2016.03.06-15.06.54:196][  0]LogTextLocalizationManager: No translations for ('de-DE') exist, falling back to 'en' for localization and internationalization data.
[2016.03.06-15.06.55:128][  0]LogD3D11RHI: Found D3D11 adapter 0: NVIDIA GeForce GTX 970 (Feature Level 11_0)
[2016.03.06-15.06.55:128][  0]LogD3D11RHI: Adapter has 3976MB of dedicated video memory, 0MB of dedicated system memory, and 8130MB of shared system memory, 1 output[s]
[2016.03.06-15.06.55:129][  0]LogD3D11RHI: Found D3D11 adapter 1: Microsoft Basic Render Driver (Feature Level 11_0)
[2016.03.06-15.06.55:129][  0]LogD3D11RHI: Adapter has 0MB of dedicated video memory, 0MB of dedicated system memory, and 256MB of shared system memory, 0 output[s]
[2016.03.06-15.06.55:129][  0]LogD3D11RHI: Chosen D3D11 Adapter Id = 0
[2016.03.06-15.06.55:133][  0]LogD3D11RHI: !Direct3DDevice
[2016.03.06-15.06.55:133][  0]LogRHI: Texture pool is 1361 MB (70% of 1945 MB)
[2016.03.06-15.06.55:141][  0]LogD3D11RHI: Async texture creation enabled
[2016.03.06-15.06.55:383][  0]LogShaderCompilers: Guid format shader working directory is 15 characters bigger than the processId version (../../../../../../UnrealProjects/GE_Project/Intermediate/Shaders/WorkingDirectory/4116/).
[2016.03.06-15.06.55:383][  0]LogShaderCompilers: Cleaned the shader compiler working directory '../../../../../../UnrealProjects/GE_Project/Intermediate/Shaders/tmp/157783FA4D4DEF81B40477B0BBA694D8/'.
[2016.03.06-15.06.55:383][  0]LogShaderCompilers:Display: Using Local Shader Compiler.
[2016.03.06-15.06.57:428][  0]LogTemp:Display: Loaded TP AllDesktopTargetPlatform
[2016.03.06-15.06.57:431][  0]LogTemp:Display: Loaded TP WindowsClientTargetPlatform
[2016.03.06-15.06.57:442][  0]LogTemp:Display: Loaded TP WindowsNoEditorTargetPlatform
[2016.03.06-15.06.57:445][  0]LogTemp:Display: Loaded TP WindowsServerTargetPlatform
[2016.03.06-15.06.57:448][  0]LogTemp:Display: Loaded TP WindowsTargetPlatform
[2016.03.06-15.06.57:464][  0]LogTemp:Display: Loaded TP AndroidTargetPlatform
[2016.03.06-15.06.57:475][  0]LogTemp:Display: Loaded TP Android_ASTCTargetPlatform
[2016.03.06-15.06.57:477][  0]LogTemp:Display: Loaded TP Android_ATCTargetPlatform
[2016.03.06-15.06.57:479][  0]LogTemp:Display: Loaded TP Android_DXTTargetPlatform
[2016.03.06-15.06.57:482][  0]LogTemp:Display: Loaded TP Android_ETC1TargetPlatform
[2016.03.06-15.06.57:484][  0]LogTemp:Display: Loaded TP Android_ETC2TargetPlatform
[2016.03.06-15.06.57:487][  0]LogTemp:Display: Loaded TP Android_PVRTCTargetPlatform
[2016.03.06-15.06.57:488][  0]LogTemp:Display: Loaded TP HTML5TargetPlatform
[2016.03.06-15.06.57:546][  0]LogTemp:Display: Loaded TP IOSTargetPlatform
[2016.03.06-15.06.57:549][  0]LogTemp:Display: Loaded TP LinuxNoEditorTargetPlatform
[2016.03.06-15.06.57:552][  0]LogTemp:Display: Loaded TP LinuxServerTargetPlatform
[2016.03.06-15.06.57:566][  0]LogTemp:Display: Loaded TP LinuxTargetPlatform
[2016.03.06-15.06.57:566][  0]LogTargetPlatformManager:Display: Building Assets For Windows
[2016.03.06-15.06.57:995][  0]LogDerivedDataCache:Display: Max Cache Size: 512 MB
[2016.03.06-15.06.58:156][  0]LogDerivedDataCache: Loaded boot cache 0.16s 41MB C:/Users/VR/AppData/Local/UnrealEngine/4.9/DerivedDataCache/Boot.ddc.
[2016.03.06-15.06.58:156][  0]LogDerivedDataCache:Display: Loaded Boot cache: C:/Users/VR/AppData/Local/UnrealEngine/4.9/DerivedDataCache/Boot.ddc
[2016.03.06-15.06.58:156][  0]LogDerivedDataCache: FDerivedDataBackendGraph:  Pak pak cache file ../../../../../../UnrealProjects/GE_Project/DerivedDataCache/DDC.ddp not found, will not use a pak cache.
[2016.03.06-15.06.58:156][  0]LogDerivedDataCache: Unable to find inner node Pak for hierarchical cache Hierarchy.
[2016.03.06-15.06.58:156][  0]LogDerivedDataCache: FDerivedDataBackendGraph:  CompressedPak pak cache file ../../../../../../UnrealProjects/GE_Project/DerivedDataCache/Compressed.ddp not found, will not use a pak cache.
[2016.03.06-15.06.58:156][  0]LogDerivedDataCache: Unable to find inner node CompressedPak for hierarchical cache Hierarchy.
[2016.03.06-15.06.58:301][  0]LogDerivedDataCache:Display: Pak cache opened for reading ../../../Engine/DerivedDataCache/Compressed.ddp.
[2016.03.06-15.06.58:313][  0]LogDerivedDataCache: Using Local data cache path C:/Users/VR/AppData/Local/UnrealEngine/Common/DerivedDataCache: Writable
[2016.03.06-15.07.03:369][  0]LogInit: Selected Device Profile: [Windows]
[2016.03.06-15.07.03:428][  0]LogContentStreaming: Texture pool size is 0.000000MB
[2016.03.06-15.07.04:074][  0]LogMeshUtilities: No automatic mesh reduction module available
[2016.03.06-15.07.04:074][  0]LogMeshUtilities: No automatic mesh merging module available
[2016.03.06-15.07.05:642][  0]LogInit: WinSock: version 1.1 (2.2), MaxSocks=32767, MaxUdp=65467
[2016.03.06-15.07.12:796][  0]UdpMessaging: Initializing bridge on interface 0.0.0.0:0 to multicast group 230.0.0.1:6666.
[2016.03.06-15.07.13:125][  0]LogAssetRegistry: FAssetRegistry took 0.0137 seconds to start up
[2016.03.06-15.07.14:566][  0]SourceControl: Info Source control is disabled
[2016.03.06-15.07.14:608][  0]SourceControl: Info Source control is disabled
[2016.03.06-15.07.14:664][  0]SourceControl: Info Source control is disabled
[2016.03.06-15.07.14:698][  0]SourceControl: Info Source control is disabled
[2016.03.06-15.07.15:201][  0]LogLinker:Warning: Asset '../../../Engine/Plugins/Runtime/LeapMotionController/Content/LM_PassthroughMaterial.uasset' has been saved with empty engine version. The asset will be loaded but may be incompatible.
[2016.03.06-15.07.15:533][  0]LeapPluginLog: Using LeapPlugin version 0.9.6
[2016.03.06-15.07.15:538][  0]LogObj: 29222 objects as part of root set at end of initial load.
[2016.03.06-15.07.15:538][  0]LogUObjectAllocator: 6223848 out of 0 bytes used by permanent object pool.
[2016.03.06-15.07.16:035][  0]LogEngine: Initializing Engine...
[2016.03.06-15.07.16:112][  0]OCULUS: Info: 03/06/16 15:07:16: [CAPI] LibOVR module is located at C:\Windows\SYSTEM32\LibOVRRT64_0_7.dll

[2016.03.06-15.07.16:118][  0]LogHMD: Oculus plugin initialized. Version: 4.9.2-2707645+++depot+UE4-Releases+4.9, LibOVR: 0.7.0.0, built Sep 28 2015, 10:27:52
[2016.03.06-15.07.16:781][  0]LogAIModule: Creating AISystem for world NewWorld
[2016.03.06-15.07.16:902][  0]LogInit: XAudio2 using 'Speakers (Realtek High Definition Audio)' : 2 channels at 48 kHz using 32 bits per sample (channel mask 0x3)
[2016.03.06-15.07.17:048][  0]LogInit: FAudioDevice initialized.
[2016.03.06-15.07.17:066][  0]LogDerivedDataCache: Saved boot cache 0.02s 41MB C:/Users/VR/AppData/Local/UnrealEngine/4.9/DerivedDataCache/Boot.ddc.
[2016.03.06-15.07.17:070][  0]LogInit: Texture streaming: Enabled
[2016.03.06-15.07.17:092][  0]LogAnalytics: Creating configured Analytics provider AnalyticsET
[2016.03.06-15.07.17:102][  0]LogAnalytics: [UEEditor.Rocket.Release] APIServer = http://et2.epicgames.com/ET2/. AppVersion = 4.9.2-2707645+++depot+UE4-Releases+4.9
[2016.03.06-15.07.17:102][  0]LogAnalytics: [UEEditor.Rocket.Release] SetUserId 8c1436b7469470d4e6ebefb46ce7086e|0318ce7eb266467aa7a1e63543527494|c39e7128-8a93-45bc-b94e-b28d0faf1958
[2016.03.06-15.07.17:102][  0]LogAnalytics: [UEEditor.Rocket.Release] AnalyticsET::StartSession
[2016.03.06-15.07.17:184][  0]LogWindowsTextInputMethodSystem:Display: IME system now deactivated.
[2016.03.06-15.07.17:185][  0]LogWindowsTextInputMethodSystem:Display: IME system now deactivated.
[2016.03.06-15.07.17:315][  0]LogInit: Transaction tracking system initialized
[2016.03.06-15.07.17:758][  0]BlueprintLog: New page: Editor Load
[2016.03.06-15.07.19:516][  0]LocalizationService: Info Localization service is disabled
[2016.03.06-15.07.20:139][  0]LogLinker:Warning: Can't find file '/Game/FirstPersonBP/FirstPersonOverview'
[2016.03.06-15.07.20:139][  0]LogLinker:Warning: Can't find file '/Game/FirstPersonBP/FirstPersonOverview'
[2016.03.06-15.07.20:155][  0]LogUObjectGlobals:Warning: Failed to find object 'Class /Game/FirstPersonBP/FirstPersonOverview.FirstPersonOverview_C'
[2016.03.06-15.07.20:637][  0]LogConsoleResponse:Display: 
[2016.03.06-15.07.21:995][  0]LogFileCache: Scanning file cache for directory 'D:/UnrealProjects/GE_Project/Content/' took 0.01s
[2016.03.06-15.07.21:995][  0]LogCook:Display: Done creating registry. It took  0.00s.
[2016.03.06-15.07.23:050][  0]SourceControl: Info Source control is disabled
[2016.03.06-15.07.23:181][  0]Cmd: MAP LOAD FILE="../../../../../../UnrealProjects/GE_Project/Content/StarterContent/Maps/Minimal_Default.umap" TEMPLATE=0 SHOWPROGRESS=1 FEATURELEVEL=3
[2016.03.06-15.07.23:205][  0]LightingResults: New page: Lighting Build
[2016.03.06-15.07.23:468][  0]MapCheck: New page: Map Check
[2016.03.06-15.07.23:468][  0]LightingResults: New page: Lighting Build
[2016.03.06-15.07.23:947][  0]LogParticles: Destroying 0 GPU particle simulations for FXSystem 0x000000A31FC9CC20
[2016.03.06-15.07.26:276][  0]LogAIModule: Creating AISystem for world Minimal_Default
[2016.03.06-15.07.26:920][  0]LogEditorServer: Finished looking for orphan Actors (0.000 secs)
[2016.03.06-15.07.27:031][  0]Cmd: MAP CHECKDEP NOCLEARLOG
[2016.03.06-15.07.27:099][  0]MapCheck: Info Map check complete: 0 Error(s), 0 Warning(s), took 67.107ms to complete.
[2016.03.06-15.07.27:118][  0]LogFileHelpers: Loading map 'Minimal_Default' took 3.959
[2016.03.06-15.07.28:491][  0]LogCollectionManager: Loaded 0 collections in 0.000954 seconds
[2016.03.06-15.07.28:675][  0]LogFileCache: Scanning file cache for directory 'D:/UnrealProjects/GE_Project/Saved/Collections/' took 0.01s
[2016.03.06-15.07.28:675][  0]LogFileCache: Scanning file cache for directory 'D:/UnrealProjects/GE_Project/Content/Developers/VR/Collections/' took 0.01s
[2016.03.06-15.07.28:675][  0]LogFileCache: Scanning file cache for directory 'D:/UnrealProjects/GE_Project/Content/Collections/' took 0.01s
[2016.03.06-15.07.28:675][  0]LogContentBrowser: Native class hierarchy populated in 0.1088 seconds. Added 1916 classes and 347 folders.
[2016.03.06-15.07.28:797][  0]LogCollectionManager: Rebuilt the GUID cache for 0 collections in 0.000002 seconds
[2016.03.06-15.07.28:990][  0]LogContentBrowser: Native class hierarchy updated for 'WidgetCarousel' in 0.0008 seconds. Added 0 classes and 0 folders.
[2016.03.06-15.07.30:506][  0]LogContentBrowser: Native class hierarchy updated for 'AddContentDialog' in 0.0008 seconds. Added 0 classes and 0 folders.
[2016.03.06-15.07.30:564][  0]LogContentBrowser: Native class hierarchy updated for 'SceneOutliner' in 0.0008 seconds. Added 1 classes and 2 folders.
[2016.03.06-15.07.30:992][  0]LogCrashTracker: Crashtracker disabled due to settings.
[2016.03.06-15.07.31:072][  0]LogUObjectGlobals:Warning: Failed to find object 'Class None.'
[2016.03.06-15.07.31:115][  0]LogLoad: Full Startup: 42.19 seconds (BP compile: 0.33 seconds)
[2016.03.06-15.07.31:356][  0]LogContentStreaming: Texture pool size now 1000 MB
[2016.03.06-15.07.31:884][  0]LogRenderer: Reallocating scene render targets to support 1216x576 (Frame:2).
[2016.03.06-15.07.31:993][  1]LogFileCache: Retrieving MD5 hashes for directory 'D:/UnrealProjects/GE_Project/Content/' took 0.84s
[2016.03.06-15.07.32:142][  4]LogAssetRegistry: Asset discovery search completed in 19.0285 seconds
[2016.03.06-15.07.32:142][  4]LogCollectionManager: Rebuilt the object cache for 0 collections in 0.000001 seconds (found 0 objects)
[2016.03.06-15.07.32:150][  4]LogCollectionManager: Fixed up redirectors for 0 collections in 0.000034 seconds (updated 0 objects)
[2016.03.06-15.08.35:529][531]Cmd: MAP LOAD FILE="../../../../../../UnrealProjects/GE_Project/Content/MyFirstLevel.umap" TEMPLATE=0 SHOWPROGRESS=1 FEATURELEVEL=3
[2016.03.06-15.08.35:541][531]LightingResults: New page: Lighting Build
[2016.03.06-15.08.35:558][531]LoadErrors: New page: Loading map: MyFirstLevel.umap
[2016.03.06-15.08.35:563][531]MapCheck: New page: Map Check
[2016.03.06-15.08.35:563][531]LightingResults: New page: Lighting Build
[2016.03.06-15.08.35:623][531]LogParticles: Destroying 0 GPU particle simulations for FXSystem 0x000000A30857B4C0
[2016.03.06-15.08.35:744][531]LogBlueprint:Warning: [compiler Ue4ASP_Character] Warning Input Axis Event references unknown Axis 'LookUp' for  InputAxis LookUp 
[2016.03.06-15.08.35:744][531]LogBlueprint:Warning: [compiler Ue4ASP_Character] Warning Input Axis Event references unknown Axis 'Turn' for  InputAxis Turn 
[2016.03.06-15.08.35:745][531]LogBlueprint:Warning: [compiler Ue4ASP_Character] Warning Input Axis Event references unknown Axis 'MoveRight' for  InputAxis MoveRight 
[2016.03.06-15.08.35:745][531]LogBlueprint:Warning: [compiler Ue4ASP_Character] Warning Input Axis Event references unknown Axis 'MoveForward' for  InputAxis MoveForward 
[2016.03.06-15.08.35:747][531]LogBlueprint:Warning: [compiler Ue4ASP_Character] Warning [0106.83] Compile of Ue4ASP_Character successful, but with 4 Warning(s) [in 5 ms]
[2016.03.06-15.08.35:747][531]LogBlueprint:Warning: [compiler Ue4ASP_Character] Warning [0106.83] Compile of Ue4ASP_Character successful, but with 5 Warning(s) [in 0 ms]
[2016.03.06-15.08.35:747][531]LogBlueprint:Warning: [compiler Ue4ASP_Character] Warning [0106.83] Compile of Ue4ASP_Character successful, but with 6 Warning(s) [in 0 ms]
[2016.03.06-15.08.35:838][531]LogBlueprint:Warning: [compiler Ue4ASP_Character] Warning Input Axis Event references unknown Axis 'LookUp' for  InputAxis LookUp 
[2016.03.06-15.08.35:838][531]LogBlueprint:Warning: [compiler Ue4ASP_Character] Warning Input Axis Event references unknown Axis 'Turn' for  InputAxis Turn 
[2016.03.06-15.08.35:839][531]LogBlueprint:Warning: [compiler Ue4ASP_Character] Warning Input Axis Event references unknown Axis 'MoveRight' for  InputAxis MoveRight 
[2016.03.06-15.08.35:839][531]LogBlueprint:Warning: [compiler Ue4ASP_Character] Warning Input Axis Event references unknown Axis 'MoveForward' for  InputAxis MoveForward 
[2016.03.06-15.08.35:841][531]LogBlueprint:Warning: [compiler Ue4ASP_Character] Warning [0106.92] Compile of Ue4ASP_Character successful, but with 4 Warning(s) [in 6 ms]
[2016.03.06-15.08.35:841][531]LogBlueprint:Warning: [compiler Ue4ASP_Character] Warning [0106.92] Compile of Ue4ASP_Character successful, but with 5 Warning(s) [in 0 ms]
[2016.03.06-15.08.35:842][531]LogBlueprint:Warning: [compiler Ue4ASP_Character] Warning [0106.92] Compile of Ue4ASP_Character successful, but with 6 Warning(s) [in 0 ms]
[2016.03.06-15.08.36:463][531]LogTexture:Display: Building textures: T_ForestGround_D (AutoDXT)
[2016.03.06-15.08.39:245][531]LogTexture:Display: Building textures: T_GroundGrass_N (BC5)
[2016.03.06-15.08.39:900][531]LogTexture:Display: Building textures: T_ForestGround_N (BC5)
[2016.03.06-15.08.40:342][531]LogTexture:Display: Building textures: T_Noise_N (BC5)
[2016.03.06-15.08.40:352][531]LogMaterial: Missing cached shader map for material Landscape_Material, compiling. 
[2016.03.06-15.08.40:412][531]LogMaterial: Missing cached shader map for material Landscape_Material, compiling. 
[2016.03.06-15.08.40:435][531]LogMaterial: Missing cached shader map for material Landscape_Material, compiling. 
[2016.03.06-15.08.40:457][531]LogTexture:Display: Building textures: Texture2D_24 (BGRA8)
[2016.03.06-15.08.40:457][531]LogTexture:Display: Building textures: Texture2D_89 (BGRA8)
[2016.03.06-15.08.40:457][531]LogTexture:Display: Building textures: Texture2D_25 (BGRA8)
[2016.03.06-15.08.40:460][531]LogMaterial: Missing cached shader map for material Landscape_Material, compiling. 
[2016.03.06-15.08.40:483][531]LogTexture:Display: Building textures: Texture2D_122 (BGRA8)
[2016.03.06-15.08.40:483][531]LogTexture:Display: Building textures: Texture2D_115 (BGRA8)
[2016.03.06-15.08.40:484][531]LogTexture:Display: Building textures: Texture2D_86 (BGRA8)
[2016.03.06-15.08.40:484][531]LogTexture:Display: Building textures: Texture2D_117 (BGRA8)
[2016.03.06-15.08.40:485][531]LogTexture:Display: Building textures: Texture2D_11 (BGRA8)
[2016.03.06-15.08.40:485][531]LogTexture:Display: Building textures: Texture2D_29 (BGRA8)
[2016.03.06-15.08.40:485][531]LogTexture:Display: Building textures: Texture2D_30 (BGRA8)
[2016.03.06-15.08.40:486][531]LogTexture:Display: Building textures: Texture2D_113 (BGRA8)
[2016.03.06-15.08.40:486][531]LogTexture:Display: Building textures: Texture2D_91 (BGRA8)
[2016.03.06-15.08.40:486][531]LogTexture:Display: Building textures: Texture2D_109 (BGRA8)
[2016.03.06-15.08.40:487][531]LogTexture:Display: Building textures: Texture2D_106 (BGRA8)
[2016.03.06-15.08.40:487][531]LogTexture:Display: Building textures: Texture2D_107 (BGRA8)
[2016.03.06-15.08.40:488][531]LogTexture:Display: Building textures: Texture2D_121 (BGRA8)
[2016.03.06-15.08.40:488][531]LogTexture:Display: Building textures: Texture2D_14 (BGRA8)
[2016.03.06-15.08.40:488][531]LogTexture:Display: Building textures: Texture2D_27 (BGRA8)
[2016.03.06-15.08.40:489][531]LogTexture:Display: Building textures: Texture2D_31 (BGRA8)
[2016.03.06-15.08.40:489][531]LogTexture:Display: Building textures: Texture2D_233 (BGRA8)
[2016.03.06-15.08.40:489][531]LogTexture:Display: Building textures: Texture2D_234 (BGRA8)
[2016.03.06-15.08.40:490][531]LogTexture:Display: Building textures: Texture2D_112 (BGRA8)
[2016.03.06-15.08.40:490][531]LogTexture:Display: Building textures: Texture2D_111 (BGRA8)
[2016.03.06-15.08.40:490][531]LogTexture:Display: Building textures: Texture2D_90 (BGRA8)
[2016.03.06-15.08.40:491][531]LogTexture:Display: Building textures: Texture2D_123 (BGRA8)
[2016.03.06-15.08.40:491][531]LogTexture:Display: Building textures: Texture2D_17 (BGRA8)
[2016.03.06-15.08.40:492][531]LogTexture:Display: Building textures: Texture2D_32 (BGRA8)
[2016.03.06-15.08.40:492][531]LogTexture:Display: Building textures: Texture2D_33 (BGRA8)
[2016.03.06-15.08.40:492][531]LogTexture:Display: Building textures: Texture2D_283 (BGRA8)
[2016.03.06-15.08.40:493][531]LogTexture:Display: Building textures: Texture2D_280 (BGRA8)
[2016.03.06-15.08.40:493][531]LogTexture:Display: Building textures: Texture2D_158 (BGRA8)
[2016.03.06-15.08.40:493][531]LogTexture:Display: Building textures: Texture2D_85 (BGRA8)
[2016.03.06-15.08.40:494][531]LogTexture:Display: Building textures: Texture2D_18 (BGRA8)
[2016.03.06-15.08.40:494][531]LogTexture:Display: Building textures: Texture2D_93 (BGRA8)
[2016.03.06-15.08.40:494][531]LogTexture:Display: Building textures: Texture2D_124 (BGRA8)
[2016.03.06-15.08.40:495][531]LogTexture:Display: Building textures: Texture2D_114 (BGRA8)
[2016.03.06-15.08.40:495][531]LogTexture:Display: Building textures: Texture2D_201 (BGRA8)
[2016.03.06-15.08.40:497][531]LogMaterial: Missing cached shader map for material Landscape_Material, compiling. 
[2016.03.06-15.08.40:526][531]LogTexture:Display: Building textures: Texture2D_16 (BGRA8)
[2016.03.06-15.08.40:526][531]LogTexture:Display: Building textures: Texture2D_34 (BGRA8)
[2016.03.06-15.08.40:526][531]LogTexture:Display: Building textures: Texture2D_157 (BGRA8)
[2016.03.06-15.08.40:527][531]LogTexture:Display: Building textures: Texture2D_161 (BGRA8)
[2016.03.06-15.08.40:527][531]LogTexture:Display: Building textures: Texture2D_130 (BGRA8)
[2016.03.06-15.08.40:527][531]LogTexture:Display: Building textures: Texture2D_169 (BGRA8)
[2016.03.06-15.08.40:528][531]LogTexture:Display: Building textures: Texture2D_99 (BGRA8)
[2016.03.06-15.08.40:528][531]LogTexture:Display: Building textures: Texture2D_139 (BGRA8)
[2016.03.06-15.08.40:529][531]LogTexture:Display: Building textures: Texture2D_223 (BGRA8)
[2016.03.06-15.08.40:529][531]LogTexture:Display: Building textures: Texture2D_26 (BGRA8)
[2016.03.06-15.08.40:529][531]LogTexture:Display: Building textures: Texture2D_205 (BGRA8)
[2016.03.06-15.08.40:529][531]LogTexture:Display: Building textures: Texture2D_155 (BGRA8)
[2016.03.06-15.08.40:530][531]LogTexture:Display: Building textures: Texture2D_151 (BGRA8)
[2016.03.06-15.08.40:530][531]LogTexture:Display: Building textures: Texture2D_168 (BGRA8)
[2016.03.06-15.08.40:531][531]LogTexture:Display: Building textures: Texture2D_23 (BGRA8)
[2016.03.06-15.08.40:531][531]LogTexture:Display: Building textures: Texture2D_98 (BGRA8)
[2016.03.06-15.08.40:532][531]LogTexture:Display: Building textures: Texture2D_36 (BGRA8)
[2016.03.06-15.08.40:532][531]LogTexture:Display: Building textures: Texture2D_221 (BGRA8)
[2016.03.06-15.08.40:532][531]LogTexture:Display: Building textures: Texture2D_203 (BGRA8)
[2016.03.06-15.08.40:533][531]LogTexture:Display: Building textures: Texture2D_156 (BGRA8)
[2016.03.06-15.08.40:533][531]LogTexture:Display: Building textures: Texture2D_37 (BGRA8)
[2016.03.06-15.08.40:533][531]LogTexture:Display: Building textures: Texture2D_152 (BGRA8)
[2016.03.06-15.08.40:533][531]LogTexture:Display: Building textures: Texture2D_282 (BGRA8)
[2016.03.06-15.08.40:534][531]LogTexture:Display: Building textures: Texture2D_163 (BGRA8)
[2016.03.06-15.08.40:534][531]LogTexture:Display: Building textures: Texture2D_96 (BGRA8)
[2016.03.06-15.08.40:534][531]LogTexture:Display: Building textures: Texture2D_220 (BGRA8)
[2016.03.06-15.08.40:535][531]LogTexture:Display: Building textures: Texture2D_202 (BGRA8)
[2016.03.06-15.08.40:535][531]LogTexture:Display: Building textures: Texture2D_159 (BGRA8)
[2016.03.06-15.08.40:535][531]LogTexture:Display: Building textures: Texture2D_3 (BGRA8)
[2016.03.06-15.08.40:536][531]LogTexture:Display: Building textures: Texture2D_153 (BGRA8)
[2016.03.06-15.08.40:537][531]LogTexture:Display: Building textures: Texture2D_160 (BGRA8)
[2016.03.06-15.08.40:537][531]LogTexture:Display: Building textures: Texture2D_224 (BGRA8)
[2016.03.06-15.08.40:537][531]LogTexture:Display: Building textures: Texture2D_225 (BGRA8)
[2016.03.06-15.08.40:538][531]LogTexture:Display: Building textures: Texture2D_204 (BGRA8)
[2016.03.06-15.08.40:538][531]LogTexture:Display: Building textures: Texture2D_219 (BGRA8)
[2016.03.06-15.08.40:538][531]LogTexture:Display: Building textures: Texture2D_200 (BGRA8)
[2016.03.06-15.08.40:539][531]LogTexture:Display: Building textures: Texture2D_154 (BGRA8)
[2016.03.06-15.08.40:539][531]LogTexture:Display: Building textures: Texture2D_226 (BGRA8)
[2016.03.06-15.08.40:540][531]LogTexture:Display: Building textures: Texture2D_279 (BGRA8)
[2016.03.06-15.08.40:540][531]LogTexture:Display: Building textures: Texture2D_52 (BGRA8)
[2016.03.06-15.08.40:540][531]LogTexture:Display: Building textures: Texture2D_166 (BGRA8)
[2016.03.06-15.08.40:541][531]LogTexture:Display: Building textures: Texture2D_218 (BGRA8)
[2016.03.06-15.08.40:541][531]LogTexture:Display: Building textures: Texture2D_199 (BGRA8)
[2016.03.06-15.08.40:542][531]LogTexture:Display: Building textures: Texture2D_35 (BGRA8)
[2016.03.06-15.08.40:542][531]LogTexture:Display: Building textures: Texture2D_222 (BGRA8)
[2016.03.06-15.08.40:542][531]LogTexture:Display: Building textures: Texture2D_44 (BGRA8)
[2016.03.06-15.08.40:543][531]LogTexture:Display: Building textures: Texture2D_243 (BGRA8)
[2016.03.06-15.08.40:544][531]LogTexture:Display: Building textures: Texture2D_242 (BGRA8)
[2016.03.06-15.08.40:544][531]LogTexture:Display: Building textures: Texture2D_53 (BGRA8)
[2016.03.06-15.08.40:544][531]LogTexture:Display: Building textures: Texture2D_45 (BGRA8)
[2016.03.06-15.08.40:545][531]LogTexture:Display: Building textures: Texture2D_198 (BGRA8)
[2016.03.06-15.08.40:545][531]LogTexture:Display: Building textures: Texture2D_217 (BGRA8)
[2016.03.06-15.08.40:546][531]LogTexture:Display: Building textures: Texture2D_216 (BGRA8)
[2016.03.06-15.08.40:546][531]LogTexture:Display: Building textures: Texture2D_46 (BGRA8)
[2016.03.06-15.08.40:546][531]LogTexture:Display: Building textures: Texture2D_241 (BGRA8)
[2016.03.06-15.08.40:547][531]LogTexture:Display: Building textures: Texture2D_54 (BGRA8)
[2016.03.06-15.08.40:547][531]LogTexture:Display: Building textures: Texture2D_55 (BGRA8)
[2016.03.06-15.08.40:548][531]LogTexture:Display: Building textures: Texture2D_48 (BGRA8)
[2016.03.06-15.08.40:548][531]LogTexture:Display: Building textures: Texture2D_212 (BGRA8)
[2016.03.06-15.08.40:548][531]LogTexture:Display: Building textures: Texture2D_47 (BGRA8)
[2016.03.06-15.08.40:549][531]LogTexture:Display: Building textures: Texture2D_197 (BGRA8)
[2016.03.06-15.08.40:549][531]LogTexture:Display: Building textures: Texture2D_214 (BGRA8)
[2016.03.06-15.08.40:549][531]LogTexture:Display: Building textures: Texture2D_213 (BGRA8)
[2016.03.06-15.08.40:550][531]LogTexture:Display: Building textures: Texture2D_88 (BGRA8)
[2016.03.06-15.08.40:550][531]LogTexture:Display: Building textures: Texture2D_49 (BGRA8)
[2016.03.06-15.08.40:551][531]LogTexture:Display: Building textures: Texture2D_210 (BGRA8)
[2016.03.06-15.08.40:551][531]LogTexture:Display: Building textures: Texture2D_211 (BGRA8)
[2016.03.06-15.08.40:551][531]LogTexture:Display: Building textures: Texture2D_215 (BGRA8)
[2016.03.06-15.08.40:552][531]LogTexture:Display: Building textures: Texture2D_50 (BGRA8)
[2016.03.06-15.08.40:552][531]LogTexture:Display: Building textures: Texture2D_57 (BGRA8)
[2016.03.06-15.08.40:553][531]LogTexture:Display: Building textures: Texture2D_235 (BGRA8)
[2016.03.06-15.08.40:553][531]LogTexture:Display: Building textures: Texture2D_58 (BGRA8)
[2016.03.06-15.08.40:554][531]LogTexture:Display: Building textures: Texture2D_232 (BGRA8)
[2016.03.06-15.08.40:554][531]LogTexture:Display: Building textures: Texture2D_209 (BGRA8)
[2016.03.06-15.08.40:554][531]LogTexture:Display: Building textures: Texture2D_208 (BGRA8)
[2016.03.06-15.08.40:555][531]LogTexture:Display: Building textures: Texture2D_59 (BGRA8)
[2016.03.06-15.08.40:555][531]LogTexture:Display: Building textures: Texture2D_196 (BGRA8)
[2016.03.06-15.08.40:556][531]LogTexture:Display: Building textures: Texture2D_195 (BGRA8)
[2016.03.06-15.08.40:556][531]LogTexture:Display: Building textures: Texture2D_60 (BGRA8)
[2016.03.06-15.08.40:556][531]LogTexture:Display: Building textures: Texture2D_61 (BGRA8)
[2016.03.06-15.08.40:557][531]LogTexture:Display: Building textures: Texture2D_231 (BGRA8)
[2016.03.06-15.08.40:557][531]LogTexture:Display: Building textures: Texture2D_207 (BGRA8)
[2016.03.06-15.08.40:558][531]LogTexture:Display: Building textures: Texture2D_206 (BGRA8)
[2016.03.06-15.08.40:558][531]LogTexture:Display: Building textures: Texture2D_186 (BGRA8)
[2016.03.06-15.08.40:559][531]LogTexture:Display: Building textures: Texture2D_62 (BGRA8)
[2016.03.06-15.08.40:560][531]LogTexture:Display: Building textures: Texture2D_187 (BGRA8)
[2016.03.06-15.08.40:561][531]LogTexture:Display: Building textures: Texture2D_165 (BGRA8)
[2016.03.06-15.08.40:561][531]LogTexture:Display: Building textures: Texture2D_51 (BGRA8)
[2016.03.06-15.08.40:562][531]LogTexture:Display: Building textures: Texture2D_239 (BGRA8)
[2016.03.06-15.08.40:562][531]LogTexture:Display: Building textures: Texture2D_176 (BGRA8)
[2016.03.06-15.08.40:562][531]LogTexture:Display: Building textures: Texture2D_167 (BGRA8)
[2016.03.06-15.08.40:563][531]LogTexture:Display: Building textures: Texture2D_236 (BGRA8)
[2016.03.06-15.08.40:563][531]LogTexture:Display: Building textures: Texture2D_237 (BGRA8)
[2016.03.06-15.08.40:564][531]LogTexture:Display: Building textures: Texture2D_66 (BGRA8)
[2016.03.06-15.08.40:564][531]LogTexture:Display: Building textures: Texture2D_143 (BGRA8)
[2016.03.06-15.08.40:564][531]LogTexture:Display: Building textures: Texture2D_238 (BGRA8)
[2016.03.06-15.08.40:565][531]LogTexture:Display: Building textures: Texture2D_67 (BGRA8)
[2016.03.06-15.08.40:565][531]LogTexture:Display: Building textures: Texture2D_178 (BGRA8)
[2016.03.06-15.08.40:565][531]LogTexture:Display: Building textures: Texture2D_189 (BGRA8)
[2016.03.06-15.08.40:566][531]LogTexture:Display: Building textures: Texture2D_240 (BGRA8)
[2016.03.06-15.08.40:566][531]LogTexture:Display: Building textures: Texture2D_227 (BGRA8)
[2016.03.06-15.08.40:566][531]LogTexture:Display: Building textures: Texture2D_228 (BGRA8)
[2016.03.06-15.08.40:567][531]LogTexture:Display: Building textures: Texture2D_179 (BGRA8)
[2016.03.06-15.08.40:567][531]LogTexture:Display: Building textures: Texture2D_56 (BGRA8)
[2016.03.06-15.08.40:567][531]LogTexture:Display: Building textures: Texture2D_193 (BGRA8)
[2016.03.06-15.08.40:568][531]LogTexture:Display: Building textures: Texture2D_182 (BGRA8)
[2016.03.06-15.08.40:568][531]LogTexture:Display: Building textures: Texture2D_229 (BGRA8)
[2016.03.06-15.08.40:568][531]LogTexture:Display: Building textures: Texture2D_188 (BGRA8)
[2016.03.06-15.08.40:569][531]LogTexture:Display: Building textures: Texture2D_192 (BGRA8)
[2016.03.06-15.08.40:569][531]LogTexture:Display: Building textures: Texture2D_190 (BGRA8)
[2016.03.06-15.08.40:569][531]LogTexture:Display: Building textures: Texture2D_191 (BGRA8)
[2016.03.06-15.08.40:570][531]LogTexture:Display: Building textures: Texture2D_183 (BGRA8)
[2016.03.06-15.08.40:570][531]LogTexture:Display: Building textures: Texture2D_180 (BGRA8)
[2016.03.06-15.08.40:571][531]LogTexture:Display: Building textures: Texture2D_181 (BGRA8)
[2016.03.06-15.08.40:571][531]LogTexture:Display: Building textures: Texture2D_185 (BGRA8)
[2016.03.06-15.08.40:572][531]LogTexture:Display: Building textures: Texture2D_194 (BGRA8)
[2016.03.06-15.08.40:572][531]LogTexture:Display: Building textures: Texture2D_230 (BGRA8)
[2016.03.06-15.08.40:574][531]LogTexture:Display: Building textures: Texture2D_77 (BGRA8)
[2016.03.06-15.08.40:574][531]LogTexture:Display: Building textures: Texture2D_43 (BGRA8)
[2016.03.06-15.08.40:574][531]LogTexture:Display: Building textures: Texture2D_162 (BGRA8)
[2016.03.06-15.08.40:575][531]LogTexture:Display: Building textures: Texture2D_170 (BGRA8)
[2016.03.06-15.08.40:575][531]LogTexture:Display: Building textures: Texture2D_5 (BGRA8)
[2016.03.06-15.08.40:575][531]LogTexture:Display: Building textures: Texture2D_171 (BGRA8)
[2016.03.06-15.08.40:576][531]LogTexture:Display: Building textures: Texture2D_147 (BGRA8)
[2016.03.06-15.08.40:576][531]LogTexture:Display: Building textures: Texture2D_148 (BGRA8)
[2016.03.06-15.08.40:577][531]LogTexture:Display: Building textures: Texture2D_149 (BGRA8)
[2016.03.06-15.08.40:577][531]LogTexture:Display: Building textures: Texture2D_150 (BGRA8)
[2016.03.06-15.08.40:578][531]LogTexture:Display: Building textures: Texture2D_281 (BGRA8)
[2016.03.06-15.08.40:578][531]LogTexture:Display: Building textures: Texture2D_83 (BGRA8)
[2016.03.06-15.08.40:579][531]LogTexture:Display: Building textures: Texture2D_146 (BGRA8)
[2016.03.06-15.08.40:579][531]LogTexture:Display: Building textures: Texture2D_97 (BGRA8)
[2016.03.06-15.08.40:580][531]LogTexture:Display: Building textures: Texture2D_7 (BGRA8)
[2016.03.06-15.08.40:581][531]LogTexture:Display: Building textures: Texture2D_95 (BGRA8)
[2016.03.06-15.08.40:581][531]LogTexture:Display: Building textures: Texture2D_142 (BGRA8)
[2016.03.06-15.08.40:582][531]LogTexture:Display: Building textures: Texture2D_84 (BGRA8)
[2016.03.06-15.08.40:582][531]LogTexture:Display: Building textures: Texture2D_145 (BGRA8)
[2016.03.06-15.08.40:582][531]LogTexture:Display: Building textures: Texture2D_9 (BGRA8)
[2016.03.06-15.08.40:583][531]LogTexture:Display: Building textures: Texture2D_12 (BGRA8)
[2016.03.06-15.08.40:584][531]LogTexture:Display: Building textures: Texture2D_120 (BGRA8)
[2016.03.06-15.08.40:584][531]LogTexture:Display: Building textures: Texture2D_144 (BGRA8)
[2016.03.06-15.08.40:584][531]LogTexture:Display: Building textures: Texture2D_140 (BGRA8)
[2016.03.06-15.08.40:585][531]LogTexture:Display: Building textures: Texture2D_38 (BGRA8)
[2016.03.06-15.08.40:585][531]LogTexture:Display: Building textures: Texture2D_92 (BGRA8)
[2016.03.06-15.08.40:586][531]LogTexture:Display: Building textures: Texture2D_138 (BGRA8)
[2016.03.06-15.08.40:586][531]LogTexture:Display: Building textures: Texture2D_141 (BGRA8)
[2016.03.06-15.08.40:587][531]LogTexture:Display: Building textures: Texture2D_172 (BGRA8)
[2016.03.06-15.08.40:587][531]LogTexture:Display: Building textures: Texture2D_119 (BGRA8)
[2016.03.06-15.08.40:587][531]LogTexture:Display: Building textures: Texture2D_15 (BGRA8)
[2016.03.06-15.08.40:588][531]LogTexture:Display: Building textures: Texture2D_63 (BGRA8)
[2016.03.06-15.08.40:588][531]LogTexture:Display: Building textures: Texture2D_173 (BGRA8)
[2016.03.06-15.08.40:589][531]LogTexture:Display: Building textures: Texture2D_118 (BGRA8)
[2016.03.06-15.08.40:589][531]LogTexture:Display: Building textures: Texture2D_19 (BGRA8)
[2016.03.06-15.08.40:590][531]LogTexture:Display: Building textures: Texture2D_20 (BGRA8)
[2016.03.06-15.08.40:590][531]LogTexture:Display: Building textures: Texture2D_174 (BGRA8)
[2016.03.06-15.08.40:590][531]LogTexture:Display: Building textures: Texture2D_21 (BGRA8)
[2016.03.06-15.08.40:591][531]LogTexture:Display: Building textures: Texture2D_94 (BGRA8)
[2016.03.06-15.08.40:591][531]LogTexture:Display: Building textures: Texture2D_22 (BGRA8)
[2016.03.06-15.08.40:591][531]LogTexture:Display: Building textures: Texture2D_64 (BGRA8)
[2016.03.06-15.08.40:592][531]LogTexture:Display: Building textures: Texture2D_41 (BGRA8)
[2016.03.06-15.08.40:592][531]LogTexture:Display: Building textures: Texture2D_177 (BGRA8)
[2016.03.06-15.08.40:593][531]LogTexture:Display: Building textures: Texture2D_175 (BGRA8)
[2016.03.06-15.08.40:593][531]LogTexture:Display: Building textures: Texture2D_164 (BGRA8)
[2016.03.06-15.08.40:593][531]LogTexture:Display: Building textures: Texture2D_126 (BGRA8)
[2016.03.06-15.08.40:594][531]LogTexture:Display: Building textures: Texture2D_71 (BGRA8)
[2016.03.06-15.08.40:594][531]LogTexture:Display: Building textures: Texture2D_65 (BGRA8)
[2016.03.06-15.08.40:595][531]LogTexture:Display: Building textures: Texture2D_70 (BGRA8)
[2016.03.06-15.08.40:595][531]LogTexture:Display: Building textures: Texture2D_184 (BGRA8)
[2016.03.06-15.08.40:596][531]LogTexture:Display: Building textures: Texture2D_8 (BGRA8)
[2016.03.06-15.08.40:596][531]LogTexture:Display: Building textures: Texture2D_28 (BGRA8)
[2016.03.06-15.08.40:597][531]LogTexture:Display: Building textures: Texture2D_136 (BGRA8)
[2016.03.06-15.08.40:597][531]LogTexture:Display: Building textures: Texture2D_72 (BGRA8)
[2016.03.06-15.08.40:597][531]LogTexture:Display: Building textures: Texture2D_39 (BGRA8)
[2016.03.06-15.08.40:597][531]LogTexture:Display: Building textures: Texture2D_40 (BGRA8)
[2016.03.06-15.08.40:598][531]LogTexture:Display: Building textures: Texture2D_137 (BGRA8)
[2016.03.06-15.08.40:598][531]LogTexture:Display: Building textures: Texture2D_128 (BGRA8)
[2016.03.06-15.08.40:598][531]LogTexture:Display: Building textures: Texture2D_10 (BGRA8)
[2016.03.06-15.08.40:599][531]LogTexture:Display: Building textures: Texture2D_135 (BGRA8)
[2016.03.06-15.08.40:599][531]LogTexture:Display: Building textures: Texture2D_133 (BGRA8)
[2016.03.06-15.08.40:599][531]LogTexture:Display: Building textures: Texture2D_132 (BGRA8)
[2016.03.06-15.08.40:600][531]LogTexture:Display: Building textures: Texture2D_42 (BGRA8)
[2016.03.06-15.08.40:600][531]LogTexture:Display: Building textures: Texture2D_129 (BGRA8)
[2016.03.06-15.08.40:600][531]LogTexture:Display: Building textures: Texture2D_127 (BGRA8)
[2016.03.06-15.08.40:601][531]LogTexture:Display: Building textures: Texture2D_75 (BGRA8)
[2016.03.06-15.08.40:601][531]LogTexture:Display: Building textures: Texture2D_79 (BGRA8)
[2016.03.06-15.08.40:601][531]LogTexture:Display: Building textures: Texture2D_73 (BGRA8)
[2016.03.06-15.08.40:601][531]LogTexture:Display: Building textures: Texture2D_69 (BGRA8)
[2016.03.06-15.08.40:602][531]LogTexture:Display: Building textures: Texture2D_74 (BGRA8)
[2016.03.06-15.08.40:602][531]LogTexture:Display: Building textures: Texture2D_4 (BGRA8)
[2016.03.06-15.08.40:603][531]LogTexture:Display: Building textures: Texture2D_76 (BGRA8)
[2016.03.06-15.08.40:603][531]LogTexture:Display: Building textures: Texture2D_116 (BGRA8)
[2016.03.06-15.08.40:603][531]LogTexture:Display: Building textures: Texture2D_134 (BGRA8)
[2016.03.06-15.08.40:604][531]LogTexture:Display: Building textures: Texture2D_68 (BGRA8)
[2016.03.06-15.08.40:604][531]LogTexture:Display: Building textures: Texture2D_80 (BGRA8)
[2016.03.06-15.08.40:604][531]LogTexture:Display: Building textures: Texture2D_87 (BGRA8)
[2016.03.06-15.08.40:604][531]LogTexture:Display: Building textures: Texture2D_6 (BGRA8)
[2016.03.06-15.08.40:605][531]LogTexture:Display: Building textures: Texture2D_81 (BGRA8)
[2016.03.06-15.08.40:605][531]LogTexture:Display: Building textures: Texture2D_103 (BGRA8)
[2016.03.06-15.08.40:605][531]LogTexture:Display: Building textures: Texture2D_110 (BGRA8)
[2016.03.06-15.08.40:605][531]LogTexture:Display: Building textures: Texture2D_125 (BGRA8)
[2016.03.06-15.08.40:606][531]LogTexture:Display: Building textures: Texture2D_104 (BGRA8)
[2016.03.06-15.08.40:606][531]LogTexture:Display: Building textures: Texture2D_100 (BGRA8)
[2016.03.06-15.08.40:606][531]LogTexture:Display: Building textures: Texture2D_101 (BGRA8)
[2016.03.06-15.08.40:607][531]LogTexture:Display: Building textures: Texture2D_131 (BGRA8)
[2016.03.06-15.08.40:607][531]LogTexture:Display: Building textures: Texture2D_78 (BGRA8)
[2016.03.06-15.08.40:607][531]LogTexture:Display: Building textures: Texture2D_108 (BGRA8)
[2016.03.06-15.08.40:607][531]LogTexture:Display: Building textures: Texture2D_105 (BGRA8)
[2016.03.06-15.08.40:608][531]LogTexture:Display: Building textures: Texture2D_82 (BGRA8)
[2016.03.06-15.08.40:608][531]LogTexture:Display: Building textures: Texture2D_102 (BGRA8)
[2016.03.06-15.08.40:857][531]LogMaterial: Missing cached shader map for material dynamicSnow, compiling. 
[2016.03.06-15.08.41:029][531]LogAIModule: Creating AISystem for world MyFirstLevel
[2016.03.06-15.08.41:566][531]LogEditorServer: Finished looking for orphan Actors (0.000 secs)
[2016.03.06-15.08.41:642][531]Cmd: MAP CHECKDEP NOCLEARLOG
[2016.03.06-15.08.41:716][531]MapCheck: Info Map check complete: 0 Error(s), 0 Warning(s), took 73.809ms to complete.
[2016.03.06-15.08.41:716][531]LogFileHelpers: Loading map 'MyFirstLevel' took 6.188
[2016.03.06-15.08.41:843][532]Cmd: UpdateLandscapeEditorData -warnings
[2016.03.06-15.08.46:473][ 25]LogPlayLevel: PlayLevel: No blueprints needed recompiling
[2016.03.06-15.08.46:474][ 25]LogHMD:Warning: HMD Oculus Rift DK2, res = 1920 x 1080
[2016.03.06-15.08.46:486][ 25]PIE: New page: PIE session: MyFirstLevel (Mar 6, 2016, 5:08:46 PM)
[2016.03.06-15.08.46:486][ 25]LogPlayLevel: Creating play world package: /Game/UEDPIE_0_MyFirstLevel
[2016.03.06-15.08.46:528][ 25]LogPlayLevel: PIE: StaticDuplicateObject took: (0.042126s)
[2016.03.06-15.08.46:529][ 25]LogAIModule: Creating AISystem for world MyFirstLevel
[2016.03.06-15.08.46:529][ 25]LogPlayLevel: PIE: World Init took: (0.000669s)
[2016.03.06-15.08.46:529][ 25]LogPlayLevel: PIE: Created PIE world by copying editor world from /Game/MyFirstLevel.MyFirstLevel to /Game/UEDPIE_0_MyFirstLevel.MyFirstLevel (0.043059s)
[2016.03.06-15.08.46:582][ 25]LogInit: XAudio2 using 'Speakers (Realtek High Definition Audio)' : 2 channels at 48 kHz using 32 bits per sample (channel mask 0x3)
[2016.03.06-15.08.46:590][ 25]LogInit: FAudioDevice initialized.
[2016.03.06-15.08.46:754][ 25]LogWorld: Game class is 'BP_TheBeginningGameMode_C'
[2016.03.06-15.08.46:849][ 25]LogWorld: Bringing World /Game/UEDPIE_0_MyFirstLevel.MyFirstLevel up for play (max tick rate 0) at 2016.03.06-16.08.46
[2016.03.06-15.08.46:849][ 25]LogActor:Warning: GameSession /Game/UEDPIE_0_MyFirstLevel.MyFirstLevel:PersistentLevel.GameSession_0 has natively added scene component(s), but none of them were set as the actor's RootComponent - picking one arbitrarily
[2016.03.06-15.08.46:849][ 25]LogActor:Warning: GameNetworkManager /Game/UEDPIE_0_MyFirstLevel.MyFirstLevel:PersistentLevel.GameNetworkManager_0 has natively added scene component(s), but none of them were set as the actor's RootComponent - picking one arbitrarily
[2016.03.06-15.08.46:898][ 25]LogWorld: Bringing up level for play took: 0.127144
[2016.03.06-15.08.46:995][ 25]PIE: Info Play in editor start time for /Game/UEDPIE_0_MyFirstLevel 1.494
[2016.03.06-15.09.44:701][314]LogParticles: Destroying 0 GPU particle simulations for FXSystem 0x000000A333CCF880
[2016.03.06-15.12.49:758][745]LogMetaData: Removing '/Game/Blueprints/MainMenu.SKEL_MainMenu_C' ref from Metadata '/Game/Blueprints/NewWidgetBlueprint.PackageMetaData'
[2016.03.06-15.12.49:758][745]LogMetaData: Removing '/Game/Blueprints/MainMenu.MainMenu_C' ref from Metadata '/Game/Blueprints/NewWidgetBlueprint.PackageMetaData'
[2016.03.06-15.12.49:758][745]LogMetaData: Removing '/Game/Blueprints/MainMenu.MainMenu:EventGraph.K2Node_Event_18' ref from Metadata '/Game/Blueprints/NewWidgetBlueprint.PackageMetaData'
[2016.03.06-15.12.49:758][745]LogMetaData: Removing '/Game/Blueprints/MainMenu.MainMenu:EventGraph.K2Node_Event_19' ref from Metadata '/Game/Blueprints/NewWidgetBlueprint.PackageMetaData'
[2016.03.06-15.12.49:796][745]Cmd: OBJ SAVEPACKAGE PACKAGE="/Game/Blueprints/MainMenu" FILE="../../../../../../UnrealProjects/GE_Project/Content/Blueprints/MainMenu.uasset" SILENT=true
[2016.03.06-15.12.49:814][745]LogSavePackage: Save=17.430344ms
[2016.03.06-15.12.49:815][745]LogSavePackage: Moving '../../../../../../UnrealProjects/GE_Project/Saved/MainMenu35C402CD4567DE09D15CB7B0FA0ECDEC.tmp' to '../../../../../../UnrealProjects/GE_Project/Content/Blueprints/MainMenu.uasset'
[2016.03.06-15.12.49:817][745]LogSavePackage: Total save time: 20.615797ms
[2016.03.06-15.12.49:817][745]LogSavePackage:Warning: Finished SavePackage ../../../../../../UnrealProjects/GE_Project/Content/Blueprints/MainMenu.uasset
[2016.03.06-15.13.50:259][964]LogLinker:Warning: Asset '../../../Engine/Content/ArtTools/RenderToTexture/Macros/RenderToTextureMacros.uasset' has been saved with empty engine version. The asset will be loaded but may be incompatible.
[2016.03.06-15.13.50:800][964]LogContentBrowser: Native class hierarchy updated for 'BlueprintGraph' in 0.0011 seconds. Added 107 classes and 0 folders.
[2016.03.06-15.15.41:575][802]LogUObjectHash:Warning: Ambiguous search, could be K2Node_CallFunction /Engine/ArtTools/RenderToTexture/Macros/RenderToTextureMacros.RenderToTextureMacros:Array to HLSL Code.K2Node_CallFunction_2554 or K2Node_CallFunction /Engine/Transient.PROTO_BP_Blueprint_0:UserConstructionScript.K2Node_CallFunction_2554
[2016.03.06-15.15.41:575][802]LogUObjectHash:Warning: Ambiguous search, could be K2Node_CallFunction /Engine/ArtTools/RenderToTexture/Macros/RenderToTextureMacros.RenderToTextureMacros:Array to HLSL Code.K2Node_CallFunction_2554 or K2Node_CallFunction /Game/Blueprints/MainMenu.MainMenu:EventGraph.K2Node_CallFunction_2554
[2016.03.06-15.15.41:575][802]LogProperty:Warning: ObjectProperty /Script/Engine.EdGraphPin:LinkedTo.LinkedTo: unresolved reference to 'EdGraphPin'K2Node_CallFunction_2554.EdGraphPin_4133''
[2016.03.06-15.15.41:587][802]LogProperty:Warning: ObjectProperty /Script/Engine.EdGraphPin:LinkedTo.LinkedTo: unresolved reference to 'EdGraphPin'K2Node_CallFunction_3192.EdGraphPin_4169''
[2016.03.06-15.15.41:587][802]LogUObjectHash:Warning: Ambiguous search, could be K2Node_CallFunction /Engine/ArtTools/RenderToTexture/Macros/RenderToTextureMacros.RenderToTextureMacros:Array to HLSL Code.K2Node_CallFunction_2553 or K2Node_CallFunction /Engine/Transient.PROTO_BP_Blueprint_0:UserConstructionScript.K2Node_CallFunction_2553
[2016.03.06-15.15.41:587][802]LogUObjectHash:Warning: Ambiguous search, could be K2Node_CallFunction /Engine/ArtTools/RenderToTexture/Macros/RenderToTextureMacros.RenderToTextureMacros:Array to HLSL Code.K2Node_CallFunction_2553 or K2Node_CallFunction /Game/Blueprints/MainMenu.MainMenu:EventGraph.K2Node_CallFunction_2553
[2016.03.06-15.15.41:587][802]LogProperty:Warning: ObjectProperty /Script/Engine.EdGraphPin:LinkedTo.LinkedTo: unresolved reference to 'EdGraphPin'K2Node_CallFunction_2553.EdGraphPin_4115''
[2016.03.06-15.15.41:588][802]LogProperty:Warning: ObjectProperty /Script/Engine.EdGraphPin:LinkedTo.LinkedTo: unresolved reference to 'EdGraphPin'K2Node_VariableSet_67.EdGraphPin_4154''
[2016.03.06-15.15.41:588][802]LogProperty:Warning: ObjectProperty /Script/Engine.EdGraphPin:LinkedTo.LinkedTo: unresolved reference to 'EdGraphPin'K2Node_VariableSet_67.EdGraphPin_4158''
[2016.03.06-15.15.41:588][802]LogProperty:Warning: ObjectProperty /Script/Engine.EdGraphPin:LinkedTo.LinkedTo: unresolved reference to 'EdGraphPin'K2Node_CallFunction_3194.EdGraphPin_4193''
[2016.03.06-15.15.41:589][802]LogProperty:Warning: ObjectProperty /Script/Engine.EdGraphPin:LinkedTo.LinkedTo: unresolved reference to 'EdGraphPin'K2Node_CallFunction_3192.EdGraphPin_4171''
[2016.03.06-15.15.41:589][802]LogProperty:Warning: ObjectProperty /Script/Engine.EdGraphPin:LinkedTo.LinkedTo: unresolved reference to 'EdGraphPin'K2Node_CallFunction_3193.EdGraphPin_4183''
[2016.03.06-15.15.41:589][802]LogProperty:Warning: ObjectProperty /Script/Engine.EdGraphPin:LinkedTo.LinkedTo: unresolved reference to 'EdGraphPin'K2Node_CallFunction_3193.EdGraphPin_4181''
[2016.03.06-15.15.41:589][802]LogProperty:Warning: ObjectProperty /Script/Engine.EdGraphPin:LinkedTo.LinkedTo: unresolved reference to 'EdGraphPin'K2Node_CallFunction_3195.EdGraphPin_4205''
[2016.03.06-15.15.41:589][802]LogProperty:Warning: ObjectProperty /Script/Engine.EdGraphPin:LinkedTo.LinkedTo: unresolved reference to 'EdGraphPin'K2Node_VariableGet_172.EdGraphPin_4057''
[2016.03.06-15.15.41:590][802]LogProperty:Warning: ObjectProperty /Script/Engine.EdGraphPin:LinkedTo.LinkedTo: unresolved reference to 'EdGraphPin'K2Node_VariableGet_174.EdGraphPin_4063''
[2016.03.06-15.15.41:591][802]LogBlueprint:Warning: [MainMenu] CreatePinForVariable: 'Main_Menu_Box' variable not found. Base class was probably changed.
[2016.03.06-15.15.41:591][802]LogBlueprint:Warning: [MainMenu] CreatePinForVariable: 'Options_Menu_Box' variable not found. Base class was probably changed.
[2016.03.06-15.15.41:591][802]LogBlueprint:Warning: [MainMenu] CreatePinForVariable: 'Main_Menu_Box' variable not found. Base class was probably changed.
[2016.03.06-15.15.41:591][802]LogBlueprint:Warning: [MainMenu] CreatePinForVariable: 'Options_Menu_Box' variable not found. Base class was probably changed.
[2016.03.06-15.16.33:666][267]LogEditorTransaction: Undo Paste clipboard contents
[2016.03.06-15.17.05:099][140]BlueprintLog: New page: Compile MainMenu
[2016.03.06-15.17.05:144][140]LogActorComponent: UnregisterComponent: (/Engine/Transient.CharMoveComp) Not registered. Aborting.
[2016.03.06-15.17.05:144][140]LogActorComponent: UnregisterComponent: (/Engine/Transient.CharacterMovementComponent_0) Not registered. Aborting.
[2016.03.06-15.17.05:144][140]LogActorComponent: UnregisterComponent: (/Engine/Transient.KinectInterface_GEN_VARIABLE) Not registered. Aborting.
[2016.03.06-15.17.05:192][140]BlueprintEditorCompileResults: Info [0616.27] Compile of MainMenu successful! [in 93 ms]
[2016.03.06-15.17.06:864][275]Cmd: OBJ SAVEPACKAGE PACKAGE="/Game/Blueprints/MainMenu" FILE="../../../../../../UnrealProjects/GE_Project/Content/Blueprints/MainMenu.uasset" SILENT=true
[2016.03.06-15.17.06:909][275]LogSavePackage: Save=26.075808ms
[2016.03.06-15.17.06:909][275]LogSavePackage: Moving '../../../../../../UnrealProjects/GE_Project/Saved/MainMenuD31E82494A614AA09912F7941F8683E2.tmp' to '../../../../../../UnrealProjects/GE_Project/Content/Blueprints/MainMenu.uasset'
[2016.03.06-15.17.06:912][275]LogSavePackage: Total save time: 45.426320ms
[2016.03.06-15.17.06:912][275]LogSavePackage:Warning: Finished SavePackage ../../../../../../UnrealProjects/GE_Project/Content/Blueprints/MainMenu.uasset
[2016.03.06-15.17.10:251][532]BlueprintLog: New page: Compile MainMenu
[2016.03.06-15.17.10:328][532]BlueprintEditorCompileResults: Info [0621.41] Compile of MainMenu successful! [in 77 ms]
[2016.03.06-15.17.11:280][599]Cmd: OBJ SAVEPACKAGE PACKAGE="/Game/Blueprints/MainMenu" FILE="../../../../../../UnrealProjects/GE_Project/Content/Blueprints/MainMenu.uasset" SILENT=true
[2016.03.06-15.17.11:313][599]LogSavePackage: Save=25.467968ms
[2016.03.06-15.17.11:313][599]LogSavePackage: Moving '../../../../../../UnrealProjects/GE_Project/Saved/MainMenu1841160D441EAB85436990B38F67F07E.tmp' to '../../../../../../UnrealProjects/GE_Project/Content/Blueprints/MainMenu.uasset'
[2016.03.06-15.17.11:313][599]LogSavePackage: Total save time: 32.859266ms
[2016.03.06-15.17.11:313][599]LogSavePackage:Warning: Finished SavePackage ../../../../../../UnrealProjects/GE_Project/Content/Blueprints/MainMenu.uasset
[2016.03.06-15.19.52:684][750]LogActorComponent: UnregisterComponent: (/Engine/Transient.CharMoveComp) Not registered. Aborting.
[2016.03.06-15.19.52:685][750]LogActorComponent: UnregisterComponent: (/Engine/Transient.KinectInterface_GEN_VARIABLE) Not registered. Aborting.
[2016.03.06-15.19.52:685][750]LogActorComponent: UnregisterComponent: (/Engine/Transient.CharacterMovementComponent_1) Not registered. Aborting.
[2016.03.06-15.19.52:685][750]LogActorComponent: UnregisterComponent: (/Engine/Transient.CharacterMovementComponent_2) Not registered. Aborting.
[2016.03.06-15.19.52:714][750]LogFileHelpers: Editor autosave (incl. sublevels) for '/Game/MyFirstLevel' took 0.029
[2016.03.06-15.19.52:723][750]LogSavePackage: Save=2.691943ms
[2016.03.06-15.19.52:723][750]LogSavePackage: Moving '../../../../../../UnrealProjects/GE_Project/Saved/NewWidgetBlueprint_Auto126AF7E3D45FBC573E0A5ACB6AE7BBBBC.tmp' to '../../../../../../UnrealProjects/GE_Project/Saved/Autosaves/Game/Blueprints/NewWidgetBlueprint_Auto1.uasset'
[2016.03.06-15.19.52:724][750]LogSavePackage: Total save time: 3.420953ms
[2016.03.06-15.19.52:724][750]LogSavePackage:Warning: Finished SavePackage ../../../../../../UnrealProjects/GE_Project/Saved/Autosaves/Game/Blueprints/NewWidgetBlueprint_Auto1.uasset
[2016.03.06-15.19.52:724][750]LogFileHelpers: Auto-saving content packages took 0.009
[2016.03.06-15.23.53:595][240]LogProperty:Warning: ObjectProperty /Script/Engine.EdGraphPin:LinkedTo.LinkedTo: unresolved reference to 'EdGraphPin'K2Node_CreateWidget_1.EdGraphPin_26983''
[2016.03.06-15.23.53:595][240]LogProperty:Warning: ObjectProperty /Script/Engine.EdGraphPin:LinkedTo.LinkedTo: unresolved reference to 'EdGraphPin'K2Node_CallFunction_2650.EdGraphPin_26998''
[2016.03.06-15.23.53:595][240]LogProperty:Warning: ObjectProperty /Script/Engine.EdGraphPin:LinkedTo.LinkedTo: unresolved reference to 'EdGraphPin'K2Node_CallFunction_2650.EdGraphPin_27000''
[2016.03.06-15.23.53:595][240]LogProperty:Warning: ObjectProperty /Script/Engine.EdGraphPin:LinkedTo.LinkedTo: unresolved reference to 'EdGraphPin'K2Node_VariableSet_76.EdGraphPin_27022''
[2016.03.06-15.23.53:596][240]LogProperty:Warning: ObjectProperty /Script/Engine.EdGraphPin:LinkedTo.LinkedTo: unresolved reference to 'EdGraphPin'K2Node_VariableSet_76.EdGraphPin_27026''
[2016.03.06-15.24.05:110][396]BlueprintLog: New page: Compile MyFirstLevel
[2016.03.06-15.24.05:175][396]BlueprintEditorCompileResults: Info [1036.25] Compile of MyFirstLevel successful! [in 64 ms]
[2016.03.06-15.24.08:770][759]Cmd: OBJ SAVEPACKAGE PACKAGE="/Game/MyFirstLevel" FILE="../../../../../../UnrealProjects/GE_Project/Content/MyFirstLevel.umap" SILENT=true AUTOSAVING=false KEEPDIRTY=false
[2016.03.06-15.24.09:387][759]LogSavePackage: Save=579.030273ms
[2016.03.06-15.24.09:387][759]LogSavePackage: Moving '../../../../../../UnrealProjects/GE_Project/Saved/MyFirstLevel9E6A971446915C8F8294B59C4DB22BE2.tmp' to '../../../../../../UnrealProjects/GE_Project/Content/MyFirstLevel.umap'
[2016.03.06-15.24.09:390][759]LogSavePackage: Total save time: 593.501247ms
[2016.03.06-15.24.09:390][759]LogSavePackage:Warning: Finished SavePackage ../../../../../../UnrealProjects/GE_Project/Content/MyFirstLevel.umap
[2016.03.06-15.24.09:435][759]LogFileHelpers: Saving map 'MyFirstLevel' took 0.718
[2016.03.06-15.24.09:440][759]Cmd: OBJ SAVEPACKAGE PACKAGE="/Game/Blueprints/NewWidgetBlueprint" FILE="../../../../../../UnrealProjects/GE_Project/Content/Blueprints/NewWidgetBlueprint.uasset" SILENT=true
[2016.03.06-15.24.09:444][759]LogSavePackage: Save=2.304488ms
[2016.03.06-15.24.09:444][759]LogSavePackage: Moving '../../../../../../UnrealProjects/GE_Project/Saved/NewWidgetBlueprint6E699AE54B62D4F2DDB4C981A33EA065.tmp' to '../../../../../../UnrealProjects/GE_Project/Content/Blueprints/NewWidgetBlueprint.uasset'
[2016.03.06-15.24.09:445][759]LogSavePackage: Total save time: 4.331287ms
[2016.03.06-15.24.09:445][759]LogSavePackage:Warning: Finished SavePackage ../../../../../../UnrealProjects/GE_Project/Content/Blueprints/NewWidgetBlueprint.uasset
[2016.03.06-15.24.12:062][998]BlueprintLog: New page: Compile MainMenu
[2016.03.06-15.24.12:140][998]BlueprintEditorCompileResults: Info [1043.22] Compile of MainMenu successful! [in 77 ms]
[2016.03.06-15.24.13:019][ 59]Cmd: OBJ SAVEPACKAGE PACKAGE="/Game/Blueprints/MainMenu" FILE="../../../../../../UnrealProjects/GE_Project/Content/Blueprints/MainMenu.uasset" SILENT=true
[2016.03.06-15.24.13:054][ 59]LogSavePackage: Save=24.535397ms
[2016.03.06-15.24.13:054][ 59]LogSavePackage: Moving '../../../../../../UnrealProjects/GE_Project/Saved/MainMenu8BC37549413EB45611AAB6BCEB05FFB9.tmp' to '../../../../../../UnrealProjects/GE_Project/Content/Blueprints/MainMenu.uasset'
[2016.03.06-15.24.13:055][ 59]LogSavePackage: Total save time: 34.983564ms
[2016.03.06-15.24.13:055][ 59]LogSavePackage:Warning: Finished SavePackage ../../../../../../UnrealProjects/GE_Project/Content/Blueprints/MainMenu.uasset
[2016.03.06-15.24.21:971][927]LogBlueprintUserMessages: Early PlayInEditor Detection: Level '/Game/MyFirstLevel.MyFirstLevel:PersistentLevel' has LevelScriptBlueprint '/Game/MyFirstLevel.MyFirstLevel:PersistentLevel.MyFirstLevel' with GeneratedClass '/Game/MyFirstLevel.MyFirstLevel_C' with ClassGeneratedBy '/Game/MyFirstLevel.MyFirstLevel:PersistentLevel.MyFirstLevel'
[2016.03.06-15.24.21:972][927]LogPlayLevel: PlayLevel: No blueprints needed recompiling
[2016.03.06-15.24.21:972][927]LogHMD:Warning: HMD Oculus Rift DK2, res = 1920 x 1080
[2016.03.06-15.24.21:973][927]PIE: New page: PIE session: MyFirstLevel (Mar 6, 2016, 5:24:21 PM)
[2016.03.06-15.24.21:973][927]LogPlayLevel: Creating play world package: /Game/UEDPIE_0_MyFirstLevel
[2016.03.06-15.24.22:000][927]LogPlayLevel: PIE: StaticDuplicateObject took: (0.027502s)
[2016.03.06-15.24.22:001][927]LogAIModule: Creating AISystem for world MyFirstLevel
[2016.03.06-15.24.22:001][927]LogPlayLevel: PIE: World Init took: (0.000553s)
[2016.03.06-15.24.22:001][927]LogPlayLevel: PIE: Created PIE world by copying editor world from /Game/MyFirstLevel.MyFirstLevel to /Game/UEDPIE_0_MyFirstLevel.MyFirstLevel (0.028220s)
[2016.03.06-15.24.22:036][927]LogInit: XAudio2 using 'Speakers (Realtek High Definition Audio)' : 2 channels at 48 kHz using 32 bits per sample (channel mask 0x3)
[2016.03.06-15.24.22:042][927]LogInit: FAudioDevice initialized.
[2016.03.06-15.24.22:076][927]LogWorld: Game class is 'BP_TheBeginningGameMode_C'
[2016.03.06-15.24.22:125][927]LogWorld: Bringing World /Game/UEDPIE_0_MyFirstLevel.MyFirstLevel up for play (max tick rate 0) at 2016.03.06-16.24.22
[2016.03.06-15.24.22:125][927]LogActor:Warning: GameSession /Game/UEDPIE_0_MyFirstLevel.MyFirstLevel:PersistentLevel.GameSession_1 has natively added scene component(s), but none of them were set as the actor's RootComponent - picking one arbitrarily
[2016.03.06-15.24.22:125][927]LogActor:Warning: GameNetworkManager /Game/UEDPIE_0_MyFirstLevel.MyFirstLevel:PersistentLevel.GameNetworkManager_1 has natively added scene component(s), but none of them were set as the actor's RootComponent - picking one arbitrarily
[2016.03.06-15.24.22:127][927]LogWorld: Bringing up level for play took: 0.049526
[2016.03.06-15.24.22:169][927]PIE: Info Play in editor start time for /Game/UEDPIE_0_MyFirstLevel 0.668
[2016.03.06-15.24.22:169][927]LogBlueprintUserMessages: Late PlayInEditor Detection: Level '/Game/MyFirstLevel.MyFirstLevel:PersistentLevel' has LevelScriptBlueprint '/Game/MyFirstLevel.MyFirstLevel:PersistentLevel.MyFirstLevel' with GeneratedClass '/Game/MyFirstLevel.MyFirstLevel_C' with ClassGeneratedBy '/Game/MyFirstLevel.MyFirstLevel:PersistentLevel.MyFirstLevel'
[2016.03.06-15.24.32:769][110]LogBlueprintUserMessages: Early EndPlayMap Detection: Level '/Game/MyFirstLevel.MyFirstLevel:PersistentLevel' has LevelScriptBlueprint '/Game/MyFirstLevel.MyFirstLevel:PersistentLevel.MyFirstLevel' with GeneratedClass '/Game/MyFirstLevel.MyFirstLevel_C' with ClassGeneratedBy '/Game/MyFirstLevel.MyFirstLevel:PersistentLevel.MyFirstLevel'
[2016.03.06-15.24.32:812][110]LogBlueprintUserMessages: Late EndPlayMap Detection: Level '/Game/MyFirstLevel.MyFirstLevel:PersistentLevel' has LevelScriptBlueprint '/Game/MyFirstLevel.MyFirstLevel:PersistentLevel.MyFirstLevel' with GeneratedClass '/Game/MyFirstLevel.MyFirstLevel_C' with ClassGeneratedBy '/Game/MyFirstLevel.MyFirstLevel:PersistentLevel.MyFirstLevel'
[2016.03.06-15.24.32:844][110]LogParticles: Destroying 0 GPU particle simulations for FXSystem 0x000000A3643C9C60
[2016.03.06-15.24.34:389][272]LogBlueprintUserMessages: Early PlayInEditor Detection: Level '/Game/MyFirstLevel.MyFirstLevel:PersistentLevel' has LevelScriptBlueprint '/Game/MyFirstLevel.MyFirstLevel:PersistentLevel.MyFirstLevel' with GeneratedClass '/Game/MyFirstLevel.MyFirstLevel_C' with ClassGeneratedBy '/Game/MyFirstLevel.MyFirstLevel:PersistentLevel.MyFirstLevel'
[2016.03.06-15.24.34:389][272]LogPlayLevel: PlayLevel: No blueprints needed recompiling
[2016.03.06-15.24.34:389][272]LogHMD:Warning: HMD Oculus Rift DK2, res = 1920 x 1080
[2016.03.06-15.24.34:390][272]PIE: New page: PIE session: MyFirstLevel (Mar 6, 2016, 5:24:34 PM)
[2016.03.06-15.24.34:390][272]LogPlayLevel: Creating play world package: /Game/UEDPIE_0_MyFirstLevel
[2016.03.06-15.24.34:417][272]LogPlayLevel: PIE: StaticDuplicateObject took: (0.027432s)
[2016.03.06-15.24.34:417][272]LogAIModule: Creating AISystem for world MyFirstLevel
[2016.03.06-15.24.34:418][272]LogPlayLevel: PIE: World Init took: (0.000466s)
[2016.03.06-15.24.34:418][272]LogPlayLevel: PIE: Created PIE world by copying editor world from /Game/MyFirstLevel.MyFirstLevel to /Game/UEDPIE_0_MyFirstLevel.MyFirstLevel (0.028113s)
[2016.03.06-15.24.34:452][272]LogInit: XAudio2 using 'Speakers (Realtek High Definition Audio)' : 2 channels at 48 kHz using 32 bits per sample (channel mask 0x3)
[2016.03.06-15.24.34:458][272]LogInit: FAudioDevice initialized.
[2016.03.06-15.24.34:492][272]LogWorld: Game class is 'BP_TheBeginningGameMode_C'
[2016.03.06-15.24.34:541][272]LogWorld: Bringing World /Game/UEDPIE_0_MyFirstLevel.MyFirstLevel up for play (max tick rate 0) at 2016.03.06-16.24.34
[2016.03.06-15.24.34:541][272]LogActor:Warning: GameSession /Game/UEDPIE_0_MyFirstLevel.MyFirstLevel:PersistentLevel.GameSession_2 has natively added scene component(s), but none of them were set as the actor's RootComponent - picking one arbitrarily
[2016.03.06-15.24.34:541][272]LogActor:Warning: GameNetworkManager /Game/UEDPIE_0_MyFirstLevel.MyFirstLevel:PersistentLevel.GameNetworkManager_2 has natively added scene component(s), but none of them were set as the actor's RootComponent - picking one arbitrarily
[2016.03.06-15.24.34:542][272]LogWorld: Bringing up level for play took: 0.049764
[2016.03.06-15.24.34:557][272]PIE: Info Play in editor start time for /Game/UEDPIE_0_MyFirstLevel 1.056
[2016.03.06-15.24.34:557][272]LogBlueprintUserMessages: Late PlayInEditor Detection: Level '/Game/MyFirstLevel.MyFirstLevel:PersistentLevel' has LevelScriptBlueprint '/Game/MyFirstLevel.MyFirstLevel:PersistentLevel.MyFirstLevel' with GeneratedClass '/Game/MyFirstLevel.MyFirstLevel_C' with ClassGeneratedBy '/Game/MyFirstLevel.MyFirstLevel:PersistentLevel.MyFirstLevel'
[2016.03.06-15.38.59:289][527]LogWindowsTextInputMethodSystem:Display: IME system now deactivated.
[2016.03.06-15.38.59:291][527]LogWindowsTextInputMethodSystem:Display: IME system now deactivated.
[2016.03.06-15.38.59:427][527]LogBlueprintUserMessages: Early EndPlayMap Detection: Level '/Game/MyFirstLevel.MyFirstLevel:PersistentLevel' has LevelScriptBlueprint '/Game/MyFirstLevel.MyFirstLevel:PersistentLevel.MyFirstLevel' with GeneratedClass '/Game/MyFirstLevel.MyFirstLevel_C' with ClassGeneratedBy '/Game/MyFirstLevel.MyFirstLevel:PersistentLevel.MyFirstLevel'
[2016.03.06-15.38.59:474][527]LogBlueprintUserMessages: Late EndPlayMap Detection: Level '/Game/MyFirstLevel.MyFirstLevel:PersistentLevel' has LevelScriptBlueprint '/Game/MyFirstLevel.MyFirstLevel:PersistentLevel.MyFirstLevel' with GeneratedClass '/Game/MyFirstLevel.MyFirstLevel_C' with ClassGeneratedBy '/Game/MyFirstLevel.MyFirstLevel:PersistentLevel.MyFirstLevel'
[2016.03.06-15.38.59:507][527]LogParticles: Destroying 0 GPU particle simulations for FXSystem 0x000000A33D3C0400
[2016.03.06-15.38.59:508][527]LogParticles: Destroying 0 GPU particle simulations for FXSystem 0x000000A33D3C39C0
[2016.03.06-15.38.59:510][527]LogParticles: Destroying 0 GPU particle simulations for FXSystem 0x000000A3350B1DA0
[2016.03.06-15.38.59:510][527]LogParticles: Destroying 0 GPU particle simulations for FXSystem 0x000000A362D263E0
[2016.03.06-15.38.59:627][528]Cmd: QUIT_EDITOR
[2016.03.06-15.39.00:703][528]LogHMD: Oculus shutdown.
[2016.03.06-15.39.00:827][528]LogExit: Preparing to exit.
[2016.03.06-15.39.01:092][528]LogExit: Editor shut down
[2016.03.06-15.39.01:092][528]LogExit: Transaction tracking system shut down
[2016.03.06-15.39.01:094][528]LogParticles: Destroying 0 GPU particle simulations for FXSystem 0x000000A32A5E7600
[2016.03.06-15.39.01:096][528]LogParticles: Destroying 0 GPU particle simulations for FXSystem 0x000000A337C811C0
[2016.03.06-15.39.01:099][528]LogParticles: Destroying 0 GPU particle simulations for FXSystem 0x000000A33D5396C0
[2016.03.06-15.39.01:099][528]LogParticles: Destroying 0 GPU particle simulations for FXSystem 0x000000A33D3339C0
[2016.03.06-15.39.01:099][528]LogParticles: Destroying 0 GPU particle simulations for FXSystem 0x000000A33D3C05E0
[2016.03.06-15.39.01:116][528]LeapPluginLog: LeapController::CleanupEventData Delete Called
[2016.03.06-15.39.01:285][528]LogExit: Object subsystem successfully closed.
[2016.03.06-15.39.01:298][528]LogD3D11RHI: Shutdown
[2016.03.06-15.39.01:298][528]LogD3D11RHI: CleanupD3DDevice
[2016.03.06-15.39.01:364][528]LogD3D11RHI: ~FD3D11DynamicRHI
[2016.03.06-15.39.01:374][528]LogModuleManager: Shutting down and abandoning module SequencerWidgets (202)
[2016.03.06-15.39.01:374][528]LogModuleManager: Shutting down and abandoning module BlueprintGraph (201)
[2016.03.06-15.39.01:374][528]LogModuleManager: Shutting down and abandoning module CrashTracker (200)
[2016.03.06-15.39.01:374][528]LogModuleManager: Shutting down and abandoning module SceneOutliner (199)
[2016.03.06-15.39.01:374][528]LogModuleManager: Shutting down and abandoning module SuperSearch (198)
[2016.03.06-15.39.01:374][528]LogModuleManager: Shutting down and abandoning module WidgetCarousel (197)
[2016.03.06-15.39.01:374][528]LogModuleManager: Shutting down and abandoning module AddContentDialog (196)
[2016.03.06-15.39.01:375][528]LogModuleManager: Shutting down and abandoning module EditorWidgets (195)
[2016.03.06-15.39.01:375][528]LogModuleManager: Shutting down and abandoning module CollectionManager (194)
[2016.03.06-15.39.01:375][528]LogModuleManager: Shutting down and abandoning module StatsViewer (193)
[2016.03.06-15.39.01:375][528]LogModuleManager: Shutting down and abandoning module FoliageEdit (192)
[2016.03.06-15.39.01:375][528]LogModuleManager: Shutting down and abandoning module LandscapeEditor (191)
[2016.03.06-15.39.01:375][528]LogModuleManager: Shutting down and abandoning module ActorPickerMode (190)
[2016.03.06-15.39.01:375][528]LogModuleManager: Shutting down and abandoning module GeometryMode (189)
[2016.03.06-15.39.01:375][528]LogModuleManager: Shutting down and abandoning module TextureAlignMode (188)
[2016.03.06-15.39.01:375][528]LogModuleManager: Shutting down and abandoning module BspMode (187)
[2016.03.06-15.39.01:375][528]LogModuleManager: Shutting down and abandoning module PlacementMode (186)
[2016.03.06-15.39.01:375][528]LogModuleManager: Shutting down and abandoning module AutomationWorker (185)
[2016.03.06-15.39.01:375][528]LogModuleManager: Shutting down and abandoning module CharacterAI (184)
[2016.03.06-15.39.01:375][528]LogModuleManager: Shutting down and abandoning module SmartSnapping (183)
[2016.03.06-15.39.01:375][528]LogModuleManager: Shutting down and abandoning module ViewportSnapping (182)
[2016.03.06-15.39.01:375][528]LogModuleManager: Shutting down and abandoning module LogVisualizer (181)
[2016.03.06-15.39.01:375][528]LogModuleManager: Shutting down and abandoning module GameProjectGeneration (180)
[2016.03.06-15.39.01:375][528]LogModuleManager: Shutting down and abandoning module IntroTutorials (179)
[2016.03.06-15.39.01:375][528]LogModuleManager: Shutting down and abandoning module EditorLiveStreaming (178)
[2016.03.06-15.39.01:375][528]LogModuleManager: Shutting down and abandoning module IOSPlatformEditor (177)
[2016.03.06-15.39.01:375][528]LogModuleManager: Shutting down and abandoning module HTML5PlatformEditor (176)
[2016.03.06-15.39.01:375][528]LogModuleManager: Shutting down and abandoning module AndroidDeviceDetection (175)
[2016.03.06-15.39.02:061][528]LogModuleManager: Shutting down and abandoning module AndroidPlatformEditor (174)
[2016.03.06-15.39.02:061][528]LogModuleManager: Shutting down and abandoning module IOSRuntimeSettings (173)
[2016.03.06-15.39.02:061][528]LogModuleManager: Shutting down and abandoning module AndroidRuntimeSettings (172)
[2016.03.06-15.39.02:061][528]LogModuleManager: Shutting down and abandoning module MergeActors (171)
[2016.03.06-15.39.02:061][528]LogModuleManager: Shutting down and abandoning module SizeMap (170)
[2016.03.06-15.39.02:061][528]LogModuleManager: Shutting down and abandoning module TreeMap (169)
[2016.03.06-15.39.02:061][528]LogModuleManager: Shutting down and abandoning module ReferenceViewer (168)
[2016.03.06-15.39.02:061][528]LogModuleManager: Shutting down and abandoning module LocalizationService (167)
[2016.03.06-15.39.02:061][528]LogModuleManager: Shutting down and abandoning module LocalizationDashboard (166)
[2016.03.06-15.39.02:061][528]LogModuleManager: Shutting down and abandoning module HardwareTargeting (165)
[2016.03.06-15.39.02:061][528]LogModuleManager: Shutting down and abandoning module DeviceProfileEditor (164)
[2016.03.06-15.39.02:061][528]LogModuleManager: Shutting down and abandoning module UndoHistory (163)
[2016.03.06-15.39.02:061][528]LogModuleManager: Shutting down and abandoning module GameplayTagsEditor (162)
[2016.03.06-15.39.02:061][528]LogModuleManager: Shutting down and abandoning module UserFeedback (161)
[2016.03.06-15.39.02:061][528]LogModuleManager: Shutting down and abandoning module XmlParser (160)
[2016.03.06-15.39.02:061][528]LogModuleManager: Shutting down and abandoning module Blutility (159)
[2016.03.06-15.39.02:061][528]LogModuleManager: Shutting down and abandoning module ProjectTargetPlatformEditor (158)
[2016.03.06-15.39.02:061][528]LogModuleManager: Shutting down and abandoning module ProjectSettingsViewer (157)
[2016.03.06-15.39.02:061][528]LogModuleManager: Shutting down and abandoning module InputBindingEditor (156)
[2016.03.06-15.39.02:061][528]LogModuleManager: Shutting down and abandoning module EditorSettingsViewer (155)
[2016.03.06-15.39.02:061][528]LogModuleManager: Shutting down and abandoning module SettingsEditor (154)
[2016.03.06-15.39.02:061][528]LogModuleManager: Shutting down and abandoning module ProjectLauncher (153)
[2016.03.06-15.39.02:061][528]LogModuleManager: Shutting down and abandoning module SessionFrontend (152)
[2016.03.06-15.39.02:061][528]LogModuleManager: Shutting down and abandoning module ProfilerClient (151)
[2016.03.06-15.39.02:061][528]LogModuleManager: Shutting down and abandoning module TargetDeviceServices (150)
[2016.03.06-15.39.02:061][528]LogModuleManager: Shutting down and abandoning module DeviceManager (149)
[2016.03.06-15.39.02:061][528]LogModuleManager: Shutting down and abandoning module AutomationController (148)
[2016.03.06-15.39.02:061][528]LogModuleManager: Shutting down and abandoning module AutomationWindow (147)
[2016.03.06-15.39.02:061][528]LogModuleManager: Shutting down and abandoning module Layers (146)
[2016.03.06-15.39.02:061][528]LogModuleManager: Shutting down and abandoning module ComponentVisualizers (145)
[2016.03.06-15.39.02:061][528]LogModuleManager: Shutting down and abandoning module DetailCustomizations (144)
[2016.03.06-15.39.02:061][528]LogModuleManager: Shutting down and abandoning module PackagesDialog (143)
[2016.03.06-15.39.02:061][528]LogModuleManager: Shutting down and abandoning module Persona (142)
[2016.03.06-15.39.02:062][528]LogModuleManager: Shutting down and abandoning module Kismet (141)
[2016.03.06-15.39.02:062][528]LogModuleManager: Shutting down and abandoning module GraphEditor (140)
[2016.03.06-15.39.02:062][528]LogModuleManager: Shutting down and abandoning module ClassViewer (139)
[2016.03.06-15.39.02:062][528]LogModuleManager: Shutting down and abandoning module Toolbox (138)
[2016.03.06-15.39.02:062][528]LogModuleManager: Shutting down and abandoning module ModuleUI (137)
[2016.03.06-15.39.02:062][528]LogModuleManager: Shutting down and abandoning module MovieSceneTools (136)
[2016.03.06-15.39.02:062][528]LogModuleManager: Shutting down and abandoning module OutputLog (135)
[2016.03.06-15.39.02:062][528]LogModuleManager: Shutting down and abandoning module GammaUI (134)
[2016.03.06-15.39.02:062][528]LogModuleManager: Shutting down and abandoning module Documentation (133)
[2016.03.06-15.39.02:062][528]LogModuleManager: Shutting down and abandoning module GameLiveStreaming (132)
[2016.03.06-15.39.02:062][528]LogModuleManager: Shutting down and abandoning module StreamingPauseRendering (131)
[2016.03.06-15.39.02:062][528]LogModuleManager: Shutting down and abandoning module AnalyticsET (130)
[2016.03.06-15.39.02:062][528]LogModuleManager: Shutting down and abandoning module Analytics (129)
[2016.03.06-15.39.02:062][528]LogModuleManager: Shutting down and abandoning module AITestSuite (128)
[2016.03.06-15.39.02:062][528]LogModuleManager: Shutting down and abandoning module GameplayDebugger (127)
[2016.03.06-15.39.02:062][528]LogModuleManager: Shutting down and abandoning module AIModule (126)
[2016.03.06-15.39.02:062][528]LogModuleManager: Shutting down and abandoning module ProfilerService (125)
[2016.03.06-15.39.02:246][528]LogModuleManager: Shutting down and abandoning module TaskGraph (124)
[2016.03.06-15.39.02:246][528]LogModuleManager: Shutting down and abandoning module LeapMotion (123)
[2016.03.06-15.39.02:256][528]LogModuleManager: Shutting down and abandoning module SlateRemote (122)
[2016.03.06-15.39.02:256][528]LogModuleManager: Shutting down and abandoning module SteamVRController (121)
[2016.03.06-15.39.02:256][528]LogModuleManager: Shutting down and abandoning module SteamVR (120)
[2016.03.06-15.39.02:256][528]LogModuleManager: Shutting down and abandoning module ProceduralMeshComponent (119)
[2016.03.06-15.39.02:256][528]LogModuleManager: Shutting down and abandoning module OculusRift (118)
[2016.03.06-15.39.02:256][528]LogModuleManager: Shutting down and abandoning module OculusLibrary (117)
[2016.03.06-15.39.02:256][528]LogModuleManager: Shutting down and abandoning module LeapMotionController (116)
[2016.03.06-15.39.02:268][528]LogModuleManager: Shutting down and abandoning module CustomMeshComponent (115)
[2016.03.06-15.39.02:268][528]LogModuleManager: Shutting down and abandoning module CableComponent (114)
[2016.03.06-15.39.02:268][528]LogModuleManager: Shutting down and abandoning module ArchVisCharacter (113)
[2016.03.06-15.39.02:268][528]LogModuleManager: Shutting down and abandoning module MessagingDebugger (112)
[2016.03.06-15.39.02:268][528]LogModuleManager: Shutting down and abandoning module MediaPlayerEditor (111)
[2016.03.06-15.39.02:268][528]LogModuleManager: Shutting down and abandoning module HTML5Networking (110)
[2016.03.06-15.39.02:268][528]LogModuleManager: Shutting down and abandoning module SpeedTreeImporter (109)
[2016.03.06-15.39.02:268][528]LogModuleManager: Shutting down and abandoning module PluginBrowser (108)
[2016.03.06-15.39.02:268][528]LogModuleManager: Shutting down and abandoning module EpicSurvey (107)
[2016.03.06-15.39.02:268][528]LogModuleManager: Shutting down and abandoning module DesktopPlatform (106)
[2016.03.06-15.39.02:268][528]LogModuleManager: Shutting down and abandoning module VisualStudioSourceCodeAccess (105)
[2016.03.06-15.39.02:269][528]LogModuleManager: Shutting down and abandoning module UObjectPlugin (104)
[2016.03.06-15.39.02:269][528]LogModuleManager: Shutting down and abandoning module SubversionSourceControl (103)
[2016.03.06-15.39.02:269][528]LogModuleManager: Shutting down and abandoning module PerforceSourceControl (102)
[2016.03.06-15.39.02:269][528]LogModuleManager: Shutting down and abandoning module SourceControl (101)
[2016.03.06-15.39.02:269][528]LogModuleManager: Shutting down and abandoning module GitSourceControl (100)
[2016.03.06-15.39.02:269][528]LogModuleManager: Shutting down and abandoning module LightPropagationVolumeEditor (99)
[2016.03.06-15.39.02:269][528]LogModuleManager: Shutting down and abandoning module PaperTiledImporter (98)
[2016.03.06-15.39.02:269][528]LogModuleManager: Shutting down and abandoning module PaperSpriteSheetImporter (97)
[2016.03.06-15.39.02:269][528]LogModuleManager: Shutting down and abandoning module MeshPaint (96)
[2016.03.06-15.39.02:269][528]LogModuleManager: Shutting down and abandoning module SlateReflector (95)
[2016.03.06-15.39.02:269][528]LogModuleManager: Shutting down and abandoning module HotReload (94)
[2016.03.06-15.39.02:269][528]LogModuleManager: Shutting down and abandoning module MainFrame (93)
[2016.03.06-15.39.02:269][528]LogModuleManager: Shutting down and abandoning module LevelEditor (92)
[2016.03.06-15.39.02:270][528]LogModuleManager: Shutting down and abandoning module DirectoryWatcher (91)
[2016.03.06-15.39.02:270][528]LogModuleManager: Shutting down and abandoning module AssetRegistry (90)
[2016.03.06-15.39.02:351][528]LogModuleManager: Shutting down and abandoning module ContentBrowser (89)
[2016.03.06-15.39.02:352][528]LogModuleManager: Shutting down and abandoning module Paper2DEditor (88)
[2016.03.06-15.39.02:352][528]LogModuleManager: Shutting down and abandoning module TheBeginning (87)
[2016.03.06-15.39.02:352][528]LogModuleManager: Shutting down and abandoning module Kinect4Unreal (86)
[2016.03.06-15.39.02:352][528]LogModuleManager: Shutting down and abandoning module UdpMessaging (85)
[2016.03.06-15.39.02:453][528]LogModuleManager: Shutting down and abandoning module LightPropagationVolumeRuntime (84)
[2016.03.06-15.39.02:453][528]LogModuleManager: Shutting down and abandoning module Paper2D (83)
[2016.03.06-15.39.02:453][528]LogModuleManager: Shutting down and abandoning module WindowsMoviePlayer (82)
[2016.03.06-15.39.02:456][528]LogModuleManager: Shutting down and abandoning module Media (81)
[2016.03.06-15.39.02:456][528]LogModuleManager: Shutting down and abandoning module WmfMedia (80)
[2016.03.06-15.39.02:456][528]LogModuleManager: Shutting down and abandoning module OnlineBlueprintSupport (79)
[2016.03.06-15.39.02:456][528]LogModuleManager: Shutting down and abandoning module GameplayTasksEditor (78)
[2016.03.06-15.39.02:456][528]LogModuleManager: Shutting down and abandoning module PropertyEditor (77)
[2016.03.06-15.39.02:456][528]LogModuleManager: Shutting down and abandoning module BehaviorTreeEditor (76)
[2016.03.06-15.39.02:456][528]LogModuleManager: Shutting down and abandoning module FunctionalTesting (75)
[2016.03.06-15.39.02:456][528]LogModuleManager: Shutting down and abandoning module CollisionAnalyzer (74)
[2016.03.06-15.39.02:456][528]LogModuleManager: Shutting down and abandoning module WorkspaceMenuStructure (73)
[2016.03.06-15.39.02:456][528]LogModuleManager: Shutting down and abandoning module MessageLog (72)
[2016.03.06-15.39.02:456][528]LogModuleManager: Shutting down and abandoning module Sequencer (71)
[2016.03.06-15.39.02:456][528]LogModuleManager: Shutting down and abandoning module AssetTools (70)
[2016.03.06-15.39.02:456][528]LogModuleManager: Shutting down and abandoning module UMGEditor (69)
[2016.03.06-15.39.02:456][528]LogModuleManager: Shutting down and abandoning module UMG (68)
[2016.03.06-15.39.02:456][528]LogModuleManager: Shutting down and abandoning module Slate (67)
[2016.03.06-15.39.02:456][528]LogModuleManager: Shutting down and abandoning module EditorStyle (66)
[2016.03.06-15.39.02:457][528]LogModuleManager: Shutting down and abandoning module SessionServices (65)
[2016.03.06-15.39.02:457][528]LogModuleManager: Shutting down and abandoning module SourceCodeAccess (64)
[2016.03.06-15.39.02:458][528]LogModuleManager: Shutting down and abandoning module HeadMountedDisplay (63)
[2016.03.06-15.39.02:458][528]LogModuleManager: Shutting down and abandoning module XAudio2 (62)
[2016.03.06-15.39.02:458][528]LogModuleManager: Shutting down and abandoning module Networking (60)
[2016.03.06-15.39.02:458][528]LogModuleManager: Shutting down and abandoning module Core (59)
[2016.03.06-15.39.02:458][528]LogModuleManager: Shutting down and abandoning module KismetCompiler (58)
[2016.03.06-15.39.02:458][528]LogModuleManager: Shutting down and abandoning module PhysXFormats (57)
[2016.03.06-15.39.02:458][528]LogModuleManager: Shutting down and abandoning module MeshUtilities (56)
[2016.03.06-15.39.02:458][528]LogModuleManager: Shutting down and abandoning module CookingStats (55)
[2016.03.06-15.39.02:464][528]LogModuleManager: Shutting down and abandoning module DerivedDataCache (54)
[2016.03.06-15.39.02:491][528]LogDerivedDataCache: Shutdown
[2016.03.06-15.39.02:491][528]LogModuleManager: Shutting down and abandoning module ShaderFormatOpenGL (53)
[2016.03.06-15.39.02:491][528]LogModuleManager: Shutting down and abandoning module ShaderFormatD3D (52)
[2016.03.06-15.39.02:491][528]LogModuleManager: Shutting down and abandoning module MetalShaderFormat (51)
[2016.03.06-15.39.02:491][528]LogModuleManager: Shutting down and abandoning module TextureFormatUncompressed (50)
[2016.03.06-15.39.02:491][528]LogModuleManager: Shutting down and abandoning module TextureFormatPVR (49)
[2016.03.06-15.39.02:491][528]LogModuleManager: Shutting down and abandoning module TextureFormatIntelISPCTexComp (48)
[2016.03.06-15.39.02:491][528]LogModuleManager: Shutting down and abandoning module TextureFormatDXT (47)
[2016.03.06-15.39.02:491][528]LogModuleManager: Shutting down and abandoning module ImageWrapper (46)
[2016.03.06-15.39.02:491][528]LogModuleManager: Shutting down and abandoning module TextureFormatASTC (45)
[2016.03.06-15.39.02:491][528]LogModuleManager: Shutting down and abandoning module TextureFormatAndroid (44)
[2016.03.06-15.39.02:491][528]LogModuleManager: Shutting down and abandoning module AudioFormatOpus (43)
[2016.03.06-15.39.02:491][528]LogModuleManager: Shutting down and abandoning module AudioFormatOgg (42)
[2016.03.06-15.39.02:491][528]LogModuleManager: Shutting down and abandoning module AudioFormatADPCM (41)
[2016.03.06-15.39.02:491][528]LogModuleManager: Shutting down and abandoning module LinuxTargetPlatform (40)
[2016.03.06-15.39.02:491][528]LogModuleManager: Shutting down and abandoning module LinuxServerTargetPlatform (39)
[2016.03.06-15.39.02:491][528]LogModuleManager: Shutting down and abandoning module LinuxNoEditorTargetPlatform (38)
[2016.03.06-15.39.02:491][528]LogModuleManager: Shutting down and abandoning module Messaging (37)
[2016.03.06-15.39.02:491][528]LogModuleManager: Shutting down and abandoning module IOSTargetPlatform (36)
[2016.03.06-15.39.02:491][528]LogModuleManager: Shutting down and abandoning module HTML5TargetPlatform (35)
[2016.03.06-15.39.02:491][528]LogModuleManager: Shutting down and abandoning module Android_PVRTCTargetPlatform (34)
[2016.03.06-15.39.02:491][528]LogModuleManager: Shutting down and abandoning module Android_ETC2TargetPlatform (33)
[2016.03.06-15.39.02:491][528]LogModuleManager: Shutting down and abandoning module Android_ETC1TargetPlatform (32)
[2016.03.06-15.39.02:491][528]LogModuleManager: Shutting down and abandoning module Android_DXTTargetPlatform (31)
[2016.03.06-15.39.02:491][528]LogModuleManager: Shutting down and abandoning module Android_ATCTargetPlatform (30)
[2016.03.06-15.39.02:491][528]LogModuleManager: Shutting down and abandoning module Android_ASTCTargetPlatform (29)
[2016.03.06-15.39.02:491][528]LogModuleManager: Shutting down and abandoning module AndroidTargetPlatform (28)
[2016.03.06-15.39.02:491][528]LogModuleManager: Shutting down and abandoning module WindowsTargetPlatform (27)
[2016.03.06-15.39.02:491][528]LogModuleManager: Shutting down and abandoning module WindowsServerTargetPlatform (26)
[2016.03.06-15.39.02:491][528]LogModuleManager: Shutting down and abandoning module WindowsNoEditorTargetPlatform (25)
[2016.03.06-15.39.02:491][528]LogModuleManager: Shutting down and abandoning module WindowsClientTargetPlatform (24)
[2016.03.06-15.39.02:491][528]LogModuleManager: Shutting down and abandoning module AllDesktopTargetPlatform (23)
[2016.03.06-15.39.02:491][528]LogModuleManager: Shutting down and abandoning module TargetPlatform (22)
[2016.03.06-15.39.02:491][528]LogModuleManager: Shutting down and abandoning module InputCore (21)
[2016.03.06-15.39.02:491][528]LogModuleManager: Shutting down and abandoning module Settings (20)
[2016.03.06-15.39.02:491][528]LogModuleManager: Shutting down and abandoning module OnlineSubsystem (18)
[2016.03.06-15.39.02:491][528]LogModuleManager: Shutting down and abandoning module HTTP (17)
[2016.03.06-15.39.03:493][528]LogModuleManager: Shutting down and abandoning module XMPP (16)
[2016.03.06-15.39.03:493][528]LogModuleManager: Shutting down and abandoning module ExampleDeviceProfileSelector (15)
[2016.03.06-15.39.03:493][528]LogModuleManager: Shutting down and abandoning module TextureCompressor (14)
[2016.03.06-15.39.03:493][528]LogModuleManager: Shutting down and abandoning module ShaderCore (13)
[2016.03.06-15.39.03:493][528]LogModuleManager: Shutting down and abandoning module Landscape (12)
[2016.03.06-15.39.03:493][528]LogModuleManager: Shutting down and abandoning module SlateRHIRenderer (11)
[2016.03.06-15.39.03:495][528]LogModuleManager: Shutting down and abandoning module OpenGLDrv (10)
[2016.03.06-15.39.03:495][528]LogModuleManager: Shutting down and abandoning module D3D11RHI (9)
[2016.03.06-15.39.03:495][528]LogModuleManager: Shutting down and abandoning module AnimGraphRuntime (8)
[2016.03.06-15.39.03:495][528]LogModuleManager: Shutting down and abandoning module Renderer (7)
[2016.03.06-15.39.03:495][528]LogModuleManager: Shutting down and abandoning module Engine (6)
[2016.03.06-15.39.03:495][528]LogModuleManager: Shutting down and abandoning module CoreUObject (5)
[2016.03.06-15.39.03:495][528]LogModuleManager: Shutting down and abandoning module NetworkFile (4)
[2016.03.06-15.39.03:495][528]LogModuleManager: Shutting down and abandoning module StreamingFile (3)
[2016.03.06-15.39.03:495][528]LogModuleManager: Shutting down and abandoning module SandboxFile (2)
[2016.03.06-15.39.03:495][528]LogModuleManager: Shutting down and abandoning module PakFile (1)
[2016.03.06-15.39.03:496][528]LogExit: Exiting.
[2016.03.06-15.39.03:522][528]Log file closed, 03/06/16 16:39:03
