[2016.03.23-19.17.15:759][  0]Log file open, 03/23/16 20:17:15
[2016.03.23-19.17.15:759][  0]LogInit:Display: Running engine for game: TheBeginning
[2016.03.23-19.17.15:759][  0]LogInit:Display: RandInit(1847037869) SRandInit(1847037869).
[2016.03.23-19.17.15:759][  0]LogTaskGraph: Started task graph with 4 named threads and 7 total threads.
[2016.03.23-19.17.15:759][  0]LogStats: Stats thread started at 0.078716
[2016.03.23-19.17.15:759][  0]LogInit: Version: 4.9.2-2707645+++depot+UE4-Releases+4.9
[2016.03.23-19.17.15:759][  0]LogInit: API Version: 2672455
[2016.03.23-19.17.15:759][  0]LogInit: Compiled (64-bit): Sep 28 2015 10:25:44
[2016.03.23-19.17.15:759][  0]LogInit: Compiled with Visual C++: 18.00.21005.01
[2016.03.23-19.17.15:759][  0]LogInit: Build Configuration: Development
[2016.03.23-19.17.15:759][  0]LogInit: Branch Name: ++depot+UE4-Releases+4.9
[2016.03.23-19.17.15:759][  0]LogInit: Command line:  
[2016.03.23-19.17.15:759][  0]LogInit: Base directory: C:/Program Files (x86)/Epic Games/4.9/Engine/Binaries/Win64/
[2016.03.23-19.17.15:759][  0]LogInit: Rocket: 1
[2016.03.23-19.17.15:770][  0]LogInit: Using libcurl 7.41.0
[2016.03.23-19.17.15:770][  0]LogInit:  - built for x86_64-pc-win32
[2016.03.23-19.17.15:770][  0]LogInit:  - supports SSL with WinSSL
[2016.03.23-19.17.15:770][  0]LogInit:  - other features:
[2016.03.23-19.17.15:770][  0]LogInit:      CURL_VERSION_SSL
[2016.03.23-19.17.15:770][  0]LogInit:      CURL_VERSION_IPV6
[2016.03.23-19.17.15:770][  0]LogInit:      CURL_VERSION_ASYNCHDNS
[2016.03.23-19.17.15:770][  0]LogInit:      CURL_VERSION_LARGEFILE
[2016.03.23-19.17.15:770][  0]LogInit:      CURL_VERSION_IDN
[2016.03.23-19.17.15:770][  0]LogInit:  CurlRequestOptions (configurable via config and command line):
[2016.03.23-19.17.15:770][  0]LogInit:  - bVerifyPeer = true  - Libcurl will verify peer certificate
[2016.03.23-19.17.15:770][  0]LogInit:  - bUseHttpProxy = false  - Libcurl will NOT use HTTP proxy
[2016.03.23-19.17.15:770][  0]LogInit:  - bDontReuseConnections = false  - Libcurl will reuse connections
[2016.03.23-19.17.15:770][  0]LogInit:  - CertBundlePath = nullptr  - Libcurl will use whatever was configured at build time.
[2016.03.23-19.17.15:777][  0]LogInit: Presizing for 0 objects not considered by GC, pre-allocating 0 bytes.
[2016.03.23-19.17.15:783][  0]LogInit: Object subsystem initialized
[2016.03.23-19.17.15:784][  0]LogInit: Selected Device Profile: [Windows]
[2016.03.23-19.17.15:784][  0]LogInit: Applying CVar settings loaded from the selected device profile: [Windows]
[2016.03.23-19.17.15:793][  0]LogInit: Computer: DESKTOP-I563IRF
[2016.03.23-19.17.15:793][  0]LogInit: User: CaptainAmerica
[2016.03.23-19.17.15:793][  0]LogInit: CPU Page size=4096, Cores=4
[2016.03.23-19.17.15:793][  0]LogInit: High frequency timer resolution =2.531254 MHz
[2016.03.23-19.17.15:793][  0]LogMemory: Memory total: Physical=15.8GB (16GB approx)
[2016.03.23-19.17.15:793][  0]LogMemory: Platform Memory Stats for Windows
[2016.03.23-19.17.15:793][  0]LogMemory: Process Physical Memory: 54.88 MB used, 54.88 MB peak
[2016.03.23-19.17.15:793][  0]LogMemory: Process Virtual Memory: 55.45 MB used, 55.45 MB peak
[2016.03.23-19.17.15:793][  0]LogMemory: Physical Memory: 3441.61 MB used, 16205.89 MB total
[2016.03.23-19.17.15:793][  0]LogMemory: Virtual Memory: 368.80 MB used, 134217728.00 MB total
[2016.03.23-19.17.16:173][  0]LogTextLocalizationManager: No translations for ('de-DE') exist, falling back to 'en' for localization and internationalization data.
[2016.03.23-19.17.16:886][  0]LogD3D11RHI: Found D3D11 adapter 0: NVIDIA GeForce GTX 970M    (Feature Level 11_0)
[2016.03.23-19.17.16:886][  0]LogD3D11RHI: Adapter has 2988MB of dedicated video memory, 0MB of dedicated system memory, and 8102MB of shared system memory, 1 output[s]
[2016.03.23-19.17.16:892][  0]LogD3D11RHI: Found D3D11 adapter 1: Intel(R) HD Graphics 530 (Feature Level 11_0)
[2016.03.23-19.17.16:892][  0]LogD3D11RHI: Adapter has 128MB of dedicated video memory, 0MB of dedicated system memory, and 8102MB of shared system memory, 0 output[s]
[2016.03.23-19.17.16:893][  0]LogD3D11RHI: Found D3D11 adapter 2: Microsoft Basic Render Driver (Feature Level 11_0)
[2016.03.23-19.17.16:893][  0]LogD3D11RHI: Adapter has 0MB of dedicated video memory, 0MB of dedicated system memory, and 8102MB of shared system memory, 0 output[s]
[2016.03.23-19.17.16:893][  0]LogD3D11RHI: Chosen D3D11 Adapter Id = 0
[2016.03.23-19.17.16:896][  0]LogD3D11RHI: !Direct3DDevice
[2016.03.23-19.17.16:896][  0]LogRHI: Texture pool is 1361 MB (70% of 1945 MB)
[2016.03.23-19.17.16:908][  0]LogD3D11RHI: Async texture creation enabled
[2016.03.23-19.17.16:921][  0]LogShaderCompilers: Guid format shader working directory is 15 characters bigger than the processId version (../../../../../../Users/CaptainAmerica/Desktop/Uni/GE_Project/Intermediate/Shaders/WorkingDirectory/3660/).
[2016.03.23-19.17.16:921][  0]LogShaderCompilers: Cleaned the shader compiler working directory '../../../../../../Users/CaptainAmerica/Desktop/Uni/GE_Project/Intermediate/Shaders/tmp/CAC30C7D4B3D8CC2A642E7960AB2918F/'.
[2016.03.23-19.17.16:921][  0]LogShaderCompilers:Display: Using Local Shader Compiler.
[2016.03.23-19.17.17:850][  0]LogTemp:Display: Loaded TP AllDesktopTargetPlatform
[2016.03.23-19.17.17:855][  0]LogTemp:Display: Loaded TP WindowsClientTargetPlatform
[2016.03.23-19.17.17:860][  0]LogTemp:Display: Loaded TP WindowsNoEditorTargetPlatform
[2016.03.23-19.17.17:865][  0]LogTemp:Display: Loaded TP WindowsServerTargetPlatform
[2016.03.23-19.17.17:870][  0]LogTemp:Display: Loaded TP WindowsTargetPlatform
[2016.03.23-19.17.17:874][  0]LogTemp:Display: Loaded TP AndroidTargetPlatform
[2016.03.23-19.17.17:877][  0]LogTemp:Display: Loaded TP Android_ASTCTargetPlatform
[2016.03.23-19.17.17:880][  0]LogTemp:Display: Loaded TP Android_ATCTargetPlatform
[2016.03.23-19.17.17:883][  0]LogTemp:Display: Loaded TP Android_DXTTargetPlatform
[2016.03.23-19.17.17:886][  0]LogTemp:Display: Loaded TP Android_ETC1TargetPlatform
[2016.03.23-19.17.17:890][  0]LogTemp:Display: Loaded TP Android_ETC2TargetPlatform
[2016.03.23-19.17.17:893][  0]LogTemp:Display: Loaded TP Android_PVRTCTargetPlatform
[2016.03.23-19.17.17:894][  0]LogTemp:Display: Loaded TP HTML5TargetPlatform
[2016.03.23-19.17.17:910][  0]LogTemp:Display: Loaded TP IOSTargetPlatform
[2016.03.23-19.17.17:913][  0]LogTemp:Display: Loaded TP LinuxNoEditorTargetPlatform
[2016.03.23-19.17.17:916][  0]LogTemp:Display: Loaded TP LinuxServerTargetPlatform
[2016.03.23-19.17.17:920][  0]LogTemp:Display: Loaded TP LinuxTargetPlatform
[2016.03.23-19.17.17:920][  0]LogTargetPlatformManager:Display: Building Assets For Windows
[2016.03.23-19.17.18:000][  0]LogDerivedDataCache:Display: Max Cache Size: 512 MB
[2016.03.23-19.17.18:039][  0]LogDerivedDataCache: Loaded boot cache 0.04s 41MB C:/Users/CaptainAmerica/AppData/Local/UnrealEngine/4.9/DerivedDataCache/Boot.ddc.
[2016.03.23-19.17.18:039][  0]LogDerivedDataCache:Display: Loaded Boot cache: C:/Users/CaptainAmerica/AppData/Local/UnrealEngine/4.9/DerivedDataCache/Boot.ddc
[2016.03.23-19.17.18:040][  0]LogDerivedDataCache: FDerivedDataBackendGraph:  Pak pak cache file ../../../../../../Users/CaptainAmerica/Desktop/Uni/GE_Project/DerivedDataCache/DDC.ddp not found, will not use a pak cache.
[2016.03.23-19.17.18:040][  0]LogDerivedDataCache: Unable to find inner node Pak for hierarchical cache Hierarchy.
[2016.03.23-19.17.18:040][  0]LogDerivedDataCache: FDerivedDataBackendGraph:  CompressedPak pak cache file ../../../../../../Users/CaptainAmerica/Desktop/Uni/GE_Project/DerivedDataCache/Compressed.ddp not found, will not use a pak cache.
[2016.03.23-19.17.18:040][  0]LogDerivedDataCache: Unable to find inner node CompressedPak for hierarchical cache Hierarchy.
[2016.03.23-19.17.18:178][  0]LogDerivedDataCache:Display: Pak cache opened for reading ../../../Engine/DerivedDataCache/Compressed.ddp.
[2016.03.23-19.17.18:189][  0]LogDerivedDataCache: Using Local data cache path C:/Users/CaptainAmerica/AppData/Local/UnrealEngine/Common/DerivedDataCache: Writable
[2016.03.23-19.17.18:341][  0]LogInit: Selected Device Profile: [Windows]
[2016.03.23-19.17.18:344][  0]LogContentStreaming: Texture pool size is 0.000000MB
[2016.03.23-19.17.18:456][  0]LogMeshUtilities: No automatic mesh reduction module available
[2016.03.23-19.17.18:456][  0]LogMeshUtilities: No automatic mesh merging module available
[2016.03.23-19.17.18:670][  0]LogInit: WinSock: version 1.1 (2.2), MaxSocks=32767, MaxUdp=65467
[2016.03.23-19.17.19:305][  0]UdpMessaging: Initializing bridge on interface 0.0.0.0:0 to multicast group 230.0.0.1:6666.
[2016.03.23-19.17.19:410][  0]LogAssetRegistry: FAssetRegistry took 0.0107 seconds to start up
[2016.03.23-19.17.19:571][  0]SourceControl: Info Source control is disabled
[2016.03.23-19.17.19:572][  0]SourceControl: Info Source control is disabled
[2016.03.23-19.17.19:585][  0]SourceControl: Info Source control is disabled
[2016.03.23-19.17.19:594][  0]SourceControl: Info Source control is disabled
[2016.03.23-19.17.19:729][  0]LogLinker:Warning: Asset '../../../Engine/Plugins/Runtime/LeapMotionController/Content/LM_PassthroughMaterial.uasset' has been saved with empty engine version. The asset will be loaded but may be incompatible.
[2016.03.23-19.17.19:801][  0]LogObj: 28450 objects as part of root set at end of initial load.
[2016.03.23-19.17.19:801][  0]LogUObjectAllocator: 6092552 out of 0 bytes used by permanent object pool.
[2016.03.23-19.17.19:856][  0]LogEngine: Initializing Engine...
[2016.03.23-19.17.19:858][  0]LogHMD: Can't find Oculus library dev build: is proper Runtime installed? Version: 0.7.0.0
[2016.03.23-19.17.19:859][  0]LogHMD: SteamVR failed to initialize.  Err: 110
[2016.03.23-19.17.19:976][  0]LogAIModule: Creating AISystem for world NewWorld
[2016.03.23-19.17.19:981][  0]LogInit: XAudio2 using 'Lautsprecher (Realtek High Definition Audio)' : 2 channels at 48 kHz using 32 bits per sample (channel mask 0x3)
[2016.03.23-19.17.20:004][  0]LogInit: FAudioDevice initialized.
[2016.03.23-19.17.20:021][  0]LogDerivedDataCache: Saved boot cache 0.02s 41MB C:/Users/CaptainAmerica/AppData/Local/UnrealEngine/4.9/DerivedDataCache/Boot.ddc.
[2016.03.23-19.17.20:025][  0]LogInit: Texture streaming: Enabled
[2016.03.23-19.17.20:031][  0]LogAnalytics: Creating configured Analytics provider AnalyticsET
[2016.03.23-19.17.20:031][  0]LogAnalytics: [UEEditor.Rocket.Release] APIServer = http://et2.epicgames.com/ET2/. AppVersion = 4.9.2-2707645+++depot+UE4-Releases+4.9
[2016.03.23-19.17.20:031][  0]LogAnalytics: [UEEditor.Rocket.Release] SetUserId cf13bd144fda46388eb9608560661132|81f01d6b67df48cfa9231b1643757103|89657b24-a756-40fe-95bd-5a575f0e3948
[2016.03.23-19.17.20:031][  0]LogAnalytics: [UEEditor.Rocket.Release] AnalyticsET::StartSession
[2016.03.23-19.17.20:058][  0]LogInit: Transaction tracking system initialized
[2016.03.23-19.17.20:088][  0]BlueprintLog: New page: Editor Load
[2016.03.23-19.17.20:170][  0]LocalizationService: Info Localization service is disabled
[2016.03.23-19.17.20:235][  0]LogConsoleResponse:Display: 
[2016.03.23-19.17.20:347][  0]LogCook:Display: Done creating registry. It took  0.00s.
[2016.03.23-19.17.20:403][  0]LogFileCache: Scanning file cache for directory 'C:/Users/CaptainAmerica/Desktop/Uni/GE_Project/Content/' took 0.01s
[2016.03.23-19.17.20:403][  0]SourceControl: Info Source control is disabled
[2016.03.23-19.17.20:403][  0]Cmd: MAP LOAD FILE="../../../../../../Users/CaptainAmerica/Desktop/Uni/GE_Project/Content/StarterContent/Maps/Minimal_Default.umap" TEMPLATE=0 SHOWPROGRESS=1 FEATURELEVEL=3
[2016.03.23-19.17.20:403][  0]LightingResults: New page: Lighting Build
[2016.03.23-19.17.20:406][  0]MapCheck: New page: Map Check
[2016.03.23-19.17.20:406][  0]LightingResults: New page: Lighting Build
[2016.03.23-19.17.20:416][  0]LogParticles: Destroying 0 GPU particle simulations for FXSystem 0x00000249A9502160
[2016.03.23-19.17.20:787][  0]LogAIModule: Creating AISystem for world Minimal_Default
[2016.03.23-19.17.20:794][  0]LogEditorServer: Finished looking for orphan Actors (0.000 secs)
[2016.03.23-19.17.20:794][  0]Cmd: MAP CHECKDEP NOCLEARLOG
[2016.03.23-19.17.20:850][  0]MapCheck: Info Map check complete: 0 Error(s), 0 Warning(s), took 55.631ms to complete.
[2016.03.23-19.17.20:850][  0]LogFileHelpers: Loading map 'Minimal_Default' took 0.447
[2016.03.23-19.17.20:947][  0]LogCollectionManager: Loaded 0 collections in 0.003492 seconds
[2016.03.23-19.17.20:987][  0]LogFileCache: Scanning file cache for directory 'C:/Users/CaptainAmerica/Desktop/Uni/GE_Project/Saved/Collections/' took 0.01s
[2016.03.23-19.17.20:987][  0]LogFileCache: Scanning file cache for directory 'C:/Users/CaptainAmerica/Desktop/Uni/GE_Project/Content/Developers/CaptainAmerica/Collections/' took 0.01s
[2016.03.23-19.17.20:987][  0]LogFileCache: Scanning file cache for directory 'C:/Users/CaptainAmerica/Desktop/Uni/GE_Project/Content/Collections/' took 0.01s
[2016.03.23-19.17.20:987][  0]LogContentBrowser: Native class hierarchy populated in 0.0070 seconds. Added 1875 classes and 335 folders.
[2016.03.23-19.17.20:991][  0]LogCollectionManager: Rebuilt the GUID cache for 0 collections in 0.000002 seconds
[2016.03.23-19.17.21:005][  0]LogContentBrowser: Native class hierarchy updated for 'WidgetCarousel' in 0.0016 seconds. Added 0 classes and 0 folders.
[2016.03.23-19.17.21:040][  0]LogContentBrowser: Native class hierarchy updated for 'AddContentDialog' in 0.0010 seconds. Added 0 classes and 0 folders.
[2016.03.23-19.17.21:045][  0]LogContentBrowser: Native class hierarchy updated for 'SceneOutliner' in 0.0010 seconds. Added 1 classes and 2 folders.
[2016.03.23-19.17.21:066][  0]LogCrashTracker: Crashtracker disabled due to settings.
[2016.03.23-19.17.21:071][  0]LogUObjectGlobals:Warning: Failed to find object 'Class None.'
[2016.03.23-19.17.21:092][  0]LogLoad: Full Startup: 6.14 seconds (BP compile: 0.06 seconds)
[2016.03.23-19.17.21:180][  0]LogContentStreaming: Texture pool size now 1000 MB
[2016.03.23-19.17.21:324][  0]LogRenderer: Reallocating scene render targets to support 964x436 (Frame:2).
[2016.03.23-19.17.21:495][  3]LogAssetRegistry: Asset discovery search completed in 2.0951 seconds
[2016.03.23-19.17.21:495][  3]LogCollectionManager: Rebuilt the object cache for 0 collections in 0.000000 seconds (found 0 objects)
[2016.03.23-19.17.21:495][  3]LogCollectionManager: Fixed up redirectors for 0 collections in 0.000034 seconds (updated 0 objects)
[2016.03.23-19.17.26:438][156]LogFileCache: Retrieving MD5 hashes for directory 'C:/Users/CaptainAmerica/Desktop/Uni/GE_Project/Content/' took 5.32s
[2016.03.23-19.17.45:397][101]LogBlueprint:Warning: [compiler Ue4ASP_Character] Warning Input Axis Event references unknown Axis 'LookUp' for  InputAxis LookUp 
[2016.03.23-19.17.45:397][101]LogBlueprint:Warning: [compiler Ue4ASP_Character] Warning Input Axis Event references unknown Axis 'Turn' for  InputAxis Turn 
[2016.03.23-19.17.45:397][101]LogBlueprint:Warning: [compiler Ue4ASP_Character] Warning Input Axis Event references unknown Axis 'MoveRight' for  InputAxis MoveRight 
[2016.03.23-19.17.45:397][101]LogBlueprint:Warning: [compiler Ue4ASP_Character] Warning Input Axis Event references unknown Axis 'MoveForward' for  InputAxis MoveForward 
[2016.03.23-19.17.45:400][101]LogBlueprint:Warning: [compiler Ue4ASP_Character] Warning [0030.44] Compile of Ue4ASP_Character successful, but with 4 Warning(s) [in 7 ms]
[2016.03.23-19.17.45:400][101]LogBlueprint:Warning: [compiler Ue4ASP_Character] Warning [0030.44] Compile of Ue4ASP_Character successful, but with 5 Warning(s) [in 0 ms]
[2016.03.23-19.17.45:400][101]LogBlueprint:Warning: [compiler Ue4ASP_Character] Warning [0030.44] Compile of Ue4ASP_Character successful, but with 6 Warning(s) [in 0 ms]
[2016.03.23-19.17.45:464][101]LogBlueprint:Warning: [compiler Ue4ASP_Character] Warning Input Axis Event references unknown Axis 'LookUp' for  InputAxis LookUp 
[2016.03.23-19.17.45:464][101]LogBlueprint:Warning: [compiler Ue4ASP_Character] Warning Input Axis Event references unknown Axis 'Turn' for  InputAxis Turn 
[2016.03.23-19.17.45:464][101]LogBlueprint:Warning: [compiler Ue4ASP_Character] Warning Input Axis Event references unknown Axis 'MoveRight' for  InputAxis MoveRight 
[2016.03.23-19.17.45:464][101]LogBlueprint:Warning: [compiler Ue4ASP_Character] Warning Input Axis Event references unknown Axis 'MoveForward' for  InputAxis MoveForward 
[2016.03.23-19.17.45:467][101]LogBlueprint:Warning: [compiler Ue4ASP_Character] Warning [0030.51] Compile of Ue4ASP_Character successful, but with 4 Warning(s) [in 6 ms]
[2016.03.23-19.17.45:467][101]LogBlueprint:Warning: [compiler Ue4ASP_Character] Warning [0030.51] Compile of Ue4ASP_Character successful, but with 5 Warning(s) [in 0 ms]
[2016.03.23-19.17.45:467][101]LogBlueprint:Warning: [compiler Ue4ASP_Character] Warning [0030.51] Compile of Ue4ASP_Character successful, but with 6 Warning(s) [in 0 ms]
[2016.03.23-19.17.45:947][101]LogAIModule: Creating AISystem for world MyFirstLevel
[2016.03.23-19.17.45:955][101]LogParticles:Warning: InitializeSystem called on an unregistered component. Template=/Game/Snow.Snow Component=/Game/MyFirstLevel.MyFirstLevel:PersistentLevel.Snow_2.ParticleSystemComponent0
[2016.03.23-19.17.45:956][101]LogParticles:Warning: InitializeSystem called on an unregistered component. Template=/Game/StarterContent/Particles/P_Fire.P_Fire Component=/Game/MyFirstLevel.MyFirstLevel:PersistentLevel.P_Fire_2.ParticleSystemComponent0
[2016.03.23-19.17.45:994][101]Cmd: MAP LOAD FILE="../../../../../../Users/CaptainAmerica/Desktop/Uni/GE_Project/Content/MyFirstLevel.umap" TEMPLATE=0 SHOWPROGRESS=1 FEATURELEVEL=3
[2016.03.23-19.17.45:995][101]LightingResults: New page: Lighting Build
[2016.03.23-19.17.46:013][101]LoadErrors: New page: Loading map: MyFirstLevel.umap
[2016.03.23-19.17.46:013][101]MapCheck: New page: Map Check
[2016.03.23-19.17.46:013][101]LightingResults: New page: Lighting Build
[2016.03.23-19.17.46:024][101]LogParticles: Destroying 0 GPU particle simulations for FXSystem 0x000002499DD2FEC0
[2016.03.23-19.17.46:156][101]LogEditorServer: Finished looking for orphan Actors (0.000 secs)
[2016.03.23-19.17.46:213][101]Cmd: MAP CHECKDEP NOCLEARLOG
[2016.03.23-19.17.46:279][101]MapCheck: Info Map check complete: 0 Error(s), 0 Warning(s), took 66.337ms to complete.
[2016.03.23-19.17.46:279][101]LogFileHelpers: Loading map 'MyFirstLevel' took 0.286
[2016.03.23-19.17.46:308][102]Cmd: UpdateLandscapeEditorData -warnings
[2016.03.23-19.17.46:314][102]Cmd: UpdateLandscapeEditorData
[2016.03.23-19.17.52:207][451]LogEditorViewport: Clicking on Actor (LMB): BP_PickUpItem_C (BP_PickUpItem3)
[2016.03.23-19.18.09:463][484]LogActorComponent: UnregisterComponent: (/Engine/Transient.CharMoveComp) Not registered. Aborting.
[2016.03.23-19.18.09:570][484]Cmd: OBJ SAVEPACKAGE PACKAGE="/Game/MyFirstLevel" FILE="../../../../../../Users/CaptainAmerica/Desktop/Uni/GE_Project/Content/MyFirstLevel.umap" SILENT=true AUTOSAVING=false KEEPDIRTY=false
[2016.03.23-19.18.10:343][484]LogSavePackage: Save=738.235657ms
[2016.03.23-19.18.10:343][484]LogSavePackage: Moving '../../../../../../Users/CaptainAmerica/Desktop/Uni/GE_Project/Saved/MyFirstLevel2E674F044BADA38AC5A5E5B1AD7D668E.tmp' to '../../../../../../Users/CaptainAmerica/Desktop/Uni/GE_Project/Content/MyFirstLevel.umap'
[2016.03.23-19.18.10:346][484]LogSavePackage: Total save time: 762.953065ms
[2016.03.23-19.18.10:346][484]LogSavePackage:Warning: Finished SavePackage ../../../../../../Users/CaptainAmerica/Desktop/Uni/GE_Project/Content/MyFirstLevel.umap
[2016.03.23-19.18.10:415][484]LogFileHelpers: Saving map 'MyFirstLevel' took 0.902
[2016.03.23-19.18.14:361][713]LogPlayLevel: PlayLevel: No blueprints needed recompiling
[2016.03.23-19.18.14:361][713]PIE: New page: PIE session: MyFirstLevel (Mar 23, 2016, 9:18:14 PM)
[2016.03.23-19.18.14:361][713]LogPlayLevel: Creating play world package: /Game/UEDPIE_0_MyFirstLevel
[2016.03.23-19.18.14:393][713]LogPlayLevel: PIE: StaticDuplicateObject took: (0.032362s)
[2016.03.23-19.18.14:394][713]LogAIModule: Creating AISystem for world MyFirstLevel
[2016.03.23-19.18.14:394][713]LogPlayLevel: PIE: World Init took: (0.000600s)
[2016.03.23-19.18.14:394][713]LogPlayLevel: PIE: Created PIE world by copying editor world from /Game/MyFirstLevel.MyFirstLevel to /Game/UEDPIE_0_MyFirstLevel.MyFirstLevel (0.033390s)
[2016.03.23-19.18.14:410][713]LogInit: XAudio2 using 'Lautsprecher (Realtek High Definition Audio)' : 2 channels at 48 kHz using 32 bits per sample (channel mask 0x3)
[2016.03.23-19.18.14:418][713]LogInit: FAudioDevice initialized.
[2016.03.23-19.18.14:498][713]LogBlueprint:Warning: [BP_Avatar] CreatePinForVariable: 'KinectInterface' variable not found. Base class was probably changed.
[2016.03.23-19.18.14:498][713]LogBlueprint:Warning: [BP_Avatar] CreatePinForVariable: 'KinectInterface' variable not found. Base class was probably changed.
[2016.03.23-19.18.14:498][713]LogBlueprint:Warning: [BP_Avatar] CreatePinForVariable: 'KinectInterface' variable not found. Base class was probably changed.
[2016.03.23-19.18.14:499][713]LogBlueprint:Warning: [BP_Avatar] CreatePinForVariable: 'KinectInterface' variable not found. Base class was probably changed.
[2016.03.23-19.18.14:499][713]LogBlueprint:Warning: [BP_Avatar] CreatePinForVariable: 'KinectInterface' variable not found. Base class was probably changed.
[2016.03.23-19.18.14:505][713]LogBlueprint:Warning: [compiler BP_Avatar] Warning Could not find a variable named "KinectInterface" in 'BP_Avatar_C'.
Make sure 'BP_Avatar_C' has been compiled for  Get KinectInterface 
[2016.03.23-19.18.14:506][713]LogBlueprint:Error: [compiler BP_Avatar] Error Could not find a function named "GetHandStateAsExecution" in 'BP_Avatar'.
Make sure 'BP_Avatar' has been compiled for  Get Hand State as Execution 
[2016.03.23-19.18.14:506][713]LogBlueprint:Warning: [compiler BP_Avatar] Warning Could not find a variable named "KinectInterface" in 'BP_Avatar_C'.
Make sure 'BP_Avatar_C' has been compiled for  Get KinectInterface 
[2016.03.23-19.18.14:506][713]LogBlueprint:Error: [compiler BP_Avatar] Error Could not find a function named "GetHandStateAsExecution" in 'BP_Avatar'.
Make sure 'BP_Avatar' has been compiled for  Get Hand State as Execution 
[2016.03.23-19.18.14:506][713]LogBlueprint:Warning: [compiler BP_Avatar] Warning Could not find a variable named "KinectInterface" in 'BP_Avatar_C'.
Make sure 'BP_Avatar_C' has been compiled for  Get KinectInterface 
[2016.03.23-19.18.14:506][713]LogBlueprint:Error: [compiler BP_Avatar] Error Could not find a function named "GetDistanceBetweenJoints" in 'BP_Avatar'.
Make sure 'BP_Avatar' has been compiled for  Get Distance Between Joints 
[2016.03.23-19.18.14:506][713]LogBlueprint:Warning: [compiler BP_Avatar] Warning Could not find a variable named "KinectInterface" in 'BP_Avatar_C'.
Make sure 'BP_Avatar_C' has been compiled for  Get KinectInterface 
[2016.03.23-19.18.14:506][713]LogBlueprint:Error: [compiler BP_Avatar] Error Could not find a function named "GetDistanceBetweenJoints" in 'BP_Avatar'.
Make sure 'BP_Avatar' has been compiled for  Get Distance Between Joints 
[2016.03.23-19.18.14:506][713]LogBlueprint:Warning: [compiler BP_Avatar] Warning Could not find a variable named "KinectInterface" in 'BP_Avatar_C'.
Make sure 'BP_Avatar_C' has been compiled for  Get KinectInterface 
[2016.03.23-19.18.14:506][713]LogBlueprint:Error: [compiler BP_Avatar] Error Could not find a function named "GetCenteredBody" in 'BP_Avatar'.
Make sure 'BP_Avatar' has been compiled for  Get Centered Body 
[2016.03.23-19.18.14:507][713]LogBlueprint:Error: [compiler BP_Avatar] Error The property associated with  Kinect Interface  could not be found
[2016.03.23-19.18.14:507][713]LogBlueprint:Error: [compiler BP_Avatar] Error The property associated with  Kinect Interface  could not be found
[2016.03.23-19.18.14:507][713]LogBlueprint:Error: [compiler BP_Avatar] Error The property associated with  Kinect Interface  could not be found
[2016.03.23-19.18.14:508][713]LogBlueprint:Error: [compiler BP_Avatar] Error The current value (AnkleLeft) of the ' Start Joint ' pin is invalid: Expected a valid unsigned number for a byte property
[2016.03.23-19.18.14:508][713]LogBlueprint:Error: [compiler BP_Avatar] Error The current value (AnkleRight) of the ' End Joint ' pin is invalid: Expected a valid unsigned number for a byte property
[2016.03.23-19.18.14:508][713]LogBlueprint:Error: [compiler BP_Avatar] Error The current value (Head) of the ' Start Joint ' pin is invalid: Expected a valid unsigned number for a byte property
[2016.03.23-19.18.14:508][713]LogBlueprint:Error: [compiler BP_Avatar] Error The current value (AnkleRight) of the ' End Joint ' pin is invalid: Expected a valid unsigned number for a byte property
[2016.03.23-19.18.14:508][713]LogBlueprint:Error: [compiler BP_Avatar] Error The property associated with  Kinect Interface  could not be found
[2016.03.23-19.18.14:508][713]LogBlueprint:Error: [compiler BP_Avatar] Error The property associated with  Kinect Interface  could not be found
[2016.03.23-19.18.14:508][713]LogBlueprint:Error: [compiler BP_Avatar] Error The current value (Right) of the ' Hand ' pin is invalid: Expected a valid unsigned number for a byte property
[2016.03.23-19.18.14:508][713]LogBlueprint:Error: [compiler BP_Avatar] Error The current value (Left) of the ' Hand ' pin is invalid: Expected a valid unsigned number for a byte property
[2016.03.23-19.18.14:514][713]LogBlueprint:Warning: [compiler BP_Avatar] Warning [0059.56] Compile of BP_Avatar failed. 16 Fatal Issue(s) 5 Warning(s) [in 14 ms]
[2016.03.23-19.18.14:514][713]LogBlueprint:Warning: [compiler BP_Avatar] Warning [0059.56] Compile of BP_Avatar failed. 16 Fatal Issue(s) 6 Warning(s) [in 0 ms]
[2016.03.23-19.18.14:514][713]LogBlueprint:Warning: [compiler BP_Avatar] Warning [0059.56] Compile of BP_Avatar failed. 16 Fatal Issue(s) 7 Warning(s) [in 0 ms]
[2016.03.23-19.18.14:536][713]LogWorld: Game class is 'BP_TheBeginningGameMode_C'
[2016.03.23-19.18.14:605][713]LogWorld: Bringing World /Game/UEDPIE_0_MyFirstLevel.MyFirstLevel up for play (max tick rate 60) at 2016.03.23-20.18.14
[2016.03.23-19.18.14:605][713]LogActor:Warning: GameSession /Game/UEDPIE_0_MyFirstLevel.MyFirstLevel:PersistentLevel.GameSession_0 has natively added scene component(s), but none of them were set as the actor's RootComponent - picking one arbitrarily
[2016.03.23-19.18.14:605][713]LogActor:Warning: GameNetworkManager /Game/UEDPIE_0_MyFirstLevel.MyFirstLevel:PersistentLevel.GameNetworkManager_0 has natively added scene component(s), but none of them were set as the actor's RootComponent - picking one arbitrarily
[2016.03.23-19.18.14:607][713]LogWorld: Bringing up level for play took: 0.068734
[2016.03.23-19.18.14:609][713]PIE: Info Play in editor start time for /Game/UEDPIE_0_MyFirstLevel 1.136
[2016.03.23-19.18.20:688][ 70]LogActorComponent: UnregisterComponent: (/Engine/Transient.CharMoveComp) Not registered. Aborting.
[2016.03.23-19.18.20:688][ 70]LogActorComponent: UnregisterComponent: (/Engine/Transient.ProjectileComp) Not registered. Aborting.
[2016.03.23-19.18.20:703][ 70]LogParticles: Destroying 0 GPU particle simulations for FXSystem 0x00000249E0DB8400
[2016.03.23-19.23.05:910][813]LogFactory: FactoryCreateBinary: MediaPlayer with MediaPlayerFactory (0 0 ../../../../../../Users/CaptainAmerica/Downloads/CoinSound.mp3)
[2016.03.23-19.23.47:068][261]Cmd: OBJ SAVEPACKAGE PACKAGE="/Game/StarterContent/Audio/CoinSound" FILE="../../../../../../Users/CaptainAmerica/Desktop/Uni/GE_Project/Content/StarterContent/Audio/CoinSound.uasset" SILENT=true
[2016.03.23-19.23.47:073][261]LogSavePackage: Save=3.496686ms
[2016.03.23-19.23.47:073][261]LogSavePackage: Moving '../../../../../../Users/CaptainAmerica/Desktop/Uni/GE_Project/Saved/CoinSoundE91DDFE840E0FDD0B5A76DAC78F3B99D.tmp' to '../../../../../../Users/CaptainAmerica/Desktop/Uni/GE_Project/Content/StarterContent/Audio/CoinSound.uasset'
[2016.03.23-19.23.47:076][261]LogSavePackage: Total save time: 6.333619ms
[2016.03.23-19.23.47:076][261]LogSavePackage:Warning: Finished SavePackage ../../../../../../Users/CaptainAmerica/Desktop/Uni/GE_Project/Content/StarterContent/Audio/CoinSound.uasset
[2016.03.23-19.23.47:094][261]LogActorComponent: UnregisterComponent: (/Engine/Transient.CharMoveComp) Not registered. Aborting.
[2016.03.23-19.23.47:094][261]LogActorComponent: UnregisterComponent: (/Engine/Transient.CharacterMovementComponent_0) Not registered. Aborting.
[2016.03.23-19.23.47:094][261]LogActorComponent: UnregisterComponent: (/Engine/Transient.ProjectileComp) Not registered. Aborting.
[2016.03.23-19.26.17:935][882]LogActorComponent: UnregisterComponent: (/Engine/Transient.CharMoveComp) Not registered. Aborting.
[2016.03.23-19.26.17:935][882]LogActorComponent: UnregisterComponent: (/Engine/Transient.ProjectileComp) Not registered. Aborting.
[2016.03.23-19.26.17:935][882]LogActorComponent: UnregisterComponent: (/Engine/Transient.CharacterMovementComponent_1) Not registered. Aborting.
[2016.03.23-19.26.30:342][453]LogPlayLevel: PlayLevel: No blueprints needed recompiling
[2016.03.23-19.26.31:731][453]PIE: New page: PIE session: MyFirstLevel (Mar 23, 2016, 9:26:31 PM)
[2016.03.23-19.26.31:731][453]LogPlayLevel: Creating play world package: /Game/UEDPIE_0_MyFirstLevel
[2016.03.23-19.26.31:762][453]LogPlayLevel: PIE: StaticDuplicateObject took: (0.031253s)
[2016.03.23-19.26.31:763][453]LogAIModule: Creating AISystem for world MyFirstLevel
[2016.03.23-19.26.31:764][453]LogPlayLevel: PIE: World Init took: (0.000891s)
[2016.03.23-19.26.31:764][453]LogPlayLevel: PIE: Created PIE world by copying editor world from /Game/MyFirstLevel.MyFirstLevel to /Game/UEDPIE_0_MyFirstLevel.MyFirstLevel (0.032392s)
[2016.03.23-19.26.31:764][453]LogActorComponent: UnregisterComponent: (/Engine/Transient.CharMoveComp) Not registered. Aborting.
[2016.03.23-19.26.31:764][453]LogActorComponent: UnregisterComponent: (/Engine/Transient.ProjectileComp) Not registered. Aborting.
[2016.03.23-19.26.31:764][453]LogActorComponent: UnregisterComponent: (/Engine/Transient.CharacterMovementComponent_2) Not registered. Aborting.
[2016.03.23-19.26.31:780][453]LogInit: XAudio2 using 'Lautsprecher (Realtek High Definition Audio)' : 2 channels at 48 kHz using 32 bits per sample (channel mask 0x3)
[2016.03.23-19.26.31:787][453]LogInit: FAudioDevice initialized.
[2016.03.23-19.26.31:821][453]LogWorld: Game class is 'BP_TheBeginningGameMode_C'
[2016.03.23-19.26.31:890][453]LogWorld: Bringing World /Game/UEDPIE_0_MyFirstLevel.MyFirstLevel up for play (max tick rate 60) at 2016.03.23-20.26.31
[2016.03.23-19.26.31:890][453]LogActor:Warning: GameSession /Game/UEDPIE_0_MyFirstLevel.MyFirstLevel:PersistentLevel.GameSession_1 has natively added scene component(s), but none of them were set as the actor's RootComponent - picking one arbitrarily
[2016.03.23-19.26.31:890][453]LogActor:Warning: GameNetworkManager /Game/UEDPIE_0_MyFirstLevel.MyFirstLevel:PersistentLevel.GameNetworkManager_1 has natively added scene component(s), but none of them were set as the actor's RootComponent - picking one arbitrarily
[2016.03.23-19.26.31:892][453]LogWorld: Bringing up level for play took: 0.069250
[2016.03.23-19.26.31:894][453]PIE: Info Play in editor start time for /Game/UEDPIE_0_MyFirstLevel 2.421
[2016.03.23-19.26.40:760][934]LogParticles: Destroying 0 GPU particle simulations for FXSystem 0x00000249EC9D8EA0
[2016.03.23-19.28.27:037][406]LogFileHelpers: Editor autosave (incl. sublevels) for '/Game/MyFirstLevel' took 0.016
[2016.03.23-19.28.27:040][406]Cmd: OBJ SAVEPACKAGE PACKAGE="/Game/CoinSound" FILE="../../../../../../Users/CaptainAmerica/Desktop/Uni/GE_Project/Saved/Autosaves/Game/CoinSound_Auto1.uasset" SILENT=false AUTOSAVING=true
[2016.03.23-19.28.27:046][406]LogSavePackage: Save=3.892932ms
[2016.03.23-19.28.27:046][406]LogSavePackage: Moving '../../../../../../Users/CaptainAmerica/Desktop/Uni/GE_Project/Saved/CoinSound_Auto1660541BE4BDE7E01AFBDAD95D8C69B41.tmp' to '../../../../../../Users/CaptainAmerica/Desktop/Uni/GE_Project/Saved/Autosaves/Game/CoinSound_Auto1.uasset'
[2016.03.23-19.28.27:047][406]LogSavePackage: Total save time: 5.168583ms
[2016.03.23-19.28.27:047][406]LogSavePackage:Warning: Finished SavePackage ../../../../../../Users/CaptainAmerica/Desktop/Uni/GE_Project/Saved/Autosaves/Game/CoinSound_Auto1.uasset
[2016.03.23-19.28.27:050][406]OBJ SavePackage: Generating thumbnails for [1] asset(s) in package [/Game/StarterContent/Audio/CoinSound_Wav] ([1] browsable assets)...
[2016.03.23-19.28.27:057][406]OBJ SavePackage:     Rendered thumbnail for [MediaSoundWave /Game/StarterContent/Audio/CoinSound_Wav.CoinSound_Wav]
[2016.03.23-19.28.27:057][406]OBJ SavePackage: Finished generating thumbnails for package [/Game/StarterContent/Audio/CoinSound_Wav]
[2016.03.23-19.28.27:065][406]LogSavePackage: Save=5.847300ms
[2016.03.23-19.28.27:065][406]LogSavePackage: Moving '../../../../../../Users/CaptainAmerica/Desktop/Uni/GE_Project/Saved/CoinSound_Wav_Auto132A0910F4D4C0374860DC5892EEE9262.tmp' to '../../../../../../Users/CaptainAmerica/Desktop/Uni/GE_Project/Saved/Autosaves/Game/StarterContent/Audio/CoinSound_Wav_Auto1.uasset'
[2016.03.23-19.28.27:066][406]LogSavePackage: Total save time: 7.202752ms
[2016.03.23-19.28.27:066][406]LogSavePackage:Warning: Finished SavePackage ../../../../../../Users/CaptainAmerica/Desktop/Uni/GE_Project/Saved/Autosaves/Game/StarterContent/Audio/CoinSound_Wav_Auto1.uasset
[2016.03.23-19.28.27:068][406]OBJ SavePackage: Generating thumbnails for [1] asset(s) in package [/Game/StarterContent/Audio/SoundCoin] ([1] browsable assets)...
[2016.03.23-19.28.27:074][406]OBJ SavePackage:     Rendered thumbnail for [MediaSoundWave /Game/StarterContent/Audio/SoundCoin.SoundCoin]
[2016.03.23-19.28.27:074][406]OBJ SavePackage: Finished generating thumbnails for package [/Game/StarterContent/Audio/SoundCoin]
[2016.03.23-19.28.27:082][406]LogSavePackage: Save=5.814114ms
[2016.03.23-19.28.27:082][406]LogSavePackage: Moving '../../../../../../Users/CaptainAmerica/Desktop/Uni/GE_Project/Saved/SoundCoin_Auto127288CC24DB1CE58FC177CA8B2FC593D.tmp' to '../../../../../../Users/CaptainAmerica/Desktop/Uni/GE_Project/Saved/Autosaves/Game/StarterContent/Audio/SoundCoin_Auto1.uasset'
[2016.03.23-19.28.27:083][406]LogSavePackage: Total save time: 7.405818ms
[2016.03.23-19.28.27:083][406]LogSavePackage:Warning: Finished SavePackage ../../../../../../Users/CaptainAmerica/Desktop/Uni/GE_Project/Saved/Autosaves/Game/StarterContent/Audio/SoundCoin_Auto1.uasset
[2016.03.23-19.28.27:083][406]LogFileHelpers: Auto-saving content packages took 0.045
[2016.03.23-19.30.06:181][813]LogFactory: FactoryCreateBinary: MediaPlayer with MediaPlayerFactory (0 0 ../../../../../../Users/CaptainAmerica/Downloads/Coin.mp4)
[2016.03.23-19.30.35:937][590]LogPlayLevel: PlayLevel: No blueprints needed recompiling
[2016.03.23-19.30.35:937][590]PIE: New page: PIE session: MyFirstLevel (Mar 23, 2016, 9:30:35 PM)
[2016.03.23-19.30.35:937][590]LogPlayLevel: Creating play world package: /Game/UEDPIE_0_MyFirstLevel
[2016.03.23-19.30.35:968][590]LogPlayLevel: PIE: StaticDuplicateObject took: (0.030654s)
[2016.03.23-19.30.35:969][590]LogAIModule: Creating AISystem for world MyFirstLevel
[2016.03.23-19.30.35:969][590]LogPlayLevel: PIE: World Init took: (0.000580s)
[2016.03.23-19.30.35:969][590]LogPlayLevel: PIE: Created PIE world by copying editor world from /Game/MyFirstLevel.MyFirstLevel to /Game/UEDPIE_0_MyFirstLevel.MyFirstLevel (0.031481s)
[2016.03.23-19.30.35:983][590]LogInit: XAudio2 using 'Lautsprecher (Realtek High Definition Audio)' : 2 channels at 48 kHz using 32 bits per sample (channel mask 0x3)
[2016.03.23-19.30.35:989][590]LogInit: FAudioDevice initialized.
[2016.03.23-19.30.36:022][590]LogWorld: Game class is 'BP_TheBeginningGameMode_C'
[2016.03.23-19.30.36:092][590]LogWorld: Bringing World /Game/UEDPIE_0_MyFirstLevel.MyFirstLevel up for play (max tick rate 60) at 2016.03.23-20.30.36
[2016.03.23-19.30.36:092][590]LogActor:Warning: GameSession /Game/UEDPIE_0_MyFirstLevel.MyFirstLevel:PersistentLevel.GameSession_2 has natively added scene component(s), but none of them were set as the actor's RootComponent - picking one arbitrarily
[2016.03.23-19.30.36:093][590]LogActor:Warning: GameNetworkManager /Game/UEDPIE_0_MyFirstLevel.MyFirstLevel:PersistentLevel.GameNetworkManager_2 has natively added scene component(s), but none of them were set as the actor's RootComponent - picking one arbitrarily
[2016.03.23-19.30.36:094][590]LogWorld: Bringing up level for play took: 0.070616
[2016.03.23-19.30.36:097][590]PIE: Info Play in editor start time for /Game/UEDPIE_0_MyFirstLevel 0.624
[2016.03.23-19.30.41:089][883]LogParticles: Destroying 0 GPU particle simulations for FXSystem 0x00000249EC9120C0
[2016.03.23-19.30.44:948][ 46]LogActorComponent: ~FComponentReregisterContext: (/Game/MyFirstLevel.MyFirstLevel:PersistentLevel.BP_PickUpItem3.Mesh) Component already registered.
[2016.03.23-19.30.44:952][ 46]LogActorComponent: ~FComponentReregisterContext: (/Game/MyFirstLevel.MyFirstLevel:PersistentLevel.BP_PickUpItem3.ProxSphere) Component already registered.
[2016.03.23-19.30.54:949][628]LogPlayLevel: PlayLevel: No blueprints needed recompiling
[2016.03.23-19.30.54:949][628]PIE: New page: PIE session: MyFirstLevel (Mar 23, 2016, 9:30:54 PM)
[2016.03.23-19.30.54:950][628]LogPlayLevel: Creating play world package: /Game/UEDPIE_0_MyFirstLevel
[2016.03.23-19.30.54:983][628]LogPlayLevel: PIE: StaticDuplicateObject took: (0.034005s)
[2016.03.23-19.30.54:984][628]LogAIModule: Creating AISystem for world MyFirstLevel
[2016.03.23-19.30.54:984][628]LogPlayLevel: PIE: World Init took: (0.000557s)
[2016.03.23-19.30.54:984][628]LogPlayLevel: PIE: Created PIE world by copying editor world from /Game/MyFirstLevel.MyFirstLevel to /Game/UEDPIE_0_MyFirstLevel.MyFirstLevel (0.034719s)
[2016.03.23-19.30.54:984][628]LogActorComponent: UnregisterComponent: (/Engine/Transient.CharMoveComp) Not registered. Aborting.
[2016.03.23-19.30.54:984][628]LogActorComponent: UnregisterComponent: (/Engine/Transient.ProjectileComp) Not registered. Aborting.
[2016.03.23-19.30.54:984][628]LogActorComponent: UnregisterComponent: (/Engine/Transient.CharacterMovementComponent_3) Not registered. Aborting.
[2016.03.23-19.30.55:001][628]LogInit: XAudio2 using 'Lautsprecher (Realtek High Definition Audio)' : 2 channels at 48 kHz using 32 bits per sample (channel mask 0x3)
[2016.03.23-19.30.55:007][628]LogInit: FAudioDevice initialized.
[2016.03.23-19.30.55:042][628]LogWorld: Game class is 'BP_TheBeginningGameMode_C'
[2016.03.23-19.30.55:110][628]LogWorld: Bringing World /Game/UEDPIE_0_MyFirstLevel.MyFirstLevel up for play (max tick rate 60) at 2016.03.23-20.30.55
[2016.03.23-19.30.55:110][628]LogActor:Warning: GameSession /Game/UEDPIE_0_MyFirstLevel.MyFirstLevel:PersistentLevel.GameSession_3 has natively added scene component(s), but none of them were set as the actor's RootComponent - picking one arbitrarily
[2016.03.23-19.30.55:110][628]LogActor:Warning: GameNetworkManager /Game/UEDPIE_0_MyFirstLevel.MyFirstLevel:PersistentLevel.GameNetworkManager_3 has natively added scene component(s), but none of them were set as the actor's RootComponent - picking one arbitrarily
[2016.03.23-19.30.55:112][628]LogWorld: Bringing up level for play took: 0.068744
[2016.03.23-19.30.55:114][628]PIE: Info Play in editor start time for /Game/UEDPIE_0_MyFirstLevel -0.358
[2016.03.23-19.30.58:657][834]LogParticles: Destroying 0 GPU particle simulations for FXSystem 0x00000249EC911300
[2016.03.23-19.36.38:626][ 84]LogFactory: FactoryCreateBinary: SoundWave with ReimportSoundFactory (0 0 ../../../../../../Users/CaptainAmerica/Downloads/Super_Mario_Bros.wav)
[2016.03.23-19.36.38:634][ 84]LogAudioDerivedData:Display: Building compressed audio format OGG wave Super_Mario_Bros...
[2016.03.23-19.36.38:707][ 84]LogAudioDerivedData:Warning: Updated SoundWave->RawPCMDataSize during cooking SoundWave /Game/StarterContent/Audio/Super_Mario_Bros.Super_Mario_Bros.
[2016.03.23-19.36.47:596][560]LogPlayLevel: PlayLevel: No blueprints needed recompiling
[2016.03.23-19.36.47:597][560]PIE: New page: PIE session: MyFirstLevel (Mar 23, 2016, 9:36:47 PM)
[2016.03.23-19.36.47:597][560]LogPlayLevel: Creating play world package: /Game/UEDPIE_0_MyFirstLevel
[2016.03.23-19.36.47:654][560]LogPlayLevel: PIE: StaticDuplicateObject took: (0.057332s)
[2016.03.23-19.36.47:655][560]LogAIModule: Creating AISystem for world MyFirstLevel
[2016.03.23-19.36.47:655][560]LogPlayLevel: PIE: World Init took: (0.001060s)
[2016.03.23-19.36.47:655][560]LogPlayLevel: PIE: Created PIE world by copying editor world from /Game/MyFirstLevel.MyFirstLevel to /Game/UEDPIE_0_MyFirstLevel.MyFirstLevel (0.058674s)
[2016.03.23-19.36.47:655][560]LogActorComponent: UnregisterComponent: (/Engine/Transient.CharMoveComp) Not registered. Aborting.
[2016.03.23-19.36.47:655][560]LogActorComponent: UnregisterComponent: (/Engine/Transient.ProjectileComp) Not registered. Aborting.
[2016.03.23-19.36.47:655][560]LogActorComponent: UnregisterComponent: (/Engine/Transient.CharacterMovementComponent_4) Not registered. Aborting.
[2016.03.23-19.36.47:684][560]LogInit: XAudio2 using 'Lautsprecher (Realtek High Definition Audio)' : 2 channels at 48 kHz using 32 bits per sample (channel mask 0x3)
[2016.03.23-19.36.47:696][560]LogInit: FAudioDevice initialized.
[2016.03.23-19.36.47:738][560]LogWorld: Game class is 'BP_TheBeginningGameMode_C'
[2016.03.23-19.36.47:853][560]LogWorld: Bringing World /Game/UEDPIE_0_MyFirstLevel.MyFirstLevel up for play (max tick rate 60) at 2016.03.23-20.36.47
[2016.03.23-19.36.47:853][560]LogActor:Warning: GameSession /Game/UEDPIE_0_MyFirstLevel.MyFirstLevel:PersistentLevel.GameSession_4 has natively added scene component(s), but none of them were set as the actor's RootComponent - picking one arbitrarily
[2016.03.23-19.36.47:853][560]LogActor:Warning: GameNetworkManager /Game/UEDPIE_0_MyFirstLevel.MyFirstLevel:PersistentLevel.GameNetworkManager_4 has natively added scene component(s), but none of them were set as the actor's RootComponent - picking one arbitrarily
[2016.03.23-19.36.47:856][560]LogWorld: Bringing up level for play took: 0.116009
[2016.03.23-19.36.47:860][560]PIE: Info Play in editor start time for /Game/UEDPIE_0_MyFirstLevel 0.387
[2016.03.23-19.36.54:698][937]LogParticles: Destroying 0 GPU particle simulations for FXSystem 0x00000249EC94B420
[2016.03.23-19.37.21:277][503]LogPlayLevel: PlayLevel: No blueprints needed recompiling
[2016.03.23-19.37.21:278][503]PIE: New page: PIE session: MyFirstLevel (Mar 23, 2016, 9:37:21 PM)
[2016.03.23-19.37.21:278][503]LogPlayLevel: Creating play world package: /Game/UEDPIE_0_MyFirstLevel
[2016.03.23-19.37.21:333][503]LogPlayLevel: PIE: StaticDuplicateObject took: (0.055034s)
[2016.03.23-19.37.21:333][503]LogAIModule: Creating AISystem for world MyFirstLevel
[2016.03.23-19.37.21:333][503]LogPlayLevel: PIE: World Init took: (0.000815s)
[2016.03.23-19.37.21:334][503]LogPlayLevel: PIE: Created PIE world by copying editor world from /Game/MyFirstLevel.MyFirstLevel to /Game/UEDPIE_0_MyFirstLevel.MyFirstLevel (0.056116s)
[2016.03.23-19.37.21:366][503]LogInit: XAudio2 using 'Lautsprecher (Realtek High Definition Audio)' : 2 channels at 48 kHz using 32 bits per sample (channel mask 0x3)
[2016.03.23-19.37.21:377][503]LogInit: FAudioDevice initialized.
[2016.03.23-19.37.21:415][503]LogWorld: Game class is 'BP_TheBeginningGameMode_C'
[2016.03.23-19.37.21:532][503]LogWorld: Bringing World /Game/UEDPIE_0_MyFirstLevel.MyFirstLevel up for play (max tick rate 60) at 2016.03.23-20.37.21
[2016.03.23-19.37.21:533][503]LogActor:Warning: GameSession /Game/UEDPIE_0_MyFirstLevel.MyFirstLevel:PersistentLevel.GameSession_5 has natively added scene component(s), but none of them were set as the actor's RootComponent - picking one arbitrarily
[2016.03.23-19.37.21:533][503]LogActor:Warning: GameNetworkManager /Game/UEDPIE_0_MyFirstLevel.MyFirstLevel:PersistentLevel.GameNetworkManager_5 has natively added scene component(s), but none of them were set as the actor's RootComponent - picking one arbitrarily
[2016.03.23-19.37.21:536][503]LogWorld: Bringing up level for play took: 0.119021
[2016.03.23-19.37.21:539][503]PIE: Info Play in editor start time for /Game/UEDPIE_0_MyFirstLevel 0.067
[2016.03.23-19.37.26:614][800]LogParticles: Destroying 0 GPU particle simulations for FXSystem 0x00000249EC9D9A80
[2016.03.23-19.38.01:181][526]Cmd: OBJ SAVEPACKAGE PACKAGE="/Game/MyFirstLevel" FILE="../../../../../../Users/CaptainAmerica/Desktop/Uni/GE_Project/Content/MyFirstLevel.umap" SILENT=true AUTOSAVING=false KEEPDIRTY=false
[2016.03.23-19.38.02:517][526]LogSavePackage: Save=1280.768311ms
[2016.03.23-19.38.02:517][526]LogSavePackage: Moving '../../../../../../Users/CaptainAmerica/Desktop/Uni/GE_Project/Saved/MyFirstLevel87DB59F04C9612D8165C09BDDB1C40B8.tmp' to '../../../../../../Users/CaptainAmerica/Desktop/Uni/GE_Project/Content/MyFirstLevel.umap'
[2016.03.23-19.38.02:527][526]LogSavePackage: Total save time: 1325.198498ms
[2016.03.23-19.38.02:527][526]LogSavePackage:Warning: Finished SavePackage ../../../../../../Users/CaptainAmerica/Desktop/Uni/GE_Project/Content/MyFirstLevel.umap
[2016.03.23-19.38.16:490][311]LogPlayLevel: PlayLevel: No blueprints needed recompiling
[2016.03.23-19.38.16:490][311]PIE: New page: PIE session: MyFirstLevel (Mar 23, 2016, 9:38:16 PM)
[2016.03.23-19.38.16:490][311]LogPlayLevel: Creating play world package: /Game/UEDPIE_0_MyFirstLevel
[2016.03.23-19.38.16:546][311]LogPlayLevel: PIE: StaticDuplicateObject took: (0.054886s)
[2016.03.23-19.38.16:546][311]LogAIModule: Creating AISystem for world MyFirstLevel
[2016.03.23-19.38.16:547][311]LogPlayLevel: PIE: World Init took: (0.000917s)
[2016.03.23-19.38.16:547][311]LogPlayLevel: PIE: Created PIE world by copying editor world from /Game/MyFirstLevel.MyFirstLevel to /Game/UEDPIE_0_MyFirstLevel.MyFirstLevel (0.056068s)
[2016.03.23-19.38.16:570][311]LogInit: XAudio2 using 'Lautsprecher (Realtek High Definition Audio)' : 2 channels at 48 kHz using 32 bits per sample (channel mask 0x3)
[2016.03.23-19.38.16:581][311]LogInit: FAudioDevice initialized.
[2016.03.23-19.38.16:623][311]LogWorld: Game class is 'BP_TheBeginningGameMode_C'
[2016.03.23-19.38.16:737][311]LogWorld: Bringing World /Game/UEDPIE_0_MyFirstLevel.MyFirstLevel up for play (max tick rate 60) at 2016.03.23-20.38.16
[2016.03.23-19.38.16:737][311]LogActor:Warning: GameSession /Game/UEDPIE_0_MyFirstLevel.MyFirstLevel:PersistentLevel.GameSession_6 has natively added scene component(s), but none of them were set as the actor's RootComponent - picking one arbitrarily
[2016.03.23-19.38.16:737][311]LogActor:Warning: GameNetworkManager /Game/UEDPIE_0_MyFirstLevel.MyFirstLevel:PersistentLevel.GameNetworkManager_6 has natively added scene component(s), but none of them were set as the actor's RootComponent - picking one arbitrarily
[2016.03.23-19.38.16:740][311]LogWorld: Bringing up level for play took: 0.115518
[2016.03.23-19.38.16:744][311]PIE: Info Play in editor start time for /Game/UEDPIE_0_MyFirstLevel -0.729
[2016.03.23-19.38.39:814][631]LogParticles: Destroying 0 GPU particle simulations for FXSystem 0x00000249E0DB82C0
[2016.03.23-19.38.48:272][108]LogPlayLevel: PlayLevel: No blueprints needed recompiling
[2016.03.23-19.38.48:273][108]PIE: New page: PIE session: MyFirstLevel (Mar 23, 2016, 9:38:48 PM)
[2016.03.23-19.38.48:273][108]LogPlayLevel: Creating play world package: /Game/UEDPIE_0_MyFirstLevel
[2016.03.23-19.38.48:336][108]LogPlayLevel: PIE: StaticDuplicateObject took: (0.063166s)
[2016.03.23-19.38.48:336][108]LogAIModule: Creating AISystem for world MyFirstLevel
[2016.03.23-19.38.48:337][108]LogPlayLevel: PIE: World Init took: (0.000837s)
[2016.03.23-19.38.48:337][108]LogPlayLevel: PIE: Created PIE world by copying editor world from /Game/MyFirstLevel.MyFirstLevel to /Game/UEDPIE_0_MyFirstLevel.MyFirstLevel (0.064266s)
[2016.03.23-19.38.48:360][108]LogInit: XAudio2 using 'Lautsprecher (Realtek High Definition Audio)' : 2 channels at 48 kHz using 32 bits per sample (channel mask 0x3)
[2016.03.23-19.38.48:371][108]LogInit: FAudioDevice initialized.
[2016.03.23-19.38.48:413][108]LogWorld: Game class is 'BP_TheBeginningGameMode_C'
[2016.03.23-19.38.48:527][108]LogWorld: Bringing World /Game/UEDPIE_0_MyFirstLevel.MyFirstLevel up for play (max tick rate 60) at 2016.03.23-20.38.48
[2016.03.23-19.38.48:528][108]LogActor:Warning: GameSession /Game/UEDPIE_0_MyFirstLevel.MyFirstLevel:PersistentLevel.GameSession_7 has natively added scene component(s), but none of them were set as the actor's RootComponent - picking one arbitrarily
[2016.03.23-19.38.48:528][108]LogActor:Warning: GameNetworkManager /Game/UEDPIE_0_MyFirstLevel.MyFirstLevel:PersistentLevel.GameNetworkManager_7 has natively added scene component(s), but none of them were set as the actor's RootComponent - picking one arbitrarily
[2016.03.23-19.38.48:531][108]LogWorld: Bringing up level for play took: 0.116080
[2016.03.23-19.38.48:535][108]PIE: Info Play in editor start time for /Game/UEDPIE_0_MyFirstLevel 1.062
[2016.03.23-19.38.54:593][462]LogParticles: Destroying 0 GPU particle simulations for FXSystem 0x00000249B5C7BD80
[2016.03.23-19.38.57:204][614]LogPlayLevel: PlayLevel: No blueprints needed recompiling
[2016.03.23-19.38.57:204][614]PIE: New page: PIE session: MyFirstLevel (Mar 23, 2016, 9:38:57 PM)
[2016.03.23-19.38.57:204][614]LogPlayLevel: Creating play world package: /Game/UEDPIE_0_MyFirstLevel
[2016.03.23-19.38.57:260][614]LogPlayLevel: PIE: StaticDuplicateObject took: (0.056066s)
[2016.03.23-19.38.57:261][614]LogAIModule: Creating AISystem for world MyFirstLevel
[2016.03.23-19.38.57:261][614]LogPlayLevel: PIE: World Init took: (0.000807s)
[2016.03.23-19.38.57:261][614]LogPlayLevel: PIE: Created PIE world by copying editor world from /Game/MyFirstLevel.MyFirstLevel to /Game/UEDPIE_0_MyFirstLevel.MyFirstLevel (0.057201s)
[2016.03.23-19.38.57:288][614]LogInit: XAudio2 using 'Lautsprecher (Realtek High Definition Audio)' : 2 channels at 48 kHz using 32 bits per sample (channel mask 0x3)
[2016.03.23-19.38.57:298][614]LogInit: FAudioDevice initialized.
[2016.03.23-19.38.57:340][614]LogWorld: Game class is 'BP_TheBeginningGameMode_C'
[2016.03.23-19.38.57:456][614]LogWorld: Bringing World /Game/UEDPIE_0_MyFirstLevel.MyFirstLevel up for play (max tick rate 60) at 2016.03.23-20.38.57
[2016.03.23-19.38.57:456][614]LogActor:Warning: GameSession /Game/UEDPIE_0_MyFirstLevel.MyFirstLevel:PersistentLevel.GameSession_8 has natively added scene component(s), but none of them were set as the actor's RootComponent - picking one arbitrarily
[2016.03.23-19.38.57:456][614]LogActor:Warning: GameNetworkManager /Game/UEDPIE_0_MyFirstLevel.MyFirstLevel:PersistentLevel.GameNetworkManager_8 has natively added scene component(s), but none of them were set as the actor's RootComponent - picking one arbitrarily
[2016.03.23-19.38.57:459][614]LogWorld: Bringing up level for play took: 0.118140
[2016.03.23-19.38.57:463][614]PIE: Info Play in editor start time for /Game/UEDPIE_0_MyFirstLevel -0.01
[2016.03.23-19.39.00:462][787]LogParticles: Destroying 0 GPU particle simulations for FXSystem 0x00000249B8621440
[2016.03.23-19.40.53:214][818]LogPlayLevel: PlayLevel: No blueprints needed recompiling
[2016.03.23-19.40.53:214][818]PIE: New page: PIE session: MyFirstLevel (Mar 23, 2016, 9:40:53 PM)
[2016.03.23-19.40.53:214][818]LogPlayLevel: Creating play world package: /Game/UEDPIE_0_MyFirstLevel
[2016.03.23-19.40.53:272][818]LogPlayLevel: PIE: StaticDuplicateObject took: (0.057550s)
[2016.03.23-19.40.53:273][818]LogAIModule: Creating AISystem for world MyFirstLevel
[2016.03.23-19.40.53:273][818]LogPlayLevel: PIE: World Init took: (0.001060s)
[2016.03.23-19.40.53:273][818]LogPlayLevel: PIE: Created PIE world by copying editor world from /Game/MyFirstLevel.MyFirstLevel to /Game/UEDPIE_0_MyFirstLevel.MyFirstLevel (0.058930s)
[2016.03.23-19.40.53:298][818]LogInit: XAudio2 using 'Lautsprecher (Realtek High Definition Audio)' : 2 channels at 48 kHz using 32 bits per sample (channel mask 0x3)
[2016.03.23-19.40.53:309][818]LogInit: FAudioDevice initialized.
[2016.03.23-19.40.53:345][818]LogWorld: Game class is 'BP_TheBeginningGameMode_C'
[2016.03.23-19.40.53:470][818]LogWorld: Bringing World /Game/UEDPIE_0_MyFirstLevel.MyFirstLevel up for play (max tick rate 60) at 2016.03.23-20.40.53
[2016.03.23-19.40.53:470][818]LogActor:Warning: GameSession /Game/UEDPIE_0_MyFirstLevel.MyFirstLevel:PersistentLevel.GameSession_9 has natively added scene component(s), but none of them were set as the actor's RootComponent - picking one arbitrarily
[2016.03.23-19.40.53:471][818]LogActor:Warning: GameNetworkManager /Game/UEDPIE_0_MyFirstLevel.MyFirstLevel:PersistentLevel.GameNetworkManager_9 has natively added scene component(s), but none of them were set as the actor's RootComponent - picking one arbitrarily
[2016.03.23-19.40.53:474][818]LogWorld: Bringing up level for play took: 0.127027
[2016.03.23-19.40.53:478][818]PIE: Info Play in editor start time for /Game/UEDPIE_0_MyFirstLevel 0.005
[2016.03.23-19.40.56:735][  5]LogParticles: Destroying 0 GPU particle simulations for FXSystem 0x00000249FB0ED580
[2016.03.23-19.41.02:534][344]Recompiling TheBeginning...
[2016.03.23-19.41.02:534][344]Launching UnrealBuildTool... [C:/Program Files (x86)/Epic Games/4.9/Engine/Binaries/DotNET/UnrealBuildTool.exe TheBeginning -ModuleWithSuffix TheBeginning 5058 Win64 Development -editorrecompile -canskiplink "C:/Users/CaptainAmerica/Desktop/Uni/GE_Project/TheBeginning.uproject" -rocket  -rocket]
[2016.03.23-19.41.02:537][344]Warning: Starting HotReload took  0.0s.
[2016.03.23-19.41.07:360][619]CompilerResultsLog: New page: Compilation - Mar 23, 2016, 9:41:07 PM
[2016.03.23-19.41.07:360][619]CompilerResultsLog: Info Compiling game modules for hot reload
[2016.03.23-19.41.07:360][619]CompilerResultsLog: Info Performing 3 actions (4 in parallel)
[2016.03.23-19.41.07:360][619]CompilerResultsLog: Info Avatar.cpp
[2016.03.23-19.41.07:360][619]CompilerResultsLog: Info PickUpItem.cpp
[2016.03.23-19.41.07:360][619]CompilerResultsLog: Info [3/3] Link UE4Editor-TheBeginning-5058.dll
[2016.03.23-19.41.07:360][619]CompilerResultsLog: Info    Creating library C:\Users\CaptainAmerica\Desktop\Uni\GE_Project\Intermediate/Build/Win64\UE4Editor\Development\UE4Editor-TheBeginning-5058.lib and object C:\Users\CaptainAmerica\Desktop\Uni\GE_Project\Intermediate/Build/Win64\UE4Editor\Development\UE4Editor-TheBeginning-5058.exp
[2016.03.23-19.41.07:360][619]CompilerResultsLog: Info -------- End Detailed Actions Stats -----------------------------------------------------------
[2016.03.23-19.41.07:360][619]CompilerResultsLog: Info Total build time: 4,74 seconds
[2016.03.23-19.41.07:360][619]LogMainFrame: MainFrame: Module compiling took 4.830 seconds
[2016.03.23-19.41.07:480][619]LogContentBrowser: Native class hierarchy updated for 'TheBeginning' in 0.0021 seconds. Added 8 classes and 2 folders.
[2016.03.23-19.41.07:482][619]Warning: HotReload successful (5 functions remapped  0 scriptstructs remapped)
[2016.03.23-19.41.07:625][619]LogContentBrowser: Native class hierarchy populated in 0.0138 seconds. Added 1876 classes and 337 folders.
[2016.03.23-19.41.09:919][736]LogPlayLevel: PlayLevel: No blueprints needed recompiling
[2016.03.23-19.41.09:919][736]PIE: New page: PIE session: MyFirstLevel (Mar 23, 2016, 9:41:09 PM)
[2016.03.23-19.41.09:919][736]LogPlayLevel: Creating play world package: /Game/UEDPIE_0_MyFirstLevel
[2016.03.23-19.41.09:974][736]LogPlayLevel: PIE: StaticDuplicateObject took: (0.055423s)
[2016.03.23-19.41.09:975][736]LogAIModule: Creating AISystem for world MyFirstLevel
[2016.03.23-19.41.09:975][736]LogPlayLevel: PIE: World Init took: (0.000815s)
[2016.03.23-19.41.09:976][736]LogPlayLevel: PIE: Created PIE world by copying editor world from /Game/MyFirstLevel.MyFirstLevel to /Game/UEDPIE_0_MyFirstLevel.MyFirstLevel (0.056502s)
[2016.03.23-19.41.10:003][736]LogInit: XAudio2 using 'Lautsprecher (Realtek High Definition Audio)' : 2 channels at 48 kHz using 32 bits per sample (channel mask 0x3)
[2016.03.23-19.41.10:014][736]LogInit: FAudioDevice initialized.
[2016.03.23-19.41.10:053][736]LogWorld: Game class is 'BP_TheBeginningGameMode_C'
[2016.03.23-19.41.10:169][736]LogWorld: Bringing World /Game/UEDPIE_0_MyFirstLevel.MyFirstLevel up for play (max tick rate 60) at 2016.03.23-20.41.10
[2016.03.23-19.41.10:169][736]LogActor:Warning: GameSession /Game/UEDPIE_0_MyFirstLevel.MyFirstLevel:PersistentLevel.GameSession_10 has natively added scene component(s), but none of them were set as the actor's RootComponent - picking one arbitrarily
[2016.03.23-19.41.10:169][736]LogActor:Warning: GameNetworkManager /Game/UEDPIE_0_MyFirstLevel.MyFirstLevel:PersistentLevel.GameNetworkManager_10 has natively added scene component(s), but none of them were set as the actor's RootComponent - picking one arbitrarily
[2016.03.23-19.41.10:172][736]LogWorld: Bringing up level for play took: 0.117914
[2016.03.23-19.41.10:176][736]PIE: Info Play in editor start time for /Game/UEDPIE_0_MyFirstLevel 0.703
[2016.03.23-19.41.16:866][133]LogParticles: Destroying 0 GPU particle simulations for FXSystem 0x00000249B74BC180
[2016.03.23-19.41.31:751][427]Recompiling TheBeginning...
[2016.03.23-19.41.31:752][427]Launching UnrealBuildTool... [C:/Program Files (x86)/Epic Games/4.9/Engine/Binaries/DotNET/UnrealBuildTool.exe TheBeginning -ModuleWithSuffix TheBeginning 5207 Win64 Development -editorrecompile -canskiplink "C:/Users/CaptainAmerica/Desktop/Uni/GE_Project/TheBeginning.uproject" -rocket  -rocket]
[2016.03.23-19.41.31:754][427]Warning: Starting HotReload took  0.0s.
[2016.03.23-19.41.35:690][650]CompilerResultsLog: New page: Compilation - Mar 23, 2016, 9:41:35 PM
[2016.03.23-19.41.35:690][650]CompilerResultsLog: Info Compiling game modules for hot reload
[2016.03.23-19.41.35:690][650]CompilerResultsLog: Info Performing 2 actions (4 in parallel)
[2016.03.23-19.41.35:690][650]CompilerResultsLog: Info PickUpItem.cpp
[2016.03.23-19.41.35:690][650]CompilerResultsLog: Info [2/2] Link UE4Editor-TheBeginning-5207.dll
[2016.03.23-19.41.35:690][650]CompilerResultsLog: Info    Creating library C:\Users\CaptainAmerica\Desktop\Uni\GE_Project\Intermediate/Build/Win64\UE4Editor\Development\UE4Editor-TheBeginning-5207.lib and object C:\Users\CaptainAmerica\Desktop\Uni\GE_Project\Intermediate/Build/Win64\UE4Editor\Development\UE4Editor-TheBeginning-5207.exp
[2016.03.23-19.41.35:690][650]CompilerResultsLog: Info -------- End Detailed Actions Stats -----------------------------------------------------------
[2016.03.23-19.41.35:691][650]CompilerResultsLog: Info Total build time: 3,86 seconds
[2016.03.23-19.41.35:691][650]LogMainFrame: MainFrame: Module compiling took 3.944 seconds
[2016.03.23-19.41.35:767][650]LogContentBrowser: Native class hierarchy updated for 'TheBeginning' in 0.0019 seconds. Added 8 classes and 2 folders.
[2016.03.23-19.41.35:769][650]Warning: HotReload successful (5 functions remapped  0 scriptstructs remapped)
[2016.03.23-19.41.35:905][650]LogContentBrowser: Native class hierarchy populated in 0.0135 seconds. Added 1876 classes and 337 folders.
[2016.03.23-19.41.37:498][735]LogPlayLevel: PlayLevel: No blueprints needed recompiling
[2016.03.23-19.41.37:498][735]PIE: New page: PIE session: MyFirstLevel (Mar 23, 2016, 9:41:37 PM)
[2016.03.23-19.41.37:498][735]LogPlayLevel: Creating play world package: /Game/UEDPIE_0_MyFirstLevel
[2016.03.23-19.41.37:553][735]LogPlayLevel: PIE: StaticDuplicateObject took: (0.055017s)
[2016.03.23-19.41.37:554][735]LogAIModule: Creating AISystem for world MyFirstLevel
[2016.03.23-19.41.37:554][735]LogPlayLevel: PIE: World Init took: (0.000840s)
[2016.03.23-19.41.37:554][735]LogPlayLevel: PIE: Created PIE world by copying editor world from /Game/MyFirstLevel.MyFirstLevel to /Game/UEDPIE_0_MyFirstLevel.MyFirstLevel (0.056131s)
[2016.03.23-19.41.37:578][735]LogInit: XAudio2 using 'Lautsprecher (Realtek High Definition Audio)' : 2 channels at 48 kHz using 32 bits per sample (channel mask 0x3)
[2016.03.23-19.41.37:589][735]LogInit: FAudioDevice initialized.
[2016.03.23-19.41.37:630][735]LogWorld: Game class is 'BP_TheBeginningGameMode_C'
[2016.03.23-19.41.37:746][735]LogWorld: Bringing World /Game/UEDPIE_0_MyFirstLevel.MyFirstLevel up for play (max tick rate 60) at 2016.03.23-20.41.37
[2016.03.23-19.41.37:746][735]LogActor:Warning: GameSession /Game/UEDPIE_0_MyFirstLevel.MyFirstLevel:PersistentLevel.GameSession_11 has natively added scene component(s), but none of them were set as the actor's RootComponent - picking one arbitrarily
[2016.03.23-19.41.37:746][735]LogActor:Warning: GameNetworkManager /Game/UEDPIE_0_MyFirstLevel.MyFirstLevel:PersistentLevel.GameNetworkManager_11 has natively added scene component(s), but none of them were set as the actor's RootComponent - picking one arbitrarily
[2016.03.23-19.41.37:749][735]LogWorld: Bringing up level for play took: 0.117190
[2016.03.23-19.41.37:753][735]PIE: Info Play in editor start time for /Game/UEDPIE_0_MyFirstLevel 0.28
[2016.03.23-19.41.39:870][854]LogParticles: Destroying 0 GPU particle simulations for FXSystem 0x00000249A93B7560
[2016.03.23-19.42.21:836][162]Recompiling TheBeginning...
[2016.03.23-19.42.21:836][162]Launching UnrealBuildTool... [C:/Program Files (x86)/Epic Games/4.9/Engine/Binaries/DotNET/UnrealBuildTool.exe TheBeginning -ModuleWithSuffix TheBeginning 3322 Win64 Development -editorrecompile -canskiplink "C:/Users/CaptainAmerica/Desktop/Uni/GE_Project/TheBeginning.uproject" -rocket  -rocket]
[2016.03.23-19.42.21:838][162]Warning: Starting HotReload took  0.0s.
[2016.03.23-19.42.25:931][395]CompilerResultsLog: New page: Compilation - Mar 23, 2016, 9:42:25 PM
[2016.03.23-19.42.25:931][395]CompilerResultsLog: Info Compiling game modules for hot reload
[2016.03.23-19.42.25:931][395]CompilerResultsLog: Info Performing 2 actions (4 in parallel)
[2016.03.23-19.42.25:931][395]CompilerResultsLog: Info PickUpItem.cpp
[2016.03.23-19.42.25:931][395]CompilerResultsLog: Info [2/2] Link UE4Editor-TheBeginning-3322.dll
[2016.03.23-19.42.25:931][395]CompilerResultsLog: Info    Creating library C:\Users\CaptainAmerica\Desktop\Uni\GE_Project\Intermediate/Build/Win64\UE4Editor\Development\UE4Editor-TheBeginning-3322.lib and object C:\Users\CaptainAmerica\Desktop\Uni\GE_Project\Intermediate/Build/Win64\UE4Editor\Development\UE4Editor-TheBeginning-3322.exp
[2016.03.23-19.42.25:931][395]CompilerResultsLog: Info -------- End Detailed Actions Stats -----------------------------------------------------------
[2016.03.23-19.42.25:931][395]CompilerResultsLog: Info Total build time: 4,03 seconds
[2016.03.23-19.42.25:931][395]LogMainFrame: MainFrame: Module compiling took 4.100 seconds
[2016.03.23-19.42.26:006][395]LogContentBrowser: Native class hierarchy updated for 'TheBeginning' in 0.0020 seconds. Added 8 classes and 2 folders.
[2016.03.23-19.42.26:008][395]Warning: HotReload successful (5 functions remapped  0 scriptstructs remapped)
[2016.03.23-19.42.26:140][395]LogContentBrowser: Native class hierarchy populated in 0.0137 seconds. Added 1876 classes and 337 folders.
[2016.03.23-19.42.27:359][458]LogPlayLevel: PlayLevel: No blueprints needed recompiling
[2016.03.23-19.42.27:359][458]PIE: New page: PIE session: MyFirstLevel (Mar 23, 2016, 9:42:27 PM)
[2016.03.23-19.42.27:359][458]LogPlayLevel: Creating play world package: /Game/UEDPIE_0_MyFirstLevel
[2016.03.23-19.42.27:414][458]LogPlayLevel: PIE: StaticDuplicateObject took: (0.054878s)
[2016.03.23-19.42.27:415][458]LogAIModule: Creating AISystem for world MyFirstLevel
[2016.03.23-19.42.27:415][458]LogPlayLevel: PIE: World Init took: (0.000822s)
[2016.03.23-19.42.27:415][458]LogPlayLevel: PIE: Created PIE world by copying editor world from /Game/MyFirstLevel.MyFirstLevel to /Game/UEDPIE_0_MyFirstLevel.MyFirstLevel (0.055968s)
[2016.03.23-19.42.27:439][458]LogInit: XAudio2 using 'Lautsprecher (Realtek High Definition Audio)' : 2 channels at 48 kHz using 32 bits per sample (channel mask 0x3)
[2016.03.23-19.42.27:450][458]LogInit: FAudioDevice initialized.
[2016.03.23-19.42.27:486][458]LogWorld: Game class is 'BP_TheBeginningGameMode_C'
[2016.03.23-19.42.27:601][458]LogWorld: Bringing World /Game/UEDPIE_0_MyFirstLevel.MyFirstLevel up for play (max tick rate 60) at 2016.03.23-20.42.27
[2016.03.23-19.42.27:601][458]LogActor:Warning: GameSession /Game/UEDPIE_0_MyFirstLevel.MyFirstLevel:PersistentLevel.GameSession_12 has natively added scene component(s), but none of them were set as the actor's RootComponent - picking one arbitrarily
[2016.03.23-19.42.27:601][458]LogActor:Warning: GameNetworkManager /Game/UEDPIE_0_MyFirstLevel.MyFirstLevel:PersistentLevel.GameNetworkManager_12 has natively added scene component(s), but none of them were set as the actor's RootComponent - picking one arbitrarily
[2016.03.23-19.42.27:604][458]LogWorld: Bringing up level for play took: 0.115790
[2016.03.23-19.42.27:608][458]PIE: Info Play in editor start time for /Game/UEDPIE_0_MyFirstLevel 0.135
[2016.03.23-19.43.28:969][920]LogParticles: Destroying 0 GPU particle simulations for FXSystem 0x00000249A0DE8540
[2016.03.23-19.43.30:805][ 25]LogPlayLevel: PlayLevel: No blueprints needed recompiling
[2016.03.23-19.43.30:805][ 25]PIE: New page: PIE session: MyFirstLevel (Mar 23, 2016, 9:43:30 PM)
[2016.03.23-19.43.30:806][ 25]LogPlayLevel: Creating play world package: /Game/UEDPIE_0_MyFirstLevel
[2016.03.23-19.43.30:865][ 25]LogPlayLevel: PIE: StaticDuplicateObject took: (0.059664s)
[2016.03.23-19.43.30:866][ 25]LogAIModule: Creating AISystem for world MyFirstLevel
[2016.03.23-19.43.30:866][ 25]LogPlayLevel: PIE: World Init took: (0.001083s)
[2016.03.23-19.43.30:867][ 25]LogPlayLevel: PIE: Created PIE world by copying editor world from /Game/MyFirstLevel.MyFirstLevel to /Game/UEDPIE_0_MyFirstLevel.MyFirstLevel (0.061190s)
[2016.03.23-19.43.30:901][ 25]LogInit: XAudio2 using 'Lautsprecher (Realtek High Definition Audio)' : 2 channels at 48 kHz using 32 bits per sample (channel mask 0x3)
[2016.03.23-19.43.30:914][ 25]LogInit: FAudioDevice initialized.
[2016.03.23-19.43.30:951][ 25]LogWorld: Game class is 'BP_TheBeginningGameMode_C'
[2016.03.23-19.43.31:075][ 25]LogWorld: Bringing World /Game/UEDPIE_0_MyFirstLevel.MyFirstLevel up for play (max tick rate 60) at 2016.03.23-20.43.31
[2016.03.23-19.43.31:075][ 25]LogActor:Warning: GameSession /Game/UEDPIE_0_MyFirstLevel.MyFirstLevel:PersistentLevel.GameSession_13 has natively added scene component(s), but none of them were set as the actor's RootComponent - picking one arbitrarily
[2016.03.23-19.43.31:075][ 25]LogActor:Warning: GameNetworkManager /Game/UEDPIE_0_MyFirstLevel.MyFirstLevel:PersistentLevel.GameNetworkManager_13 has natively added scene component(s), but none of them were set as the actor's RootComponent - picking one arbitrarily
[2016.03.23-19.43.31:078][ 25]LogWorld: Bringing up level for play took: 0.126148
[2016.03.23-19.43.31:082][ 25]PIE: Info Play in editor start time for /Game/UEDPIE_0_MyFirstLevel -0.391
[2016.03.23-19.43.35:509][267]LogCrashTracker: 


[2016.03.23-19.43.35:510][267]LogCrashTracker: 


[2016.03.23-19.43.35:510][267]LogWindows: === Critical error: ===
Fatal error!



[2016.03.23-19.43.35:730][267]LogExit: Executing StaticShutdownAfterError
[2016.03.23-19.43.35:738][267]LogPhysics:Warning: PHYSX: ..\..\PhysX\src\NpScene.cpp (2946) 8 : PxScene::unlockWrite() called without matching call to PxScene::lockWrite(), behaviour will be undefined.
[2016.03.23-19.43.35:739][267]LogPhysics:Warning: PHYSX: ..\..\PhysX\src\NpScene.cpp (2946) 8 : PxScene::unlockWrite() called without matching call to PxScene::lockWrite(), behaviour will be undefined.
[2016.03.23-19.43.35:739][267]LogPhysics:Warning: PHYSX: ..\..\PhysX\src\NpScene.cpp (2946) 8 : PxScene::unlockWrite() called without matching call to PxScene::lockWrite(), behaviour will be undefined.
[2016.03.23-19.43.35:739][267]LogPhysics:Warning: PHYSX: ..\..\PhysX\src\NpScene.cpp (2946) 8 : PxScene::unlockWrite() called without matching call to PxScene::lockWrite(), behaviour will be undefined.
[2016.03.23-19.43.35:740][267]LogWindows: FPlatformMisc::RequestExit(1)
[2016.03.23-19.43.35:740][267]Log file closed, 03/23/16 20:43:35
