[2016.02.22-10.13.05:451][  0]Log file open, 02/22/16 11:13:05
[2016.02.22-10.13.05:451][  0]LogInit:Display: Running engine for game: TheBeginning
[2016.02.22-10.13.05:451][  0]LogInit:Display: RandInit(703702197) SRandInit(703702197).
[2016.02.22-10.13.05:451][  0]LogTaskGraph: Started task graph with 4 named threads and 7 total threads.
[2016.02.22-10.13.05:451][  0]LogStats: Stats thread started at 0.067876
[2016.02.22-10.13.05:451][  0]LogInit: Version: 4.9.2-2707645+++depot+UE4-Releases+4.9
[2016.02.22-10.13.05:451][  0]LogInit: API Version: 2672455
[2016.02.22-10.13.05:451][  0]LogInit: Compiled (64-bit): Sep 28 2015 10:25:44
[2016.02.22-10.13.05:451][  0]LogInit: Compiled with Visual C++: 18.00.21005.01
[2016.02.22-10.13.05:451][  0]LogInit: Build Configuration: Development
[2016.02.22-10.13.05:451][  0]LogInit: Branch Name: ++depot+UE4-Releases+4.9
[2016.02.22-10.13.05:451][  0]LogInit: Command line:  
[2016.02.22-10.13.05:451][  0]LogInit: Base directory: D:/Programme/Epic Games/4.9/Engine/Binaries/Win64/
[2016.02.22-10.13.05:451][  0]LogInit: Rocket: 1
[2016.02.22-10.13.05:456][  0]LogInit: Using libcurl 7.41.0
[2016.02.22-10.13.05:456][  0]LogInit:  - built for x86_64-pc-win32
[2016.02.22-10.13.05:456][  0]LogInit:  - supports SSL with WinSSL
[2016.02.22-10.13.05:456][  0]LogInit:  - other features:
[2016.02.22-10.13.05:456][  0]LogInit:      CURL_VERSION_SSL
[2016.02.22-10.13.05:456][  0]LogInit:      CURL_VERSION_IPV6
[2016.02.22-10.13.05:456][  0]LogInit:      CURL_VERSION_ASYNCHDNS
[2016.02.22-10.13.05:456][  0]LogInit:      CURL_VERSION_LARGEFILE
[2016.02.22-10.13.05:456][  0]LogInit:      CURL_VERSION_IDN
[2016.02.22-10.13.05:456][  0]LogInit:  CurlRequestOptions (configurable via config and command line):
[2016.02.22-10.13.05:456][  0]LogInit:  - bVerifyPeer = true  - Libcurl will verify peer certificate
[2016.02.22-10.13.05:456][  0]LogInit:  - bUseHttpProxy = false  - Libcurl will NOT use HTTP proxy
[2016.02.22-10.13.05:456][  0]LogInit:  - bDontReuseConnections = false  - Libcurl will reuse connections
[2016.02.22-10.13.05:456][  0]LogInit:  - CertBundlePath = nullptr  - Libcurl will use whatever was configured at build time.
[2016.02.22-10.13.05:460][  0]LogInit: Presizing for 0 objects not considered by GC, pre-allocating 0 bytes.
[2016.02.22-10.13.05:466][  0]LogInit: Object subsystem initialized
[2016.02.22-10.13.05:467][  0]LogInit: Selected Device Profile: [Windows]
[2016.02.22-10.13.05:467][  0]LogInit: Applying CVar settings loaded from the selected device profile: [Windows]
[2016.02.22-10.13.05:474][  0]LogInit: Computer: PC1021500895
[2016.02.22-10.13.05:474][  0]LogInit: User: VR
[2016.02.22-10.13.05:474][  0]LogInit: CPU Page size=4096, Cores=4
[2016.02.22-10.13.05:474][  0]LogInit: High frequency timer resolution =3.507503 MHz
[2016.02.22-10.13.05:474][  0]LogMemory: Memory total: Physical=15.9GB (16GB approx)
[2016.02.22-10.13.05:474][  0]LogMemory: Platform Memory Stats for Windows
[2016.02.22-10.13.05:474][  0]LogMemory: Process Physical Memory: 52.51 MB used, 52.51 MB peak
[2016.02.22-10.13.05:474][  0]LogMemory: Process Virtual Memory: 55.18 MB used, 55.18 MB peak
[2016.02.22-10.13.05:474][  0]LogMemory: Physical Memory: 4374.29 MB used, 16261.17 MB total
[2016.02.22-10.13.05:474][  0]LogMemory: Virtual Memory: 346.75 MB used, 134217728.00 MB total
[2016.02.22-10.13.05:502][  0]LogTextLocalizationManager: No translations for ('de-DE') exist, falling back to 'en' for localization and internationalization data.
[2016.02.22-10.13.06:169][  0]LogD3D11RHI: Found D3D11 adapter 0: NVIDIA GeForce GTX 970 (Feature Level 11_0)
[2016.02.22-10.13.06:169][  0]LogD3D11RHI: Adapter has 3976MB of dedicated video memory, 0MB of dedicated system memory, and 8130MB of shared system memory, 1 output[s]
[2016.02.22-10.13.06:170][  0]LogD3D11RHI: Found D3D11 adapter 1: Microsoft Basic Render Driver (Feature Level 11_0)
[2016.02.22-10.13.06:170][  0]LogD3D11RHI: Adapter has 0MB of dedicated video memory, 0MB of dedicated system memory, and 256MB of shared system memory, 0 output[s]
[2016.02.22-10.13.06:170][  0]LogD3D11RHI: Chosen D3D11 Adapter Id = 0
[2016.02.22-10.13.06:174][  0]LogD3D11RHI: !Direct3DDevice
[2016.02.22-10.13.06:174][  0]LogRHI: Texture pool is 1361 MB (70% of 1945 MB)
[2016.02.22-10.13.06:184][  0]LogD3D11RHI: Async texture creation enabled
[2016.02.22-10.13.06:199][  0]LogShaderCompilers: Guid format shader working directory is 15 characters bigger than the processId version (../../../../../../UnrealProjects/GE_Project/Intermediate/Shaders/WorkingDirectory/5168/).
[2016.02.22-10.13.06:199][  0]LogShaderCompilers: Cleaned the shader compiler working directory '../../../../../../UnrealProjects/GE_Project/Intermediate/Shaders/tmp/A908F6BE46A3D7B445C08B9F681FE0DD/'.
[2016.02.22-10.13.06:199][  0]LogShaderCompilers:Display: Using Local Shader Compiler.
[2016.02.22-10.13.07:011][  0]LogTemp:Display: Loaded TP AllDesktopTargetPlatform
[2016.02.22-10.13.07:015][  0]LogTemp:Display: Loaded TP WindowsClientTargetPlatform
[2016.02.22-10.13.07:019][  0]LogTemp:Display: Loaded TP WindowsNoEditorTargetPlatform
[2016.02.22-10.13.07:023][  0]LogTemp:Display: Loaded TP WindowsServerTargetPlatform
[2016.02.22-10.13.07:027][  0]LogTemp:Display: Loaded TP WindowsTargetPlatform
[2016.02.22-10.13.07:029][  0]LogTemp:Display: Loaded TP AndroidTargetPlatform
[2016.02.22-10.13.07:031][  0]LogTemp:Display: Loaded TP Android_ASTCTargetPlatform
[2016.02.22-10.13.07:034][  0]LogTemp:Display: Loaded TP Android_ATCTargetPlatform
[2016.02.22-10.13.07:036][  0]LogTemp:Display: Loaded TP Android_DXTTargetPlatform
[2016.02.22-10.13.07:039][  0]LogTemp:Display: Loaded TP Android_ETC1TargetPlatform
[2016.02.22-10.13.07:042][  0]LogTemp:Display: Loaded TP Android_ETC2TargetPlatform
[2016.02.22-10.13.07:044][  0]LogTemp:Display: Loaded TP Android_PVRTCTargetPlatform
[2016.02.22-10.13.07:045][  0]LogTemp:Display: Loaded TP HTML5TargetPlatform
[2016.02.22-10.13.07:060][  0]LogTemp:Display: Loaded TP IOSTargetPlatform
[2016.02.22-10.13.07:062][  0]LogTemp:Display: Loaded TP LinuxNoEditorTargetPlatform
[2016.02.22-10.13.07:065][  0]LogTemp:Display: Loaded TP LinuxServerTargetPlatform
[2016.02.22-10.13.07:068][  0]LogTemp:Display: Loaded TP LinuxTargetPlatform
[2016.02.22-10.13.07:068][  0]LogTargetPlatformManager:Display: Building Assets For Windows
[2016.02.22-10.13.07:120][  0]LogDerivedDataCache:Display: Max Cache Size: 512 MB
[2016.02.22-10.13.07:162][  0]LogDerivedDataCache: Loaded boot cache 0.04s 41MB C:/Users/VR/AppData/Local/UnrealEngine/4.9/DerivedDataCache/Boot.ddc.
[2016.02.22-10.13.07:162][  0]LogDerivedDataCache:Display: Loaded Boot cache: C:/Users/VR/AppData/Local/UnrealEngine/4.9/DerivedDataCache/Boot.ddc
[2016.02.22-10.13.07:162][  0]LogDerivedDataCache: FDerivedDataBackendGraph:  Pak pak cache file ../../../../../../UnrealProjects/GE_Project/DerivedDataCache/DDC.ddp not found, will not use a pak cache.
[2016.02.22-10.13.07:162][  0]LogDerivedDataCache: Unable to find inner node Pak for hierarchical cache Hierarchy.
[2016.02.22-10.13.07:162][  0]LogDerivedDataCache: FDerivedDataBackendGraph:  CompressedPak pak cache file ../../../../../../UnrealProjects/GE_Project/DerivedDataCache/Compressed.ddp not found, will not use a pak cache.
[2016.02.22-10.13.07:162][  0]LogDerivedDataCache: Unable to find inner node CompressedPak for hierarchical cache Hierarchy.
[2016.02.22-10.13.07:284][  0]LogDerivedDataCache:Display: Pak cache opened for reading ../../../Engine/DerivedDataCache/Compressed.ddp.
[2016.02.22-10.13.07:296][  0]LogDerivedDataCache: Using Local data cache path C:/Users/VR/AppData/Local/UnrealEngine/Common/DerivedDataCache: Writable
[2016.02.22-10.13.07:443][  0]LogInit: Selected Device Profile: [Windows]
[2016.02.22-10.13.07:445][  0]LogContentStreaming: Texture pool size is 0.000000MB
[2016.02.22-10.13.07:539][  0]LogMeshUtilities: No automatic mesh reduction module available
[2016.02.22-10.13.07:539][  0]LogMeshUtilities: No automatic mesh merging module available
[2016.02.22-10.13.07:742][  0]LogInit: WinSock: version 1.1 (2.2), MaxSocks=32767, MaxUdp=65467
[2016.02.22-10.13.08:284][  0]UdpMessaging: Initializing bridge on interface 0.0.0.0:0 to multicast group 230.0.0.1:6666.
[2016.02.22-10.13.08:403][  0]LogAssetRegistry: FAssetRegistry took 0.0110 seconds to start up
[2016.02.22-10.13.08:527][  0]SourceControl: Info Source control is disabled
[2016.02.22-10.13.08:533][  0]SourceControl: Info Source control is disabled
[2016.02.22-10.13.08:541][  0]SourceControl: Info Source control is disabled
[2016.02.22-10.13.08:547][  0]SourceControl: Info Source control is disabled
[2016.02.22-10.13.08:643][  0]LogLinker:Warning: Asset '../../../Engine/Plugins/Runtime/LeapMotionController/Content/LM_PassthroughMaterial.uasset' has been saved with empty engine version. The asset will be loaded but may be incompatible.
[2016.02.22-10.13.08:697][  0]LeapPluginLog: Using LeapPlugin version 0.9.6
[2016.02.22-10.13.08:702][  0]LogObj: 29249 objects as part of root set at end of initial load.
[2016.02.22-10.13.08:702][  0]LogUObjectAllocator: 6234272 out of 0 bytes used by permanent object pool.
[2016.02.22-10.13.08:754][  0]LogEngine: Initializing Engine...
[2016.02.22-10.13.08:755][  0]OCULUS: Info: 02/22/16 10:13:08: [CAPI] LibOVR module is located at C:\Windows\SYSTEM32\LibOVRRT64_0_7.dll

[2016.02.22-10.13.09:256][  0]OCULUS: Error: 02/22/16 10:13:09: [CAPI] ovr_Create failed to complete within the timeout period.
[2016.02.22-10.13.10:388][  0]LogHMD: SteamVR failed to initialize.  Err: 1000
[2016.02.22-10.13.10:490][  0]LogAIModule: Creating AISystem for world NewWorld
[2016.02.22-10.13.10:501][  0]LogInit: XAudio2 using 'Speakers (Realtek High Definition Audio)' : 2 channels at 48 kHz using 32 bits per sample (channel mask 0x3)
[2016.02.22-10.13.10:508][  0]LogInit: FAudioDevice initialized.
[2016.02.22-10.13.10:529][  0]LogDerivedDataCache: Saved boot cache 0.02s 41MB C:/Users/VR/AppData/Local/UnrealEngine/4.9/DerivedDataCache/Boot.ddc.
[2016.02.22-10.13.10:534][  0]LogInit: Texture streaming: Enabled
[2016.02.22-10.13.10:537][  0]LogAnalytics: Creating configured Analytics provider AnalyticsET
[2016.02.22-10.13.10:537][  0]LogAnalytics: [UEEditor.Rocket.Release] APIServer = http://et2.epicgames.com/ET2/. AppVersion = 4.9.2-2707645+++depot+UE4-Releases+4.9
[2016.02.22-10.13.10:537][  0]LogAnalytics: [UEEditor.Rocket.Release] SetUserId 8c1436b7469470d4e6ebefb46ce7086e|0318ce7eb266467aa7a1e63543527494|c39e7128-8a93-45bc-b94e-b28d0faf1958
[2016.02.22-10.13.10:537][  0]LogAnalytics: [UEEditor.Rocket.Release] AnalyticsET::StartSession
[2016.02.22-10.13.10:546][  0]LogWindowsTextInputMethodSystem:Display: IME system now deactivated.
[2016.02.22-10.13.10:559][  0]LogInit: Transaction tracking system initialized
[2016.02.22-10.13.10:574][  0]BlueprintLog: New page: Editor Load
[2016.02.22-10.13.10:621][  0]LocalizationService: Info Localization service is disabled
[2016.02.22-10.13.10:663][  0]LogLinker:Warning: Can't find file '/Game/FirstPersonBP/FirstPersonOverview'
[2016.02.22-10.13.10:663][  0]LogLinker:Warning: Can't find file '/Game/FirstPersonBP/FirstPersonOverview'
[2016.02.22-10.13.10:663][  0]LogUObjectGlobals:Warning: Failed to find object 'Class /Game/FirstPersonBP/FirstPersonOverview.FirstPersonOverview_C'
[2016.02.22-10.13.10:674][  0]LogConsoleResponse:Display: 
[2016.02.22-10.13.10:776][  0]LogCook:Display: Done creating registry. It took  0.00s.
[2016.02.22-10.13.10:808][  0]LogFileCache: Scanning file cache for directory 'D:/UnrealProjects/GE_Project/Content/' took 0.01s
[2016.02.22-10.13.10:808][  0]SourceControl: Info Source control is disabled
[2016.02.22-10.13.10:809][  0]Cmd: MAP LOAD FILE="../../../../../../UnrealProjects/GE_Project/Content/StarterContent/Maps/Minimal_Default.umap" TEMPLATE=0 SHOWPROGRESS=1 FEATURELEVEL=3
[2016.02.22-10.13.10:809][  0]LightingResults: New page: Lighting Build
[2016.02.22-10.13.10:810][  0]MapCheck: New page: Map Check
[2016.02.22-10.13.10:810][  0]LightingResults: New page: Lighting Build
[2016.02.22-10.13.10:822][  0]LogParticles: Destroying 0 GPU particle simulations for FXSystem 0x0000000C83AB3CE0
[2016.02.22-10.13.11:140][  0]LogAIModule: Creating AISystem for world Minimal_Default
[2016.02.22-10.13.11:145][  0]LogEditorServer: Finished looking for orphan Actors (0.000 secs)
[2016.02.22-10.13.11:146][  0]Cmd: MAP CHECKDEP NOCLEARLOG
[2016.02.22-10.13.11:186][  0]MapCheck: Info Map check complete: 0 Error(s), 0 Warning(s), took 39.949ms to complete.
[2016.02.22-10.13.11:186][  0]LogFileHelpers: Loading map 'Minimal_Default' took 0.377
[2016.02.22-10.13.11:287][  0]LogCollectionManager: Loaded 0 collections in 0.001627 seconds
[2016.02.22-10.13.11:330][  0]LogFileCache: Scanning file cache for directory 'D:/UnrealProjects/GE_Project/Saved/Collections/' took 0.01s
[2016.02.22-10.13.11:330][  0]LogFileCache: Scanning file cache for directory 'D:/UnrealProjects/GE_Project/Content/Developers/VR/Collections/' took 0.01s
[2016.02.22-10.13.11:330][  0]LogFileCache: Scanning file cache for directory 'D:/UnrealProjects/GE_Project/Content/Collections/' took 0.01s
[2016.02.22-10.13.11:330][  0]LogContentBrowser: Native class hierarchy populated in 0.0087 seconds. Added 1918 classes and 347 folders.
[2016.02.22-10.13.11:333][  0]LogCollectionManager: Rebuilt the GUID cache for 0 collections in 0.000003 seconds
[2016.02.22-10.13.11:340][  0]LogContentBrowser: Native class hierarchy updated for 'WidgetCarousel' in 0.0011 seconds. Added 0 classes and 0 folders.
[2016.02.22-10.13.11:377][  0]LogContentBrowser: Native class hierarchy updated for 'AddContentDialog' in 0.0009 seconds. Added 0 classes and 0 folders.
[2016.02.22-10.13.11:380][  0]LogContentBrowser: Native class hierarchy updated for 'SceneOutliner' in 0.0009 seconds. Added 1 classes and 2 folders.
[2016.02.22-10.13.11:434][  0]LogCrashTracker: Crashtracker disabled due to settings.
[2016.02.22-10.13.11:438][  0]LogUObjectGlobals:Warning: Failed to find object 'Class None.'
[2016.02.22-10.13.11:460][  0]LogLoad: Full Startup: 6.62 seconds (BP compile: 0.04 seconds)
[2016.02.22-10.13.11:522][  0]LogContentStreaming: Texture pool size now 1000 MB
[2016.02.22-10.13.11:624][  0]LogRenderer: Reallocating scene render targets to support 1216x576 (Frame:2).
[2016.02.22-10.13.11:815][  3]LogAssetRegistry: Asset discovery search completed in 3.4227 seconds
[2016.02.22-10.13.11:815][  3]LogCollectionManager: Rebuilt the object cache for 0 collections in 0.000001 seconds (found 0 objects)
[2016.02.22-10.13.11:815][  3]LogCollectionManager: Fixed up redirectors for 0 collections in 0.000026 seconds (updated 0 objects)
[2016.02.22-10.13.17:787][689]Cmd: MAP LOAD FILE="../../../../../../UnrealProjects/GE_Project/Content/MyFirstLevel.umap" TEMPLATE=0 SHOWPROGRESS=1 FEATURELEVEL=3
[2016.02.22-10.13.17:803][689]LightingResults: New page: Lighting Build
[2016.02.22-10.13.17:819][689]LoadErrors: New page: Loading map: MyFirstLevel.umap
[2016.02.22-10.13.17:820][689]MapCheck: New page: Map Check
[2016.02.22-10.13.17:820][689]LightingResults: New page: Lighting Build
[2016.02.22-10.13.17:828][689]LogParticles: Destroying 0 GPU particle simulations for FXSystem 0x0000000CEC1B1E40
[2016.02.22-10.13.17:899][689]LogBlueprint:Warning: [compiler Ue4ASP_Character] Warning Input Axis Event references unknown Axis 'LookUp' for  InputAxis LookUp 
[2016.02.22-10.13.17:899][689]LogBlueprint:Warning: [compiler Ue4ASP_Character] Warning Input Axis Event references unknown Axis 'Turn' for  InputAxis Turn 
[2016.02.22-10.13.17:900][689]LogBlueprint:Warning: [compiler Ue4ASP_Character] Warning Input Axis Event references unknown Axis 'MoveRight' for  InputAxis MoveRight 
[2016.02.22-10.13.17:900][689]LogBlueprint:Warning: [compiler Ue4ASP_Character] Warning Input Axis Event references unknown Axis 'MoveForward' for  InputAxis MoveForward 
[2016.02.22-10.13.17:902][689]LogBlueprint:Warning: [compiler Ue4ASP_Character] Warning [0013.07] Compile of Ue4ASP_Character successful, but with 4 Warning(s) [in 5 ms]
[2016.02.22-10.13.17:902][689]LogBlueprint:Warning: [compiler Ue4ASP_Character] Warning [0013.07] Compile of Ue4ASP_Character successful, but with 5 Warning(s) [in 0 ms]
[2016.02.22-10.13.17:902][689]LogBlueprint:Warning: [compiler Ue4ASP_Character] Warning [0013.07] Compile of Ue4ASP_Character successful, but with 6 Warning(s) [in 0 ms]
[2016.02.22-10.13.17:961][689]LogBlueprint:Warning: [compiler Ue4ASP_Character] Warning Input Axis Event references unknown Axis 'LookUp' for  InputAxis LookUp 
[2016.02.22-10.13.17:961][689]LogBlueprint:Warning: [compiler Ue4ASP_Character] Warning Input Axis Event references unknown Axis 'Turn' for  InputAxis Turn 
[2016.02.22-10.13.17:961][689]LogBlueprint:Warning: [compiler Ue4ASP_Character] Warning Input Axis Event references unknown Axis 'MoveRight' for  InputAxis MoveRight 
[2016.02.22-10.13.17:961][689]LogBlueprint:Warning: [compiler Ue4ASP_Character] Warning Input Axis Event references unknown Axis 'MoveForward' for  InputAxis MoveForward 
[2016.02.22-10.13.17:964][689]LogBlueprint:Warning: [compiler Ue4ASP_Character] Warning [0013.13] Compile of Ue4ASP_Character successful, but with 4 Warning(s) [in 6 ms]
[2016.02.22-10.13.17:964][689]LogBlueprint:Warning: [compiler Ue4ASP_Character] Warning [0013.13] Compile of Ue4ASP_Character successful, but with 5 Warning(s) [in 0 ms]
[2016.02.22-10.13.17:964][689]LogBlueprint:Warning: [compiler Ue4ASP_Character] Warning [0013.13] Compile of Ue4ASP_Character successful, but with 6 Warning(s) [in 0 ms]
[2016.02.22-10.13.18:159][689]LogAIModule: Creating AISystem for world MyFirstLevel
[2016.02.22-10.13.18:236][689]LogEditorServer: Finished looking for orphan Actors (0.000 secs)
[2016.02.22-10.13.18:279][689]Cmd: MAP CHECKDEP NOCLEARLOG
[2016.02.22-10.13.18:323][689]MapCheck: Info Map check complete: 0 Error(s), 0 Warning(s), took 44.495ms to complete.
[2016.02.22-10.13.18:323][689]LogFileHelpers: Loading map 'MyFirstLevel' took 0.537
[2016.02.22-10.13.18:351][690]Cmd: UpdateLandscapeEditorData -warnings
[2016.02.22-10.13.20:556][944]LogContentBrowser: Native class hierarchy updated for 'TextureEditor' in 0.0011 seconds. Added 1 classes and 2 folders.
[2016.02.22-10.13.59:630][430]LogBlueprintUserMessages: Early PlayInEditor Detection: Level '/Game/MyFirstLevel.MyFirstLevel:PersistentLevel' has LevelScriptBlueprint '/Game/MyFirstLevel.MyFirstLevel:PersistentLevel.MyFirstLevel' with GeneratedClass '/Game/MyFirstLevel.MyFirstLevel_C' with ClassGeneratedBy '/Game/MyFirstLevel.MyFirstLevel:PersistentLevel.MyFirstLevel'
[2016.02.22-10.13.59:630][430]LogPlayLevel: PlayLevel: No blueprints needed recompiling
[2016.02.22-10.13.59:631][430]PIE: New page: PIE session: MyFirstLevel (Feb 22, 2016, 12:13:59 PM)
[2016.02.22-10.13.59:631][430]LogPlayLevel: Creating play world package: /Game/UEDPIE_0_MyFirstLevel
[2016.02.22-10.13.59:640][430]LogPlayLevel: PIE: StaticDuplicateObject took: (0.008949s)
[2016.02.22-10.13.59:640][430]LogAIModule: Creating AISystem for world MyFirstLevel
[2016.02.22-10.13.59:640][430]LogPlayLevel: PIE: World Init took: (0.000500s)
[2016.02.22-10.13.59:640][430]LogPlayLevel: PIE: Created PIE world by copying editor world from /Game/MyFirstLevel.MyFirstLevel to /Game/UEDPIE_0_MyFirstLevel.MyFirstLevel (0.009644s)
[2016.02.22-10.13.59:640][430]LogActorComponent: UnregisterComponent: (/Engine/Transient.CharMoveComp) Not registered. Aborting.
[2016.02.22-10.13.59:671][430]LogInit: XAudio2 using 'Speakers (Realtek High Definition Audio)' : 2 channels at 48 kHz using 32 bits per sample (channel mask 0x3)
[2016.02.22-10.13.59:677][430]LogInit: FAudioDevice initialized.
[2016.02.22-10.13.59:760][430]LogProperty:Error: UStructProperty::Serialize Loading: Property 'StructProperty /LeapMotion/Character/Basic/BasicCharacter_AnimBlueprint.BasicCharacter_AnimBlueprint_C:AnimGraphNode_Fabrik_8C904C7A415FB588652E8A91FDC811AE'. Unknown structure.
[2016.02.22-10.13.59:760][430]LogProperty:Error: UStructProperty::Serialize Loading: Property 'StructProperty /LeapMotion/Character/Basic/BasicCharacter_AnimBlueprint.BasicCharacter_AnimBlueprint_C:AnimGraphNode_Fabrik_416EC86F435836563C4E49AD6D016C3C'. Unknown structure.
[2016.02.22-10.13.59:760][430]LogProperty:Error: UStructProperty::Serialize Loading: Property 'StructProperty /LeapMotion/Character/Basic/BasicCharacter_AnimBlueprint.BasicCharacter_AnimBlueprint_C:AnimGraphNode_Fabrik_9FF4326C4CAD2373B92D6F9E3AC3F57A'. Unknown structure.
[2016.02.22-10.13.59:761][430]LogAnimation:Warning: Invalid animation root node index 54 on '/LeapMotion/Character/Basic/BasicCharacter_AnimBlueprint.BasicCharacter_AnimBlueprint_C' (only 52 nodes)
[2016.02.22-10.14.03:833][430]LogOutputDevice: === Handled error: ===

Ensure condition failed: bValidRootIndex [File:D:\BuildFarm\buildmachine_++depot+UE4-Releases+4.9\Engine\Source\Runtime\Engine\Private\Animation\AnimBlueprintGeneratedClass.cpp] [Line: 234]

Stack: 
UE4Editor-Core.dll!FWindowsPlatformStackWalk::StackWalkAndDump() [d:\buildfarm\buildmachine_++depot+ue4-releases+4.9\engine\source\runtime\core\private\windows\windowsplatformstackwalk.cpp:175]
UE4Editor-Core.dll!FDebug::EnsureFailed() [d:\buildfarm\buildmachine_++depot+ue4-releases+4.9\engine\source\runtime\core\private\misc\outputdevice.cpp:258]
UE4Editor-Core.dll!FDebug::OptionallyLogFormattedEnsureMessageReturningFalse() [d:\buildfarm\buildmachine_++depot+ue4-releases+4.9\engine\source\runtime\core\private\misc\outputdevice.cpp:368]
UE4Editor-Engine.dll!UAnimBlueprintGeneratedClass::Link() [d:\buildfarm\buildmachine_++depot+ue4-releases+4.9\engine\source\runtime\engine\private\animation\animblueprintgeneratedclass.cpp:234]
UE4Editor-CoreUObject.dll!UClass::Serialize() [d:\buildfarm\buildmachine_++depot+ue4-releases+4.9\engine\source\runtime\coreuobject\private\uobject\class.cpp:3393]
UE4Editor-Engine.dll!UBlueprintGeneratedClass::Serialize() [d:\buildfarm\buildmachine_++depot+ue4-releases+4.9\engine\source\runtime\engine\private\blueprintgeneratedclass.cpp:757]
UE4Editor-CoreUObject.dll!FLinkerLoad::Preload() [d:\buildfarm\buildmachine_++depot+ue4-releases+4.9\engine\source\runtime\coreuobject\private\uobject\linkerload.cpp:3143]
UE4Editor-CoreUObject.dll!FLinkerLoad::CreateExport() [d:\buildfarm\buildmachine_++depot+ue4-releases+4.9\engine\source\runtime\coreuobject\private\uobject\linkerload.cpp:3792]
UE4Editor-CoreUObject.dll!FLinkerLoad::IndexToObject() [d:\buildfarm\buildmachine_++depot+ue4-releases+4.9\engine\source\runtime\coreuobject\private\uobject\linkerload.cpp:3982]
UE4Editor-CoreUObject.dll!FLinkerLoad::CreateExport() [d:\buildfarm\buildmachine_++depot+ue4-releases+4.9\engine\source\runtime\coreuobject\private\uobject\linkerload.cpp:3505]
UE4Editor-CoreUObject.dll!FLinkerLoad::CreateExportAndPreload() [d:\buildfarm\buildmachine_++depot+ue4-releases+4.9\engine\source\runtime\coreuobject\private\uobject\linkerload.cpp:2661]
UE4Editor-CoreUObject.dll!FLinkerLoad::LoadAllObjects() [d:\buildfarm\buildmachine_++depot+ue4-releases+4.9\engine\source\runtime\coreuobject\private\uobject\linkerload.cpp:2769]
UE4Editor-CoreUObject.dll!LoadPackageInternal() [d:\buildfarm\buildmachine_++depot+ue4-releases+4.9\engine\source\runtime\coreuobject\private\uobject\uobjectglobals.cpp:1032]
UE4Editor-CoreUObject.dll!FLinkerLoad::VerifyImportInner() [d:\buildfarm\buildmachine_++depot+ue4-releases+4.9\engine\source\runtime\coreuobject\private\uobject\linkerload.cpp:2354]
UE4Editor-CoreUObject.dll!FLinkerLoad::VerifyImport() [d:\buildfarm\buildmachine_++depot+ue4-releases+4.9\engine\source\runtime\coreuobject\private\uobject\linkerload.cpp:2115]
UE4Editor-CoreUObject.dll!FLinkerLoad::VerifyImportInner() [d:\buildfarm\buildmachine_++depot+ue4-releases+4.9\engine\source\runtime\coreuobject\private\uobject\linkerload.cpp:2402]
UE4Editor-CoreUObject.dll!FLinkerLoad::VerifyImport() [d:\buildfarm\buildmachine_++depot+ue4-releases+4.9\engine\source\runtime\coreuobject\private\uobject\linkerload.cpp:2115]
UE4Editor-CoreUObject.dll!FLinkerLoad::Verify() [d:\buildfarm\buildmachine_++depot+ue4-releases+4.9\engine\source\runtime\coreuobject\private\uobject\linkerload.cpp:1905]
UE4Editor-CoreUObject.dll!FLinkerLoad::FinalizeCreation() [d:\buildfarm\buildmachine_++depot+ue4-releases+4.9\engine\source\runtime\coreuobject\private\uobject\linkerload.cpp:1815]
UE4Editor-CoreUObject.dll!FLinkerLoad::Tick() [d:\buildfarm\buildmachine_++depot+ue4-releases+4.9\engine\source\runtime\coreuobject\private\uobject\linkerload.cpp:666]
UE4Editor-CoreUObject.dll!FLinkerLoad::CreateLinker() [d:\buildfarm\buildmachine_++depot+ue4-releases+4.9\engine\source\runtime\coreuobject\private\uobject\linkerload.cpp:404]
UE4Editor-CoreUObject.dll!GetPackageLinker() [d:\buildfarm\buildmachine_++depot+ue4-releases+4.9\engine\source\runtime\coreuobject\private\uobject\linker.cpp:570]
UE4Editor-CoreUObject.dll!LoadPackageInternal() [d:\buildfarm\buildmachine_++depot+ue4-releases+4.9\engine\source\runtime\coreuobject\private\uobject\uobjectglobals.cpp:936]
UE4Editor-CoreUObject.dll!FLinkerLoad::VerifyImportInner() [d:\buildfarm\buildmachine_++depot+ue4-releases+4.9\engine\source\runtime\coreuobject\private\uobject\linkerload.cpp:2354]
UE4Editor-CoreUObject.dll!FLinkerLoad::VerifyImport() [d:\buildfarm\buildmachine_++depot+ue4-releases+4.9\engine\source\runtime\coreuobject\private\uobject\linkerload.cpp:2115]
UE4Editor-CoreUObject.dll!FLinkerLoad::VerifyImportInner() [d:\buildfarm\buildmachine_++depot+ue4-releases+4.9\engine\source\runtime\coreuobject\private\uobject\linkerload.cpp:2402]
UE4Editor-CoreUObject.dll!FLinkerLoad::VerifyImport() [d:\buildfarm\buildmachine_++depot+ue4-releases+4.9\engine\source\runtime\coreuobject\private\uobject\linkerload.cpp:2115]
UE4Editor-CoreUObject.dll!FLinkerLoad::VerifyImportInner() [d:\buildfarm\buildmachine_++depot+ue4-releases+4.9\engine\source\runtime\coreuobject\private\uobject\linkerload.cpp:2402]
UE4Editor-CoreUObject.dll!FLinkerLoad::VerifyImport() [d:\buildfarm\buildmachine_++depot+ue4-releases+4.9\engine\source\runtime\coreuobject\private\uobject\linkerload.cpp:2115]
UE4Editor-CoreUObject.dll!FLinkerLoad::Verify() [d:\buildfarm\buildmachine_++depot+ue4-releases+4.9\engine\source\runtime\coreuobject\private\uobject\linkerload.cpp:1905]
UE4Editor-CoreUObject.dll!FLinkerLoad::FinalizeCreation() [d:\buildfarm\buildmachine_++depot+ue4-releases+4.9\engine\source\runtime\coreuobject\private\uobject\linkerload.cpp:1815]
UE4Editor-CoreUObject.dll!FLinkerLoad::Tick() [d:\buildfarm\buildmachine_++depot+ue4-releases+4.9\engine\source\runtime\coreuobject\private\uobject\linkerload.cpp:666]
UE4Editor-CoreUObject.dll!FLinkerLoad::CreateLinker() [d:\buildfarm\buildmachine_++depot+ue4-releases+4.9\engine\source\runtime\coreuobject\private\uobject\linkerload.cpp:404]
UE4Editor-CoreUObject.dll!GetPackageLinker() [d:\buildfarm\buildmachine_++depot+ue4-releases+4.9\engine\source\runtime\coreuobject\private\uobject\linker.cpp:570]
UE4Editor-CoreUObject.dll!LoadPackageInternal() [d:\buildfarm\buildmachine_++depot+ue4-releases+4.9\engine\source\runtime\coreuobject\private\uobject\uobjectglobals.cpp:936]
UE4Editor-CoreUObject.dll!FLinkerLoad::VerifyImportInner() [d:\buildfarm\buildmachine_++depot+ue4-releases+4.9\engine\source\runtime\coreuobject\private\uobject\linkerload.cpp:2354]
UE4Editor-CoreUObject.dll!FLinkerLoad::VerifyImport() [d:\buildfarm\buildmachine_++depot+ue4-releases+4.9\engine\source\runtime\coreuobject\private\uobject\linkerload.cpp:2115]
UE4Editor-CoreUObject.dll!FLinkerLoad::VerifyImportInner() [d:\buildfarm\buildmachine_++depot+ue4-releases+4.9\engine\source\runtime\coreuobject\private\uobject\linkerload.cpp:2402]
UE4Editor-CoreUObject.dll!FLinkerLoad::VerifyImport() [d:\buildfarm\buildmachine_++depot+ue4-releases+4.9\engine\source\runtime\coreuobject\private\uobject\linkerload.cpp:2115]
UE4Editor-CoreUObject.dll!FLinkerLoad::Verify() [d:\buildfarm\buildmachine_++depot+ue4-releases+4.9\engine\source\runtime\coreuobject\private\uobject\linkerload.cpp:1905]
UE4Editor-CoreUObject.dll!FLinkerLoad::FinalizeCreation() [d:\buildfarm\buildmachine_++depot+ue4-releases+4.9\engine\source\runtime\coreuobject\private\uobject\linkerload.cpp:1815]
UE4Editor-CoreUObject.dll!FLinkerLoad::Tick() [d:\buildfarm\buildmachine_++depot+ue4-releases+4.9\engine\source\runtime\coreuobject\private\uobject\linkerload.cpp:666]
UE4Editor-CoreUObject.dll!FLinkerLoad::CreateLinker() [d:\buildfarm\buildmachine_++depot+ue4-releases+4.9\engine\source\runtime\coreuobject\private\uobject\linkerload.cpp:404]
UE4Editor-CoreUObject.dll!GetPackageLinker() [d:\buildfarm\buildmachine_++depot+ue4-releases+4.9\engine\source\runtime\coreuobject\private\uobject\linker.cpp:570]
UE4Editor-CoreUObject.dll!LoadPackageInternal() [d:\buildfarm\buildmachine_++depot+ue4-releases+4.9\engine\source\runtime\coreuobject\private\uobject\uobjectglobals.cpp:936]
UE4Editor-CoreUObject.dll!ResolveName() [d:\buildfarm\buildmachine_++depot+ue4-releases+4.9\engine\source\runtime\coreuobject\private\uobject\uobjectglobals.cpp:680]
UE4Editor-CoreUObject.dll!StaticLoadObjectInternal() [d:\buildfarm\buildmachine_++depot+ue4-releases+4.9\engine\source\runtime\coreuobject\private\uobject\uobjectglobals.cpp:767]
UE4Editor-CoreUObject.dll!StaticLoadObject() [d:\buildfarm\buildmachine_++depot+ue4-releases+4.9\engine\source\runtime\coreuobject\private\uobject\uobjectglobals.cpp:831]
UE4Editor-CoreUObject.dll!StaticLoadClass() [d:\buildfarm\buildmachine_++depot+ue4-releases+4.9\engine\source\runtime\coreuobject\private\uobject\uobjectglobals.cpp:856]
UE4Editor-Engine.dll!UWorld::SetGameMode() [d:\buildfarm\buildmachine_++depot+ue4-releases+4.9\engine\source\runtime\engine\private\world.cpp:2857]
UE4Editor-Engine.dll!UGameInstance::StartPIEGameInstance() [d:\buildfarm\buildmachine_++depot+ue4-releases+4.9\engine\source\runtime\engine\private\gameinstance.cpp:234]
UE4Editor-UnrealEd.dll!UEditorEngine::CreatePIEGameInstance() [d:\buildfarm\buildmachine_++depot+ue4-releases+4.9\engine\source\editor\unrealed\private\playlevel.cpp:3137]
UE4Editor-UnrealEd.dll!UEditorEngine::PlayInEditor() [d:\buildfarm\buildmachine_++depot+ue4-releases+4.9\engine\source\editor\unrealed\private\playlevel.cpp:2385]
UE4Editor-UnrealEd.dll!UEditorEngine::StartQueuedPlayMapRequest() [d:\buildfarm\buildmachine_++depot+ue4-releases+4.9\engine\source\editor\unrealed\private\playlevel.cpp:1066]
UE4Editor-UnrealEd.dll!UEditorEngine::Tick() [d:\buildfarm\buildmachine_++depot+ue4-releases+4.9\engine\source\editor\unrealed\private\editorengine.cpp:1244]
UE4Editor-UnrealEd.dll!UUnrealEdEngine::Tick() [d:\buildfarm\buildmachine_++depot+ue4-releases+4.9\engine\source\editor\unrealed\private\unrealedengine.cpp:366]
UE4Editor.exe!FEngineLoop::Tick() [d:\buildfarm\buildmachine_++depot+ue4-releases+4.9\engine\source\runtime\launch\private\launchengineloop.cpp:2428]
UE4Editor.exe!GuardedMain() [d:\buildfarm\buildmachine_++depot+ue4-releases+4.9\engine\source\runtime\launch\private\launch.cpp:142]
UE4Editor.exe!GuardedMainWrapper() [d:\buildfarm\buildmachine_++depot+ue4-releases+4.9\engine\source\runtime\launch\private\windows\launchwindows.cpp:126]
UE4Editor.exe!WinMain() [d:\buildfarm\buildmachine_++depot+ue4-releases+4.9\engine\source\runtime\launch\private\windows\launchwindows.cpp:200]
UE4Editor.exe!__tmainCRTStartup() [f:\dd\vctools\crt\crtw32\dllstuff\crtexe.c:618]
KERNEL32.DLL
ntdll.dll
ntdll.dll

[2016.02.22-10.14.03:971][430]LogAnimation:Warning: Invalid animation root node index 54 on '/LeapMotion/Character/Basic/BasicCharacter_AnimBlueprint.BasicCharacter_AnimBlueprint_C' (only 52 nodes)
[2016.02.22-10.14.04:177][430]LogAnimation:Warning: Invalid animation root node index 54 on '/Engine/Transient.REINST_BasicCharacter_AnimBlueprint_C_2' (only 52 nodes)
[2016.02.22-10.14.04:269][430]LogClass:Warning: Property AnimGraphNode_Fabrik_8C904C7A415FB588652E8A91FDC811AE of BasicCharacter_AnimBlueprint_C has a struct type mismatch (tag FallbackStruct != prop AnimNode_Fabrik) in package:  FObjectReader. If that struct got renamed, add an entry to ActiveStructRedirects.
[2016.02.22-10.14.04:269][430]LogClass:Warning: Property AnimGraphNode_Fabrik_416EC86F435836563C4E49AD6D016C3C of BasicCharacter_AnimBlueprint_C has a struct type mismatch (tag FallbackStruct != prop AnimNode_Fabrik) in package:  FObjectReader. If that struct got renamed, add an entry to ActiveStructRedirects.
[2016.02.22-10.14.04:270][430]LogClass:Warning: Property AnimGraphNode_Fabrik_9FF4326C4CAD2373B92D6F9E3AC3F57A of BasicCharacter_AnimBlueprint_C has a struct type mismatch (tag FallbackStruct != prop AnimNode_Fabrik) in package:  FObjectReader. If that struct got renamed, add an entry to ActiveStructRedirects.
[2016.02.22-10.14.04:591][430]LogBlueprint:Warning: [compiler LeapBasicRiggedCharacter] Warning Input Axis Event references unknown Axis 'LookUpRate' for  InputAxis LookUpRate 
[2016.02.22-10.14.04:591][430]LogBlueprint:Warning: [compiler LeapBasicRiggedCharacter] Warning Input Axis Event references unknown Axis 'TurnRate' for  InputAxis TurnRate 
[2016.02.22-10.14.04:591][430]LogBlueprint:Warning: [compiler LeapBasicRiggedCharacter] Warning Input Axis Event references unknown Axis 'Turn' for  InputAxis Turn 
[2016.02.22-10.14.04:591][430]LogBlueprint:Warning: [compiler LeapBasicRiggedCharacter] Warning Input Axis Event references unknown Axis 'LookUp' for  InputAxis LookUp 
[2016.02.22-10.14.04:591][430]LogBlueprint:Warning: [compiler LeapBasicRiggedCharacter] Warning Input Axis Event references unknown Axis 'MoveRight' for  InputAxis MoveRight 
[2016.02.22-10.14.04:591][430]LogBlueprint:Warning: [compiler LeapBasicRiggedCharacter] Warning Input Axis Event references unknown Axis 'MoveForward' for  InputAxis MoveForward 
[2016.02.22-10.14.04:594][430]LogBlueprint:Warning: [compiler LeapBasicRiggedCharacter] Warning [0059.76] Compile of LeapBasicRiggedCharacter successful, but with 6 Warning(s) [in 9 ms]
[2016.02.22-10.14.04:594][430]LogBlueprint:Warning: [compiler LeapBasicRiggedCharacter] Warning [0059.76] Compile of LeapBasicRiggedCharacter successful, but with 7 Warning(s) [in 0 ms]
[2016.02.22-10.14.04:594][430]LogBlueprint:Warning: [compiler LeapBasicRiggedCharacter] Warning [0059.76] Compile of LeapBasicRiggedCharacter successful, but with 8 Warning(s) [in 0 ms]
[2016.02.22-10.14.04:601][430]LogBlueprint:Warning: [compiler LeapBasicRiggedCharacter] Warning Input Axis Event references unknown Axis 'LookUpRate' for  InputAxis LookUpRate 
[2016.02.22-10.14.04:601][430]LogBlueprint:Warning: [compiler LeapBasicRiggedCharacter] Warning Input Axis Event references unknown Axis 'TurnRate' for  InputAxis TurnRate 
[2016.02.22-10.14.04:601][430]LogBlueprint:Warning: [compiler LeapBasicRiggedCharacter] Warning Input Axis Event references unknown Axis 'Turn' for  InputAxis Turn 
[2016.02.22-10.14.04:601][430]LogBlueprint:Warning: [compiler LeapBasicRiggedCharacter] Warning Input Axis Event references unknown Axis 'LookUp' for  InputAxis LookUp 
[2016.02.22-10.14.04:602][430]LogBlueprint:Warning: [compiler LeapBasicRiggedCharacter] Warning Input Axis Event references unknown Axis 'MoveRight' for  InputAxis MoveRight 
[2016.02.22-10.14.04:602][430]LogBlueprint:Warning: [compiler LeapBasicRiggedCharacter] Warning Input Axis Event references unknown Axis 'MoveForward' for  InputAxis MoveForward 
[2016.02.22-10.14.04:605][430]LogBlueprint:Warning: [compiler LeapBasicRiggedCharacter] Warning [0059.77] Compile of LeapBasicRiggedCharacter successful, but with 6 Warning(s) [in 7 ms]
[2016.02.22-10.14.04:605][430]LogBlueprint:Warning: [compiler LeapBasicRiggedCharacter] Warning [0059.77] Compile of LeapBasicRiggedCharacter successful, but with 7 Warning(s) [in 0 ms]
[2016.02.22-10.14.04:605][430]LogBlueprint:Warning: [compiler LeapBasicRiggedCharacter] Warning [0059.77] Compile of LeapBasicRiggedCharacter successful, but with 8 Warning(s) [in 0 ms]
[2016.02.22-10.14.04:804][430]LogWorld: Game class is 'BP_TheBeginningGameMode_C'
[2016.02.22-10.14.04:818][430]LogWorld: Bringing World /Game/UEDPIE_0_MyFirstLevel.MyFirstLevel up for play (max tick rate 0) at 2016.02.22-11.14.04
[2016.02.22-10.14.04:818][430]LogActor:Warning: GameSession /Game/UEDPIE_0_MyFirstLevel.MyFirstLevel:PersistentLevel.GameSession_0 has natively added scene component(s), but none of them were set as the actor's RootComponent - picking one arbitrarily
[2016.02.22-10.14.04:819][430]LogActor:Warning: GameNetworkManager /Game/UEDPIE_0_MyFirstLevel.MyFirstLevel:PersistentLevel.GameNetworkManager_0 has natively added scene component(s), but none of them were set as the actor's RootComponent - picking one arbitrarily
[2016.02.22-10.14.04:820][430]LogWorld: Bringing up level for play took: 0.014911
[2016.02.22-10.14.04:824][430]LeapPluginLog: InterfaceObject: LeapAnimBodyConnector_C_0
[2016.02.22-10.14.04:894][430]PIE: Info Play in editor start time for /Game/UEDPIE_0_MyFirstLevel 5.68
[2016.02.22-10.14.04:894][430]LogBlueprintUserMessages: Late PlayInEditor Detection: Level '/Game/MyFirstLevel.MyFirstLevel:PersistentLevel' has LevelScriptBlueprint '/Game/MyFirstLevel.MyFirstLevel:PersistentLevel.MyFirstLevel' with GeneratedClass '/Game/MyFirstLevel.MyFirstLevel_C' with ClassGeneratedBy '/Game/MyFirstLevel.MyFirstLevel:PersistentLevel.MyFirstLevel'
[2016.02.22-10.14.18:526][ 33]LogBlueprintUserMessages: [LeapCollisionCharacter_C_0] Hello
[2016.02.22-10.14.18:535][ 34]LogBlueprintUserMessages: [LeapCollisionCharacter_C_0] Hello
[2016.02.22-10.14.18:543][ 35]LogBlueprintUserMessages: [LeapCollisionCharacter_C_0] Hello
[2016.02.22-10.14.18:552][ 36]LogBlueprintUserMessages: [LeapCollisionCharacter_C_0] Hello
[2016.02.22-10.14.18:563][ 37]LogBlueprintUserMessages: [LeapCollisionCharacter_C_0] Hello
[2016.02.22-10.14.18:571][ 38]LogBlueprintUserMessages: [LeapCollisionCharacter_C_0] Hello
[2016.02.22-10.14.18:580][ 39]LogBlueprintUserMessages: [LeapCollisionCharacter_C_0] Hello
[2016.02.22-10.14.18:590][ 40]LogBlueprintUserMessages: [LeapCollisionCharacter_C_0] Hello
[2016.02.22-10.14.18:598][ 41]LogBlueprintUserMessages: [LeapCollisionCharacter_C_0] Hello
[2016.02.22-10.14.18:606][ 42]LogBlueprintUserMessages: [LeapCollisionCharacter_C_0] Hello
[2016.02.22-10.14.18:614][ 43]LogBlueprintUserMessages: [LeapCollisionCharacter_C_0] Hello
[2016.02.22-10.14.18:623][ 44]LogBlueprintUserMessages: [LeapCollisionCharacter_C_0] Hello
[2016.02.22-10.14.18:631][ 45]LogBlueprintUserMessages: [LeapCollisionCharacter_C_0] Hello
[2016.02.22-10.14.18:640][ 46]LogBlueprintUserMessages: [LeapCollisionCharacter_C_0] Hello
[2016.02.22-10.14.18:648][ 47]LogBlueprintUserMessages: [LeapCollisionCharacter_C_0] Hello
[2016.02.22-10.14.18:657][ 48]LogBlueprintUserMessages: [LeapCollisionCharacter_C_0] Hello
[2016.02.22-10.14.18:665][ 49]LogBlueprintUserMessages: [LeapCollisionCharacter_C_0] Hello
[2016.02.22-10.14.18:674][ 50]LogBlueprintUserMessages: [LeapCollisionCharacter_C_0] Hello
[2016.02.22-10.14.18:682][ 51]LogBlueprintUserMessages: [LeapCollisionCharacter_C_0] Hello
[2016.02.22-10.14.18:691][ 52]LogBlueprintUserMessages: [LeapCollisionCharacter_C_0] Hello
[2016.02.22-10.14.18:699][ 53]LogBlueprintUserMessages: [LeapCollisionCharacter_C_0] Hello
[2016.02.22-10.14.18:707][ 54]LogBlueprintUserMessages: [LeapCollisionCharacter_C_0] Hello
[2016.02.22-10.14.18:716][ 55]LogBlueprintUserMessages: [LeapCollisionCharacter_C_0] Hello
[2016.02.22-10.14.18:726][ 56]LogBlueprintUserMessages: [LeapCollisionCharacter_C_0] Hello
[2016.02.22-10.14.18:734][ 57]LogBlueprintUserMessages: [LeapCollisionCharacter_C_0] Hello
[2016.02.22-10.14.18:742][ 58]LogBlueprintUserMessages: [LeapCollisionCharacter_C_0] Hello
[2016.02.22-10.14.18:751][ 59]LogBlueprintUserMessages: [LeapCollisionCharacter_C_0] Hello
[2016.02.22-10.14.18:760][ 60]LogBlueprintUserMessages: [LeapCollisionCharacter_C_0] Hello
[2016.02.22-10.14.18:768][ 61]LogBlueprintUserMessages: [LeapCollisionCharacter_C_0] Hello
[2016.02.22-10.14.18:777][ 62]LogBlueprintUserMessages: [LeapCollisionCharacter_C_0] Hello
[2016.02.22-10.14.18:785][ 63]LogBlueprintUserMessages: [LeapCollisionCharacter_C_0] Hello
[2016.02.22-10.14.18:793][ 64]LogBlueprintUserMessages: [LeapCollisionCharacter_C_0] Hello
[2016.02.22-10.14.18:802][ 65]LogBlueprintUserMessages: [LeapCollisionCharacter_C_0] Hello
[2016.02.22-10.14.18:810][ 66]LogBlueprintUserMessages: [LeapCollisionCharacter_C_0] Hello
[2016.02.22-10.14.18:818][ 67]LogBlueprintUserMessages: [LeapCollisionCharacter_C_0] Hello
[2016.02.22-10.14.18:827][ 68]LogBlueprintUserMessages: [LeapCollisionCharacter_C_0] Hello
[2016.02.22-10.14.18:835][ 69]LogBlueprintUserMessages: [LeapCollisionCharacter_C_0] Hello
[2016.02.22-10.14.18:843][ 70]LogBlueprintUserMessages: [LeapCollisionCharacter_C_0] Hello
[2016.02.22-10.14.18:852][ 71]LogBlueprintUserMessages: [LeapCollisionCharacter_C_0] Hello
[2016.02.22-10.14.18:862][ 72]LogBlueprintUserMessages: [LeapCollisionCharacter_C_0] Hello
[2016.02.22-10.14.18:870][ 73]LogBlueprintUserMessages: [LeapCollisionCharacter_C_0] Hello
[2016.02.22-10.14.18:878][ 74]LogBlueprintUserMessages: [LeapCollisionCharacter_C_0] Hello
[2016.02.22-10.14.18:887][ 75]LogBlueprintUserMessages: [LeapCollisionCharacter_C_0] Hello
[2016.02.22-10.14.18:895][ 76]LogBlueprintUserMessages: [LeapCollisionCharacter_C_0] Hello
[2016.02.22-10.14.18:904][ 77]LogBlueprintUserMessages: [LeapCollisionCharacter_C_0] Hello
[2016.02.22-10.14.18:912][ 78]LogBlueprintUserMessages: [LeapCollisionCharacter_C_0] Hello
[2016.02.22-10.14.18:920][ 79]LogBlueprintUserMessages: [LeapCollisionCharacter_C_0] Hello
[2016.02.22-10.14.18:929][ 80]LogBlueprintUserMessages: [LeapCollisionCharacter_C_0] Hello
[2016.02.22-10.14.18:937][ 81]LogBlueprintUserMessages: [LeapCollisionCharacter_C_0] Hello
[2016.02.22-10.14.18:945][ 82]LogBlueprintUserMessages: [LeapCollisionCharacter_C_0] Hello
[2016.02.22-10.14.18:955][ 83]LogBlueprintUserMessages: [LeapCollisionCharacter_C_0] Hello
[2016.02.22-10.14.18:963][ 84]LogBlueprintUserMessages: [LeapCollisionCharacter_C_0] Hello
[2016.02.22-10.14.18:971][ 85]LogBlueprintUserMessages: [LeapCollisionCharacter_C_0] Hello
[2016.02.22-10.14.18:979][ 86]LogBlueprintUserMessages: [LeapCollisionCharacter_C_0] Hello
[2016.02.22-10.14.18:988][ 87]LogBlueprintUserMessages: [LeapCollisionCharacter_C_0] Hello
[2016.02.22-10.14.20:597][276]LogBlueprintUserMessages: [LeapCollisionCharacter_C_0] Hello
[2016.02.22-10.14.20:605][277]LogBlueprintUserMessages: [LeapCollisionCharacter_C_0] Hello
[2016.02.22-10.14.20:614][278]LogBlueprintUserMessages: [LeapCollisionCharacter_C_0] Hello
[2016.02.22-10.14.20:624][279]LogBlueprintUserMessages: [LeapCollisionCharacter_C_0] Hello
[2016.02.22-10.14.20:632][280]LogBlueprintUserMessages: [LeapCollisionCharacter_C_0] Hello
[2016.02.22-10.14.20:641][281]LogBlueprintUserMessages: [LeapCollisionCharacter_C_0] Hello
[2016.02.22-10.14.20:649][282]LogBlueprintUserMessages: [LeapCollisionCharacter_C_0] Hello
[2016.02.22-10.14.20:658][283]LogBlueprintUserMessages: [LeapCollisionCharacter_C_0] Hello
[2016.02.22-10.14.20:666][284]LogBlueprintUserMessages: [LeapCollisionCharacter_C_0] Hello
[2016.02.22-10.14.20:674][285]LogBlueprintUserMessages: [LeapCollisionCharacter_C_0] Hello
[2016.02.22-10.14.20:683][286]LogBlueprintUserMessages: [LeapCollisionCharacter_C_0] Hello
[2016.02.22-10.14.20:692][287]LogBlueprintUserMessages: [LeapCollisionCharacter_C_0] Hello
[2016.02.22-10.14.20:700][288]LogBlueprintUserMessages: [LeapCollisionCharacter_C_0] Hello
[2016.02.22-10.14.20:708][289]LogBlueprintUserMessages: [LeapCollisionCharacter_C_0] Hello
[2016.02.22-10.14.20:717][290]LogBlueprintUserMessages: [LeapCollisionCharacter_C_0] Hello
[2016.02.22-10.14.20:727][291]LogBlueprintUserMessages: [LeapCollisionCharacter_C_0] Hello
[2016.02.22-10.14.20:735][292]LogBlueprintUserMessages: [LeapCollisionCharacter_C_0] Hello
[2016.02.22-10.14.20:744][293]LogBlueprintUserMessages: [LeapCollisionCharacter_C_0] Hello
[2016.02.22-10.14.20:754][294]LogBlueprintUserMessages: [LeapCollisionCharacter_C_0] Hello
[2016.02.22-10.14.20:762][295]LogBlueprintUserMessages: [LeapCollisionCharacter_C_0] Hello
[2016.02.22-10.14.20:771][296]LogBlueprintUserMessages: [LeapCollisionCharacter_C_0] Hello
[2016.02.22-10.14.20:779][297]LogBlueprintUserMessages: [LeapCollisionCharacter_C_0] Hello
[2016.02.22-10.14.20:788][298]LogBlueprintUserMessages: [LeapCollisionCharacter_C_0] Hello
[2016.02.22-10.14.20:795][299]LogBlueprintUserMessages: [LeapCollisionCharacter_C_0] Hello
[2016.02.22-10.14.20:804][300]LogBlueprintUserMessages: [LeapCollisionCharacter_C_0] Hello
[2016.02.22-10.14.20:812][301]LogBlueprintUserMessages: [LeapCollisionCharacter_C_0] Hello
[2016.02.22-10.14.20:821][302]LogBlueprintUserMessages: [LeapCollisionCharacter_C_0] Hello
[2016.02.22-10.14.20:829][303]LogBlueprintUserMessages: [LeapCollisionCharacter_C_0] Hello
[2016.02.22-10.14.20:837][304]LogBlueprintUserMessages: [LeapCollisionCharacter_C_0] Hello
[2016.02.22-10.14.20:845][305]LogBlueprintUserMessages: [LeapCollisionCharacter_C_0] Hello
[2016.02.22-10.14.20:855][306]LogBlueprintUserMessages: [LeapCollisionCharacter_C_0] Hello
[2016.02.22-10.14.20:863][307]LogBlueprintUserMessages: [LeapCollisionCharacter_C_0] Hello
[2016.02.22-10.14.20:871][308]LogBlueprintUserMessages: [LeapCollisionCharacter_C_0] Hello
[2016.02.22-10.14.20:880][309]LogBlueprintUserMessages: [LeapCollisionCharacter_C_0] Hello
[2016.02.22-10.14.20:889][310]LogBlueprintUserMessages: [LeapCollisionCharacter_C_0] Hello
[2016.02.22-10.14.20:897][311]LogBlueprintUserMessages: [LeapCollisionCharacter_C_0] Hello
[2016.02.22-10.14.20:907][312]LogBlueprintUserMessages: [LeapCollisionCharacter_C_0] Hello
[2016.02.22-10.14.20:915][313]LogBlueprintUserMessages: [LeapCollisionCharacter_C_0] Hello
[2016.02.22-10.14.20:925][314]LogBlueprintUserMessages: [LeapCollisionCharacter_C_0] Hello
[2016.02.22-10.14.20:933][315]LogBlueprintUserMessages: [LeapCollisionCharacter_C_0] Hello
[2016.02.22-10.14.20:942][316]LogBlueprintUserMessages: [LeapCollisionCharacter_C_0] Hello
[2016.02.22-10.14.20:950][317]LogBlueprintUserMessages: [LeapCollisionCharacter_C_0] Hello
[2016.02.22-10.14.20:959][318]LogBlueprintUserMessages: [LeapCollisionCharacter_C_0] Hello
[2016.02.22-10.14.20:968][319]LogBlueprintUserMessages: [LeapCollisionCharacter_C_0] Hello
[2016.02.22-10.14.20:976][320]LogBlueprintUserMessages: [LeapCollisionCharacter_C_0] Hello
[2016.02.22-10.14.20:984][321]LogBlueprintUserMessages: [LeapCollisionCharacter_C_0] Hello
[2016.02.22-10.14.20:993][322]LogBlueprintUserMessages: [LeapCollisionCharacter_C_0] Hello
[2016.02.22-10.14.21:001][323]LogBlueprintUserMessages: [LeapCollisionCharacter_C_0] Hello
[2016.02.22-10.14.21:009][324]LogBlueprintUserMessages: [LeapCollisionCharacter_C_0] Hello
[2016.02.22-10.14.21:018][325]LogBlueprintUserMessages: [LeapCollisionCharacter_C_0] Hello
[2016.02.22-10.14.21:026][326]LogBlueprintUserMessages: [LeapCollisionCharacter_C_0] Hello
[2016.02.22-10.14.21:034][327]LogBlueprintUserMessages: [LeapCollisionCharacter_C_0] Hello
[2016.02.22-10.14.21:042][328]LogBlueprintUserMessages: [LeapCollisionCharacter_C_0] Hello
[2016.02.22-10.14.21:051][329]LogBlueprintUserMessages: [LeapCollisionCharacter_C_0] Hello
[2016.02.22-10.14.24:328][715]LogBlueprintUserMessages: [LeapCollisionCharacter_C_0] Hello
[2016.02.22-10.14.24:336][716]LogBlueprintUserMessages: [LeapCollisionCharacter_C_0] Hello
[2016.02.22-10.14.24:344][717]LogBlueprintUserMessages: [LeapCollisionCharacter_C_0] Hello
[2016.02.22-10.14.24:353][718]LogBlueprintUserMessages: [LeapCollisionCharacter_C_0] Hello
[2016.02.22-10.14.24:361][719]LogBlueprintUserMessages: [LeapCollisionCharacter_C_0] Hello
[2016.02.22-10.14.24:370][720]LogBlueprintUserMessages: [LeapCollisionCharacter_C_0] Hello
[2016.02.22-10.14.24:379][721]LogBlueprintUserMessages: [LeapCollisionCharacter_C_0] Hello
[2016.02.22-10.14.24:387][722]LogBlueprintUserMessages: [LeapCollisionCharacter_C_0] Hello
[2016.02.22-10.14.24:396][723]LogBlueprintUserMessages: [LeapCollisionCharacter_C_0] Hello
[2016.02.22-10.14.24:404][724]LogBlueprintUserMessages: [LeapCollisionCharacter_C_0] Hello
[2016.02.22-10.14.24:412][725]LogBlueprintUserMessages: [LeapCollisionCharacter_C_0] Hello
[2016.02.22-10.14.24:421][726]LogBlueprintUserMessages: [LeapCollisionCharacter_C_0] Hello
[2016.02.22-10.14.24:429][727]LogBlueprintUserMessages: [LeapCollisionCharacter_C_0] Hello
[2016.02.22-10.14.24:437][728]LogBlueprintUserMessages: [LeapCollisionCharacter_C_0] Hello
[2016.02.22-10.14.24:446][729]LogBlueprintUserMessages: [LeapCollisionCharacter_C_0] Hello
[2016.02.22-10.14.24:454][730]LogBlueprintUserMessages: [LeapCollisionCharacter_C_0] Hello
[2016.02.22-10.14.24:463][731]LogBlueprintUserMessages: [LeapCollisionCharacter_C_0] Hello
[2016.02.22-10.14.24:473][732]LogBlueprintUserMessages: [LeapCollisionCharacter_C_0] Hello
[2016.02.22-10.14.24:482][733]LogBlueprintUserMessages: [LeapCollisionCharacter_C_0] Hello
[2016.02.22-10.14.24:492][734]LogBlueprintUserMessages: [LeapCollisionCharacter_C_0] Hello
[2016.02.22-10.14.24:500][735]LogBlueprintUserMessages: [LeapCollisionCharacter_C_0] Hello
[2016.02.22-10.14.24:508][736]LogBlueprintUserMessages: [LeapCollisionCharacter_C_0] Hello
[2016.02.22-10.14.24:517][737]LogBlueprintUserMessages: [LeapCollisionCharacter_C_0] Hello
[2016.02.22-10.14.24:525][738]LogBlueprintUserMessages: [LeapCollisionCharacter_C_0] Hello
[2016.02.22-10.14.24:533][739]LogBlueprintUserMessages: [LeapCollisionCharacter_C_0] Hello
[2016.02.22-10.14.24:542][740]LogBlueprintUserMessages: [LeapCollisionCharacter_C_0] Hello
[2016.02.22-10.14.24:550][741]LogBlueprintUserMessages: [LeapCollisionCharacter_C_0] Hello
[2016.02.22-10.14.24:559][742]LogBlueprintUserMessages: [LeapCollisionCharacter_C_0] Hello
[2016.02.22-10.14.24:568][743]LogBlueprintUserMessages: [LeapCollisionCharacter_C_0] Hello
[2016.02.22-10.14.24:576][744]LogBlueprintUserMessages: [LeapCollisionCharacter_C_0] Hello
[2016.02.22-10.14.24:585][745]LogBlueprintUserMessages: [LeapCollisionCharacter_C_0] Hello
[2016.02.22-10.14.24:593][746]LogBlueprintUserMessages: [LeapCollisionCharacter_C_0] Hello
[2016.02.22-10.14.24:601][747]LogBlueprintUserMessages: [LeapCollisionCharacter_C_0] Hello
[2016.02.22-10.14.24:609][748]LogBlueprintUserMessages: [LeapCollisionCharacter_C_0] Hello
[2016.02.22-10.14.24:618][749]LogBlueprintUserMessages: [LeapCollisionCharacter_C_0] Hello
[2016.02.22-10.14.24:626][750]LogBlueprintUserMessages: [LeapCollisionCharacter_C_0] Hello
[2016.02.22-10.14.24:636][751]LogBlueprintUserMessages: [LeapCollisionCharacter_C_0] Hello
[2016.02.22-10.14.24:644][752]LogBlueprintUserMessages: [LeapCollisionCharacter_C_0] Hello
[2016.02.22-10.14.24:653][753]LogBlueprintUserMessages: [LeapCollisionCharacter_C_0] Hello
[2016.02.22-10.14.31:837][600]LogBlueprintUserMessages: Early EndPlayMap Detection: Level '/Game/MyFirstLevel.MyFirstLevel:PersistentLevel' has LevelScriptBlueprint '/Game/MyFirstLevel.MyFirstLevel:PersistentLevel.MyFirstLevel' with GeneratedClass '/Game/MyFirstLevel.MyFirstLevel_C' with ClassGeneratedBy '/Game/MyFirstLevel.MyFirstLevel:PersistentLevel.MyFirstLevel'
[2016.02.22-10.14.31:844][600]LeapPluginLog: LeapController::CleanupEventData Delete Called
[2016.02.22-10.14.31:954][600]LogBlueprintUserMessages: Late EndPlayMap Detection: Level '/Game/MyFirstLevel.MyFirstLevel:PersistentLevel' has LevelScriptBlueprint '/Game/MyFirstLevel.MyFirstLevel:PersistentLevel.MyFirstLevel' with GeneratedClass '/Game/MyFirstLevel.MyFirstLevel_C' with ClassGeneratedBy '/Game/MyFirstLevel.MyFirstLevel:PersistentLevel.MyFirstLevel'
[2016.02.22-10.14.31:994][600]LogParticles: Destroying 0 GPU particle simulations for FXSystem 0x0000000CBD044F40
[2016.02.22-10.14.32:012][600]LeapPluginLog: LeapController::CleanupEventData Delete Called
[2016.02.22-10.14.32:025][600]LeapPluginLog: LeapController::CleanupEventData Delete Called
[2016.02.22-10.14.47:274][411]LeapPluginLog: InterfaceObject: LeapAnimBodyConnector_C_1
[2016.02.22-10.14.47:301][413]LeapPluginLog: InterfaceObject: LeapAnimBodyConnector_C_2
[2016.02.22-10.14.47:301][413]LeapPluginLog:Warning: Warning! More than one (2) Leap Controller Component detected! Duplication of work and output may result (inefficiency warning).
[2016.02.22-10.14.47:303][413]LeapPluginLog: InterfaceObject: LeapAnimBodyConnector_C_3
[2016.02.22-10.14.47:303][413]LeapPluginLog:Warning: Warning! More than one (3) Leap Controller Component detected! Duplication of work and output may result (inefficiency warning).
[2016.02.22-10.14.48:565][552]LogLinker:Warning: Asset '../../../Engine/Content/ArtTools/RenderToTexture/Macros/RenderToTextureMacros.uasset' has been saved with empty engine version. The asset will be loaded but may be incompatible.
[2016.02.22-10.14.49:023][552]LogContentBrowser: Native class hierarchy updated for 'BlueprintGraph' in 0.0014 seconds. Added 107 classes and 0 folders.
[2016.02.22-10.14.49:377][552]LeapPluginLog: InterfaceObject: LeapAnimBodyConnector_C_4
[2016.02.22-10.14.49:377][552]LeapPluginLog:Warning: Warning! More than one (4) Leap Controller Component detected! Duplication of work and output may result (inefficiency warning).
[2016.02.22-10.15.00:805][364]LeapPluginLog: LeapController::CleanupEventData Delete Called
[2016.02.22-10.15.01:719][462]LogBlueprintUserMessages: Early PlayInEditor Detection: Level '/Game/MyFirstLevel.MyFirstLevel:PersistentLevel' has LevelScriptBlueprint '/Game/MyFirstLevel.MyFirstLevel:PersistentLevel.MyFirstLevel' with GeneratedClass '/Game/MyFirstLevel.MyFirstLevel_C' with ClassGeneratedBy '/Game/MyFirstLevel.MyFirstLevel:PersistentLevel.MyFirstLevel'
[2016.02.22-10.15.01:719][462]LogPlayLevel: PlayLevel: No blueprints needed recompiling
[2016.02.22-10.15.01:719][462]PIE: New page: PIE session: MyFirstLevel (Feb 22, 2016, 12:15:01 PM)
[2016.02.22-10.15.01:719][462]LogPlayLevel: Creating play world package: /Game/UEDPIE_0_MyFirstLevel
[2016.02.22-10.15.01:730][462]LogPlayLevel: PIE: StaticDuplicateObject took: (0.010692s)
[2016.02.22-10.15.01:730][462]LogAIModule: Creating AISystem for world MyFirstLevel
[2016.02.22-10.15.01:730][462]LogPlayLevel: PIE: World Init took: (0.000477s)
[2016.02.22-10.15.01:730][462]LogPlayLevel: PIE: Created PIE world by copying editor world from /Game/MyFirstLevel.MyFirstLevel to /Game/UEDPIE_0_MyFirstLevel.MyFirstLevel (0.011336s)
[2016.02.22-10.15.01:730][462]LogActorComponent: UnregisterComponent: (/Engine/Transient.CharMoveComp) Not registered. Aborting.
[2016.02.22-10.15.01:730][462]LogActorComponent: UnregisterComponent: (/Engine/Transient.CharacterMovementComponent_0) Not registered. Aborting.
[2016.02.22-10.15.01:731][462]LogActorComponent: UnregisterComponent: (/Engine/Transient.CharacterMovementComponent_1) Not registered. Aborting.
[2016.02.22-10.15.01:731][462]LogActorComponent: UnregisterComponent: (/Engine/Transient.KinectInterface_GEN_VARIABLE) Not registered. Aborting.
[2016.02.22-10.15.01:731][462]LogActorComponent: UnregisterComponent: (/Engine/Transient.CharacterMovementComponent_2) Not registered. Aborting.
[2016.02.22-10.15.01:764][462]LogParticles: Destroying 0 GPU particle simulations for FXSystem 0x0000000C91337100
[2016.02.22-10.15.01:789][462]LogInit: XAudio2 using 'Speakers (Realtek High Definition Audio)' : 2 channels at 48 kHz using 32 bits per sample (channel mask 0x3)
[2016.02.22-10.15.01:795][462]LogInit: FAudioDevice initialized.
[2016.02.22-10.15.01:830][462]LogWorld: Game class is 'BP_TheBeginningGameMode_C'
[2016.02.22-10.15.01:844][462]LogWorld: Bringing World /Game/UEDPIE_0_MyFirstLevel.MyFirstLevel up for play (max tick rate 0) at 2016.02.22-11.15.01
[2016.02.22-10.15.01:845][462]LogActor:Warning: GameSession /Game/UEDPIE_0_MyFirstLevel.MyFirstLevel:PersistentLevel.GameSession_1 has natively added scene component(s), but none of them were set as the actor's RootComponent - picking one arbitrarily
[2016.02.22-10.15.01:845][462]LogActor:Warning: GameNetworkManager /Game/UEDPIE_0_MyFirstLevel.MyFirstLevel:PersistentLevel.GameNetworkManager_1 has natively added scene component(s), but none of them were set as the actor's RootComponent - picking one arbitrarily
[2016.02.22-10.15.01:846][462]LogWorld: Bringing up level for play took: 0.015062
[2016.02.22-10.15.01:851][462]LeapPluginLog: InterfaceObject: LeapAnimBodyConnector_C_6
[2016.02.22-10.15.01:851][462]LeapPluginLog:Warning: Warning! More than one (4) Leap Controller Component detected! Duplication of work and output may result (inefficiency warning).
[2016.02.22-10.15.01:863][462]PIE: Info Play in editor start time for /Game/UEDPIE_0_MyFirstLevel 0.65
[2016.02.22-10.15.01:863][462]LogBlueprintUserMessages: Late PlayInEditor Detection: Level '/Game/MyFirstLevel.MyFirstLevel:PersistentLevel' has LevelScriptBlueprint '/Game/MyFirstLevel.MyFirstLevel:PersistentLevel.MyFirstLevel' with GeneratedClass '/Game/MyFirstLevel.MyFirstLevel_C' with ClassGeneratedBy '/Game/MyFirstLevel.MyFirstLevel:PersistentLevel.MyFirstLevel'
[2016.02.22-10.15.04:395][753]LogBlueprintUserMessages: [LeapCollisionCharacter_C_2] Hello
[2016.02.22-10.15.04:403][754]LogBlueprintUserMessages: [LeapCollisionCharacter_C_2] Hello
[2016.02.22-10.15.04:411][755]LogBlueprintUserMessages: [LeapCollisionCharacter_C_2] Hello
[2016.02.22-10.15.04:420][756]LogBlueprintUserMessages: [LeapCollisionCharacter_C_2] Hello
[2016.02.22-10.15.04:429][757]LogBlueprintUserMessages: [LeapCollisionCharacter_C_2] Hello
[2016.02.22-10.15.04:437][758]LogBlueprintUserMessages: [LeapCollisionCharacter_C_2] Hello
[2016.02.22-10.15.04:445][759]LogBlueprintUserMessages: [LeapCollisionCharacter_C_2] Hello
[2016.02.22-10.15.04:454][760]LogBlueprintUserMessages: [LeapCollisionCharacter_C_2] Hello
[2016.02.22-10.15.04:463][761]LogBlueprintUserMessages: [LeapCollisionCharacter_C_2] Hello
[2016.02.22-10.15.04:471][762]LogBlueprintUserMessages: [LeapCollisionCharacter_C_2] Hello
[2016.02.22-10.15.04:479][763]LogBlueprintUserMessages: [LeapCollisionCharacter_C_2] Hello
[2016.02.22-10.15.04:489][764]LogBlueprintUserMessages: [LeapCollisionCharacter_C_2] Hello
[2016.02.22-10.15.04:497][765]LogBlueprintUserMessages: [LeapCollisionCharacter_C_2] Hello
[2016.02.22-10.15.04:505][766]LogBlueprintUserMessages: [LeapCollisionCharacter_C_2] Hello
[2016.02.22-10.15.04:513][767]LogBlueprintUserMessages: [LeapCollisionCharacter_C_2] Hello
[2016.02.22-10.15.04:522][768]LogBlueprintUserMessages: [LeapCollisionCharacter_C_2] Hello
[2016.02.22-10.15.04:530][769]LogBlueprintUserMessages: [LeapCollisionCharacter_C_2] Hello
[2016.02.22-10.15.04:539][770]LogBlueprintUserMessages: [LeapCollisionCharacter_C_2] Hello
[2016.02.22-10.15.04:548][771]LogBlueprintUserMessages: [LeapCollisionCharacter_C_2] Hello
[2016.02.22-10.15.04:558][772]LogBlueprintUserMessages: [LeapCollisionCharacter_C_2] Hello
[2016.02.22-10.15.04:566][773]LogBlueprintUserMessages: [LeapCollisionCharacter_C_2] Hello
[2016.02.22-10.15.04:575][774]LogBlueprintUserMessages: [LeapCollisionCharacter_C_2] Hello
[2016.02.22-10.15.04:583][775]LogBlueprintUserMessages: [LeapCollisionCharacter_C_2] Hello
[2016.02.22-10.15.04:591][776]LogBlueprintUserMessages: [LeapCollisionCharacter_C_2] Hello
[2016.02.22-10.15.04:600][777]LogBlueprintUserMessages: [LeapCollisionCharacter_C_2] Hello
[2016.02.22-10.15.04:608][778]LogBlueprintUserMessages: [LeapCollisionCharacter_C_2] Hello
[2016.02.22-10.15.04:617][779]LogBlueprintUserMessages: [LeapCollisionCharacter_C_2] Hello
[2016.02.22-10.15.04:626][780]LogBlueprintUserMessages: [LeapCollisionCharacter_C_2] Hello
[2016.02.22-10.15.04:634][781]LogBlueprintUserMessages: [LeapCollisionCharacter_C_2] Hello
[2016.02.22-10.15.04:642][782]LogBlueprintUserMessages: [LeapCollisionCharacter_C_2] Hello
[2016.02.22-10.15.04:651][783]LogBlueprintUserMessages: [LeapCollisionCharacter_C_2] Hello
[2016.02.22-10.15.13:006][769]LogBlueprintUserMessages: Early EndPlayMap Detection: Level '/Game/MyFirstLevel.MyFirstLevel:PersistentLevel' has LevelScriptBlueprint '/Game/MyFirstLevel.MyFirstLevel:PersistentLevel.MyFirstLevel' with GeneratedClass '/Game/MyFirstLevel.MyFirstLevel_C' with ClassGeneratedBy '/Game/MyFirstLevel.MyFirstLevel:PersistentLevel.MyFirstLevel'
[2016.02.22-10.15.13:013][769]LeapPluginLog: LeapController::CleanupEventData Delete Called
[2016.02.22-10.15.13:123][769]LogBlueprintUserMessages: Late EndPlayMap Detection: Level '/Game/MyFirstLevel.MyFirstLevel:PersistentLevel' has LevelScriptBlueprint '/Game/MyFirstLevel.MyFirstLevel:PersistentLevel.MyFirstLevel' with GeneratedClass '/Game/MyFirstLevel.MyFirstLevel_C' with ClassGeneratedBy '/Game/MyFirstLevel.MyFirstLevel:PersistentLevel.MyFirstLevel'
[2016.02.22-10.15.13:156][769]LogParticles: Destroying 0 GPU particle simulations for FXSystem 0x0000000D9F5FC860
[2016.02.22-10.15.13:193][770]LeapPluginLog: InterfaceObject: LeapAnimBodyConnector_C_7
[2016.02.22-10.15.13:193][770]LeapPluginLog:Warning: Warning! More than one (4) Leap Controller Component detected! Duplication of work and output may result (inefficiency warning).
[2016.02.22-10.15.13:195][770]LeapPluginLog: InterfaceObject: LeapAnimBodyConnector_C_8
[2016.02.22-10.15.13:195][770]LeapPluginLog:Warning: Warning! More than one (5) Leap Controller Component detected! Duplication of work and output may result (inefficiency warning).
[2016.02.22-10.15.13:197][770]LeapPluginLog: InterfaceObject: LeapAnimBodyConnector_C_9
[2016.02.22-10.15.13:197][770]LeapPluginLog:Warning: Warning! More than one (6) Leap Controller Component detected! Duplication of work and output may result (inefficiency warning).
[2016.02.22-10.15.26:159][473]LogBlueprintUserMessages: Early PlayInEditor Detection: Level '/Game/MyFirstLevel.MyFirstLevel:PersistentLevel' has LevelScriptBlueprint '/Game/MyFirstLevel.MyFirstLevel:PersistentLevel.MyFirstLevel' with GeneratedClass '/Game/MyFirstLevel.MyFirstLevel_C' with ClassGeneratedBy '/Game/MyFirstLevel.MyFirstLevel:PersistentLevel.MyFirstLevel'
[2016.02.22-10.15.26:159][473]LogPlayLevel: PlayLevel: No blueprints needed recompiling
[2016.02.22-10.15.26:159][473]PIE: New page: PIE session: MyFirstLevel (Feb 22, 2016, 12:15:26 PM)
[2016.02.22-10.15.26:160][473]LogPlayLevel: Creating play world package: /Game/UEDPIE_0_MyFirstLevel
[2016.02.22-10.15.26:168][473]LogPlayLevel: PIE: StaticDuplicateObject took: (0.008669s)
[2016.02.22-10.15.26:169][473]LogAIModule: Creating AISystem for world MyFirstLevel
[2016.02.22-10.15.26:169][473]LogPlayLevel: PIE: World Init took: (0.000523s)
[2016.02.22-10.15.26:169][473]LogPlayLevel: PIE: Created PIE world by copying editor world from /Game/MyFirstLevel.MyFirstLevel to /Game/UEDPIE_0_MyFirstLevel.MyFirstLevel (0.009383s)
[2016.02.22-10.15.26:169][473]LogActorComponent: UnregisterComponent: (/Engine/Transient.CharMoveComp) Not registered. Aborting.
[2016.02.22-10.15.26:169][473]LogActorComponent: UnregisterComponent: (/Engine/Transient.CharacterMovementComponent_3) Not registered. Aborting.
[2016.02.22-10.15.26:169][473]LogActorComponent: UnregisterComponent: (/Engine/Transient.KinectInterface_GEN_VARIABLE) Not registered. Aborting.
[2016.02.22-10.15.26:169][473]LogActorComponent: UnregisterComponent: (/Engine/Transient.CharacterMovementComponent_4) Not registered. Aborting.
[2016.02.22-10.15.26:210][473]LogInit: XAudio2 using 'Speakers (Realtek High Definition Audio)' : 2 channels at 48 kHz using 32 bits per sample (channel mask 0x3)
[2016.02.22-10.15.26:216][473]LogInit: FAudioDevice initialized.
[2016.02.22-10.15.26:256][473]LogWorld: Game class is 'BP_TheBeginningGameMode_C'
[2016.02.22-10.15.26:271][473]LogWorld: Bringing World /Game/UEDPIE_0_MyFirstLevel.MyFirstLevel up for play (max tick rate 0) at 2016.02.22-11.15.26
[2016.02.22-10.15.26:271][473]LogActor:Warning: GameSession /Game/UEDPIE_0_MyFirstLevel.MyFirstLevel:PersistentLevel.GameSession_2 has natively added scene component(s), but none of them were set as the actor's RootComponent - picking one arbitrarily
[2016.02.22-10.15.26:271][473]LogActor:Warning: GameNetworkManager /Game/UEDPIE_0_MyFirstLevel.MyFirstLevel:PersistentLevel.GameNetworkManager_2 has natively added scene component(s), but none of them were set as the actor's RootComponent - picking one arbitrarily
[2016.02.22-10.15.26:273][473]LogWorld: Bringing up level for play took: 0.015288
[2016.02.22-10.15.26:277][473]LeapPluginLog: InterfaceObject: LeapAnimBodyConnector_C_10
[2016.02.22-10.15.26:277][473]LeapPluginLog:Warning: Warning! More than one (7) Leap Controller Component detected! Duplication of work and output may result (inefficiency warning).
[2016.02.22-10.15.26:293][473]PIE: Info Play in editor start time for /Game/UEDPIE_0_MyFirstLevel 1.079
[2016.02.22-10.15.26:293][473]LogBlueprintUserMessages: Late PlayInEditor Detection: Level '/Game/MyFirstLevel.MyFirstLevel:PersistentLevel' has LevelScriptBlueprint '/Game/MyFirstLevel.MyFirstLevel:PersistentLevel.MyFirstLevel' with GeneratedClass '/Game/MyFirstLevel.MyFirstLevel_C' with ClassGeneratedBy '/Game/MyFirstLevel.MyFirstLevel:PersistentLevel.MyFirstLevel'
[2016.02.22-10.15.27:664][631]LogBlueprintUserMessages: [LeapCollisionCharacter_C_3] Hello
[2016.02.22-10.15.27:672][632]LogBlueprintUserMessages: [LeapCollisionCharacter_C_3] Hello
[2016.02.22-10.15.27:680][633]LogBlueprintUserMessages: [LeapCollisionCharacter_C_3] Hello
[2016.02.22-10.15.27:689][634]LogBlueprintUserMessages: [LeapCollisionCharacter_C_3] Hello
[2016.02.22-10.15.27:697][635]LogBlueprintUserMessages: [LeapCollisionCharacter_C_3] Hello
[2016.02.22-10.15.27:705][636]LogBlueprintUserMessages: [LeapCollisionCharacter_C_3] Hello
[2016.02.22-10.15.27:714][637]LogBlueprintUserMessages: [LeapCollisionCharacter_C_3] Hello
[2016.02.22-10.15.27:723][638]LogBlueprintUserMessages: [LeapCollisionCharacter_C_3] Hello
[2016.02.22-10.15.27:731][639]LogBlueprintUserMessages: [LeapCollisionCharacter_C_3] Hello
[2016.02.22-10.15.27:740][640]LogBlueprintUserMessages: [LeapCollisionCharacter_C_3] Hello
[2016.02.22-10.15.27:749][641]LogBlueprintUserMessages: [LeapCollisionCharacter_C_3] Hello
[2016.02.22-10.15.27:758][642]LogBlueprintUserMessages: [LeapCollisionCharacter_C_3] Hello
[2016.02.22-10.15.27:975][642]LogCrashTracker: 


[2016.02.22-10.15.27:975][642]LogCrashTracker: 


[2016.02.22-10.15.27:975][642]LogWindows: === Critical error: ===


[2016.02.22-10.15.28:084][642]LogExit: Executing StaticShutdownAfterError
[2016.02.22-10.15.28:090][642]LogOutputDevice:Warning: 

Script Stack:
PickUpItem.Prox
LeapCollisionCharacter_C.ExecuteUbergraph_LeapCollisionCharacter
LeapCollisionCharacter_C.ReceiveTick

[2016.02.22-10.15.28:093][642]LogPhysics:Warning: PHYSX: ..\..\PhysX\src\NpScene.cpp (2946) 8 : PxScene::unlockWrite() called without matching call to PxScene::lockWrite(), behaviour will be undefined.
[2016.02.22-10.15.28:093][642]LogPhysics:Warning: PHYSX: ..\..\PhysX\src\NpScene.cpp (2946) 8 : PxScene::unlockWrite() called without matching call to PxScene::lockWrite(), behaviour will be undefined.
[2016.02.22-10.15.28:093][642]LogPhysics:Warning: PHYSX: ..\..\PhysX\src\NpScene.cpp (2946) 8 : PxScene::unlockWrite() called without matching call to PxScene::lockWrite(), behaviour will be undefined.
[2016.02.22-10.15.28:093][642]LogPhysics:Warning: PHYSX: ..\..\PhysX\src\NpScene.cpp (2946) 8 : PxScene::unlockWrite() called without matching call to PxScene::lockWrite(), behaviour will be undefined.
[2016.02.22-10.15.28:093][642]LogWindows: FPlatformMisc::RequestExit(1)
[2016.02.22-10.15.28:093][642]Log file closed, 02/22/16 11:15:28
