[2016.01.29-10.12.31:186][  0]Log file open, 01/29/16 11:12:31
[2016.01.29-10.12.31:186][  0]LogInit:Display: Running engine for game: TheBeginning
[2016.01.29-10.12.31:186][  0]LogInit:Display: RandInit(-392953781) SRandInit(-392953780).
[2016.01.29-10.12.31:186][  0]LogTaskGraph: Started task graph with 4 named threads and 7 total threads.
[2016.01.29-10.12.31:186][  0]LogStats: Stats thread started at 0.064416
[2016.01.29-10.12.31:186][  0]LogInit: Version: 4.9.2-2707645+++depot+UE4-Releases+4.9
[2016.01.29-10.12.31:186][  0]LogInit: API Version: 2672455
[2016.01.29-10.12.31:186][  0]LogInit: Compiled (64-bit): Sep 28 2015 10:25:44
[2016.01.29-10.12.31:186][  0]LogInit: Compiled with Visual C++: 18.00.21005.01
[2016.01.29-10.12.31:186][  0]LogInit: Build Configuration: Development
[2016.01.29-10.12.31:186][  0]LogInit: Branch Name: ++depot+UE4-Releases+4.9
[2016.01.29-10.12.31:186][  0]LogInit: Command line:  
[2016.01.29-10.12.31:186][  0]LogInit: Base directory: D:/Programme/Epic Games/4.9/Engine/Binaries/Win64/
[2016.01.29-10.12.31:186][  0]LogInit: Rocket: 1
[2016.01.29-10.12.31:191][  0]LogInit: Using libcurl 7.41.0
[2016.01.29-10.12.31:191][  0]LogInit:  - built for x86_64-pc-win32
[2016.01.29-10.12.31:191][  0]LogInit:  - supports SSL with WinSSL
[2016.01.29-10.12.31:191][  0]LogInit:  - other features:
[2016.01.29-10.12.31:191][  0]LogInit:      CURL_VERSION_SSL
[2016.01.29-10.12.31:191][  0]LogInit:      CURL_VERSION_IPV6
[2016.01.29-10.12.31:191][  0]LogInit:      CURL_VERSION_ASYNCHDNS
[2016.01.29-10.12.31:191][  0]LogInit:      CURL_VERSION_LARGEFILE
[2016.01.29-10.12.31:191][  0]LogInit:      CURL_VERSION_IDN
[2016.01.29-10.12.31:191][  0]LogInit:  CurlRequestOptions (configurable via config and command line):
[2016.01.29-10.12.31:191][  0]LogInit:  - bVerifyPeer = true  - Libcurl will verify peer certificate
[2016.01.29-10.12.31:191][  0]LogInit:  - bUseHttpProxy = false  - Libcurl will NOT use HTTP proxy
[2016.01.29-10.12.31:191][  0]LogInit:  - bDontReuseConnections = false  - Libcurl will reuse connections
[2016.01.29-10.12.31:191][  0]LogInit:  - CertBundlePath = nullptr  - Libcurl will use whatever was configured at build time.
[2016.01.29-10.12.31:195][  0]LogInit: Presizing for 0 objects not considered by GC, pre-allocating 0 bytes.
[2016.01.29-10.12.31:200][  0]LogInit: Object subsystem initialized
[2016.01.29-10.12.31:202][  0]LogInit: Selected Device Profile: [Windows]
[2016.01.29-10.12.31:202][  0]LogInit: Applying CVar settings loaded from the selected device profile: [Windows]
[2016.01.29-10.12.31:209][  0]LogInit: Computer: PC1021500895
[2016.01.29-10.12.31:209][  0]LogInit: User: VR
[2016.01.29-10.12.31:209][  0]LogInit: CPU Page size=4096, Cores=4
[2016.01.29-10.12.31:209][  0]LogInit: High frequency timer resolution =3.507505 MHz
[2016.01.29-10.12.31:209][  0]LogMemory: Memory total: Physical=15.9GB (16GB approx)
[2016.01.29-10.12.31:209][  0]LogMemory: Platform Memory Stats for Windows
[2016.01.29-10.12.31:209][  0]LogMemory: Process Physical Memory: 52.60 MB used, 52.60 MB peak
[2016.01.29-10.12.31:209][  0]LogMemory: Process Virtual Memory: 55.16 MB used, 55.16 MB peak
[2016.01.29-10.12.31:209][  0]LogMemory: Physical Memory: 5219.64 MB used, 16261.17 MB total
[2016.01.29-10.12.31:209][  0]LogMemory: Virtual Memory: 349.54 MB used, 134217728.00 MB total
[2016.01.29-10.12.31:234][  0]LogTextLocalizationManager: No translations for ('de-DE') exist, falling back to 'en' for localization and internationalization data.
[2016.01.29-10.12.31:882][  0]LogD3D11RHI: Found D3D11 adapter 0: NVIDIA GeForce GTX 970 (Feature Level 11_0)
[2016.01.29-10.12.31:882][  0]LogD3D11RHI: Adapter has 3976MB of dedicated video memory, 0MB of dedicated system memory, and 8130MB of shared system memory, 1 output[s]
[2016.01.29-10.12.31:883][  0]LogD3D11RHI: Found D3D11 adapter 1: Microsoft Basic Render Driver (Feature Level 11_0)
[2016.01.29-10.12.31:883][  0]LogD3D11RHI: Adapter has 0MB of dedicated video memory, 0MB of dedicated system memory, and 256MB of shared system memory, 0 output[s]
[2016.01.29-10.12.31:883][  0]LogD3D11RHI: Chosen D3D11 Adapter Id = 0
[2016.01.29-10.12.31:886][  0]LogD3D11RHI: !Direct3DDevice
[2016.01.29-10.12.31:886][  0]LogRHI: Texture pool is 1361 MB (70% of 1945 MB)
[2016.01.29-10.12.31:895][  0]LogD3D11RHI: Async texture creation enabled
[2016.01.29-10.12.31:912][  0]LogShaderCompilers: Guid format shader working directory is 15 characters bigger than the processId version (../../../../../../UnrealProjects/GE_Project/Intermediate/Shaders/WorkingDirectory/2184/).
[2016.01.29-10.12.31:912][  0]LogShaderCompilers: Cleaned the shader compiler working directory '../../../../../../UnrealProjects/GE_Project/Intermediate/Shaders/tmp/40DB2093408663D3E4B7E2AF1B3C1125/'.
[2016.01.29-10.12.31:912][  0]LogShaderCompilers:Display: Using Local Shader Compiler.
[2016.01.29-10.12.32:661][  0]LogTemp:Display: Loaded TP AllDesktopTargetPlatform
[2016.01.29-10.12.32:665][  0]LogTemp:Display: Loaded TP WindowsClientTargetPlatform
[2016.01.29-10.12.32:668][  0]LogTemp:Display: Loaded TP WindowsNoEditorTargetPlatform
[2016.01.29-10.12.32:671][  0]LogTemp:Display: Loaded TP WindowsServerTargetPlatform
[2016.01.29-10.12.32:674][  0]LogTemp:Display: Loaded TP WindowsTargetPlatform
[2016.01.29-10.12.32:677][  0]LogTemp:Display: Loaded TP AndroidTargetPlatform
[2016.01.29-10.12.32:679][  0]LogTemp:Display: Loaded TP Android_ASTCTargetPlatform
[2016.01.29-10.12.32:681][  0]LogTemp:Display: Loaded TP Android_ATCTargetPlatform
[2016.01.29-10.12.32:683][  0]LogTemp:Display: Loaded TP Android_DXTTargetPlatform
[2016.01.29-10.12.32:686][  0]LogTemp:Display: Loaded TP Android_ETC1TargetPlatform
[2016.01.29-10.12.32:688][  0]LogTemp:Display: Loaded TP Android_ETC2TargetPlatform
[2016.01.29-10.12.32:690][  0]LogTemp:Display: Loaded TP Android_PVRTCTargetPlatform
[2016.01.29-10.12.32:691][  0]LogTemp:Display: Loaded TP HTML5TargetPlatform
[2016.01.29-10.12.32:706][  0]LogTemp:Display: Loaded TP IOSTargetPlatform
[2016.01.29-10.12.32:708][  0]LogTemp:Display: Loaded TP LinuxNoEditorTargetPlatform
[2016.01.29-10.12.32:711][  0]LogTemp:Display: Loaded TP LinuxServerTargetPlatform
[2016.01.29-10.12.32:713][  0]LogTemp:Display: Loaded TP LinuxTargetPlatform
[2016.01.29-10.12.32:713][  0]LogTargetPlatformManager:Display: Building Assets For Windows
[2016.01.29-10.12.32:762][  0]LogDerivedDataCache:Display: Max Cache Size: 512 MB
[2016.01.29-10.12.32:797][  0]LogDerivedDataCache: Loaded boot cache 0.04s 41MB C:/Users/VR/AppData/Local/UnrealEngine/4.9/DerivedDataCache/Boot.ddc.
[2016.01.29-10.12.32:797][  0]LogDerivedDataCache:Display: Loaded Boot cache: C:/Users/VR/AppData/Local/UnrealEngine/4.9/DerivedDataCache/Boot.ddc
[2016.01.29-10.12.32:797][  0]LogDerivedDataCache: FDerivedDataBackendGraph:  Pak pak cache file ../../../../../../UnrealProjects/GE_Project/DerivedDataCache/DDC.ddp not found, will not use a pak cache.
[2016.01.29-10.12.32:797][  0]LogDerivedDataCache: Unable to find inner node Pak for hierarchical cache Hierarchy.
[2016.01.29-10.12.32:797][  0]LogDerivedDataCache: FDerivedDataBackendGraph:  CompressedPak pak cache file ../../../../../../UnrealProjects/GE_Project/DerivedDataCache/Compressed.ddp not found, will not use a pak cache.
[2016.01.29-10.12.32:797][  0]LogDerivedDataCache: Unable to find inner node CompressedPak for hierarchical cache Hierarchy.
[2016.01.29-10.12.32:907][  0]LogDerivedDataCache:Display: Pak cache opened for reading ../../../Engine/DerivedDataCache/Compressed.ddp.
[2016.01.29-10.12.32:919][  0]LogDerivedDataCache: Using Local data cache path C:/Users/VR/AppData/Local/UnrealEngine/Common/DerivedDataCache: Writable
[2016.01.29-10.12.33:043][  0]LogInit: Selected Device Profile: [Windows]
[2016.01.29-10.12.33:045][  0]LogContentStreaming: Texture pool size is 0.000000MB
[2016.01.29-10.12.33:129][  0]LogMeshUtilities: No automatic mesh reduction module available
[2016.01.29-10.12.33:129][  0]LogMeshUtilities: No automatic mesh merging module available
[2016.01.29-10.12.33:303][  0]LogInit: WinSock: version 1.1 (2.2), MaxSocks=32767, MaxUdp=65467
[2016.01.29-10.12.33:801][  0]UdpMessaging: Initializing bridge on interface 0.0.0.0:0 to multicast group 230.0.0.1:6666.
[2016.01.29-10.12.33:917][  0]LogAssetRegistry: FAssetRegistry took 0.0111 seconds to start up
[2016.01.29-10.12.34:025][  0]SourceControl: Info Source control is disabled
[2016.01.29-10.12.34:031][  0]SourceControl: Info Source control is disabled
[2016.01.29-10.12.34:036][  0]SourceControl: Info Source control is disabled
[2016.01.29-10.12.34:041][  0]SourceControl: Info Source control is disabled
[2016.01.29-10.12.34:119][  0]LogLinker:Warning: Asset '../../../Engine/Plugins/Runtime/LeapMotionController/Content/LM_PassthroughMaterial.uasset' has been saved with empty engine version. The asset will be loaded but may be incompatible.
[2016.01.29-10.12.34:164][  0]LeapPluginLog: Using LeapPlugin version 0.9.6
[2016.01.29-10.12.34:168][  0]LogObj: 29249 objects as part of root set at end of initial load.
[2016.01.29-10.12.34:168][  0]LogUObjectAllocator: 6234272 out of 0 bytes used by permanent object pool.
[2016.01.29-10.12.34:212][  0]LogEngine: Initializing Engine...
[2016.01.29-10.12.34:213][  0]LogHMD: Can't find Oculus library dev build: is proper Runtime installed? Version: 0.7.0.0
[2016.01.29-10.12.34:627][  0]LogHMD: SteamVR initialized.  Driver: oculus  Display: 207KGV03FJGR
[2016.01.29-10.12.34:731][  0]LogAIModule: Creating AISystem for world NewWorld
[2016.01.29-10.12.34:734][  0]LogInit: XAudio2 using 'HP E221c-8 (NVIDIA High Definition Audio)' : 2 channels at 48 kHz using 16 bits per sample (channel mask 0x3)
[2016.01.29-10.12.34:742][  0]LogInit: FAudioDevice initialized.
[2016.01.29-10.12.34:760][  0]LogDerivedDataCache: Saved boot cache 0.02s 41MB C:/Users/VR/AppData/Local/UnrealEngine/4.9/DerivedDataCache/Boot.ddc.
[2016.01.29-10.12.34:764][  0]LogInit: Texture streaming: Enabled
[2016.01.29-10.12.34:767][  0]LogAnalytics: Creating configured Analytics provider AnalyticsET
[2016.01.29-10.12.34:767][  0]LogAnalytics: [UEEditor.Rocket.Release] APIServer = http://et2.epicgames.com/ET2/. AppVersion = 4.9.2-2707645+++depot+UE4-Releases+4.9
[2016.01.29-10.12.34:767][  0]LogAnalytics: [UEEditor.Rocket.Release] SetUserId 8c1436b7469470d4e6ebefb46ce7086e|15a5252fe37a4825a673547b0b937ab6|c39e7128-8a93-45bc-b94e-b28d0faf1958
[2016.01.29-10.12.34:767][  0]LogAnalytics: [UEEditor.Rocket.Release] AnalyticsET::StartSession
[2016.01.29-10.12.34:776][  0]LogWindowsTextInputMethodSystem:Display: IME system now deactivated.
[2016.01.29-10.12.34:786][  0]LogInit: Transaction tracking system initialized
[2016.01.29-10.12.34:803][  0]BlueprintLog: New page: Editor Load
[2016.01.29-10.12.34:849][  0]LocalizationService: Info Localization service is disabled
[2016.01.29-10.12.34:893][  0]LogLinker:Warning: Can't find file '/Game/FirstPersonBP/FirstPersonOverview'
[2016.01.29-10.12.34:893][  0]LogLinker:Warning: Can't find file '/Game/FirstPersonBP/FirstPersonOverview'
[2016.01.29-10.12.34:893][  0]LogUObjectGlobals:Warning: Failed to find object 'Class /Game/FirstPersonBP/FirstPersonOverview.FirstPersonOverview_C'
[2016.01.29-10.12.34:900][  0]LogConsoleResponse:Display: 
[2016.01.29-10.12.34:991][  0]LogCook:Display: Done creating registry. It took  0.00s.
[2016.01.29-10.12.35:028][  0]LogFileCache: Scanning file cache for directory 'D:/UnrealProjects/GE_Project/Content/' took 0.01s
[2016.01.29-10.12.35:028][  0]SourceControl: Info Source control is disabled
[2016.01.29-10.12.35:028][  0]Cmd: MAP LOAD FILE="../../../../../../UnrealProjects/GE_Project/Content/StarterContent/Maps/Minimal_Default.umap" TEMPLATE=0 SHOWPROGRESS=1 FEATURELEVEL=3
[2016.01.29-10.12.35:028][  0]LightingResults: New page: Lighting Build
[2016.01.29-10.12.35:031][  0]MapCheck: New page: Map Check
[2016.01.29-10.12.35:031][  0]LightingResults: New page: Lighting Build
[2016.01.29-10.12.35:041][  0]LogParticles: Destroying 0 GPU particle simulations for FXSystem 0x000000E6556EBCE0
[2016.01.29-10.12.35:359][  0]LogAIModule: Creating AISystem for world Minimal_Default
[2016.01.29-10.12.35:364][  0]LogEditorServer: Finished looking for orphan Actors (0.000 secs)
[2016.01.29-10.12.35:365][  0]Cmd: MAP CHECKDEP NOCLEARLOG
[2016.01.29-10.12.35:401][  0]MapCheck: Info Map check complete: 0 Error(s), 0 Warning(s), took 35.738ms to complete.
[2016.01.29-10.12.35:401][  0]LogFileHelpers: Loading map 'Minimal_Default' took 0.372
[2016.01.29-10.12.35:493][  0]LogCollectionManager: Loaded 0 collections in 0.001130 seconds
[2016.01.29-10.12.35:533][  0]LogFileCache: Scanning file cache for directory 'D:/UnrealProjects/GE_Project/Saved/Collections/' took 0.01s
[2016.01.29-10.12.35:533][  0]LogFileCache: Scanning file cache for directory 'D:/UnrealProjects/GE_Project/Content/Developers/VR/Collections/' took 0.01s
[2016.01.29-10.12.35:533][  0]LogFileCache: Scanning file cache for directory 'D:/UnrealProjects/GE_Project/Content/Collections/' took 0.01s
[2016.01.29-10.12.35:533][  0]LogContentBrowser: Native class hierarchy populated in 0.0063 seconds. Added 1918 classes and 347 folders.
[2016.01.29-10.12.35:537][  0]LogCollectionManager: Rebuilt the GUID cache for 0 collections in 0.000002 seconds
[2016.01.29-10.12.35:541][  0]LogContentBrowser: Native class hierarchy updated for 'WidgetCarousel' in 0.0008 seconds. Added 0 classes and 0 folders.
[2016.01.29-10.12.35:571][  0]LogContentBrowser: Native class hierarchy updated for 'AddContentDialog' in 0.0008 seconds. Added 0 classes and 0 folders.
[2016.01.29-10.12.35:574][  0]LogContentBrowser: Native class hierarchy updated for 'SceneOutliner' in 0.0007 seconds. Added 1 classes and 2 folders.
[2016.01.29-10.12.35:620][  0]LogCrashTracker: Crashtracker disabled due to settings.
[2016.01.29-10.12.35:624][  0]LogUObjectGlobals:Warning: Failed to find object 'Class None.'
[2016.01.29-10.12.35:647][  0]LogLoad: Full Startup: 5.04 seconds (BP compile: 0.03 seconds)
[2016.01.29-10.12.35:710][  0]LogContentStreaming: Texture pool size now 1000 MB
[2016.01.29-10.12.35:820][  0]LogRenderer: Reallocating scene render targets to support 1216x576 (Frame:2).
[2016.01.29-10.12.36:672][  3]LogAssetRegistry: Asset discovery search completed in 2.7666 seconds
[2016.01.29-10.12.36:672][  3]LogCollectionManager: Rebuilt the object cache for 0 collections in 0.000000 seconds (found 0 objects)
[2016.01.29-10.12.36:672][  3]LogCollectionManager: Fixed up redirectors for 0 collections in 0.000015 seconds (updated 0 objects)
[2016.01.29-10.12.45:894][931]Cmd: MAP LOAD FILE="../../../../../../UnrealProjects/GE_Project/Content/MyFirstLevel.umap" TEMPLATE=0 SHOWPROGRESS=1 FEATURELEVEL=3
[2016.01.29-10.12.45:914][931]LightingResults: New page: Lighting Build
[2016.01.29-10.12.45:926][931]LoadErrors: New page: Loading map: MyFirstLevel.umap
[2016.01.29-10.12.45:926][931]MapCheck: New page: Map Check
[2016.01.29-10.12.45:926][931]LightingResults: New page: Lighting Build
[2016.01.29-10.12.45:935][931]LogParticles: Destroying 0 GPU particle simulations for FXSystem 0x000000E63C3A7420
[2016.01.29-10.12.46:006][931]LogBlueprint:Warning: [compiler Ue4ASP_Character] Warning Input Axis Event references unknown Axis 'LookUp' for  InputAxis LookUp 
[2016.01.29-10.12.46:006][931]LogBlueprint:Warning: [compiler Ue4ASP_Character] Warning Input Axis Event references unknown Axis 'Turn' for  InputAxis Turn 
[2016.01.29-10.12.46:006][931]LogBlueprint:Warning: [compiler Ue4ASP_Character] Warning Input Axis Event references unknown Axis 'MoveRight' for  InputAxis MoveRight 
[2016.01.29-10.12.46:006][931]LogBlueprint:Warning: [compiler Ue4ASP_Character] Warning Input Axis Event references unknown Axis 'MoveForward' for  InputAxis MoveForward 
[2016.01.29-10.12.46:008][931]LogBlueprint:Warning: [compiler Ue4ASP_Character] Warning [0015.40] Compile of Ue4ASP_Character successful, but with 4 Warning(s) [in 7 ms]
[2016.01.29-10.12.46:008][931]LogBlueprint:Warning: [compiler Ue4ASP_Character] Warning [0015.40] Compile of Ue4ASP_Character successful, but with 5 Warning(s) [in 0 ms]
[2016.01.29-10.12.46:008][931]LogBlueprint:Warning: [compiler Ue4ASP_Character] Warning [0015.40] Compile of Ue4ASP_Character successful, but with 6 Warning(s) [in 0 ms]
[2016.01.29-10.12.46:062][931]LogBlueprint:Warning: [compiler Ue4ASP_Character] Warning Input Axis Event references unknown Axis 'LookUp' for  InputAxis LookUp 
[2016.01.29-10.12.46:062][931]LogBlueprint:Warning: [compiler Ue4ASP_Character] Warning Input Axis Event references unknown Axis 'Turn' for  InputAxis Turn 
[2016.01.29-10.12.46:062][931]LogBlueprint:Warning: [compiler Ue4ASP_Character] Warning Input Axis Event references unknown Axis 'MoveRight' for  InputAxis MoveRight 
[2016.01.29-10.12.46:062][931]LogBlueprint:Warning: [compiler Ue4ASP_Character] Warning Input Axis Event references unknown Axis 'MoveForward' for  InputAxis MoveForward 
[2016.01.29-10.12.46:064][931]LogBlueprint:Warning: [compiler Ue4ASP_Character] Warning [0015.46] Compile of Ue4ASP_Character successful, but with 4 Warning(s) [in 5 ms]
[2016.01.29-10.12.46:064][931]LogBlueprint:Warning: [compiler Ue4ASP_Character] Warning [0015.46] Compile of Ue4ASP_Character successful, but with 5 Warning(s) [in 0 ms]
[2016.01.29-10.12.46:065][931]LogBlueprint:Warning: [compiler Ue4ASP_Character] Warning [0015.46] Compile of Ue4ASP_Character successful, but with 6 Warning(s) [in 0 ms]
[2016.01.29-10.12.46:251][931]LogAIModule: Creating AISystem for world MyFirstLevel
[2016.01.29-10.12.46:315][931]LogEditorServer: Finished looking for orphan Actors (0.000 secs)
[2016.01.29-10.12.46:354][931]Cmd: MAP CHECKDEP NOCLEARLOG
[2016.01.29-10.12.46:396][931]MapCheck: Info Map check complete: 0 Error(s), 0 Warning(s), took 41.779ms to complete.
[2016.01.29-10.12.46:396][931]LogFileHelpers: Loading map 'MyFirstLevel' took 0.504
[2016.01.29-10.12.46:422][932]Cmd: UpdateLandscapeEditorData -warnings
[2016.01.29-10.12.50:351][392]LogPlayLevel: PlayLevel: No blueprints needed recompiling
[2016.01.29-10.12.50:351][392]PIE: New page: PIE session: MyFirstLevel (Jan 29, 2016, 12:12:50 PM)
[2016.01.29-10.12.50:351][392]LogPlayLevel: Creating play world package: /Game/UEDPIE_0_MyFirstLevel
[2016.01.29-10.12.50:361][392]LogPlayLevel: PIE: StaticDuplicateObject took: (0.009728s)
[2016.01.29-10.12.50:361][392]LogAIModule: Creating AISystem for world MyFirstLevel
[2016.01.29-10.12.50:361][392]LogPlayLevel: PIE: World Init took: (0.000504s)
[2016.01.29-10.12.50:361][392]LogPlayLevel: PIE: Created PIE world by copying editor world from /Game/MyFirstLevel.MyFirstLevel to /Game/UEDPIE_0_MyFirstLevel.MyFirstLevel (0.010392s)
[2016.01.29-10.12.50:361][392]LogActorComponent: UnregisterComponent: (/Engine/Transient.CharMoveComp) Not registered. Aborting.
[2016.01.29-10.12.50:380][392]LogInit: XAudio2 using 'HP E221c-8 (NVIDIA High Definition Audio)' : 2 channels at 48 kHz using 16 bits per sample (channel mask 0x3)
[2016.01.29-10.12.50:383][392]LogInit: FAudioDevice initialized.
[2016.01.29-10.12.50:544][392]LogWorld: Game class is 'BP_TheBeginningGameMode_C'
[2016.01.29-10.12.50:557][392]LogWorld: Bringing World /Game/UEDPIE_0_MyFirstLevel.MyFirstLevel up for play (max tick rate 0) at 2016.01.29-11.12.50
[2016.01.29-10.12.50:557][392]LogActor:Warning: GameSession /Game/UEDPIE_0_MyFirstLevel.MyFirstLevel:PersistentLevel.GameSession_0 has natively added scene component(s), but none of them were set as the actor's RootComponent - picking one arbitrarily
[2016.01.29-10.12.50:557][392]LogActor:Warning: GameNetworkManager /Game/UEDPIE_0_MyFirstLevel.MyFirstLevel:PersistentLevel.GameNetworkManager_0 has natively added scene component(s), but none of them were set as the actor's RootComponent - picking one arbitrarily
[2016.01.29-10.12.50:558][392]LogWorld: Bringing up level for play took: 0.013105
[2016.01.29-10.12.50:610][392]PIE: Info Play in editor start time for /Game/UEDPIE_0_MyFirstLevel -0.524
[2016.01.29-10.12.50:615][393]LogRenderer: Reallocating scene render targets to support 2600x1464 (Frame:17).
[2016.01.29-10.12.50:629][394]LogRenderTargetPool:Warning: r.RenderTargetPoolMin exceeded 430/400 MB (ok in editor, bad on fixed memory platform)
[2016.01.29-10.13.05:722][956]LogActorComponent: UnregisterComponent: (/Engine/Transient.CharMoveComp) Not registered. Aborting.
[2016.01.29-10.13.05:722][956]LogActorComponent: UnregisterComponent: (/Engine/Transient.KinectInterface_GEN_VARIABLE) Not registered. Aborting.
[2016.01.29-10.13.05:744][956]LogParticles: Destroying 0 GPU particle simulations for FXSystem 0x000000E66233C7C0
[2016.01.29-10.13.08:407][267]LogPlayLevel: PlayLevel: No blueprints needed recompiling
[2016.01.29-10.13.08:407][267]PIE: New page: PIE session: MyFirstLevel (Jan 29, 2016, 12:13:08 PM)
[2016.01.29-10.13.08:407][267]LogPlayLevel: Creating play world package: /Game/UEDPIE_0_MyFirstLevel
[2016.01.29-10.13.08:417][267]LogPlayLevel: PIE: StaticDuplicateObject took: (0.009764s)
[2016.01.29-10.13.08:418][267]LogAIModule: Creating AISystem for world MyFirstLevel
[2016.01.29-10.13.08:418][267]LogPlayLevel: PIE: World Init took: (0.000482s)
[2016.01.29-10.13.08:418][267]LogPlayLevel: PIE: Created PIE world by copying editor world from /Game/MyFirstLevel.MyFirstLevel to /Game/UEDPIE_0_MyFirstLevel.MyFirstLevel (0.010393s)
[2016.01.29-10.13.08:429][267]LogInit: XAudio2 using 'HP E221c-8 (NVIDIA High Definition Audio)' : 2 channels at 48 kHz using 16 bits per sample (channel mask 0x3)
[2016.01.29-10.13.08:432][267]LogInit: FAudioDevice initialized.
[2016.01.29-10.13.08:467][267]LogWorld: Game class is 'BP_TheBeginningGameMode_C'
[2016.01.29-10.13.08:479][267]LogWorld: Bringing World /Game/UEDPIE_0_MyFirstLevel.MyFirstLevel up for play (max tick rate 0) at 2016.01.29-11.13.08
[2016.01.29-10.13.08:479][267]LogActor:Warning: GameSession /Game/UEDPIE_0_MyFirstLevel.MyFirstLevel:PersistentLevel.GameSession_1 has natively added scene component(s), but none of them were set as the actor's RootComponent - picking one arbitrarily
[2016.01.29-10.13.08:480][267]LogActor:Warning: GameNetworkManager /Game/UEDPIE_0_MyFirstLevel.MyFirstLevel:PersistentLevel.GameNetworkManager_1 has natively added scene component(s), but none of them were set as the actor's RootComponent - picking one arbitrarily
[2016.01.29-10.13.08:480][267]LogWorld: Bringing up level for play took: 0.012845
[2016.01.29-10.13.08:507][267]PIE: Info Play in editor start time for /Game/UEDPIE_0_MyFirstLevel -0.627
[2016.01.29-10.13.08:534][268]LogRenderTargetPool:Warning: r.RenderTargetPoolMin exceeded 606/400 MB (ok in editor, bad on fixed memory platform)
[2016.01.29-10.13.09:606][393]LogRenderTargetPool:Warning: r.RenderTargetPoolMin exceeded 504/400 MB (ok in editor, bad on fixed memory platform)
[2016.01.29-10.13.09:663][394]LogParticles: Destroying 0 GPU particle simulations for FXSystem 0x000000E6711DE480
[2016.01.29-10.13.12:068][667]LogPlayLevel: PlayLevel: No blueprints needed recompiling
[2016.01.29-10.13.12:068][667]PIE: New page: PIE session: MyFirstLevel (Jan 29, 2016, 12:13:12 PM)
[2016.01.29-10.13.12:068][667]LogPlayLevel: Creating play world package: /Game/UEDPIE_0_MyFirstLevel
[2016.01.29-10.13.12:080][667]LogPlayLevel: PIE: StaticDuplicateObject took: (0.012121s)
[2016.01.29-10.13.12:081][667]LogAIModule: Creating AISystem for world MyFirstLevel
[2016.01.29-10.13.12:081][667]LogPlayLevel: PIE: World Init took: (0.000596s)
[2016.01.29-10.13.12:081][667]LogPlayLevel: PIE: Created PIE world by copying editor world from /Game/MyFirstLevel.MyFirstLevel to /Game/UEDPIE_0_MyFirstLevel.MyFirstLevel (0.012918s)
[2016.01.29-10.13.12:095][667]LogInit: XAudio2 using 'HP E221c-8 (NVIDIA High Definition Audio)' : 2 channels at 48 kHz using 16 bits per sample (channel mask 0x3)
[2016.01.29-10.13.12:098][667]LogInit: FAudioDevice initialized.
[2016.01.29-10.13.12:133][667]LogWorld: Game class is 'BP_TheBeginningGameMode_C'
[2016.01.29-10.13.12:146][667]LogWorld: Bringing World /Game/UEDPIE_0_MyFirstLevel.MyFirstLevel up for play (max tick rate 0) at 2016.01.29-11.13.12
[2016.01.29-10.13.12:146][667]LogActor:Warning: GameSession /Game/UEDPIE_0_MyFirstLevel.MyFirstLevel:PersistentLevel.GameSession_2 has natively added scene component(s), but none of them were set as the actor's RootComponent - picking one arbitrarily
[2016.01.29-10.13.12:146][667]LogActor:Warning: GameNetworkManager /Game/UEDPIE_0_MyFirstLevel.MyFirstLevel:PersistentLevel.GameNetworkManager_2 has natively added scene component(s), but none of them were set as the actor's RootComponent - picking one arbitrarily
[2016.01.29-10.13.12:147][667]LogWorld: Bringing up level for play took: 0.012852
[2016.01.29-10.13.12:161][667]PIE: Info Play in editor start time for /Game/UEDPIE_0_MyFirstLevel 1.028
[2016.01.29-10.13.12:183][668]LogRenderTargetPool:Warning: r.RenderTargetPoolMin exceeded 606/400 MB (ok in editor, bad on fixed memory platform)
[2016.01.29-10.13.56:305][712]LogParticles: Destroying 0 GPU particle simulations for FXSystem 0x000000E63F17EC00
[2016.01.29-10.14.11:653][547]LogPlayLevel: PlayLevel: No blueprints needed recompiling
[2016.01.29-10.14.11:653][547]PIE: New page: PIE session: MyFirstLevel (Jan 29, 2016, 12:14:11 PM)
[2016.01.29-10.14.11:653][547]LogPlayLevel: Creating play world package: /Game/UEDPIE_0_MyFirstLevel
[2016.01.29-10.14.11:661][547]LogPlayLevel: PIE: StaticDuplicateObject took: (0.008171s)
[2016.01.29-10.14.11:662][547]LogAIModule: Creating AISystem for world MyFirstLevel
[2016.01.29-10.14.11:662][547]LogPlayLevel: PIE: World Init took: (0.000986s)
[2016.01.29-10.14.11:662][547]LogPlayLevel: PIE: Created PIE world by copying editor world from /Game/MyFirstLevel.MyFirstLevel to /Game/UEDPIE_0_MyFirstLevel.MyFirstLevel (0.009435s)
[2016.01.29-10.14.11:675][547]LogInit: XAudio2 using 'HP E221c-8 (NVIDIA High Definition Audio)' : 2 channels at 48 kHz using 16 bits per sample (channel mask 0x3)
[2016.01.29-10.14.11:678][547]LogInit: FAudioDevice initialized.
[2016.01.29-10.14.11:783][547]LogWorld: Game class is 'BP_TheBeginningGameMode_C'
[2016.01.29-10.14.11:801][547]LogWorld: Bringing World /Game/UEDPIE_0_MyFirstLevel.MyFirstLevel up for play (max tick rate 0) at 2016.01.29-11.14.11
[2016.01.29-10.14.11:801][547]LogActor:Warning: GameSession /Game/UEDPIE_0_MyFirstLevel.MyFirstLevel:PersistentLevel.GameSession_3 has natively added scene component(s), but none of them were set as the actor's RootComponent - picking one arbitrarily
[2016.01.29-10.14.11:801][547]LogActor:Warning: GameNetworkManager /Game/UEDPIE_0_MyFirstLevel.MyFirstLevel:PersistentLevel.GameNetworkManager_3 has natively added scene component(s), but none of them were set as the actor's RootComponent - picking one arbitrarily
[2016.01.29-10.14.11:803][547]LogWorld: Bringing up level for play took: 0.018462
[2016.01.29-10.14.11:856][547]PIE: Info Play in editor start time for /Game/UEDPIE_0_MyFirstLevel 0.722
[2016.01.29-10.14.11:881][549]LogRenderTargetPool:Warning: r.RenderTargetPoolMin exceeded 454/400 MB (ok in editor, bad on fixed memory platform)
[2016.01.29-10.14.18:832][851]LogParticles: Destroying 0 GPU particle simulations for FXSystem 0x000000E6089F8EA0
[2016.01.29-10.14.24:217][476]Cmd: OBJ SAVEPACKAGE PACKAGE="/Game/MyFirstLevel" FILE="../../../../../../UnrealProjects/GE_Project/Saved/Autosaves/Game/UEDPCMyFirstLevel.umap" SILENT=true AUTOSAVING=true KEEPDIRTY=true
[2016.01.29-10.14.24:364][476]LogSavePackage: Save=135.684204ms
[2016.01.29-10.14.24:364][476]LogSavePackage: Moving '../../../../../../UnrealProjects/GE_Project/Saved/UEDPCMyFirstLevelB827D26047076B1C061B7E9C629D7D52.tmp' to '../../../../../../UnrealProjects/GE_Project/Saved/Autosaves/Game/UEDPCMyFirstLevel.umap'
[2016.01.29-10.14.24:365][476]LogSavePackage: Total save time: 146.187957ms
[2016.01.29-10.14.24:365][476]LogSavePackage:Warning: Finished SavePackage ../../../../../../UnrealProjects/GE_Project/Saved/Autosaves/Game/UEDPCMyFirstLevel.umap
[2016.01.29-10.23.54:142][344]LogActorComponent: UnregisterComponent: (/Engine/Transient.CharMoveComp) Not registered. Aborting.
[2016.01.29-10.23.54:142][344]LogActorComponent: UnregisterComponent: (/Engine/Transient.CharacterMovementComponent_0) Not registered. Aborting.
[2016.01.29-10.23.54:142][344]LogActorComponent: UnregisterComponent: (/Engine/Transient.KinectInterface_GEN_VARIABLE) Not registered. Aborting.
[2016.01.29-10.23.54:164][344]Cmd: OBJ SAVEPACKAGE PACKAGE="/Game/MyFirstLevel" FILE="../../../../../../UnrealProjects/GE_Project/Saved/Autosaves/Game/MyFirstLevel_Auto1.umap" SILENT=true AUTOSAVING=true KEEPDIRTY=false
[2016.01.29-10.23.54:324][344]LogSavePackage: Save=147.660233ms
[2016.01.29-10.23.54:324][344]LogSavePackage: Moving '../../../../../../UnrealProjects/GE_Project/Saved/MyFirstLevel_Auto1FF8B66CE4177ACD8E2AA0DB9E983E572.tmp' to '../../../../../../UnrealProjects/GE_Project/Saved/Autosaves/Game/MyFirstLevel_Auto1.umap'
[2016.01.29-10.23.54:324][344]LogSavePackage: Total save time: 157.162711ms
[2016.01.29-10.23.54:324][344]LogSavePackage:Warning: Finished SavePackage ../../../../../../UnrealProjects/GE_Project/Saved/Autosaves/Game/MyFirstLevel_Auto1.umap
[2016.01.29-10.23.54:327][344]LogFileHelpers: Editor autosave (incl. sublevels) for '/Game/MyFirstLevel' took 0.185
[2016.01.29-10.23.54:327][344]LogFileHelpers: Editor autosave (incl. sublevels) for all levels took 0.185
[2016.01.29-10.29.32:965][407]LogPlayLevel: PlayLevel: No blueprints needed recompiling
[2016.01.29-10.29.32:965][407]PIE: New page: PIE session: MyFirstLevel (Jan 29, 2016, 12:29:32 PM)
[2016.01.29-10.29.32:965][407]LogPlayLevel: Creating play world package: /Game/UEDPIE_0_MyFirstLevel
[2016.01.29-10.29.32:973][407]LogPlayLevel: PIE: StaticDuplicateObject took: (0.007735s)
[2016.01.29-10.29.32:974][407]LogAIModule: Creating AISystem for world MyFirstLevel
[2016.01.29-10.29.32:974][407]LogPlayLevel: PIE: World Init took: (0.000645s)
[2016.01.29-10.29.32:974][407]LogPlayLevel: PIE: Created PIE world by copying editor world from /Game/MyFirstLevel.MyFirstLevel to /Game/UEDPIE_0_MyFirstLevel.MyFirstLevel (0.008549s)
[2016.01.29-10.29.32:974][407]LogActorComponent: UnregisterComponent: (/Engine/Transient.CharMoveComp) Not registered. Aborting.
[2016.01.29-10.29.32:974][407]LogActorComponent: UnregisterComponent: (/Engine/Transient.CharacterMovementComponent_1) Not registered. Aborting.
[2016.01.29-10.29.32:974][407]LogActorComponent: UnregisterComponent: (/Engine/Transient.KinectInterface_GEN_VARIABLE) Not registered. Aborting.
[2016.01.29-10.29.32:990][407]LogInit: XAudio2 using 'HP E221c-8 (NVIDIA High Definition Audio)' : 2 channels at 48 kHz using 16 bits per sample (channel mask 0x3)
[2016.01.29-10.29.32:993][407]LogInit: FAudioDevice initialized.
[2016.01.29-10.29.33:085][407]LogWorld: Game class is 'BP_TheBeginningGameMode_C'
[2016.01.29-10.29.33:099][407]LogWorld: Bringing World /Game/UEDPIE_0_MyFirstLevel.MyFirstLevel up for play (max tick rate 0) at 2016.01.29-11.29.33
[2016.01.29-10.29.33:099][407]LogActor:Warning: GameSession /Game/UEDPIE_0_MyFirstLevel.MyFirstLevel:PersistentLevel.GameSession_4 has natively added scene component(s), but none of them were set as the actor's RootComponent - picking one arbitrarily
[2016.01.29-10.29.33:099][407]LogActor:Warning: GameNetworkManager /Game/UEDPIE_0_MyFirstLevel.MyFirstLevel:PersistentLevel.GameNetworkManager_4 has natively added scene component(s), but none of them were set as the actor's RootComponent - picking one arbitrarily
[2016.01.29-10.29.33:100][407]LogWorld: Bringing up level for play took: 0.013640
[2016.01.29-10.29.33:146][407]PIE: Info Play in editor start time for /Game/UEDPIE_0_MyFirstLevel 0.013
[2016.01.29-10.29.33:167][409]LogRenderTargetPool:Warning: r.RenderTargetPoolMin exceeded 454/400 MB (ok in editor, bad on fixed memory platform)
[2016.01.29-10.30.06:039][927]LogParticles: Destroying 0 GPU particle simulations for FXSystem 0x000000E6420CB6A0
[2016.01.29-10.41.26:969][968]LogActorComponent: UnregisterComponent: (/Engine/Transient.CharMoveComp) Not registered. Aborting.
[2016.01.29-10.41.26:969][968]LogActorComponent: UnregisterComponent: (/Engine/Transient.CharacterMovementComponent_2) Not registered. Aborting.
[2016.01.29-10.41.26:969][968]LogActorComponent: UnregisterComponent: (/Engine/Transient.KinectInterface_GEN_VARIABLE) Not registered. Aborting.
[2016.01.29-10.41.27:057][968]Cmd: OBJ SAVEPACKAGE PACKAGE="/Game/MyFirstLevel" FILE="../../../../../../UnrealProjects/GE_Project/Content/MyFirstLevel.umap" SILENT=true AUTOSAVING=false KEEPDIRTY=false
[2016.01.29-10.41.27:210][968]LogSavePackage: Save=127.803955ms
[2016.01.29-10.41.27:210][968]LogSavePackage: Moving '../../../../../../UnrealProjects/GE_Project/Saved/MyFirstLevelE611CA0C41D7176615D131942A4ACAFD.tmp' to '../../../../../../UnrealProjects/GE_Project/Content/MyFirstLevel.umap'
[2016.01.29-10.41.27:213][968]LogSavePackage: Total save time: 139.459815ms
[2016.01.29-10.41.27:213][968]LogSavePackage:Warning: Finished SavePackage ../../../../../../UnrealProjects/GE_Project/Content/MyFirstLevel.umap
[2016.01.29-10.41.27:259][968]LogFileHelpers: Saving map 'MyFirstLevel' took 0.260
[2016.01.29-10.41.27:279][970]LogRenderTargetPool:Warning: r.RenderTargetPoolMin exceeded 522/400 MB (ok in editor, bad on fixed memory platform)
[2016.01.29-10.41.28:097][ 52]LogWindowsTextInputMethodSystem:Display: IME system now deactivated.
[2016.01.29-10.41.28:357][ 53]Cmd: QUIT_EDITOR
[2016.01.29-10.41.29:413][ 53]LogExit: Preparing to exit.
[2016.01.29-10.41.30:146][ 53]LogExit: Editor shut down
[2016.01.29-10.41.30:146][ 53]LogExit: Transaction tracking system shut down
[2016.01.29-10.41.30:147][ 53]LogParticles: Destroying 0 GPU particle simulations for FXSystem 0x000000E6637B3880
[2016.01.29-10.41.30:149][ 53]LogParticles: Destroying 0 GPU particle simulations for FXSystem 0x000000E6037D7560
[2016.01.29-10.41.30:149][ 53]LogParticles: Destroying 0 GPU particle simulations for FXSystem 0x000000E6089FB6A0
[2016.01.29-10.41.30:165][ 53]LogParticles: Destroying 0 GPU particle simulations for FXSystem 0x000000E6089FAD40
[2016.01.29-10.41.30:165][ 53]LogParticles: Destroying 0 GPU particle simulations for FXSystem 0x000000E6089FAC00
[2016.01.29-10.41.30:165][ 53]LeapPluginLog: LeapController::CleanupEventData Delete Called
[2016.01.29-10.41.30:277][ 53]LogExit: Object subsystem successfully closed.
[2016.01.29-10.41.30:296][ 53]LogD3D11RHI: Shutdown
[2016.01.29-10.41.30:296][ 53]LogD3D11RHI: CleanupD3DDevice
[2016.01.29-10.41.30:299][ 53]LogD3D11RHI: ~FD3D11DynamicRHI
[2016.01.29-10.41.30:308][ 53]LogModuleManager: Shutting down and abandoning module CrashTracker (200)
[2016.01.29-10.41.30:308][ 53]LogModuleManager: Shutting down and abandoning module SceneOutliner (199)
[2016.01.29-10.41.30:308][ 53]LogModuleManager: Shutting down and abandoning module SuperSearch (198)
[2016.01.29-10.41.30:308][ 53]LogModuleManager: Shutting down and abandoning module WidgetCarousel (197)
[2016.01.29-10.41.30:308][ 53]LogModuleManager: Shutting down and abandoning module AddContentDialog (196)
[2016.01.29-10.41.30:310][ 53]LogModuleManager: Shutting down and abandoning module EditorWidgets (195)
[2016.01.29-10.41.30:310][ 53]LogModuleManager: Shutting down and abandoning module CollectionManager (194)
[2016.01.29-10.41.30:311][ 53]LogModuleManager: Shutting down and abandoning module StatsViewer (193)
[2016.01.29-10.41.30:311][ 53]LogModuleManager: Shutting down and abandoning module FoliageEdit (192)
[2016.01.29-10.41.30:311][ 53]LogModuleManager: Shutting down and abandoning module LandscapeEditor (191)
[2016.01.29-10.41.30:311][ 53]LogModuleManager: Shutting down and abandoning module ActorPickerMode (190)
[2016.01.29-10.41.30:311][ 53]LogModuleManager: Shutting down and abandoning module GeometryMode (189)
[2016.01.29-10.41.30:311][ 53]LogModuleManager: Shutting down and abandoning module TextureAlignMode (188)
[2016.01.29-10.41.30:311][ 53]LogModuleManager: Shutting down and abandoning module BspMode (187)
[2016.01.29-10.41.30:311][ 53]LogModuleManager: Shutting down and abandoning module PlacementMode (186)
[2016.01.29-10.41.30:311][ 53]LogModuleManager: Shutting down and abandoning module AutomationWorker (185)
[2016.01.29-10.41.30:311][ 53]LogModuleManager: Shutting down and abandoning module CharacterAI (184)
[2016.01.29-10.41.30:311][ 53]LogModuleManager: Shutting down and abandoning module SmartSnapping (183)
[2016.01.29-10.41.30:311][ 53]LogModuleManager: Shutting down and abandoning module ViewportSnapping (182)
[2016.01.29-10.41.30:311][ 53]LogModuleManager: Shutting down and abandoning module LogVisualizer (181)
[2016.01.29-10.41.30:311][ 53]LogModuleManager: Shutting down and abandoning module GameProjectGeneration (180)
[2016.01.29-10.41.30:311][ 53]LogModuleManager: Shutting down and abandoning module IntroTutorials (179)
[2016.01.29-10.41.30:311][ 53]LogModuleManager: Shutting down and abandoning module EditorLiveStreaming (178)
[2016.01.29-10.41.30:311][ 53]LogModuleManager: Shutting down and abandoning module IOSPlatformEditor (177)
[2016.01.29-10.41.30:311][ 53]LogModuleManager: Shutting down and abandoning module HTML5PlatformEditor (176)
[2016.01.29-10.41.30:311][ 53]LogModuleManager: Shutting down and abandoning module AndroidDeviceDetection (175)
[2016.01.29-10.41.31:103][ 53]LogModuleManager: Shutting down and abandoning module AndroidPlatformEditor (174)
[2016.01.29-10.41.31:103][ 53]LogModuleManager: Shutting down and abandoning module IOSRuntimeSettings (173)
[2016.01.29-10.41.31:103][ 53]LogModuleManager: Shutting down and abandoning module AndroidRuntimeSettings (172)
[2016.01.29-10.41.31:103][ 53]LogModuleManager: Shutting down and abandoning module MergeActors (171)
[2016.01.29-10.41.31:103][ 53]LogModuleManager: Shutting down and abandoning module SizeMap (170)
[2016.01.29-10.41.31:103][ 53]LogModuleManager: Shutting down and abandoning module TreeMap (169)
[2016.01.29-10.41.31:103][ 53]LogModuleManager: Shutting down and abandoning module ReferenceViewer (168)
[2016.01.29-10.41.31:103][ 53]LogModuleManager: Shutting down and abandoning module LocalizationService (167)
[2016.01.29-10.41.31:103][ 53]LogModuleManager: Shutting down and abandoning module LocalizationDashboard (166)
[2016.01.29-10.41.31:103][ 53]LogModuleManager: Shutting down and abandoning module HardwareTargeting (165)
[2016.01.29-10.41.31:103][ 53]LogModuleManager: Shutting down and abandoning module DeviceProfileEditor (164)
[2016.01.29-10.41.31:103][ 53]LogModuleManager: Shutting down and abandoning module UndoHistory (163)
[2016.01.29-10.41.31:103][ 53]LogModuleManager: Shutting down and abandoning module GameplayTagsEditor (162)
[2016.01.29-10.41.31:103][ 53]LogModuleManager: Shutting down and abandoning module UserFeedback (161)
[2016.01.29-10.41.31:103][ 53]LogModuleManager: Shutting down and abandoning module XmlParser (160)
[2016.01.29-10.41.31:103][ 53]LogModuleManager: Shutting down and abandoning module Blutility (159)
[2016.01.29-10.41.31:103][ 53]LogModuleManager: Shutting down and abandoning module ProjectTargetPlatformEditor (158)
[2016.01.29-10.41.31:103][ 53]LogModuleManager: Shutting down and abandoning module ProjectSettingsViewer (157)
[2016.01.29-10.41.31:103][ 53]LogModuleManager: Shutting down and abandoning module InputBindingEditor (156)
[2016.01.29-10.41.31:103][ 53]LogModuleManager: Shutting down and abandoning module EditorSettingsViewer (155)
[2016.01.29-10.41.31:103][ 53]LogModuleManager: Shutting down and abandoning module SettingsEditor (154)
[2016.01.29-10.41.31:103][ 53]LogModuleManager: Shutting down and abandoning module ProjectLauncher (153)
[2016.01.29-10.41.31:103][ 53]LogModuleManager: Shutting down and abandoning module SessionFrontend (152)
[2016.01.29-10.41.31:103][ 53]LogModuleManager: Shutting down and abandoning module ProfilerClient (151)
[2016.01.29-10.41.31:103][ 53]LogModuleManager: Shutting down and abandoning module TargetDeviceServices (150)
[2016.01.29-10.41.31:103][ 53]LogModuleManager: Shutting down and abandoning module DeviceManager (149)
[2016.01.29-10.41.31:103][ 53]LogModuleManager: Shutting down and abandoning module AutomationController (148)
[2016.01.29-10.41.31:103][ 53]LogModuleManager: Shutting down and abandoning module AutomationWindow (147)
[2016.01.29-10.41.31:103][ 53]LogModuleManager: Shutting down and abandoning module Layers (146)
[2016.01.29-10.41.31:103][ 53]LogModuleManager: Shutting down and abandoning module ComponentVisualizers (145)
[2016.01.29-10.41.31:103][ 53]LogModuleManager: Shutting down and abandoning module DetailCustomizations (144)
[2016.01.29-10.41.31:103][ 53]LogModuleManager: Shutting down and abandoning module PackagesDialog (143)
[2016.01.29-10.41.31:104][ 53]LogModuleManager: Shutting down and abandoning module Persona (142)
[2016.01.29-10.41.31:104][ 53]LogModuleManager: Shutting down and abandoning module Kismet (141)
[2016.01.29-10.41.31:104][ 53]LogModuleManager: Shutting down and abandoning module GraphEditor (140)
[2016.01.29-10.41.31:104][ 53]LogModuleManager: Shutting down and abandoning module ClassViewer (139)
[2016.01.29-10.41.31:104][ 53]LogModuleManager: Shutting down and abandoning module Toolbox (138)
[2016.01.29-10.41.31:104][ 53]LogModuleManager: Shutting down and abandoning module ModuleUI (137)
[2016.01.29-10.41.31:104][ 53]LogModuleManager: Shutting down and abandoning module MovieSceneTools (136)
[2016.01.29-10.41.31:104][ 53]LogModuleManager: Shutting down and abandoning module OutputLog (135)
[2016.01.29-10.41.31:104][ 53]LogModuleManager: Shutting down and abandoning module GammaUI (134)
[2016.01.29-10.41.31:104][ 53]LogModuleManager: Shutting down and abandoning module Documentation (133)
[2016.01.29-10.41.31:104][ 53]LogModuleManager: Shutting down and abandoning module GameLiveStreaming (132)
[2016.01.29-10.41.31:104][ 53]LogModuleManager: Shutting down and abandoning module StreamingPauseRendering (131)
[2016.01.29-10.41.31:104][ 53]LogModuleManager: Shutting down and abandoning module AnalyticsET (130)
[2016.01.29-10.41.31:104][ 53]LogModuleManager: Shutting down and abandoning module Analytics (129)
[2016.01.29-10.41.31:104][ 53]LogModuleManager: Shutting down and abandoning module AITestSuite (128)
[2016.01.29-10.41.31:104][ 53]LogModuleManager: Shutting down and abandoning module GameplayDebugger (127)
[2016.01.29-10.41.31:104][ 53]LogModuleManager: Shutting down and abandoning module AIModule (126)
[2016.01.29-10.41.31:104][ 53]LogModuleManager: Shutting down and abandoning module ProfilerService (125)
[2016.01.29-10.41.31:159][ 53]LogModuleManager: Shutting down and abandoning module TaskGraph (124)
[2016.01.29-10.41.31:159][ 53]LogModuleManager: Shutting down and abandoning module LeapMotion (123)
[2016.01.29-10.41.31:166][ 53]LogModuleManager: Shutting down and abandoning module SlateRemote (122)
[2016.01.29-10.41.31:166][ 53]LogModuleManager: Shutting down and abandoning module SteamVRController (121)
[2016.01.29-10.41.31:166][ 53]LogModuleManager: Shutting down and abandoning module SteamVR (120)
[2016.01.29-10.41.31:166][ 53]LogModuleManager: Shutting down and abandoning module ProceduralMeshComponent (119)
[2016.01.29-10.41.31:166][ 53]LogModuleManager: Shutting down and abandoning module OculusRift (118)
[2016.01.29-10.41.31:166][ 53]LogModuleManager: Shutting down and abandoning module OculusLibrary (117)
[2016.01.29-10.41.31:166][ 53]LogModuleManager: Shutting down and abandoning module LeapMotionController (116)
[2016.01.29-10.41.31:175][ 53]LogModuleManager: Shutting down and abandoning module CustomMeshComponent (115)
[2016.01.29-10.41.31:175][ 53]LogModuleManager: Shutting down and abandoning module CableComponent (114)
[2016.01.29-10.41.31:175][ 53]LogModuleManager: Shutting down and abandoning module ArchVisCharacter (113)
[2016.01.29-10.41.31:175][ 53]LogModuleManager: Shutting down and abandoning module MessagingDebugger (112)
[2016.01.29-10.41.31:175][ 53]LogModuleManager: Shutting down and abandoning module MediaPlayerEditor (111)
[2016.01.29-10.41.31:175][ 53]LogModuleManager: Shutting down and abandoning module HTML5Networking (110)
[2016.01.29-10.41.31:175][ 53]LogModuleManager: Shutting down and abandoning module SpeedTreeImporter (109)
[2016.01.29-10.41.31:175][ 53]LogModuleManager: Shutting down and abandoning module PluginBrowser (108)
[2016.01.29-10.41.31:175][ 53]LogModuleManager: Shutting down and abandoning module EpicSurvey (107)
[2016.01.29-10.41.31:175][ 53]LogModuleManager: Shutting down and abandoning module DesktopPlatform (106)
[2016.01.29-10.41.31:175][ 53]LogModuleManager: Shutting down and abandoning module VisualStudioSourceCodeAccess (105)
[2016.01.29-10.41.31:176][ 53]LogModuleManager: Shutting down and abandoning module UObjectPlugin (104)
[2016.01.29-10.41.31:176][ 53]LogModuleManager: Shutting down and abandoning module SubversionSourceControl (103)
[2016.01.29-10.41.31:176][ 53]LogModuleManager: Shutting down and abandoning module PerforceSourceControl (102)
[2016.01.29-10.41.31:176][ 53]LogModuleManager: Shutting down and abandoning module SourceControl (101)
[2016.01.29-10.41.31:176][ 53]LogModuleManager: Shutting down and abandoning module GitSourceControl (100)
[2016.01.29-10.41.31:176][ 53]LogModuleManager: Shutting down and abandoning module LightPropagationVolumeEditor (99)
[2016.01.29-10.41.31:176][ 53]LogModuleManager: Shutting down and abandoning module PaperTiledImporter (98)
[2016.01.29-10.41.31:176][ 53]LogModuleManager: Shutting down and abandoning module PaperSpriteSheetImporter (97)
[2016.01.29-10.41.31:176][ 53]LogModuleManager: Shutting down and abandoning module MeshPaint (96)
[2016.01.29-10.41.31:176][ 53]LogModuleManager: Shutting down and abandoning module SlateReflector (95)
[2016.01.29-10.41.31:176][ 53]LogModuleManager: Shutting down and abandoning module HotReload (94)
[2016.01.29-10.41.31:176][ 53]LogModuleManager: Shutting down and abandoning module MainFrame (93)
[2016.01.29-10.41.31:176][ 53]LogModuleManager: Shutting down and abandoning module LevelEditor (92)
[2016.01.29-10.41.31:177][ 53]LogModuleManager: Shutting down and abandoning module DirectoryWatcher (91)
[2016.01.29-10.41.31:179][ 53]LogModuleManager: Shutting down and abandoning module AssetRegistry (90)
[2016.01.29-10.41.31:321][ 53]LogModuleManager: Shutting down and abandoning module ContentBrowser (89)
[2016.01.29-10.41.31:322][ 53]LogModuleManager: Shutting down and abandoning module Paper2DEditor (88)
[2016.01.29-10.41.31:322][ 53]LogModuleManager: Shutting down and abandoning module TheBeginning (87)
[2016.01.29-10.41.31:322][ 53]LogModuleManager: Shutting down and abandoning module Kinect4Unreal (86)
[2016.01.29-10.41.31:322][ 53]LogModuleManager: Shutting down and abandoning module UdpMessaging (85)
[2016.01.29-10.41.31:423][ 53]LogModuleManager: Shutting down and abandoning module LightPropagationVolumeRuntime (84)
[2016.01.29-10.41.31:423][ 53]LogModuleManager: Shutting down and abandoning module Paper2D (83)
[2016.01.29-10.41.31:423][ 53]LogModuleManager: Shutting down and abandoning module WindowsMoviePlayer (82)
[2016.01.29-10.41.31:425][ 53]LogModuleManager: Shutting down and abandoning module Media (81)
[2016.01.29-10.41.31:425][ 53]LogModuleManager: Shutting down and abandoning module WmfMedia (80)
[2016.01.29-10.41.31:425][ 53]LogModuleManager: Shutting down and abandoning module OnlineBlueprintSupport (79)
[2016.01.29-10.41.31:425][ 53]LogModuleManager: Shutting down and abandoning module GameplayTasksEditor (78)
[2016.01.29-10.41.31:425][ 53]LogModuleManager: Shutting down and abandoning module PropertyEditor (77)
[2016.01.29-10.41.31:425][ 53]LogModuleManager: Shutting down and abandoning module BehaviorTreeEditor (76)
[2016.01.29-10.41.31:425][ 53]LogModuleManager: Shutting down and abandoning module FunctionalTesting (75)
[2016.01.29-10.41.31:425][ 53]LogModuleManager: Shutting down and abandoning module CollisionAnalyzer (74)
[2016.01.29-10.41.31:425][ 53]LogModuleManager: Shutting down and abandoning module WorkspaceMenuStructure (73)
[2016.01.29-10.41.31:426][ 53]LogModuleManager: Shutting down and abandoning module MessageLog (72)
[2016.01.29-10.41.31:426][ 53]LogModuleManager: Shutting down and abandoning module Sequencer (71)
[2016.01.29-10.41.31:426][ 53]LogModuleManager: Shutting down and abandoning module AssetTools (70)
[2016.01.29-10.41.31:426][ 53]LogModuleManager: Shutting down and abandoning module UMGEditor (69)
[2016.01.29-10.41.31:426][ 53]LogModuleManager: Shutting down and abandoning module UMG (68)
[2016.01.29-10.41.31:426][ 53]LogModuleManager: Shutting down and abandoning module Slate (67)
[2016.01.29-10.41.31:426][ 53]LogModuleManager: Shutting down and abandoning module EditorStyle (66)
[2016.01.29-10.41.31:427][ 53]LogModuleManager: Shutting down and abandoning module SessionServices (65)
[2016.01.29-10.41.31:427][ 53]LogModuleManager: Shutting down and abandoning module SourceCodeAccess (64)
[2016.01.29-10.41.31:427][ 53]LogModuleManager: Shutting down and abandoning module HeadMountedDisplay (63)
[2016.01.29-10.41.31:427][ 53]LogModuleManager: Shutting down and abandoning module XAudio2 (62)
[2016.01.29-10.41.31:427][ 53]LogModuleManager: Shutting down and abandoning module Networking (60)
[2016.01.29-10.41.31:427][ 53]LogModuleManager: Shutting down and abandoning module Core (59)
[2016.01.29-10.41.31:427][ 53]LogModuleManager: Shutting down and abandoning module KismetCompiler (58)
[2016.01.29-10.41.31:427][ 53]LogModuleManager: Shutting down and abandoning module PhysXFormats (57)
[2016.01.29-10.41.31:427][ 53]LogModuleManager: Shutting down and abandoning module MeshUtilities (56)
[2016.01.29-10.41.31:427][ 53]LogModuleManager: Shutting down and abandoning module CookingStats (55)
[2016.01.29-10.41.31:429][ 53]LogModuleManager: Shutting down and abandoning module DerivedDataCache (54)
[2016.01.29-10.41.31:443][ 53]LogDerivedDataCache: Shutdown
[2016.01.29-10.41.31:443][ 53]LogModuleManager: Shutting down and abandoning module ShaderFormatOpenGL (53)
[2016.01.29-10.41.31:443][ 53]LogModuleManager: Shutting down and abandoning module ShaderFormatD3D (52)
[2016.01.29-10.41.31:443][ 53]LogModuleManager: Shutting down and abandoning module MetalShaderFormat (51)
[2016.01.29-10.41.31:443][ 53]LogModuleManager: Shutting down and abandoning module TextureFormatUncompressed (50)
[2016.01.29-10.41.31:443][ 53]LogModuleManager: Shutting down and abandoning module TextureFormatPVR (49)
[2016.01.29-10.41.31:443][ 53]LogModuleManager: Shutting down and abandoning module TextureFormatIntelISPCTexComp (48)
[2016.01.29-10.41.31:443][ 53]LogModuleManager: Shutting down and abandoning module TextureFormatDXT (47)
[2016.01.29-10.41.31:443][ 53]LogModuleManager: Shutting down and abandoning module ImageWrapper (46)
[2016.01.29-10.41.31:443][ 53]LogModuleManager: Shutting down and abandoning module TextureFormatASTC (45)
[2016.01.29-10.41.31:443][ 53]LogModuleManager: Shutting down and abandoning module TextureFormatAndroid (44)
[2016.01.29-10.41.31:443][ 53]LogModuleManager: Shutting down and abandoning module AudioFormatOpus (43)
[2016.01.29-10.41.31:443][ 53]LogModuleManager: Shutting down and abandoning module AudioFormatOgg (42)
[2016.01.29-10.41.31:443][ 53]LogModuleManager: Shutting down and abandoning module AudioFormatADPCM (41)
[2016.01.29-10.41.31:443][ 53]LogModuleManager: Shutting down and abandoning module LinuxTargetPlatform (40)
[2016.01.29-10.41.31:443][ 53]LogModuleManager: Shutting down and abandoning module LinuxServerTargetPlatform (39)
[2016.01.29-10.41.31:443][ 53]LogModuleManager: Shutting down and abandoning module LinuxNoEditorTargetPlatform (38)
[2016.01.29-10.41.31:443][ 53]LogModuleManager: Shutting down and abandoning module Messaging (37)
[2016.01.29-10.41.31:443][ 53]LogModuleManager: Shutting down and abandoning module IOSTargetPlatform (36)
[2016.01.29-10.41.31:443][ 53]LogModuleManager: Shutting down and abandoning module HTML5TargetPlatform (35)
[2016.01.29-10.41.31:443][ 53]LogModuleManager: Shutting down and abandoning module Android_PVRTCTargetPlatform (34)
[2016.01.29-10.41.31:443][ 53]LogModuleManager: Shutting down and abandoning module Android_ETC2TargetPlatform (33)
[2016.01.29-10.41.31:443][ 53]LogModuleManager: Shutting down and abandoning module Android_ETC1TargetPlatform (32)
[2016.01.29-10.41.31:443][ 53]LogModuleManager: Shutting down and abandoning module Android_DXTTargetPlatform (31)
[2016.01.29-10.41.31:443][ 53]LogModuleManager: Shutting down and abandoning module Android_ATCTargetPlatform (30)
[2016.01.29-10.41.31:443][ 53]LogModuleManager: Shutting down and abandoning module Android_ASTCTargetPlatform (29)
[2016.01.29-10.41.31:443][ 53]LogModuleManager: Shutting down and abandoning module AndroidTargetPlatform (28)
[2016.01.29-10.41.31:443][ 53]LogModuleManager: Shutting down and abandoning module WindowsTargetPlatform (27)
[2016.01.29-10.41.31:443][ 53]LogModuleManager: Shutting down and abandoning module WindowsServerTargetPlatform (26)
[2016.01.29-10.41.31:443][ 53]LogModuleManager: Shutting down and abandoning module WindowsNoEditorTargetPlatform (25)
[2016.01.29-10.41.31:443][ 53]LogModuleManager: Shutting down and abandoning module WindowsClientTargetPlatform (24)
[2016.01.29-10.41.31:443][ 53]LogModuleManager: Shutting down and abandoning module AllDesktopTargetPlatform (23)
[2016.01.29-10.41.31:443][ 53]LogModuleManager: Shutting down and abandoning module TargetPlatform (22)
[2016.01.29-10.41.31:443][ 53]LogModuleManager: Shutting down and abandoning module InputCore (21)
[2016.01.29-10.41.31:443][ 53]LogModuleManager: Shutting down and abandoning module Settings (20)
[2016.01.29-10.41.31:443][ 53]LogModuleManager: Shutting down and abandoning module OnlineSubsystem (18)
[2016.01.29-10.41.31:443][ 53]LogModuleManager: Shutting down and abandoning module HTTP (17)
[2016.01.29-10.41.33:445][ 53]LogModuleManager: Shutting down and abandoning module XMPP (16)
[2016.01.29-10.41.33:445][ 53]LogModuleManager: Shutting down and abandoning module ExampleDeviceProfileSelector (15)
[2016.01.29-10.41.33:445][ 53]LogModuleManager: Shutting down and abandoning module TextureCompressor (14)
[2016.01.29-10.41.33:445][ 53]LogModuleManager: Shutting down and abandoning module ShaderCore (13)
[2016.01.29-10.41.33:445][ 53]LogModuleManager: Shutting down and abandoning module Landscape (12)
[2016.01.29-10.41.33:445][ 53]LogModuleManager: Shutting down and abandoning module SlateRHIRenderer (11)
[2016.01.29-10.41.33:450][ 53]LogModuleManager: Shutting down and abandoning module OpenGLDrv (10)
[2016.01.29-10.41.33:450][ 53]LogModuleManager: Shutting down and abandoning module D3D11RHI (9)
[2016.01.29-10.41.33:450][ 53]LogModuleManager: Shutting down and abandoning module AnimGraphRuntime (8)
[2016.01.29-10.41.33:450][ 53]LogModuleManager: Shutting down and abandoning module Renderer (7)
[2016.01.29-10.41.33:450][ 53]LogModuleManager: Shutting down and abandoning module Engine (6)
[2016.01.29-10.41.33:450][ 53]LogModuleManager: Shutting down and abandoning module CoreUObject (5)
[2016.01.29-10.41.33:450][ 53]LogModuleManager: Shutting down and abandoning module NetworkFile (4)
[2016.01.29-10.41.33:450][ 53]LogModuleManager: Shutting down and abandoning module StreamingFile (3)
[2016.01.29-10.41.33:450][ 53]LogModuleManager: Shutting down and abandoning module SandboxFile (2)
[2016.01.29-10.41.33:450][ 53]LogModuleManager: Shutting down and abandoning module PakFile (1)
[2016.01.29-10.41.33:451][ 53]LogExit: Exiting.
[2016.01.29-10.41.33:469][ 53]Log file closed, 01/29/16 11:41:33
