[2016.03.20-13.55.10:480][  0]Log file open, 03/20/16 14:55:10
[2016.03.20-13.55.10:480][  0]LogInit:Display: Running engine for game: TheBeginning
[2016.03.20-13.55.10:480][  0]LogInit:Display: RandInit(1187145000) SRandInit(1187145001).
[2016.03.20-13.55.10:481][  0]LogTaskGraph: Started task graph with 4 named threads and 7 total threads.
[2016.03.20-13.55.10:481][  0]LogStats: Stats thread started at 0.245466
[2016.03.20-13.55.10:482][  0]LogInit: Version: 4.9.2-2707645+++depot+UE4-Releases+4.9
[2016.03.20-13.55.10:482][  0]LogInit: API Version: 2672455
[2016.03.20-13.55.10:482][  0]LogInit: Compiled (64-bit): Sep 28 2015 10:25:44
[2016.03.20-13.55.10:483][  0]LogInit: Compiled with Visual C++: 18.00.21005.01
[2016.03.20-13.55.10:483][  0]LogInit: Build Configuration: Development
[2016.03.20-13.55.10:484][  0]LogInit: Branch Name: ++depot+UE4-Releases+4.9
[2016.03.20-13.55.10:484][  0]LogInit: Command line: 
[2016.03.20-13.55.10:484][  0]LogInit: Base directory: C:/Program Files (x86)/Epic Games/4.9/Engine/Binaries/Win64/
[2016.03.20-13.55.10:485][  0]LogInit: Rocket: 1
[2016.03.20-13.55.10:537][  0]LogInit: Using libcurl 7.41.0
[2016.03.20-13.55.10:537][  0]LogInit:  - built for x86_64-pc-win32
[2016.03.20-13.55.10:538][  0]LogInit:  - supports SSL with WinSSL
[2016.03.20-13.55.10:538][  0]LogInit:  - other features:
[2016.03.20-13.55.10:538][  0]LogInit:      CURL_VERSION_SSL
[2016.03.20-13.55.10:539][  0]LogInit:      CURL_VERSION_IPV6
[2016.03.20-13.55.10:539][  0]LogInit:      CURL_VERSION_ASYNCHDNS
[2016.03.20-13.55.10:540][  0]LogInit:      CURL_VERSION_LARGEFILE
[2016.03.20-13.55.10:540][  0]LogInit:      CURL_VERSION_IDN
[2016.03.20-13.55.10:541][  0]LogInit:  CurlRequestOptions (configurable via config and command line):
[2016.03.20-13.55.10:541][  0]LogInit:  - bVerifyPeer = true  - Libcurl will verify peer certificate
[2016.03.20-13.55.10:541][  0]LogInit:  - bUseHttpProxy = false  - Libcurl will NOT use HTTP proxy
[2016.03.20-13.55.10:542][  0]LogInit:  - bDontReuseConnections = false  - Libcurl will reuse connections
[2016.03.20-13.55.10:542][  0]LogInit:  - CertBundlePath = nullptr  - Libcurl will use whatever was configured at build time.
[2016.03.20-13.55.10:610][  0]LogInit: Presizing for 0 objects not considered by GC, pre-allocating 0 bytes.
[2016.03.20-13.55.10:620][  0]LogInit: Object subsystem initialized
[2016.03.20-13.55.10:622][  0]LogInit: Selected Device Profile: [Windows]
[2016.03.20-13.55.10:622][  0]LogInit: Applying CVar settings loaded from the selected device profile: [Windows]
[2016.03.20-13.55.10:639][  0]LogInit: Computer: DESKTOP-I563IRF
[2016.03.20-13.55.10:640][  0]LogInit: User: CaptainAmerica
[2016.03.20-13.55.10:640][  0]LogInit: CPU Page size=4096, Cores=4
[2016.03.20-13.55.10:641][  0]LogInit: High frequency timer resolution =2.531254 MHz
[2016.03.20-13.55.10:641][  0]LogMemory: Memory total: Physical=15.8GB (16GB approx)
[2016.03.20-13.55.10:642][  0]LogMemory: Platform Memory Stats for Windows
[2016.03.20-13.55.10:642][  0]LogMemory: Process Physical Memory: 55.18 MB used, 55.18 MB peak
[2016.03.20-13.55.10:642][  0]LogMemory: Process Virtual Memory: 56.54 MB used, 56.54 MB peak
[2016.03.20-13.55.10:643][  0]LogMemory: Physical Memory: 3436.43 MB used, 16205.89 MB total
[2016.03.20-13.55.10:644][  0]LogMemory: Virtual Memory: 368.95 MB used, 134217728.00 MB total
[2016.03.20-13.55.11:237][  0]LogTextLocalizationManager: No translations for ('de-DE') exist, falling back to 'en' for localization and internationalization data.
[2016.03.20-13.55.12:457][  0]LogD3D11RHI: Found D3D11 adapter 0: NVIDIA GeForce GTX 970M    (Feature Level 11_0)
[2016.03.20-13.55.12:457][  0]LogD3D11RHI: Adapter has 2988MB of dedicated video memory, 0MB of dedicated system memory, and 8102MB of shared system memory, 1 output[s]
[2016.03.20-13.55.12:474][  0]LogD3D11RHI: Found D3D11 adapter 1: Intel(R) HD Graphics 530 (Feature Level 11_0)
[2016.03.20-13.55.12:475][  0]LogD3D11RHI: Adapter has 128MB of dedicated video memory, 0MB of dedicated system memory, and 8102MB of shared system memory, 0 output[s]
[2016.03.20-13.55.12:493][  0]LogD3D11RHI: Found D3D11 adapter 2: Microsoft Basic Render Driver (Feature Level 11_0)
[2016.03.20-13.55.12:494][  0]LogD3D11RHI: Adapter has 0MB of dedicated video memory, 0MB of dedicated system memory, and 8102MB of shared system memory, 0 output[s]
[2016.03.20-13.55.12:494][  0]LogD3D11RHI: Chosen D3D11 Adapter Id = 0
[2016.03.20-13.55.12:500][  0]LogD3D11RHI: !Direct3DDevice
[2016.03.20-13.55.12:501][  0]LogRHI: Texture pool is 1361 MB (70% of 1945 MB)
[2016.03.20-13.55.12:589][  0]LogD3D11RHI: Async texture creation enabled
[2016.03.20-13.55.12:628][  0]LogShaderCompilers: Guid format shader working directory is 15 characters bigger than the processId version (../../../../../../Users/CaptainAmerica/Desktop/Uni/GE_Project - Kopie/Intermediate/Shaders/WorkingDirectory/4464/).
[2016.03.20-13.55.12:629][  0]LogShaderCompilers: Cleaned the shader compiler working directory '../../../../../../Users/CaptainAmerica/Desktop/Uni/GE_Project - Kopie/Intermediate/Shaders/tmp/EE0CF3984D771D9DBA673985B2DDD094/'.
[2016.03.20-13.55.12:629][  0]LogShaderCompilers:Display: Using Local Shader Compiler.
[2016.03.20-13.55.14:280][  0]LogTemp:Display: Loaded TP AllDesktopTargetPlatform
[2016.03.20-13.55.14:306][  0]LogTemp:Display: Loaded TP WindowsClientTargetPlatform
[2016.03.20-13.55.14:332][  0]LogTemp:Display: Loaded TP WindowsNoEditorTargetPlatform
[2016.03.20-13.55.14:357][  0]LogTemp:Display: Loaded TP WindowsServerTargetPlatform
[2016.03.20-13.55.14:389][  0]LogTemp:Display: Loaded TP WindowsTargetPlatform
[2016.03.20-13.55.14:404][  0]LogTemp:Display: Loaded TP AndroidTargetPlatform
[2016.03.20-13.55.14:417][  0]LogTemp:Display: Loaded TP Android_ASTCTargetPlatform
[2016.03.20-13.55.14:430][  0]LogTemp:Display: Loaded TP Android_ATCTargetPlatform
[2016.03.20-13.55.14:442][  0]LogTemp:Display: Loaded TP Android_DXTTargetPlatform
[2016.03.20-13.55.14:454][  0]LogTemp:Display: Loaded TP Android_ETC1TargetPlatform
[2016.03.20-13.55.14:467][  0]LogTemp:Display: Loaded TP Android_ETC2TargetPlatform
[2016.03.20-13.55.14:480][  0]LogTemp:Display: Loaded TP Android_PVRTCTargetPlatform
[2016.03.20-13.55.14:489][  0]LogTemp:Display: Loaded TP HTML5TargetPlatform
[2016.03.20-13.55.14:548][  0]LogTemp:Display: Loaded TP IOSTargetPlatform
[2016.03.20-13.55.14:559][  0]LogTemp:Display: Loaded TP LinuxNoEditorTargetPlatform
[2016.03.20-13.55.14:570][  0]LogTemp:Display: Loaded TP LinuxServerTargetPlatform
[2016.03.20-13.55.14:585][  0]LogTemp:Display: Loaded TP LinuxTargetPlatform
[2016.03.20-13.55.14:585][  0]LogTargetPlatformManager:Display: Building Assets For Windows
[2016.03.20-13.55.15:052][  0]LogDerivedDataCache:Display: Max Cache Size: 512 MB
[2016.03.20-13.55.15:238][  0]LogDerivedDataCache: Loaded boot cache 0.19s 41MB C:/Users/CaptainAmerica/AppData/Local/UnrealEngine/4.9/DerivedDataCache/Boot.ddc.
[2016.03.20-13.55.15:239][  0]LogDerivedDataCache:Display: Loaded Boot cache: C:/Users/CaptainAmerica/AppData/Local/UnrealEngine/4.9/DerivedDataCache/Boot.ddc
[2016.03.20-13.55.15:239][  0]LogDerivedDataCache: FDerivedDataBackendGraph:  Pak pak cache file ../../../../../../Users/CaptainAmerica/Desktop/Uni/GE_Project - Kopie/DerivedDataCache/DDC.ddp not found, will not use a pak cache.
[2016.03.20-13.55.15:239][  0]LogDerivedDataCache: Unable to find inner node Pak for hierarchical cache Hierarchy.
[2016.03.20-13.55.15:240][  0]LogDerivedDataCache: FDerivedDataBackendGraph:  CompressedPak pak cache file ../../../../../../Users/CaptainAmerica/Desktop/Uni/GE_Project - Kopie/DerivedDataCache/Compressed.ddp not found, will not use a pak cache.
[2016.03.20-13.55.15:240][  0]LogDerivedDataCache: Unable to find inner node CompressedPak for hierarchical cache Hierarchy.
[2016.03.20-13.55.15:395][  0]LogDerivedDataCache:Display: Pak cache opened for reading ../../../Engine/DerivedDataCache/Compressed.ddp.
[2016.03.20-13.55.15:409][  0]LogDerivedDataCache: Using Local data cache path C:/Users/CaptainAmerica/AppData/Local/UnrealEngine/Common/DerivedDataCache: Writable
[2016.03.20-13.55.16:469][  0]LogInit: Selected Device Profile: [Windows]
[2016.03.20-13.55.16:479][  0]LogContentStreaming: Texture pool size is 0.000000MB
[2016.03.20-13.55.16:723][  0]LogMeshUtilities: No automatic mesh reduction module available
[2016.03.20-13.55.16:724][  0]LogMeshUtilities: No automatic mesh merging module available
[2016.03.20-13.55.17:377][  0]LogInit: WinSock: version 1.1 (2.2), MaxSocks=32767, MaxUdp=65467
[2016.03.20-13.55.20:255][  0]UdpMessaging: Initializing bridge on interface 0.0.0.0:0 to multicast group 230.0.0.1:6666.
[2016.03.20-13.55.20:609][  0]LogAssetRegistry: FAssetRegistry took 0.0129 seconds to start up
[2016.03.20-13.55.21:297][  0]SourceControl: Info Source control is disabled
[2016.03.20-13.55.21:298][  0]SourceControl: Info Source control is disabled
[2016.03.20-13.55.21:327][  0]SourceControl: Info Source control is disabled
[2016.03.20-13.55.21:368][  0]SourceControl: Info Source control is disabled
[2016.03.20-13.55.21:730][  0]LogLinker:Warning: Asset '../../../Engine/Plugins/Runtime/LeapMotionController/Content/LM_PassthroughMaterial.uasset' has been saved with empty engine version. The asset will be loaded but may be incompatible.
[2016.03.20-13.55.21:911][  0]LogObj: 28448 objects as part of root set at end of initial load.
[2016.03.20-13.55.21:912][  0]LogUObjectAllocator: 6092176 out of 0 bytes used by permanent object pool.
[2016.03.20-13.55.22:080][  0]LogEngine: Initializing Engine...
[2016.03.20-13.55.22:086][  0]LogHMD: Can't find Oculus library dev build: is proper Runtime installed? Version: 0.7.0.0
[2016.03.20-13.55.22:099][  0]LogHMD: SteamVR failed to initialize.  Err: 110
[2016.03.20-13.55.22:374][  0]LogAIModule: Creating AISystem for world NewWorld
[2016.03.20-13.55.22:393][  0]LogInit: XAudio2 using 'Lautsprecher (Realtek High Definition Audio)' : 2 channels at 48 kHz using 32 bits per sample (channel mask 0x3)
[2016.03.20-13.55.22:423][  0]LogInit: FAudioDevice initialized.
[2016.03.20-13.55.22:442][  0]LogDerivedDataCache: Saved boot cache 0.02s 41MB C:/Users/CaptainAmerica/AppData/Local/UnrealEngine/4.9/DerivedDataCache/Boot.ddc.
[2016.03.20-13.55.22:447][  0]LogInit: Texture streaming: Enabled
[2016.03.20-13.55.22:479][  0]LogAnalytics: Creating configured Analytics provider AnalyticsET
[2016.03.20-13.55.22:481][  0]LogAnalytics: [UEEditor.Rocket.Release] APIServer = http://et2.epicgames.com/ET2/. AppVersion = 4.9.2-2707645+++depot+UE4-Releases+4.9
[2016.03.20-13.55.22:481][  0]LogAnalytics: [UEEditor.Rocket.Release] SetUserId cf13bd144fda46388eb9608560661132|81f01d6b67df48cfa9231b1643757103|89657b24-a756-40fe-95bd-5a575f0e3948
[2016.03.20-13.55.22:482][  0]LogAnalytics: [UEEditor.Rocket.Release] AnalyticsET::StartSession
[2016.03.20-13.55.22:515][  0]LogInit: Transaction tracking system initialized
[2016.03.20-13.55.22:686][  0]BlueprintLog: New page: Editor Load
[2016.03.20-13.55.23:435][  0]LocalizationService: Info Localization service is disabled
[2016.03.20-13.55.23:791][  0]LogConsoleResponse:Display: 
[2016.03.20-13.55.24:072][  0]LogCook:Display: Done creating registry. It took  0.00s.
[2016.03.20-13.55.24:394][  0]LogFileCache: Scanning file cache for directory 'C:/Users/CaptainAmerica/Desktop/Uni/GE_Project - Kopie/Content/' took 0.02s
[2016.03.20-13.55.24:394][  0]SourceControl: Info Source control is disabled
[2016.03.20-13.55.24:396][  0]Cmd: MAP LOAD FILE="../../../../../../Users/CaptainAmerica/Desktop/Uni/GE_Project - Kopie/Content/StarterContent/Maps/Minimal_Default.umap" TEMPLATE=0 SHOWPROGRESS=1 FEATURELEVEL=3
[2016.03.20-13.55.24:397][  0]LightingResults: New page: Lighting Build
[2016.03.20-13.55.24:405][  0]MapCheck: New page: Map Check
[2016.03.20-13.55.24:406][  0]LightingResults: New page: Lighting Build
[2016.03.20-13.55.24:443][  0]LogParticles: Destroying 0 GPU particle simulations for FXSystem 0x000002207002A160
[2016.03.20-13.55.24:867][  0]LogAIModule: Creating AISystem for world Minimal_Default
[2016.03.20-13.55.24:897][  0]LogEditorServer: Finished looking for orphan Actors (0.000 secs)
[2016.03.20-13.55.24:900][  0]Cmd: MAP CHECKDEP NOCLEARLOG
[2016.03.20-13.55.24:943][  0]MapCheck: Info Map check complete: 0 Error(s), 0 Warning(s), took 42.27ms to complete.
[2016.03.20-13.55.24:944][  0]LogFileHelpers: Loading map 'Minimal_Default' took 0.548
[2016.03.20-13.55.25:147][  0]LogCollectionManager: Loaded 0 collections in 0.002416 seconds
[2016.03.20-13.55.25:205][  0]LogFileCache: Scanning file cache for directory 'C:/Users/CaptainAmerica/Desktop/Uni/GE_Project - Kopie/Saved/Collections/' took 0.01s
[2016.03.20-13.55.25:206][  0]LogFileCache: Scanning file cache for directory 'C:/Users/CaptainAmerica/Desktop/Uni/GE_Project - Kopie/Content/Developers/CaptainAmerica/Collections/' took 0.01s
[2016.03.20-13.55.25:207][  0]LogFileCache: Scanning file cache for directory 'C:/Users/CaptainAmerica/Desktop/Uni/GE_Project - Kopie/Content/Collections/' took 0.01s
[2016.03.20-13.55.25:207][  0]LogContentBrowser: Native class hierarchy populated in 0.0105 seconds. Added 1875 classes and 335 folders.
[2016.03.20-13.55.25:224][  0]LogCollectionManager: Rebuilt the GUID cache for 0 collections in 0.000002 seconds
[2016.03.20-13.55.25:241][  0]LogContentBrowser: Native class hierarchy updated for 'WidgetCarousel' in 0.0034 seconds. Added 0 classes and 0 folders.
[2016.03.20-13.55.25:559][  0]LogContentBrowser: Native class hierarchy updated for 'AddContentDialog' in 0.0020 seconds. Added 0 classes and 0 folders.
[2016.03.20-13.55.25:609][  0]LogContentBrowser: Native class hierarchy updated for 'SceneOutliner' in 0.0018 seconds. Added 1 classes and 2 folders.
[2016.03.20-13.55.25:701][  0]LogCrashTracker: Crashtracker disabled due to settings.
[2016.03.20-13.55.25:716][  0]LogUObjectGlobals:Warning: Failed to find object 'Class None.'
[2016.03.20-13.55.25:743][  0]LogLoad: Full Startup: 16.98 seconds (BP compile: 0.08 seconds)
[2016.03.20-13.55.25:870][  0]LogContentStreaming: Texture pool size now 1000 MB
[2016.03.20-13.55.26:034][  0]LogRenderer: Reallocating scene render targets to support 964x436 (Frame:2).
[2016.03.20-13.55.26:463][  3]LogAssetRegistry: Asset discovery search completed in 5.8651 seconds
[2016.03.20-13.55.26:464][  3]LogCollectionManager: Rebuilt the object cache for 0 collections in 0.000000 seconds (found 0 objects)
[2016.03.20-13.55.26:465][  3]LogCollectionManager: Fixed up redirectors for 0 collections in 0.000811 seconds (updated 0 objects)
[2016.03.20-13.55.40:883][652]LogBlueprint:Warning: [compiler Ue4ASP_Character] Warning Input Axis Event references unknown Axis 'LookUp' for  InputAxis LookUp 
[2016.03.20-13.55.40:883][652]LogBlueprint:Warning: [compiler Ue4ASP_Character] Warning Input Axis Event references unknown Axis 'Turn' for  InputAxis Turn 
[2016.03.20-13.55.40:884][652]LogBlueprint:Warning: [compiler Ue4ASP_Character] Warning Input Axis Event references unknown Axis 'MoveRight' for  InputAxis MoveRight 
[2016.03.20-13.55.40:885][652]LogBlueprint:Warning: [compiler Ue4ASP_Character] Warning Input Axis Event references unknown Axis 'MoveForward' for  InputAxis MoveForward 
[2016.03.20-13.55.40:888][652]LogBlueprint:Warning: [compiler Ue4ASP_Character] Warning [0032.12] Compile of Ue4ASP_Character successful, but with 4 Warning(s) [in 9 ms]
[2016.03.20-13.55.40:889][652]LogBlueprint:Warning: [compiler Ue4ASP_Character] Warning [0032.12] Compile of Ue4ASP_Character successful, but with 5 Warning(s) [in 0 ms]
[2016.03.20-13.55.40:889][652]LogBlueprint:Warning: [compiler Ue4ASP_Character] Warning [0032.12] Compile of Ue4ASP_Character successful, but with 6 Warning(s) [in 0 ms]
[2016.03.20-13.55.40:955][652]LogBlueprint:Warning: [compiler Ue4ASP_Character] Warning Input Axis Event references unknown Axis 'LookUp' for  InputAxis LookUp 
[2016.03.20-13.55.40:956][652]LogBlueprint:Warning: [compiler Ue4ASP_Character] Warning Input Axis Event references unknown Axis 'Turn' for  InputAxis Turn 
[2016.03.20-13.55.40:957][652]LogBlueprint:Warning: [compiler Ue4ASP_Character] Warning Input Axis Event references unknown Axis 'MoveRight' for  InputAxis MoveRight 
[2016.03.20-13.55.40:957][652]LogBlueprint:Warning: [compiler Ue4ASP_Character] Warning Input Axis Event references unknown Axis 'MoveForward' for  InputAxis MoveForward 
[2016.03.20-13.55.40:961][652]LogBlueprint:Warning: [compiler Ue4ASP_Character] Warning [0032.20] Compile of Ue4ASP_Character successful, but with 4 Warning(s) [in 9 ms]
[2016.03.20-13.55.40:961][652]LogBlueprint:Warning: [compiler Ue4ASP_Character] Warning [0032.20] Compile of Ue4ASP_Character successful, but with 5 Warning(s) [in 0 ms]
[2016.03.20-13.55.40:962][652]LogBlueprint:Warning: [compiler Ue4ASP_Character] Warning [0032.20] Compile of Ue4ASP_Character successful, but with 6 Warning(s) [in 0 ms]
[2016.03.20-13.55.42:006][652]LogAIModule: Creating AISystem for world MyFirstLevel
[2016.03.20-13.55.42:015][652]LogParticles:Warning: InitializeSystem called on an unregistered component. Template=/Game/Snow.Snow Component=/Game/MyFirstLevel.MyFirstLevel:PersistentLevel.Snow_2.ParticleSystemComponent0
[2016.03.20-13.55.42:016][652]LogParticles:Warning: InitializeSystem called on an unregistered component. Template=/Game/StarterContent/Particles/P_Fire.P_Fire Component=/Game/MyFirstLevel.MyFirstLevel:PersistentLevel.P_Fire_2.ParticleSystemComponent0
[2016.03.20-13.55.42:233][652]Cmd: MAP LOAD FILE="../../../../../../Users/CaptainAmerica/Desktop/Uni/GE_Project - Kopie/Content/MyFirstLevel.umap" TEMPLATE=0 SHOWPROGRESS=1 FEATURELEVEL=3
[2016.03.20-13.55.42:233][652]LightingResults: New page: Lighting Build
[2016.03.20-13.55.42:252][652]LoadErrors: New page: Loading map: MyFirstLevel.umap
[2016.03.20-13.55.42:254][652]MapCheck: New page: Map Check
[2016.03.20-13.55.42:254][652]LightingResults: New page: Lighting Build
[2016.03.20-13.55.42:265][652]LogParticles: Destroying 0 GPU particle simulations for FXSystem 0x00000220706AA660
[2016.03.20-13.55.43:501][652]LogEditorServer: Finished looking for orphan Actors (0.000 secs)
[2016.03.20-13.55.43:556][652]Cmd: MAP CHECKDEP NOCLEARLOG
[2016.03.20-13.55.43:612][652]MapCheck: Info Map check complete: 0 Error(s), 0 Warning(s), took 55.958ms to complete.
[2016.03.20-13.55.43:613][652]LogFileHelpers: Loading map 'MyFirstLevel' took 1.381
[2016.03.20-13.55.43:675][653]Cmd: UpdateLandscapeEditorData -warnings
[2016.03.20-13.55.43:684][653]Cmd: UpdateLandscapeEditorData
[2016.03.20-13.55.55:522][447]LogPlayLevel: PlayLevel: No blueprints needed recompiling
[2016.03.20-13.55.55:523][447]PIE: New page: PIE session: MyFirstLevel (Mar 20, 2016, 3:55:55 PM)
[2016.03.20-13.55.55:524][447]LogPlayLevel: Creating play world package: /Game/UEDPIE_0_MyFirstLevel
[2016.03.20-13.55.55:568][447]LogPlayLevel: PIE: StaticDuplicateObject took: (0.043484s)
[2016.03.20-13.55.55:569][447]LogAIModule: Creating AISystem for world MyFirstLevel
[2016.03.20-13.55.55:570][447]LogPlayLevel: PIE: World Init took: (0.001576s)
[2016.03.20-13.55.55:572][447]LogPlayLevel: PIE: Created PIE world by copying editor world from /Game/MyFirstLevel.MyFirstLevel to /Game/UEDPIE_0_MyFirstLevel.MyFirstLevel (0.047832s)
[2016.03.20-13.55.55:572][447]LogActorComponent: UnregisterComponent: (/Engine/Transient.CharMoveComp) Not registered. Aborting.
[2016.03.20-13.55.55:588][447]LogInit: XAudio2 using 'Lautsprecher (Realtek High Definition Audio)' : 2 channels at 48 kHz using 32 bits per sample (channel mask 0x3)
[2016.03.20-13.55.55:598][447]LogInit: FAudioDevice initialized.
[2016.03.20-13.55.55:679][447]LogWorld: Game class is 'BP_TheBeginningGameMode_C'
[2016.03.20-13.55.55:758][447]LogWorld: Bringing World /Game/UEDPIE_0_MyFirstLevel.MyFirstLevel up for play (max tick rate 0) at 2016.03.20-14.55.55
[2016.03.20-13.55.55:759][447]LogActor:Warning: GameSession /Game/UEDPIE_0_MyFirstLevel.MyFirstLevel:PersistentLevel.GameSession_0 has natively added scene component(s), but none of them were set as the actor's RootComponent - picking one arbitrarily
[2016.03.20-13.55.55:760][447]LogActor:Warning: GameNetworkManager /Game/UEDPIE_0_MyFirstLevel.MyFirstLevel:PersistentLevel.GameNetworkManager_0 has natively added scene component(s), but none of them were set as the actor's RootComponent - picking one arbitrarily
[2016.03.20-13.55.55:766][447]LogWorld: Bringing up level for play took: 0.082902
[2016.03.20-13.55.55:771][447]PIE: Info Play in editor start time for /Game/UEDPIE_0_MyFirstLevel 0.607
[2016.03.20-13.56.10:065][140]LogActorComponent: UnregisterComponent: (/Engine/Transient.CharMoveComp) Not registered. Aborting.
[2016.03.20-13.56.10:084][140]LogParticles: Destroying 0 GPU particle simulations for FXSystem 0x000002207D1444A0
[2016.03.20-13.56.46:074][510]Recompiling TheBeginning...
[2016.03.20-13.56.46:075][510]Launching UnrealBuildTool... [C:/Program Files (x86)/Epic Games/4.9/Engine/Binaries/DotNET/UnrealBuildTool.exe TheBeginning -ModuleWithSuffix TheBeginning 1030 Win64 Development -editorrecompile -canskiplink "C:/Users/CaptainAmerica/Desktop/Uni/GE_Project - Kopie/TheBeginning.uproject" -rocket  -rocket]
[2016.03.20-13.56.46:077][510]Warning: Starting HotReload took  0.0s.
[2016.03.20-13.56.50:766][ 39]CompilerResultsLog: New page: Compilation - Mar 20, 2016, 3:56:50 PM
[2016.03.20-13.56.50:767][ 39]CompilerResultsLog: Info Creating makefile for hot reloading TheBeginning (game project files are newer)
[2016.03.20-13.56.50:767][ 39]CompilerResultsLog: Info Compiling game modules for hot reload
[2016.03.20-13.56.50:768][ 39]CompilerResultsLog: Info Target is up to date.
[2016.03.20-13.56.50:768][ 39]LogMainFrame: MainFrame: Module compiling took 4.697 seconds
[2016.03.20-13.56.52:494][243]LogPlayLevel: PlayLevel: No blueprints needed recompiling
[2016.03.20-13.56.52:495][243]PIE: New page: PIE session: MyFirstLevel (Mar 20, 2016, 3:56:52 PM)
[2016.03.20-13.56.52:495][243]LogPlayLevel: Creating play world package: /Game/UEDPIE_0_MyFirstLevel
[2016.03.20-13.56.52:526][243]LogPlayLevel: PIE: StaticDuplicateObject took: (0.029984s)
[2016.03.20-13.56.52:528][243]LogAIModule: Creating AISystem for world MyFirstLevel
[2016.03.20-13.56.52:529][243]LogPlayLevel: PIE: World Init took: (0.001198s)
[2016.03.20-13.56.52:529][243]LogPlayLevel: PIE: Created PIE world by copying editor world from /Game/MyFirstLevel.MyFirstLevel to /Game/UEDPIE_0_MyFirstLevel.MyFirstLevel (0.034092s)
[2016.03.20-13.56.52:530][243]LogActorComponent: UnregisterComponent: (/Engine/Transient.CharMoveComp) Not registered. Aborting.
[2016.03.20-13.56.52:530][243]LogActorComponent: UnregisterComponent: (/Engine/Transient.CharacterMovementComponent_0) Not registered. Aborting.
[2016.03.20-13.56.52:553][243]LogInit: XAudio2 using 'Lautsprecher (Realtek High Definition Audio)' : 2 channels at 48 kHz using 32 bits per sample (channel mask 0x3)
[2016.03.20-13.56.52:561][243]LogInit: FAudioDevice initialized.
[2016.03.20-13.56.52:598][243]LogWorld: Game class is 'BP_TheBeginningGameMode_C'
[2016.03.20-13.56.52:670][243]LogWorld: Bringing World /Game/UEDPIE_0_MyFirstLevel.MyFirstLevel up for play (max tick rate 0) at 2016.03.20-14.56.52
[2016.03.20-13.56.52:671][243]LogActor:Warning: GameSession /Game/UEDPIE_0_MyFirstLevel.MyFirstLevel:PersistentLevel.GameSession_1 has natively added scene component(s), but none of them were set as the actor's RootComponent - picking one arbitrarily
[2016.03.20-13.56.52:672][243]LogActor:Warning: GameNetworkManager /Game/UEDPIE_0_MyFirstLevel.MyFirstLevel:PersistentLevel.GameNetworkManager_1 has natively added scene component(s), but none of them were set as the actor's RootComponent - picking one arbitrarily
[2016.03.20-13.56.52:674][243]LogWorld: Bringing up level for play took: 0.074031
[2016.03.20-13.56.52:677][243]PIE: Info Play in editor start time for /Game/UEDPIE_0_MyFirstLevel -0.488
[2016.03.20-13.56.59:238][  5]LogParticles: Destroying 0 GPU particle simulations for FXSystem 0x000002207D1454E0
[2016.03.20-13.57.51:805][570]LogLinker:Warning: Asset '../../../Engine/Content/ArtTools/RenderToTexture/Macros/RenderToTextureMacros.uasset' has been saved with empty engine version. The asset will be loaded but may be incompatible.
[2016.03.20-13.57.52:343][570]LogContentBrowser: Native class hierarchy updated for 'BlueprintGraph' in 0.0017 seconds. Added 107 classes and 0 folders.
[2016.03.20-13.57.56:700][886]LogRenderer: Reallocating scene render targets to support 964x684 (Frame:7153).
[2016.03.20-13.58.04:820][630]LogActorComponent: UnregisterComponent: (/Engine/Transient.CharMoveComp) Not registered. Aborting.
[2016.03.20-13.58.04:821][630]LogActorComponent: UnregisterComponent: (/Engine/Transient.CharacterMovementComponent_1) Not registered. Aborting.
[2016.03.20-13.58.04:822][630]LogActorComponent: UnregisterComponent: (/Engine/Transient.ProjectileComp) Not registered. Aborting.
[2016.03.20-13.58.10:862][240]BlueprintLog: New page: Pre-Play auto-recompile
[2016.03.20-13.58.10:865][240]LogActorComponent: UnregisterComponent: (/Engine/Transient.ProjectileMovementComponent_0) Not registered. Aborting.
[2016.03.20-13.58.10:868][240]LogPlayLevel: [PlayLevel] Compiling BP_FirstPersonProjectile before play...
[2016.03.20-13.58.10:936][240]LogPlayLevel: PlayLevel: Blueprint regeneration took 73 ms (1 blueprints)
[2016.03.20-13.58.10:960][240]PIE: New page: PIE session: MyFirstLevel (Mar 20, 2016, 3:58:10 PM)
[2016.03.20-13.58.10:960][240]LogPlayLevel: Creating play world package: /Game/UEDPIE_0_MyFirstLevel
[2016.03.20-13.58.10:989][240]LogPlayLevel: PIE: StaticDuplicateObject took: (0.027897s)
[2016.03.20-13.58.10:990][240]LogAIModule: Creating AISystem for world MyFirstLevel
[2016.03.20-13.58.10:991][240]LogPlayLevel: PIE: World Init took: (0.001438s)
[2016.03.20-13.58.10:992][240]LogPlayLevel: PIE: Created PIE world by copying editor world from /Game/MyFirstLevel.MyFirstLevel to /Game/UEDPIE_0_MyFirstLevel.MyFirstLevel (0.031844s)
[2016.03.20-13.58.11:023][240]LogInit: XAudio2 using 'Lautsprecher (Realtek High Definition Audio)' : 2 channels at 48 kHz using 32 bits per sample (channel mask 0x3)
[2016.03.20-13.58.11:032][240]LogInit: FAudioDevice initialized.
[2016.03.20-13.58.11:072][240]LogWorld: Game class is 'BP_TheBeginningGameMode_C'
[2016.03.20-13.58.11:334][240]LogWorld: Bringing World /Game/UEDPIE_0_MyFirstLevel.MyFirstLevel up for play (max tick rate 0) at 2016.03.20-14.58.11
[2016.03.20-13.58.11:335][240]LogActor:Warning: GameSession /Game/UEDPIE_0_MyFirstLevel.MyFirstLevel:PersistentLevel.GameSession_2 has natively added scene component(s), but none of them were set as the actor's RootComponent - picking one arbitrarily
[2016.03.20-13.58.11:336][240]LogActor:Warning: GameNetworkManager /Game/UEDPIE_0_MyFirstLevel.MyFirstLevel:PersistentLevel.GameNetworkManager_2 has natively added scene component(s), but none of them were set as the actor's RootComponent - picking one arbitrarily
[2016.03.20-13.58.11:340][240]LogWorld: Bringing up level for play took: 0.266001
[2016.03.20-13.58.11:346][240]PIE: Info Play in editor start time for /Game/UEDPIE_0_MyFirstLevel 0.181
[2016.03.20-13.58.18:393][ 56]LogActorComponent: UnregisterComponent: (/Engine/Transient.ProjectileComp) Not registered. Aborting.
[2016.03.20-13.58.18:436][ 57]LogParticles: Destroying 0 GPU particle simulations for FXSystem 0x000002202E7B4360
[2016.03.20-13.58.28:458][939]LogActorComponent: UnregisterComponent: (/Engine/Transient.CharMoveComp) Not registered. Aborting.
[2016.03.20-13.58.28:459][939]LogActorComponent: UnregisterComponent: (/Engine/Transient.CharacterMovementComponent_2) Not registered. Aborting.
[2016.03.20-13.58.28:459][939]LogActorComponent: UnregisterComponent: (/Engine/Transient.ProjectileComp) Not registered. Aborting.
[2016.03.20-13.58.45:807][679]LogBlueprintUserMessages: CustomizeDetails for Blueprint 'BP_FirstPersonProjectile', cached variable property's owner is '/Game/BP_FirstPersonProjectile.SKEL_BP_FirstPersonProjectile_C'
[2016.03.20-14.00.05:782][307]LogActorComponent: UnregisterComponent: (/Engine/Transient.ProjectileMovementComponent_1) Not registered. Aborting.
[2016.03.20-14.00.05:783][307]LogActorComponent: UnregisterComponent: (/Engine/Transient.CharacterMovementComponent_3) Not registered. Aborting.
[2016.03.20-14.00.05:783][307]LogActorComponent: UnregisterComponent: (/Engine/Transient.CharacterMovementComponent_4) Not registered. Aborting.
[2016.03.20-14.00.08:722][600]LogActorComponent: UnregisterComponent: (/Engine/Transient.CharacterMovementComponent_5) Not registered. Aborting.
[2016.03.20-14.00.08:807][600]Cmd: OBJ SAVEPACKAGE PACKAGE="/Game/BP_FirstPersonProjectile" FILE="../../../../../../Users/CaptainAmerica/Desktop/Uni/GE_Project - Kopie/Content/BP_FirstPersonProjectile.uasset" SILENT=true
[2016.03.20-14.00.08:846][600]LogSavePackage: Save=20.582684ms
[2016.03.20-14.00.08:847][600]LogSavePackage: Moving '../../../../../../Users/CaptainAmerica/Desktop/Uni/GE_Project - Kopie/Saved/BP_FirstPersonProjectile685ED2AC4B57853CA21ED7841F60C54D.tmp' to '../../../../../../Users/CaptainAmerica/Desktop/Uni/GE_Project - Kopie/Content/BP_FirstPersonProjectile.uasset'
[2016.03.20-14.00.08:852][600]LogSavePackage: Total save time: 42.938400ms
[2016.03.20-14.00.08:852][600]LogSavePackage:Warning: Finished SavePackage ../../../../../../Users/CaptainAmerica/Desktop/Uni/GE_Project - Kopie/Content/BP_FirstPersonProjectile.uasset
[2016.03.20-14.00.08:874][600]Cmd: OBJ SAVEPACKAGE PACKAGE="/Game/BP_Avatar" FILE="../../../../../../Users/CaptainAmerica/Desktop/Uni/GE_Project - Kopie/Content/BP_Avatar.uasset" SILENT=true
[2016.03.20-14.00.08:924][600]LogSavePackage: Save=24.037493ms
[2016.03.20-14.00.08:925][600]LogSavePackage: Moving '../../../../../../Users/CaptainAmerica/Desktop/Uni/GE_Project - Kopie/Saved/BP_AvatarCCAA17234F049791B5D1AA8244B80E2D.tmp' to '../../../../../../Users/CaptainAmerica/Desktop/Uni/GE_Project - Kopie/Content/BP_Avatar.uasset'
[2016.03.20-14.00.08:927][600]LogSavePackage: Total save time: 51.302634ms
[2016.03.20-14.00.08:928][600]LogSavePackage:Warning: Finished SavePackage ../../../../../../Users/CaptainAmerica/Desktop/Uni/GE_Project - Kopie/Content/BP_Avatar.uasset
[2016.03.20-14.00.09:685][673]BlueprintLog: New page: Compile BP_Avatar
[2016.03.20-14.00.09:789][673]LogActorComponent: UnregisterComponent: (/Engine/Transient.ProjectileComp) Not registered. Aborting.
[2016.03.20-14.00.09:790][673]LogActorComponent: UnregisterComponent: (/Engine/Transient.CharMoveComp) Not registered. Aborting.
[2016.03.20-14.00.09:818][673]BlueprintEditorCompileResults: Info [0301.05] Compile of BP_Avatar successful! [in 132 ms]
[2016.03.20-14.00.13:935][102]BlueprintLog: New page: Pre-Play auto-recompile
[2016.03.20-14.00.13:937][102]LogActorComponent: UnregisterComponent: (/Engine/Transient.CharMoveComp) Not registered. Aborting.
[2016.03.20-14.00.13:940][102]LogPlayLevel: [PlayLevel] Compiling BP_FirstPersonProjectile before play...
[2016.03.20-14.00.13:982][102]LogPlayLevel: PlayLevel: Blueprint regeneration took 46 ms (1 blueprints)
[2016.03.20-14.00.14:005][102]PIE: New page: PIE session: MyFirstLevel (Mar 20, 2016, 4:00:14 PM)
[2016.03.20-14.00.14:005][102]LogPlayLevel: Creating play world package: /Game/UEDPIE_0_MyFirstLevel
[2016.03.20-14.00.14:036][102]LogPlayLevel: PIE: StaticDuplicateObject took: (0.029552s)
[2016.03.20-14.00.14:037][102]LogAIModule: Creating AISystem for world MyFirstLevel
[2016.03.20-14.00.14:038][102]LogPlayLevel: PIE: World Init took: (0.001532s)
[2016.03.20-14.00.14:039][102]LogPlayLevel: PIE: Created PIE world by copying editor world from /Game/MyFirstLevel.MyFirstLevel to /Game/UEDPIE_0_MyFirstLevel.MyFirstLevel (0.033533s)
[2016.03.20-14.00.14:064][102]LogInit: XAudio2 using 'Lautsprecher (Realtek High Definition Audio)' : 2 channels at 48 kHz using 32 bits per sample (channel mask 0x3)
[2016.03.20-14.00.14:073][102]LogInit: FAudioDevice initialized.
[2016.03.20-14.00.14:110][102]LogWorld: Game class is 'BP_TheBeginningGameMode_C'
[2016.03.20-14.00.14:183][102]LogWorld: Bringing World /Game/UEDPIE_0_MyFirstLevel.MyFirstLevel up for play (max tick rate 0) at 2016.03.20-15.00.14
[2016.03.20-14.00.14:184][102]LogActor:Warning: GameSession /Game/UEDPIE_0_MyFirstLevel.MyFirstLevel:PersistentLevel.GameSession_3 has natively added scene component(s), but none of them were set as the actor's RootComponent - picking one arbitrarily
[2016.03.20-14.00.14:185][102]LogActor:Warning: GameNetworkManager /Game/UEDPIE_0_MyFirstLevel.MyFirstLevel:PersistentLevel.GameNetworkManager_3 has natively added scene component(s), but none of them were set as the actor's RootComponent - picking one arbitrarily
[2016.03.20-14.00.14:187][102]LogWorld: Bringing up level for play took: 0.073366
[2016.03.20-14.00.14:190][102]PIE: Info Play in editor start time for /Game/UEDPIE_0_MyFirstLevel 1.025
[2016.03.20-14.00.24:196][287]LogCharacterMovement: BP_Avatar_C_4 is stuck and failed to move!
[2016.03.20-14.00.30:418][ 33]LogCharacterMovement: BP_Avatar_C_4 is stuck and failed to move!
[2016.03.20-14.00.30:434][ 35]LogCharacterMovement: BP_Avatar_C_4 is stuck and failed to move!
[2016.03.20-14.00.49:967][372]LogActorComponent: UnregisterComponent: (/Engine/Transient.ProjectileComp) Not registered. Aborting.
[2016.03.20-14.00.49:994][372]LogParticles: Destroying 0 GPU particle simulations for FXSystem 0x0000022044709940
[2016.03.20-14.01.05:955][839]LogActorComponent: UnregisterComponent: (/Engine/Transient.CharMoveComp) Not registered. Aborting.
[2016.03.20-14.01.05:956][839]LogActorComponent: UnregisterComponent: (/Engine/Transient.CharacterMovementComponent_6) Not registered. Aborting.
[2016.03.20-14.01.05:956][839]LogActorComponent: UnregisterComponent: (/Engine/Transient.ProjectileComp) Not registered. Aborting.
[2016.03.20-14.01.14:916][535]LogActorComponent: UnregisterComponent: (/Engine/Transient.CharacterMovementComponent_7) Not registered. Aborting.
[2016.03.20-14.01.20:026][ 46]BlueprintLog: New page: Compile BP_Avatar
[2016.03.20-14.01.20:132][ 46]LogActorComponent: UnregisterComponent: (/Engine/Transient.CharacterMovementComponent_8) Not registered. Aborting.
[2016.03.20-14.01.20:159][ 46]BlueprintEditorCompileResults: Info [0371.39] Compile of BP_Avatar successful! [in 131 ms]
[2016.03.20-14.01.21:963][221]LogActorComponent: UnregisterComponent: (/Engine/Transient.CharMoveComp) Not registered. Aborting.
[2016.03.20-14.01.22:045][221]Cmd: OBJ SAVEPACKAGE PACKAGE="/Game/BP_Avatar" FILE="../../../../../../Users/CaptainAmerica/Desktop/Uni/GE_Project - Kopie/Content/BP_Avatar.uasset" SILENT=true
[2016.03.20-14.01.22:084][221]LogSavePackage: Save=23.083420ms
[2016.03.20-14.01.22:084][221]LogSavePackage: Moving '../../../../../../Users/CaptainAmerica/Desktop/Uni/GE_Project - Kopie/Saved/BP_Avatar4ED45A944E9F01CC057466991C6BE381.tmp' to '../../../../../../Users/CaptainAmerica/Desktop/Uni/GE_Project - Kopie/Content/BP_Avatar.uasset'
[2016.03.20-14.01.22:088][221]LogSavePackage: Total save time: 40.633220ms
[2016.03.20-14.01.22:088][221]LogSavePackage:Warning: Finished SavePackage ../../../../../../Users/CaptainAmerica/Desktop/Uni/GE_Project - Kopie/Content/BP_Avatar.uasset
[2016.03.20-14.01.24:394][463]LogPlayLevel: PlayLevel: No blueprints needed recompiling
[2016.03.20-14.01.24:395][463]PIE: New page: PIE session: MyFirstLevel (Mar 20, 2016, 4:01:24 PM)
[2016.03.20-14.01.24:396][463]LogPlayLevel: Creating play world package: /Game/UEDPIE_0_MyFirstLevel
[2016.03.20-14.01.24:427][463]LogPlayLevel: PIE: StaticDuplicateObject took: (0.030639s)
[2016.03.20-14.01.24:428][463]LogAIModule: Creating AISystem for world MyFirstLevel
[2016.03.20-14.01.24:429][463]LogPlayLevel: PIE: World Init took: (0.001440s)
[2016.03.20-14.01.24:430][463]LogPlayLevel: PIE: Created PIE world by copying editor world from /Game/MyFirstLevel.MyFirstLevel to /Game/UEDPIE_0_MyFirstLevel.MyFirstLevel (0.034316s)
[2016.03.20-14.01.24:430][463]LogActorComponent: UnregisterComponent: (/Engine/Transient.CharMoveComp) Not registered. Aborting.
[2016.03.20-14.01.24:457][463]LogInit: XAudio2 using 'Lautsprecher (Realtek High Definition Audio)' : 2 channels at 48 kHz using 32 bits per sample (channel mask 0x3)
[2016.03.20-14.01.24:466][463]LogInit: FAudioDevice initialized.
[2016.03.20-14.01.24:504][463]LogWorld: Game class is 'BP_TheBeginningGameMode_C'
[2016.03.20-14.01.24:572][463]LogWorld: Bringing World /Game/UEDPIE_0_MyFirstLevel.MyFirstLevel up for 