[2016.03.14-10.42.57:041][  0]Log file open, 03/14/16 11:42:57
[2016.03.14-10.42.57:041][  0]LogInit:Display: Running engine for game: TheBeginning
[2016.03.14-10.42.57:041][  0]LogInit:Display: RandInit(1149768501) SRandInit(1149768502).
[2016.03.14-10.42.57:041][  0]LogTaskGraph: Started task graph with 4 named threads and 7 total threads.
[2016.03.14-10.42.57:041][  0]LogStats: Stats thread started at 0.081980
[2016.03.14-10.42.57:041][  0]LogInit: Version: 4.9.2-2707645+++depot+UE4-Releases+4.9
[2016.03.14-10.42.57:041][  0]LogInit: API Version: 2672455
[2016.03.14-10.42.57:041][  0]LogInit: Compiled (64-bit): Sep 28 2015 10:25:44
[2016.03.14-10.42.57:041][  0]LogInit: Compiled with Visual C++: 18.00.21005.01
[2016.03.14-10.42.57:041][  0]LogInit: Build Configuration: Development
[2016.03.14-10.42.57:041][  0]LogInit: Branch Name: ++depot+UE4-Releases+4.9
[2016.03.14-10.42.57:041][  0]LogInit: Command line:  
[2016.03.14-10.42.57:041][  0]LogInit: Base directory: D:/Programme/Epic Games/4.9/Engine/Binaries/Win64/
[2016.03.14-10.42.57:041][  0]LogInit: Rocket: 1
[2016.03.14-10.42.57:047][  0]LogInit: Using libcurl 7.41.0
[2016.03.14-10.42.57:047][  0]LogInit:  - built for x86_64-pc-win32
[2016.03.14-10.42.57:047][  0]LogInit:  - supports SSL with WinSSL
[2016.03.14-10.42.57:047][  0]LogInit:  - other features:
[2016.03.14-10.42.57:047][  0]LogInit:      CURL_VERSION_SSL
[2016.03.14-10.42.57:047][  0]LogInit:      CURL_VERSION_IPV6
[2016.03.14-10.42.57:047][  0]LogInit:      CURL_VERSION_ASYNCHDNS
[2016.03.14-10.42.57:047][  0]LogInit:      CURL_VERSION_LARGEFILE
[2016.03.14-10.42.57:047][  0]LogInit:      CURL_VERSION_IDN
[2016.03.14-10.42.57:047][  0]LogInit:  CurlRequestOptions (configurable via config and command line):
[2016.03.14-10.42.57:047][  0]LogInit:  - bVerifyPeer = true  - Libcurl will verify peer certificate
[2016.03.14-10.42.57:047][  0]LogInit:  - bUseHttpProxy = false  - Libcurl will NOT use HTTP proxy
[2016.03.14-10.42.57:047][  0]LogInit:  - bDontReuseConnections = false  - Libcurl will reuse connections
[2016.03.14-10.42.57:047][  0]LogInit:  - CertBundlePath = nullptr  - Libcurl will use whatever was configured at build time.
[2016.03.14-10.42.57:051][  0]LogInit: Presizing for 0 objects not considered by GC, pre-allocating 0 bytes.
[2016.03.14-10.42.57:057][  0]LogInit: Object subsystem initialized
[2016.03.14-10.42.57:058][  0]LogInit: Selected Device Profile: [Windows]
[2016.03.14-10.42.57:058][  0]LogInit: Applying CVar settings loaded from the selected device profile: [Windows]
[2016.03.14-10.42.57:066][  0]LogInit: Computer: PC1021500895
[2016.03.14-10.42.57:066][  0]LogInit: User: VR
[2016.03.14-10.42.57:066][  0]LogInit: CPU Page size=4096, Cores=4
[2016.03.14-10.42.57:066][  0]LogInit: High frequency timer resolution =3.507500 MHz
[2016.03.14-10.42.57:066][  0]LogMemory: Memory total: Physical=15.9GB (16GB approx)
[2016.03.14-10.42.57:066][  0]LogMemory: Platform Memory Stats for Windows
[2016.03.14-10.42.57:066][  0]LogMemory: Process Physical Memory: 52.68 MB used, 52.68 MB peak
[2016.03.14-10.42.57:066][  0]LogMemory: Process Virtual Memory: 56.11 MB used, 56.11 MB peak
[2016.03.14-10.42.57:066][  0]LogMemory: Physical Memory: 5157.51 MB used, 16261.17 MB total
[2016.03.14-10.42.57:066][  0]LogMemory: Virtual Memory: 347.69 MB used, 134217728.00 MB total
[2016.03.14-10.42.57:107][  0]LogTextLocalizationManager: No translations for ('de-DE') exist, falling back to 'en' for localization and internationalization data.
[2016.03.14-10.42.57:676][  0]LogD3D11RHI: Found D3D11 adapter 0: NVIDIA GeForce GTX 970 (Feature Level 11_0)
[2016.03.14-10.42.57:676][  0]LogD3D11RHI: Adapter has 3976MB of dedicated video memory, 0MB of dedicated system memory, and 8130MB of shared system memory, 1 output[s]
[2016.03.14-10.42.57:677][  0]LogD3D11RHI: Found D3D11 adapter 1: Microsoft Basic Render Driver (Feature Level 11_0)
[2016.03.14-10.42.57:677][  0]LogD3D11RHI: Adapter has 0MB of dedicated video memory, 0MB of dedicated system memory, and 256MB of shared system memory, 0 output[s]
[2016.03.14-10.42.57:677][  0]LogD3D11RHI: Chosen D3D11 Adapter Id = 0
[2016.03.14-10.42.57:680][  0]LogD3D11RHI: !Direct3DDevice
[2016.03.14-10.42.57:680][  0]LogRHI: Texture pool is 1361 MB (70% of 1945 MB)
[2016.03.14-10.42.57:689][  0]LogD3D11RHI: Async texture creation enabled
[2016.03.14-10.42.57:704][  0]LogShaderCompilers: Guid format shader working directory is 15 characters bigger than the processId version (../../../../../../UnrealProjects/GE_Project/Intermediate/Shaders/WorkingDirectory/5504/).
[2016.03.14-10.42.57:704][  0]LogShaderCompilers: Cleaned the shader compiler working directory '../../../../../../UnrealProjects/GE_Project/Intermediate/Shaders/tmp/83537DEE471914C72B717989DA092C20/'.
[2016.03.14-10.42.57:704][  0]LogShaderCompilers:Display: Using Local Shader Compiler.
[2016.03.14-10.42.58:538][  0]LogTemp:Display: Loaded TP AllDesktopTargetPlatform
[2016.03.14-10.42.58:543][  0]LogTemp:Display: Loaded TP WindowsClientTargetPlatform
[2016.03.14-10.42.58:547][  0]LogTemp:Display: Loaded TP WindowsNoEditorTargetPlatform
[2016.03.14-10.42.58:550][  0]LogTemp:Display: Loaded TP WindowsServerTargetPlatform
[2016.03.14-10.42.58:554][  0]LogTemp:Display: Loaded TP WindowsTargetPlatform
[2016.03.14-10.42.58:556][  0]LogTemp:Display: Loaded TP AndroidTargetPlatform
[2016.03.14-10.42.58:558][  0]LogTemp:Display: Loaded TP Android_ASTCTargetPlatform
[2016.03.14-10.42.58:560][  0]LogTemp:Display: Loaded TP Android_ATCTargetPlatform
[2016.03.14-10.42.58:563][  0]LogTemp:Display: Loaded TP Android_DXTTargetPlatform
[2016.03.14-10.42.58:566][  0]LogTemp:Display: Loaded TP Android_ETC1TargetPlatform
[2016.03.14-10.42.58:569][  0]LogTemp:Display: Loaded TP Android_ETC2TargetPlatform
[2016.03.14-10.42.58:571][  0]LogTemp:Display: Loaded TP Android_PVRTCTargetPlatform
[2016.03.14-10.42.58:571][  0]LogTemp:Display: Loaded TP HTML5TargetPlatform
[2016.03.14-10.42.58:586][  0]LogTemp:Display: Loaded TP IOSTargetPlatform
[2016.03.14-10.42.58:588][  0]LogTemp:Display: Loaded TP LinuxNoEditorTargetPlatform
[2016.03.14-10.42.58:591][  0]LogTemp:Display: Loaded TP LinuxServerTargetPlatform
[2016.03.14-10.42.58:594][  0]LogTemp:Display: Loaded TP LinuxTargetPlatform
[2016.03.14-10.42.58:594][  0]LogTargetPlatformManager:Display: Building Assets For Windows
[2016.03.14-10.42.58:647][  0]LogDerivedDataCache:Display: Max Cache Size: 512 MB
[2016.03.14-10.42.58:691][  0]LogDerivedDataCache: Loaded boot cache 0.04s 41MB C:/Users/VR/AppData/Local/UnrealEngine/4.9/DerivedDataCache/Boot.ddc.
[2016.03.14-10.42.58:691][  0]LogDerivedDataCache:Display: Loaded Boot cache: C:/Users/VR/AppData/Local/UnrealEngine/4.9/DerivedDataCache/Boot.ddc
[2016.03.14-10.42.58:691][  0]LogDerivedDataCache: FDerivedDataBackendGraph:  Pak pak cache file ../../../../../../UnrealProjects/GE_Project/DerivedDataCache/DDC.ddp not found, will not use a pak cache.
[2016.03.14-10.42.58:691][  0]LogDerivedDataCache: Unable to find inner node Pak for hierarchical cache Hierarchy.
[2016.03.14-10.42.58:691][  0]LogDerivedDataCache: FDerivedDataBackendGraph:  CompressedPak pak cache file ../../../../../../UnrealProjects/GE_Project/DerivedDataCache/Compressed.ddp not found, will not use a pak cache.
[2016.03.14-10.42.58:691][  0]LogDerivedDataCache: Unable to find inner node CompressedPak for hierarchical cache Hierarchy.
[2016.03.14-10.42.58:812][  0]LogDerivedDataCache:Display: Pak cache opened for reading ../../../Engine/DerivedDataCache/Compressed.ddp.
[2016.03.14-10.42.58:824][  0]LogDerivedDataCache: Using Local data cache path C:/Users/VR/AppData/Local/UnrealEngine/Common/DerivedDataCache: Writable
[2016.03.14-10.42.58:972][  0]LogInit: Selected Device Profile: [Windows]
[2016.03.14-10.42.58:974][  0]LogContentStreaming: Texture pool size is 0.000000MB
[2016.03.14-10.42.59:075][  0]LogMeshUtilities: No automatic mesh reduction module available
[2016.03.14-10.42.59:075][  0]LogMeshUtilities: No automatic mesh merging module available
[2016.03.14-10.42.59:274][  0]LogInit: WinSock: version 1.1 (2.2), MaxSocks=32767, MaxUdp=65467
[2016.03.14-10.42.59:827][  0]UdpMessaging: Initializing bridge on interface 0.0.0.0:0 to multicast group 230.0.0.1:6666.
[2016.03.14-10.42.59:921][  0]LogAssetRegistry: FAssetRegistry took 0.0105 seconds to start up
[2016.03.14-10.43.00:040][  0]SourceControl: Info Source control is disabled
[2016.03.14-10.43.00:046][  0]SourceControl: Info Source control is disabled
[2016.03.14-10.43.00:052][  0]SourceControl: Info Source control is disabled
[2016.03.14-10.43.00:058][  0]SourceControl: Info Source control is disabled
[2016.03.14-10.43.00:148][  0]LogLinker:Warning: Asset '../../../Engine/Plugins/Runtime/LeapMotionController/Content/LM_PassthroughMaterial.uasset' has been saved with empty engine version. The asset will be loaded but may be incompatible.
[2016.03.14-10.43.00:246][  0]LeapPluginLog: Using LeapPlugin version 0.9.6
[2016.03.14-10.43.00:250][  0]LogObj: 29039 objects as part of root set at end of initial load.
[2016.03.14-10.43.00:250][  0]LogUObjectAllocator: 6182880 out of 0 bytes used by permanent object pool.
[2016.03.14-10.43.00:296][  0]LogEngine: Initializing Engine...
[2016.03.14-10.43.00:298][  0]OCULUS: Info: 03/14/16 10:43:00: [CAPI] LibOVR module is located at C:\Windows\SYSTEM32\LibOVRRT64_0_7.dll

[2016.03.14-10.43.00:299][  0]LogHMD: Oculus plugin initialized. Version: 4.9.2-2707645+++depot+UE4-Releases+4.9, LibOVR: 0.7.0.0, built Sep 28 2015, 10:27:52
[2016.03.14-10.43.00:404][  0]LogAIModule: Creating AISystem for world NewWorld
[2016.03.14-10.43.00:415][  0]LogInit: XAudio2 using 'HP E221c-8 (NVIDIA High Definition Audio)' : 2 channels at 48 kHz using 16 bits per sample (channel mask 0x3)
[2016.03.14-10.43.00:426][  0]LogInit: FAudioDevice initialized.
[2016.03.14-10.43.00:445][  0]LogDerivedDataCache: Saved boot cache 0.02s 41MB C:/Users/VR/AppData/Local/UnrealEngine/4.9/DerivedDataCache/Boot.ddc.
[2016.03.14-10.43.00:450][  0]LogInit: Texture streaming: Enabled
[2016.03.14-10.43.00:453][  0]LogAnalytics: Creating configured Analytics provider AnalyticsET
[2016.03.14-10.43.00:453][  0]LogAnalytics: [UEEditor.Rocket.Release] APIServer = http://et2.epicgames.com/ET2/. AppVersion = 4.9.2-2707645+++depot+UE4-Releases+4.9
[2016.03.14-10.43.00:453][  0]LogAnalytics: [UEEditor.Rocket.Release] SetUserId 8c1436b7469470d4e6ebefb46ce7086e|0318ce7eb266467aa7a1e63543527494|c39e7128-8a93-45bc-b94e-b28d0faf1958
[2016.03.14-10.43.00:453][  0]LogAnalytics: [UEEditor.Rocket.Release] AnalyticsET::StartSession
[2016.03.14-10.43.00:462][  0]LogWindowsTextInputMethodSystem:Display: IME system now deactivated.
[2016.03.14-10.43.00:473][  0]LogInit: Transaction tracking system initialized
[2016.03.14-10.43.00:488][  0]BlueprintLog: New page: Editor Load
[2016.03.14-10.43.00:531][  0]LocalizationService: Info Localization service is disabled
[2016.03.14-10.43.00:572][  0]LogLinker:Warning: Can't find file '/Game/FirstPersonBP/FirstPersonOverview'
[2016.03.14-10.43.00:572][  0]LogLinker:Warning: Can't find file '/Game/FirstPersonBP/FirstPersonOverview'
[2016.03.14-10.43.00:572][  0]LogUObjectGlobals:Warning: Failed to find object 'Class /Game/FirstPersonBP/FirstPersonOverview.FirstPersonOverview_C'
[2016.03.14-10.43.00:580][  0]LogConsoleResponse:Display: 
[2016.03.14-10.43.00:671][  0]LogCook:Display: Done creating registry. It took  0.00s.
[2016.03.14-10.43.00:702][  0]LogFileCache: Scanning file cache for directory 'D:/UnrealProjects/GE_Project/Content/' took 0.01s
[2016.03.14-10.43.00:702][  0]SourceControl: Info Source control is disabled
[2016.03.14-10.43.00:703][  0]Cmd: MAP LOAD FILE="../../../../../../UnrealProjects/GE_Project/Content/StarterContent/Maps/Minimal_Default.umap" TEMPLATE=0 SHOWPROGRESS=1 FEATURELEVEL=3
[2016.03.14-10.43.00:703][  0]LightingResults: New page: Lighting Build
[2016.03.14-10.43.00:704][  0]MapCheck: New page: Map Check
[2016.03.14-10.43.00:704][  0]LightingResults: New page: Lighting Build
[2016.03.14-10.43.00:713][  0]LogParticles: Destroying 0 GPU particle simulations for FXSystem 0x000000AC3DCB8400
[2016.03.14-10.43.01:025][  0]LogAIModule: Creating AISystem for world Minimal_Default
[2016.03.14-10.43.01:033][  0]LogEditorServer: Finished looking for orphan Actors (0.000 secs)
[2016.03.14-10.43.01:033][  0]Cmd: MAP CHECKDEP NOCLEARLOG
[2016.03.14-10.43.01:068][  0]MapCheck: Info Map check complete: 0 Error(s), 0 Warning(s), took 34.159ms to complete.
[2016.03.14-10.43.01:068][  0]LogFileHelpers: Loading map 'Minimal_Default' took 0.365
[2016.03.14-10.43.01:162][  0]LogCollectionManager: Loaded 0 collections in 0.001041 seconds
[2016.03.14-10.43.01:208][  0]LogFileCache: Scanning file cache for directory 'D:/UnrealProjects/GE_Project/Saved/Collections/' took 0.01s
[2016.03.14-10.43.01:208][  0]LogFileCache: Scanning file cache for directory 'D:/UnrealProjects/GE_Project/Content/Developers/VR/Collections/' took 0.01s
[2016.03.14-10.43.01:208][  0]LogFileCache: Scanning file cache for directory 'D:/UnrealProjects/GE_Project/Content/Collections/' took 0.01s
[2016.03.14-10.43.01:208][  0]LogContentBrowser: Native class hierarchy populated in 0.0115 seconds. Added 1899 classes and 339 folders.
[2016.03.14-10.43.01:212][  0]LogCollectionManager: Rebuilt the GUID cache for 0 collections in 0.000002 seconds
[2016.03.14-10.43.01:216][  0]LogContentBrowser: Native class hierarchy updated for 'WidgetCarousel' in 0.0009 seconds. Added 0 classes and 0 folders.
[2016.03.14-10.43.01:253][  0]LogContentBrowser: Native class hierarchy updated for 'AddContentDialog' in 0.0014 seconds. Added 0 classes and 0 folders.
[2016.03.14-10.43.01:256][  0]LogContentBrowser: Native class hierarchy updated for 'SceneOutliner' in 0.0008 seconds. Added 1 classes and 2 folders.
[2016.03.14-10.43.01:301][  0]LogCrashTracker: Crashtracker disabled due to settings.
[2016.03.14-10.43.01:312][  0]LogUObjectGlobals:Warning: Failed to find object 'Class None.'
[2016.03.14-10.43.01:334][  0]LogLoad: Full Startup: 4.93 seconds (BP compile: 0.04 seconds)
[2016.03.14-10.43.01:422][  0]LogContentStreaming: Texture pool size now 1000 MB
[2016.03.14-10.43.01:538][  0]LogRenderer: Reallocating scene render targets to support 1216x576 (Frame:2).
[2016.03.14-10.43.01:681][  1]LogFileCache: Retrieving MD5 hashes for directory 'D:/UnrealProjects/GE_Project/Content/' took 0.33s
[2016.03.14-10.43.02:361][  3]LogAssetRegistry: Asset discovery search completed in 2.4507 seconds
[2016.03.14-10.43.02:361][  3]LogCollectionManager: Rebuilt the object cache for 0 collections in 0.000002 seconds (found 0 objects)
[2016.03.14-10.43.02:361][  3]LogCollectionManager: Fixed up redirectors for 0 collections in 0.000028 seconds (updated 0 objects)
[2016.03.14-10.43.10:486][663]Cmd: MAP LOAD FILE="../../../../../../UnrealProjects/GE_Project/Content/MyFirstLevel.umap" TEMPLATE=0 SHOWPROGRESS=1 FEATURELEVEL=3
[2016.03.14-10.43.10:509][663]LightingResults: New page: Lighting Build
[2016.03.14-10.43.10:522][663]LoadErrors: New page: Loading map: MyFirstLevel.umap
[2016.03.14-10.43.10:522][663]MapCheck: New page: Map Check
[2016.03.14-10.43.10:522][663]LightingResults: New page: Lighting Build
[2016.03.14-10.43.10:532][663]LogParticles: Destroying 0 GPU particle simulations for FXSystem 0x000000AC2A467600
[2016.03.14-10.43.10:606][663]LogBlueprint:Warning: [compiler Ue4ASP_Character] Warning Input Axis Event references unknown Axis 'LookUp' for  InputAxis LookUp 
[2016.03.14-10.43.10:606][663]LogBlueprint:Warning: [compiler Ue4ASP_Character] Warning Input Axis Event references unknown Axis 'Turn' for  InputAxis Turn 
[2016.03.14-10.43.10:606][663]LogBlueprint:Warning: [compiler Ue4ASP_Character] Warning Input Axis Event references unknown Axis 'MoveRight' for  InputAxis MoveRight 
[2016.03.14-10.43.10:607][663]LogBlueprint:Warning: [compiler Ue4ASP_Character] Warning Input Axis Event references unknown Axis 'MoveForward' for  InputAxis MoveForward 
[2016.03.14-10.43.10:609][663]LogBlueprint:Warning: [compiler Ue4ASP_Character] Warning [0014.20] Compile of Ue4ASP_Character successful, but with 4 Warning(s) [in 5 ms]
[2016.03.14-10.43.10:609][663]LogBlueprint:Warning: [compiler Ue4ASP_Character] Warning [0014.20] Compile of Ue4ASP_Character successful, but with 5 Warning(s) [in 0 ms]
[2016.03.14-10.43.10:609][663]LogBlueprint:Warning: [compiler Ue4ASP_Character] Warning [0014.20] Compile of Ue4ASP_Character successful, but with 6 Warning(s) [in 0 ms]
[2016.03.14-10.43.10:665][663]LogBlueprint:Warning: [compiler Ue4ASP_Character] Warning Input Axis Event references unknown Axis 'LookUp' for  InputAxis LookUp 
[2016.03.14-10.43.10:665][663]LogBlueprint:Warning: [compiler Ue4ASP_Character] Warning Input Axis Event references unknown Axis 'Turn' for  InputAxis Turn 
[2016.03.14-10.43.10:666][663]LogBlueprint:Warning: [compiler Ue4ASP_Character] Warning Input Axis Event references unknown Axis 'MoveRight' for  InputAxis MoveRight 
[2016.03.14-10.43.10:666][663]LogBlueprint:Warning: [compiler Ue4ASP_Character] Warning Input Axis Event references unknown Axis 'MoveForward' for  InputAxis MoveForward 
[2016.03.14-10.43.10:668][663]LogBlueprint:Warning: [compiler Ue4ASP_Character] Warning [0014.26] Compile of Ue4ASP_Character successful, but with 4 Warning(s) [in 6 ms]
[2016.03.14-10.43.10:668][663]LogBlueprint:Warning: [compiler Ue4ASP_Character] Warning [0014.26] Compile of Ue4ASP_Character successful, but with 5 Warning(s) [in 0 ms]
[2016.03.14-10.43.10:669][663]LogBlueprint:Warning: [compiler Ue4ASP_Character] Warning [0014.26] Compile of Ue4ASP_Character successful, but with 6 Warning(s) [in 0 ms]
[2016.03.14-10.43.11:139][663]LogAIModule: Creating AISystem for world MyFirstLevel
[2016.03.14-10.43.11:313][663]LogEditorServer: Finished looking for orphan Actors (0.000 secs)
[2016.03.14-10.43.11:366][663]Cmd: MAP CHECKDEP NOCLEARLOG
[2016.03.14-10.43.11:414][663]MapCheck: Info Map check complete: 0 Error(s), 0 Warning(s), took 47.879ms to complete.
[2016.03.14-10.43.11:414][663]LogFileHelpers: Loading map 'MyFirstLevel' took 0.930
[2016.03.14-10.43.11:449][664]Cmd: UpdateLandscapeEditorData -warnings
[2016.03.14-10.43.21:786][807]LogBlueprintUserMessages: Early PlayInEditor Detection: Level '/Game/MyFirstLevel.MyFirstLevel:PersistentLevel' has LevelScriptBlueprint '/Game/MyFirstLevel.MyFirstLevel:PersistentLevel.MyFirstLevel' with GeneratedClass '/Game/MyFirstLevel.MyFirstLevel_C' with ClassGeneratedBy '/Game/MyFirstLevel.MyFirstLevel:PersistentLevel.MyFirstLevel'
[2016.03.14-10.43.21:786][807]LogPlayLevel: PlayLevel: No blueprints needed recompiling
[2016.03.14-10.43.21:786][807]LogHMD:Warning: HMD Oculus Rift DK2, res = 1920 x 1080
[2016.03.14-10.43.21:787][807]PIE: New page: PIE session: MyFirstLevel (Mar 14, 2016, 12:43:21 PM)
[2016.03.14-10.43.21:787][807]LogPlayLevel: Creating play world package: /Game/UEDPIE_0_MyFirstLevel
[2016.03.14-10.43.21:827][807]LogPlayLevel: PIE: StaticDuplicateObject took: (0.040203s)
[2016.03.14-10.43.21:827][807]LogAIModule: Creating AISystem for world MyFirstLevel
[2016.03.14-10.43.21:827][807]LogPlayLevel: PIE: World Init took: (0.000438s)
[2016.03.14-10.43.21:828][807]LogPlayLevel: PIE: Created PIE world by copying editor world from /Game/MyFirstLevel.MyFirstLevel to /Game/UEDPIE_0_MyFirstLevel.MyFirstLevel (0.040963s)
[2016.03.14-10.43.21:828][807]LogActorComponent: UnregisterComponent: (/Engine/Transient.CharMoveComp) Not registered. Aborting.
[2016.03.14-10.43.21:859][807]LogInit: XAudio2 using 'HP E221c-8 (NVIDIA High Definition Audio)' : 2 channels at 48 kHz using 16 bits per sample (channel mask 0x3)
[2016.03.14-10.43.21:870][807]LogInit: FAudioDevice initialized.
[2016.03.14-10.43.21:926][807]LogLinker:Warning: Can't find file '/Script/Kinect4Unreal'
[2016.03.14-10.43.21:926][807]LogLinker:Warning: Can't find file for asset '/Script/Kinect4Unreal' while loading ../../../../../../UnrealProjects/GE_Project/Content/BP_Avatar.uasset.
[2016.03.14-10.43.21:926][807]LoadErrors:Error: Error /Game/BP_Avatar : Can't find file for asset. /Script/Kinect4Unreal
[2016.03.14-10.43.21:926][807]LogLinker:Warning: Can't find file '/Script/Kinect4Unreal'
[2016.03.14-10.43.21:927][807]LogLinker:Warning: Can't find file for asset '/Script/Kinect4Unreal' while loading ../../../../../../UnrealProjects/GE_Project/Content/BP_Avatar.uasset.
[2016.03.14-10.43.21:927][807]LogLinker:Warning: Can't find file '/Script/Kinect4Unreal'
[2016.03.14-10.43.21:927][807]LogLinker:Warning: Can't find file for asset '/Script/Kinect4Unreal' while loading ../../../../../../UnrealProjects/GE_Project/Content/BP_Avatar.uasset.
[2016.03.14-10.43.21:927][807]LogLinker:Warning: Can't find file '/Script/Kinect4Unreal'
[2016.03.14-10.43.21:927][807]LogLinker:Warning: Can't find file for asset '/Script/Kinect4Unreal' while loading ../../../../../../UnrealProjects/GE_Project/Content/BP_Avatar.uasset.
[2016.03.14-10.43.21:927][807]LogLinker:Warning: Can't find file '/Script/Kinect4Unreal'
[2016.03.14-10.43.21:927][807]LogLinker:Warning: Can't find file for asset '/Script/Kinect4Unreal' while loading ../../../../../../UnrealProjects/GE_Project/Content/BP_Avatar.uasset.
[2016.03.14-10.43.21:927][807]LogLinker:Warning: Can't find file '/Script/Kinect4Unreal'
[2016.03.14-10.43.21:927][807]LogLinker:Warning: Can't find file for asset '/Script/Kinect4Unreal' while loading ../../../../../../UnrealProjects/GE_Project/Content/BP_Avatar.uasset.
[2016.03.14-10.43.21:928][807]LogLinker:Warning: Can't find file '/Script/Kinect4Unreal'
[2016.03.14-10.43.21:928][807]LogLinker:Warning: Can't find file for asset '/Script/Kinect4Unreal' while loading ../../../../../../UnrealProjects/GE_Project/Content/BP_Avatar.uasset.
[2016.03.14-10.43.21:928][807]LogLinker:Warning: Can't find file '/Script/Kinect4Unreal'
[2016.03.14-10.43.21:928][807]LogLinker:Warning: Can't find file for asset '/Script/Kinect4Unreal' while loading ../../../../../../UnrealProjects/GE_Project/Content/BP_Avatar.uasset.
[2016.03.14-10.43.21:928][807]LogLinker:Warning: Can't find file '/Script/Kinect4Unreal'
[2016.03.14-10.43.21:928][807]LogLinker:Warning: Can't find file for asset '/Script/Kinect4Unreal' while loading ../../../../../../UnrealProjects/GE_Project/Content/BP_Avatar.uasset.
[2016.03.14-10.43.21:929][807]LogLinker:Warning: Can't find file '/Script/Kinect4Unreal'
[2016.03.14-10.43.21:929][807]LoadErrors: Info Failed to load /Script/Kinect4Unreal.EBodyNumber Referenced by CallFunc_GetCenteredBody_CenteredBody
[2016.03.14-10.43.21:929][807]LogLinker:Warning: Can't find file for asset '/Script/Kinect4Unreal' while loading ../../../../../../UnrealProjects/GE_Project/Content/Blueprints/BP_TheBeginningGameMode.uasset.
[2016.03.14-10.43.21:929][807]LoadErrors:Error: Error /Game/Blueprints/BP_TheBeginningGameMode : Can't find file for asset. /Script/Kinect4Unreal
[2016.03.14-10.43.21:929][807]LogLinker:Warning: Can't find file '/Script/Kinect4Unreal'
[2016.03.14-10.43.21:930][807]LoadErrors: Info Failed to load /Script/Kinect4Unreal.EHandState Referenced by CallFunc_GetHandStateAsExecution_HandState
[2016.03.14-10.43.21:930][807]LogLinker:Warning: Can't find file for asset '/Script/Kinect4Unreal' while loading ../../../../../../UnrealProjects/GE_Project/Content/Blueprints/BP_TheBeginningGameMode.uasset.
[2016.03.14-10.43.21:930][807]LogLinker:Warning: Can't find file '/Script/Kinect4Unreal'
[2016.03.14-10.43.21:930][807]LoadErrors: Info Failed to load /Script/Kinect4Unreal.EBodyNumber Referenced by CentredBody
[2016.03.14-10.43.21:930][807]LogLinker:Warning: Can't find file for asset '/Script/Kinect4Unreal' while loading ../../../../../../UnrealProjects/GE_Project/Content/Blueprints/BP_TheBeginningGameMode.uasset.
[2016.03.14-10.43.21:930][807]LogLinker:Warning: Can't find file '/Script/Kinect4Unreal'
[2016.03.14-10.43.21:930][807]LogLinker:Warning: Can't find file for asset '/Script/Kinect4Unreal' while loading ../../../../../../UnrealProjects/GE_Project/Content/Blueprints/BP_TheBeginningGameMode.uasset.
[2016.03.14-10.43.21:930][807]LogLinker:Warning: Can't find file '/Script/Kinect4Unreal'
[2016.03.14-10.43.21:930][807]LogLinker:Warning: Can't find file for asset '/Script/Kinect4Unreal' while loading ../../../../../../UnrealProjects/GE_Project/Content/Blueprints/BP_TheBeginningGameMode.uasset.
[2016.03.14-10.43.21:930][807]LogLinker:Warning: Can't find file '/Script/Kinect4Unreal'
[2016.03.14-10.43.21:930][807]LogLinker:Warning: Can't find file for asset '/Script/Kinect4Unreal' while loading ../../../../../../UnrealProjects/GE_Project/Content/Blueprints/BP_TheBeginningGameMode.uasset.
[2016.03.14-10.43.21:930][807]LogLinker:Warning: Can't find file '/Script/Kinect4Unreal'
[2016.03.14-10.43.21:930][807]LogLinker:Warning: Can't find file for asset '/Script/Kinect4Unreal' while loading ../../../../../../UnrealProjects/GE_Project/Content/Blueprints/BP_TheBeginningGameMode.uasset.
[2016.03.14-10.43.21:931][807]LogLinker:Warning: Can't find file '/Script/Kinect4Unreal'
[2016.03.14-10.43.21:931][807]LogLinker:Warning: Can't find file for asset '/Script/Kinect4Unreal' while loading ../../../../../../UnrealProjects/GE_Project/Content/Blueprints/BP_TheBeginningGameMode.uasset.
[2016.03.14-10.43.21:931][807]LogLinker:Warning: Can't find file '/Script/Kinect4Unreal'
[2016.03.14-10.43.21:931][807]LogLinker:Warning: Can't find file for asset '/Script/Kinect4Unreal' while loading ../../../../../../UnrealProjects/GE_Project/Content/Blueprints/BP_TheBeginningGameMode.uasset.
[2016.03.14-10.43.21:931][807]LogLinker:Warning: Can't find file '/Script/Kinect4Unreal'
[2016.03.14-10.43.21:931][807]LogLinker:Warning: Can't find file for asset '/Script/Kinect4Unreal' while loading ../../../../../../UnrealProjects/GE_Project/Content/Blueprints/BP_TheBeginningGameMode.uasset.
[2016.03.14-10.43.21:931][807]LogLinker:Warning: Can't find file '/Script/Kinect4Unreal'
[2016.03.14-10.43.21:931][807]LogLinker:Warning: Can't find file for asset '/Script/Kinect4Unreal' while loading ../../../../../../UnrealProjects/GE_Project/Content/Blueprints/BP_TheBeginningGameMode.uasset.
[2016.03.14-10.43.21:931][807]LogLinker:Warning: Can't find file '/Script/Kinect4Unreal'
[2016.03.14-10.43.21:931][807]LogLinker:Warning: Can't find file for asset '/Script/Kinect4Unreal' while loading ../../../../../../UnrealProjects/GE_Project/Content/Blueprints/BP_TheBeginningGameMode.uasset.
[2016.03.14-10.43.21:931][807]LogLinker:Warning: Can't find file '/Script/Kinect4Unreal'
[2016.03.14-10.43.21:931][807]LogLinker:Warning: Can't find file for asset '/Script/Kinect4Unreal' while loading ../../../../../../UnrealProjects/GE_Project/Content/Blueprints/BP_TheBeginningGameMode.uasset.
[2016.03.14-10.43.21:932][807]LogLinker:Warning: Can't find file '/Script/Kinect4Unreal'
[2016.03.14-10.43.21:932][807]LoadErrors: Info Failed to load /Script/Kinect4Unreal.EBodyNumber Referenced by BP_Avatar
[2016.03.14-10.43.21:932][807]LogLinker:Warning: Can't find file for asset '/Script/Kinect4Unreal' while loading ../../../../../../UnrealProjects/GE_Project/Content/Blueprints/BP_TheBeginningGameMode.uasset.
[2016.03.14-10.43.21:934][807]LogLinker:Warning: Can't find file '/Script/Kinect4Unreal'
[2016.03.14-10.43.21:934][807]LoadErrors: Info Failed to load /Script/Kinect4Unreal.KinectInterfaceComponent Referenced by K2Node_CallFunction_2965
[2016.03.14-10.43.21:934][807]LogLinker:Warning: Can't find file for asset '/Script/Kinect4Unreal' while loading ../../../../../../UnrealProjects/GE_Project/Content/Blueprints/BP_TheBeginningGameMode.uasset.
[2016.03.14-10.43.21:934][807]LogLinker:Warning: Can't find file '/Script/Kinect4Unreal'
[2016.03.14-10.43.21:934][807]LoadErrors: Info Failed to load /Script/Kinect4Unreal.KinectInterfaceComponent Referenced by EdGraphPin_8008
[2016.03.14-10.43.21:934][807]LogLinker:Warning: Can't find file for asset '/Script/Kinect4Unreal' while loading ../../../../../../UnrealProjects/GE_Project/Content/Blueprints/BP_TheBeginningGameMode.uasset.
[2016.03.14-10.43.21:935][807]LogLinker:Warning: Can't find file '/Script/Kinect4Unreal'
[2016.03.14-10.43.21:935][807]LoadErrors: Info Failed to load /Script/Kinect4Unreal.EBodyNumber Referenced by EdGraphPin_8009
[2016.03.14-10.43.21:935][807]LogLinker:Warning: Can't find file for asset '/Script/Kinect4Unreal' while loading ../../../../../../UnrealProjects/GE_Project/Content/Blueprints/BP_TheBeginningGameMode.uasset.
[2016.03.14-10.43.21:935][807]LogLinker:Warning: Can't find file '/Script/Kinect4Unreal'
[2016.03.14-10.43.21:935][807]LoadErrors: Info Failed to load /Script/Kinect4Unreal.KinectInterfaceComponent Referenced by EdGraphPin_7561
[2016.03.14-10.43.21:935][807]LogLinker:Warning: Can't find file for asset '/Script/Kinect4Unreal' while loading ../../../../../../UnrealProjects/GE_Project/Content/Blueprints/BP_TheBeginningGameMode.uasset.
[2016.03.14-10.43.21:935][807]LogLinker:Warning: Can't find file '/Script/Kinect4Unreal'
[2016.03.14-10.43.21:935][807]LoadErrors: Info Failed to load /Script/Kinect4Unreal.KinectInterfaceComponent Referenced by K2Node_CallFunction_4379
[2016.03.14-10.43.21:935][807]LogLinker:Warning: Can't find file for asset '/Script/Kinect4Unreal' while loading ../../../../../../UnrealProjects/GE_Project/Content/Blueprints/BP_TheBeginningGameMode.uasset.
[2016.03.14-10.43.21:935][807]LogLinker:Warning: Can't find file '/Script/Kinect4Unreal'
[2016.03.14-10.43.21:936][807]LoadErrors: Info Failed to load /Script/Kinect4Unreal.KinectInterfaceComponent Referenced by EdGraphPin_8027
[2016.03.14-10.43.21:936][807]LogLinker:Warning: Can't find file for asset '/Script/Kinect4Unreal' while loading ../../../../../../UnrealProjects/GE_Project/Content/Blueprints/BP_TheBeginningGameMode.uasset.
[2016.03.14-10.43.21:936][807]LogLinker:Warning: Can't find file '/Script/Kinect4Unreal'
[2016.03.14-10.43.21:936][807]LoadErrors: Info Failed to load /Script/Kinect4Unreal.EHands Referenced by EdGraphPin_8028
[2016.03.14-10.43.21:936][807]LogLinker:Warning: Can't find file for asset '/Script/Kinect4Unreal' while loading ../../../../../../UnrealProjects/GE_Project/Content/Blueprints/BP_TheBeginningGameMode.uasset.
[2016.03.14-10.43.21:936][807]LogLinker:Warning: Can't find file '/Script/Kinect4Unreal'
[2016.03.14-10.43.21:936][807]LoadErrors: Info Failed to load /Script/Kinect4Unreal.EBodyNumber Referenced by EdGraphPin_8029
[2016.03.14-10.43.21:936][807]LogLinker:Warning: Can't find file for asset '/Script/Kinect4Unreal' while loading ../../../../../../UnrealProjects/GE_Project/Content/Blueprints/BP_TheBeginningGameMode.uasset.
[2016.03.14-10.43.21:936][807]LogLinker:Warning: Can't find file '/Script/Kinect4Unreal'
[2016.03.14-10.43.21:936][807]LoadErrors: Info Failed to load /Script/Kinect4Unreal.EHandState Referenced by EdGraphPin_8030
[2016.03.14-10.43.21:936][807]LogLinker:Warning: Can't find file for asset '/Script/Kinect4Unreal' while loading ../../../../../../UnrealProjects/GE_Project/Content/Blueprints/BP_TheBeginningGameMode.uasset.
[2016.03.14-10.43.21:936][807]LogLinker:Warning: Can't find file '/Script/Kinect4Unreal'
[2016.03.14-10.43.21:936][807]LoadErrors: Info Failed to load /Script/Kinect4Unreal.KinectInterfaceComponent Referenced by EdGraphPin_7486
[2016.03.14-10.43.21:936][807]LogLinker:Warning: Can't find file for asset '/Script/Kinect4Unreal' while loading ../../../../../../UnrealProjects/GE_Project/Content/Blueprints/BP_TheBeginningGameMode.uasset.
[2016.03.14-10.43.21:938][807]LogLinker:Warning: Can't find file '/Script/Kinect4Unreal'
[2016.03.14-10.43.21:938][807]LoadErrors: Info Failed to load /Script/Kinect4Unreal.KinectInterfaceComponent Referenced by K2Node_CallFunction_2550
[2016.03.14-10.43.21:938][807]LogLinker:Warning: Can't find file for asset '/Script/Kinect4Unreal' while loading ../../../../../../UnrealProjects/GE_Project/Content/Blueprints/BP_TheBeginningGameMode.uasset.
[2016.03.14-10.43.21:938][807]LogLinker:Warning: Can't find file '/Script/Kinect4Unreal'
[2016.03.14-10.43.21:938][807]LoadErrors: Info Failed to load /Script/Kinect4Unreal.KinectInterfaceComponent Referenced by EdGraphPin_8141
[2016.03.14-10.43.21:938][807]LogLinker:Warning: Can't find file for asset '/Script/Kinect4Unreal' while loading ../../../../../../UnrealProjects/GE_Project/Content/Blueprints/BP_TheBeginningGameMode.uasset.
[2016.03.14-10.43.21:938][807]LogLinker:Warning: Can't find file '/Script/Kinect4Unreal'
[2016.03.14-10.43.21:938][807]LoadErrors: Info Failed to load /Script/Kinect4Unreal.EHands Referenced by EdGraphPin_8142
[2016.03.14-10.43.21:938][807]LogLinker:Warning: Can't find file for asset '/Script/Kinect4Unreal' while loading ../../../../../../UnrealProjects/GE_Project/Content/Blueprints/BP_TheBeginningGameMode.uasset.
[2016.03.14-10.43.21:938][807]LogLinker:Warning: Can't find file '/Script/Kinect4Unreal'
[2016.03.14-10.43.21:938][807]LoadErrors: Info Failed to load /Script/Kinect4Unreal.EBodyNumber Referenced by EdGraphPin_8143
[2016.03.14-10.43.21:939][807]LogLinker:Warning: Can't find file for asset '/Script/Kinect4Unreal' while loading ../../../../../../UnrealProjects/GE_Project/Content/Blueprints/BP_TheBeginningGameMode.uasset.
[2016.03.14-10.43.21:939][807]LogLinker:Warning: Can't find file '/Script/Kinect4Unreal'
[2016.03.14-10.43.21:939][807]LoadErrors: Info Failed to load /Script/Kinect4Unreal.EHandState Referenced by EdGraphPin_8144
[2016.03.14-10.43.21:939][807]LogLinker:Warning: Can't find file for asset '/Script/Kinect4Unreal' while loading ../../../../../../UnrealProjects/GE_Project/Content/Blueprints/BP_TheBeginningGameMode.uasset.
[2016.03.14-10.43.21:939][807]LogLinker:Warning: Can't find file '/Script/Kinect4Unreal'
[2016.03.14-10.43.21:939][807]LoadErrors: Info Failed to load /Script/Kinect4Unreal.KinectInterfaceComponent Referenced by EdGraphPin_7519
[2016.03.14-10.43.21:939][807]LogLinker:Warning: Can't find file for asset '/Script/Kinect4Unreal' while loading ../../../../../../UnrealProjects/GE_Project/Content/Blueprints/BP_TheBeginningGameMode.uasset.
[2016.03.14-10.43.21:939][807]LogLinker:Warning: Can't find file '/Script/Kinect4Unreal'
[2016.03.14-10.43.21:939][807]LoadErrors: Info Failed to load /Script/Kinect4Unreal.KinectInterfaceComponent Referenced by K2Node_CallFunction_4377
[2016.03.14-10.43.21:939][807]LogLinker:Warning: Can't find file for asset '/Script/Kinect4Unreal' while loading ../../../../../../UnrealProjects/GE_Project/Content/Blueprints/BP_TheBeginningGameMode.uasset.
[2016.03.14-10.43.21:939][807]LogLinker:Warning: Can't find file '/Script/Kinect4Unreal'
[2016.03.14-10.43.21:940][807]LoadErrors: Info Failed to load /Script/Kinect4Unreal.KinectInterfaceComponent Referenced by EdGraphPin_8167
[2016.03.14-10.43.21:940][807]LogLinker:Warning: Can't find file for asset '/Script/Kinect4Unreal' while loading ../../../../../../UnrealProjects/GE_Project/Content/Blueprints/BP_TheBeginningGameMode.uasset.
[2016.03.14-10.43.21:940][807]LogLinker:Warning: Can't find file '/Script/Kinect4Unreal'
[2016.03.14-10.43.21:940][807]LoadErrors: Info Failed to load /Script/Kinect4Unreal.EBodyNumber Referenced by EdGraphPin_8168
[2016.03.14-10.43.21:940][807]LogLinker:Warning: Can't find file for asset '/Script/Kinect4Unreal' while loading ../../../../../../UnrealProjects/GE_Project/Content/Blueprints/BP_TheBeginningGameMode.uasset.
[2016.03.14-10.43.21:940][807]LogLinker:Warning: Can't find file '/Script/Kinect4Unreal'
[2016.03.14-10.43.21:940][807]LoadErrors: Info Failed to load /Script/Kinect4Unreal.KinectInterfaceComponent Referenced by EdGraphPin_7555
[2016.03.14-10.43.21:940][807]LogLinker:Warning: Can't find file for asset '/Script/Kinect4Unreal' while loading ../../../../../../UnrealProjects/GE_Project/Content/Blueprints/BP_TheBeginningGameMode.uasset.
[2016.03.14-10.43.21:941][807]LogLinker:Warning: Can't find file '/Script/Kinect4Unreal'
[2016.03.14-10.43.21:941][807]LoadErrors: Info Failed to load /Script/Kinect4Unreal.KinectInterfaceComponent Referenced by K2Node_CallFunction_4378
[2016.03.14-10.43.21:941][807]LogLinker:Warning: Can't find file for asset '/Script/Kinect4Unreal' while loading ../../../../../../UnrealProjects/GE_Project/Content/Blueprints/BP_TheBeginningGameMode.uasset.
[2016.03.14-10.43.21:941][807]LogLinker:Warning: Can't find file '/Script/Kinect4Unreal'
[2016.03.14-10.43.21:941][807]LoadErrors: Info Failed to load /Script/Kinect4Unreal.KinectInterfaceComponent Referenced by EdGraphPin_8182
[2016.03.14-10.43.21:941][807]LogLinker:Warning: Can't find file for asset '/Script/Kinect4Unreal' while loading ../../../../../../UnrealProjects/GE_Project/Content/Blueprints/BP_TheBeginningGameMode.uasset.
[2016.03.14-10.43.21:941][807]LogLinker:Warning: Can't find file '/Script/Kinect4Unreal'
[2016.03.14-10.43.21:941][807]LoadErrors: Info Failed to load /Script/Kinect4Unreal.EKinectJoints Referenced by EdGraphPin_8183
[2016.03.14-10.43.21:942][807]LogLinker:Warning: Can't find file for asset '/Script/Kinect4Unreal' while loading ../../../../../../UnrealProjects/GE_Project/Content/Blueprints/BP_TheBeginningGameMode.uasset.
[2016.03.14-10.43.21:942][807]LogLinker:Warning: Can't find file '/Script/Kinect4Unreal'
[2016.03.14-10.43.21:942][807]LoadErrors: Info Failed to load /Script/Kinect4Unreal.EKinectJoints Referenced by EdGraphPin_8184
[2016.03.14-10.43.21:942][807]LogLinker:Warning: Can't find file for asset '/Script/Kinect4Unreal' while loading ../../../../../../UnrealProjects/GE_Project/Content/Blueprints/BP_TheBeginningGameMode.uasset.
[2016.03.14-10.43.21:942][807]LogLinker:Warning: Can't find file '/Script/Kinect4Unreal'
[2016.03.14-10.43.21:942][807]LoadErrors: Info Failed to load /Script/Kinect4Unreal.EBodyNumber Referenced by EdGraphPin_8185
[2016.03.14-10.43.21:942][807]LogLinker:Warning: Can't find file for asset '/Script/Kinect4Unreal' while loading ../../../../../../UnrealProjects/GE_Project/Content/Blueprints/BP_TheBeginningGameMode.uasset.
[2016.03.14-10.43.21:942][807]LogLinker:Warning: Can't find file '/Script/Kinect4Unreal'
[2016.03.14-10.43.21:942][807]LoadErrors: Info Failed to load /Script/Kinect4Unreal.KinectInterfaceComponent Referenced by EdGraphPin_7567
[2016.03.14-10.43.21:942][807]LogLinker:Warning: Can't find file for asset '/Script/Kinect4Unreal' while loading ../../../../../../UnrealProjects/GE_Project/Content/Blueprints/BP_TheBeginningGameMode.uasset.
[2016.03.14-10.43.21:943][807]LogLinker:Warning: Can't find file '/Script/Kinect4Unreal'
[2016.03.14-10.43.21:944][807]LoadErrors: Info Failed to load /Script/Kinect4Unreal.KinectInterfaceComponent Referenced by K2Node_CallFunction_4457
[2016.03.14-10.43.21:944][807]LogLinker:Warning: Can't find file for asset '/Script/Kinect4Unreal' while loading ../../../../../../UnrealProjects/GE_Project/Content/Blueprints/BP_TheBeginningGameMode.uasset.
[2016.03.14-10.43.21:944][807]LogLinker:Warning: Can't find file '/Script/Kinect4Unreal'
[2016.03.14-10.43.21:944][807]LoadErrors: Info Failed to load /Script/Kinect4Unreal.KinectInterfaceComponent Referenced by EdGraphPin_8269
[2016.03.14-10.43.21:944][807]LogLinker:Warning: Can't find file for asset '/Script/Kinect4Unreal' while loading ../../../../../../UnrealProjects/GE_Project/Content/Blueprints/BP_TheBeginningGameMode.uasset.
[2016.03.14-10.43.21:944][807]LogLinker:Warning: Can't find file '/Script/Kinect4Unreal'
[2016.03.14-10.43.21:944][807]LoadErrors: Info Failed to load /Script/Kinect4Unreal.EKinectJoints Referenced by EdGraphPin_8270
[2016.03.14-10.43.21:944][807]LogLinker:Warning: Can't find file for asset '/Script/Kinect4Unreal' while loading ../../../../../../UnrealProjects/GE_Project/Content/Blueprints/BP_TheBeginningGameMode.uasset.
[2016.03.14-10.43.21:944][807]LogLinker:Warning: Can't find file '/Script/Kinect4Unreal'
[2016.03.14-10.43.21:945][807]LoadErrors: Info Failed to load /Script/Kinect4Unreal.EKinectJoints Referenced by EdGraphPin_8271
[2016.03.14-10.43.21:945][807]LogLinker:Warning: Can't find file for asset '/Script/Kinect4Unreal' while loading ../../../../../../UnrealProjects/GE_Project/Content/Blueprints/BP_TheBeginningGameMode.uasset.
[2016.03.14-10.43.21:945][807]LogLinker:Warning: Can't find file '/Script/Kinect4Unreal'
[2016.03.14-10.43.21:945][807]LoadErrors: Info Failed to load /Script/Kinect4Unreal.EBodyNumber Referenced by EdGraphPin_8272
[2016.03.14-10.43.21:945][807]LogLinker:Warning: Can't find file for asset '/Script/Kinect4Unreal' while loading ../../../../../../UnrealProjects/GE_Project/Content/Blueprints/BP_TheBeginningGameMode.uasset.
[2016.03.14-10.43.21:945][807]LogLinker:Warning: Can't find file '/Script/Kinect4Unreal'
[2016.03.14-10.43.21:945][807]LoadErrors: Info Failed to load /Script/Kinect4Unreal.KinectInterfaceComponent Referenced by EdGraphPin_7678
[2016.03.14-10.43.21:945][807]LogLinker:Warning: Can't find file for asset '/Script/Kinect4Unreal' while loading ../../../../../../UnrealProjects/GE_Project/Content/Blueprints/BP_TheBeginningGameMode.uasset.
[2016.03.14-10.43.21:947][807]LogLinker:Warning: Can't find file '/Script/Kinect4Unreal'
[2016.03.14-10.43.21:947][807]LoadErrors: Info Failed to load /Script/Kinect4Unreal.KinectInterfaceComponent Referenced by EdGraphPin_7855
[2016.03.14-10.43.21:947][807]LogLinker:Warning: Can't find file for asset '/Script/Kinect4Unreal' while loading ../../../../../../UnrealProjects/GE_Project/Content/Blueprints/BP_TheBeginningGameMode.uasset.
[2016.03.14-10.43.21:947][807]LogLinker:Warning: Can't find file '/Script/Kinect4Unreal'
[2016.03.14-10.43.21:947][807]LoadErrors: Info Failed to load /Script/Kinect4Unreal.KinectInterfaceComponent Referenced by K2Node_CallFunction_2682
[2016.03.14-10.43.21:947][807]LogLinker:Warning: Can't find file for asset '/Script/Kinect4Unreal' while loading ../../../../../../UnrealProjects/GE_Project/Content/Blueprints/BP_TheBeginningGameMode.uasset.
[2016.03.14-10.43.21:948][807]LogLinker:Warning: Can't find file '/Script/Kinect4Unreal'
[2016.03.14-10.43.21:948][807]LoadErrors: Info Failed to load /Script/Kinect4Unreal.KinectInterfaceComponent Referenced by EdGraphPin_8438
[2016.03.14-10.43.21:948][807]LogLinker:Warning: Can't find file for asset '/Script/Kinect4Unreal' while loading ../../../../../../UnrealProjects/GE_Project/Content/Blueprints/BP_TheBeginningGameMode.uasset.
[2016.03.14-10.43.21:948][807]LogLinker:Warning: Can't find file '/Script/Kinect4Unreal'
[2016.03.14-10.43.21:948][807]LoadErrors: Info Failed to load /Script/Kinect4Unreal.EHands Referenced by EdGraphPin_8439
[2016.03.14-10.43.21:948][807]LogLinker:Warning: Can't find file for asset '/Script/Kinect4Unreal' while loading ../../../../../../UnrealProjects/GE_Project/Content/Blueprints/BP_TheBeginningGameMode.uasset.
[2016.03.14-10.43.21:948][807]LogLinker:Warning: Can't find file '/Script/Kinect4Unreal'
[2016.03.14-10.43.21:948][807]LoadErrors: Info Failed to load /Script/Kinect4Unreal.EBodyNumber Referenced by EdGraphPin_8440
[2016.03.14-10.43.21:948][807]LogLinker:Warning: Can't find file for asset '/Script/Kinect4Unreal' while loading ../../../../../../UnrealProjects/GE_Project/Content/Blueprints/BP_TheBeginningGameMode.uasset.
[2016.03.14-10.43.21:948][807]LogLinker:Warning: Can't find file '/Script/Kinect4Unreal'
[2016.03.14-10.43.21:949][807]LoadErrors: Info Failed to load /Script/Kinect4Unreal.EHandState Referenced by EdGraphPin_8441
[2016.03.14-10.43.21:949][807]LogLinker:Warning: Can't find file for asset '/Script/Kinect4Unreal' while loading ../../../../../../UnrealProjects/GE_Project/Content/Blueprints/BP_TheBeginningGameMode.uasset.
[2016.03.14-10.43.21:949][807]LogLinker:Warning: Can't find file '/Script/Kinect4Unreal'
[2016.03.14-10.43.21:950][807]LogLinker:Warning: Can't find file for asset '/Script/Kinect4Unreal' while loading ../../../../../../UnrealProjects/GE_Project/Content/Blueprints/BP_TheBeginningGameMode.uasset.
[2016.03.14-10.43.21:950][807]LogLinker:Warning: Can't find file '/Script/Kinect4Unreal'
[2016.03.14-10.43.21:950][807]LoadErrors: Info Failed to load /Script/Kinect4Unreal.KinectInterfaceComponent Referenced by SCS_Node_1
[2016.03.14-10.43.21:950][807]LogLinker:Warning: Can't find file for asset '/Script/Kinect4Unreal' while loading ../../../../../../UnrealProjects/GE_Project/Content/Blueprints/BP_TheBeginningGameMode.uasset.
[2016.03.14-10.43.21:955][807]LogBlueprint:Warning: [BP_Avatar] CreatePinForVariable: 'KinectInterface' variable not found. Base class was probably changed.
[2016.03.14-10.43.21:956][807]LogBlueprint:Warning: [BP_Avatar] CreatePinForVariable: 'KinectInterface' variable not found. Base class was probably changed.
[2016.03.14-10.43.21:956][807]LogBlueprint:Warning: [BP_Avatar] CreatePinForVariable: 'KinectInterface' variable not found. Base class was probably changed.
[2016.03.14-10.43.21:956][807]LogBlueprint:Warning: [BP_Avatar] CreatePinForVariable: 'KinectInterface' variable not found. Base class was probably changed.
[2016.03.14-10.43.21:956][807]LogBlueprint:Warning: [BP_Avatar] CreatePinForVariable: 'KinectInterface' variable not found. Base class was probably changed.
[2016.03.14-10.43.21:957][807]LogBlueprint:Warning: [BP_Avatar] CreatePinForVariable: 'KinectInterface' variable not found. Base class was probably changed.
[2016.03.14-10.43.21:957][807]LogBlueprint:Warning: [BP_Avatar] CreatePinForVariable: 'KinectInterface' variable not found. Base class was probably changed.
[2016.03.14-10.43.21:965][807]LogBlueprint:Error: [compiler BP_Avatar] Error Could not find a function named "GetHandStateAsExecution" in 'BP_Avatar'.
Make sure 'BP_Avatar' has been compiled for  Get Hand State as Execution 
[2016.03.14-10.43.21:965][807]LogBlueprint:Warning: [compiler BP_Avatar] Warning Could not find a variable named "KinectInterface" in 'BP_Avatar_C'.
Make sure 'BP_Avatar_C' has been compiled for  Get KinectInterface 
[2016.03.14-10.43.21:965][807]LogBlueprint:Warning: [compiler BP_Avatar] Warning Could not find a variable named "KinectInterface" in 'BP_Avatar_C'.
Make sure 'BP_Avatar_C' has been compiled for  Get KinectInterface 
[2016.03.14-10.43.21:965][807]LogBlueprint:Error: [compiler BP_Avatar] Error Could not find a function named "GetDistanceBetweenJoints" in 'BP_Avatar'.
Make sure 'BP_Avatar' has been compiled for  Get Distance Between Joints 
[2016.03.14-10.43.21:965][807]LogBlueprint:Warning: [compiler BP_Avatar] Warning Could not find a variable named "KinectInterface" in 'BP_Avatar_C'.
Make sure 'BP_Avatar_C' has been compiled for  Get KinectInterface 
[2016.03.14-10.43.21:965][807]LogBlueprint:Error: [compiler BP_Avatar] Error Could not find a function named "GetDistanceBetweenJoints" in 'BP_Avatar'.
Make sure 'BP_Avatar' has been compiled for  Get Distance Between Joints 
[2016.03.14-10.43.21:966][807]LogBlueprint:Warning: [compiler BP_Avatar] Warning Could not find a variable named "KinectInterface" in 'BP_Avatar_C'.
Make sure 'BP_Avatar_C' has been compiled for  Get KinectInterface 
[2016.03.14-10.43.21:966][807]LogBlueprint:Error: [compiler BP_Avatar] Error Could not find a function named "GetCenteredBody" in 'BP_Avatar'.
Make sure 'BP_Avatar' has been compiled for  Get Centered Body 
[2016.03.14-10.43.21:966][807]LogBlueprint:Warning: [compiler BP_Avatar] Warning Could not find a variable named "KinectInterface" in 'BP_Avatar_C'.
Make sure 'BP_Avatar_C' has been compiled for  Get KinectInterface 
[2016.03.14-10.43.21:966][807]LogBlueprint:Error: [compiler BP_Avatar] Error Could not find a function named "GetHandStateAsExecution" in 'BP_Avatar'.
Make sure 'BP_Avatar' has been compiled for  Get Hand State as Execution 
[2016.03.14-10.43.21:966][807]LogBlueprint:Warning: [compiler BP_Avatar] Warning Could not find a variable named "KinectInterface" in 'BP_Avatar_C'.
Make sure 'BP_Avatar_C' has been compiled for  Get KinectInterface 
[2016.03.14-10.43.21:966][807]LogBlueprint:Error: [compiler BP_Avatar] Error Could not find a function named "GetHandStateAsExecution" in 'BP_Avatar'.
Make sure 'BP_Avatar' has been compiled for  Get Hand State as Execution 
[2016.03.14-10.43.21:966][807]LogBlueprint:Warning: [compiler BP_Avatar] Warning Could not find a variable named "KinectInterface" in 'BP_Avatar_C'.
Make sure 'BP_Avatar_C' has been compiled for  Get KinectInterface 
[2016.03.14-10.43.21:966][807]LogBlueprint:Error: [compiler BP_Avatar] Error Could not find a function named "GetCenteredBody" in 'BP_Avatar'.
Make sure 'BP_Avatar' has been compiled for  Get Centered Body 
[2016.03.14-10.43.21:967][807]LogBlueprint:Error: [compiler BP_Avatar] Error The property associated with  Kinect Interface  could not be found
[2016.03.14-10.43.21:967][807]LogBlueprint:Error: [compiler BP_Avatar] Error The property associated with  Kinect Interface  could not be found
[2016.03.14-10.43.21:967][807]LogBlueprint:Error: [compiler BP_Avatar] Error The current value (AnkleRight) of the ' Start Joint ' pin is invalid: Expected a valid unsigned number for a byte property
[2016.03.14-10.43.21:967][807]LogBlueprint:Error: [compiler BP_Avatar] Error The current value (AnkleLeft) of the ' End Joint ' pin is invalid: Expected a valid unsigned number for a byte property
[2016.03.14-10.43.21:968][807]LogBlueprint:Error: [compiler BP_Avatar] Error The property associated with  Kinect Interface  could not be found
[2016.03.14-10.43.21:968][807]LogBlueprint:Error: [compiler BP_Avatar] Error The current value (Head) of the ' Start Joint ' pin is invalid: Expected a valid unsigned number for a byte property
[2016.03.14-10.43.21:968][807]LogBlueprint:Error: [compiler BP_Avatar] Error The current value (AnkleRight) of the ' End Joint ' pin is invalid: Expected a valid unsigned number for a byte property
[2016.03.14-10.43.21:968][807]LogBlueprint:Error: [compiler BP_Avatar] Error The property associated with  Kinect Interface  could not be found
[2016.03.14-10.43.21:968][807]LogBlueprint:Error: [compiler BP_Avatar] Error The current value (Right) of the ' Hand ' pin is invalid: Expected a valid unsigned number for a byte property
[2016.03.14-10.43.21:974][807]LogBlueprint:Warning: [compiler BP_Avatar] Warning [0025.57] Compile of BP_Avatar failed. 16 Fatal Issue(s) 7 Warning(s) [in 15 ms]
[2016.03.14-10.43.21:974][807]LogBlueprint:Warning: [compiler BP_Avatar] Warning [0025.57] Compile of BP_Avatar failed. 16 Fatal Issue(s) 8 Warning(s) [in 0 ms]
[2016.03.14-10.43.21:974][807]LogBlueprint:Warning: [compiler BP_Avatar] Warning [0025.57] Compile of BP_Avatar failed. 16 Fatal Issue(s) 9 Warning(s) [in 0 ms]
[2016.03.14-10.43.21:976][807]LogLinker:Warning: Can't find file '/Script/Kinect4Unreal'
[2016.03.14-10.43.21:976][807]LogLinker:Warning: Can't find file for asset '/Script/Kinect4Unreal' while loading ../../../../../../UnrealProjects/GE_Project/Content/Blueprints/BP_TheBeginningGameMode.uasset.
[2016.03.14-10.43.21:976][807]LogLinker:Warning: Can't find file '/Script/Kinect4Unreal'
[2016.03.14-10.43.21:976][807]LogLinker:Warning: Can't find file for asset '/Script/Kinect4Unreal' while loading ../../../../../../UnrealProjects/GE_Project/Content/Blueprints/BP_TheBeginningGameMode.uasset.
[2016.03.14-10.43.21:990][807]LogWorld: Game class is 'BP_TheBeginningGameMode_C'
[2016.03.14-10.43.22:041][807]LogWorld: Bringing World /Game/UEDPIE_0_MyFirstLevel.MyFirstLevel up for play (max tick rate 0) at 2016.03.14-11.43.22
[2016.03.14-10.43.22:041][807]LogActor:Warning: GameSession /Game/UEDPIE_0_MyFirstLevel.MyFirstLevel:PersistentLevel.GameSession_0 has natively added scene component(s), but none of them were set as the actor's RootComponent - picking one arbitrarily
[2016.03.14-10.43.22:041][807]LogActor:Warning: GameNetworkManager /Game/UEDPIE_0_MyFirstLevel.MyFirstLevel:PersistentLevel.GameNetworkManager_0 has natively added scene component(s), but none of them were set as the actor's RootComponent - picking one arbitrarily
[2016.03.14-10.43.22:043][807]LogWorld: Bringing up level for play took: 0.051745
[2016.03.14-10.43.22:046][807]PIE: Info Play in editor start time for /Game/UEDPIE_0_MyFirstLevel -0.087
[2016.03.14-10.43.22:046][807]LogBlueprintUserMessages: Late PlayInEditor Detection: Level '/Game/MyFirstLevel.MyFirstLevel:PersistentLevel' has LevelScriptBlueprint '/Game/MyFirstLevel.MyFirstLevel:PersistentLevel.MyFirstLevel' with GeneratedClass '/Game/MyFirstLevel.MyFirstLevel_C' with ClassGeneratedBy '/Game/MyFirstLevel.MyFirstLevel:PersistentLevel.MyFirstLevel'
[2016.03.14-10.43.30:948][862]LogBlueprintUserMessages: Early EndPlayMap Detection: Level '/Game/MyFirstLevel.MyFirstLevel:PersistentLevel' has LevelScriptBlueprint '/Game/MyFirstLevel.MyFirstLevel:PersistentLevel.MyFirstLevel' with GeneratedClass '/Game/MyFirstLevel.MyFirstLevel_C' with ClassGeneratedBy '/Game/MyFirstLevel.MyFirstLevel:PersistentLevel.MyFirstLevel'
[2016.03.14-10.43.30:982][862]LogBlueprintUserMessages: Late EndPlayMap Detection: Level '/Game/MyFirstLevel.MyFirstLevel:PersistentLevel' has LevelScriptBlueprint '/Game/MyFirstLevel.MyFirstLevel:PersistentLevel.MyFirstLevel' with GeneratedClass '/Game/MyFirstLevel.MyFirstLevel_C' with ClassGeneratedBy '/Game/MyFirstLevel.MyFirstLevel:PersistentLevel.MyFirstLevel'
[2016.03.14-10.43.30:983][862]LogActorComponent: UnregisterComponent: (/Engine/Transient.CharMoveComp) Not registered. Aborting.
[2016.03.14-10.43.30:999][862]LogParticles: Destroying 0 GPU particle simulations for FXSystem 0x000000AC78A6B9C0
[2016.03.14-10.43.53:734][561]LogBlueprintUserMessages: Early PlayInEditor Detection: Level '/Game/MyFirstLevel.MyFirstLevel:PersistentLevel' has LevelScriptBlueprint '/Game/MyFirstLevel.MyFirstLevel:PersistentLevel.MyFirstLevel' with GeneratedClass '/Game/MyFirstLevel.MyFirstLevel_C' with ClassGeneratedBy '/Game/MyFirstLevel.MyFirstLevel:PersistentLevel.MyFirstLevel'
[2016.03.14-10.43.53:734][561]LogPlayLevel: PlayLevel: No blueprints needed recompiling
[2016.03.14-10.43.58:708][561]LogHMD:Warning: HMD Oculus Rift DK2, res = 1920 x 1080
[2016.03.14-10.43.58:708][561]PIE: New page: PIE session: MyFirstLevel (Mar 14, 2016, 12:43:58 PM)
[2016.03.14-10.43.58:708][561]LogPlayLevel: Creating play world package: /Game/UEDPIE_0_MyFirstLevel
[2016.03.14-10.43.58:738][561]LogPlayLevel: PIE: StaticDuplicateObject took: (0.028905s)
[2016.03.14-10.43.58:738][561]LogAIModule: Creating AISystem for world MyFirstLevel
[2016.03.14-10.43.58:738][561]LogPlayLevel: PIE: World Init took: (0.000475s)
[2016.03.14-10.43.58:739][561]LogPlayLevel: PIE: Created PIE world by copying editor world from /Game/MyFirstLevel.MyFirstLevel to /Game/UEDPIE_0_MyFirstLevel.MyFirstLevel (0.029532s)
[2016.03.14-10.43.58:739][561]LogActorComponent: UnregisterComponent: (/Engine/Transient.CharMoveComp) Not registered. Aborting.
[2016.03.14-10.43.58:739][561]LogActorComponent: UnregisterComponent: (/Engine/Transient.CharacterMovementComponent_0) Not registered. Aborting.
[2016.03.14-10.43.58:761][561]LogInit: XAudio2 using 'HP E221c-8 (NVIDIA High Definition Audio)' : 2 channels at 48 kHz using 16 bits per sample (channel mask 0x3)
[2016.03.14-10.43.58:772][561]LogInit: FAudioDevice initialized.
[2016.03.14-10.43.58:805][561]LogWorld: Game class is 'BP_TheBeginningGameMode_C'
[2016.03.14-10.43.58:856][561]LogWorld: Bringing World /Game/UEDPIE_0_MyFirstLevel.MyFirstLevel up for play (max tick rate 0) at 2016.03.14-11.43.58
[2016.03.14-10.43.58:856][561]LogActor:Warning: GameSession /Game/UEDPIE_0_MyFirstLevel.MyFirstLevel:PersistentLevel.GameSession_1 has natively added scene component(s), but none of them were set as the actor's RootComponent - picking one arbitrarily
[2016.03.14-10.43.58:856][561]LogActor:Warning: GameNetworkManager /Game/UEDPIE_0_MyFirstLevel.MyFirstLevel:PersistentLevel.GameNetworkManager_1 has natively added scene component(s), but none of them were set as the actor's RootComponent - picking one arbitrarily
[2016.03.14-10.43.58:858][561]LogWorld: Bringing up level for play took: 0.051530
[2016.03.14-10.43.58:860][561]PIE: Info Play in editor start time for /Game/UEDPIE_0_MyFirstLevel 4.728
[2016.03.14-10.43.58:860][561]LogBlueprintUserMessages: Late PlayInEditor Detection: Level '/Game/MyFirstLevel.MyFirstLevel:PersistentLevel' has LevelScriptBlueprint '/Game/MyFirstLevel.MyFirstLevel:PersistentLevel.MyFirstLevel' with GeneratedClass '/Game/MyFirstLevel.MyFirstLevel_C' with ClassGeneratedBy '/Game/MyFirstLevel.MyFirstLevel:PersistentLevel.MyFirstLevel'
[2016.03.14-10.44.04:194][187]LogBlueprintUserMessages: Early EndPlayMap Detection: Level '/Game/MyFirstLevel.MyFirstLevel:PersistentLevel' has LevelScriptBlueprint '/Game/MyFirstLevel.MyFirstLevel:PersistentLevel.MyFirstLevel' with GeneratedClass '/Game/MyFirstLevel.MyFirstLevel_C' with ClassGeneratedBy '/Game/MyFirstLevel.MyFirstLevel:PersistentLevel.MyFirstLevel'
[2016.03.14-10.44.04:230][187]LogBlueprintUserMessages: Late EndPlayMap Detection: Level '/Game/MyFirstLevel.MyFirstLevel:PersistentLevel' has LevelScriptBlueprint '/Game/MyFirstLevel.MyFirstLevel:PersistentLevel.MyFirstLevel' with GeneratedClass '/Game/MyFirstLevel.MyFirstLevel_C' with ClassGeneratedBy '/Game/MyFirstLevel.MyFirstLevel:PersistentLevel.MyFirstLevel'
[2016.03.14-10.44.04:246][187]LogParticles: Destroying 0 GPU particle simulations for FXSystem 0x000000AC4A9936A0
[2016.03.14-10.44.05:238][302]LogBlueprintUserMessages: Early PlayInEditor Detection: Level '/Game/MyFirstLevel.MyFirstLevel:PersistentLevel' has LevelScriptBlueprint '/Game/MyFirstLevel.MyFirstLevel:PersistentLevel.MyFirstLevel' with GeneratedClass '/Game/MyFirstLevel.MyFirstLevel_C' with ClassGeneratedBy '/Game/MyFirstLevel.MyFirstLevel:PersistentLevel.MyFirstLevel'
[2016.03.14-10.44.05:238][302]LogPlayLevel: PlayLevel: No blueprints needed recompiling
[2016.03.14-10.44.05:238][302]LogHMD:Warning: HMD Oculus Rift DK2, res = 1920 x 1080
[2016.03.14-10.44.05:238][302]PIE: New page: PIE session: MyFirstLevel (Mar 14, 2016, 12:44:05 PM)
[2016.03.14-10.44.05:239][302]LogPlayLevel: Creating play world package: /Game/UEDPIE_0_MyFirstLevel
[2016.03.14-10.44.05:267][302]LogPlayLevel: PIE: StaticDuplicateObject took: (0.028129s)
[2016.03.14-10.44.05:267][302]LogAIModule: Creating AISystem for world MyFirstLevel
[2016.03.14-10.44.05:267][302]LogPlayLevel: PIE: World Init took: (0.000565s)
[2016.03.14-10.44.05:267][302]LogPlayLevel: PIE: Created PIE world by copying editor world from /Game/MyFirstLevel.MyFirstLevel to /Game/UEDPIE_0_MyFirstLevel.MyFirstLevel (0.028870s)
[2016.03.14-10.44.05:287][302]LogInit: XAudio2 using 'HP E221c-8 (NVIDIA High Definition Audio)' : 2 channels at 48 kHz using 16 bits per sample (channel mask 0x3)
[2016.03.14-10.44.05:298][302]LogInit: FAudioDevice initialized.
[2016.03.14-10.44.05:331][302]LogWorld: Game class is 'BP_TheBeginningGameMode_C'
[2016.03.14-10.44.05:390][302]LogWorld: Bringing World /Game/UEDPIE_0_MyFirstLevel.MyFirstLevel up for play (max tick rate 0) at 2016.03.14-11.44.05
[2016.03.14-10.44.05:390][302]LogActor:Warning: GameSession /Game/UEDPIE_0_MyFirstLevel.MyFirstLevel:PersistentLevel.GameSession_2 has natively added scene component(s), but none of them were set as the actor's RootComponent - picking one arbitrarily
[2016.03.14-10.44.05:390][302]LogActor:Warning: GameNetworkManager /Game/UEDPIE_0_MyFirstLevel.MyFirstLevel:PersistentLevel.GameNetworkManager_2 has natively added scene component(s), but none of them were set as the actor's RootComponent - picking one arbitrarily
[2016.03.14-10.44.05:391][302]LogWorld: Bringing up level for play took: 0.059270
[2016.03.14-10.44.05:394][302]PIE: Info Play in editor start time for /Game/UEDPIE_0_MyFirstLevel -0.738
[2016.03.14-10.44.05:395][302]LogBlueprintUserMessages: Late PlayInEditor Detection: Level '/Game/MyFirstLevel.MyFirstLevel:PersistentLevel' has LevelScriptBlueprint '/Game/MyFirstLevel.MyFirstLevel:PersistentLevel.MyFirstLevel' with GeneratedClass '/Game/MyFirstLevel.MyFirstLevel_C' with ClassGeneratedBy '/Game/MyFirstLevel.MyFirstLevel:PersistentLevel.MyFirstLevel'
[2016.03.14-10.44.14:665][402]LogBlueprintUserMessages: Early EndPlayMap Detection: Level '/Game/MyFirstLevel.MyFirstLevel:PersistentLevel' has LevelScriptBlueprint '/Game/MyFirstLevel.MyFirstLevel:PersistentLevel.MyFirstLevel' with GeneratedClass '/Game/MyFirstLevel.MyFirstLevel_C' with ClassGeneratedBy '/Game/MyFirstLevel.MyFirstLevel:PersistentLevel.MyFirstLevel'
[2016.03.14-10.44.14:698][402]LogBlueprintUserMessages: Late EndPlayMap Detection: Level '/Game/MyFirstLevel.MyFirstLevel:PersistentLevel' has LevelScriptBlueprint '/Game/MyFirstLevel.MyFirstLevel:PersistentLevel.MyFirstLevel' with GeneratedClass '/Game/MyFirstLevel.MyFirstLevel_C' with ClassGeneratedBy '/Game/MyFirstLevel.MyFirstLevel:PersistentLevel.MyFirstLevel'
[2016.03.14-10.44.14:718][402]LogParticles: Destroying 0 GPU particle simulations for FXSystem 0x000000AC43BD8220
[2016.03.14-10.44.34:407][747]LogWindowsTextInputMethodSystem:Display: IME system now deactivated.
[2016.03.14-10.44.34:645][748]Cmd: QUIT_EDITOR
[2016.03.14-10.44.34:996][748]LogHMD: Oculus shutdown.
[2016.03.14-10.44.35:101][748]LogExit: Preparing to exit.
[2016.03.14-10.44.35:986][748]LogExit: Editor shut down
[2016.03.14-10.44.35:986][748]LogExit: Transaction tracking system shut down
[2016.03.14-10.44.35:987][748]LogParticles: Destroying 0 GPU particle simulations for FXSystem 0x000000AC4BC73880
[2016.03.14-10.44.35:989][748]LogParticles: Destroying 0 GPU particle simulations for FXSystem 0x000000AC42E611C0
[2016.03.14-10.44.36:004][748]LogParticles: Destroying 0 GPU particle simulations for FXSystem 0x000000AC5D78ECA0
[2016.03.14-10.44.36:004][748]LogParticles: Destroying 0 GPU particle simulations for FXSystem 0x000000AC5D78EC00
[2016.03.14-10.44.36:004][748]LogParticles: Destroying 0 GPU particle simulations for FXSystem 0x000000AC5D78EAC0
[2016.03.14-10.44.36:004][748]LeapPluginLog: LeapController::CleanupEventData Delete Called
[2016.03.14-10.44.36:114][748]LogExit: Object subsystem successfully closed.
[2016.03.14-10.44.36:124][748]LogD3D11RHI: Shutdown
[2016.03.14-10.44.36:124][748]LogD3D11RHI: CleanupD3DDevice
[2016.03.14-10.44.36:179][748]LogD3D11RHI: ~FD3D11DynamicRHI
[2016.03.14-10.44.36:189][748]LogModuleManager: Shutting down and abandoning module ExternalImagePicker (200)
[2016.03.14-10.44.36:189][748]LogModuleManager: Shutting down and abandoning module CrashTracker (199)
[2016.03.14-10.44.36:189][748]LogModuleManager: Shutting down and abandoning module SceneOutliner (198)
[2016.03.14-10.44.36:189][748]LogModuleManager: Shutting down and abandoning module SuperSearch (197)
[2016.03.14-10.44.36:190][748]LogModuleManager: Shutting down and abandoning module WidgetCarousel (196)
[2016.03.14-10.44.36:190][748]LogModuleManager: Shutting down and abandoning module AddContentDialog (195)
[2016.03.14-10.44.36:190][748]LogModuleManager: Shutting down and abandoning module EditorWidgets (194)
[2016.03.14-10.44.36:190][748]LogModuleManager: Shutting down and abandoning module CollectionManager (193)
[2016.03.14-10.44.36:190][748]LogModuleManager: Shutting down and abandoning module StatsViewer (192)
[2016.03.14-10.44.36:190][748]LogModuleManager: Shutting down and abandoning module FoliageEdit (191)
[2016.03.14-10.44.36:190][748]LogModuleManager: Shutting down and abandoning module LandscapeEditor (190)
[2016.03.14-10.44.36:190][748]LogModuleManager: Shutting down and abandoning module ActorPickerMode (189)
[2016.03.14-10.44.36:190][748]LogModuleManager: Shutting down and abandoning module GeometryMode (188)
[2016.03.14-10.44.36:191][748]LogModuleManager: Shutting down and abandoning module TextureAlignMode (187)
[2016.03.14-10.44.36:191][748]LogModuleManager: Shutting down and abandoning module BspMode (186)
[2016.03.14-10.44.36:191][748]LogModuleManager: Shutting down and abandoning module PlacementMode (185)
[2016.03.14-10.44.36:191][748]LogModuleManager: Shutting down and abandoning module AutomationWorker (184)
[2016.03.14-10.44.36:191][748]LogModuleManager: Shutting down and abandoning module CharacterAI (183)
[2016.03.14-10.44.36:191][748]LogModuleManager: Shutting down and abandoning module SmartSnapping (182)
[2016.03.14-10.44.36:191][748]LogModuleManager: Shutting down and abandoning module ViewportSnapping (181)
[2016.03.14-10.44.36:191][748]LogModuleManager: Shutting down and abandoning module LogVisualizer (180)
[2016.03.14-10.44.36:191][748]LogModuleManager: Shutting down and abandoning module GameProjectGeneration (179)
[2016.03.14-10.44.36:191][748]LogModuleManager: Shutting down and abandoning module IntroTutorials (178)
[2016.03.14-10.44.36:191][748]LogModuleManager: Shutting down and abandoning module EditorLiveStreaming (177)
[2016.03.14-10.44.36:191][748]LogModuleManager: Shutting down and abandoning module IOSPlatformEditor (176)
[2016.03.14-10.44.36:191][748]LogModuleManager: Shutting down and abandoning module HTML5PlatformEditor (175)
[2016.03.14-10.44.36:191][748]LogModuleManager: Shutting down and abandoning module AndroidDeviceDetection (174)
[2016.03.14-10.44.36:612][748]LogModuleManager: Shutting down and abandoning module AndroidPlatformEditor (173)
[2016.03.14-10.44.36:612][748]LogModuleManager: Shutting down and abandoning module IOSRuntimeSettings (172)
[2016.03.14-10.44.36:612][748]LogModuleManager: Shutting down and abandoning module AndroidRuntimeSettings (171)
[2016.03.14-10.44.36:612][748]LogModuleManager: Shutting down and abandoning module MergeActors (170)
[2016.03.14-10.44.36:612][748]LogModuleManager: Shutting down and abandoning module SizeMap (169)
[2016.03.14-10.44.36:612][748]LogModuleManager: Shutting down and abandoning module TreeMap (168)
[2016.03.14-10.44.36:612][748]LogModuleManager: Shutting down and abandoning module ReferenceViewer (167)
[2016.03.14-10.44.36:612][748]LogModuleManager: Shutting down and abandoning module LocalizationService (166)
[2016.03.14-10.44.36:612][748]LogModuleManager: Shutting down and abandoning module LocalizationDashboard (165)
[2016.03.14-10.44.36:612][748]LogModuleManager: Shutting down and abandoning module HardwareTargeting (164)
[2016.03.14-10.44.36:612][748]LogModuleManager: Shutting down and abandoning module DeviceProfileEditor (163)
[2016.03.14-10.44.36:612][748]LogModuleManager: Shutting down and abandoning module UndoHistory (162)
[2016.03.14-10.44.36:612][748]LogModuleManager: Shutting down and abandoning module GameplayTagsEditor (161)
[2016.03.14-10.44.36:612][748]LogModuleManager: Shutting down and abandoning module UserFeedback (160)
[2016.03.14-10.44.36:612][748]LogModuleManager: Shutting down and abandoning module XmlParser (159)
[2016.03.14-10.44.36:612][748]LogModuleManager: Shutting down and abandoning module Blutility (158)
[2016.03.14-10.44.36:612][748]LogModuleManager: Shutting down and abandoning module ProjectTargetPlatformEditor (157)
[2016.03.14-10.44.36:612][748]LogModuleManager: Shutting down and abandoning module ProjectSettingsViewer (156)
[2016.03.14-10.44.36:612][748]LogModuleManager: Shutting down and abandoning module InputBindingEditor (155)
[2016.03.14-10.44.36:612][748]LogModuleManager: Shutting down and abandoning module EditorSettingsViewer (154)
[2016.03.14-10.44.36:612][748]LogModuleManager: Shutting down and abandoning module SettingsEditor (153)
[2016.03.14-10.44.36:612][748]LogModuleManager: Shutting down and abandoning module ProjectLauncher (152)
[2016.03.14-10.44.36:612][748]LogModuleManager: Shutting down and abandoning module SessionFrontend (151)
[2016.03.14-10.44.36:612][748]LogModuleManager: Shutting down and abandoning module ProfilerClient (150)
[2016.03.14-10.44.36:612][748]LogModuleManager: Shutting down and abandoning module TargetDeviceServices (149)
[2016.03.14-10.44.36:612][748]LogModuleManager: Shutting down and abandoning module DeviceManager (148)
[2016.03.14-10.44.36:612][748]LogModuleManager: Shutting down and abandoning module AutomationController (147)
[2016.03.14-10.44.36:612][748]LogModuleManager: Shutting down and abandoning module AutomationWindow (146)
[2016.03.14-10.44.36:612][748]LogModuleManager: Shutting down and abandoning module Layers (145)
[2016.03.14-10.44.36:613][748]LogModuleManager: Shutting down and abandoning module ComponentVisualizers (144)
[2016.03.14-10.44.36:613][748]LogModuleManager: Shutting down and abandoning module DetailCustomizations (143)
[2016.03.14-10.44.36:613][748]LogModuleManager: Shutting down and abandoning module PackagesDialog (142)
[2016.03.14-10.44.36:613][748]LogModuleManager: Shutting down and abandoning module Persona (141)
[2016.03.14-10.44.36:613][748]LogModuleManager: Shutting down and abandoning module Kismet (140)
[2016.03.14-10.44.36:613][748]LogModuleManager: Shutting down and abandoning module GraphEditor (139)
[2016.03.14-10.44.36:613][748]LogModuleManager: Shutting down and abandoning module ClassViewer (138)
[2016.03.14-10.44.36:613][748]LogModuleManager: Shutting down and abandoning module Toolbox (137)
[2016.03.14-10.44.36:613][748]LogModuleManager: Shutting down and abandoning module ModuleUI (136)
[2016.03.14-10.44.36:613][748]LogModuleManager: Shutting down and abandoning module MovieSceneTools (135)
[2016.03.14-10.44.36:613][748]LogModuleManager: Shutting down and abandoning module OutputLog (134)
[2016.03.14-10.44.36:613][748]LogModuleManager: Shutting down and abandoning module GammaUI (133)
[2016.03.14-10.44.36:613][748]LogModuleManager: Shutting down and abandoning module Documentation (132)
[2016.03.14-10.44.36:613][748]LogModuleManager: Shutting down and abandoning module GameLiveStreaming (131)
[2016.03.14-10.44.36:613][748]LogModuleManager: Shutting down and abandoning module StreamingPauseRendering (130)
[2016.03.14-10.44.36:613][748]LogModuleManager: Shutting down and abandoning module AnalyticsET (129)
[2016.03.14-10.44.36:613][748]LogModuleManager: Shutting down and abandoning module Analytics (128)
[2016.03.14-10.44.36:613][748]LogModuleManager: Shutting down and abandoning module AITestSuite (127)
[2016.03.14-10.44.36:613][748]LogModuleManager: Shutting down and abandoning module GameplayDebugger (126)
[2016.03.14-10.44.36:613][748]LogModuleManager: Shutting down and abandoning module AIModule (125)
[2016.03.14-10.44.36:613][748]LogModuleManager: Shutting down and abandoning module ProfilerService (124)
[2016.03.14-10.44.36:624][748]LogModuleManager: Shutting down and abandoning module TaskGraph (123)
[2016.03.14-10.44.36:624][748]LogModuleManager: Shutting down and abandoning module LeapMotion (122)
[2016.03.14-10.44.36:634][748]LogModuleManager: Shutting down and abandoning module SlateRemote (121)
[2016.03.14-10.44.36:635][748]LogModuleManager: Shutting down and abandoning module SteamVRController (120)
[2016.03.14-10.44.36:635][748]LogModuleManager: Shutting down and abandoning module SteamVR (119)
[2016.03.14-10.44.36:635][748]LogModuleManager: Shutting down and abandoning module ProceduralMeshComponent (118)
[2016.03.14-10.44.36:635][748]LogModuleManager: Shutting down and abandoning module OculusRift (117)
[2016.03.14-10.44.36:635][748]LogModuleManager: Shutting down and abandoning module OculusLibrary (116)
[2016.03.14-10.44.36:635][748]LogModuleManager: Shutting down and abandoning module LeapMotionController (115)
[2016.03.14-10.44.36:646][748]LogModuleManager: Shutting down and abandoning module CustomMeshComponent (114)
[2016.03.14-10.44.36:646][748]LogModuleManager: Shutting down and abandoning module CableComponent (113)
[2016.03.14-10.44.36:646][748]LogModuleManager: Shutting down and abandoning module ArchVisCharacter (112)
[2016.03.14-10.44.36:646][748]LogModuleManager: Shutting down and abandoning module MessagingDebugger (111)
[2016.03.14-10.44.36:646][748]LogModuleManager: Shutting down and abandoning module MediaPlayerEditor (110)
[2016.03.14-10.44.36:646][748]LogModuleManager: Shutting down and abandoning module HTML5Networking (109)
[2016.03.14-10.44.36:646][748]LogModuleManager: Shutting down and abandoning module SpeedTreeImporter (108)
[2016.03.14-10.44.36:646][748]LogModuleManager: Shutting down and abandoning module PluginBrowser (107)
[2016.03.14-10.44.36:646][748]LogModuleManager: Shutting down and abandoning module EpicSurvey (106)
[2016.03.14-10.44.36:646][748]LogModuleManager: Shutting down and abandoning module DesktopPlatform (105)
[2016.03.14-10.44.36:646][748]LogModuleManager: Shutting down and abandoning module VisualStudioSourceCodeAccess (104)
[2016.03.14-10.44.36:646][748]LogModuleManager: Shutting down and abandoning module UObjectPlugin (103)
[2016.03.14-10.44.36:646][748]LogModuleManager: Shutting down and abandoning module SubversionSourceControl (102)
[2016.03.14-10.44.36:646][748]LogModuleManager: Shutting down and abandoning module PerforceSourceControl (101)
[2016.03.14-10.44.36:646][748]LogModuleManager: Shutting down and abandoning module SourceControl (100)
[2016.03.14-10.44.36:646][748]LogModuleManager: Shutting down and abandoning module GitSourceControl (99)
[2016.03.14-10.44.36:646][748]LogModuleManager: Shutting down and abandoning module LightPropagationVolumeEditor (98)
[2016.03.14-10.44.36:646][748]LogModuleManager: Shutting down and abandoning module PaperTiledImporter (97)
[2016.03.14-10.44.36:646][748]LogModuleManager: Shutting down and abandoning module PaperSpriteSheetImporter (96)
[2016.03.14-10.44.36:646][748]LogModuleManager: Shutting down and abandoning module MeshPaint (95)
[2016.03.14-10.44.36:646][748]LogModuleManager: Shutting down and abandoning module SlateReflector (94)
[2016.03.14-10.44.36:646][748]LogModuleManager: Shutting down and abandoning module HotReload (93)
[2016.03.14-10.44.36:646][748]LogModuleManager: Shutting down and abandoning module MainFrame (92)
[2016.03.14-10.44.36:646][748]LogModuleManager: Shutting down and abandoning module LevelEditor (91)
[2016.03.14-10.44.36:647][748]LogModuleManager: Shutting down and abandoning module DirectoryWatcher (90)
[2016.03.14-10.44.36:647][748]LogModuleManager: Shutting down and abandoning module AssetRegistry (89)
[2016.03.14-10.44.36:705][748]LogModuleManager: Shutting down and abandoning module ContentBrowser (88)
[2016.03.14-10.44.36:706][748]LogModuleManager: Shutting down and abandoning module Paper2DEditor (87)
[2016.03.14-10.44.36:706][748]LogModuleManager: Shutting down and abandoning module TheBeginning (86)
[2016.03.14-10.44.36:706][748]LogModuleManager: Shutting down and abandoning module UdpMessaging (85)
[2016.03.14-10.44.36:807][748]LogModuleManager: Shutting down and abandoning module LightPropagationVolumeRuntime (84)
[2016.03.14-10.44.36:807][748]LogModuleManager: Shutting down and abandoning module Paper2D (83)
[2016.03.14-10.44.36:807][748]LogModuleManager: Shutting down and abandoning module WindowsMoviePlayer (82)
[2016.03.14-10.44.36:810][748]LogModuleManager: Shutting down and abandoning module Media (81)
[2016.03.14-10.44.36:810][748]LogModuleManager: Shutting down and abandoning module WmfMedia (80)
[2016.03.14-10.44.36:810][748]LogModuleManager: Shutting down and abandoning module OnlineBlueprintSupport (79)
[2016.03.14-10.44.36:810][748]LogModuleManager: Shutting down and abandoning module GameplayTasksEditor (78)
[2016.03.14-10.44.36:810][748]LogModuleManager: Shutting down and abandoning module PropertyEditor (77)
[2016.03.14-10.44.36:810][748]LogModuleManager: Shutting down and abandoning module BehaviorTreeEditor (76)
[2016.03.14-10.44.36:810][748]LogModuleManager: Shutting down and abandoning module FunctionalTesting (75)
[2016.03.14-10.44.36:810][748]LogModuleManager: Shutting down and abandoning module CollisionAnalyzer (74)
[2016.03.14-10.44.36:810][748]LogModuleManager: Shutting down and abandoning module WorkspaceMenuStructure (73)
[2016.03.14-10.44.36:810][748]LogModuleManager: Shutting down and abandoning module MessageLog (72)
[2016.03.14-10.44.36:810][748]LogModuleManager: Shutting down and abandoning module Sequencer (71)
[2016.03.14-10.44.36:810][748]LogModuleManager: Shutting down and abandoning module AssetTools (70)
[2016.03.14-10.44.36:810][748]LogModuleManager: Shutting down and abandoning module UMGEditor (69)
[2016.03.14-10.44.36:810][748]LogModuleManager: Shutting down and abandoning module UMG (68)
[2016.03.14-10.44.36:810][748]LogModuleManager: Shutting down and abandoning module Slate (67)
[2016.03.14-10.44.36:810][748]LogModuleManager: Shutting down and abandoning module EditorStyle (66)
[2016.03.14-10.44.36:812][748]LogModuleManager: Shutting down and abandoning module SessionServices (65)
[2016.03.14-10.44.36:812][748]LogModuleManager: Shutting down and abandoning module SourceCodeAccess (64)
[2016.03.14-10.44.36:812][748]LogModuleManager: Shutting down and abandoning module HeadMountedDisplay (63)
[2016.03.14-10.44.36:812][748]LogModuleManager: Shutting down and abandoning module XAudio2 (62)
[2016.03.14-10.44.36:812][748]LogModuleManager: Shutting down and abandoning module Networking (60)
[2016.03.14-10.44.36:812][748]LogModuleManager: Shutting down and abandoning module Core (59)
[2016.03.14-10.44.36:812][748]LogModuleManager: Shutting down and abandoning module KismetCompiler (58)
[2016.03.14-10.44.36:812][748]LogModuleManager: Shutting down and abandoning module PhysXFormats (57)
[2016.03.14-10.44.36:812][748]LogModuleManager: Shutting down and abandoning module MeshUtilities (56)
[2016.03.14-10.44.36:812][748]LogModuleManager: Shutting down and abandoning module CookingStats (55)
[2016.03.14-10.44.36:814][748]LogModuleManager: Shutting down and abandoning module DerivedDataCache (54)
[2016.03.14-10.44.36:910][748]LogDerivedDataCache: Shutdown
[2016.03.14-10.44.36:910][748]LogModuleManager: Shutting down and abandoning module ShaderFormatOpenGL (53)
[2016.03.14-10.44.36:910][748]LogModuleManager: Shutting down and abandoning module ShaderFormatD3D (52)
[2016.03.14-10.44.36:910][748]LogModuleManager: Shutting down and abandoning module MetalShaderFormat (51)
[2016.03.14-10.44.36:910][748]LogModuleManager: Shutting down and abandoning module TextureFormatUncompressed (50)
[2016.03.14-10.44.36:910][748]LogModuleManager: Shutting down and abandoning module TextureFormatPVR (49)
[2016.03.14-10.44.36:910][748]LogModuleManager: Shutting down and abandoning module TextureFormatIntelISPCTexComp (48)
[2016.03.14-10.44.36:910][748]LogModuleManager: Shutting down and abandoning module TextureFormatDXT (47)
[2016.03.14-10.44.36:910][748]LogModuleManager: Shutting down and abandoning module ImageWrapper (46)
[2016.03.14-10.44.36:910][748]LogModuleManager: Shutting down and abandoning module TextureFormatASTC (45)
[2016.03.14-10.44.36:910][748]LogModuleManager: Shutting down and abandoning module TextureFormatAndroid (44)
[2016.03.14-10.44.36:910][748]LogModuleManager: Shutting down and abandoning module AudioFormatOpus (43)
[2016.03.14-10.44.36:910][748]LogModuleManager: Shutting down and abandoning module AudioFormatOgg (42)
[2016.03.14-10.44.36:910][748]LogModuleManager: Shutting down and abandoning module AudioFormatADPCM (41)
[2016.03.14-10.44.36:910][748]LogModuleManager: Shutting down and abandoning module LinuxTargetPlatform (40)
[2016.03.14-10.44.36:910][748]LogModuleManager: Shutting down and abandoning module LinuxServerTargetPlatform (39)
[2016.03.14-10.44.36:910][748]LogModuleManager: Shutting down and abandoning module LinuxNoEditorTargetPlatform (38)
[2016.03.14-10.44.36:910][748]LogModuleManager: Shutting down and abandoning module Messaging (37)
[2016.03.14-10.44.36:910][748]LogModuleManager: Shutting down and abandoning module IOSTargetPlatform (36)
[2016.03.14-10.44.36:910][748]LogModuleManager: Shutting down and abandoning module HTML5TargetPlatform (35)
[2016.03.14-10.44.36:910][748]LogModuleManager: Shutting down and abandoning module Android_PVRTCTargetPlatform (34)
[2016.03.14-10.44.36:910][748]LogModuleManager: Shutting down and abandoning module Android_ETC2TargetPlatform (33)
[2016.03.14-10.44.36:910][748]LogModuleManager: Shutting down and abandoning module Android_ETC1TargetPlatform (32)
[2016.03.14-10.44.36:910][748]LogModuleManager: Shutting down and abandoning module Android_DXTTargetPlatform (31)
[2016.03.14-10.44.36:910][748]LogModuleManager: Shutting down and abandoning module Android_ATCTargetPlatform (30)
[2016.03.14-10.44.36:910][748]LogModuleManager: Shutting down and abandoning module Android_ASTCTargetPlatform (29)
[2016.03.14-10.44.36:910][748]LogModuleManager: Shutting down and abandoning module AndroidTargetPlatform (28)
[2016.03.14-10.44.36:910][748]LogModuleManager: Shutting down and abandoning module WindowsTargetPlatform (27)
[2016.03.14-10.44.36:910][748]LogModuleManager: Shutting down and abandoning module WindowsServerTargetPlatform (26)
[2016.03.14-10.44.36:910][748]LogModuleManager: Shutting down and abandoning module WindowsNoEditorTargetPlatform (25)
[2016.03.14-10.44.36:910][748]LogModuleManager: Shutting down and abandoning module WindowsClientTargetPlatform (24)
[2016.03.14-10.44.36:910][748]LogModuleManager: Shutting down and abandoning module AllDesktopTargetPlatform (23)
[2016.03.14-10.44.36:910][748]LogModuleManager: Shutting down and abandoning module TargetPlatform (22)
[2016.03.14-10.44.36:910][748]LogModuleManager: Shutting down and abandoning module InputCore (21)
[2016.03.14-10.44.36:910][748]LogModuleManager: Shutting down and abandoning module Settings (20)
[2016.03.14-10.44.36:911][748]LogModuleManager: Shutting down and abandoning module OnlineSubsystem (18)
[2016.03.14-10.44.36:911][748]LogModuleManager: Shutting down and abandoning module HTTP (17)
[2016.03.14-10.44.37:913][748]LogModuleManager: Shutting down and abandoning module XMPP (16)
[2016.03.14-10.44.37:913][748]LogModuleManager: Shutting down and abandoning module ExampleDeviceProfileSelector (15)
[2016.03.14-10.44.37:913][748]LogModuleManager: Shutting down and abandoning module TextureCompressor (14)
[2016.03.14-10.44.37:913][748]LogModuleManager: Shutting down and abandoning module ShaderCore (13)
[2016.03.14-10.44.37:913][748]LogModuleManager: Shutting down and abandoning module Landscape (12)
[2016.03.14-10.44.37:913][748]LogModuleManager: Shutting down and abandoning module SlateRHIRenderer (11)
[2016.03.14-10.44.37:914][748]LogModuleManager: Shutting down and abandoning module OpenGLDrv (10)
[2016.03.14-10.44.37:914][748]LogModuleManager: Shutting down and abandoning module D3D11RHI (9)
[2016.03.14-10.44.37:914][748]LogModuleManager: Shutting down and abandoning module AnimGraphRuntime (8)
[2016.03.14-10.44.37:914][748]LogModuleManager: Shutting down and abandoning module Renderer (7)
[2016.03.14-10.44.37:914][748]LogModuleManager: Shutting down and abandoning module Engine (6)
[2016.03.14-10.44.37:914][748]LogModuleManager: Shutting down and abandoning module CoreUObject (5)
[2016.03.14-10.44.37:914][748]LogModuleManager: Shutting down and abandoning module NetworkFile (4)
[2016.03.14-10.44.37:914][748]LogModuleManager: Shutting down and abandoning module StreamingFile (3)
[2016.03.14-10.44.37:914][748]LogModuleManager: Shutting down and abandoning module SandboxFile (2)
[2016.03.14-10.44.37:914][748]LogModuleManager: Shutting down and abandoning module PakFile (1)
[2016.03.14-10.44.37:914][748]LogExit: Exiting.
[2016.03.14-10.44.37:916][748]Log file closed, 03/14/16 11:44:37
