[2016.03.23-18.40.54:217][  0]Log file open, 03/23/16 19:40:54
[2016.03.23-18.40.54:217][  0]LogInit:Display: Running engine for game: TheBeginning
[2016.03.23-18.40.54:217][  0]LogInit:Display: RandInit(620030615) SRandInit(620030615).
[2016.03.23-18.40.54:217][  0]LogTaskGraph: Started task graph with 4 named threads and 7 total threads.
[2016.03.23-18.40.54:217][  0]LogStats: Stats thread started at 0.076892
[2016.03.23-18.40.54:217][  0]LogInit: Version: 4.9.2-2707645+++depot+UE4-Releases+4.9
[2016.03.23-18.40.54:217][  0]LogInit: API Version: 2672455
[2016.03.23-18.40.54:217][  0]LogInit: Compiled (64-bit): Sep 28 2015 10:25:44
[2016.03.23-18.40.54:217][  0]LogInit: Compiled with Visual C++: 18.00.21005.01
[2016.03.23-18.40.54:217][  0]LogInit: Build Configuration: Development
[2016.03.23-18.40.54:217][  0]LogInit: Branch Name: ++depot+UE4-Releases+4.9
[2016.03.23-18.40.54:217][  0]LogInit: Command line:  
[2016.03.23-18.40.54:217][  0]LogInit: Base directory: C:/Program Files (x86)/Epic Games/4.9/Engine/Binaries/Win64/
[2016.03.23-18.40.54:217][  0]LogInit: Rocket: 1
[2016.03.23-18.40.54:227][  0]LogInit: Using libcurl 7.41.0
[2016.03.23-18.40.54:227][  0]LogInit:  - built for x86_64-pc-win32
[2016.03.23-18.40.54:227][  0]LogInit:  - supports SSL with WinSSL
[2016.03.23-18.40.54:227][  0]LogInit:  - other features:
[2016.03.23-18.40.54:227][  0]LogInit:      CURL_VERSION_SSL
[2016.03.23-18.40.54:227][  0]LogInit:      CURL_VERSION_IPV6
[2016.03.23-18.40.54:227][  0]LogInit:      CURL_VERSION_ASYNCHDNS
[2016.03.23-18.40.54:227][  0]LogInit:      CURL_VERSION_LARGEFILE
[2016.03.23-18.40.54:227][  0]LogInit:      CURL_VERSION_IDN
[2016.03.23-18.40.54:227][  0]LogInit:  CurlRequestOptions (configurable via config and command line):
[2016.03.23-18.40.54:227][  0]LogInit:  - bVerifyPeer = true  - Libcurl will verify peer certificate
[2016.03.23-18.40.54:227][  0]LogInit:  - bUseHttpProxy = false  - Libcurl will NOT use HTTP proxy
[2016.03.23-18.40.54:227][  0]LogInit:  - bDontReuseConnections = false  - Libcurl will reuse connections
[2016.03.23-18.40.54:227][  0]LogInit:  - CertBundlePath = nullptr  - Libcurl will use whatever was configured at build time.
[2016.03.23-18.40.54:234][  0]LogInit: Presizing for 0 objects not considered by GC, pre-allocating 0 bytes.
[2016.03.23-18.40.54:240][  0]LogInit: Object subsystem initialized
[2016.03.23-18.40.54:242][  0]LogInit: Selected Device Profile: [Windows]
[2016.03.23-18.40.54:242][  0]LogInit: Applying CVar settings loaded from the selected device profile: [Windows]
[2016.03.23-18.40.54:251][  0]LogInit: Computer: DESKTOP-I563IRF
[2016.03.23-18.40.54:251][  0]LogInit: User: CaptainAmerica
[2016.03.23-18.40.54:251][  0]LogInit: CPU Page size=4096, Cores=4
[2016.03.23-18.40.54:251][  0]LogInit: High frequency timer resolution =2.531254 MHz
[2016.03.23-18.40.54:251][  0]LogMemory: Memory total: Physical=15.8GB (16GB approx)
[2016.03.23-18.40.54:251][  0]LogMemory: Platform Memory Stats for Windows
[2016.03.23-18.40.54:251][  0]LogMemory: Process Physical Memory: 54.86 MB used, 54.86 MB peak
[2016.03.23-18.40.54:251][  0]LogMemory: Process Virtual Memory: 55.40 MB used, 55.40 MB peak
[2016.03.23-18.40.54:251][  0]LogMemory: Physical Memory: 3242.80 MB used, 16205.89 MB total
[2016.03.23-18.40.54:251][  0]LogMemory: Virtual Memory: 368.80 MB used, 134217728.00 MB total
[2016.03.23-18.40.54:638][  0]LogTextLocalizationManager: No translations for ('de-DE') exist, falling back to 'en' for localization and internationalization data.
[2016.03.23-18.40.55:693][  0]LogD3D11RHI: Found D3D11 adapter 0: NVIDIA GeForce GTX 970M    (Feature Level 11_0)
[2016.03.23-18.40.55:693][  0]LogD3D11RHI: Adapter has 2988MB of dedicated video memory, 0MB of dedicated system memory, and 8102MB of shared system memory, 1 output[s]
[2016.03.23-18.40.55:700][  0]LogD3D11RHI: Found D3D11 adapter 1: Intel(R) HD Graphics 530 (Feature Level 11_0)
[2016.03.23-18.40.55:700][  0]LogD3D11RHI: Adapter has 128MB of dedicated video memory, 0MB of dedicated system memory, and 8102MB of shared system memory, 0 output[s]
[2016.03.23-18.40.55:701][  0]LogD3D11RHI: Found D3D11 adapter 2: Microsoft Basic Render Driver (Feature Level 11_0)
[2016.03.23-18.40.55:701][  0]LogD3D11RHI: Adapter has 0MB of dedicated video memory, 0MB of dedicated system memory, and 8102MB of shared system memory, 0 output[s]
[2016.03.23-18.40.55:701][  0]LogD3D11RHI: Chosen D3D11 Adapter Id = 0
[2016.03.23-18.40.55:704][  0]LogD3D11RHI: !Direct3DDevice
[2016.03.23-18.40.55:704][  0]LogRHI: Texture pool is 1361 MB (70% of 1945 MB)
[2016.03.23-18.40.55:715][  0]LogD3D11RHI: Async texture creation enabled
[2016.03.23-18.40.55:733][  0]LogShaderCompilers: Guid format shader working directory is 15 characters bigger than the processId version (../../../../../../Users/CaptainAmerica/Desktop/Uni/GE_Project/Intermediate/Shaders/WorkingDirectory/3676/).
[2016.03.23-18.40.55:733][  0]LogShaderCompilers: Cleaned the shader compiler working directory '../../../../../../Users/CaptainAmerica/Desktop/Uni/GE_Project/Intermediate/Shaders/tmp/FD5E2F944A645CDC9B66AF8101E8743F/'.
[2016.03.23-18.40.55:733][  0]LogShaderCompilers:Display: Using Local Shader Compiler.
[2016.03.23-18.40.56:639][  0]LogTemp:Display: Loaded TP AllDesktopTargetPlatform
[2016.03.23-18.40.56:644][  0]LogTemp:Display: Loaded TP WindowsClientTargetPlatform
[2016.03.23-18.40.56:648][  0]LogTemp:Display: Loaded TP WindowsNoEditorTargetPlatform
[2016.03.23-18.40.56:653][  0]LogTemp:Display: Loaded TP WindowsServerTargetPlatform
[2016.03.23-18.40.56:658][  0]LogTemp:Display: Loaded TP WindowsTargetPlatform
[2016.03.23-18.40.56:661][  0]LogTemp:Display: Loaded TP AndroidTargetPlatform
[2016.03.23-18.40.56:664][  0]LogTemp:Display: Loaded TP Android_ASTCTargetPlatform
[2016.03.23-18.40.56:667][  0]LogTemp:Display: Loaded TP Android_ATCTargetPlatform
[2016.03.23-18.40.56:670][  0]LogTemp:Display: Loaded TP Android_DXTTargetPlatform
[2016.03.23-18.40.56:673][  0]LogTemp:Display: Loaded TP Android_ETC1TargetPlatform
[2016.03.23-18.40.56:676][  0]LogTemp:Display: Loaded TP Android_ETC2TargetPlatform
[2016.03.23-18.40.56:680][  0]LogTemp:Display: Loaded TP Android_PVRTCTargetPlatform
[2016.03.23-18.40.56:680][  0]LogTemp:Display: Loaded TP HTML5TargetPlatform
[2016.03.23-18.40.56:696][  0]LogTemp:Display: Loaded TP IOSTargetPlatform
[2016.03.23-18.40.56:699][  0]LogTemp:Display: Loaded TP LinuxNoEditorTargetPlatform
[2016.03.23-18.40.56:702][  0]LogTemp:Display: Loaded TP LinuxServerTargetPlatform
[2016.03.23-18.40.56:706][  0]LogTemp:Display: Loaded TP LinuxTargetPlatform
[2016.03.23-18.40.56:706][  0]LogTargetPlatformManager:Display: Building Assets For Windows
[2016.03.23-18.40.56:778][  0]LogDerivedDataCache:Display: Max Cache Size: 512 MB
[2016.03.23-18.40.56:813][  0]LogDerivedDataCache: Loaded boot cache 0.03s 41MB C:/Users/CaptainAmerica/AppData/Local/UnrealEngine/4.9/DerivedDataCache/Boot.ddc.
[2016.03.23-18.40.56:813][  0]LogDerivedDataCache:Display: Loaded Boot cache: C:/Users/CaptainAmerica/AppData/Local/UnrealEngine/4.9/DerivedDataCache/Boot.ddc
[2016.03.23-18.40.56:813][  0]LogDerivedDataCache: FDerivedDataBackendGraph:  Pak pak cache file ../../../../../../Users/CaptainAmerica/Desktop/Uni/GE_Project/DerivedDataCache/DDC.ddp not found, will not use a pak cache.
[2016.03.23-18.40.56:813][  0]LogDerivedDataCache: Unable to find inner node Pak for hierarchical cache Hierarchy.
[2016.03.23-18.40.56:813][  0]LogDerivedDataCache: FDerivedDataBackendGraph:  CompressedPak pak cache file ../../../../../../Users/CaptainAmerica/Desktop/Uni/GE_Project/DerivedDataCache/Compressed.ddp not found, will not use a pak cache.
[2016.03.23-18.40.56:813][  0]LogDerivedDataCache: Unable to find inner node CompressedPak for hierarchical cache Hierarchy.
[2016.03.23-18.40.56:934][  0]LogDerivedDataCache:Display: Pak cache opened for reading ../../../Engine/DerivedDataCache/Compressed.ddp.
[2016.03.23-18.40.56:946][  0]LogDerivedDataCache: Using Local data cache path C:/Users/CaptainAmerica/AppData/Local/UnrealEngine/Common/DerivedDataCache: Writable
[2016.03.23-18.40.57:090][  0]LogInit: Selected Device Profile: [Windows]
[2016.03.23-18.40.57:093][  0]LogContentStreaming: Texture pool size is 0.000000MB
[2016.03.23-18.40.57:201][  0]LogMeshUtilities: No automatic mesh reduction module available
[2016.03.23-18.40.57:201][  0]LogMeshUtilities: No automatic mesh merging module available
[2016.03.23-18.40.57:409][  0]LogInit: WinSock: version 1.1 (2.2), MaxSocks=32767, MaxUdp=65467
[2016.03.23-18.40.58:029][  0]UdpMessaging: Initializing bridge on interface 0.0.0.0:0 to multicast group 230.0.0.1:6666.
[2016.03.23-18.40.58:132][  0]LogAssetRegistry: FAssetRegistry took 0.0107 seconds to start up
[2016.03.23-18.40.58:287][  0]SourceControl: Info Source control is disabled
[2016.03.23-18.40.58:288][  0]SourceControl: Info Source control is disabled
[2016.03.23-18.40.58:298][  0]SourceControl: Info Source control is disabled
[2016.03.23-18.40.58:308][  0]SourceControl: Info Source control is disabled
[2016.03.23-18.40.58:434][  0]LogLinker:Warning: Asset '../../../Engine/Plugins/Runtime/LeapMotionController/Content/LM_PassthroughMaterial.uasset' has been saved with empty engine version. The asset will be loaded but may be incompatible.
[2016.03.23-18.40.58:500][  0]LogObj: 28450 objects as part of root set at end of initial load.
[2016.03.23-18.40.58:500][  0]LogUObjectAllocator: 6092552 out of 0 bytes used by permanent object pool.
[2016.03.23-18.40.58:551][  0]LogEngine: Initializing Engine...
[2016.03.23-18.40.58:554][  0]LogHMD: Can't find Oculus library dev build: is proper Runtime installed? Version: 0.7.0.0
[2016.03.23-18.40.58:554][  0]LogHMD: SteamVR failed to initialize.  Err: 110
[2016.03.23-18.40.58:663][  0]LogAIModule: Creating AISystem for world NewWorld
[2016.03.23-18.40.58:667][  0]LogInit: XAudio2 using 'Lautsprecher (Realtek High Definition Audio)' : 2 channels at 48 kHz using 32 bits per sample (channel mask 0x3)
[2016.03.23-18.40.58:688][  0]LogInit: FAudioDevice initialized.
[2016.03.23-18.40.58:705][  0]LogDerivedDataCache: Saved boot cache 0.02s 41MB C:/Users/CaptainAmerica/AppData/Local/UnrealEngine/4.9/DerivedDataCache/Boot.ddc.
[2016.03.23-18.40.58:709][  0]LogInit: Texture streaming: Enabled
[2016.03.23-18.40.58:714][  0]LogAnalytics: Creating configured Analytics provider AnalyticsET
[2016.03.23-18.40.58:714][  0]LogAnalytics: [UEEditor.Rocket.Release] APIServer = http://et2.epicgames.com/ET2/. AppVersion = 4.9.2-2707645+++depot+UE4-Releases+4.9
[2016.03.23-18.40.58:714][  0]LogAnalytics: [UEEditor.Rocket.Release] SetUserId cf13bd144fda46388eb9608560661132|81f01d6b67df48cfa9231b1643757103|89657b24-a756-40fe-95bd-5a575f0e3948
[2016.03.23-18.40.58:714][  0]LogAnalytics: [UEEditor.Rocket.Release] AnalyticsET::StartSession
[2016.03.23-18.40.58:742][  0]LogInit: Transaction tracking system initialized
[2016.03.23-18.40.58:771][  0]BlueprintLog: New page: Editor Load
[2016.03.23-18.40.58:851][  0]LocalizationService: Info Localization service is disabled
[2016.03.23-18.40.58:915][  0]LogConsoleResponse:Display: 
[2016.03.23-18.40.59:029][  0]LogCook:Display: Done creating registry. It took  0.00s.
[2016.03.23-18.40.59:083][  0]LogFileCache: Scanning file cache for directory 'C:/Users/CaptainAmerica/Desktop/Uni/GE_Project/Content/' took 0.01s
[2016.03.23-18.40.59:083][  0]SourceControl: Info Source control is disabled
[2016.03.23-18.40.59:083][  0]Cmd: MAP LOAD FILE="../../../../../../Users/CaptainAmerica/Desktop/Uni/GE_Project/Content/StarterContent/Maps/Minimal_Default.umap" TEMPLATE=0 SHOWPROGRESS=1 FEATURELEVEL=3
[2016.03.23-18.40.59:083][  0]LightingResults: New page: Lighting Build
[2016.03.23-18.40.59:087][  0]MapCheck: New page: Map Check
[2016.03.23-18.40.59:087][  0]LightingResults: New page: Lighting Build
[2016.03.23-18.40.59:095][  0]LogParticles: Destroying 0 GPU particle simulations for FXSystem 0x000002084CA92160
[2016.03.23-18.40.59:427][  0]LogAIModule: Creating AISystem for world Minimal_Default
[2016.03.23-18.40.59:433][  0]LogEditorServer: Finished looking for orphan Actors (0.000 secs)
[2016.03.23-18.40.59:434][  0]Cmd: MAP CHECKDEP NOCLEARLOG
[2016.03.23-18.40.59:474][  0]MapCheck: Info Map check complete: 0 Error(s), 0 Warning(s), took 39.758ms to complete.
[2016.03.23-18.40.59:474][  0]LogFileHelpers: Loading map 'Minimal_Default' took 0.391
[2016.03.23-18.40.59:564][  0]LogCollectionManager: Loaded 0 collections in 0.002030 seconds
[2016.03.23-18.40.59:610][  0]LogFileCache: Scanning file cache for directory 'C:/Users/CaptainAmerica/Desktop/Uni/GE_Project/Saved/Collections/' took 0.01s
[2016.03.23-18.40.59:610][  0]LogFileCache: Scanning file cache for directory 'C:/Users/CaptainAmerica/Desktop/Uni/GE_Project/Content/Developers/CaptainAmerica/Collections/' took 0.01s
[2016.03.23-18.40.59:610][  0]LogFileCache: Scanning file cache for directory 'C:/Users/CaptainAmerica/Desktop/Uni/GE_Project/Content/Collections/' took 0.01s
[2016.03.23-18.40.59:610][  0]LogContentBrowser: Native class hierarchy populated in 0.0120 seconds. Added 1875 classes and 335 folders.
[2016.03.23-18.40.59:616][  0]LogCollectionManager: Rebuilt the GUID cache for 0 collections in 0.000003 seconds
[2016.03.23-18.40.59:628][  0]LogContentBrowser: Native class hierarchy updated for 'WidgetCarousel' in 0.0010 seconds. Added 0 classes and 0 folders.
[2016.03.23-18.40.59:672][  0]LogContentBrowser: Native class hierarchy updated for 'AddContentDialog' in 0.0010 seconds. Added 0 classes and 0 folders.
[2016.03.23-18.40.59:676][  0]LogContentBrowser: Native class hierarchy updated for 'SceneOutliner' in 0.0010 seconds. Added 1 classes and 2 folders.
[2016.03.23-18.40.59:698][  0]LogCrashTracker: Crashtracker disabled due to settings.
[2016.03.23-18.40.59:703][  0]LogUObjectGlobals:Warning: Failed to find object 'Class None.'
[2016.03.23-18.40.59:724][  0]LogLoad: Full Startup: 6.28 seconds (BP compile: 0.04 seconds)
[2016.03.23-18.40.59:783][  0]LogContentStreaming: Texture pool size now 1000 MB
[2016.03.23-18.40.59:912][  0]LogRenderer: Reallocating scene render targets to support 964x436 (Frame:2).
[2016.03.23-18.41.00:077][  3]LogAssetRegistry: Asset discovery search completed in 1.9554 seconds
[2016.03.23-18.41.00:077][  3]LogCollectionManager: Rebuilt the object cache for 0 collections in 0.000000 seconds (found 0 objects)
[2016.03.23-18.41.00:077][  3]LogCollectionManager: Fixed up redirectors for 0 collections in 0.000020 seconds (updated 0 objects)
[2016.03.23-18.41.05:141][417]LogFileCache: Retrieving MD5 hashes for directory 'C:/Users/CaptainAmerica/Desktop/Uni/GE_Project/Content/' took 5.40s
[2016.03.23-18.41.19:560][460]LogLinker:Warning: Asset '../../../Engine/Content/ArtTools/RenderToTexture/Macros/RenderToTextureMacros.uasset' has been saved with empty engine version. The asset will be loaded but may be incompatible.
[2016.03.23-18.41.20:028][460]LogContentBrowser: Native class hierarchy updated for 'BlueprintGraph' in 0.0014 seconds. Added 107 classes and 0 folders.
[2016.03.23-18.41.24:005][752]LogRenderer: Reallocating scene render targets to support 964x540 (Frame:689).
[2016.03.23-18.41.40:396][395]LogBlueprint:Warning: [compiler Ue4ASP_Character] Warning Input Axis Event references unknown Axis 'LookUp' for  InputAxis LookUp 
[2016.03.23-18.41.40:396][395]LogBlueprint:Warning: [compiler Ue4ASP_Character] Warning Input Axis Event references unknown Axis 'Turn' for  InputAxis Turn 
[2016.03.23-18.41.40:396][395]LogBlueprint:Warning: [compiler Ue4ASP_Character] Warning Input Axis Event references unknown Axis 'MoveRight' for  InputAxis MoveRight 
[2016.03.23-18.41.40:397][395]LogBlueprint:Warning: [compiler Ue4ASP_Character] Warning Input Axis Event references unknown Axis 'MoveForward' for  InputAxis MoveForward 
[2016.03.23-18.41.40:399][395]LogBlueprint:Warning: [compiler Ue4ASP_Character] Warning [0046.96] Compile of Ue4ASP_Character successful, but with 4 Warning(s) [in 7 ms]
[2016.03.23-18.41.40:399][395]LogBlueprint:Warning: [compiler Ue4ASP_Character] Warning [0046.96] Compile of Ue4ASP_Character successful, but with 5 Warning(s) [in 0 ms]
[2016.03.23-18.41.40:399][395]LogBlueprint:Warning: [compiler Ue4ASP_Character] Warning [0046.96] Compile of Ue4ASP_Character successful, but with 6 Warning(s) [in 0 ms]
[2016.03.23-18.41.40:462][395]LogBlueprint:Warning: [compiler Ue4ASP_Character] Warning Input Axis Event references unknown Axis 'LookUp' for  InputAxis LookUp 
[2016.03.23-18.41.40:462][395]LogBlueprint:Warning: [compiler Ue4ASP_Character] Warning Input Axis Event references unknown Axis 'Turn' for  InputAxis Turn 
[2016.03.23-18.41.40:462][395]LogBlueprint:Warning: [compiler Ue4ASP_Character] Warning Input Axis Event references unknown Axis 'MoveRight' for  InputAxis MoveRight 
[2016.03.23-18.41.40:463][395]LogBlueprint:Warning: [compiler Ue4ASP_Character] Warning Input Axis Event references unknown Axis 'MoveForward' for  InputAxis MoveForward 
[2016.03.23-18.41.40:466][395]LogBlueprint:Warning: [compiler Ue4ASP_Character] Warning [0047.03] Compile of Ue4ASP_Character successful, but with 4 Warning(s) [in 7 ms]
[2016.03.23-18.41.40:466][395]LogBlueprint:Warning: [compiler Ue4ASP_Character] Warning [0047.03] Compile of Ue4ASP_Character successful, but with 5 Warning(s) [in 0 ms]
[2016.03.23-18.41.40:466][395]LogBlueprint:Warning: [compiler Ue4ASP_Character] Warning [0047.03] Compile of Ue4ASP_Character successful, but with 6 Warning(s) [in 0 ms]
[2016.03.23-18.41.40:517][395]LogBlueprint:Warning: [BP_Avatar] CreatePinForVariable: 'KinectInterface' variable not found. Base class was probably changed.
[2016.03.23-18.41.40:517][395]LogBlueprint:Warning: [BP_Avatar] CreatePinForVariable: 'KinectInterface' variable not found. Base class was probably changed.
[2016.03.23-18.41.40:517][395]LogBlueprint:Warning: [BP_Avatar] CreatePinForVariable: 'KinectInterface' variable not found. Base class was probably changed.
[2016.03.23-18.41.40:517][395]LogBlueprint:Warning: [BP_Avatar] CreatePinForVariable: 'KinectInterface' variable not found. Base class was probably changed.
[2016.03.23-18.41.40:517][395]LogBlueprint:Warning: [BP_Avatar] CreatePinForVariable: 'KinectInterface' variable not found. Base class was probably changed.
[2016.03.23-18.41.40:524][395]LogBlueprint:Warning: [compiler BP_Avatar] Warning Could not find a variable named "KinectInterface" in 'BP_Avatar_C'.
Make sure 'BP_Avatar_C' has been compiled for  Get KinectInterface 
[2016.03.23-18.41.40:524][395]LogBlueprint:Error: [compiler BP_Avatar] Error Could not find a function named "GetHandStateAsExecution" in 'BP_Avatar'.
Make sure 'BP_Avatar' has been compiled for  Get Hand State as Execution 
[2016.03.23-18.41.40:524][395]LogBlueprint:Warning: [compiler BP_Avatar] Warning Could not find a variable named "KinectInterface" in 'BP_Avatar_C'.
Make sure 'BP_Avatar_C' has been compiled for  Get KinectInterface 
[2016.03.23-18.41.40:525][395]LogBlueprint:Error: [compiler BP_Avatar] Error Could not find a function named "GetHandStateAsExecution" in 'BP_Avatar'.
Make sure 'BP_Avatar' has been compiled for  Get Hand State as Execution 
[2016.03.23-18.41.40:525][395]LogBlueprint:Warning: [compiler BP_Avatar] Warning Could not find a variable named "KinectInterface" in 'BP_Avatar_C'.
Make sure 'BP_Avatar_C' has been compiled for  Get KinectInterface 
[2016.03.23-18.41.40:525][395]LogBlueprint:Error: [compiler BP_Avatar] Error Could not find a function named "GetDistanceBetweenJoints" in 'BP_Avatar'.
Make sure 'BP_Avatar' has been compiled for  Get Distance Between Joints 
[2016.03.23-18.41.40:525][395]LogBlueprint:Warning: [compiler BP_Avatar] Warning Could not find a variable named "KinectInterface" in 'BP_Avatar_C'.
Make sure 'BP_Avatar_C' has been compiled for  Get KinectInterface 
[2016.03.23-18.41.40:525][395]LogBlueprint:Error: [compiler BP_Avatar] Error Could not find a function named "GetDistanceBetweenJoints" in 'BP_Avatar'.
Make sure 'BP_Avatar' has been compiled for  Get Distance Between Joints 
[2016.03.23-18.41.40:525][395]LogBlueprint:Warning: [compiler BP_Avatar] Warning Could not find a variable named "KinectInterface" in 'BP_Avatar_C'.
Make sure 'BP_Avatar_C' has been compiled for  Get KinectInterface 
[2016.03.23-18.41.40:525][395]LogBlueprint:Error: [compiler BP_Avatar] Error Could not find a function named "GetCenteredBody" in 'BP_Avatar'.
Make sure 'BP_Avatar' has been compiled for  Get Centered Body 
[2016.03.23-18.41.40:526][395]LogBlueprint:Error: [compiler BP_Avatar] Error The property associated with  Kinect Interface  could not be found
[2016.03.23-18.41.40:526][395]LogBlueprint:Error: [compiler BP_Avatar] Error The property associated with  Kinect Interface  could not be found
[2016.03.23-18.41.40:526][395]LogBlueprint:Error: [compiler BP_Avatar] Error The property associated with  Kinect Interface  could not be found
[2016.03.23-18.41.40:527][395]LogBlueprint:Error: [compiler BP_Avatar] Error The current value (AnkleLeft) of the ' Start Joint ' pin is invalid: Expected a valid unsigned number for a byte property
[2016.03.23-18.41.40:527][395]LogBlueprint:Error: [compiler BP_Avatar] Error The current value (AnkleRight) of the ' End Joint ' pin is invalid: Expected a valid unsigned number for a byte property
[2016.03.23-18.41.40:527][395]LogBlueprint:Error: [compiler BP_Avatar] Error The current value (Head) of the ' Start Joint ' pin is invalid: Expected a valid unsigned number for a byte property
[2016.03.23-18.41.40:527][395]LogBlueprint:Error: [compiler BP_Avatar] Error The current value (AnkleRight) of the ' End Joint ' pin is invalid: Expected a valid unsigned number for a byte property
[2016.03.23-18.41.40:527][395]LogBlueprint:Error: [compiler BP_Avatar] Error The property associated with  Kinect Interface  could not be found
[2016.03.23-18.41.40:527][395]LogBlueprint:Error: [compiler BP_Avatar] Error The property associated with  Kinect Interface  could not be found
[2016.03.23-18.41.40:527][395]LogBlueprint:Error: [compiler BP_Avatar] Error The current value (Right) of the ' Hand ' pin is invalid: Expected a valid unsigned number for a byte property
[2016.03.23-18.41.40:527][395]LogBlueprint:Error: [compiler BP_Avatar] Error The current value (Left) of the ' Hand ' pin is invalid: Expected a valid unsigned number for a byte property
[2016.03.23-18.41.40:533][395]LogBlueprint:Warning: [compiler BP_Avatar] Warning [0047.09] Compile of BP_Avatar failed. 16 Fatal Issue(s) 5 Warning(s) [in 15 ms]
[2016.03.23-18.41.40:533][395]LogBlueprint:Warning: [compiler BP_Avatar] Warning [0047.09] Compile of BP_Avatar failed. 16 Fatal Issue(s) 6 Warning(s) [in 0 ms]
[2016.03.23-18.41.40:533][395]LogBlueprint:Warning: [compiler BP_Avatar] Warning [0047.09] Compile of BP_Avatar failed. 16 Fatal Issue(s) 7 Warning(s) [in 0 ms]
[2016.03.23-18.41.58:583][567]LogActorComponent: UnregisterComponent: (/Engine/Transient.EditorFloorComp) Not registered. Aborting.
[2016.03.23-18.52.31:896][322]LogActorComponent: UnregisterComponent: (/Engine/Transient.EditorFloorComp) Not registered. Aborting.
[2016.03.23-18.52.52:579][423]LogAIModule: Creating AISystem for world MyFirstLevel
[2016.03.23-18.52.52:589][423]LogParticles:Warning: InitializeSystem called on an unregistered component. Template=/Game/Snow.Snow Component=/Game/MyFirstLevel.MyFirstLevel:PersistentLevel.Snow_2.ParticleSystemComponent0
[2016.03.23-18.52.52:589][423]LogParticles:Warning: InitializeSystem called on an unregistered component. Template=/Game/StarterContent/Particles/P_Fire.P_Fire Component=/Game/MyFirstLevel.MyFirstLevel:PersistentLevel.P_Fire_2.ParticleSystemComponent0
[2016.03.23-18.52.52:601][423]LogActorComponent: UnregisterComponent: (/Engine/Transient.ProjectileComp) Not registered. Aborting.
[2016.03.23-18.52.52:601][423]LogActorComponent: UnregisterComponent: (/Engine/Transient.CharMoveComp) Not registered. Aborting.
[2016.03.23-18.52.52:601][423]LogActorComponent: UnregisterComponent: (/Engine/Transient.CharacterMovementComponent_0) Not registered. Aborting.
[2016.03.23-18.52.52:627][423]LogParticles: Destroying 0 GPU particle simulations for FXSystem 0x000002083F7E3F60
[2016.03.23-18.52.52:630][423]LogParticles: Destroying 0 GPU particle simulations for FXSystem 0x000002080DFEDC60
[2016.03.23-18.52.52:630][423]LogParticles: Destroying 0 GPU particle simulations for FXSystem 0x0000020857531580
[2016.03.23-18.52.52:631][423]LogParticles: Destroying 0 GPU particle simulations for FXSystem 0x0000020815793600
[2016.03.23-18.52.52:632][423]LogParticles: Destroying 0 GPU particle simulations for FXSystem 0x00000208749DA340
[2016.03.23-18.52.52:641][423]Cmd: MAP LOAD FILE="../../../../../../Users/CaptainAmerica/Desktop/Uni/GE_Project/Content/MyFirstLevel.umap" TEMPLATE=0 SHOWPROGRESS=1 FEATURELEVEL=3
[2016.03.23-18.52.52:641][423]LightingResults: New page: Lighting Build
[2016.03.23-18.52.52:660][423]LoadErrors: New page: Loading map: MyFirstLevel.umap
[2016.03.23-18.52.52:661][423]MapCheck: New page: Map Check
[2016.03.23-18.52.52:661][423]LightingResults: New page: Lighting Build
[2016.03.23-18.52.52:679][423]LogParticles: Destroying 0 GPU particle simulations for FXSystem 0x00000208400DBEC0
[2016.03.23-18.52.52:816][423]LogEditorServer: Finished looking for orphan Actors (0.000 secs)
[2016.03.23-18.52.52:872][423]Cmd: MAP CHECKDEP NOCLEARLOG
[2016.03.23-18.52.52:931][423]MapCheck: Info Map check complete: 0 Error(s), 0 Warning(s), took 58.58ms to complete.
[2016.03.23-18.52.52:931][423]LogFileHelpers: Loading map 'MyFirstLevel' took 0.291
[2016.03.23-18.52.52:963][424]Cmd: UpdateLandscapeEditorData -warnings
[2016.03.23-18.52.52:970][424]Cmd: UpdateLandscapeEditorData
[2016.03.23-19.00.11:474][356]LogCrashTracker: 


[2016.03.23-19.00.11:474][356]LogCrashTracker: 


[2016.03.23-19.00.11:474][356]LogWindows: === Critical error: ===
Fatal error!



[2016.03.23-19.00.11:600][356]LogExit: Executing StaticShutdownAfterError
[2016.03.23-19.00.11:602][356]LogOutputDevice:Warning: 

Script Stack:
PickUpItem.Prox

[2016.03.23-19.00.11:606][356]LogPhysics:Warning: PHYSX: ..\..\PhysX\src\NpScene.cpp (2946) 8 : PxScene::unlockWrite() called without matching call to PxScene::lockWrite(), behaviour will be undefined.
[2016.03.23-19.00.11:606][356]LogPhysics:Warning: PHYSX: ..\..\PhysX\src\NpScene.cpp (2946) 8 : PxScene::unlockWrite() called without matching call to PxScene::lockWrite(), behaviour will be undefined.
[2016.03.23-19.00.11:606][356]LogPhysics:Warning: PHYSX: ..\..\PhysX\src\NpScene.cpp (2946) 8 : PxScene::unlockWrite() called without matching call to PxScene::lockWrite(), behaviour will be undefined.
[2016.03.23-19.00.11:606][356]LogPhysics:Warning: PHYSX: ..\..\PhysX\src\NpScene.cpp (2946) 8 : PxScene::unlockWrite() called without matching call to PxScene::lockWrite(), behaviour will be undefined.
[2016.03.23-19.00.11:606][356]LogPhysics:Warning: PHYSX: ..\..\PhysX\src\NpScene.cpp (2946) 8 : PxScene::unlockWrite() called without matching call to PxScene::lockWrite(), behaviour will be undefined.
[2016.03.23-19.00.11:606][356]LogPhysics:Warning: PHYSX: ..\..\PhysX\src\NpScene.cpp (2946) 8 : PxScene::unlockWrite() called without matching call to PxScene::lockWrite(), behaviour will be undefined.
[2016.03.23-19.00.11:606][356]LogWindows: FPlatformMisc::RequestExit(1)
[2016.03.23-19.00.11:606][356]Log file closed, 03/23/16 20:00:11
