[2016.03.24-09.38.29:116][  0]Log file open, 03/24/16 10:38:29
[2016.03.24-09.38.29:116][  0]LogInit:Display: Running engine for game: TheBeginning
[2016.03.24-09.38.29:116][  0]LogInit:Display: RandInit(-188414936) SRandInit(-188414936).
[2016.03.24-09.38.29:116][  0]LogTaskGraph: Started task graph with 4 named threads and 7 total threads.
[2016.03.24-09.38.29:116][  0]LogStats: Stats thread started at 0.075490
[2016.03.24-09.38.29:116][  0]LogInit: Version: 4.9.2-2707645+++depot+UE4-Releases+4.9
[2016.03.24-09.38.29:116][  0]LogInit: API Version: 2672455
[2016.03.24-09.38.29:116][  0]LogInit: Compiled (64-bit): Sep 28 2015 10:25:44
[2016.03.24-09.38.29:116][  0]LogInit: Compiled with Visual C++: 18.00.21005.01
[2016.03.24-09.38.29:116][  0]LogInit: Build Configuration: Development
[2016.03.24-09.38.29:116][  0]LogInit: Branch Name: ++depot+UE4-Releases+4.9
[2016.03.24-09.38.29:116][  0]LogInit: Command line:  
[2016.03.24-09.38.29:116][  0]LogInit: Base directory: D:/Programme/Epic Games/4.9/Engine/Binaries/Win64/
[2016.03.24-09.38.29:116][  0]LogInit: Rocket: 1
[2016.03.24-09.38.29:122][  0]LogInit: Using libcurl 7.41.0
[2016.03.24-09.38.29:122][  0]LogInit:  - built for x86_64-pc-win32
[2016.03.24-09.38.29:122][  0]LogInit:  - supports SSL with WinSSL
[2016.03.24-09.38.29:122][  0]LogInit:  - other features:
[2016.03.24-09.38.29:122][  0]LogInit:      CURL_VERSION_SSL
[2016.03.24-09.38.29:122][  0]LogInit:      CURL_VERSION_IPV6
[2016.03.24-09.38.29:122][  0]LogInit:      CURL_VERSION_ASYNCHDNS
[2016.03.24-09.38.29:122][  0]LogInit:      CURL_VERSION_LARGEFILE
[2016.03.24-09.38.29:122][  0]LogInit:      CURL_VERSION_IDN
[2016.03.24-09.38.29:122][  0]LogInit:  CurlRequestOptions (configurable via config and command line):
[2016.03.24-09.38.29:122][  0]LogInit:  - bVerifyPeer = true  - Libcurl will verify peer certificate
[2016.03.24-09.38.29:122][  0]LogInit:  - bUseHttpProxy = false  - Libcurl will NOT use HTTP proxy
[2016.03.24-09.38.29:122][  0]LogInit:  - bDontReuseConnections = false  - Libcurl will reuse connections
[2016.03.24-09.38.29:122][  0]LogInit:  - CertBundlePath = nullptr  - Libcurl will use whatever was configured at build time.
[2016.03.24-09.38.29:126][  0]LogInit: Presizing for 0 objects not considered by GC, pre-allocating 0 bytes.
[2016.03.24-09.38.29:132][  0]LogInit: Object subsystem initialized
[2016.03.24-09.38.29:133][  0]LogInit: Selected Device Profile: [Windows]
[2016.03.24-09.38.29:133][  0]LogInit: Applying CVar settings loaded from the selected device profile: [Windows]
[2016.03.24-09.38.29:140][  0]LogInit: Computer: PC1021500895
[2016.03.24-09.38.29:140][  0]LogInit: User: VR
[2016.03.24-09.38.29:140][  0]LogInit: CPU Page size=4096, Cores=4
[2016.03.24-09.38.29:140][  0]LogInit: High frequency timer resolution =3.507498 MHz
[2016.03.24-09.38.29:140][  0]LogMemory: Memory total: Physical=15.9GB (16GB approx)
[2016.03.24-09.38.29:140][  0]LogMemory: Platform Memory Stats for Windows
[2016.03.24-09.38.29:140][  0]LogMemory: Process Physical Memory: 53.09 MB used, 53.09 MB peak
[2016.03.24-09.38.29:140][  0]LogMemory: Process Virtual Memory: 56.17 MB used, 56.17 MB peak
[2016.03.24-09.38.29:140][  0]LogMemory: Physical Memory: 5291.80 MB used, 16261.17 MB total
[2016.03.24-09.38.29:140][  0]LogMemory: Virtual Memory: 347.69 MB used, 134217728.00 MB total
[2016.03.24-09.38.29:166][  0]LogTextLocalizationManager: No translations for ('de-DE') exist, falling back to 'en' for localization and internationalization data.
[2016.03.24-09.38.29:710][  0]LogD3D11RHI: Found D3D11 adapter 0: NVIDIA GeForce GTX 970 (Feature Level 11_0)
[2016.03.24-09.38.29:710][  0]LogD3D11RHI: Adapter has 3976MB of dedicated video memory, 0MB of dedicated system memory, and 8130MB of shared system memory, 1 output[s]
[2016.03.24-09.38.29:711][  0]LogD3D11RHI: Found D3D11 adapter 1: Microsoft Basic Render Driver (Feature Level 11_0)
[2016.03.24-09.38.29:711][  0]LogD3D11RHI: Adapter has 0MB of dedicated video memory, 0MB of dedicated system memory, and 256MB of shared system memory, 0 output[s]
[2016.03.24-09.38.29:711][  0]LogD3D11RHI: Chosen D3D11 Adapter Id = 0
[2016.03.24-09.38.29:714][  0]LogD3D11RHI: !Direct3DDevice
[2016.03.24-09.38.29:715][  0]LogRHI: Texture pool is 1361 MB (70% of 1945 MB)
[2016.03.24-09.38.29:724][  0]LogD3D11RHI: Async texture creation enabled
[2016.03.24-09.38.29:739][  0]LogShaderCompilers: Guid format shader working directory is 15 characters bigger than the processId version (../../../../../../UnrealProjects/GE_Project/Intermediate/Shaders/WorkingDirectory/4336/).
[2016.03.24-09.38.29:739][  0]LogShaderCompilers: Cleaned the shader compiler working directory '../../../../../../UnrealProjects/GE_Project/Intermediate/Shaders/tmp/8D12D5E240FC8A3DD4CFD1A11503F594/'.
[2016.03.24-09.38.29:739][  0]LogShaderCompilers:Display: Using Local Shader Compiler.
[2016.03.24-09.38.30:540][  0]LogTemp:Display: Loaded TP AllDesktopTargetPlatform
[2016.03.24-09.38.30:545][  0]LogTemp:Display: Loaded TP WindowsClientTargetPlatform
[2016.03.24-09.38.30:548][  0]LogTemp:Display: Loaded TP WindowsNoEditorTargetPlatform
[2016.03.24-09.38.30:552][  0]LogTemp:Display: Loaded TP WindowsServerTargetPlatform
[2016.03.24-09.38.30:555][  0]LogTemp:Display: Loaded TP WindowsTargetPlatform
[2016.03.24-09.38.30:557][  0]LogTemp:Display: Loaded TP AndroidTargetPlatform
[2016.03.24-09.38.30:560][  0]LogTemp:Display: Loaded TP Android_ASTCTargetPlatform
[2016.03.24-09.38.30:562][  0]LogTemp:Display: Loaded TP Android_ATCTargetPlatform
[2016.03.24-09.38.30:565][  0]LogTemp:Display: Loaded TP Android_DXTTargetPlatform
[2016.03.24-09.38.30:567][  0]LogTemp:Display: Loaded TP Android_ETC1TargetPlatform
[2016.03.24-09.38.30:569][  0]LogTemp:Display: Loaded TP Android_ETC2TargetPlatform
[2016.03.24-09.38.30:571][  0]LogTemp:Display: Loaded TP Android_PVRTCTargetPlatform
[2016.03.24-09.38.30:572][  0]LogTemp:Display: Loaded TP HTML5TargetPlatform
[2016.03.24-09.38.30:587][  0]LogTemp:Display: Loaded TP IOSTargetPlatform
[2016.03.24-09.38.30:589][  0]LogTemp:Display: Loaded TP LinuxNoEditorTargetPlatform
[2016.03.24-09.38.30:592][  0]LogTemp:Display: Loaded TP LinuxServerTargetPlatform
[2016.03.24-09.38.30:594][  0]LogTemp:Display: Loaded TP LinuxTargetPlatform
[2016.03.24-09.38.30:594][  0]LogTargetPlatformManager:Display: Building Assets For Windows
[2016.03.24-09.38.30:644][  0]LogDerivedDataCache:Display: Max Cache Size: 512 MB
[2016.03.24-09.38.30:688][  0]LogDerivedDataCache: Loaded boot cache 0.04s 41MB C:/Users/VR/AppData/Local/UnrealEngine/4.9/DerivedDataCache/Boot.ddc.
[2016.03.24-09.38.30:688][  0]LogDerivedDataCache:Display: Loaded Boot cache: C:/Users/VR/AppData/Local/UnrealEngine/4.9/DerivedDataCache/Boot.ddc
[2016.03.24-09.38.30:688][  0]LogDerivedDataCache: FDerivedDataBackendGraph:  Pak pak cache file ../../../../../../UnrealProjects/GE_Project/DerivedDataCache/DDC.ddp not found, will not use a pak cache.
[2016.03.24-09.38.30:688][  0]LogDerivedDataCache: Unable to find inner node Pak for hierarchical cache Hierarchy.
[2016.03.24-09.38.30:688][  0]LogDerivedDataCache: FDerivedDataBackendGraph:  CompressedPak pak cache file ../../../../../../UnrealProjects/GE_Project/DerivedDataCache/Compressed.ddp not found, will not use a pak cache.
[2016.03.24-09.38.30:688][  0]LogDerivedDataCache: Unable to find inner node CompressedPak for hierarchical cache Hierarchy.
[2016.03.24-09.38.30:806][  0]LogDerivedDataCache:Display: Pak cache opened for reading ../../../Engine/DerivedDataCache/Compressed.ddp.
[2016.03.24-09.38.30:818][  0]LogDerivedDataCache: Using Local data cache path C:/Users/VR/AppData/Local/UnrealEngine/Common/DerivedDataCache: Writable
[2016.03.24-09.38.30:956][  0]LogInit: Selected Device Profile: [Windows]
[2016.03.24-09.38.30:958][  0]LogContentStreaming: Texture pool size is 0.000000MB
[2016.03.24-09.38.31:054][  0]LogMeshUtilities: No automatic mesh reduction module available
[2016.03.24-09.38.31:054][  0]LogMeshUtilities: No automatic mesh merging module available
[2016.03.24-09.38.31:245][  0]LogInit: WinSock: version 1.1 (2.2), MaxSocks=32767, MaxUdp=65467
[2016.03.24-09.38.31:804][  0]UdpMessaging: Initializing bridge on interface 0.0.0.0:0 to multicast group 230.0.0.1:6666.
[2016.03.24-09.38.31:896][  0]LogAssetRegistry: FAssetRegistry took 0.0108 seconds to start up
[2016.03.24-09.38.32:003][  0]SourceControl: Info Source control is disabled
[2016.03.24-09.38.32:009][  0]SourceControl: Info Source control is disabled
[2016.03.24-09.38.32:015][  0]SourceControl: Info Source control is disabled
[2016.03.24-09.38.32:021][  0]SourceControl: Info Source control is disabled
[2016.03.24-09.38.32:104][  0]LogLinker:Warning: Asset '../../../Engine/Plugins/Runtime/LeapMotionController/Content/LM_PassthroughMaterial.uasset' has been saved with empty engine version. The asset will be loaded but may be incompatible.
[2016.03.24-09.38.32:149][  0]LogObj: 28450 objects as part of root set at end of initial load.
[2016.03.24-09.38.32:149][  0]LogUObjectAllocator: 6092552 out of 0 bytes used by permanent object pool.
[2016.03.24-09.38.32:195][  0]LogEngine: Initializing Engine...
[2016.03.24-09.38.32:196][  0]LogHMD: Can't find Oculus library dev build: is proper Runtime installed? Version: 0.7.0.0
[2016.03.24-09.38.32:583][  0]LogHMD: SteamVR initialized.  Driver: oculus  Display: 207KGV03FJGR
[2016.03.24-09.38.32:694][  0]LogAIModule: Creating AISystem for world NewWorld
[2016.03.24-09.38.32:711][  0]LogInit: XAudio2 using 'HP E221c-8 (NVIDIA High Definition Audio)' : 2 channels at 48 kHz using 16 bits per sample (channel mask 0x3)
[2016.03.24-09.38.32:733][  0]LogInit: FAudioDevice initialized.
[2016.03.24-09.38.32:755][  0]LogDerivedDataCache: Saved boot cache 0.02s 41MB C:/Users/VR/AppData/Local/UnrealEngine/4.9/DerivedDataCache/Boot.ddc.
[2016.03.24-09.38.32:759][  0]LogInit: Texture streaming: Enabled
[2016.03.24-09.38.32:762][  0]LogAnalytics: Creating configured Analytics provider AnalyticsET
[2016.03.24-09.38.32:762][  0]LogAnalytics: [UEEditor.Rocket.Release] APIServer = http://et2.epicgames.com/ET2/. AppVersion = 4.9.2-2707645+++depot+UE4-Releases+4.9
[2016.03.24-09.38.32:763][  0]LogAnalytics: [UEEditor.Rocket.Release] SetUserId 8c1436b7469470d4e6ebefb46ce7086e|0318ce7eb266467aa7a1e63543527494|c39e7128-8a93-45bc-b94e-b28d0faf1958
[2016.03.24-09.38.32:763][  0]LogAnalytics: [UEEditor.Rocket.Release] AnalyticsET::StartSession
[2016.03.24-09.38.32:772][  0]LogWindowsTextInputMethodSystem:Display: IME system now deactivated.
[2016.03.24-09.38.32:783][  0]LogInit: Transaction tracking system initialized
[2016.03.24-09.38.32:799][  0]BlueprintLog: New page: Editor Load
[2016.03.24-09.38.32:857][  0]LocalizationService: Info Localization service is disabled
[2016.03.24-09.38.32:905][  0]LogLinker:Warning: Can't find file '/Game/FirstPersonBP/FirstPersonOverview'
[2016.03.24-09.38.32:905][  0]LogLinker:Warning: Can't find file '/Game/FirstPersonBP/FirstPersonOverview'
[2016.03.24-09.38.32:905][  0]LogUObjectGlobals:Warning: Failed to find object 'Class /Game/FirstPersonBP/FirstPersonOverview.FirstPersonOverview_C'
[2016.03.24-09.38.32:914][  0]LogConsoleResponse:Display: 
[2016.03.24-09.38.33:020][  0]LogCook:Display: Done creating registry. It took  0.00s.
[2016.03.24-09.38.33:057][  0]LogFileCache: Scanning file cache for directory 'D:/UnrealProjects/GE_Project/Content/' took 0.01s
[2016.03.24-09.38.33:057][  0]SourceControl: Info Source control is disabled
[2016.03.24-09.38.33:057][  0]Cmd: MAP LOAD FILE="../../../../../../UnrealProjects/GE_Project/Content/StarterContent/Maps/Minimal_Default.umap" TEMPLATE=0 SHOWPROGRESS=1 FEATURELEVEL=3
[2016.03.24-09.38.33:058][  0]LightingResults: New page: Lighting Build
[2016.03.24-09.38.33:060][  0]MapCheck: New page: Map Check
[2016.03.24-09.38.33:060][  0]LightingResults: New page: Lighting Build
[2016.03.24-09.38.33:074][  0]LogParticles: Destroying 0 GPU particle simulations for FXSystem 0x000000F3EF4EC900
[2016.03.24-09.38.33:432][  0]LogAIModule: Creating AISystem for world Minimal_Default
[2016.03.24-09.38.33:437][  0]LogEditorServer: Finished looking for orphan Actors (0.000 secs)
[2016.03.24-09.38.33:437][  0]Cmd: MAP CHECKDEP NOCLEARLOG
[2016.03.24-09.38.33:478][  0]MapCheck: Info Map check complete: 0 Error(s), 0 Warning(s), took 41.367ms to complete.
[2016.03.24-09.38.33:478][  0]LogFileHelpers: Loading map 'Minimal_Default' took 0.422
[2016.03.24-09.38.33:567][  0]LogCollectionManager: Loaded 0 collections in 0.000905 seconds
[2016.03.24-09.38.33:610][  0]LogFileCache: Scanning file cache for directory 'D:/UnrealProjects/GE_Project/Saved/Collections/' took 0.01s
[2016.03.24-09.38.33:610][  0]LogFileCache: Scanning file cache for directory 'D:/UnrealProjects/GE_Project/Content/Developers/VR/Collections/' took 0.01s
[2016.03.24-09.38.33:610][  0]LogFileCache: Scanning file cache for directory 'D:/UnrealProjects/GE_Project/Content/Collections/' took 0.01s
[2016.03.24-09.38.33:610][  0]LogContentBrowser: Native class hierarchy populated in 0.0091 seconds. Added 1875 classes and 335 folders.
[2016.03.24-09.38.33:614][  0]LogCollectionManager: Rebuilt the GUID cache for 0 collections in 0.000002 seconds
[2016.03.24-09.38.33:622][  0]LogContentBrowser: Native class hierarchy updated for 'WidgetCarousel' in 0.0009 seconds. Added 0 classes and 0 folders.
[2016.03.24-09.38.33:656][  0]LogContentBrowser: Native class hierarchy updated for 'AddContentDialog' in 0.0012 seconds. Added 0 classes and 0 folders.
[2016.03.24-09.38.33:660][  0]LogContentBrowser: Native class hierarchy updated for 'SceneOutliner' in 0.0011 seconds. Added 1 classes and 2 folders.
[2016.03.24-09.38.33:707][  0]LogCrashTracker: Crashtracker disabled due to settings.
[2016.03.24-09.38.33:718][  0]LogUObjectGlobals:Warning: Failed to find object 'Class None.'
[2016.03.24-09.38.33:741][  0]LogLoad: Full Startup: 5.33 seconds (BP compile: 0.04 seconds)
[2016.03.24-09.38.33:799][  0]LogContentStreaming: Texture pool size now 1000 MB
[2016.03.24-09.38.33:932][  0]LogRenderer: Reallocating scene render targets to support 1216x576 (Frame:2).
[2016.03.24-09.38.34:148][  3]LogAssetRegistry: Asset discovery search completed in 2.2624 seconds
[2016.03.24-09.38.34:148][  3]LogCollectionManager: Rebuilt the object cache for 0 collections in 0.000001 seconds (found 0 objects)
[2016.03.24-09.38.34:148][  3]LogCollectionManager: Fixed up redirectors for 0 collections in 0.000019 seconds (updated 0 objects)
[2016.03.24-09.38.39:249][178]LogFileCache: Retrieving MD5 hashes for directory 'D:/UnrealProjects/GE_Project/Content/' took 5.49s
[2016.03.24-09.39.42:817][435]LogHotReload: New module detected: UE4Editor-TheBeginning-4937.dll
[2016.03.24-09.39.43:488][438]LogHotReload: Starting Hot-Reload from IDE
[2016.03.24-09.39.43:566][438]LogClass: Could not find existing class PickUpItem in package /Script/TheBeginning for HotReload, assuming new class
[2016.03.24-09.39.43:566][438]LogClass: Function Prox is new.
[2016.03.24-09.39.43:571][438]LogHotReload: Re-instancing PickUpItem after hot-reload.
[2016.03.24-09.39.43:591][438]LogContentBrowser: Native class hierarchy updated for 'TheBeginning' in 0.0009 seconds. Added 8 classes and 2 folders.
[2016.03.24-09.39.43:592][438]Warning: HotReload successful (4 functions remapped  0 scriptstructs remapped)
[2016.03.24-09.39.43:648][438]LogContentBrowser: Native class hierarchy populated in 0.0081 seconds. Added 1876 classes and 337 folders.
[2016.03.24-09.39.49:636][723]LogBlueprint:Warning: [compiler Ue4ASP_Character] Warning Input Axis Event references unknown Axis 'LookUp' for  InputAxis LookUp 
[2016.03.24-09.39.49:636][723]LogBlueprint:Warning: [compiler Ue4ASP_Character] Warning Input Axis Event references unknown Axis 'Turn' for  InputAxis Turn 
[2016.03.24-09.39.49:636][723]LogBlueprint:Warning: [compiler Ue4ASP_Character] Warning Input Axis Event references unknown Axis 'MoveRight' for  InputAxis MoveRight 
[2016.03.24-09.39.49:636][723]LogBlueprint:Warning: [compiler Ue4ASP_Character] Warning Input Axis Event references unknown Axis 'MoveForward' for  InputAxis MoveForward 
[2016.03.24-09.39.49:638][723]LogBlueprint:Warning: [compiler Ue4ASP_Character] Warning [0081.23] Compile of Ue4ASP_Character successful, but with 4 Warning(s) [in 5 ms]
[2016.03.24-09.39.49:638][723]LogBlueprint:Warning: [compiler Ue4ASP_Character] Warning [0081.23] Compile of Ue4ASP_Character successful, but with 5 Warning(s) [in 0 ms]
[2016.03.24-09.39.49:638][723]LogBlueprint:Warning: [compiler Ue4ASP_Character] Warning [0081.23] Compile of Ue4ASP_Character successful, but with 6 Warning(s) [in 0 ms]
[2016.03.24-09.39.49:701][723]LogBlueprint:Warning: [compiler Ue4ASP_Character] Warning Input Axis Event references unknown Axis 'LookUp' for  InputAxis LookUp 
[2016.03.24-09.39.49:701][723]LogBlueprint:Warning: [compiler Ue4ASP_Character] Warning Input Axis Event references unknown Axis 'Turn' for  InputAxis Turn 
[2016.03.24-09.39.49:701][723]LogBlueprint:Warning: [compiler Ue4ASP_Character] Warning Input Axis Event references unknown Axis 'MoveRight' for  InputAxis MoveRight 
[2016.03.24-09.39.49:701][723]LogBlueprint:Warning: [compiler Ue4ASP_Character] Warning Input Axis Event references unknown Axis 'MoveForward' for  InputAxis MoveForward 
[2016.03.24-09.39.49:703][723]LogBlueprint:Warning: [compiler Ue4ASP_Character] Warning [0081.30] Compile of Ue4ASP_Character successful, but with 4 Warning(s) [in 6 ms]
[2016.03.24-09.39.49:703][723]LogBlueprint:Warning: [compiler Ue4ASP_Character] Warning [0081.30] Compile of Ue4ASP_Character successful, but with 5 Warning(s) [in 0 ms]
[2016.03.24-09.39.49:704][723]LogBlueprint:Warning: [compiler Ue4ASP_Character] Warning [0081.30] Compile of Ue4ASP_Character successful, but with 6 Warning(s) [in 0 ms]
[2016.03.24-09.39.50:182][723]LogAIModule: Creating AISystem for world MyFirstLevel
[2016.03.24-09.39.50:188][723]LogParticles:Warning: InitializeSystem called on an unregistered component. Template=/Game/Snow.Snow Component=/Game/MyFirstLevel.MyFirstLevel:PersistentLevel.Snow_2.ParticleSystemComponent0
[2016.03.24-09.39.50:189][723]LogParticles:Warning: InitializeSystem called on an unregistered component. Template=/Game/StarterContent/Particles/P_Fire.P_Fire Component=/Game/MyFirstLevel.MyFirstLevel:PersistentLevel.P_Fire_2.ParticleSystemComponent0
[2016.03.24-09.39.50:228][723]Cmd: MAP LOAD FILE="../../../../../../UnrealProjects/GE_Project/Content/MyFirstLevel.umap" TEMPLATE=0 SHOWPROGRESS=1 FEATURELEVEL=3
[2016.03.24-09.39.50:228][723]LightingResults: New page: Lighting Build
[2016.03.24-09.39.50:249][723]LoadErrors: New page: Loading map: MyFirstLevel.umap
[2016.03.24-09.39.50:249][723]MapCheck: New page: Map Check
[2016.03.24-09.39.50:249][723]LightingResults: New page: Lighting Build
[2016.03.24-09.39.50:261][723]LogParticles: Destroying 0 GPU particle simulations for FXSystem 0x000000F3DC12F4C0
[2016.03.24-09.39.50:438][723]LogEditorServer: Finished looking for orphan Actors (0.000 secs)
[2016.03.24-09.39.50:484][723]Cmd: MAP CHECKDEP NOCLEARLOG
[2016.03.24-09.39.50:532][723]MapCheck: Info Map check complete: 0 Error(s), 0 Warning(s), took 47.692ms to complete.
[2016.03.24-09.39.50:532][723]LogFileHelpers: Loading map 'MyFirstLevel' took 0.305
[2016.03.24-09.39.50:558][724]Cmd: UpdateLandscapeEditorData -warnings
[2016.03.24-09.39.50:563][724]Cmd: UpdateLandscapeEditorData
[2016.03.24-09.39.51:725][854]LogVSAccessor:Warning: Couldn't access Visual Studio
[2016.03.24-09.39.51:728][854]Recompiling TheBeginning...
[2016.03.24-09.39.51:728][854]Launching UnrealBuildTool... [D:/Programme/Epic Games/4.9/Engine/Binaries/DotNET/UnrealBuildTool.exe TheBeginning -ModuleWithSuffix TheBeginning 4591 Win64 Development -editorrecompile -canskiplink "D:/UnrealProjects/GE_Project/TheBeginning.uproject" -rocket  -rocket]
[2016.03.24-09.39.51:728][854]Warning: Starting HotReload took  0.0s.
[2016.03.24-09.39.56:127][361]CompilerResultsLog: New page: Compilation - Mar 24, 2016, 11:39:56 AM
[2016.03.24-09.39.56:127][361]CompilerResultsLog: Info Creating makefile for hot reloading TheBeginning (modules to compile have changed)
[2016.03.24-09.39.56:127][361]CompilerResultsLog: Info Compiling game modules for hot reload
[2016.03.24-09.39.56:127][361]CompilerResultsLog: Info Target is up to date.
[2016.03.24-09.39.56:127][361]LogMainFrame: MainFrame: Module compiling took 4.402 seconds
[2016.03.24-09.39.57:960][578]LogPlayLevel: PlayLevel: No blueprints needed recompiling
[2016.03.24-09.39.57:960][578]PIE: New page: PIE session: MyFirstLevel (Mar 24, 2016, 11:39:57 AM)
[2016.03.24-09.39.57:960][578]LogPlayLevel: Creating play world package: /Game/UEDPIE_0_MyFirstLevel
[2016.03.24-09.39.58:005][578]LogPlayLevel: PIE: StaticDuplicateObject took: (0.044258s)
[2016.03.24-09.39.58:005][578]LogAIModule: Creating AISystem for world MyFirstLevel
[2016.03.24-09.39.58:005][578]LogPlayLevel: PIE: World Init took: (0.000506s)
[2016.03.24-09.39.58:005][578]LogPlayLevel: PIE: Created PIE world by copying editor world from /Game/MyFirstLevel.MyFirstLevel to /Game/UEDPIE_0_MyFirstLevel.MyFirstLevel (0.045155s)
[2016.03.24-09.39.58:006][578]LogActorComponent: UnregisterComponent: (/Engine/Transient.CharMoveComp) Not registered. Aborting.
[2016.03.24-09.39.58:036][578]LogInit: XAudio2 using 'HP E221c-8 (NVIDIA High Definition Audio)' : 2 channels at 48 kHz using 16 bits per sample (channel mask 0x3)
[2016.03.24-09.39.58:046][578]LogInit: FAudioDevice initialized.
[2016.03.24-09.39.58:109][578]LogLinker:Warning: Can't find file '/Script/Kinect4Unreal'
[2016.03.24-09.39.58:109][578]LogLinker:Warning: Can't find file for asset '/Script/Kinect4Unreal' while loading ../../../../../../UnrealProjects/GE_Project/Content/BP_Avatar.uasset.
[2016.03.24-09.39.58:109][578]LoadErrors:Error: Error /Game/BP_Avatar : Can't find file for asset. /Script/Kinect4Unreal
[2016.03.24-09.39.58:109][578]LogLinker:Warning: Can't find file '/Script/Kinect4Unreal'
[2016.03.24-09.39.58:109][578]LogLinker:Warning: Can't find file for asset '/Script/Kinect4Unreal' while loading ../../../../../../UnrealProjects/GE_Project/Content/BP_Avatar.uasset.
[2016.03.24-09.39.58:109][578]LogLinker:Warning: Can't find file '/Script/Kinect4Unreal'
[2016.03.24-09.39.58:109][578]LogLinker:Warning: Can't find file for asset '/Script/Kinect4Unreal' while loading ../../../../../../UnrealProjects/GE_Project/Content/BP_Avatar.uasset.
[2016.03.24-09.39.58:109][578]LogLinker:Warning: Can't find file '/Script/Kinect4Unreal'
[2016.03.24-09.39.58:109][578]LogLinker:Warning: Can't find file for asset '/Script/Kinect4Unreal' while loading ../../../../../../UnrealProjects/GE_Project/Content/BP_Avatar.uasset.
[2016.03.24-09.39.58:109][578]LogLinker:Warning: Can't find file '/Script/Kinect4Unreal'
[2016.03.24-09.39.58:109][578]LogLinker:Warning: Can't find file for asset '/Script/Kinect4Unreal' while loading ../../../../../../UnrealProjects/GE_Project/Content/BP_Avatar.uasset.
[2016.03.24-09.39.58:110][578]LogLinker:Warning: Can't find file '/Script/Kinect4Unreal'
[2016.03.24-09.39.58:110][578]LogLinker:Warning: Can't find file for asset '/Script/Kinect4Unreal' while loading ../../../../../../UnrealProjects/GE_Project/Content/BP_Avatar.uasset.
[2016.03.24-09.39.58:110][578]LogLinker:Warning: Can't find file '/Script/Kinect4Unreal'
[2016.03.24-09.39.58:110][578]LogLinker:Warning: Can't find file for asset '/Script/Kinect4Unreal' while loading ../../../../../../UnrealProjects/GE_Project/Content/BP_Avatar.uasset.
[2016.03.24-09.39.58:110][578]LogLinker:Warning: Can't find file '/Script/Kinect4Unreal'
[2016.03.24-09.39.58:110][578]LogLinker:Warning: Can't find file for asset '/Script/Kinect4Unreal' while loading ../../../../../../UnrealProjects/GE_Project/Content/BP_Avatar.uasset.
[2016.03.24-09.39.58:111][578]LogLinker:Warning: Can't find file '/Script/Kinect4Unreal'
[2016.03.24-09.39.58:111][578]LogLinker:Warning: Can't find file for asset '/Script/Kinect4Unreal' while loading ../../../../../../UnrealProjects/GE_Project/Content/BP_Avatar.uasset.
[2016.03.24-09.39.58:112][578]LogLinker:Warning: Can't find file '/Script/Kinect4Unreal'
[2016.03.24-09.39.58:112][578]LoadErrors: Info Failed to load /Script/Kinect4Unreal.EBodyNumber Referenced by CallFunc_GetCenteredBody_CenteredBody
[2016.03.24-09.39.58:112][578]LogLinker:Warning: Can't find file for asset '/Script/Kinect4Unreal' while loading ../../../../../../UnrealProjects/GE_Project/Content/Blueprints/BP_TheBeginningGameMode.uasset.
[2016.03.24-09.39.58:112][578]LoadErrors:Error: Error /Game/Blueprints/BP_TheBeginningGameMode : Can't find file for asset. /Script/Kinect4Unreal
[2016.03.24-09.39.58:112][578]LogLinker:Warning: Can't find file '/Script/Kinect4Unreal'
[2016.03.24-09.39.58:112][578]LoadErrors: Info Failed to load /Script/Kinect4Unreal.EHandState Referenced by CallFunc_GetHandStateAsExecution_HandState
[2016.03.24-09.39.58:112][578]LogLinker:Warning: Can't find file for asset '/Script/Kinect4Unreal' while loading ../../../../../../UnrealProjects/GE_Project/Content/Blueprints/BP_TheBeginningGameMode.uasset.
[2016.03.24-09.39.58:112][578]LogLinker:Warning: Can't find file '/Script/Kinect4Unreal'
[2016.03.24-09.39.58:113][578]LoadErrors: Info Failed to load /Script/Kinect4Unreal.EHandState Referenced by CallFunc_GetHandStateAsExecution_HandState2
[2016.03.24-09.39.58:113][578]LogLinker:Warning: Can't find file for asset '/Script/Kinect4Unreal' while loading ../../../../../../UnrealProjects/GE_Project/Content/Blueprints/BP_TheBeginningGameMode.uasset.
[2016.03.24-09.39.58:113][578]LogLinker:Warning: Can't find file '/Script/Kinect4Unreal'
[2016.03.24-09.39.58:113][578]LogLinker:Warning: Can't find file for asset '/Script/Kinect4Unreal' while loading ../../../../../../UnrealProjects/GE_Project/Content/Blueprints/BP_TheBeginningGameMode.uasset.
[2016.03.24-09.39.58:113][578]LogLinker:Warning: Can't find file '/Script/Kinect4Unreal'
[2016.03.24-09.39.58:113][578]LogLinker:Warning: Can't find file for asset '/Script/Kinect4Unreal' while loading ../../../../../../UnrealProjects/GE_Project/Content/Blueprints/BP_TheBeginningGameMode.uasset.
[2016.03.24-09.39.58:113][578]LogLinker:Warning: Can't find file '/Script/Kinect4Unreal'
[2016.03.24-09.39.58:113][578]LogLinker:Warning: Can't find file for asset '/Script/Kinect4Unreal' while loading ../../../../../../UnrealProjects/GE_Project/Content/Blueprints/BP_TheBeginningGameMode.uasset.
[2016.03.24-09.39.58:113][578]LogLinker:Warning: Can't find file '/Script/Kinect4Unreal'
[2016.03.24-09.39.58:113][578]LogLinker:Warning: Can't find file for asset '/Script/Kinect4Unreal' while loading ../../../../../../UnrealProjects/GE_Project/Content/Blueprints/BP_TheBeginningGameMode.uasset.
[2016.03.24-09.39.58:113][578]LogLinker:Warning: Can't find file '/Script/Kinect4Unreal'
[2016.03.24-09.39.58:113][578]LogLinker:Warning: Can't find file for asset '/Script/Kinect4Unreal' while loading ../../../../../../UnrealProjects/GE_Project/Content/Blueprints/BP_TheBeginningGameMode.uasset.
[2016.03.24-09.39.58:113][578]LogLinker:Warning: Can't find file '/Script/Kinect4Unreal'
[2016.03.24-09.39.58:113][578]LogLinker:Warning: Can't find file for asset '/Script/Kinect4Unreal' while loading ../../../../../../UnrealProjects/GE_Project/Content/Blueprints/BP_TheBeginningGameMode.uasset.
[2016.03.24-09.39.58:113][578]LogLinker:Warning: Can't find file '/Script/Kinect4Unreal'
[2016.03.24-09.39.58:113][578]LogLinker:Warning: Can't find file for asset '/Script/Kinect4Unreal' while loading ../../../../../../UnrealProjects/GE_Project/Content/Blueprints/BP_TheBeginningGameMode.uasset.
[2016.03.24-09.39.58:113][578]LogLinker:Warning: Can't find file '/Script/Kinect4Unreal'
[2016.03.24-09.39.58:113][578]LogLinker:Warning: Can't find file for asset '/Script/Kinect4Unreal' while loading ../../../../../../UnrealProjects/GE_Project/Content/Blueprints/BP_TheBeginningGameMode.uasset.
[2016.03.24-09.39.58:113][578]LogLinker:Warning: Can't find file '/Script/Kinect4Unreal'
[2016.03.24-09.39.58:114][578]LogLinker:Warning: Can't find file for asset '/Script/Kinect4Unreal' while loading ../../../../../../UnrealProjects/GE_Project/Content/Blueprints/BP_TheBeginningGameMode.uasset.
[2016.03.24-09.39.58:114][578]LogLinker:Warning: Can't find file '/Script/Kinect4Unreal'
[2016.03.24-09.39.58:114][578]LogLinker:Warning: Can't find file for asset '/Script/Kinect4Unreal' while loading ../../../../../../UnrealProjects/GE_Project/Content/Blueprints/BP_TheBeginningGameMode.uasset.
[2016.03.24-09.39.58:119][578]LogLinker:Warning: Can't find file '/Script/Kinect4Unreal'
[2016.03.24-09.39.58:119][578]LoadErrors: Info Failed to load /Script/Kinect4Unreal.KinectInterfaceComponent Referenced by K2Node_CallFunction_2700
[2016.03.24-09.39.58:119][578]LogLinker:Warning: Can't find file for asset '/Script/Kinect4Unreal' while loading ../../../../../../UnrealProjects/GE_Project/Content/Blueprints/BP_TheBeginningGameMode.uasset.
[2016.03.24-09.39.58:119][578]LogLinker:Warning: Can't find file '/Script/Kinect4Unreal'
[2016.03.24-09.39.58:120][578]LoadErrors: Info Failed to load /Script/Kinect4Unreal.KinectInterfaceComponent Referenced by EdGraphPin_26313
[2016.03.24-09.39.58:120][578]LogLinker:Warning: Can't find file for asset '/Script/Kinect4Unreal' while loading ../../../../../../UnrealProjects/GE_Project/Content/Blueprints/BP_TheBeginningGameMode.uasset.
[2016.03.24-09.39.58:120][578]LogLinker:Warning: Can't find file '/Script/Kinect4Unreal'
[2016.03.24-09.39.58:120][578]LoadErrors: Info Failed to load /Script/Kinect4Unreal.EBodyNumber Referenced by EdGraphPin_26314
[2016.03.24-09.39.58:120][578]LogLinker:Warning: Can't find file for asset '/Script/Kinect4Unreal' while loading ../../../../../../UnrealProjects/GE_Project/Content/Blueprints/BP_TheBeginningGameMode.uasset.
[2016.03.24-09.39.58:120][578]LogLinker:Warning: Can't find file '/Script/Kinect4Unreal'
[2016.03.24-09.39.58:120][578]LoadErrors: Info Failed to load /Script/Kinect4Unreal.KinectInterfaceComponent Referenced by EdGraphPin_26316
[2016.03.24-09.39.58:120][578]LogLinker:Warning: Can't find file for asset '/Script/Kinect4Unreal' while loading ../../../../../../UnrealProjects/GE_Project/Content/Blueprints/BP_TheBeginningGameMode.uasset.
[2016.03.24-09.39.58:120][578]LogLinker:Warning: Can't find file '/Script/Kinect4Unreal'
[2016.03.24-09.39.58:120][578]LoadErrors: Info Failed to load /Script/Kinect4Unreal.KinectInterfaceComponent Referenced by K2Node_CallFunction_2761
[2016.03.24-09.39.58:120][578]LogLinker:Warning: Can't find file for asset '/Script/Kinect4Unreal' while loading ../../../../../../UnrealProjects/GE_Project/Content/Blueprints/BP_TheBeginningGameMode.uasset.
[2016.03.24-09.39.58:120][578]LogLinker:Warning: Can't find file '/Script/Kinect4Unreal'
[2016.03.24-09.39.58:121][578]LoadErrors: Info Failed to load /Script/Kinect4Unreal.KinectInterfaceComponent Referenced by EdGraphPin_26401
[2016.03.24-09.39.58:121][578]LogLinker:Warning: Can't find file for asset '/Script/Kinect4Unreal' while loading ../../../../../../UnrealProjects/GE_Project/Content/Blueprints/BP_TheBeginningGameMode.uasset.
[2016.03.24-09.39.58:121][578]LogLinker:Warning: Can't find file '/Script/Kinect4Unreal'
[2016.03.24-09.39.58:121][578]LoadErrors: Info Failed to load /Script/Kinect4Unreal.EKinectJoints Referenced by EdGraphPin_26402
[2016.03.24-09.39.58:121][578]LogLinker:Warning: Can't find file for asset '/Script/Kinect4Unreal' while loading ../../../../../../UnrealProjects/GE_Project/Content/Blueprints/BP_TheBeginningGameMode.uasset.
[2016.03.24-09.39.58:121][578]LogLinker:Warning: Can't find file '/Script/Kinect4Unreal'
[2016.03.24-09.39.58:121][578]LoadErrors: Info Failed to load /Script/Kinect4Unreal.EKinectJoints Referenced by EdGraphPin_26403
[2016.03.24-09.39.58:121][578]LogLinker:Warning: Can't find file for asset '/Script/Kinect4Unreal' while loading ../../../../../../UnrealProjects/GE_Project/Content/Blueprints/BP_TheBeginningGameMode.uasset.
[2016.03.24-09.39.58:121][578]LogLinker:Warning: Can't find file '/Script/Kinect4Unreal'
[2016.03.24-09.39.58:121][578]LoadErrors: Info Failed to load /Script/Kinect4Unreal.EBodyNumber Referenced by EdGraphPin_26404
[2016.03.24-09.39.58:121][578]LogLinker:Warning: Can't find file for asset '/Script/Kinect4Unreal' while loading ../../../../../../UnrealProjects/GE_Project/Content/Blueprints/BP_TheBeginningGameMode.uasset.
[2016.03.24-09.39.58:121][578]LogLinker:Warning: Can't find file '/Script/Kinect4Unreal'
[2016.03.24-09.39.58:121][578]LoadErrors: Info Failed to load /Script/Kinect4Unreal.KinectInterfaceComponent Referenced by EdGraphPin_26406
[2016.03.24-09.39.58:121][578]LogLinker:Warning: Can't find file for asset '/Script/Kinect4Unreal' while loading ../../../../../../UnrealProjects/GE_Project/Content/Blueprints/BP_TheBeginningGameMode.uasset.
[2016.03.24-09.39.58:121][578]LogLinker:Warning: Can't find file '/Script/Kinect4Unreal'
[2016.03.24-09.39.58:122][578]LoadErrors: Info Failed to load /Script/Kinect4Unreal.KinectInterfaceComponent Referenced by K2Node_CallFunction_2762
[2016.03.24-09.39.58:122][578]LogLinker:Warning: Can't find file for asset '/Script/Kinect4Unreal' while loading ../../../../../../UnrealProjects/GE_Project/Content/Blueprints/BP_TheBeginningGameMode.uasset.
[2016.03.24-09.39.58:122][578]LogLinker:Warning: Can't find file '/Script/Kinect4Unreal'
[2016.03.24-09.39.58:122][578]LoadErrors: Info Failed to load /Script/Kinect4Unreal.KinectInterfaceComponent Referenced by EdGraphPin_26474
[2016.03.24-09.39.58:122][578]LogLinker:Warning: Can't find file for asset '/Script/Kinect4Unreal' while loading ../../../../../../UnrealProjects/GE_Project/Content/Blueprints/BP_TheBeginningGameMode.uasset.
[2016.03.24-09.39.58:122][578]LogLinker:Warning: Can't find file '/Script/Kinect4Unreal'
[2016.03.24-09.39.58:122][578]LoadErrors: Info Failed to load /Script/Kinect4Unreal.EHands Referenced by EdGraphPin_26475
[2016.03.24-09.39.58:122][578]LogLinker:Warning: Can't find file for asset '/Script/Kinect4Unreal' while loading ../../../../../../UnrealProjects/GE_Project/Content/Blueprints/BP_TheBeginningGameMode.uasset.
[2016.03.24-09.39.58:122][578]LogLinker:Warning: Can't find file '/Script/Kinect4Unreal'
[2016.03.24-09.39.58:122][578]LoadErrors: Info Failed to load /Script/Kinect4Unreal.EBodyNumber Referenced by EdGraphPin_26476
[2016.03.24-09.39.58:123][578]LogLinker:Warning: Can't find file for asset '/Script/Kinect4Unreal' while loading ../../../../../../UnrealProjects/GE_Project/Content/Blueprints/BP_TheBeginningGameMode.uasset.
[2016.03.24-09.39.58:123][578]LogLinker:Warning: Can't find file '/Script/Kinect4Unreal'
[2016.03.24-09.39.58:123][578]LoadErrors: Info Failed to load /Script/Kinect4Unreal.EHandState Referenced by EdGraphPin_26477
[2016.03.24-09.39.58:123][578]LogLinker:Warning: Can't find file for asset '/Script/Kinect4Unreal' while loading ../../../../../../UnrealProjects/GE_Project/Content/Blueprints/BP_TheBeginningGameMode.uasset.
[2016.03.24-09.39.58:123][578]LogLinker:Warning: Can't find file '/Script/Kinect4Unreal'
[2016.03.24-09.39.58:123][578]LoadErrors: Info Failed to load /Script/Kinect4Unreal.KinectInterfaceComponent Referenced by EdGraphPin_26478
[2016.03.24-09.39.58:123][578]LogLinker:Warning: Can't find file for asset '/Script/Kinect4Unreal' while loading ../../../../../../UnrealProjects/GE_Project/Content/Blueprints/BP_TheBeginningGameMode.uasset.
[2016.03.24-09.39.58:123][578]LogLinker:Warning: Can't find file '/Script/Kinect4Unreal'
[2016.03.24-09.39.58:123][578]LoadErrors: Info Failed to load /Script/Kinect4Unreal.KinectInterfaceComponent Referenced by K2Node_CallFunction_2763
[2016.03.24-09.39.58:123][578]LogLinker:Warning: Can't find file for asset '/Script/Kinect4Unreal' while loading ../../../../../../UnrealProjects/GE_Project/Content/Blueprints/BP_TheBeginningGameMode.uasset.
[2016.03.24-09.39.58:124][578]LogLinker:Warning: Can't find file '/Script/Kinect4Unreal'
[2016.03.24-09.39.58:124][578]LoadErrors: Info Failed to load /Script/Kinect4Unreal.KinectInterfaceComponent Referenced by EdGraphPin_26486
[2016.03.24-09.39.58:124][578]LogLinker:Warning: Can't find file for asset '/Script/Kinect4Unreal' while loading ../../../../../../UnrealProjects/GE_Project/Content/Blueprints/BP_TheBeginningGameMode.uasset.
[2016.03.24-09.39.58:124][578]LogLinker:Warning: Can't find file '/Script/Kinect4Unreal'
[2016.03.24-09.39.58:124][578]LoadErrors: Info Failed to load /Script/Kinect4Unreal.EHands Referenced by EdGraphPin_26487
[2016.03.24-09.39.58:124][578]LogLinker:Warning: Can't find file for asset '/Script/Kinect4Unreal' while loading ../../../../../../UnrealProjects/GE_Project/Content/Blueprints/BP_TheBeginningGameMode.uasset.
[2016.03.24-09.39.58:124][578]LogLinker:Warning: Can't find file '/Script/Kinect4Unreal'
[2016.03.24-09.39.58:124][578]LoadErrors: Info Failed to load /Script/Kinect4Unreal.EBodyNumber Referenced by EdGraphPin_26488
[2016.03.24-09.39.58:124][578]LogLinker:Warning: Can't find file for asset '/Script/Kinect4Unreal' while loading ../../../../../../UnrealProjects/GE_Project/Content/Blueprints/BP_TheBeginningGameMode.uasset.
[2016.03.24-09.39.58:124][578]LogLinker:Warning: Can't find file '/Script/Kinect4Unreal'
[2016.03.24-09.39.58:124][578]LoadErrors: Info Failed to load /Script/Kinect4Unreal.EHandState Referenced by EdGraphPin_26489
[2016.03.24-09.39.58:124][578]LogLinker:Warning: Can't find file for asset '/Script/Kinect4Unreal' while loading ../../../../../../UnrealProjects/GE_Project/Content/Blueprints/BP_TheBeginningGameMode.uasset.
[2016.03.24-09.39.58:125][578]LogLinker:Warning: Can't find file '/Script/Kinect4Unreal'
[2016.03.24-09.39.58:125][578]LoadErrors: Info Failed to load /Script/Kinect4Unreal.KinectInterfaceComponent Referenced by EdGraphPin_26490
[2016.03.24-09.39.58:125][578]LogLinker:Warning: Can't find file for asset '/Script/Kinect4Unreal' while loading ../../../../../../UnrealProjects/GE_Project/Content/Blueprints/BP_TheBeginningGameMode.uasset.
[2016.03.24-09.39.58:125][578]LogLinker:Warning: Can't find file '/Script/Kinect4Unreal'
[2016.03.24-09.39.58:125][578]LoadErrors: Info Failed to load /Script/Kinect4Unreal.KinectInterfaceComponent Referenced by K2Node_CallFunction_2764
[2016.03.24-09.39.58:125][578]LogLinker:Warning: Can't find file for asset '/Script/Kinect4Unreal' while loading ../../../../../../UnrealProjects/GE_Project/Content/Blueprints/BP_TheBeginningGameMode.uasset.
[2016.03.24-09.39.58:125][578]LogLinker:Warning: Can't find file '/Script/Kinect4Unreal'
[2016.03.24-09.39.58:125][578]LoadErrors: Info Failed to load /Script/Kinect4Unreal.KinectInterfaceComponent Referenced by EdGraphPin_26494
[2016.03.24-09.39.58:125][578]LogLinker:Warning: Can't find file for asset '/Script/Kinect4Unreal' while loading ../../../../../../UnrealProjects/GE_Project/Content/Blueprints/BP_TheBeginningGameMode.uasset.
[2016.03.24-09.39.58:125][578]LogLinker:Warning: Can't find file '/Script/Kinect4Unreal'
[2016.03.24-09.39.58:125][578]LoadErrors: Info Failed to load /Script/Kinect4Unreal.EKinectJoints Referenced by EdGraphPin_26495
[2016.03.24-09.39.58:126][578]LogLinker:Warning: Can't find file for asset '/Script/Kinect4Unreal' while loading ../../../../../../UnrealProjects/GE_Project/Content/Blueprints/BP_TheBeginningGameMode.uasset.
[2016.03.24-09.39.58:126][578]LogLinker:Warning: Can't find file '/Script/Kinect4Unreal'
[2016.03.24-09.39.58:126][578]LoadErrors: Info Failed to load /Script/Kinect4Unreal.EKinectJoints Referenced by EdGraphPin_26496
[2016.03.24-09.39.58:126][578]LogLinker:Warning: Can't find file for asset '/Script/Kinect4Unreal' while loading ../../../../../../UnrealProjects/GE_Project/Content/Blueprints/BP_TheBeginningGameMode.uasset.
[2016.03.24-09.39.58:126][578]LogLinker:Warning: Can't find file '/Script/Kinect4Unreal'
[2016.03.24-09.39.58:126][578]LoadErrors: Info Failed to load /Script/Kinect4Unreal.EBodyNumber Referenced by EdGraphPin_26497
[2016.03.24-09.39.58:126][578]LogLinker:Warning: Can't find file for asset '/Script/Kinect4Unreal' while loading ../../../../../../UnrealProjects/GE_Project/Content/Blueprints/BP_TheBeginningGameMode.uasset.
[2016.03.24-09.39.58:126][578]LogLinker:Warning: Can't find file '/Script/Kinect4Unreal'
[2016.03.24-09.39.58:126][578]LoadErrors: Info Failed to load /Script/Kinect4Unreal.KinectInterfaceComponent Referenced by EdGraphPin_26499
[2016.03.24-09.39.58:126][578]LogLinker:Warning: Can't find file for asset '/Script/Kinect4Unreal' while loading ../../../../../../UnrealProjects/GE_Project/Content/Blueprints/BP_TheBeginningGameMode.uasset.
[2016.03.24-09.39.58:127][578]LogLinker:Warning: Can't find file '/Script/Kinect4Unreal'
[2016.03.24-09.39.58:127][578]LogLinker:Warning: Can't find file for asset '/Script/Kinect4Unreal' while loading ../../../../../../UnrealProjects/GE_Project/Content/Blueprints/BP_TheBeginningGameMode.uasset.
[2016.03.24-09.39.58:127][578]LogLinker:Warning: Can't find file '/Script/Kinect4Unreal'
[2016.03.24-09.39.58:127][578]LoadErrors: Info Failed to load /Script/Kinect4Unreal.KinectInterfaceComponent Referenced by SCS_Node_1
[2016.03.24-09.39.58:127][578]LogLinker:Warning: Can't find file for asset '/Script/Kinect4Unreal' while loading ../../../../../../UnrealProjects/GE_Project/Content/Blueprints/BP_TheBeginningGameMode.uasset.
[2016.03.24-09.39.58:132][578]LogBlueprint:Warning: [BP_Avatar] CreatePinForVariable: 'KinectInterface' variable not found. Base class was probably changed.
[2016.03.24-09.39.58:133][578]LogBlueprint:Warning: [BP_Avatar] CreatePinForVariable: 'KinectInterface' variable not found. Base class was probably changed.
[2016.03.24-09.39.58:133][578]LogBlueprint:Warning: [BP_Avatar] CreatePinForVariable: 'KinectInterface' variable not found. Base class was probably changed.
[2016.03.24-09.39.58:133][578]LogBlueprint:Warning: [BP_Avatar] CreatePinForVariable: 'KinectInterface' variable not found. Base class was probably changed.
[2016.03.24-09.39.58:133][578]LogBlueprint:Warning: [BP_Avatar] CreatePinForVariable: 'KinectInterface' variable not found. Base class was probably changed.
[2016.03.24-09.39.58:139][578]LogBlueprint:Warning: [compiler BP_Avatar] Warning Could not find a variable named "KinectInterface" in 'BP_Avatar_C'.
Make sure 'BP_Avatar_C' has been compiled for  Get KinectInterface 
[2016.03.24-09.39.58:139][578]LogBlueprint:Error: [compiler BP_Avatar] Error Could not find a function named "GetDistanceBetweenJoints" in 'BP_Avatar'.
Make sure 'BP_Avatar' has been compiled for  Get Distance Between Joints 
[2016.03.24-09.39.58:139][578]LogBlueprint:Warning: [compiler BP_Avatar] Warning Could not find a variable named "KinectInterface" in 'BP_Avatar_C'.
Make sure 'BP_Avatar_C' has been compiled for  Get KinectInterface 
[2016.03.24-09.39.58:139][578]LogBlueprint:Error: [compiler BP_Avatar] Error Could not find a function named "GetHandStateAsExecution" in 'BP_Avatar'.
Make sure 'BP_Avatar' has been compiled for  Get Hand State as Execution 
[2016.03.24-09.39.58:139][578]LogBlueprint:Warning: [compiler BP_Avatar] Warning Could not find a variable named "KinectInterface" in 'BP_Avatar_C'.
Make sure 'BP_Avatar_C' has been compiled for  Get KinectInterface 
[2016.03.24-09.39.58:139][578]LogBlueprint:Error: [compiler BP_Avatar] Error Could not find a function named "GetHandStateAsExecution" in 'BP_Avatar'.
Make sure 'BP_Avatar' has been compiled for  Get Hand State as Execution 
[2016.03.24-09.39.58:139][578]LogBlueprint:Warning: [compiler BP_Avatar] Warning Could not find a variable named "KinectInterface" in 'BP_Avatar_C'.
Make sure 'BP_Avatar_C' has been compiled for  Get KinectInterface 
[2016.03.24-09.39.58:139][578]LogBlueprint:Error: [compiler BP_Avatar] Error Could not find a function named "GetDistanceBetweenJoints" in 'BP_Avatar'.
Make sure 'BP_Avatar' has been compiled for  Get Distance Between Joints 
[2016.03.24-09.39.58:139][578]LogBlueprint:Warning: [compiler BP_Avatar] Warning Could not find a variable named "KinectInterface" in 'BP_Avatar_C'.
Make sure 'BP_Avatar_C' has been compiled for  Get KinectInterface 
[2016.03.24-09.39.58:139][578]LogBlueprint:Error: [compiler BP_Avatar] Error Could not find a function named "GetCenteredBody" in 'BP_Avatar'.
Make sure 'BP_Avatar' has been compiled for  Get Centered Body 
[2016.03.24-09.39.58:140][578]LogBlueprint:Error: [compiler BP_Avatar] Error The property associated with  Kinect Interface  could not be found
[2016.03.24-09.39.58:140][578]LogBlueprint:Error: [compiler BP_Avatar] Error The property associated with  Kinect Interface  could not be found
[2016.03.24-09.39.58:140][578]LogBlueprint:Error: [compiler BP_Avatar] Error The property associated with  Kinect Interface  could not be found
[2016.03.24-09.39.58:140][578]LogBlueprint:Error: [compiler BP_Avatar] Error The property associated with  Kinect Interface  could not be found
[2016.03.24-09.39.58:140][578]LogBlueprint:Error: [compiler BP_Avatar] Error The current value (Head) of the ' Start Joint ' pin is invalid: Expected a valid unsigned number for a byte property
[2016.03.24-09.39.58:141][578]LogBlueprint:Error: [compiler BP_Avatar] Error The current value (AnkleRight) of the ' End Joint ' pin is invalid: Expected a valid unsigned number for a byte property
[2016.03.24-09.39.58:141][578]LogBlueprint:Error: [compiler BP_Avatar] Error The current value (Right) of the ' Hand ' pin is invalid: Expected a valid unsigned number for a byte property
[2016.03.24-09.39.58:141][578]LogBlueprint:Error: [compiler BP_Avatar] Error The current value (AnkleLeft) of the ' Start Joint ' pin is invalid: Expected a valid unsigned number for a byte property
[2016.03.24-09.39.58:141][578]LogBlueprint:Error: [compiler BP_Avatar] Error The current value (AnkleRight) of the ' End Joint ' pin is invalid: Expected a valid unsigned number for a byte property
[2016.03.24-09.39.58:141][578]LogBlueprint:Error: [compiler BP_Avatar] Error The property associated with  Kinect Interface  could not be found
[2016.03.24-09.39.58:141][578]LogBlueprint:Error: [compiler BP_Avatar] Error The current value (Left) of the ' Hand ' pin is invalid: Expected a valid unsigned number for a byte property
[2016.03.24-09.39.58:146][578]LogBlueprint:Warning: [compiler BP_Avatar] Warning [0089.74] Compile of BP_Avatar failed. 16 Fatal Issue(s) 5 Warning(s) [in 12 ms]
[2016.03.24-09.39.58:146][578]LogBlueprint:Warning: [compiler BP_Avatar] Warning [0089.74] Compile of BP_Avatar failed. 16 Fatal Issue(s) 6 Warning(s) [in 0 ms]
[2016.03.24-09.39.58:146][578]LogBlueprint:Warning: [compiler BP_Avatar] Warning [0089.74] Compile of BP_Avatar failed. 16 Fatal Issue(s) 7 Warning(s) [in 0 ms]
[2016.03.24-09.39.58:147][578]LogLinker:Warning: Can't find file '/Script/Kinect4Unreal'
[2016.03.24-09.39.58:147][578]LogLinker:Warning: Can't find file for asset '/Script/Kinect4Unreal' while loading ../../../../../../UnrealProjects/GE_Project/Content/Blueprints/BP_TheBeginningGameMode.uasset.
[2016.03.24-09.39.58:147][578]LogLinker:Warning: Can't find file '/Script/Kinect4Unreal'
[2016.03.24-09.39.58:147][578]LogLinker:Warning: Can't find file for asset '/Script/Kinect4Unreal' while loading ../../../../../../UnrealProjects/GE_Project/Content/Blueprints/BP_TheBeginningGameMode.uasset.
[2016.03.24-09.39.58:165][578]LogWorld: Game class is 'BP_TheBeginningGameMode_C'
[2016.03.24-09.39.58:230][578]LogWorld: Bringing World /Game/UEDPIE_0_MyFirstLevel.MyFirstLevel up for play (max tick rate 0) at 2016.03.24-10.39.58
[2016.03.24-09.39.58:230][578]LogActor:Warning: GameSession /Game/UEDPIE_0_MyFirstLevel.MyFirstLevel:PersistentLevel.GameSession_0 has natively added scene component(s), but none of them were set as the actor's RootComponent - picking one arbitrarily
[2016.03.24-09.39.58:230][578]LogActor:Warning: GameNetworkManager /Game/UEDPIE_0_MyFirstLevel.MyFirstLevel:PersistentLevel.GameNetworkManager_0 has natively added scene component(s), but none of them were set as the actor's RootComponent - picking one arbitrarily
[2016.03.24-09.39.58:232][578]LogWorld: Bringing up level for play took: 0.065741
[2016.03.24-09.39.58:235][578]PIE: Info Play in editor start time for /Game/UEDPIE_0_MyFirstLevel 1.1
[2016.03.24-09.39.58:259][579]LogRenderer: Reallocating scene render targets to support 1648x780 (Frame:1349).
[2016.03.24-09.40.04:203][284]LogActorComponent: UnregisterComponent: (/Engine/Transient.CharMoveComp) Not registered. Aborting.
[2016.03.24-09.40.04:204][284]LogActorComponent: UnregisterComponent: (/Engine/Transient.ProjectileComp) Not registered. Aborting.
[2016.03.24-09.40.04:221][284]LogParticles: Destroying 0 GPU particle simulations for FXSystem 0x000000F39E3B5F80
[2016.03.24-09.40.13:529][386]Cmd: CLOSE_SLATE_MAINFRAME
[2016.03.24-09.40.13:679][386]LogWindowsTextInputMethodSystem:Display: IME system now deactivated.
[2016.03.24-09.40.13:939][387]Cmd: QUIT_EDITOR
[2016.03.24-09.40.16:544][387]LogExit: Preparing to exit.
[2016.03.24-09.40.16:999][387]LogExit: Editor shut down
[2016.03.24-09.40.16:999][387]LogExit: Transaction tracking system shut down
[2016.03.24-09.40.17:001][387]LogParticles: Destroying 0 GPU particle simulations for FXSystem 0x000000F3FBDBFA60
[2016.03.24-09.40.17:001][387]LogParticles: Destroying 0 GPU particle simulations for FXSystem 0x000000F3FBDBFBA0
[2016.03.24-09.40.17:001][387]LogParticles: Destroying 0 GPU particle simulations for FXSystem 0x000000F3FD582F20
[2016.03.24-09.40.17:003][387]LogParticles: Destroying 0 GPU particle simulations for FXSystem 0x000000F3DC882AC0
[2016.03.24-09.40.17:125][387]LogParticles: Destroying 0 GPU particle simulations for FXSystem 0x000000F3FD2D3EC0
[2016.03.24-09.40.17:125][387]LogExit: Object subsystem successfully closed.
[2016.03.24-09.40.17:143][387]LogD3D11RHI: Shutdown
[2016.03.24-09.40.17:143][387]LogD3D11RHI: CleanupD3DDevice
[2016.03.24-09.40.17:202][387]LogD3D11RHI: ~FD3D11DynamicRHI
[2016.03.24-09.40.17:332][387]LogCrashTracker: 


[2016.03.24-09.40.17:332][387]LogCrashTracker: 


[2016.03.24-09.40.17:332][387]LogWindows: === Critical error: ===
Fatal error!



