[2016.03.17-10.36.56:994][  0]Log file open, 03/17/16 11:36:56
[2016.03.17-10.36.56:994][  0]LogInit:Display: Running engine for game: TheBeginning
[2016.03.17-10.36.56:994][  0]LogInit:Display: RandInit(1471890015) SRandInit(1471890016).
[2016.03.17-10.36.56:994][  0]LogTaskGraph: Started task graph with 4 named threads and 7 total threads.
[2016.03.17-10.36.56:994][  0]LogStats: Stats thread started at 0.063826
[2016.03.17-10.36.56:994][  0]LogInit: Version: 4.9.2-2707645+++depot+UE4-Releases+4.9
[2016.03.17-10.36.56:994][  0]LogInit: API Version: 2672455
[2016.03.17-10.36.56:994][  0]LogInit: Compiled (64-bit): Sep 28 2015 10:25:44
[2016.03.17-10.36.56:994][  0]LogInit: Compiled with Visual C++: 18.00.21005.01
[2016.03.17-10.36.56:994][  0]LogInit: Build Configuration: Development
[2016.03.17-10.36.56:994][  0]LogInit: Branch Name: ++depot+UE4-Releases+4.9
[2016.03.17-10.36.56:994][  0]LogInit: Command line:  
[2016.03.17-10.36.56:994][  0]LogInit: Base directory: D:/Programme/Epic Games/4.9/Engine/Binaries/Win64/
[2016.03.17-10.36.56:994][  0]LogInit: Rocket: 1
[2016.03.17-10.36.56:999][  0]LogInit: Using libcurl 7.41.0
[2016.03.17-10.36.56:999][  0]LogInit:  - built for x86_64-pc-win32
[2016.03.17-10.36.56:999][  0]LogInit:  - supports SSL with WinSSL
[2016.03.17-10.36.56:999][  0]LogInit:  - other features:
[2016.03.17-10.36.56:999][  0]LogInit:      CURL_VERSION_SSL
[2016.03.17-10.36.56:999][  0]LogInit:      CURL_VERSION_IPV6
[2016.03.17-10.36.56:999][  0]LogInit:      CURL_VERSION_ASYNCHDNS
[2016.03.17-10.36.56:999][  0]LogInit:      CURL_VERSION_LARGEFILE
[2016.03.17-10.36.56:999][  0]LogInit:      CURL_VERSION_IDN
[2016.03.17-10.36.56:999][  0]LogInit:  CurlRequestOptions (configurable via config and command line):
[2016.03.17-10.36.56:999][  0]LogInit:  - bVerifyPeer = true  - Libcurl will verify peer certificate
[2016.03.17-10.36.56:999][  0]LogInit:  - bUseHttpProxy = false  - Libcurl will NOT use HTTP proxy
[2016.03.17-10.36.56:999][  0]LogInit:  - bDontReuseConnections = false  - Libcurl will reuse connections
[2016.03.17-10.36.56:999][  0]LogInit:  - CertBundlePath = nullptr  - Libcurl will use whatever was configured at build time.
[2016.03.17-10.36.57:003][  0]LogInit: Presizing for 0 objects not considered by GC, pre-allocating 0 bytes.
[2016.03.17-10.36.57:009][  0]LogInit: Object subsystem initialized
[2016.03.17-10.36.57:010][  0]LogInit: Selected Device Profile: [Windows]
[2016.03.17-10.36.57:010][  0]LogInit: Applying CVar settings loaded from the selected device profile: [Windows]
[2016.03.17-10.36.57:018][  0]LogInit: Computer: PC1021500895
[2016.03.17-10.36.57:018][  0]LogInit: User: VR
[2016.03.17-10.36.57:018][  0]LogInit: CPU Page size=4096, Cores=4
[2016.03.17-10.36.57:018][  0]LogInit: High frequency timer resolution =3.507508 MHz
[2016.03.17-10.36.57:018][  0]LogMemory: Memory total: Physical=15.9GB (16GB approx)
[2016.03.17-10.36.57:018][  0]LogMemory: Platform Memory Stats for Windows
[2016.03.17-10.36.57:018][  0]LogMemory: Process Physical Memory: 53.15 MB used, 53.15 MB peak
[2016.03.17-10.36.57:018][  0]LogMemory: Process Virtual Memory: 55.14 MB used, 55.14 MB peak
[2016.03.17-10.36.57:018][  0]LogMemory: Physical Memory: 3191.89 MB used, 16261.17 MB total
[2016.03.17-10.36.57:018][  0]LogMemory: Virtual Memory: 346.75 MB used, 134217728.00 MB total
[2016.03.17-10.36.57:044][  0]LogTextLocalizationManager: No translations for ('de-DE') exist, falling back to 'en' for localization and internationalization data.
[2016.03.17-10.36.57:660][  0]LogD3D11RHI: Found D3D11 adapter 0: NVIDIA GeForce GTX 970 (Feature Level 11_0)
[2016.03.17-10.36.57:660][  0]LogD3D11RHI: Adapter has 3976MB of dedicated video memory, 0MB of dedicated system memory, and 8130MB of shared system memory, 1 output[s]
[2016.03.17-10.36.57:661][  0]LogD3D11RHI: Found D3D11 adapter 1: Microsoft Basic Render Driver (Feature Level 11_0)
[2016.03.17-10.36.57:661][  0]LogD3D11RHI: Adapter has 0MB of dedicated video memory, 0MB of dedicated system memory, and 256MB of shared system memory, 0 output[s]
[2016.03.17-10.36.57:661][  0]LogD3D11RHI: Chosen D3D11 Adapter Id = 0
[2016.03.17-10.36.57:664][  0]LogD3D11RHI: !Direct3DDevice
[2016.03.17-10.36.57:664][  0]LogRHI: Texture pool is 1361 MB (70% of 1945 MB)
[2016.03.17-10.36.57:672][  0]LogD3D11RHI: Async texture creation enabled
[2016.03.17-10.36.57:686][  0]LogShaderCompilers: Guid format shader working directory is 15 characters bigger than the processId version (../../../../../../UnrealProjects/GE_Project/Intermediate/Shaders/WorkingDirectory/8504/).
[2016.03.17-10.36.57:687][  0]LogShaderCompilers: Cleaned the shader compiler working directory '../../../../../../UnrealProjects/GE_Project/Intermediate/Shaders/tmp/0CEFB6FA40D0A2B1888DA182BBC7AA67/'.
[2016.03.17-10.36.57:687][  0]LogShaderCompilers:Display: Using Local Shader Compiler.
[2016.03.17-10.36.58:447][  0]LogTemp:Display: Loaded TP AllDesktopTargetPlatform
[2016.03.17-10.36.58:450][  0]LogTemp:Display: Loaded TP WindowsClientTargetPlatform
[2016.03.17-10.36.58:455][  0]LogTemp:Display: Loaded TP WindowsNoEditorTargetPlatform
[2016.03.17-10.36.58:458][  0]LogTemp:Display: Loaded TP WindowsServerTargetPlatform
[2016.03.17-10.36.58:461][  0]LogTemp:Display: Loaded TP WindowsTargetPlatform
[2016.03.17-10.36.58:463][  0]LogTemp:Display: Loaded TP AndroidTargetPlatform
[2016.03.17-10.36.58:465][  0]LogTemp:Display: Loaded TP Android_ASTCTargetPlatform
[2016.03.17-10.36.58:468][  0]LogTemp:Display: Loaded TP Android_ATCTargetPlatform
[2016.03.17-10.36.58:470][  0]LogTemp:Display: Loaded TP Android_DXTTargetPlatform
[2016.03.17-10.36.58:472][  0]LogTemp:Display: Loaded TP Android_ETC1TargetPlatform
[2016.03.17-10.36.58:474][  0]LogTemp:Display: Loaded TP Android_ETC2TargetPlatform
[2016.03.17-10.36.58:477][  0]LogTemp:Display: Loaded TP Android_PVRTCTargetPlatform
[2016.03.17-10.36.58:477][  0]LogTemp:Display: Loaded TP HTML5TargetPlatform
[2016.03.17-10.36.58:492][  0]LogTemp:Display: Loaded TP IOSTargetPlatform
[2016.03.17-10.36.58:494][  0]LogTemp:Display: Loaded TP LinuxNoEditorTargetPlatform
[2016.03.17-10.36.58:496][  0]LogTemp:Display: Loaded TP LinuxServerTargetPlatform
[2016.03.17-10.36.58:499][  0]LogTemp:Display: Loaded TP LinuxTargetPlatform
[2016.03.17-10.36.58:499][  0]LogTargetPlatformManager:Display: Building Assets For Windows
[2016.03.17-10.36.58:547][  0]LogDerivedDataCache:Display: Max Cache Size: 512 MB
[2016.03.17-10.36.58:581][  0]LogDerivedDataCache: Loaded boot cache 0.03s 41MB C:/Users/VR/AppData/Local/UnrealEngine/4.9/DerivedDataCache/Boot.ddc.
[2016.03.17-10.36.58:581][  0]LogDerivedDataCache:Display: Loaded Boot cache: C:/Users/VR/AppData/Local/UnrealEngine/4.9/DerivedDataCache/Boot.ddc
[2016.03.17-10.36.58:581][  0]LogDerivedDataCache: FDerivedDataBackendGraph:  Pak pak cache file ../../../../../../UnrealProjects/GE_Project/DerivedDataCache/DDC.ddp not found, will not use a pak cache.
[2016.03.17-10.36.58:581][  0]LogDerivedDataCache: Unable to find inner node Pak for hierarchical cache Hierarchy.
[2016.03.17-10.36.58:581][  0]LogDerivedDataCache: FDerivedDataBackendGraph:  CompressedPak pak cache file ../../../../../../UnrealProjects/GE_Project/DerivedDataCache/Compressed.ddp not found, will not use a pak cache.
[2016.03.17-10.36.58:581][  0]LogDerivedDataCache: Unable to find inner node CompressedPak for hierarchical cache Hierarchy.
[2016.03.17-10.36.58:691][  0]LogDerivedDataCache:Display: Pak cache opened for reading ../../../Engine/DerivedDataCache/Compressed.ddp.
[2016.03.17-10.36.58:703][  0]LogDerivedDataCache: Using Local data cache path C:/Users/VR/AppData/Local/UnrealEngine/Common/DerivedDataCache: Writable
[2016.03.17-10.36.59:116][  0]LogInit: Selected Device Profile: [Windows]
[2016.03.17-10.36.59:118][  0]LogContentStreaming: Texture pool size is 0.000000MB
[2016.03.17-10.36.59:204][  0]LogMeshUtilities: No automatic mesh reduction module available
[2016.03.17-10.36.59:204][  0]LogMeshUtilities: No automatic mesh merging module available
[2016.03.17-10.36.59:376][  0]LogInit: WinSock: version 1.1 (2.2), MaxSocks=32767, MaxUdp=65467
[2016.03.17-10.36.59:886][  0]UdpMessaging: Initializing bridge on interface 0.0.0.0:0 to multicast group 230.0.0.1:6666.
[2016.03.17-10.36.59:978][  0]LogAssetRegistry: FAssetRegistry took 0.0109 seconds to start up
[2016.03.17-10.37.00:079][  0]SourceControl: Info Source control is disabled
[2016.03.17-10.37.00:085][  0]SourceControl: Info Source control is disabled
[2016.03.17-10.37.00:091][  0]SourceControl: Info Source control is disabled
[2016.03.17-10.37.00:096][  0]SourceControl: Info Source control is disabled
[2016.03.17-10.37.00:176][  0]LogLinker:Warning: Asset '../../../Engine/Plugins/Runtime/LeapMotionController/Content/LM_PassthroughMaterial.uasset' has been saved with empty engine version. The asset will be loaded but may be incompatible.
[2016.03.17-10.37.00:240][  0]LeapPluginLog: Using LeapPlugin version 0.9.6
[2016.03.17-10.37.00:246][  0]LogObj: 29066 objects as part of root set at end of initial load.
[2016.03.17-10.37.00:246][  0]LogUObjectAllocator: 6193312 out of 0 bytes used by permanent object pool.
[2016.03.17-10.37.00:290][  0]LogEngine: Initializing Engine...
[2016.03.17-10.37.00:291][  0]LogHMD: Can't find Oculus library dev build: is proper Runtime installed? Version: 0.7.0.0
[2016.03.17-10.37.00:640][  0]LogHMD: SteamVR initialized.  Driver: oculus  Display: 207KGV03FJGR
[2016.03.17-10.37.00:730][  0]LogAIModule: Creating AISystem for world NewWorld
[2016.03.17-10.37.00:741][  0]LogInit: XAudio2 using 'Speakers (Realtek High Definition Audio)' : 2 channels at 48 kHz using 32 bits per sample (channel mask 0x3)
[2016.03.17-10.37.00:845][  0]LogInit: FAudioDevice initialized.
[2016.03.17-10.37.00:863][  0]LogDerivedDataCache: Saved boot cache 0.02s 41MB C:/Users/VR/AppData/Local/UnrealEngine/4.9/DerivedDataCache/Boot.ddc.
[2016.03.17-10.37.00:867][  0]LogInit: Texture streaming: Enabled
[2016.03.17-10.37.00:870][  0]LogAnalytics: Creating configured Analytics provider AnalyticsET
[2016.03.17-10.37.00:870][  0]LogAnalytics: [UEEditor.Rocket.Release] APIServer = http://et2.epicgames.com/ET2/. AppVersion = 4.9.2-2707645+++depot+UE4-Releases+4.9
[2016.03.17-10.37.00:870][  0]LogAnalytics: [UEEditor.Rocket.Release] SetUserId 8c1436b7469470d4e6ebefb46ce7086e|0318ce7eb266467aa7a1e63543527494|c39e7128-8a93-45bc-b94e-b28d0faf1958
[2016.03.17-10.37.00:870][  0]LogAnalytics: [UEEditor.Rocket.Release] AnalyticsET::StartSession
[2016.03.17-10.37.00:877][  0]LogWindowsTextInputMethodSystem:Display: IME system now deactivated.
[2016.03.17-10.37.00:889][  0]LogInit: Transaction tracking system initialized
[2016.03.17-10.37.00:907][  0]BlueprintLog: New page: Editor Load
[2016.03.17-10.37.00:964][  0]LocalizationService: Info Localization service is disabled
[2016.03.17-10.37.01:002][  0]LogLinker:Warning: Can't find file '/Game/FirstPersonBP/FirstPersonOverview'
[2016.03.17-10.37.01:002][  0]LogLinker:Warning: Can't find file '/Game/FirstPersonBP/FirstPersonOverview'
[2016.03.17-10.37.01:002][  0]LogUObjectGlobals:Warning: Failed to find object 'Class /Game/FirstPersonBP/FirstPersonOverview.FirstPersonOverview_C'
[2016.03.17-10.37.01:011][  0]LogConsoleResponse:Display: 
[2016.03.17-10.37.01:112][  0]LogCook:Display: Done creating registry. It took  0.00s.
[2016.03.17-10.37.01:148][  0]LogFileCache: Scanning file cache for directory 'D:/UnrealProjects/GE_Project/Content/' took 0.02s
[2016.03.17-10.37.01:148][  0]SourceControl: Info Source control is disabled
[2016.03.17-10.37.01:148][  0]Cmd: MAP LOAD FILE="../../../../../../UnrealProjects/GE_Project/Content/StarterContent/Maps/Minimal_Default.umap" TEMPLATE=0 SHOWPROGRESS=1 FEATURELEVEL=3
[2016.03.17-10.37.01:169][  0]LightingResults: New page: Lighting Build
[2016.03.17-10.37.01:170][  0]MapCheck: New page: Map Check
[2016.03.17-10.37.01:170][  0]LightingResults: New page: Lighting Build
[2016.03.17-10.37.01:179][  0]LogParticles: Destroying 0 GPU particle simulations for FXSystem 0x0000011601F47CE0
[2016.03.17-10.37.01:743][  0]LogAIModule: Creating AISystem for world Minimal_Default
[2016.03.17-10.37.01:748][  0]LogEditorServer: Finished looking for orphan Actors (0.000 secs)
[2016.03.17-10.37.01:749][  0]Cmd: MAP CHECKDEP NOCLEARLOG
[2016.03.17-10.37.01:784][  0]MapCheck: Info Map check complete: 0 Error(s), 0 Warning(s), took 35.215ms to complete.
[2016.03.17-10.37.01:784][  0]LogFileHelpers: Loading map 'Minimal_Default' took 0.637
[2016.03.17-10.37.01:896][  0]LogCollectionManager: Loaded 0 collections in 0.001792 seconds
[2016.03.17-10.37.01:941][  0]LogFileCache: Scanning file cache for directory 'D:/UnrealProjects/GE_Project/Saved/Collections/' took 0.01s
[2016.03.17-10.37.01:941][  0]LogFileCache: Scanning file cache for directory 'D:/UnrealProjects/GE_Project/Content/Developers/VR/Collections/' took 0.01s
[2016.03.17-10.37.01:941][  0]LogFileCache: Scanning file cache for directory 'D:/UnrealProjects/GE_Project/Content/Collections/' took 0.01s
[2016.03.17-10.37.01:941][  0]LogContentBrowser: Native class hierarchy populated in 0.0104 seconds. Added 1901 classes and 339 folders.
[2016.03.17-10.37.01:944][  0]LogCollectionManager: Rebuilt the GUID cache for 0 collections in 0.000002 seconds
[2016.03.17-10.37.01:948][  0]LogContentBrowser: Native class hierarchy updated for 'WidgetCarousel' in 0.0007 seconds. Added 0 classes and 0 folders.
[2016.03.17-10.37.01:980][  0]LogContentBrowser: Native class hierarchy updated for 'AddContentDialog' in 0.0009 seconds. Added 0 classes and 0 folders.
[2016.03.17-10.37.01:984][  0]LogContentBrowser: Native class hierarchy updated for 'SceneOutliner' in 0.0009 seconds. Added 1 classes and 2 folders.
[2016.03.17-10.37.02:040][  0]LogCrashTracker: Crashtracker disabled due to settings.
[2016.03.17-10.37.02:044][  0]LogUObjectGlobals:Warning: Failed to find object 'Class None.'
[2016.03.17-10.37.02:066][  0]LogLoad: Full Startup: 5.81 seconds (BP compile: 0.03 seconds)
[2016.03.17-10.37.02:142][  0]LogContentStreaming: Texture pool size now 1000 MB
[2016.03.17-10.37.02:251][  0]LogRenderer: Reallocating scene render targets to support 1216x576 (Frame:2).
[2016.03.17-10.37.02:416][  3]LogAssetRegistry: Asset discovery search completed in 2.4489 seconds
[2016.03.17-10.37.02:416][  3]LogCollectionManager: Rebuilt the object cache for 0 collections in 0.000001 seconds (found 0 objects)
[2016.03.17-10.37.02:416][  3]LogCollectionManager: Fixed up redirectors for 0 collections in 0.000023 seconds (updated 0 objects)
[2016.03.17-10.37.07:310][555]LogFileCache: Retrieving MD5 hashes for directory 'D:/UnrealProjects/GE_Project/Content/' took 5.23s
[2016.03.17-10.37.08:628][680]LogBlueprint:Warning: [compiler Ue4ASP_Character] Warning Input Axis Event references unknown Axis 'LookUp' for  InputAxis LookUp 
[2016.03.17-10.37.08:629][680]LogBlueprint:Warning: [compiler Ue4ASP_Character] Warning Input Axis Event references unknown Axis 'Turn' for  InputAxis Turn 
[2016.03.17-10.37.08:629][680]LogBlueprint:Warning: [compiler Ue4ASP_Character] Warning Input Axis Event references unknown Axis 'MoveRight' for  InputAxis MoveRight 
[2016.03.17-10.37.08:629][680]LogBlueprint:Warning: [compiler Ue4ASP_Character] Warning Input Axis Event references unknown Axis 'MoveForward' for  InputAxis MoveForward 
[2016.03.17-10.37.08:631][680]LogBlueprint:Warning: [compiler Ue4ASP_Character] Warning [0012.37] Compile of Ue4ASP_Character successful, but with 4 Warning(s) [in 5 ms]
[2016.03.17-10.37.08:631][680]LogBlueprint:Warning: [compiler Ue4ASP_Character] Warning [0012.37] Compile of Ue4ASP_Character successful, but with 5 Warning(s) [in 0 ms]
[2016.03.17-10.37.08:631][680]LogBlueprint:Warning: [compiler Ue4ASP_Character] Warning [0012.37] Compile of Ue4ASP_Character successful, but with 6 Warning(s) [in 0 ms]
[2016.03.17-10.37.08:687][680]LogBlueprint:Warning: [compiler Ue4ASP_Character] Warning Input Axis Event references unknown Axis 'LookUp' for  InputAxis LookUp 
[2016.03.17-10.37.08:687][680]LogBlueprint:Warning: [compiler Ue4ASP_Character] Warning Input Axis Event references unknown Axis 'Turn' for  InputAxis Turn 
[2016.03.17-10.37.08:688][680]LogBlueprint:Warning: [compiler Ue4ASP_Character] Warning Input Axis Event references unknown Axis 'MoveRight' for  InputAxis MoveRight 
[2016.03.17-10.37.08:688][680]LogBlueprint:Warning: [compiler Ue4ASP_Character] Warning Input Axis Event references unknown Axis 'MoveForward' for  InputAxis MoveForward 
[2016.03.17-10.37.08:690][680]LogBlueprint:Warning: [compiler Ue4ASP_Character] Warning [0012.43] Compile of Ue4ASP_Character successful, but with 4 Warning(s) [in 6 ms]
[2016.03.17-10.37.08:690][680]LogBlueprint:Warning: [compiler Ue4ASP_Character] Warning [0012.43] Compile of Ue4ASP_Character successful, but with 5 Warning(s) [in 0 ms]
[2016.03.17-10.37.08:691][680]LogBlueprint:Warning: [compiler Ue4ASP_Character] Warning [0012.43] Compile of Ue4ASP_Character successful, but with 6 Warning(s) [in 0 ms]
[2016.03.17-10.37.09:906][680]LogAIModule: Creating AISystem for world MyFirstLevel
[2016.03.17-10.37.09:913][680]LogParticles:Warning: InitializeSystem called on an unregistered component. Template=/Game/Snow.Snow Component=/Game/MyFirstLevel.MyFirstLevel:PersistentLevel.Snow_2.ParticleSystemComponent0
[2016.03.17-10.37.09:914][680]LogParticles:Warning: InitializeSystem called on an unregistered component. Template=/Game/StarterContent/Particles/P_Fire.P_Fire Component=/Game/MyFirstLevel.MyFirstLevel:PersistentLevel.P_Fire_2.ParticleSystemComponent0
[2016.03.17-10.37.09:952][680]Cmd: MAP LOAD FILE="../../../../../../UnrealProjects/GE_Project/Content/MyFirstLevel.umap" TEMPLATE=0 SHOWPROGRESS=1 FEATURELEVEL=3
[2016.03.17-10.37.09:952][680]LightingResults: New page: Lighting Build
[2016.03.17-10.37.09:968][680]LoadErrors: New page: Loading map: MyFirstLevel.umap
[2016.03.17-10.37.09:968][680]MapCheck: New page: Map Check
[2016.03.17-10.37.09:968][680]LightingResults: New page: Lighting Build
[2016.03.17-10.37.09:978][680]LogParticles: Destroying 0 GPU particle simulations for FXSystem 0x0000008B8248F420
[2016.03.17-10.37.11:020][680]LogEditorServer: Finished looking for orphan Actors (0.000 secs)
[2016.03.17-10.37.11:069][680]Cmd: MAP CHECKDEP NOCLEARLOG
[2016.03.17-10.37.11:126][680]MapCheck: Info Map check complete: 0 Error(s), 0 Warning(s), took 56.343ms to complete.
[2016.03.17-10.37.11:126][680]LogFileHelpers: Loading map 'MyFirstLevel' took 1.175
[2016.03.17-10.37.11:154][681]Cmd: UpdateLandscapeEditorData -warnings
[2016.03.17-10.37.11:161][681]Cmd: UpdateLandscapeEditorData
[2016.03.17-10.37.17:892][423]LogBlueprintUserMessages: Early PlayInEditor Detection: Level '/Game/MyFirstLevel.MyFirstLevel:PersistentLevel' has LevelScriptBlueprint '/Game/MyFirstLevel.MyFirstLevel:PersistentLevel.MyFirstLevel' with GeneratedClass '/Game/MyFirstLevel.MyFirstLevel_C' with ClassGeneratedBy '/Game/MyFirstLevel.MyFirstLevel:PersistentLevel.MyFirstLevel'
[2016.03.17-10.37.17:892][423]LogPlayLevel: PlayLevel: No blueprints needed recompiling
[2016.03.17-10.37.17:892][423]PIE: New page: PIE session: MyFirstLevel (Mar 17, 2016, 12:37:17 PM)
[2016.03.17-10.37.17:892][423]LogPlayLevel: Creating play world package: /Game/UEDPIE_0_MyFirstLevel
[2016.03.17-10.37.17:933][423]LogPlayLevel: PIE: StaticDuplicateObject took: (0.040169s)
[2016.03.17-10.37.17:933][423]LogAIModule: Creating AISystem for world MyFirstLevel
[2016.03.17-10.37.17:933][423]LogPlayLevel: PIE: World Init took: (0.000483s)
[2016.03.17-10.37.17:934][423]LogPlayLevel: PIE: Created PIE world by copying editor world from /Game/MyFirstLevel.MyFirstLevel to /Game/UEDPIE_0_MyFirstLevel.MyFirstLevel (0.041113s)
[2016.03.17-10.37.17:934][423]LogActorComponent: UnregisterComponent: (/Engine/Transient.CharMoveComp) Not registered. Aborting.
[2016.03.17-10.37.17:957][423]LogInit: XAudio2 using 'Speakers (Realtek High Definition Audio)' : 2 channels at 48 kHz using 32 bits per sample (channel mask 0x3)
[2016.03.17-10.37.17:963][423]LogInit: FAudioDevice initialized.
[2016.03.17-10.37.18:063][423]LogBlueprint:Warning: [BP_Avatar] CreatePinForVariable: 'KinectInterface' variable not found. Base class was probably changed.
[2016.03.17-10.37.18:064][423]LogBlueprint:Warning: [BP_Avatar] CreatePinForVariable: 'KinectInterface' variable not found. Base class was probably changed.
[2016.03.17-10.37.18:064][423]LogBlueprint:Warning: [BP_Avatar] CreatePinForVariable: 'KinectInterface' variable not found. Base class was probably changed.
[2016.03.17-10.37.18:064][423]LogBlueprint:Warning: [BP_Avatar] CreatePinForVariable: 'KinectInterface' variable not found. Base class was probably changed.
[2016.03.17-10.37.18:064][423]LogBlueprint:Warning: [BP_Avatar] CreatePinForVariable: 'KinectInterface' variable not found. Base class was probably changed.
[2016.03.17-10.37.18:064][423]LogBlueprint:Warning: [BP_Avatar] CreatePinForVariable: 'KinectInterface' variable not found. Base class was probably changed.
[2016.03.17-10.37.18:065][423]LogBlueprint:Warning: [BP_Avatar] CreatePinForVariable: 'KinectInterface' variable not found. Base class was probably changed.
[2016.03.17-10.37.18:072][423]LogBlueprint:Error: [compiler BP_Avatar] Error Could not find a function named "GetHandStateAsExecution" in 'BP_Avatar'.
Make sure 'BP_Avatar' has been compiled for  Get Hand State as Execution 
[2016.03.17-10.37.18:072][423]LogBlueprint:Warning: [compiler BP_Avatar] Warning Could not find a variable named "KinectInterface" in 'BP_Avatar_C'.
Make sure 'BP_Avatar_C' has been compiled for  Get KinectInterface 
[2016.03.17-10.37.18:072][423]LogBlueprint:Warning: [compiler BP_Avatar] Warning Could not find a variable named "KinectInterface" in 'BP_Avatar_C'.
Make sure 'BP_Avatar_C' has been compiled for  Get KinectInterface 
[2016.03.17-10.37.18:072][423]LogBlueprint:Error: [compiler BP_Avatar] Error Could not find a function named "GetDistanceBetweenJoints" in 'BP_Avatar'.
Make sure 'BP_Avatar' has been compiled for  Get Distance Between Joints 
[2016.03.17-10.37.18:072][423]LogBlueprint:Warning: [compiler BP_Avatar] Warning Could not find a variable named "KinectInterface" in 'BP_Avatar_C'.
Make sure 'BP_Avatar_C' has been compiled for  Get KinectInterface 
[2016.03.17-10.37.18:072][423]LogBlueprint:Error: [compiler BP_Avatar] Error Could not find a function named "GetDistanceBetweenJoints" in 'BP_Avatar'.
Make sure 'BP_Avatar' has been compiled for  Get Distance Between Joints 
[2016.03.17-10.37.18:072][423]LogBlueprint:Warning: [compiler BP_Avatar] Warning Could not find a variable named "KinectInterface" in 'BP_Avatar_C'.
Make sure 'BP_Avatar_C' has been compiled for  Get KinectInterface 
[2016.03.17-10.37.18:072][423]LogBlueprint:Error: [compiler BP_Avatar] Error Could not find a function named "GetCenteredBody" in 'BP_Avatar'.
Make sure 'BP_Avatar' has been compiled for  Get Centered Body 
[2016.03.17-10.37.18:072][423]LogBlueprint:Warning: [compiler BP_Avatar] Warning Could not find a variable named "KinectInterface" in 'BP_Avatar_C'.
Make sure 'BP_Avatar_C' has been compiled for  Get KinectInterface 
[2016.03.17-10.37.18:072][423]LogBlueprint:Error: [compiler BP_Avatar] Error Could not find a function named "GetHandStateAsExecution" in 'BP_Avatar'.
Make sure 'BP_Avatar' has been compiled for  Get Hand State as Execution 
[2016.03.17-10.37.18:073][423]LogBlueprint:Warning: [compiler BP_Avatar] Warning Could not find a variable named "KinectInterface" in 'BP_Avatar_C'.
Make sure 'BP_Avatar_C' has been compiled for  Get KinectInterface 
[2016.03.17-10.37.18:073][423]LogBlueprint:Error: [compiler BP_Avatar] Error Could not find a function named "GetHandStateAsExecution" in 'BP_Avatar'.
Make sure 'BP_Avatar' has been compiled for  Get Hand State as Execution 
[2016.03.17-10.37.18:073][423]LogBlueprint:Warning: [compiler BP_Avatar] Warning Could not find a variable named "KinectInterface" in 'BP_Avatar_C'.
Make sure 'BP_Avatar_C' has been compiled for  Get KinectInterface 
[2016.03.17-10.37.18:073][423]LogBlueprint:Error: [compiler BP_Avatar] Error Could not find a function named "GetCenteredBody" in 'BP_Avatar'.
Make sure 'BP_Avatar' has been compiled for  Get Centered Body 
[2016.03.17-10.37.18:073][423]LogBlueprint:Error: [compiler BP_Avatar] Error The property associated with  Kinect Interface  could not be found
[2016.03.17-10.37.18:073][423]LogBlueprint:Error: [compiler BP_Avatar] Error The property associated with  Kinect Interface  could not be found
[2016.03.17-10.37.18:074][423]LogBlueprint:Error: [compiler BP_Avatar] Error The current value (AnkleRight) of the ' Start Joint ' pin is invalid: Expected a valid unsigned number for a byte property
[2016.03.17-10.37.18:074][423]LogBlueprint:Error: [compiler BP_Avatar] Error The current value (AnkleLeft) of the ' End Joint ' pin is invalid: Expected a valid unsigned number for a byte property
[2016.03.17-10.37.18:074][423]LogBlueprint:Error: [compiler BP_Avatar] Error The property associated with  Kinect Interface  could not be found
[2016.03.17-10.37.18:074][423]LogBlueprint:Error: [compiler BP_Avatar] Error The current value (Head) of the ' Start Joint ' pin is invalid: Expected a valid unsigned number for a byte property
[2016.03.17-10.37.18:074][423]LogBlueprint:Error: [compiler BP_Avatar] Error The current value (AnkleRight) of the ' End Joint ' pin is invalid: Expected a valid unsigned number for a byte property
[2016.03.17-10.37.18:074][423]LogBlueprint:Error: [compiler BP_Avatar] Error The property associated with  Kinect Interface  could not be found
[2016.03.17-10.37.18:074][423]LogBlueprint:Error: [compiler BP_Avatar] Error The current value (Right) of the ' Hand ' pin is invalid: Expected a valid unsigned number for a byte property
[2016.03.17-10.37.18:080][423]LogBlueprint:Warning: [compiler BP_Avatar] Warning [0021.82] Compile of BP_Avatar failed. 16 Fatal Issue(s) 7 Warning(s) [in 14 ms]
[2016.03.17-10.37.18:080][423]LogBlueprint:Warning: [compiler BP_Avatar] Warning [0021.82] Compile of BP_Avatar failed. 16 Fatal Issue(s) 8 Warning(s) [in 0 ms]
[2016.03.17-10.37.18:080][423]LogBlueprint:Warning: [compiler BP_Avatar] Warning [0021.82] Compile of BP_Avatar failed. 16 Fatal Issue(s) 9 Warning(s) [in 0 ms]
[2016.03.17-10.37.18:095][423]LogWorld: Game class is 'GamePadGameMode_C'
[2016.03.17-10.37.18:149][423]LogWorld: Bringing World /Game/UEDPIE_0_MyFirstLevel.MyFirstLevel up for play (max tick rate 0) at 2016.03.17-11.37.18
[2016.03.17-10.37.18:149][423]LogActor:Warning: GameSession /Game/UEDPIE_0_MyFirstLevel.MyFirstLevel:PersistentLevel.GameSession_0 has natively added scene component(s), but none of them were set as the actor's RootComponent - picking one arbitrarily
[2016.03.17-10.37.18:149][423]LogActor:Warning: GameNetworkManager /Game/UEDPIE_0_MyFirstLevel.MyFirstLevel:PersistentLevel.GameNetworkManager_0 has natively added scene component(s), but none of them were set as the actor's RootComponent - picking one arbitrarily
[2016.03.17-10.37.18:151][423]LogWorld: Bringing up level for play took: 0.054192
[2016.03.17-10.37.18:163][423]PIE: Info Play in editor start time for /Game/UEDPIE_0_MyFirstLevel 0.03
[2016.03.17-10.37.18:163][423]LogBlueprintUserMessages: Late PlayInEditor Detection: Level '/Game/MyFirstLevel.MyFirstLevel:PersistentLevel' has LevelScriptBlueprint '/Game/MyFirstLevel.MyFirstLevel:PersistentLevel.MyFirstLevel' with GeneratedClass '/Game/MyFirstLevel.MyFirstLevel_C' with ClassGeneratedBy '/Game/MyFirstLevel.MyFirstLevel:PersistentLevel.MyFirstLevel'
[2016.03.17-10.37.18:189][424]LogRenderer: Reallocating scene render targets to support 1648x780 (Frame:817).
[2016.03.17-10.37.23:450][ 51]LogBlueprintUserMessages: Early EndPlayMap Detection: Level '/Game/MyFirstLevel.MyFirstLevel:PersistentLevel' has LevelScriptBlueprint '/Game/MyFirstLevel.MyFirstLevel:PersistentLevel.MyFirstLevel' with GeneratedClass '/Game/MyFirstLevel.MyFirstLevel_C' with ClassGeneratedBy '/Game/MyFirstLevel.MyFirstLevel:PersistentLevel.MyFirstLevel'
[2016.03.17-10.37.23:482][ 51]LogBlueprintUserMessages: Late EndPlayMap Detection: Level '/Game/MyFirstLevel.MyFirstLevel:PersistentLevel' has LevelScriptBlueprint '/Game/MyFirstLevel.MyFirstLevel:PersistentLevel.MyFirstLevel' with GeneratedClass '/Game/MyFirstLevel.MyFirstLevel_C' with ClassGeneratedBy '/Game/MyFirstLevel.MyFirstLevel:PersistentLevel.MyFirstLevel'
[2016.03.17-10.37.23:482][ 51]LogActorComponent: UnregisterComponent: (/Engine/Transient.CharMoveComp) Not registered. Aborting.
[2016.03.17-10.37.23:500][ 51]LogParticles: Destroying 0 GPU particle simulations for FXSystem 0x0000008C03053740
[2016.03.17-10.37.25:039][229]LogLinker:Warning: Asset '../../../Engine/Content/ArtTools/RenderToTexture/Macros/RenderToTextureMacros.uasset' has been saved with empty engine version. The asset will be loaded but may be incompatible.
[2016.03.17-10.37.25:469][229]LogContentBrowser: Native class hierarchy updated for 'BlueprintGraph' in 0.0011 seconds. Added 107 classes and 0 folders.
[2016.03.17-10.37.54:470][441]Cmd: CLOSE_SLATE_MAINFRAME
[2016.03.17-10.37.54:470][441]LogActorComponent: UnregisterComponent: (/Engine/Transient.CharMoveComp) Not registered. Aborting.
[2016.03.17-10.37.54:470][441]LogActorComponent: UnregisterComponent: (/Engine/Transient.CharacterMovementComponent_0) Not registered. Aborting.
[2016.03.17-10.37.54:491][441]LogParticles: Destroying 0 GPU particle simulations for FXSystem 0x0000008BB7A7B100
[2016.03.17-10.37.54:625][441]LogWindowsTextInputMethodSystem:Display: IME system now deactivated.
[2016.03.17-10.37.54:864][442]Cmd: QUIT_EDITOR
[2016.03.17-10.37.57:534][442]LogExit: Preparing to exit.
[2016.03.17-10.37.58:026][442]LogExit: Editor shut down
[2016.03.17-10.37.58:027][442]LogExit: Transaction tracking system shut down
[2016.03.17-10.37.58:028][442]LogParticles: Destroying 0 GPU particle simulations for FXSystem 0x0000008B9CEA1DA0
[2016.03.17-10.37.58:028][442]LogParticles: Destroying 0 GPU particle simulations for FXSystem 0x0000008B9CEA2520
[2016.03.17-10.37.58:028][442]LogParticles: Destroying 0 GPU particle simulations for FXSystem 0x0000008C00293880
[2016.03.17-10.37.58:030][442]LogParticles: Destroying 0 GPU particle simulations for FXSystem 0x0000008C14EB3740
[2016.03.17-10.37.58:032][442]LogParticles: Destroying 0 GPU particle simulations for FXSystem 0x0000008B82EC4400
[2016.03.17-10.37.58:045][442]LeapPluginLog: LeapController::CleanupEventData Delete Called
[2016.03.17-10.37.58:199][442]LogExit: Object subsystem successfully closed.
[2016.03.17-10.37.58:211][442]LogD3D11RHI: Shutdown
[2016.03.17-10.37.58:211][442]LogD3D11RHI: CleanupD3DDevice
[2016.03.17-10.37.58:263][442]LogD3D11RHI: ~FD3D11DynamicRHI
[2016.03.17-10.37.58:391][442]LogCrashTracker: 


[2016.03.17-10.37.58:391][442]LogCrashTracker: 


[2016.03.17-10.37.58:391][442]LogWindows: === Critical error: ===
Fatal error!



