[2016.03.17-10.05.13:849][  0]Log file open, 03/17/16 11:05:13
[2016.03.17-10.05.13:849][  0]LogInit:Display: Running engine for game: TheBeginning
[2016.03.17-10.05.13:849][  0]LogInit:Display: RandInit(1171972692) SRandInit(1171972692).
[2016.03.17-10.05.13:849][  0]LogTaskGraph: Started task graph with 4 named threads and 7 total threads.
[2016.03.17-10.05.13:849][  0]LogStats: Stats thread started at 0.066294
[2016.03.17-10.05.13:849][  0]LogInit: Version: 4.9.2-2707645+++depot+UE4-Releases+4.9
[2016.03.17-10.05.13:849][  0]LogInit: API Version: 2672455
[2016.03.17-10.05.13:849][  0]LogInit: Compiled (64-bit): Sep 28 2015 10:25:44
[2016.03.17-10.05.13:849][  0]LogInit: Compiled with Visual C++: 18.00.21005.01
[2016.03.17-10.05.13:849][  0]LogInit: Build Configuration: Development
[2016.03.17-10.05.13:849][  0]LogInit: Branch Name: ++depot+UE4-Releases+4.9
[2016.03.17-10.05.13:849][  0]LogInit: Command line:  
[2016.03.17-10.05.13:849][  0]LogInit: Base directory: D:/Programme/Epic Games/4.9/Engine/Binaries/Win64/
[2016.03.17-10.05.13:849][  0]LogInit: Rocket: 1
[2016.03.17-10.05.13:854][  0]LogInit: Using libcurl 7.41.0
[2016.03.17-10.05.13:854][  0]LogInit:  - built for x86_64-pc-win32
[2016.03.17-10.05.13:854][  0]LogInit:  - supports SSL with WinSSL
[2016.03.17-10.05.13:854][  0]LogInit:  - other features:
[2016.03.17-10.05.13:854][  0]LogInit:      CURL_VERSION_SSL
[2016.03.17-10.05.13:854][  0]LogInit:      CURL_VERSION_IPV6
[2016.03.17-10.05.13:854][  0]LogInit:      CURL_VERSION_ASYNCHDNS
[2016.03.17-10.05.13:854][  0]LogInit:      CURL_VERSION_LARGEFILE
[2016.03.17-10.05.13:854][  0]LogInit:      CURL_VERSION_IDN
[2016.03.17-10.05.13:855][  0]LogInit:  CurlRequestOptions (configurable via config and command line):
[2016.03.17-10.05.13:855][  0]LogInit:  - bVerifyPeer = true  - Libcurl will verify peer certificate
[2016.03.17-10.05.13:855][  0]LogInit:  - bUseHttpProxy = false  - Libcurl will NOT use HTTP proxy
[2016.03.17-10.05.13:855][  0]LogInit:  - bDontReuseConnections = false  - Libcurl will reuse connections
[2016.03.17-10.05.13:855][  0]LogInit:  - CertBundlePath = nullptr  - Libcurl will use whatever was configured at build time.
[2016.03.17-10.05.13:859][  0]LogInit: Presizing for 0 objects not considered by GC, pre-allocating 0 bytes.
[2016.03.17-10.05.13:864][  0]LogInit: Object subsystem initialized
[2016.03.17-10.05.13:865][  0]LogInit: Selected Device Profile: [Windows]
[2016.03.17-10.05.13:865][  0]LogInit: Applying CVar settings loaded from the selected device profile: [Windows]
[2016.03.17-10.05.13:872][  0]LogInit: Computer: PC1021500895
[2016.03.17-10.05.13:872][  0]LogInit: User: VR
[2016.03.17-10.05.13:872][  0]LogInit: CPU Page size=4096, Cores=4
[2016.03.17-10.05.13:872][  0]LogInit: High frequency timer resolution =3.507505 MHz
[2016.03.17-10.05.13:872][  0]LogMemory: Memory total: Physical=15.9GB (16GB approx)
[2016.03.17-10.05.13:872][  0]LogMemory: Platform Memory Stats for Windows
[2016.03.17-10.05.13:872][  0]LogMemory: Process Physical Memory: 52.71 MB used, 52.71 MB peak
[2016.03.17-10.05.13:872][  0]LogMemory: Process Virtual Memory: 56.09 MB used, 56.09 MB peak
[2016.03.17-10.05.13:872][  0]LogMemory: Physical Memory: 3369.96 MB used, 16261.17 MB total
[2016.03.17-10.05.13:872][  0]LogMemory: Virtual Memory: 347.69 MB used, 134217728.00 MB total
[2016.03.17-10.05.13:898][  0]LogTextLocalizationManager: No translations for ('de-DE') exist, falling back to 'en' for localization and internationalization data.
[2016.03.17-10.05.14:428][  0]LogD3D11RHI: Found D3D11 adapter 0: NVIDIA GeForce GTX 970 (Feature Level 11_0)
[2016.03.17-10.05.14:428][  0]LogD3D11RHI: Adapter has 3976MB of dedicated video memory, 0MB of dedicated system memory, and 8130MB of shared system memory, 1 output[s]
[2016.03.17-10.05.14:428][  0]LogD3D11RHI: Found D3D11 adapter 1: Microsoft Basic Render Driver (Feature Level 11_0)
[2016.03.17-10.05.14:428][  0]LogD3D11RHI: Adapter has 0MB of dedicated video memory, 0MB of dedicated system memory, and 256MB of shared system memory, 0 output[s]
[2016.03.17-10.05.14:428][  0]LogD3D11RHI: Chosen D3D11 Adapter Id = 0
[2016.03.17-10.05.14:431][  0]LogD3D11RHI: !Direct3DDevice
[2016.03.17-10.05.14:431][  0]LogRHI: Texture pool is 1361 MB (70% of 1945 MB)
[2016.03.17-10.05.14:439][  0]LogD3D11RHI: Async texture creation enabled
[2016.03.17-10.05.14:455][  0]LogShaderCompilers: Guid format shader working directory is 15 characters bigger than the processId version (../../../../../../UnrealProjects/GE_Project/Intermediate/Shaders/WorkingDirectory/1040/).
[2016.03.17-10.05.14:455][  0]LogShaderCompilers: Cleaned the shader compiler working directory '../../../../../../UnrealProjects/GE_Project/Intermediate/Shaders/tmp/4337992A41A46183E3EBB49CB6AFA739/'.
[2016.03.17-10.05.14:455][  0]LogShaderCompilers:Display: Using Local Shader Compiler.
[2016.03.17-10.05.15:259][  0]LogTemp:Display: Loaded TP AllDesktopTargetPlatform
[2016.03.17-10.05.15:262][  0]LogTemp:Display: Loaded TP WindowsClientTargetPlatform
[2016.03.17-10.05.15:267][  0]LogTemp:Display: Loaded TP WindowsNoEditorTargetPlatform
[2016.03.17-10.05.15:272][  0]LogTemp:Display: Loaded TP WindowsServerTargetPlatform
[2016.03.17-10.05.15:276][  0]LogTemp:Display: Loaded TP WindowsTargetPlatform
[2016.03.17-10.05.15:279][  0]LogTemp:Display: Loaded TP AndroidTargetPlatform
[2016.03.17-10.05.15:281][  0]LogTemp:Display: Loaded TP Android_ASTCTargetPlatform
[2016.03.17-10.05.15:283][  0]LogTemp:Display: Loaded TP Android_ATCTargetPlatform
[2016.03.17-10.05.15:285][  0]LogTemp:Display: Loaded TP Android_DXTTargetPlatform
[2016.03.17-10.05.15:288][  0]LogTemp:Display: Loaded TP Android_ETC1TargetPlatform
[2016.03.17-10.05.15:290][  0]LogTemp:Display: Loaded TP Android_ETC2TargetPlatform
[2016.03.17-10.05.15:292][  0]LogTemp:Display: Loaded TP Android_PVRTCTargetPlatform
[2016.03.17-10.05.15:293][  0]LogTemp:Display: Loaded TP HTML5TargetPlatform
[2016.03.17-10.05.15:308][  0]LogTemp:Display: Loaded TP IOSTargetPlatform
[2016.03.17-10.05.15:310][  0]LogTemp:Display: Loaded TP LinuxNoEditorTargetPlatform
[2016.03.17-10.05.15:313][  0]LogTemp:Display: Loaded TP LinuxServerTargetPlatform
[2016.03.17-10.05.15:315][  0]LogTemp:Display: Loaded TP LinuxTargetPlatform
[2016.03.17-10.05.15:315][  0]LogTargetPlatformManager:Display: Building Assets For Windows
[2016.03.17-10.05.15:366][  0]LogDerivedDataCache:Display: Max Cache Size: 512 MB
[2016.03.17-10.05.15:409][  0]LogDerivedDataCache: Loaded boot cache 0.04s 41MB C:/Users/VR/AppData/Local/UnrealEngine/4.9/DerivedDataCache/Boot.ddc.
[2016.03.17-10.05.15:409][  0]LogDerivedDataCache:Display: Loaded Boot cache: C:/Users/VR/AppData/Local/UnrealEngine/4.9/DerivedDataCache/Boot.ddc
[2016.03.17-10.05.15:409][  0]LogDerivedDataCache: FDerivedDataBackendGraph:  Pak pak cache file ../../../../../../UnrealProjects/GE_Project/DerivedDataCache/DDC.ddp not found, will not use a pak cache.
[2016.03.17-10.05.15:409][  0]LogDerivedDataCache: Unable to find inner node Pak for hierarchical cache Hierarchy.
[2016.03.17-10.05.15:409][  0]LogDerivedDataCache: FDerivedDataBackendGraph:  CompressedPak pak cache file ../../../../../../UnrealProjects/GE_Project/DerivedDataCache/Compressed.ddp not found, will not use a pak cache.
[2016.03.17-10.05.15:409][  0]LogDerivedDataCache: Unable to find inner node CompressedPak for hierarchical cache Hierarchy.
[2016.03.17-10.05.15:542][  0]LogDerivedDataCache:Display: Pak cache opened for reading ../../../Engine/DerivedDataCache/Compressed.ddp.
[2016.03.17-10.05.15:554][  0]LogDerivedDataCache: Using Local data cache path C:/Users/VR/AppData/Local/UnrealEngine/Common/DerivedDataCache: Writable
[2016.03.17-10.05.15:714][  0]LogInit: Selected Device Profile: [Windows]
[2016.03.17-10.05.15:716][  0]LogContentStreaming: Texture pool size is 0.000000MB
[2016.03.17-10.05.15:802][  0]LogMeshUtilities: No automatic mesh reduction module available
[2016.03.17-10.05.15:802][  0]LogMeshUtilities: No automatic mesh merging module available
[2016.03.17-10.05.15:997][  0]LogInit: WinSock: version 1.1 (2.2), MaxSocks=32767, MaxUdp=65467
[2016.03.17-10.05.16:594][  0]UdpMessaging: Initializing bridge on interface 0.0.0.0:0 to multicast group 230.0.0.1:6666.
[2016.03.17-10.05.16:687][  0]LogAssetRegistry: FAssetRegistry took 0.0112 seconds to start up
[2016.03.17-10.05.16:811][  0]SourceControl: Info Source control is disabled
[2016.03.17-10.05.16:818][  0]SourceControl: Info Source control is disabled
[2016.03.17-10.05.16:826][  0]SourceControl: Info Source control is disabled
[2016.03.17-10.05.16:833][  0]SourceControl: Info Source control is disabled
[2016.03.17-10.05.16:922][  0]LogLinker:Warning: Asset '../../../Engine/Plugins/Runtime/LeapMotionController/Content/LM_PassthroughMaterial.uasset' has been saved with empty engine version. The asset will be loaded but may be incompatible.
[2016.03.17-10.05.16:989][  0]LeapPluginLog: Using LeapPlugin version 0.9.6
[2016.03.17-10.05.16:993][  0]LogObj: 29066 objects as part of root set at end of initial load.
[2016.03.17-10.05.16:993][  0]LogUObjectAllocator: 6193312 out of 0 bytes used by permanent object pool.
[2016.03.17-10.05.17:040][  0]LogEngine: Initializing Engine...
[2016.03.17-10.05.17:042][  0]LogHMD: Can't find Oculus library dev build: is proper Runtime installed? Version: 0.7.0.0
[2016.03.17-10.05.17:079][  0]LogHMD: SteamVR failed to initialize.  Err: 202
[2016.03.17-10.05.17:177][  0]LogAIModule: Creating AISystem for world NewWorld
[2016.03.17-10.05.17:188][  0]LogInit: XAudio2 using 'Speakers (Realtek High Definition Audio)' : 2 channels at 48 kHz using 32 bits per sample (channel mask 0x3)
[2016.03.17-10.05.17:196][  0]LogInit: FAudioDevice initialized.
[2016.03.17-10.05.17:218][  0]LogDerivedDataCache: Saved boot cache 0.02s 41MB C:/Users/VR/AppData/Local/UnrealEngine/4.9/DerivedDataCache/Boot.ddc.
[2016.03.17-10.05.17:222][  0]LogInit: Texture streaming: Enabled
[2016.03.17-10.05.17:224][  0]LogAnalytics: Creating configured Analytics provider AnalyticsET
[2016.03.17-10.05.17:225][  0]LogAnalytics: [UEEditor.Rocket.Release] APIServer = http://et2.epicgames.com/ET2/. AppVersion = 4.9.2-2707645+++depot+UE4-Releases+4.9
[2016.03.17-10.05.17:225][  0]LogAnalytics: [UEEditor.Rocket.Release] SetUserId 8c1436b7469470d4e6ebefb46ce7086e|0318ce7eb266467aa7a1e63543527494|c39e7128-8a93-45bc-b94e-b28d0faf1958
[2016.03.17-10.05.17:225][  0]LogAnalytics: [UEEditor.Rocket.Release] AnalyticsET::StartSession
[2016.03.17-10.05.17:233][  0]LogWindowsTextInputMethodSystem:Display: IME system now deactivated.
[2016.03.17-10.05.17:243][  0]LogInit: Transaction tracking system initialized
[2016.03.17-10.05.17:261][  0]BlueprintLog: New page: Editor Load
[2016.03.17-10.05.17:310][  0]LocalizationService: Info Localization service is disabled
[2016.03.17-10.05.17:350][  0]LogLinker:Warning: Can't find file '/Game/FirstPersonBP/FirstPersonOverview'
[2016.03.17-10.05.17:350][  0]LogLinker:Warning: Can't find file '/Game/FirstPersonBP/FirstPersonOverview'
[2016.03.17-10.05.17:350][  0]LogUObjectGlobals:Warning: Failed to find object 'Class /Game/FirstPersonBP/FirstPersonOverview.FirstPersonOverview_C'
[2016.03.17-10.05.17:360][  0]LogConsoleResponse:Display: 
[2016.03.17-10.05.17:459][  0]LogCook:Display: Done creating registry. It took  0.00s.
[2016.03.17-10.05.17:494][  0]LogFileCache: Scanning file cache for directory 'D:/UnrealProjects/GE_Project/Content/' took 0.01s
[2016.03.17-10.05.17:494][  0]SourceControl: Info Source control is disabled
[2016.03.17-10.05.17:494][  0]Cmd: MAP LOAD FILE="../../../../../../UnrealProjects/GE_Project/Content/StarterContent/Maps/Minimal_Default.umap" TEMPLATE=0 SHOWPROGRESS=1 FEATURELEVEL=3
[2016.03.17-10.05.17:495][  0]LightingResults: New page: Lighting Build
[2016.03.17-10.05.17:497][  0]MapCheck: New page: Map Check
[2016.03.17-10.05.17:497][  0]LightingResults: New page: Lighting Build
[2016.03.17-10.05.17:509][  0]LogParticles: Destroying 0 GPU particle simulations for FXSystem 0x0000004A4BB9BCE0
[2016.03.17-10.05.17:835][  0]LogAIModule: Creating AISystem for world Minimal_Default
[2016.03.17-10.05.17:840][  0]LogEditorServer: Finished looking for orphan Actors (0.000 secs)
[2016.03.17-10.05.17:840][  0]Cmd: MAP CHECKDEP NOCLEARLOG
[2016.03.17-10.05.17:880][  0]MapCheck: Info Map check complete: 0 Error(s), 0 Warning(s), took 39.459ms to complete.
[2016.03.17-10.05.17:880][  0]LogFileHelpers: Loading map 'Minimal_Default' took 0.386
[2016.03.17-10.05.17:962][  0]LogCollectionManager: Loaded 0 collections in 0.000925 seconds
[2016.03.17-10.05.18:007][  0]LogFileCache: Scanning file cache for directory 'D:/UnrealProjects/GE_Project/Saved/Collections/' took 0.01s
[2016.03.17-10.05.18:007][  0]LogFileCache: Scanning file cache for directory 'D:/UnrealProjects/GE_Project/Content/Developers/VR/Collections/' took 0.01s
[2016.03.17-10.05.18:007][  0]LogFileCache: Scanning file cache for directory 'D:/UnrealProjects/GE_Project/Content/Collections/' took 0.01s
[2016.03.17-10.05.18:007][  0]LogContentBrowser: Native class hierarchy populated in 0.0110 seconds. Added 1901 classes and 339 folders.
[2016.03.17-10.05.18:012][  0]LogCollectionManager: Rebuilt the GUID cache for 0 collections in 0.000003 seconds
[2016.03.17-10.05.18:016][  0]LogContentBrowser: Native class hierarchy updated for 'WidgetCarousel' in 0.0008 seconds. Added 0 classes and 0 folders.
[2016.03.17-10.05.18:055][  0]LogContentBrowser: Native class hierarchy updated for 'AddContentDialog' in 0.0009 seconds. Added 0 classes and 0 folders.
[2016.03.17-10.05.18:058][  0]LogContentBrowser: Native class hierarchy updated for 'SceneOutliner' in 0.0008 seconds. Added 1 classes and 2 folders.
[2016.03.17-10.05.18:099][  0]LogCrashTracker: Crashtracker disabled due to settings.
[2016.03.17-10.05.18:108][  0]LogUObjectGlobals:Warning: Failed to find object 'Class None.'
[2016.03.17-10.05.18:130][  0]LogLoad: Full Startup: 4.89 seconds (BP compile: 0.03 seconds)
[2016.03.17-10.05.18:199][  0]LogContentStreaming: Texture pool size now 1000 MB
[2016.03.17-10.05.18:297][  0]LogRenderer: Reallocating scene render targets to support 1216x576 (Frame:2).
[2016.03.17-10.05.18:472][  3]LogAssetRegistry: Asset discovery search completed in 1.7971 seconds
[2016.03.17-10.05.18:472][  3]LogCollectionManager: Rebuilt the object cache for 0 collections in 0.000001 seconds (found 0 objects)
[2016.03.17-10.05.18:472][  3]LogCollectionManager: Fixed up redirectors for 0 collections in 0.000018 seconds (updated 0 objects)
[2016.03.17-10.05.23:359][540]LogFileCache: Retrieving MD5 hashes for directory 'D:/UnrealProjects/GE_Project/Content/' took 5.21s
[2016.03.17-10.05.24:385][652]LogBlueprint:Warning: [compiler Ue4ASP_Character] Warning Input Axis Event references unknown Axis 'LookUp' for  InputAxis LookUp 
[2016.03.17-10.05.24:386][652]LogBlueprint:Warning: [compiler Ue4ASP_Character] Warning Input Axis Event references unknown Axis 'Turn' for  InputAxis Turn 
[2016.03.17-10.05.24:386][652]LogBlueprint:Warning: [compiler Ue4ASP_Character] Warning Input Axis Event references unknown Axis 'MoveRight' for  InputAxis MoveRight 
[2016.03.17-10.05.24:386][652]LogBlueprint:Warning: [compiler Ue4ASP_Character] Warning Input Axis Event references unknown Axis 'MoveForward' for  InputAxis MoveForward 
[2016.03.17-10.05.24:388][652]LogBlueprint:Warning: [compiler Ue4ASP_Character] Warning [0011.14] Compile of Ue4ASP_Character successful, but with 4 Warning(s) [in 6 ms]
[2016.03.17-10.05.24:388][652]LogBlueprint:Warning: [compiler Ue4ASP_Character] Warning [0011.15] Compile of Ue4ASP_Character successful, but with 5 Warning(s) [in 0 ms]
[2016.03.17-10.05.24:388][652]LogBlueprint:Warning: [compiler Ue4ASP_Character] Warning [0011.15] Compile of Ue4ASP_Character successful, but with 6 Warning(s) [in 0 ms]
[2016.03.17-10.05.24:441][652]LogBlueprint:Warning: [compiler Ue4ASP_Character] Warning Input Axis Event references unknown Axis 'LookUp' for  InputAxis LookUp 
[2016.03.17-10.05.24:441][652]LogBlueprint:Warning: [compiler Ue4ASP_Character] Warning Input Axis Event references unknown Axis 'Turn' for  InputAxis Turn 
[2016.03.17-10.05.24:441][652]LogBlueprint:Warning: [compiler Ue4ASP_Character] Warning Input Axis Event references unknown Axis 'MoveRight' for  InputAxis MoveRight 
[2016.03.17-10.05.24:441][652]LogBlueprint:Warning: [compiler Ue4ASP_Character] Warning Input Axis Event references unknown Axis 'MoveForward' for  InputAxis MoveForward 
[2016.03.17-10.05.24:443][652]LogBlueprint:Warning: [compiler Ue4ASP_Character] Warning [0011.20] Compile of Ue4ASP_Character successful, but with 4 Warning(s) [in 5 ms]
[2016.03.17-10.05.24:443][652]LogBlueprint:Warning: [compiler Ue4ASP_Character] Warning [0011.20] Compile of Ue4ASP_Character successful, but with 5 Warning(s) [in 0 ms]
[2016.03.17-10.05.24:444][652]LogBlueprint:Warning: [compiler Ue4ASP_Character] Warning [0011.20] Compile of Ue4ASP_Character successful, but with 6 Warning(s) [in 0 ms]
[2016.03.17-10.05.24:910][652]LogAIModule: Creating AISystem for world MyFirstLevel
[2016.03.17-10.05.24:917][652]LogParticles:Warning: InitializeSystem called on an unregistered component. Template=/Game/Snow.Snow Component=/Game/MyFirstLevel.MyFirstLevel:PersistentLevel.Snow_2.ParticleSystemComponent0
[2016.03.17-10.05.24:917][652]LogParticles:Warning: InitializeSystem called on an unregistered component. Template=/Game/StarterContent/Particles/P_Fire.P_Fire Component=/Game/MyFirstLevel.MyFirstLevel:PersistentLevel.P_Fire_2.ParticleSystemComponent0
[2016.03.17-10.05.24:958][652]Cmd: MAP LOAD FILE="../../../../../../UnrealProjects/GE_Project/Content/MyFirstLevel.umap" TEMPLATE=0 SHOWPROGRESS=1 FEATURELEVEL=3
[2016.03.17-10.05.24:958][652]LightingResults: New page: Lighting Build
[2016.03.17-10.05.24:973][652]LoadErrors: New page: Loading map: MyFirstLevel.umap
[2016.03.17-10.05.24:973][652]MapCheck: New page: Map Check
[2016.03.17-10.05.24:973][652]LightingResults: New page: Lighting Build
[2016.03.17-10.05.24:986][652]LogParticles: Destroying 0 GPU particle simulations for FXSystem 0x0000004A389BF2E0
[2016.03.17-10.05.25:146][652]LogEditorServer: Finished looking for orphan Actors (0.000 secs)
[2016.03.17-10.05.25:201][652]Cmd: MAP CHECKDEP NOCLEARLOG
[2016.03.17-10.05.25:249][652]MapCheck: Info Map check complete: 0 Error(s), 0 Warning(s), took 47.8ms to complete.
[2016.03.17-10.05.25:249][652]LogFileHelpers: Loading map 'MyFirstLevel' took 0.291
[2016.03.17-10.05.25:273][653]Cmd: UpdateLandscapeEditorData -warnings
[2016.03.17-10.05.25:278][653]Cmd: UpdateLandscapeEditorData
[2016.03.17-10.05.30:150][218]LogVSAccessor:Warning: Couldn't access Visual Studio
[2016.03.17-10.05.30:153][218]Recompiling TheBeginning...
[2016.03.17-10.05.30:153][218]Launching UnrealBuildTool... [D:/Programme/Epic Games/4.9/Engine/Binaries/DotNET/UnrealBuildTool.exe TheBeginning -ModuleWithSuffix TheBeginning 44 Win64 Development -editorrecompile -canskiplink "D:/UnrealProjects/GE_Project/TheBeginning.uproject" -rocket  -rocket]
[2016.03.17-10.05.30:154][218]Warning: Starting HotReload took  0.0s.
[2016.03.17-10.05.51:501][277]CompilerResultsLog: New page: Compilation - Mar 17, 2016, 12:05:51 PM
[2016.03.17-10.05.51:501][277]CompilerResultsLog: Info Creating makefile for hot reloading TheBeginning (.uproject file is newer)
[2016.03.17-10.05.51:501][277]CompilerResultsLog: Info Compiling game modules for hot reload
[2016.03.17-10.05.51:501][277]CompilerResultsLog: Info Target is up to date.
[2016.03.17-10.05.51:501][277]LogMainFrame: MainFrame: Module compiling took 21.351 seconds
[2016.03.17-10.05.54:268][295]LogBlueprintUserMessages: Early PlayInEditor Detection: Level '/Game/MyFirstLevel.MyFirstLevel:PersistentLevel' has LevelScriptBlueprint '/Game/MyFirstLevel.MyFirstLevel:PersistentLevel.MyFirstLevel' with GeneratedClass '/Game/MyFirstLevel.MyFirstLevel_C' with ClassGeneratedBy '/Game/MyFirstLevel.MyFirstLevel:PersistentLevel.MyFirstLevel'
[2016.03.17-10.05.54:268][295]LogPlayLevel: PlayLevel: No blueprints needed recompiling
[2016.03.17-10.05.54:268][295]PIE: New page: PIE session: MyFirstLevel (Mar 17, 2016, 12:05:54 PM)
[2016.03.17-10.05.54:268][295]LogPlayLevel: Creating play world package: /Game/UEDPIE_0_MyFirstLevel
[2016.03.17-10.05.54:306][295]LogPlayLevel: PIE: StaticDuplicateObject took: (0.038286s)
[2016.03.17-10.05.54:307][295]LogAIModule: Creating AISystem for world MyFirstLevel
[2016.03.17-10.05.54:307][295]LogPlayLevel: PIE: World Init took: (0.000543s)
[2016.03.17-10.05.54:307][295]LogPlayLevel: PIE: Created PIE world by copying editor world from /Game/MyFirstLevel.MyFirstLevel to /Game/UEDPIE_0_MyFirstLevel.MyFirstLevel (0.039073s)
[2016.03.17-10.05.54:307][295]LogActorComponent: UnregisterComponent: (/Engine/Transient.CharMoveComp) Not registered. Aborting.
[2016.03.17-10.05.54:327][295]LogInit: XAudio2 using 'Speakers (Realtek High Definition Audio)' : 2 channels at 48 kHz using 32 bits per sample (channel mask 0x3)
[2016.03.17-10.05.54:333][295]LogInit: FAudioDevice initialized.
[2016.03.17-10.05.54:460][295]LogBlueprint:Warning: [BP_Avatar] CreatePinForVariable: 'KinectInterface' variable not found. Base class was probably changed.
[2016.03.17-10.05.54:460][295]LogBlueprint:Warning: [BP_Avatar] CreatePinForVariable: 'KinectInterface' variable not found. Base class was probably changed.
[2016.03.17-10.05.54:460][295]LogBlueprint:Warning: [BP_Avatar] CreatePinForVariable: 'KinectInterface' variable not found. Base class was probably changed.
[2016.03.17-10.05.54:460][295]LogBlueprint:Warning: [BP_Avatar] CreatePinForVariable: 'KinectInterface' variable not found. Base class was probably changed.
[2016.03.17-10.05.54:460][295]LogBlueprint:Warning: [BP_Avatar] CreatePinForVariable: 'KinectInterface' variable not found. Base class was probably changed.
[2016.03.17-10.05.54:461][295]LogBlueprint:Warning: [BP_Avatar] CreatePinForVariable: 'KinectInterface' variable not found. Base class was probably changed.
[2016.03.17-10.05.54:461][295]LogBlueprint:Warning: [BP_Avatar] CreatePinForVariable: 'KinectInterface' variable not found. Base class was probably changed.
[2016.03.17-10.05.54:467][295]LogBlueprint:Error: [compiler BP_Avatar] Error Could not find a function named "GetHandStateAsExecution" in 'BP_Avatar'.
Make sure 'BP_Avatar' has been compiled for  Get Hand State as Execution 
[2016.03.17-10.05.54:468][295]LogBlueprint:Warning: [compiler BP_Avatar] Warning Could not find a variable named "KinectInterface" in 'BP_Avatar_C'.
Make sure 'BP_Avatar_C' has been compiled for  Get KinectInterface 
[2016.03.17-10.05.54:468][295]LogBlueprint:Warning: [compiler BP_Avatar] Warning Could not find a variable named "KinectInterface" in 'BP_Avatar_C'.
Make sure 'BP_Avatar_C' has been compiled for  Get KinectInterface 
[2016.03.17-10.05.54:468][295]LogBlueprint:Error: [compiler BP_Avatar] Error Could not find a function named "GetDistanceBetweenJoints" in 'BP_Avatar'.
Make sure 'BP_Avatar' has been compiled for  Get Distance Between Joints 
[2016.03.17-10.05.54:468][295]LogBlueprint:Warning: [compiler BP_Avatar] Warning Could not find a variable named "KinectInterface" in 'BP_Avatar_C'.
Make sure 'BP_Avatar_C' has been compiled for  Get KinectInterface 
[2016.03.17-10.05.54:468][295]LogBlueprint:Error: [compiler BP_Avatar] Error Could not find a function named "GetDistanceBetweenJoints" in 'BP_Avatar'.
Make sure 'BP_Avatar' has been compiled for  Get Distance Between Joints 
[2016.03.17-10.05.54:468][295]LogBlueprint:Warning: [compiler BP_Avatar] Warning Could not find a variable named "KinectInterface" in 'BP_Avatar_C'.
Make sure 'BP_Avatar_C' has been compiled for  Get KinectInterface 
[2016.03.17-10.05.54:468][295]LogBlueprint:Error: [compiler BP_Avatar] Error Could not find a function named "GetCenteredBody" in 'BP_Avatar'.
Make sure 'BP_Avatar' has been compiled for  Get Centered Body 
[2016.03.17-10.05.54:468][295]LogBlueprint:Warning: [compiler BP_Avatar] Warning Could not find a variable named "KinectInterface" in 'BP_Avatar_C'.
Make sure 'BP_Avatar_C' has been compiled for  Get KinectInterface 
[2016.03.17-10.05.54:468][295]LogBlueprint:Error: [compiler BP_Avatar] Error Could not find a function named "GetHandStateAsExecution" in 'BP_Avatar'.
Make sure 'BP_Avatar' has been compiled for  Get Hand State as Execution 
[2016.03.17-10.05.54:468][295]LogBlueprint:Warning: [compiler BP_Avatar] Warning Could not find a variable named "KinectInterface" in 'BP_Avatar_C'.
Make sure 'BP_Avatar_C' has been compiled for  Get KinectInterface 
[2016.03.17-10.05.54:468][295]LogBlueprint:Error: [compiler BP_Avatar] Error Could not find a function named "GetHandStateAsExecution" in 'BP_Avatar'.
Make sure 'BP_Avatar' has been compiled for  Get Hand State as Execution 
[2016.03.17-10.05.54:469][295]LogBlueprint:Warning: [compiler BP_Avatar] Warning Could not find a variable named "KinectInterface" in 'BP_Avatar_C'.
Make sure 'BP_Avatar_C' has been compiled for  Get KinectInterface 
[2016.03.17-10.05.54:469][295]LogBlueprint:Error: [compiler BP_Avatar] Error Could not find a function named "GetCenteredBody" in 'BP_Avatar'.
Make sure 'BP_Avatar' has been compiled for  Get Centered Body 
[2016.03.17-10.05.54:469][295]LogBlueprint:Error: [compiler BP_Avatar] Error The property associated with  Kinect Interface  could not be found
[2016.03.17-10.05.54:469][295]LogBlueprint:Error: [compiler BP_Avatar] Error The property associated with  Kinect Interface  could not be found
[2016.03.17-10.05.54:469][295]LogBlueprint:Error: [compiler BP_Avatar] Error The current value (AnkleRight) of the ' Start Joint ' pin is invalid: Expected a valid unsigned number for a byte property
[2016.03.17-10.05.54:469][295]LogBlueprint:Error: [compiler BP_Avatar] Error The current value (AnkleLeft) of the ' End Joint ' pin is invalid: Expected a valid unsigned number for a byte property
[2016.03.17-10.05.54:470][295]LogBlueprint:Error: [compiler BP_Avatar] Error The property associated with  Kinect Interface  could not be found
[2016.03.17-10.05.54:470][295]LogBlueprint:Error: [compiler BP_Avatar] Error The current value (Head) of the ' Start Joint ' pin is invalid: Expected a valid unsigned number for a byte property
[2016.03.17-10.05.54:470][295]LogBlueprint:Error: [compiler BP_Avatar] Error The current value (AnkleRight) of the ' End Joint ' pin is invalid: Expected a valid unsigned number for a byte property
[2016.03.17-10.05.54:470][295]LogBlueprint:Error: [compiler BP_Avatar] Error The property associated with  Kinect Interface  could not be found
[2016.03.17-10.05.54:470][295]LogBlueprint:Error: [compiler BP_Avatar] Error The current value (Right) of the ' Hand ' pin is invalid: Expected a valid unsigned number for a byte property
[2016.03.17-10.05.54:476][295]LogBlueprint:Warning: [compiler BP_Avatar] Warning [0041.23] Compile of BP_Avatar failed. 16 Fatal Issue(s) 7 Warning(s) [in 13 ms]
[2016.03.17-10.05.54:476][295]LogBlueprint:Warning: [compiler BP_Avatar] Warning [0041.23] Compile of BP_Avatar failed. 16 Fatal Issue(s) 8 Warning(s) [in 0 ms]
[2016.03.17-10.05.54:476][295]LogBlueprint:Warning: [compiler BP_Avatar] Warning [0041.23] Compile of BP_Avatar failed. 16 Fatal Issue(s) 9 Warning(s) [in 0 ms]
[2016.03.17-10.05.54:491][295]LogWorld: Game class is 'GamePadGameMode_C'
[2016.03.17-10.05.54:546][295]LogWorld: Bringing World /Game/UEDPIE_0_MyFirstLevel.MyFirstLevel up for play (max tick rate 0) at 2016.03.17-11.05.54
[2016.03.17-10.05.54:546][295]LogActor:Warning: GameSession /Game/UEDPIE_0_MyFirstLevel.MyFirstLevel:PersistentLevel.GameSession_0 has natively added scene component(s), but none of them were set as the actor's RootComponent - picking one arbitrarily
[2016.03.17-10.05.54:546][295]LogActor:Warning: GameNetworkManager /Game/UEDPIE_0_MyFirstLevel.MyFirstLevel:PersistentLevel.GameNetworkManager_0 has natively added scene component(s), but none of them were set as the actor's RootComponent - picking one arbitrarily
[2016.03.17-10.05.54:603][295]LogWorld: Bringing up level for play took: 0.109821
[2016.03.17-10.05.54:674][295]PIE: Info Play in editor start time for /Game/UEDPIE_0_MyFirstLevel -0.459
[2016.03.17-10.05.54:674][295]LogBlueprintUserMessages: Late PlayInEditor Detection: Level '/Game/MyFirstLevel.MyFirstLevel:PersistentLevel' has LevelScriptBlueprint '/Game/MyFirstLevel.MyFirstLevel:PersistentLevel.MyFirstLevel' with Gene