[2016.01.15-12.37.06:444][  0]Log file open, 01/15/16 13:37:06
[2016.01.15-12.37.06:444][  0]LogInit:Display: Running engine for game: TheBeginning
[2016.01.15-12.37.06:444][  0]LogInit:Display: RandInit(1473583253) SRandInit(1473583253).
[2016.01.15-12.37.06:444][  0]LogTaskGraph: Started task graph with 4 named threads and 5 total threads.
[2016.01.15-12.37.06:444][  0]LogStats: Stats thread started at 0.078100
[2016.01.15-12.37.06:444][  0]LogInit: Version: 4.9.2-2707645+++depot+UE4-Releases+4.9
[2016.01.15-12.37.06:444][  0]LogInit: API Version: 2672455
[2016.01.15-12.37.06:444][  0]LogInit: Compiled (64-bit): Sep 28 2015 10:25:44
[2016.01.15-12.37.06:444][  0]LogInit: Compiled with Visual C++: 18.00.21005.01
[2016.01.15-12.37.06:444][  0]LogInit: Build Configuration: Development
[2016.01.15-12.37.06:444][  0]LogInit: Branch Name: ++depot+UE4-Releases+4.9
[2016.01.15-12.37.06:444][  0]LogInit: Command line:  
[2016.01.15-12.37.06:444][  0]LogInit: Base directory: C:/Program Files/Epic Games/4.9/Engine/Binaries/Win64/
[2016.01.15-12.37.06:444][  0]LogInit: Rocket: 1
[2016.01.15-12.37.06:461][  0]LogInit: Using libcurl 7.41.0
[2016.01.15-12.37.06:461][  0]LogInit:  - built for x86_64-pc-win32
[2016.01.15-12.37.06:461][  0]LogInit:  - supports SSL with WinSSL
[2016.01.15-12.37.06:461][  0]LogInit:  - other features:
[2016.01.15-12.37.06:461][  0]LogInit:      CURL_VERSION_SSL
[2016.01.15-12.37.06:461][  0]LogInit:      CURL_VERSION_IPV6
[2016.01.15-12.37.06:461][  0]LogInit:      CURL_VERSION_ASYNCHDNS
[2016.01.15-12.37.06:461][  0]LogInit:      CURL_VERSION_LARGEFILE
[2016.01.15-12.37.06:461][  0]LogInit:      CURL_VERSION_IDN
[2016.01.15-12.37.06:461][  0]LogInit:  CurlRequestOptions (configurable via config and command line):
[2016.01.15-12.37.06:461][  0]LogInit:  - bVerifyPeer = true  - Libcurl will verify peer certificate
[2016.01.15-12.37.06:461][  0]LogInit:  - bUseHttpProxy = false  - Libcurl will NOT use HTTP proxy
[2016.01.15-12.37.06:461][  0]LogInit:  - bDontReuseConnections = false  - Libcurl will reuse connections
[2016.01.15-12.37.06:461][  0]LogInit:  - CertBundlePath = nullptr  - Libcurl will use whatever was configured at build time.
[2016.01.15-12.37.06:477][  0]LogInit: Presizing for 0 objects not considered by GC, pre-allocating 0 bytes.
[2016.01.15-12.37.06:493][  0]LogInit: Object subsystem initialized
[2016.01.15-12.37.06:495][  0]LogInit: Selected Device Profile: [Windows]
[2016.01.15-12.37.06:495][  0]LogInit: Applying CVar settings loaded from the selected device profile: [Windows]
[2016.01.15-12.37.06:508][  0]LogInit: Computer: EIBLDANI-PC
[2016.01.15-12.37.06:508][  0]LogInit: User: EiblDani
[2016.01.15-12.37.06:508][  0]LogInit: CPU Page size=4096, Cores=2
[2016.01.15-12.37.06:508][  0]LogInit: High frequency timer resolution =2.241054 MHz
[2016.01.15-12.37.06:508][  0]LogMemory: Memory total: Physical=7.9GB (8GB approx)
[2016.01.15-12.37.06:508][  0]LogMemory: Platform Memory Stats for Windows
[2016.01.15-12.37.06:508][  0]LogMemory: Process Physical Memory: 53.61 MB used, 53.61 MB peak
[2016.01.15-12.37.06:508][  0]LogMemory: Process Virtual Memory: 58.19 MB used, 58.19 MB peak
[2016.01.15-12.37.06:508][  0]LogMemory: Physical Memory: 4227.63 MB used, 8086.48 MB total
[2016.01.15-12.37.06:508][  0]LogMemory: Virtual Memory: 339.91 MB used, 8388608.00 MB total
[2016.01.15-12.37.06:591][  0]LogTextLocalizationManager: No translations for ('de-DE') exist, falling back to 'en' for localization and internationalization data.
[2016.01.15-12.37.07:930][  0]LogD3D11RHI: Found D3D11 adapter 0: Intel(R) HD Graphics Family (Feature Level 10_0)
[2016.01.15-12.37.07:930][  0]LogD3D11RHI: Adapter has 64MB of dedicated video memory, 0MB of dedicated system memory, and 1632MB of shared system memory, 1 output[s]
[2016.01.15-12.37.07:930][  0]LogD3D11RHI: Chosen D3D11 Adapter Id = 0
[2016.01.15-12.37.07:937][  0]LogD3D11RHI: !Direct3DDevice
[2016.01.15-12.37.07:937][  0]LogRHI: Texture pool is 616 MB (70% of 880 MB)
[2016.01.15-12.37.07:967][  0]LogD3D11RHI: Async texture creation enabled
[2016.01.15-12.37.07:981][  0]LogShaderCompilers: Guid format shader working directory is 15 characters bigger than the processId version (../../../../../../Users/Eibl Dani/GE_Project/GE_project/Intermediate/Shaders/WorkingDirectory/6432/).
[2016.01.15-12.37.07:982][  0]LogShaderCompilers: Cleaned the shader compiler working directory '../../../../../../Users/Eibl Dani/GE_Project/GE_project/Intermediate/Shaders/tmp/7F9204B147C58A3BC4457086E4F1963A/'.
[2016.01.15-12.37.07:982][  0]LogShaderCompilers:Display: Using Local Shader Compiler.
[2016.01.15-12.37.14:683][  0]LogTemp:Display: Loaded TP AllDesktopTargetPlatform
[2016.01.15-12.37.14:701][  0]LogTemp:Display: Loaded TP WindowsClientTargetPlatform
[2016.01.15-12.37.14:710][  0]LogTemp:Display: Loaded TP WindowsNoEditorTargetPlatform
[2016.01.15-12.37.14:719][  0]LogTemp:Display: Loaded TP WindowsServerTargetPlatform
[2016.01.15-12.37.14:727][  0]LogTemp:Display: Loaded TP WindowsTargetPlatform
[2016.01.15-12.37.14:735][  0]LogTemp:Display: Loaded TP AndroidTargetPlatform
[2016.01.15-12.37.14:742][  0]LogTemp:Display: Loaded TP Android_ASTCTargetPlatform
[2016.01.15-12.37.14:748][  0]LogTemp:Display: Loaded TP Android_ATCTargetPlatform
[2016.01.15-12.37.14:753][  0]LogTemp:Display: Loaded TP Android_DXTTargetPlatform
[2016.01.15-12.37.14:759][  0]LogTemp:Display: Loaded TP Android_ETC1TargetPlatform
[2016.01.15-12.37.14:765][  0]LogTemp:Display: Loaded TP Android_ETC2TargetPlatform
[2016.01.15-12.37.14:772][  0]LogTemp:Display: Loaded TP Android_PVRTCTargetPlatform
[2016.01.15-12.37.14:773][  0]LogTemp:Display: Loaded TP HTML5TargetPlatform
[2016.01.15-12.37.14:956][  0]LogTemp:Display: Loaded TP IOSTargetPlatform
[2016.01.15-12.37.14:970][  0]LogTemp:Display: Loaded TP LinuxNoEditorTargetPlatform
[2016.01.15-12.37.14:988][  0]LogTemp:Display: Loaded TP LinuxServerTargetPlatform
[2016.01.15-12.37.15:013][  0]LogTemp:Display: Loaded TP LinuxTargetPlatform
[2016.01.15-12.37.15:013][  0]LogTargetPlatformManager:Display: Building Assets For Windows
[2016.01.15-12.37.15:427][  0]LogDerivedDataCache:Display: Max Cache Size: 512 MB
[2016.01.15-12.37.15:523][  0]LogDerivedDataCache: Loaded boot cache 0.10s 36MB C:/Users/Eibl Dani/AppData/Local/UnrealEngine/4.9/DerivedDataCache/Boot.ddc.
[2016.01.15-12.37.15:524][  0]LogDerivedDataCache:Display: Loaded Boot cache: C:/Users/Eibl Dani/AppData/Local/UnrealEngine/4.9/DerivedDataCache/Boot.ddc
[2016.01.15-12.37.15:524][  0]LogDerivedDataCache: FDerivedDataBackendGraph:  Pak pak cache file ../../../../../../Users/Eibl Dani/GE_Project/GE_project/DerivedDataCache/DDC.ddp not found, will not use a pak cache.
[2016.01.15-12.37.15:524][  0]LogDerivedDataCache: Unable to find inner node Pak for hierarchical cache Hierarchy.
[2016.01.15-12.37.15:524][  0]LogDerivedDataCache: FDerivedDataBackendGraph:  CompressedPak pak cache file ../../../../../../Users/Eibl Dani/GE_Project/GE_project/DerivedDataCache/Compressed.ddp not found, will not use a pak cache.
[2016.01.15-12.37.15:524][  0]LogDerivedDataCache: Unable to find inner node CompressedPak for hierarchical cache Hierarchy.
[2016.01.15-12.37.15:768][  0]LogDerivedDataCache:Display: Pak cache opened for reading ../../../Engine/DerivedDataCache/Compressed.ddp.
[2016.01.15-12.37.15:782][  0]LogDerivedDataCache: Using Local data cache path C:/Users/Eibl Dani/AppData/Local/UnrealEngine/Common/DerivedDataCache: Writable
[2016.01.15-12.37.23:318][  0]LogInit: Selected Device Profile: [Windows]
[2016.01.15-12.37.23:319][  0]LogContentStreaming: Texture pool size is 0.000000MB
[2016.01.15-12.37.23:363][  0]LogMeshUtilities: No automatic mesh reduction module available
[2016.01.15-12.37.23:363][  0]LogMeshUtilities: No automatic mesh merging module available
[2016.01.15-12.37.24:108][  0]LogInit: WinSock: version 1.1 (2.2), MaxSocks=32767, MaxUdp=65467
[2016.01.15-12.37.56:975][  0]UdpMessaging: Initializing bridge on interface 0.0.0.0:0 to multicast group 230.0.0.1:6666.
[2016.01.15-12.37.57:514][  0]LogAssetRegistry: FAssetRegistry took 0.0104 seconds to start up
[2016.01.15-12.37.57:811][  0]SourceControl: Info Source control is disabled
[2016.01.15-12.37.57:812][  0]SourceControl: Info Source control is disabled
[2016.01.15-12.37.57:830][  0]SourceControl: Info Source control is disabled
[2016.01.15-12.37.57:849][  0]SourceControl: Info Source control is disabled
[2016.01.15-12.37.58:626][  0]LogLinker:Warning: Asset '../../../Engine/Plugins/Runtime/LeapMotionController/Content/LM_PassthroughMaterial.uasset' has been saved with empty engine version. The asset will be loaded but may be incompatible.
[2016.01.15-12.37.58:800][  0]LeapPluginLog: Using LeapPlugin version 0.9.6
[2016.01.15-12.37.58:806][  0]LogObj: 29039 objects as part of root set at end of initial load.
[2016.01.15-12.37.58:806][  0]LogUObjectAllocator: 6182888 out of 0 bytes used by permanent object pool.
[2016.01.15-12.37.58:896][  0]LogEngine: Initializing Engine...
[2016.01.15-12.37.58:899][  0]LogHMD: Can't find Oculus library dev build: is proper Runtime installed? Version: 0.7.0.0
[2016.01.15-12.37.58:899][  0]LogHMD: SteamVR failed to initialize.  Err: 110
[2016.01.15-12.37.59:099][  0]LogAIModule: Creating AISystem for world NewWorld
[2016.01.15-12.37.59:111][  0]LogInit: XAudio2 using 'Speakers (Realtek High Definition Audio)' : 2 channels at 48 kHz using 32 bits per sample (channel mask 0x3)
[2016.01.15-12.37.59:159][  0]LogInit: FAudioDevice initialized.
[2016.01.15-12.37.59:194][  0]LogDerivedDataCache: Saved boot cache 0.03s 36MB C:/Users/Eibl Dani/AppData/Local/UnrealEngine/4.9/DerivedDataCache/Boot.ddc.
[2016.01.15-12.37.59:202][  0]LogInit: Texture streaming: Enabled
[2016.01.15-12.37.59:216][  0]LogAnalytics: Creating configured Analytics provider AnalyticsET
[2016.01.15-12.37.59:216][  0]LogAnalytics: [UEEditor.Rocket.Release] APIServer = http://et2.epicgames.com/ET2/. AppVersion = 4.9.2-2707645+++depot+UE4-Releases+4.9
[2016.01.15-12.37.59:216][  0]LogAnalytics: [UEEditor.Rocket.Release] SetUserId 4d96d88841fb6852951d54b4bc47f931|9481cf86690e463c9671b4553a8caf12|0f86c71f-246d-4fde-a968-207588436514
[2016.01.15-12.37.59:216][  0]LogAnalytics: [UEEditor.Rocket.Release] AnalyticsET::StartSession
[2016.01.15-12.37.59:302][  0]LogInit: Transaction tracking system initialized
[2016.01.15-12.37.59:346][  0]BlueprintLog: New page: Editor Load
[2016.01.15-12.37.59:491][  0]LocalizationService: Info Localization service is disabled
[2016.01.15-12.37.59:607][  0]LogLinker:Warning: Can't find file '/Game/ThirdPersonBP/ThirdPersonOverview'
[2016.01.15-12.37.59:607][  0]LogLinker:Warning: Can't find file '/Game/ThirdPersonBP/ThirdPersonOverview'
[2016.01.15-12.37.59:607][  0]LogUObjectGlobals:Warning: Failed to find object 'Class /Game/ThirdPersonBP/ThirdPersonOverview.ThirdPersonOverview_C'
[2016.01.15-12.37.59:962][  0]LogConsoleResponse:Display: 
[2016.01.15-12.38.00:135][  0]LogCook:Display: Done creating registry. It took  0.00s.
[2016.01.15-12.38.01:675][  0]LogFileCache: Scanning file cache for directory 'C:/Users/Eibl Dani/GE_Project/GE_project/Content/' took 0.02s
[2016.01.15-12.38.01:684][  0]SourceControl: Info Source control is disabled
[2016.01.15-12.38.01:684][  0]Cmd: MAP LOAD FILE="../../../../../../Users/Eibl Dani/GE_Project/GE_project/Content/StarterContent/Maps/Minimal_Default.umap" TEMPLATE=0 SHOWPROGRESS=1 FEATURELEVEL=2
[2016.01.15-12.38.01:685][  0]LightingResults: New page: Lighting Build
[2016.01.15-12.38.01:689][  0]MapCheck: New page: Map Check
[2016.01.15-12.38.01:690][  0]LightingResults: New page: Lighting Build
[2016.01.15-12.38.01:726][  0]LogParticles: Destroying 0 GPU particle simulations for FXSystem 0x00000000245A36A0
[2016.01.15-12.38.02:287][  0]LogMaterial: Missing cached shader map for material M_StatueGlass, compiling. 
[2016.01.15-12.38.02:778][  0]LogAIModule: Creating AISystem for world Minimal_Default
[2016.01.15-12.38.02:791][  0]LogEditorServer: Finished looking for orphan Actors (0.000 secs)
[2016.01.15-12.38.02:792][  0]Cmd: MAP CHECKDEP NOCLEARLOG
[2016.01.15-12.38.02:943][  0]MapCheck: Info Map check complete: 0 Error(s), 0 Warning(s), took 150.419ms to complete.
[2016.01.15-12.38.02:943][  0]LogFileHelpers: Loading map 'Minimal_Default' took 1.259
[2016.01.15-12.38.03:598][  0]LogCollectionManager: Loaded 0 collections in 0.005089 seconds
[2016.01.15-12.38.03:664][  0]LogFileCache: Scanning file cache for directory 'C:/Users/Eibl Dani/GE_Project/GE_project/Saved/Collections/' took 0.01s
[2016.01.15-12.38.03:664][  0]LogFileCache: Scanning file cache for directory 'C:/Users/Eibl Dani/GE_Project/GE_project/Content/Developers/EiblDani/Collections/' took 0.01s
[2016.01.15-12.38.03:664][  0]LogContentBrowser: Native class hierarchy populated in 0.0204 seconds. Added 1899 classes and 339 folders.
[2016.01.15-12.38.03:717][  0]LogFileCache: Scanning file cache for directory 'C:/Users/Eibl Dani/GE_Project/GE_project/Content/Collections/' took 0.05s
[2016.01.15-12.38.03:717][  0]LogCollectionManager: Rebuilt the GUID cache for 0 collections in 0.000004 seconds
[2016.01.15-12.38.03:736][  0]LogContentBrowser: Native class hierarchy updated for 'WidgetCarousel' in 0.0025 seconds. Added 0 classes and 0 folders.
[2016.01.15-12.38.06:042][  0]LogContentBrowser: Native class hierarchy updated for 'AddContentDialog' in 0.0026 seconds. Added 0 classes and 0 folders.
[2016.01.15-12.38.06:052][  0]LogContentBrowser: Native class hierarchy updated for 'SceneOutliner' in 0.0024 seconds. Added 1 classes and 2 folders.
[2016.01.15-12.38.06:108][  0]LogCrashTracker: Crashtracker disabled due to settings.
[2016.01.15-12.38.06:114][  0]LogUObjectGlobals:Warning: Failed to find object 'Class None.'
[2016.01.15-12.38.06:172][  0]LogLoad: Full Startup: 61.33 seconds (BP compile: 0.13 seconds)
[2016.01.15-12.38.06:656][  0]LogContentStreaming: Texture pool size now 200 MB
[2016.01.15-12.38.06:920][  0]LogRenderer: Reallocating scene render targets to support 788x372 (Frame:2).
[2016.01.15-12.38.09:833][  7]LogAssetRegistry: Asset discovery search completed in 12.3302 seconds
[2016.01.15-12.38.09:834][  7]LogCollectionManager: Rebuilt the object cache for 0 collections in 0.000001 seconds (found 0 objects)
[2016.01.15-12.38.09:834][  7]LogCollectionManager: Fixed up redirectors for 0 collections in 0.000104 seconds (updated 0 objects)
[2016.01.15-12.38.16:726][ 22]LogShaderCompilers:Warning: Failed to compile Material /Game/StarterContent/Props/Materials/M_StatueGlass.M_StatueGlass for platform PCD3D_SM4, Default Material will be used in game.
[2016.01.15-12.38.27:060][222]Cmd: MAP LOAD FILE="../../../../../../Users/Eibl Dani/GE_Project/GE_project/Content/MyFirstLevel.umap" TEMPLATE=0 SHOWPROGRESS=1 FEATURELEVEL=2
[2016.01.15-12.38.27:115][222]LightingResults: New page: Lighting Build
[2016.01.15-12.38.27:147][222]LoadErrors: New page: Loading map: MyFirstLevel.umap
[2016.01.15-12.38.27:148][222]MapCheck: New page: Map Check
[2016.01.15-12.38.27:148][222]LightingResults: New page: Lighting Build
[2016.01.15-12.38.27:176][222]LogParticles: Destroying 0 GPU particle simulations for FXSystem 0x0000000023C1B100
[2016.01.15-12.38.27:395][222]LogAIModule: Creating AISystem for world MyFirstLevel
[2016.01.15-12.38.28:000][222]LogEditorServer: Finished looking for orphan Actors (0.000 secs)
[2016.01.15-12.38.28:065][222]Cmd: MAP CHECKDEP NOCLEARLOG
[2016.01.15-12.38.28:160][222]MapCheck: Info Map check complete: 0 Error(s), 0 Warning(s), took 94.727ms to complete.
[2016.01.15-12.38.28:160][222]LogFileHelpers: Loading map 'MyFirstLevel' took 1.102
[2016.01.15-12.38.28:242][223]Cmd: UpdateLandscapeEditorData -warnings
[2016.01.15-12.38.33:147][362]LogBlueprint:Warning: [compiler Ue4ASP_Character] Warning Input Axis Event references unknown Axis 'LookUp' for  InputAxis LookUp 
[2016.01.15-12.38.33:148][362]LogBlueprint:Warning: [compiler Ue4ASP_Character] Warning Input Axis Event references unknown Axis 'Turn' for  InputAxis Turn 
[2016.01.15-12.38.33:148][362]LogBlueprint:Warning: [compiler Ue4ASP_Character] Warning Input Axis Event references unknown Axis 'MoveRight' for  InputAxis MoveRight 
[2016.01.15-12.38.33:149][362]LogBlueprint:Warning: [compiler Ue4ASP_Character] Warning Input Axis Event references unknown Axis 'MoveForward' for  InputAxis MoveForward 
[2016.01.15-12.38.33:154][362]LogBlueprint:Warning: [compiler Ue4ASP_Character] Warning [0088.31] Compile of Ue4ASP_Character successful, but with 4 Warning(s) [in 14 ms]
[2016.01.15-12.38.33:154][362]LogBlueprint:Warning: [compiler Ue4ASP_Character] Warning [0088.31] Compile of Ue4ASP_Character successful, but with 5 Warning(s) [in 0 ms]
[2016.01.15-12.38.33:154][362]LogBlueprint:Warning: [compiler Ue4ASP_Character] Warning [0088.31] Compile of Ue4ASP_Character successful, but with 6 Warning(s) [in 0 ms]
[2016.01.15-12.38.33:287][362]LogBlueprint:Warning: [compiler Ue4ASP_Character] Warning Input Axis Event references unknown Axis 'LookUp' for  InputAxis LookUp 
[2016.01.15-12.38.33:287][362]LogBlueprint:Warning: [compiler Ue4ASP_Character] Warning Input Axis Event references unknown Axis 'Turn' for  InputAxis Turn 
[2016.01.15-12.38.33:288][362]LogBlueprint:Warning: [compiler Ue4ASP_Character] Warning Input Axis Event references unknown Axis 'MoveRight' for  InputAxis MoveRight 
[2016.01.15-12.38.33:288][362]LogBlueprint:Warning: [compiler Ue4ASP_Character] Warning Input Axis Event references unknown Axis 'MoveForward' for  InputAxis MoveForward 
[2016.01.15-12.38.33:293][362]LogBlueprint:Warning: [compiler Ue4ASP_Character] Warning [0088.45] Compile of Ue4ASP_Character successful, but with 4 Warning(s) [in 14 ms]
[2016.01.15-12.38.33:293][362]LogBlueprint:Warning: [compiler Ue4ASP_Character] Warning [0088.45] Compile of Ue4ASP_Character successful, but with 5 Warning(s) [in 0 ms]
[2016.01.15-12.38.33:294][362]LogBlueprint:Warning: [compiler Ue4ASP_Character] Warning [0088.45] Compile of Ue4ASP_Character successful, but with 6 Warning(s) [in 0 ms]
[2016.01.15-12.38.33:663][362]LogLinker:Warning: Asset '../../../Engine/Content/ArtTools/RenderToTexture/Macros/RenderToTextureMacros.uasset' has been saved with empty engine version. The asset will be loaded but may be incompatible.
[2016.01.15-12.38.34:607][362]LogContentBrowser: Native class hierarchy updated for 'BlueprintGraph' in 0.0028 seconds. Added 107 classes and 0 folders.
[2016.01.15-12.38.35:368][362]LogActor:Warning: GameNetworkManager /Engine/Transient.World_4:PersistentLevel.GameNetworkManager_0 has natively added scene component(s), but none of them were set as the actor's RootComponent - picking one arbitrarily
[2016.01.15-12.38.41:900][540]LogSlate:Warning: Prevented a slow task dialog from being summoned while a context menu was open
[2016.01.15-12.38.42:864][562]LogSlate:Warning: Prevented a slow task dialog from being summoned while a context menu was open
[2016.01.15-12.38.45:057][649]LogSlate:Warning: Prevented a slow task dialog from being summoned while a context menu was open
[2016.01.15-12.38.45:145][649]LogProperty:Error: UStructProperty::Serialize Loading: Property 'StructProperty /LeapMotion/Character/Basic/BasicCharacter_AnimBlueprint.BasicCharacter_AnimBlueprint_C:AnimGraphNode_Fabrik_8C904C7A415FB588652E8A91FDC811AE'. Unknown structure.
[2016.01.15-12.38.45:145][649]LogProperty:Error: UStructProperty::Serialize Loading: Property 'StructProperty /LeapMotion/Character/Basic/BasicCharacter_AnimBlueprint.BasicCharacter_AnimBlueprint_C:AnimGraphNode_Fabrik_416EC86F435836563C4E49AD6D016C3C'. Unknown structure.
[2016.01.15-12.38.45:147][649]LogProperty:Error: UStructProperty::Serialize Loading: Property 'StructProperty /LeapMotion/Character/Basic/BasicCharacter_AnimBlueprint.BasicCharacter_AnimBlueprint_C:AnimGraphNode_Fabrik_9FF4326C4CAD2373B92D6F9E3AC3F57A'. Unknown structure.
[2016.01.15-12.38.45:149][649]LogAnimation:Warning: Invalid animation root node index 54 on '/LeapMotion/Character/Basic/BasicCharacter_AnimBlueprint.BasicCharacter_AnimBlueprint_C' (only 52 nodes)
[2016.01.15-12.38.49:180][649]LogOutputDevice: === Handled error: ===

Ensure condition failed: bValidRootIndex [File:D:\BuildFarm\buildmachine_++depot+UE4-Releases+4.9\Engine\Source\Runtime\Engine\Private\Animation\AnimBlueprintGeneratedClass.cpp] [Line: 234]

Stack: 
UE4Editor-Core.dll!FWindowsPlatformStackWalk::StackWalkAndDump() [d:\buildfarm\buildmachine_++depot+ue4-releases+4.9\engine\source\runtime\core\private\windows\windowsplatformstackwalk.cpp:175]
UE4Editor-Core.dll!FDebug::EnsureFailed() [d:\buildfarm\buildmachine_++depot+ue4-releases+4.9\engine\source\runtime\core\private\misc\outputdevice.cpp:258]
UE4Editor-Core.dll!FDebug::OptionallyLogFormattedEnsureMessageReturningFalse() [d:\buildfarm\buildmachine_++depot+ue4-releases+4.9\engine\source\runtime\core\private\misc\outputdevice.cpp:368]
UE4Editor-Engine.dll!UAnimBlueprintGeneratedClass::Link() [d:\buildfarm\buildmachine_++depot+ue4-releases+4.9\engine\source\runtime\engine\private\animation\animblueprintgeneratedclass.cpp:234]
UE4Editor-CoreUObject.dll!UClass::Serialize() [d:\buildfarm\buildmachine_++depot+ue4-releases+4.9\engine\source\runtime\coreuobject\private\uobject\class.cpp:3393]
UE4Editor-Engine.dll!UBlueprintGeneratedClass::Serialize() [d:\buildfarm\buildmachine_++depot+ue4-releases+4.9\engine\source\runtime\engine\private\blueprintgeneratedclass.cpp:757]
UE4Editor-CoreUObject.dll!FLinkerLoad::Preload() [d:\buildfarm\buildmachine_++depot+ue4-releases+4.9\engine\source\runtime\coreuobject\private\uobject\linkerload.cpp:3143]
UE4Editor-CoreUObject.dll!FLinkerLoad::CreateExport() [d:\buildfarm\buildmachine_++depot+ue4-releases+4.9\engine\source\runtime\coreuobject\private\uobject\linkerload.cpp:3792]
UE4Editor-CoreUObject.dll!FLinkerLoad::IndexToObject() [d:\buildfarm\buildmachine_++depot+ue4-releases+4.9\engine\source\runtime\coreuobject\private\uobject\linkerload.cpp:3982]
UE4Editor-CoreUObject.dll!FLinkerLoad::CreateExport() [d:\buildfarm\buildmachine_++depot+ue4-releases+4.9\engine\source\runtime\coreuobject\private\uobject\linkerload.cpp:3505]
UE4Editor-CoreUObject.dll!FLinkerLoad::CreateExportAndPreload() [d:\buildfarm\buildmachine_++depot+ue4-releases+4.9\engine\source\runtime\coreuobject\private\uobject\linkerload.cpp:2661]
UE4Editor-CoreUObject.dll!FLinkerLoad::LoadAllObjects() [d:\buildfarm\buildmachine_++depot+ue4-releases+4.9\engine\source\runtime\coreuobject\private\uobject\linkerload.cpp:2769]
UE4Editor-CoreUObject.dll!LoadPackageInternal() [d:\buildfarm\buildmachine_++depot+ue4-releases+4.9\engine\source\runtime\coreuobject\private\uobject\uobjectglobals.cpp:1032]
UE4Editor-CoreUObject.dll!FLinkerLoad::VerifyImportInner() [d:\buildfarm\buildmachine_++depot+ue4-releases+4.9\engine\source\runtime\coreuobject\private\uobject\linkerload.cpp:2354]
UE4Editor-CoreUObject.dll!FLinkerLoad::VerifyImport() [d:\buildfarm\buildmachine_++depot+ue4-releases+4.9\engine\source\runtime\coreuobject\private\uobject\linkerload.cpp:2115]
UE4Editor-CoreUObject.dll!FLinkerLoad::VerifyImportInner() [d:\buildfarm\buildmachine_++depot+ue4-releases+4.9\engine\source\runtime\coreuobject\private\uobject\linkerload.cpp:2402]
UE4Editor-CoreUObject.dll!FLinkerLoad::VerifyImport() [d:\buildfarm\buildmachine_++depot+ue4-releases+4.9\engine\source\runtime\coreuobject\private\uobject\linkerload.cpp:2115]
UE4Editor-CoreUObject.dll!FLinkerLoad::Verify() [d:\buildfarm\buildmachine_++depot+ue4-releases+4.9\engine\source\runtime\coreuobject\private\uobject\linkerload.cpp:1905]
UE4Editor-CoreUObject.dll!FLinkerLoad::FinalizeCreation() [d:\buildfarm\buildmachine_++depot+ue4-releases+4.9\engine\source\runtime\coreuobject\private\uobject\linkerload.cpp:1815]
UE4Editor-CoreUObject.dll!FLinkerLoad::Tick() [d:\buildfarm\buildmachine_++depot+ue4-releases+4.9\engine\source\runtime\coreuobject\private\uobject\linkerload.cpp:666]
UE4Editor-CoreUObject.dll!FLinkerLoad::CreateLinker() [d:\buildfarm\buildmachine_++depot+ue4-releases+4.9\engine\source\runtime\coreuobject\private\uobject\linkerload.cpp:404]
UE4Editor-CoreUObject.dll!GetPackageLinker() [d:\buildfarm\buildmachine_++depot+ue4-releases+4.9\engine\source\runtime\coreuobject\private\uobject\linker.cpp:570]
UE4Editor-CoreUObject.dll!LoadPackageInternal() [d:\buildfarm\buildmachine_++depot+ue4-releases+4.9\engine\source\runtime\coreuobject\private\uobject\uobjectglobals.cpp:936]
UE4Editor-CoreUObject.dll!FLinkerLoad::VerifyImportInner() [d:\buildfarm\buildmachine_++depot+ue4-releases+4.9\engine\source\runtime\coreuobject\private\uobject\linkerload.cpp:2354]
UE4Editor-CoreUObject.dll!FLinkerLoad::VerifyImport() [d:\buildfarm\buildmachine_++depot+ue4-releases+4.9\engine\source\runtime\coreuobject\private\uobject\linkerload.cpp:2115]
UE4Editor-CoreUObject.dll!FLinkerLoad::VerifyImportInner() [d:\buildfarm\buildmachine_++depot+ue4-releases+4.9\engine\source\runtime\coreuobject\private\uobject\linkerload.cpp:2402]
UE4Editor-CoreUObject.dll!FLinkerLoad::VerifyImport() [d:\buildfarm\buildmachine_++depot+ue4-releases+4.9\engine\source\runtime\coreuobject\private\uobject\linkerload.cpp:2115]
UE4Editor-CoreUObject.dll!FLinkerLoad::VerifyImportInner() [d:\buildfarm\buildmachine_++depot+ue4-releases+4.9\engine\source\runtime\coreuobject\private\uobject\linkerload.cpp:2402]
UE4Editor-CoreUObject.dll!FLinkerLoad::VerifyImport() [d:\buildfarm\buildmachine_++depot+ue4-releases+4.9\engine\source\runtime\coreuobject\private\uobject\linkerload.cpp:2115]
UE4Editor-CoreUObject.dll!FLinkerLoad::Verify() [d:\buildfarm\buildmachine_++depot+ue4-releases+4.9\engine\source\runtime\coreuobject\private\uobject\linkerload.cpp:1905]
UE4Editor-CoreUObject.dll!FLinkerLoad::FinalizeCreation() [d:\buildfarm\buildmachine_++depot+ue4-releases+4.9\engine\source\runtime\coreuobject\private\uobject\linkerload.cpp:1815]
UE4Editor-CoreUObject.dll!FLinkerLoad::Tick() [d:\buildfarm\buildmachine_++depot+ue4-releases+4.9\engine\source\runtime\coreuobject\private\uobject\linkerload.cpp:666]
UE4Editor-CoreUObject.dll!FLinkerLoad::CreateLinker() [d:\buildfarm\buildmachine_++depot+ue4-releases+4.9\engine\source\runtime\coreuobject\private\uobject\linkerload.cpp:404]
UE4Editor-CoreUObject.dll!GetPackageLinker() [d:\buildfarm\buildmachine_++depot+ue4-releases+4.9\engine\source\runtime\coreuobject\private\uobject\linker.cpp:570]
UE4Editor-CoreUObject.dll!LoadPackageInternal() [d:\buildfarm\buildmachine_++depot+ue4-releases+4.9\engine\source\runtime\coreuobject\private\uobject\uobjectglobals.cpp:936]
UE4Editor-ClassViewer.dll!ClassViewer::Helpers::LoadClass() [d:\buildfarm\buildmachine_++depot+ue4-releases+4.9\engine\source\editor\classviewer\private\sclassviewer.cpp:1025]
UE4Editor-ClassViewer.dll!SClassViewer::OnClassViewerSelectionChanged() [d:\buildfarm\buildmachine_++depot+ue4-releases+4.9\engine\source\editor\classviewer\private\sclassviewer.cpp:2195]
UE4Editor-ClassViewer.dll!TBaseSPMethodDelegateInstance<0,SClassViewer,0,TTypeWrapper<void> __cdecl(TSharedPtr<FClassViewerNode,0>,enum ESelectInfo::Type)>::Execute() [d:\buildfarm\buildmachine_++depot+ue4-releases+4.9\engine\source\runtime\core\public\delegates\delegateinstancesimpl_variadics.inl:282]
UE4Editor-ClassViewer.dll!TBaseSPMethodDelegateInstance<0,SClassViewer,0,void __cdecl(TSharedPtr<FClassViewerNode,0>,enum ESelectInfo::Type)>::ExecuteIfSafe() [d:\buildfarm\buildmachine_++depot+ue4-releases+4.9\engine\source\runtime\core\public\delegates\delegateinstancesimpl_variadics.inl:388]
UE4Editor-ClassViewer.dll!TBaseDelegate<void,TSharedPtr<FClassViewerNode,0>,enum ESelectInfo::Type>::ExecuteIfBound() [d:\buildfarm\buildmachine_++depot+ue4-releases+4.9\engine\source\runtime\core\public\delegates\delegatesignatureimpl_variadics.inl:482]
UE4Editor-ClassViewer.dll!SListView<TSharedPtr<FClassViewerNode,0> >::Private_SignalSelectionChanged() [d:\buildfarm\buildmachine_++depot+ue4-releases+4.9\engine\source\runtime\slate\public\widgets\views\slistview.h:609]
UE4Editor-ClassViewer.dll!STableRow<TSharedPtr<FString,0> >::OnMouseButtonUp() [d:\buildfarm\buildmachine_++depot+ue4-releases+4.9\engine\source\runtime\slate\public\widgets\views\stablerow.h:446]
UE4Editor-Slate.dll!<lambda_df946b2745ea2bbab398d4acc9cc3d04>::operator()() [d:\buildfarm\buildmachine_++depot+ue4-releases+4.9\engine\source\runtime\slate\private\framework\application\slateapplication.cpp:4273]
UE4Editor-Slate.dll!FEventRouter::Route<FReply,FEventRouter::FToLeafmostPolicy,FPointerEvent,<lambda_df946b2745ea2bbab398d4acc9cc3d04> >() [d:\buildfarm\buildmachine_++depot+ue4-releases+4.9\engine\source\runtime\slate\private\framework\application\slateapplication.cpp:214]
UE4Editor-Slate.dll!FSlateApplication::RoutePointerUpEvent() [d:\buildfarm\buildmachine_++depot+ue4-releases+4.9\engine\source\runtime\slate\private\framework\application\slateapplication.cpp:4276]
UE4Editor-Slate.dll!FSlateApplication::ProcessMouseButtonUpEvent() [d:\buildfarm\buildmachine_++depot+ue4-releases+4.9\engine\source\runtime\slate\private\framework\application\slateapplication.cpp:4660]
UE4Editor-Slate.dll!FSlateApplication::OnMouseUp() [d:\buildfarm\buildmachine_++depot+ue4-releases+4.9\engine\source\runtime\slate\private\framework\application\slateapplication.cpp:4638]
UE4Editor-Core.dll!FWindowsApplication::ProcessDeferredMessage() [d:\buildfarm\buildmachine_++depot+ue4-releases+4.9\engine\source\runtime\core\private\windows\windowsapplication.cpp:1403]
UE4Editor-Core.dll!FWindowsApplication::DeferMessage() [d:\buildfarm\buildmachine_++depot+ue4-releases+4.9\engine\source\runtime\core\private\windows\windowsapplication.cpp:1708]
UE4Editor-Core.dll!FWindowsApplication::ProcessMessage() [d:\buildfarm\buildmachine_++depot+ue4-releases+4.9\engine\source\runtime\core\private\windows\windowsapplication.cpp:706]
UE4Editor-Core.dll!FWindowsApplication::AppWndProc() [d:\buildfarm\buildmachine_++depot+ue4-releases+4.9\engine\source\runtime\core\private\windows\windowsapplication.cpp:628]
USER32.dll
USER32.dll
UE4Editor-Core.dll!FWindowsPlatformMisc::PumpMessages() [d:\buildfarm\buildmachine_++depot+ue4-releases+4.9\engine\source\runtime\core\private\windows\windowsplatformmisc.cpp:884]
UE4Editor.exe!FEngineLoop::Tick() [d:\buildfarm\buildmachine_++depot+ue4-releases+4.9\engine\source\runtime\launch\private\launchengineloop.cpp:2392]
UE4Editor.exe!GuardedMain() [d:\buildfarm\buildmachine_++depot+ue4-releases+4.9\engine\source\runtime\launch\private\launch.cpp:142]
UE4Editor.exe!GuardedMainWrapper() [d:\buildfarm\buildmachine_++depot+ue4-releases+4.9\engine\source\runtime\launch\private\windows\launchwindows.cpp:126]
UE4Editor.exe!WinMain() [d:\buildfarm\buildmachine_++depot+ue4-releases+4.9\engine\source\runtime\launch\private\windows\launchwindows.cpp:200]
UE4Editor.exe!__tmainCRTStartup() [f:\dd\vctools\crt\crtw32\dllstuff\crtexe.c:618]
kernel32.dll
ntdll.dll
ntdll.dll

[2016.01.15-12.38.49:561][649]LogAnimation:Warning: Invalid animation root node index 54 on '/LeapMotion/Character/Basic/BasicCharacter_AnimBlueprint.BasicCharacter_AnimBlueprint_C' (only 52 nodes)
[2016.01.15-12.38.50:075][649]LogAnimation:Warning: Invalid animation root node index 54 on '/Engine/Transient.REINST_BasicCharacter_AnimBlueprint_C_2' (only 52 nodes)
[2016.01.15-12.38.50:340][649]LogClass:Warning: Property AnimGraphNode_Fabrik_8C904C7A415FB588652E8A91FDC811AE of BasicCharacter_AnimBlueprint_C has a struct type mismatch (tag FallbackStruct != prop AnimNode_Fabrik) in package:  FObjectReader. If that struct got renamed, add an entry to ActiveStructRedirects.
[2016.01.15-12.38.50:340][649]LogClass:Warning: Property AnimGraphNode_Fabrik_416EC86F435836563C4E49AD6D016C3C of BasicCharacter_AnimBlueprint_C has a struct type mismatch (tag FallbackStruct != prop AnimNode_Fabrik) in package:  FObjectReader. If that struct got renamed, add an entry to ActiveStructRedirects.
[2016.01.15-12.38.50:341][649]LogClass:Warning: Property AnimGraphNode_Fabrik_9FF4326C4CAD2373B92D6F9E3AC3F57A of BasicCharacter_AnimBlueprint_C has a struct type mismatch (tag FallbackStruct != prop AnimNode_Fabrik) in package:  FObjectReader. If that struct got renamed, add an entry to ActiveStructRedirects.
[2016.01.15-12.38.51:070][649]LogBlueprint:Warning: [compiler LeapBasicRiggedCharacter] Warning Input Axis Event references unknown Axis 'LookUpRate' for  InputAxis LookUpRate 
[2016.01.15-12.38.51:071][649]LogBlueprint:Warning: [compiler LeapBasicRiggedCharacter] Warning Input Axis Event references unknown Axis 'TurnRate' for  InputAxis TurnRate 
[2016.01.15-12.38.51:071][649]LogBlueprint:Warning: [compiler LeapBasicRiggedCharacter] Warning Input Axis Event references unknown Axis 'Turn' for  InputAxis Turn 
[2016.01.15-12.38.51:071][649]LogBlueprint:Warning: [compiler LeapBasicRiggedCharacter] Warning Input Axis Event references unknown Axis 'LookUp' for  InputAxis LookUp 
[2016.01.15-12.38.51:072][649]LogBlueprint:Warning: [compiler LeapBasicRiggedCharacter] Warning Input Axis Event references unknown Axis 'MoveRight' for  InputAxis MoveRight 
[2016.01.15-12.38.51:072][649]LogBlueprint:Warning: [compiler LeapBasicRiggedCharacter] Warning Input Axis Event references unknown Axis 'MoveForward' for  InputAxis MoveForward 
[2016.01.15-12.38.51:079][649]LogBlueprint:Warning: [compiler LeapBasicRiggedCharacter] Warning [0106.23] Compile of LeapBasicRiggedCharacter successful, but with 6 Warning(s) [in 19 ms]
[2016.01.15-12.38.51:079][649]LogBlueprint:Warning: [compiler LeapBasicRiggedCharacter] Warning [0106.23] Compile of LeapBasicRiggedCharacter successful, but with 7 Warning(s) [in 0 ms]
[2016.01.15-12.38.51:079][649]LogBlueprint:Warning: [compiler LeapBasicRiggedCharacter] Warning [0106.23] Compile of LeapBasicRiggedCharacter successful, but with 8 Warning(s) [in 0 ms]
[2016.01.15-12.38.51:101][649]LogBlueprint:Warning: [compiler LeapBasicRiggedCharacter] Warning Input Axis Event references unknown Axis 'LookUpRate' for  InputAxis LookUpRate 
[2016.01.15-12.38.51:102][649]LogBlueprint:Warning: [compiler LeapBasicRiggedCharacter] Warning Input Axis Event references unknown Axis 'TurnRate' for  InputAxis TurnRate 
[2016.01.15-12.38.51:102][649]LogBlueprint:Warning: [compiler LeapBasicRiggedCharacter] Warning Input Axis Event references unknown Axis 'Turn' for  InputAxis Turn 
[2016.01.15-12.38.51:102][649]LogBlueprint:Warning: [compiler LeapBasicRiggedCharacter] Warning Input Axis Event references unknown Axis 'LookUp' for  InputAxis LookUp 
[2016.01.15-12.38.51:103][649]LogBlueprint:Warning: [compiler LeapBasicRiggedCharacter] Warning Input Axis Event references unknown Axis 'MoveRight' for  InputAxis MoveRight 
[2016.01.15-12.38.51:103][649]LogBlueprint:Warning: [compiler LeapBasicRiggedCharacter] Warning Input Axis Event references unknown Axis 'MoveForward' for  InputAxis MoveForward 
[2016.01.15-12.38.51:109][649]LogBlueprint:Warning: [compiler LeapBasicRiggedCharacter] Warning [0106.26] Compile of LeapBasicRiggedCharacter successful, but with 6 Warning(s) [in 24 ms]
[2016.01.15-12.38.51:110][649]LogBlueprint:Warning: [compiler LeapBasicRiggedCharacter] Warning [0106.26] Compile of LeapBasicRiggedCharacter successful, but with 7 Warning(s) [in 0 ms]
[2016.01.15-12.38.51:110][649]LogBlueprint:Warning: [compiler LeapBasicRiggedCharacter] Warning [0106.26] Compile of LeapBasicRiggedCharacter successful, but with 8 Warning(s) [in 0 ms]
[2016.01.15-12.38.56:622][769]BlueprintLog: New page: Compile BP_TheBeginningGameMode
[2016.01.15-12.38.56:835][769]LeapPluginLog: LeapController::CleanupEventData Delete Called
[2016.01.15-12.38.56:847][769]LeapPluginLog: LeapController::CleanupEventData Delete Called
[2016.01.15-12.38.56:868][769]BlueprintEditorCompileResults: Info [0112.02] Compile of BP_TheBeginningGameMode successful! [in 245 ms]
[2016.01.15-12.39.14:171][332]LogEditorViewport: Clicking on Actor (context menu): BP_PickUpItem_C (BP_PickUpItem2)
[2016.01.15-12.39.42:685][468]LogPlayLevel: PlayLevel: No blueprints needed recompiling
[2016.01.15-12.39.42:685][468]PIE: New page: PIE session: MyFirstLevel (Jan 15, 2016, 2:39:42 PM)
[2016.01.15-12.39.42:686][468]LogPlayLevel: Creating play world package: /Game/UEDPIE_0_MyFirstLevel
[2016.01.15-12.39.42:700][468]LogPlayLevel: PIE: StaticDuplicateObject took: (0.014806s)
[2016.01.15-12.39.42:701][468]LogAIModule: Creating AISystem for world MyFirstLevel
[2016.01.15-12.39.42:701][468]LogPlayLevel: PIE: World Init took: (0.001026s)
[2016.01.15-12.39.42:702][468]LogPlayLevel: PIE: Created PIE world by copying editor world from /Game/MyFirstLevel.MyFirstLevel to /Game/UEDPIE_0_MyFirstLevel.MyFirstLevel (0.016114s)
[2016.01.15-12.39.42:772][468]LogInit: XAudio2 using 'Speakers (Realtek High Definition Audio)' : 2 channels at 48 kHz using 32 bits per sample (channel mask 0x3)
[2016.01.15-12.39.42:782][468]LogInit: FAudioDevice initialized.
[2016.01.15-12.39.42:835][468]LogWorld: Game class is 'BP_TheBeginningGameMode_C'
[2016.01.15-12.39.42:860][468]LogWorld: Bringing World /Game/UEDPIE_0_MyFirstLevel.MyFirstLevel up for play (max tick rate 0) at 2016.01.15-13.39.42
[2016.01.15-12.39.42:860][468]LogActor:Warning: GameSession /Game/UEDPIE_0_MyFirstLevel.MyFirstLevel:PersistentLevel.GameSession_0 has natively added scene component(s), but none of them were set as the actor's RootComponent - picking one arbitrarily
[2016.01.15-12.39.42:860][468]LogActor:Warning: GameNetworkManager /Game/UEDPIE_0_MyFirstLevel.MyFirstLevel:PersistentLevel.GameNetworkManager_1 has natively added scene component(s), but none of them were set as the actor's RootComponent - picking one arbitrarily
[2016.01.15-12.39.42:861][468]LogWorld: Bringing up level for play took: 0.025085
[2016.01.15-12.39.42:870][468]LeapPluginLog: InterfaceObject: LeapAnimBodyConnector_C_0
[2016.01.15-12.39.42:892][468]PIE: Info Play in editor start time for /Game/UEDPIE_0_MyFirstLevel -0.496
[2016.01.15-12.39.43:280][468]LogCrashTracker: 


[2016.01.15-12.39.43:280][468]LogCrashTracker: 


[2016.01.15-12.39.43:280][468]LogWindows: === Critical error: ===


[2016.01.15-12.39.43:515][468]LogExit: Executing StaticShutdownAfterError
[2016.01.15-12.39.43:524][468]LogPhysics:Warning: PHYSX: ..\..\PhysX\src\NpScene.cpp (2946) 8 : PxScene::unlockWrite() called without matching call to PxScene::lockWrite(), behaviour will be undefined.
[2016.01.15-12.39.43:524][468]LogPhysics:Warning: PHYSX: ..\..\PhysX\src\NpScene.cpp (2946) 8 : PxScene::unlockWrite() called without matching call to PxScene::lockWrite(), behaviour will be undefined.
[2016.01.15-12.39.43:524][468]LogPhysics:Warning: PHYSX: ..\..\PhysX\src\NpScene.cpp (2946) 8 : PxScene::unlockWrite() called without matching call to PxScene::lockWrite(), behaviour will be undefined.
[2016.01.15-12.39.43:524][468]LogPhysics:Warning: PHYSX: ..\..\PhysX\src\NpScene.cpp (2946) 8 : PxScene::unlockWrite() called without matching call to PxScene::lockWrite(), behaviour will be undefined.
[2016.01.15-12.39.43:525][468]LogPhysics:Warning: PHYSX: ..\..\PhysX\src\NpScene.cpp (2946) 8 : PxScene::unlockWrite() called without matching call to PxScene::lockWrite(), behaviour will be undefined.
[2016.01.15-12.39.43:525][468]LogPhysics:Warning: PHYSX: ..\..\PhysX\src\NpScene.cpp (2946) 8 : PxScene::unlockWrite() called without matching call to PxScene::lockWrite(), behaviour will be undefined.
[2016.01.15-12.39.43:525][468]LogWindows: FPlatformMisc::RequestExit(1)
[2016.01.15-12.39.43:525][468]Log file closed, 01/15/16 13:39:43
