[2016.03.24-09.50.38:562][  0]Log file open, 03/24/16 10:50:38
[2016.03.24-09.50.38:562][  0]LogInit:Display: Running engine for game: TheBeginning
[2016.03.24-09.50.38:562][  0]LogInit:Display: RandInit(-1924591749) SRandInit(-1924591748).
[2016.03.24-09.50.38:562][  0]LogTaskGraph: Started task graph with 4 named threads and 7 total threads.
[2016.03.24-09.50.38:562][  0]LogStats: Stats thread started at 0.080246
[2016.03.24-09.50.38:562][  0]LogInit: Version: 4.9.2-2707645+++depot+UE4-Releases+4.9
[2016.03.24-09.50.38:562][  0]LogInit: API Version: 2672455
[2016.03.24-09.50.38:562][  0]LogInit: Compiled (64-bit): Sep 28 2015 10:25:44
[2016.03.24-09.50.38:562][  0]LogInit: Compiled with Visual C++: 18.00.21005.01
[2016.03.24-09.50.38:562][  0]LogInit: Build Configuration: Development
[2016.03.24-09.50.38:562][  0]LogInit: Branch Name: ++depot+UE4-Releases+4.9
[2016.03.24-09.50.38:562][  0]LogInit: Command line:  /Temp/Autosaves/Game/UEDPCMyFirstLevel -game -PIEVIACONSOLE -ResX=1280 -ResY=720  -Multiprocess 
[2016.03.24-09.50.38:562][  0]LogInit: Base directory: D:/Programme/Epic Games/4.9/Engine/Binaries/Win64/
[2016.03.24-09.50.38:562][  0]LogInit: Rocket: 1
[2016.03.24-09.50.38:572][  0]LogInit: Using libcurl 7.41.0
[2016.03.24-09.50.38:572][  0]LogInit:  - built for x86_64-pc-win32
[2016.03.24-09.50.38:572][  0]LogInit:  - supports SSL with WinSSL
[2016.03.24-09.50.38:572][  0]LogInit:  - other features:
[2016.03.24-09.50.38:572][  0]LogInit:      CURL_VERSION_SSL
[2016.03.24-09.50.38:572][  0]LogInit:      CURL_VERSION_IPV6
[2016.03.24-09.50.38:572][  0]LogInit:      CURL_VERSION_ASYNCHDNS
[2016.03.24-09.50.38:572][  0]LogInit:      CURL_VERSION_LARGEFILE
[2016.03.24-09.50.38:572][  0]LogInit:      CURL_VERSION_IDN
[2016.03.24-09.50.38:572][  0]LogInit:  CurlRequestOptions (configurable via config and command line):
[2016.03.24-09.50.38:572][  0]LogInit:  - bVerifyPeer = true  - Libcurl will verify peer certificate
[2016.03.24-09.50.38:572][  0]LogInit:  - bUseHttpProxy = false  - Libcurl will NOT use HTTP proxy
[2016.03.24-09.50.38:572][  0]LogInit:  - bDontReuseConnections = false  - Libcurl will reuse connections
[2016.03.24-09.50.38:572][  0]LogInit:  - CertBundlePath = nullptr  - Libcurl will use whatever was configured at build time.
[2016.03.24-09.50.38:580][  0]LogInit: Presizing for 0 objects not considered by GC, pre-allocating 0 bytes.
[2016.03.24-09.50.38:589][  0]LogInit: Object subsystem initialized
[2016.03.24-09.50.38:591][  0]LogInit: Selected Device Profile: [Windows]
[2016.03.24-09.50.38:591][  0]LogInit: Applying CVar settings loaded from the selected device profile: [Windows]
[2016.03.24-09.50.38:596][  0]LogInit: Computer: PC1021500895
[2016.03.24-09.50.38:596][  0]LogInit: User: VR
[2016.03.24-09.50.38:596][  0]LogInit: CPU Page size=4096, Cores=4
[2016.03.24-09.50.38:596][  0]LogInit: High frequency timer resolution =3.507498 MHz
[2016.03.24-09.50.38:596][  0]LogMemory: Memory total: Physical=15.9GB (16GB approx)
[2016.03.24-09.50.38:596][  0]LogMemory: Platform Memory Stats for Windows
[2016.03.24-09.50.38:596][  0]LogMemory: Process Physical Memory: 52.27 MB used, 52.27 MB peak
[2016.03.24-09.50.38:596][  0]LogMemory: Process Virtual Memory: 56.18 MB used, 56.18 MB peak
[2016.03.24-09.50.38:596][  0]LogMemory: Physical Memory: 5394.66 MB used, 16261.17 MB total
[2016.03.24-09.50.38:596][  0]LogMemory: Virtual Memory: 347.69 MB used, 134217728.00 MB total
[2016.03.24-09.50.38:633][  0]LogTextLocalizationManager: No translations for ('de-DE') exist, falling back to 'en' for localization and internationalization data.
[2016.03.24-09.50.39:391][  0]LogD3D11RHI: Found D3D11 adapter 0: NVIDIA GeForce GTX 970 (Feature Level 11_0)
[2016.03.24-09.50.39:391][  0]LogD3D11RHI: Adapter has 3976MB of dedicated video memory, 0MB of dedicated system memory, and 8130MB of shared system memory, 1 output[s]
[2016.03.24-09.50.39:392][  0]LogD3D11RHI: Found D3D11 adapter 1: Microsoft Basic Render Driver (Feature Level 11_0)
[2016.03.24-09.50.39:392][  0]LogD3D11RHI: Adapter has 0MB of dedicated video memory, 0MB of dedicated system memory, and 256MB of shared system memory, 0 output[s]
[2016.03.24-09.50.39:392][  0]LogD3D11RHI: Chosen D3D11 Adapter Id = 0
[2016.03.24-09.50.39:398][  0]LogD3D11RHI: !Direct3DDevice
[2016.03.24-09.50.39:398][  0]LogRHI: Texture pool is 1361 MB (70% of 1945 MB)
[2016.03.24-09.50.39:407][  0]LogD3D11RHI: Async texture creation enabled
[2016.03.24-09.50.39:422][  0]LogShaderCompilers: Guid format shader working directory is 15 characters bigger than the processId version (../../../../../../UnrealProjects/GE_Project/Intermediate/Shaders/WorkingDirectory/1652/).
[2016.03.24-09.50.39:422][  0]LogShaderCompilers: Cleaned the shader compiler working directory '../../../../../../UnrealProjects/GE_Project/Intermediate/Shaders/tmp/78028AEB4002129F1E96CDBD9CF8C644/'.
[2016.03.24-09.50.39:423][  0]LogShaderCompilers:Display: Using Local Shader Compiler.
[2016.03.24-09.50.40:369][  0]LogTemp:Display: Loaded TP AllDesktopTargetPlatform
[2016.03.24-09.50.40:374][  0]LogTemp:Display: Loaded TP WindowsClientTargetPlatform
[2016.03.24-09.50.40:378][  0]LogTemp:Display: Loaded TP WindowsNoEditorTargetPlatform
[2016.03.24-09.50.40:382][  0]LogTemp:Display: Loaded TP WindowsServerTargetPlatform
[2016.03.24-09.50.40:386][  0]LogTemp:Display: Loaded TP WindowsTargetPlatform
[2016.03.24-09.50.40:390][  0]LogTemp:Display: Loaded TP AndroidTargetPlatform
[2016.03.24-09.50.40:394][  0]LogTemp:Display: Loaded TP Android_ASTCTargetPlatform
[2016.03.24-09.50.40:398][  0]LogTemp:Display: Loaded TP Android_ATCTargetPlatform
[2016.03.24-09.50.40:401][  0]LogTemp:Display: Loaded TP Android_DXTTargetPlatform
[2016.03.24-09.50.40:404][  0]LogTemp:Display: Loaded TP Android_ETC1TargetPlatform
[2016.03.24-09.50.40:406][  0]LogTemp:Display: Loaded TP Android_ETC2TargetPlatform
[2016.03.24-09.50.40:409][  0]LogTemp:Display: Loaded TP Android_PVRTCTargetPlatform
[2016.03.24-09.50.40:410][  0]LogTemp:Display: Loaded TP HTML5TargetPlatform
[2016.03.24-09.50.40:427][  0]LogTemp:Display: Loaded TP IOSTargetPlatform
[2016.03.24-09.50.40:431][  0]LogTemp:Display: Loaded TP LinuxNoEditorTargetPlatform
[2016.03.24-09.50.40:434][  0]LogTemp:Display: Loaded TP LinuxServerTargetPlatform
[2016.03.24-09.50.40:437][  0]LogTemp:Display: Loaded TP LinuxTargetPlatform
[2016.03.24-09.50.40:437][  0]LogTargetPlatformManager:Display: Building Assets For Windows
[2016.03.24-09.50.40:505][  0]LogDerivedDataCache:Display: Max Cache Size: 512 MB
[2016.03.24-09.50.40:548][  0]LogDerivedDataCache: Loaded boot cache 0.04s 41MB C:/Users/VR/AppData/Local/UnrealEngine/4.9/DerivedDataCache/Boot.ddc.
[2016.03.24-09.50.40:548][  0]LogDerivedDataCache:Display: Loaded Boot cache: C:/Users/VR/AppData/Local/UnrealEngine/4.9/DerivedDataCache/Boot.ddc
[2016.03.24-09.50.40:548][  0]LogDerivedDataCache: FDerivedDataBackendGraph:  Pak pak cache file ../../../../../../UnrealProjects/GE_Project/DerivedDataCache/DDC.ddp not found, will not use a pak cache.
[2016.03.24-09.50.40:548][  0]LogDerivedDataCache: Unable to find inner node Pak for hierarchical cache Hierarchy.
[2016.03.24-09.50.40:548][  0]LogDerivedDataCache: FDerivedDataBackendGraph:  CompressedPak pak cache file ../../../../../../UnrealProjects/GE_Project/DerivedDataCache/Compressed.ddp not found, will not use a pak cache.
[2016.03.24-09.50.40:548][  0]LogDerivedDataCache: Unable to find inner node CompressedPak for hierarchical cache Hierarchy.
[2016.03.24-09.50.40:687][  0]LogDerivedDataCache:Display: Pak cache opened for reading ../../../Engine/DerivedDataCache/Compressed.ddp.
[2016.03.24-09.50.40:699][  0]LogDerivedDataCache: Using Local data cache path C:/Users/VR/AppData/Local/UnrealEngine/Common/DerivedDataCache: Writable
[2016.03.24-09.50.40:845][  0]LogInit: Selected Device Profile: [Windows]
[2016.03.24-09.50.40:847][  0]LogContentStreaming: Texture pool size is 1000.000000MB
[2016.03.24-09.50.40:943][  0]LogMeshUtilities: No automatic mesh reduction module available
[2016.03.24-09.50.40:943][  0]LogMeshUtilities: No automatic mesh merging module available
[2016.03.24-09.50.41:122][  0]LogInit: WinSock: version 1.1 (2.2), MaxSocks=32767, MaxUdp=65467
[2016.03.24-09.50.41:301][  0]LogWindowsMoviePlayer: Unable to load movie: ../../../../../../UnrealProjects/GE_Project/Content/Movies/Default_Startup.mp4
[2016.03.24-09.50.41:423][  0]SourceControl: Info Source control is disabled
[2016.03.24-09.50.41:423][  0]SourceControl: Info Source control is disabled
[2016.03.24-09.50.41:432][  0]SourceControl: Info Source control is disabled
[2016.03.24-09.50.41:494][  0]LogLinker:Warning: Asset '../../../Engine/Plugins/Runtime/LeapMotionController/Content/LM_PassthroughMaterial.uasset' has been saved with empty engine version. The asset will be loaded but may be incompatible.
[2016.03.24-09.50.41:558][  0]LeapPluginLog: Using LeapPlugin version 0.9.6
[2016.03.24-09.50.41:564][  0]LogObj: 28556 objects as part of root set at end of initial load.
[2016.03.24-09.50.41:564][  0]LogUObjectAllocator: 5966960 out of 0 bytes used by permanent object pool.
[2016.03.24-09.50.41:616][  0]LogEngine: Initializing Engine...
[2016.03.24-09.50.41:618][  0]LogHMD: Can't find Oculus library dev build: is proper Runtime installed? Version: 0.7.0.0
[2016.03.24-09.50.41:649][  0]LogHMD: SteamVR initialized.  Driver: oculus  Display: 207KGV03FJGR
[2016.03.24-09.50.41:758][  0]LogInit: XAudio2 using 'HP E221c-8 (NVIDIA High Definition Audio)' : 2 channels at 48 kHz using 16 bits per sample (channel mask 0x3)
[2016.03.24-09.50.41:771][  0]LogInit: FAudioDevice initialized.
[2016.03.24-09.50.41:773][  0]LogInit: Texture streaming: Enabled
[2016.03.24-09.50.41:880][  0]LogConsoleManager:Warning: Console variable 'r.VSync' wasn't set ('GameSetting' has a lower priority than 'Code')
[2016.03.24-09.50.41:882][  0]LogNet: Browse: /Temp/Autosaves/Game/UEDPCMyFirstLevel?Name=Player
[2016.03.24-09.50.41:883][  0]LogLoad: LoadMap: /Temp/Autosaves/Game/UEDPCMyFirstLevel?Name=Player
[2016.03.24-09.50.41:897][  0]LogParticles: Destroying 0 GPU particle simulations for FXSystem 0x000000FB686F7B00
[2016.03.24-09.50.41:911][  0]LogMemory: Platform Memory Stats for Windows
[2016.03.24-09.50.41:911][  0]LogMemory: Process Physical Memory: 428.56 MB used, 428.56 MB peak
[2016.03.24-09.50.41:911][  0]LogMemory: Process Virtual Memory: 494.36 MB used, 494.37 MB peak
[2016.03.24-09.50.41:911][  0]LogMemory: Physical Memory: 5741.86 MB used, 16261.17 MB total
[2016.03.24-09.50.41:911][  0]LogMemory: Virtual Memory: 1043.82 MB used, 134217728.00 MB total
[2016.03.24-09.50.41:911][  0]LogMemory: 
[2016.03.24-09.50.41:911][  0]Allocator Stats for TBB: (not implemented)
[2016.03.24-09.50.41:980][  0]LogBlueprint:Warning: [compiler Ue4ASP_Character] Warning Input Axis Event references unknown Axis 'LookUp' for  InputAxis LookUp 
[2016.03.24-09.50.41:980][  0]LogBlueprint:Warning: [compiler Ue4ASP_Character] Warning Input Axis Event references unknown Axis 'Turn' for  InputAxis Turn 
[2016.03.24-09.50.41:981][  0]LogBlueprint:Warning: [compiler Ue4ASP_Character] Warning Input Axis Event references unknown Axis 'MoveRight' for  InputAxis MoveRight 
[2016.03.24-09.50.41:981][  0]LogBlueprint:Warning: [compiler Ue4ASP_Character] Warning Input Axis Event references unknown Axis 'MoveForward' for  InputAxis MoveForward 
[2016.03.24-09.50.41:983][  0]LogBlueprint:Warning: [compiler Ue4ASP_Character] Warning [0004.06] Compile of Ue4ASP_Character successful, but with 4 Warning(s) [in 5 ms]
[2016.03.24-09.50.41:983][  0]LogBlueprint:Warning: [compiler Ue4ASP_Character] Warning [0004.06] Compile of Ue4ASP_Character successful, but with 5 Warning(s) [in 0 ms]
[2016.03.24-09.50.41:983][  0]LogBlueprint:Warning: [compiler Ue4ASP_Character] Warning [0004.06] Compile of Ue4ASP_Character successful, but with 6 Warning(s) [in 0 ms]
[2016.03.24-09.50.42:079][  0]LogBlueprint:Warning: [compiler Ue4ASP_Character] Warning Input Axis Event references unknown Axis 'LookUp' for  InputAxis LookUp 
[2016.03.24-09.50.42:080][  0]LogBlueprint:Warning: [compiler Ue4ASP_Character] Warning Input Axis