[2016.03.24-09.47.08:700][  0]Log file open, 03/24/16 10:47:08
[2016.03.24-09.47.08:700][  0]LogInit:Display: Running engine for game: TheBeginning
[2016.03.24-09.47.08:700][  0]LogInit:Display: RandInit(1634075698) SRandInit(1634075698).
[2016.03.24-09.47.08:700][  0]LogTaskGraph: Started task graph with 4 named threads and 7 total threads.
[2016.03.24-09.47.08:700][  0]LogStats: Stats thread started at 0.068605
[2016.03.24-09.47.08:700][  0]LogInit: Version: 4.9.2-2707645+++depot+UE4-Releases+4.9
[2016.03.24-09.47.08:700][  0]LogInit: API Version: 2672455
[2016.03.24-09.47.08:700][  0]LogInit: Compiled (64-bit): Sep 28 2015 10:25:44
[2016.03.24-09.47.08:700][  0]LogInit: Compiled with Visual C++: 18.00.21005.01
[2016.03.24-09.47.08:700][  0]LogInit: Build Configuration: Development
[2016.03.24-09.47.08:700][  0]LogInit: Branch Name: ++depot+UE4-Releases+4.9
[2016.03.24-09.47.08:700][  0]LogInit: Command line:  
[2016.03.24-09.47.08:700][  0]LogInit: Base directory: D:/Programme/Epic Games/4.9/Engine/Binaries/Win64/
[2016.03.24-09.47.08:700][  0]LogInit: Rocket: 1
[2016.03.24-09.47.08:706][  0]LogInit: Using libcurl 7.41.0
[2016.03.24-09.47.08:706][  0]LogInit:  - built for x86_64-pc-win32
[2016.03.24-09.47.08:706][  0]LogInit:  - supports SSL with WinSSL
[2016.03.24-09.47.08:706][  0]LogInit:  - other features:
[2016.03.24-09.47.08:706][  0]LogInit:      CURL_VERSION_SSL
[2016.03.24-09.47.08:706][  0]LogInit:      CURL_VERSION_IPV6
[2016.03.24-09.47.08:706][  0]LogInit:      CURL_VERSION_ASYNCHDNS
[2016.03.24-09.47.08:706][  0]LogInit:      CURL_VERSION_LARGEFILE
[2016.03.24-09.47.08:706][  0]LogInit:      CURL_VERSION_IDN
[2016.03.24-09.47.08:706][  0]LogInit:  CurlRequestOptions (configurable via config and command line):
[2016.03.24-09.47.08:706][  0]LogInit:  - bVerifyPeer = true  - Libcurl will verify peer certificate
[2016.03.24-09.47.08:706][  0]LogInit:  - bUseHttpProxy = false  - Libcurl will NOT use HTTP proxy
[2016.03.24-09.47.08:706][  0]LogInit:  - bDontReuseConnections = false  - Libcurl will reuse connections
[2016.03.24-09.47.08:706][  0]LogInit:  - CertBundlePath = nullptr  - Libcurl will use whatever was configured at build time.
[2016.03.24-09.47.08:710][  0]LogInit: Presizing for 0 objects not considered by GC, pre-allocating 0 bytes.
[2016.03.24-09.47.08:716][  0]LogInit: Object subsystem initialized
[2016.03.24-09.47.08:717][  0]LogInit: Selected Device Profile: [Windows]
[2016.03.24-09.47.08:717][  0]LogInit: Applying CVar settings loaded from the selected device profile: [Windows]
[2016.03.24-09.47.08:727][  0]LogInit: Computer: PC1021500895
[2016.03.24-09.47.08:727][  0]LogInit: User: VR
[2016.03.24-09.47.08:727][  0]LogInit: CPU Page size=4096, Cores=4
[2016.03.24-09.47.08:727][  0]LogInit: High frequency timer resolution =3.507498 MHz
[2016.03.24-09.47.08:728][  0]LogMemory: Memory total: Physical=15.9GB (16GB approx)
[2016.03.24-09.47.08:728][  0]LogMemory: Platform Memory Stats for Windows
[2016.03.24-09.47.08:728][  0]LogMemory: Process Physical Memory: 53.20 MB used, 53.20 MB peak
[2016.03.24-09.47.08:728][  0]LogMemory: Process Virtual Memory: 55.23 MB used, 55.23 MB peak
[2016.03.24-09.47.08:728][  0]LogMemory: Physical Memory: 4411.80 MB used, 16261.17 MB total
[2016.03.24-09.47.08:728][  0]LogMemory: Virtual Memory: 346.75 MB used, 134217728.00 MB total
[2016.03.24-09.47.08:757][  0]LogTextLocalizationManager: No translations for ('de-DE') exist, falling back to 'en' for localization and internationalization data.
[2016.03.24-09.47.09:459][  0]LogD3D11RHI: Found D3D11 adapter 0: NVIDIA GeForce GTX 970 (Feature Level 11_0)
[2016.03.24-09.47.09:459][  0]LogD3D11RHI: Adapter has 3976MB of dedicated video memory, 0MB of dedicated system memory, and 8130MB of shared system memory, 1 output[s]
[2016.03.24-09.47.09:460][  0]LogD3D11RHI: Found D3D11 adapter 1: Microsoft Basic Render Driver (Feature Level 11_0)
[2016.03.24-09.47.09:460][  0]LogD3D11RHI: Adapter has 0MB of dedicated video memory, 0MB of dedicated system memory, and 256MB of shared system memory, 0 output[s]
[2016.03.24-09.47.09:460][  0]LogD3D11RHI: Chosen D3D11 Adapter Id = 0
[2016.03.24-09.47.09:465][  0]LogD3D11RHI: !Direct3DDevice
[2016.03.24-09.47.09:465][  0]LogRHI: Texture pool is 1361 MB (70% of 1945 MB)
[2016.03.24-09.47.09:476][  0]LogD3D11RHI: Async texture creation enabled
[2016.03.24-09.47.09:491][  0]LogShaderCompilers: Guid format shader working directory is 15 characters bigger than the processId version (../../../../../../UnrealProjects/GE_Project/Intermediate/Shaders/WorkingDirectory/3476/).
[2016.03.24-09.47.09:491][  0]LogShaderCompilers: Cleaned the shader compiler working directory '../../../../../../UnrealProjects/GE_Project/Intermediate/Shaders/tmp/22D8D2D4471623A32FEC5AB16080928A/'.
[2016.03.24-09.47.09:491][  0]LogShaderCompilers:Display: Using Local Shader Compiler.
[2016.03.24-09.47.10:354][  0]LogTemp:Display: Loaded TP AllDesktopTargetPlatform
[2016.03.24-09.47.10:357][  0]LogTemp:Display: Loaded TP WindowsClientTargetPlatform
[2016.03.24-09.47.10:362][  0]LogTemp:Display: Loaded TP WindowsNoEditorTargetPlatform
[2016.03.24-09.47.10:366][  0]LogTemp:Display: Loaded TP WindowsServerTargetPlatform
[2016.03.24-09.47.10:371][  0]LogTemp:Display: Loaded TP WindowsTargetPlatform
[2016.03.24-09.47.10:374][  0]LogTemp:Display: Loaded TP AndroidTargetPlatform
[2016.03.24-09.47.10:376][  0]LogTemp:Display: Loaded TP Android_ASTCTargetPlatform
[2016.03.24-09.47.10:379][  0]LogTemp:Display: Loaded TP Android_ATCTargetPlatform
[2016.03.24-09.47.10:382][  0]LogTemp:Display: Loaded TP Android_DXTTargetPlatform
[2016.03.24-09.47.10:384][  0]LogTemp:Display: Loaded TP Android_ETC1TargetPlatform
[2016.03.24-09.47.10:387][  0]LogTemp:Display: Loaded TP Android_ETC2TargetPlatform
[2016.03.24-09.47.10:389][  0]LogTemp:Display: Loaded TP Android_PVRTCTargetPlatform
[2016.03.24-09.47.10:390][  0]LogTemp:Display: Loaded TP HTML5TargetPlatform
[2016.03.24-09.47.10:405][  0]LogTemp:Display: Loaded TP IOSTargetPlatform
[2016.03.24-09.47.10:407][  0]LogTemp:Display: Loaded TP LinuxNoEditorTargetPlatform
[2016.03.24-09.47.10:410][  0]LogTemp:Display: Loaded TP LinuxServerTargetPlatform
[2016.03.24-09.47.10:412][  0]LogTemp:Display: Loaded TP LinuxTargetPlatform
[2016.03.24-09.47.10:412][  0]LogTargetPlatformManager:Display: Building Assets For Windows
[2016.03.24-09.47.10:468][  0]LogDerivedDataCache:Display: Max Cache Size: 512 MB
[2016.03.24-09.47.10:509][  0]LogDerivedDataCache: Loaded boot cache 0.04s 41MB C:/Users/VR/AppData/Local/UnrealEngine/4.9/DerivedDataCache/Boot.ddc.
[2016.03.24-09.47.10:509][  0]LogDerivedDataCache:Display: Loaded Boot cache: C:/Users/VR/AppData/Local/UnrealEngine/4.9/DerivedDataCache/Boot.ddc
[2016.03.24-09.47.10:509][  0]LogDerivedDataCache: FDerivedDataBackendGraph:  Pak pak cache file ../../../../../../UnrealProjects/GE_Project/DerivedDataCache/DDC.ddp not found, will not use a pak cache.
[2016.03.24-09.47.10:509][  0]LogDerivedDataCache: Unable to find inner node Pak for hierarchical cache Hierarchy.
[2016.03.24-09.47.10:509][  0]LogDerivedDataCache: FDerivedDataBackendGraph:  CompressedPak pak cache file ../../../../../../UnrealProjects/GE_Project/DerivedDataCache/Compressed.ddp not found, will not use a pak cache.
[2016.03.24-09.47.10:509][  0]LogDerivedDataCache: Unable to find inner node CompressedPak for hierarchical cache Hierarchy.
[2016.03.24-09.47.10:631][  0]LogDerivedDataCache:Display: Pak cache opened for reading ../../../Engine/DerivedDataCache/Compressed.ddp.
[2016.03.24-09.47.10:643][  0]LogDerivedDataCache: Using Local data cache path C:/Users/VR/AppData/Local/UnrealEngine/Common/DerivedDataCache: Writable
[2016.03.24-09.47.10:793][  0]LogInit: Selected Device Profile: [Windows]
[2016.03.24-09.47.10:796][  0]LogContentStreaming: Texture pool size is 0.000000MB
[2016.03.24-09.47.10:895][  0]LogMeshUtilities: No automatic mesh reduction module available
[2016.03.24-09.47.10:895][  0]LogMeshUtilities: No automatic mesh merging module available
[2016.03.24-09.47.11:093][  0]LogInit: WinSock: version 1.1 (2.2), MaxSocks=32767, MaxUdp=65467
[2016.03.24-09.47.11:683][  0]UdpMessaging: Initializing bridge on interface 0.0.0.0:0 to multicast group 230.0.0.1:6666.
[2016.03.24-09.47.11:805][  0]LogAssetRegistry: FAssetRegistry took 0.0109 seconds to start up
[2016.03.24-09.47.11:941][  0]SourceControl: Info Source control is disabled
[2016.03.24-09.47.11:948][  0]SourceControl: Info Source control is disabled
[2016.03.24-09.47.11:957][  0]SourceControl: Info Source control is disabled
[2016.03.24-09.47.11:966][  0]SourceControl: Info Source control is disabled
[2016.03.24-09.47.12:056][  0]LogFileManager:Warning: DeleteFile was unable to delete '../../../../../../UnrealProjects/GE_Project/Intermediate/CachedAssetRegistry.bin', retrying in .5s...
[2016.03.24-09.47.12:056][  0]LogLinker:Warning: Asset '../../../Engine/Plugins/Runtime/LeapMotionController/Content/LM_PassthroughMaterial.uasset' has been saved with empty engine version. The asset will be loaded but may be incompatible.
[2016.03.24-09.47.12:108][  0]LeapPluginLog: Using LeapPlugin version 0.9.6
[2016.03.24-09.47.12:112][  0]LogObj: 29251 objects as part of root set at end of initial load.
[2016.03.24-09.47.12:112][  0]LogUObjectAllocator: 6234648 out of 0 bytes used by permanent object pool.
[2016.03.24-09.47.12:170][  0]LogEngine: Initializing Engine...
[2016.03.24-09.47.12:171][  0]LogHMD: Can't find Oculus library dev build: is proper Runtime installed? Version: 0.7.0.0
[2016.03.24-09.47.12:556][  0]LogFileManager:Warning: DeleteFile recovered during retry!
[2016.03.24-09.47.12:556][  0]LogHMD: SteamVR initialized.  Driver: oculus  Display: 207KGV03FJGR
[2016.03.24-09.47.12:684][  0]LogAIModule: Creating AISystem for world NewWorld
[2016.03.24-09.47.12:697][  0]LogInit: XAudio2 using 'HP E221c-8 (NVIDIA High Definition Audio)' : 2 channels at 48 kHz using 16 bits per sample (channel mask 0x3)
[2016.03.24-09.47.12:712][  0]LogInit: FAudioDevice initialized.
[2016.03.24-09.47.12:736][  0]LogDerivedDataCache: Saved boot cache 0.02s 41MB C:/Users/VR/AppData/Local/UnrealEngine/4.9/DerivedDataCache/Boot.ddc.
[2016.03.24-09.47.12:741][  0]LogInit: Texture streaming: Enabled
[2016.03.24-09.47.12:745][  0]LogAnalytics: Creating configured Analytics provider AnalyticsET
[2016.03.24-09.47.12:745][  0]LogAnalytics: [UEEditor.Rocket.Release] APIServer = http://et2.epicgames.com/ET2/. AppVersion = 4.9.2-2707645+++depot+UE4-Releases+4.9
[2016.03.24-09.47.12:745][  0]LogAnalytics: [UEEditor.Rocket.Release] SetUserId 8c1436b7469470d4e6ebefb46ce7086e|0318ce7eb266467aa7a1e63543527494|c39e7128-8a93-45bc-b94e-b28d0faf1958
[2016.03.24-09.47.12:745][  0]LogAnalytics: [UEEditor.Rocket.Release] AnalyticsET::StartSession
[2016.03.24-09.47.12:756][  0]LogWindowsTextInputMethodSystem:Display: IME system now deactivated.
[2016.03.24-09.47.12:768][  0]LogInit: Transaction tracking system initialized
[2016.03.24-09.47.12:784][  0]BlueprintLog: New page: Editor Load
[2016.03.24-09.47.12:840][  0]LocalizationService: Info Localization service is disabled
[2016.03.24-09.47.12:886][  0]LogLinker:Warning: Can't find file '/Game/FirstPersonBP/FirstPersonOverview'
[2016.03.24-09.47.12:887][  0]LogLinker:Warning: Can't find file '/Game/FirstPersonBP/FirstPersonOverview'
[2016.03.24-09.47.12:887][  0]LogUObjectGlobals:Warning: Failed to find object 'Class /Game/FirstPersonBP/FirstPersonOverview.FirstPersonOverview_C'
[2016.03.24-09.47.12:898][  0]LogConsoleResponse:Display: 
[2016.03.24-09.47.13:016][  0]LogCook:Display: Done creating registry. It took  0.00s.
[2016.03.24-09.47.13:056][  0]LogFileCache: Scanning file cache for directory 'D:/UnrealProjects/GE_Project/Content/' took 0.01s
[2016.03.24-09.47.13:056][  0]SourceControl: Info Source control is disabled
[2016.03.24-09.47.13:057][  0]Cmd: MAP LOAD FILE="../../../../../../UnrealProjects/GE_Project/Content/StarterContent/Maps/Minimal_Default.umap" TEMPLATE=0 SHOWPROGRESS=1 FEATURELEVEL=3
[2016.03.24-09.47.13:057][  0]LightingResults: New page: Lighting Build
[2016.03.24-09.47.13:060][  0]MapCheck: New page: Map Check
[2016.03.24-09.47.13:060][  0]LightingResults: New page: Lighting Build
[2016.03.24-09.47.13:072][  0]LogParticles: Destroying 0 GPU particle simulations for FXSystem 0x000000F9864B3CE0
[2016.03.24-09.47.13:488][  0]LogAIModule: Creating AISystem for world Minimal_Default
[2016.03.24-09.47.13:495][  0]LogEditorServer: Finished looking for orphan Actors (0.000 secs)
[2016.03.24-09.47.13:495][  0]Cmd: MAP CHECKDEP NOCLEARLOG
[2016.03.24-09.47.13:541][  0]MapCheck: Info Map check complete: 0 Error(s), 0 Warning(s), took 45.424ms to complete.
[2016.03.24-09.47.13:541][  0]LogFileHelpers: Loading map 'Minimal_Default' took 0.484
[2016.03.24-09.47.13:651][  0]LogCollectionManager: Loaded 0 collections in 0.001847 seconds
[2016.03.24-09.47.13:696][  0]LogFileCache: Scanning file cache for directory 'D:/UnrealProjects/GE_Project/Saved/Collections/' took 0.01s
[2016.03.24-09.47.13:696][  0]LogFileCache: Scanning file cache for directory 'D:/UnrealProjects/GE_Project/Content/Developers/VR/Collections/' took 0.01s
[2016.03.24-09.47.13:696][  0]LogFileCache: Scanning file cache for directory 'D:/UnrealProjects/GE_Project/Content/Collections/' took 0.01s
[2016.03.24-09.47.13:696][  0]LogContentBrowser: Native class hierarchy populated in 0.0104 seconds. Added 1918 classes and 347 folders.
[2016.03.24-09.47.13:701][  0]LogCollectionManager: Rebuilt the GUID cache for 0 collections in 0.000002 seconds
[2016.03.24-09.47.13:709][  0]LogContentBrowser: Native class hierarchy updated for 'WidgetCarousel' in 0.0012 seconds. Added 0 classes and 0 folders.
[2016.03.24-09.47.13:753][  0]LogContentBrowser: Native class hierarchy updated for 'AddContentDialog' in 0.0014 seconds. Added 0 classes and 0 folders.
[2016.03.24-09.47.13:756][  0]LogContentBrowser: Native class hierarchy updated for 'SceneOutliner' in 0.0008 seconds. Added 1 classes and 2 folders.
[2016.03.24-09.47.13:823][  0]LogCrashTracker: Crashtracker disabled due to settings.
[2016.03.24-09.47.13:827][  0]LogUObjectGlobals:Warning: Failed to find object 'Class None.'
[2016.03.24-09.47.13:850][  0]LogLoad: Full Startup: 5.84 seconds (BP compile: 0.05 seconds)
[2016.03.24-09.47.13:912][  0]LogContentStreaming: Texture pool size now 1000 MB
[2016.03.24-09.47.14:060][  0]LogRenderer: Reallocating scene render targets to support 1216x576 (Frame:2).
[2016.03.24-09.47.14:887][  3]LogAssetRegistry: Asset discovery search completed in 3.0931 seconds
[2016.03.24-09.47.14:887][  3]LogCollectionManager: Rebuilt the object cache for 0 collections in 0.000001 seconds (found 0 objects)
[2016.03.24-09.47.14:887][  3]LogCollectionManager: Fixed up redirectors for 0 collections in 0.000025 seconds (updated 0 objects)
[2016.03.24-09.47.19:203][391]LogFileCache: Retrieving MD5 hashes for directory 'D:/UnrealProjects/GE_Project/Content/' took 5.33s
[2016.03.24-09.47.19:983][472]LogBlueprint:Warning: [compiler Ue4ASP_Character] Warning Input Axis Event references unknown Axis 'LookUp' for  InputAxis LookUp 
[2016.03.24-09.47.19:983][472]LogBlueprint:Warning: [compiler Ue4ASP_Character] Warning Input Axis Event references unknown Axis 'Turn' for  InputAxis Turn 
[2016.03.24-09.47.19:984][472]LogBlueprint:Warning: [compiler Ue4ASP_Character] Warning Input Axis Event references unknown Axis 'MoveRight' for  InputAxis MoveRight 
[2016.03.24-09.47.19:984][472]LogBlueprint:Warning: [compiler Ue4ASP_Character] Warning Input Axis Event references unknown Axis 'MoveForward' for  InputAxis MoveForward 
[2016.03.24-09.47.19:986][472]LogBlueprint:Warning: [compiler Ue4ASP_Character] Warning [0011.97] Compile of Ue4ASP_Character successful, but with 4 Warning(s) [in 6 ms]
[2016.03.24-09.47.19:986][472]LogBlueprint:Warning: [compiler Ue4ASP_Character] Warning [0011.97] Compile of Ue4ASP_Character successful, but with 5 Warning(s) [in 0 ms]
[2016.03.24-09.47.19:986][472]LogBlueprint:Warning: [compiler Ue4ASP_Character] Warning [0011.97] Compile of Ue4ASP_Character successful, but with 6 Warning(s) [in 0 ms]
[2016.03.24-09.47.20:048][472]LogBlueprint:Warning: [compiler Ue4ASP_Character] Warning Input Axis Event references unknown Axis 'LookUp' for  InputAxis LookUp 
[2016.03.24-09.47.20:049][472]LogBlueprint:Warning: [compiler Ue4ASP_Character] Warning Input Axis Event references unknown Axis 'Turn' for  InputAxis Turn 
[2016.03.24-09.47.20:049][472]LogBlueprint:Warning: [compiler Ue4ASP_Character] Warning Input Axis Event references unknown Axis 'MoveRight' for  InputAxis MoveRight 
[2016.03.24-09.47.20:049][472]LogBlueprint:Warning: [compiler Ue4ASP_Character] Warning Input Axis Event references unknown Axis 'MoveForward' for  InputAxis MoveForward 
[2016.03.24-09.47.20:051][472]LogBlueprint:Warning: [compiler Ue4ASP_Character] Warning [0012.04] Compile of Ue4ASP_Character successful, but with 4 Warning(s) [in 7 ms]
[2016.03.24-09.47.20:052][472]LogBlueprint:Warning: [compiler Ue4ASP_Character] Warning [0012.04] Compile of Ue4ASP_Character successful, but with 5 Warning(s) [in 0 ms]
[2016.03.24-09.47.20:052][472]LogBlueprint:Warning: [compiler Ue4ASP_Character] Warning [0012.04] Compile of Ue4ASP_Character successful, but with 6 Warning(s) [in 0 ms]
[2016.03.24-09.47.20:579][472]LogAIModule: Creating AISystem for world MyFirstLevel
[2016.03.24-09.47.20:589][472]LogParticles:Warning: InitializeSystem called on an unregistered component. Template=/Game/Snow.Snow Component=/Game/MyFirstLevel.MyFirstLevel:PersistentLevel.Snow_2.ParticleSystemComponent0
[2016.03.24-09.47.20:590][472]LogParticles:Warning: InitializeSystem called on an unregistered component. Template=/Game/StarterContent/Particles/P_Fire.P_Fire Component=/Game/MyFirstLevel.MyFirstLevel:PersistentLevel.P_Fire_2.ParticleSystemComponent0
[2016.03.24-09.47.20:635][472]Cmd: MAP LOAD FILE="../../../../../../UnrealProjects/GE_Project/Content/MyFirstLevel.umap" TEMPLATE=0 SHOWPROGRESS=1 FEATURELEVEL=3
[2016.03.24-09.47.20:635][472]LightingResults: New page: Lighting Build
[2016.03.24-09.47.20:653][472]LoadErrors: New page: Loading map: MyFirstLevel.umap
[2016.03.24-09.47.20:654][472]MapCheck: New page: Map Check
[2016.03.24-09.47.20:654][472]LightingResults: New page: Lighting Build
[2016.03.24-09.47.20:667][472]LogParticles: Destroying 0 GPU particle simulations for FXSystem 0x000000F9EEE4A020
[2016.03.24-09.47.20:866][472]LogEditorServer: Finished looking for orphan Actors (0.000 secs)
[2016.03.24-09.47.20:921][472]Cmd: MAP CHECKDEP NOCLEARLOG
[2016.03.24-09.47.20:979][472]MapCheck: Info Map check complete: 0 Error(s), 0 Warning(s), took 58.167ms to complete.
[2016.03.24-09.47.20:979][472]LogFileHelpers: Loading map 'MyFirstLevel' took 0.345
[2016.03.24-09.47.21:016][473]Cmd: UpdateLandscapeEditorData -warnings
[2016.03.24-09.47.21:023][473]Cmd: UpdateLandscapeEditorData
[2016.03.24-09.47.24:181][824]LogPlayLevel: PlayLevel: No blueprints needed recompiling
[2016.03.24-09.47.24:181][824]PIE: New page: PIE session: MyFirstLevel (Mar 24, 2016, 11:47:24 AM)
[2016.03.24-09.47.24:181][824]LogPlayLevel: Creating play world package: /Game/UEDPIE_0_MyFirstLevel
[2016.03.24-09.47.24:227][824]LogPlayLevel: PIE: StaticDuplicateObject took: (0.045844s)
[2016.03.24-09.47.24:228][824]LogAIModule: Creating AISystem for world MyFirstLevel
[2016.03.24-09.47.24:228][824]LogPlayLevel: PIE: World Init took: (0.000817s)
[2016.03.24-09.47.24:228][824]LogPlayLevel: PIE: Created PIE world by copying editor world from /Game/MyFirstLevel.MyFirstLevel to /Game/UEDPIE_0_MyFirstLevel.MyFirstLevel (0.046902s)
[2016.03.24-09.47.24:228][824]LogActorComponent: UnregisterComponent: (/Engine/Transient.CharMoveComp) Not registered. Aborting.
[2016.03.24-09.47.24:256][824]LogInit: XAudio2 using 'HP E221c-8 (NVIDIA High Definition Audio)' : 2 channels at 48 kHz using 16 bits per sample (channel mask 0x3)
[2016.03.24-09.47.24:272][824]LogInit: FAudioDevice initialized.
[2016.03.24-09.47.24:474][824]LogWorld: Game class is 'BP_TheBeginningGameMode_C'
[2016.03.24-09.47.24:540][824]LogWorld: Bringing World /Game/UEDPIE_0_MyFirstLevel.MyFirstLevel up for play (max tick rate 0) at 2016.03.24-10.47.24
[2016.03.24-09.47.24:540][824]LogActor:Warning: GameSession /Game/UEDPIE_0_MyFirstLevel.MyFirstLevel:PersistentLevel.GameSession_0 has natively added scene component(s), but none of them were set as the actor's RootComponent - picking one arbitrarily
[2016.03.24-09.47.24:540][824]LogActor:Warning: GameNetworkManager /Game/UEDPIE_0_MyFirstLevel.MyFirstLevel:PersistentLevel.GameNetworkManager_0 has natively added scene component(s), but none of them were set as the actor's RootComponent - picking one arbitrarily
[2016.03.24-09.47.24:542][824]LogWorld: Bringing up level for play took: 0.067102
[2016.03.24-09.47.24:635][824]PIE: Info Play in editor start time for /Game/UEDPIE_0_MyFirstLevel -0.5
[2016.03.24-09.47.24:639][825]LogRenderer: Reallocating scene render targets to support 2600x1464 (Frame:672).
[2016.03.24-09.47.24:663][826]LogRenderTargetPool:Warning: r.RenderTargetPoolMin exceeded 450/400 MB (ok in editor, bad on fixed memory platform)
[2016.03.24-09.47.26:090][878]LogBlueprintUserMessages: [BP_Avatar_C_0] Hello
[2016.03.24-09.47.26:119][879]LogBlueprintUserMessages: [BP_Avatar_C_0] Hello
[2016.03.24-09.47.26:142][880]LogBlueprintUserMessages: [BP_Avatar_C_0] Hello
[2016.03.24-09.47.26:171][881]LogBlueprintUserMessages: [BP_Avatar_C_0] Hello
[2016.03.24-09.47.26:198][882]LogBlueprintUserMessages: [BP_Avatar_C_0] Hello
[2016.03.24-09.47.26:223][883]LogBlueprintUserMessages: [BP_Avatar_C_0] Hello
[2016.03.24-09.47.26:252][884]LogBlueprintUserMessages: [BP_Avatar_C_0] Hello
[2016.03.24-09.47.26:277][885]LogBlueprintUserMessages: [BP_Avatar_C_0] Hello
[2016.03.24-09.47.26:305][886]LogBlueprintUserMessages: [BP_Avatar_C_0] Hello
[2016.03.24-09.47.26:333][887]LogBlueprintUserMessages: [BP_Avatar_C_0] Hello
[2016.03.24-09.47.26:356][888]LogBlueprintUserMessages: [BP_Avatar_C_0] Hello
[2016.03.24-09.47.26:385][889]LogBlueprintUserMessages: [BP_Avatar_C_0] Hello
[2016.03.24-09.47.26:410][890]LogBlueprintUserMessages: [BP_Avatar_C_0] Hello
[2016.03.24-09.47.26:440][891]LogBlueprintUserMessages: [BP_Avatar_C_0] Hello
[2016.03.24-09.47.26:466][892]LogBlueprintUserMessages: [BP_Avatar_C_0] Hello
[2016.03.24-09.47.26:489][893]LogBlueprintUserMessages: [BP_Avatar_C_0] Hello
[2016.03.24-09.47.26:517][894]LogBlueprintUserMessages: [BP_Avatar_C_0] Hello
[2016.03.24-09.47.26:542][895]LogBlueprintUserMessages: [BP_Avatar_C_0] Hello
[2016.03.24-09.47.26:570][896]LogBlueprintUserMessages: [BP_Avatar_C_0] Hello
[2016.03.24-09.47.26:598][897]LogBlueprintUserMessages: [BP_Avatar_C_0] Hello
[2016.03.24-09.47.26:624][898]LogBlueprintUserMessages: [BP_Avatar_C_0] Hello
[2016.03.24-09.47.26:653][899]LogBlueprintUserMessages: [BP_Avatar_C_0] Hello
[2016.03.24-09.47.26:677][900]LogBlueprintUserMessages: [BP_Avatar_C_0] Hello
[2016.03.24-09.47.26:707][901]LogBlueprintUserMessages: [BP_Avatar_C_0] Hello
[2016.03.24-09.47.26:733][902]LogBlueprintUserMessages: [BP_Avatar_C_0] Hello
[2016.03.24-09.47.27:638][936]LogBlueprintUserMessages: [BP_Avatar_C_0] Hello
[2016.03.24-09.47.27:667][937]LogBlueprintUserMessages: [BP_Avatar_C_0] Hello
[2016.03.24-09.47.27:690][938]LogBlueprintUserMessages: [BP_Avatar_C_0] Hello
[2016.03.24-09.47.27:718][939]LogBlueprintUserMessages: [BP_Avatar_C_0] Hello
[2016.03.24-09.47.27:744][940]LogBlueprintUserMessages: [BP_Avatar_C_0] Hello
[2016.03.24-09.47.27:772][941]LogBlueprintUserMessages: [BP_Avatar_C_0] Hello
[2016.03.24-09.47.27:799][942]LogBlueprintUserMessages: [BP_Avatar_C_0] Hello
[2016.03.24-09.47.27:822][943]LogBlueprintUserMessages: [BP_Avatar_C_0] Hello
[2016.03.24-09.47.27:850][944]LogBlueprintUserMessages: [BP_Avatar_C_0] Hello
[2016.03.24-09.47.27:877][945]LogBlueprintUserMessages: [BP_Avatar_C_0] Hello
[2016.03.24-09.47.27:906][946]LogBlueprintUserMessages: [BP_Avatar_C_0] Hello
[2016.03.24-09.47.27:933][947]LogBlueprintUserMessages: [BP_Avatar_C_0] Hello
[2016.03.24-09.47.27:956][948]LogBlueprintUserMessages: [BP_Avatar_C_0] Hello
[2016.03.24-09.47.27:985][949]LogBlueprintUserMessages: [BP_Avatar_C_0] Hello
[2016.03.24-09.47.28:010][950]LogBlueprintUserMessages: [BP_Avatar_C_0] Hello
[2016.03.24-09.47.28:040][951]LogBlueprintUserMessages: [BP_Avatar_C_0] Hello
[2016.03.24-09.47.28:065][952]LogBlueprintUserMessages: [BP_Avatar_C_0] Hello
[2016.03.24-09.47.28:090][953]LogBlueprintUserMessages: [BP_Avatar_C_0] Hello
[2016.03.24-09.47.28:118][954]LogBlueprintUserMessages: [BP_Avatar_C_0] Hello
[2016.03.24-09.47.28:144][955]LogBlueprintUserMessages: [BP_Avatar_C_0] Hello
[2016.03.24-09.47.28:172][956]LogBlueprintUserMessages: [BP_Avatar_C_0] Hello
[2016.03.24-09.47.28:200][957]LogBlueprintUserMessages: [BP_Avatar_C_0] Hello
[2016.03.24-09.47.28:225][958]LogBlueprintUserMessages: [BP_Avatar_C_0] Hello
[2016.03.24-09.47.28:253][959]LogBlueprintUserMessages: [BP_Avatar_C_0] Hello
[2016.03.24-09.47.28:279][960]LogBlueprintUserMessages: [BP_Avatar_C_0] Hello
[2016.03.24-09.47.28:307][961]LogBlueprintUserMessages: [BP_Avatar_C_0] Hello
[2016.03.24-09.47.28:333][962]LogBlueprintUserMessages: [BP_Avatar_C_0] Hello
[2016.03.24-09.47.28:356][963]LogBlueprintUserMessages: [BP_Avatar_C_0] Hello
[2016.03.24-09.47.28:385][964]LogBlueprintUserMessages: [BP_Avatar_C_0] Hello
[2016.03.24-09.47.30:307][ 36]LogBlueprintUserMessages: [BP_Avatar_C_0] schuss
[2016.03.24-09.47.30:333][ 37]LogBlueprintUserMessages: [BP_Avatar_C_0] jeeeeeeeeeeeeeeeeeeeeeeeeeeeeeeeeee
[2016.03.24-09.47.30:333][ 37]LogBlueprintUserMessages: [BP_Avatar_C_0] schuss
[2016.03.24-09.47.30:359][ 38]LogBlueprintUserMessages: [BP_Avatar_C_0] jeeeeeeeeeeeeeeeeeeeeeeeeeeeeeeeeee
[2016.03.24-09.47.30:541][ 45]LogBlueprintUserMessages: [BP_Avatar_C_0] Hello
[2016.03.24-09.47.30:568][ 46]LogBlueprintUserMessages: [BP_Avatar_C_0] Hello
[2016.03.24-09.47.30:581][ 47]LogBlueprintUserMessages: [BP_Avatar_C_0] Hello
[2016.03.24-09.47.30:610][ 48]LogBlueprintUserMessages: [BP_Avatar_C_0] Hello
[2016.03.24-09.47.30:636][ 49]LogBlueprintUserMessages: [BP_Avatar_C_0] Hello
[2016.03.24-09.47.30:663][ 50]LogBlueprintUserMessages: [BP_Avatar_C_0] Hello
[2016.03.24-09.47.30:690][ 51]LogBlueprintUserMessages: [BP_Avatar_C_0] Hello
[2016.03.24-09.47.30:716][ 52]LogBlueprintUserMessages: [BP_Avatar_C_0] Hello
[2016.03.24-09.47.30:742][ 53]LogBlueprintUserMessages: [BP_Avatar_C_0] Hello
[2016.03.24-09.47.30:771][ 54]LogBlueprintUserMessages: [BP_Avatar_C_0] Hello
[2016.03.24-09.47.30:795][ 55]LogBlueprintUserMessages: [BP_Avatar_C_0] Hello
[2016.03.24-09.47.30:822][ 56]LogBlueprintUserMessages: [BP_Avatar_C_0] Hello
[2016.03.24-09.47.30:851][ 57]LogBlueprintUserMessages: [BP_Avatar_C_0] Hello
[2016.03.24-09.47.30:876][ 58]LogBlueprintUserMessages: [BP_Avatar_C_0] Hello
[2016.03.24-09.47.30:906][ 59]LogBlueprintUserMessages: [BP_Avatar_C_0] Hello
[2016.03.24-09.47.30:932][ 60]LogBlueprintUserMessages: [BP_Avatar_C_0] Hello
[2016.03.24-09.47.30:957][ 61]LogBlueprintUserMessages: [BP_Avatar_C_0] Hello
[2016.03.24-09.47.30:983][ 62]LogBlueprintUserMessages: [BP_Avatar_C_0] Hello
[2016.03.24-09.47.31:009][ 63]LogBlueprintUserMessages: [BP_Avatar_C_0] Hello
[2016.03.24-09.47.31:038][ 64]LogBlueprintUserMessages: [BP_Avatar_C_0] Hello
[2016.03.24-09.47.31:066][ 65]LogBlueprintUserMessages: [BP_Avatar_C_0] Hello
[2016.03.24-09.47.31:089][ 66]LogBlueprintUserMessages: [BP_Avatar_C_0] Hello
[2016.03.24-09.47.31:117][ 67]LogBlueprintUserMessages: [BP_Avatar_C_0] Hello
[2016.03.24-09.47.31:142][ 68]LogBlueprintUserMessages: [BP_Avatar_C_0] Hello
[2016.03.24-09.47.31:171][ 69]LogBlueprintUserMessages: [BP_Avatar_C_0] Hello
[2016.03.24-09.47.31:198][ 70]LogBlueprintUserMessages: [BP_Avatar_C_0] Hello
[2016.03.24-09.47.31:223][ 71]LogBlueprintUserMessages: [BP_Avatar_C_0] Hello
[2016.03.24-09.47.31:251][ 72]LogBlueprintUserMessages: [BP_Avatar_C_0] Hello
[2016.03.24-09.47.31:276][ 73]LogBlueprintUserMessages: [BP_Avatar_C_0] Hello
[2016.03.24-09.47.31:304][ 74]LogBlueprintUserMessages: [BP_Avatar_C_0] Hello
[2016.03.24-09.47.31:329][ 75]LogBlueprintUserMessages: [BP_Avatar_C_0] Hello
[2016.03.24-09.47.31:355][ 76]LogBlueprintUserMessages: [BP_Avatar_C_0] Hello
[2016.03.24-09.47.31:371][ 77]LogBlueprintUserMessages: [BP_Avatar_C_0] Hello
[2016.03.24-09.47.31:397][ 78]LogBlueprintUserMessages: [BP_Avatar_C_0] Hello
[2016.03.24-09.47.31:422][ 79]LogBlueprintUserMessages: [BP_Avatar_C_0] Hello
[2016.03.24-09.47.31:436][ 80]LogBlueprintUserMessages: [BP_Avatar_C_0] Hello
[2016.03.24-09.47.31:463][ 81]LogBlueprintUserMessages: [BP_Avatar_C_0] Hello
[2016.03.24-09.47.31:489][ 82]LogBlueprintUserMessages: [BP_Avatar_C_0] Hello
[2016.03.24-09.47.31:516][ 83]LogBlueprintUserMessages: [BP_Avatar_C_0] Hello
[2016.03.24-09.47.31:542][ 84]LogBlueprintUserMessages: [BP_Avatar_C_0] Hello
[2016.03.24-09.47.31:570][ 85]LogBlueprintUserMessages: [BP_Avatar_C_0] Hello
[2016.03.24-09.47.31:596][ 86]LogBlueprintUserMessages: [BP_Avatar_C_0] Hello
[2016.03.24-09.47.31:623][ 87]LogBlueprintUserMessages: [BP_Avatar_C_0] Hello
[2016.03.24-09.47.31:652][ 88]LogBlueprintUserMessages: [BP_Avatar_C_0] Hello
[2016.03.24-09.47.31:675][ 89]LogBlueprintUserMessages: [BP_Avatar_C_0] Hello
[2016.03.24-09.47.31:703][ 90]LogBlueprintUserMessages: [BP_Avatar_C_0] Hello
[2016.03.24-09.47.31:729][ 91]LogBlueprintUserMessages: [BP_Avatar_C_0] Hello
[2016.03.24-09.47.31:755][ 92]LogBlueprintUserMessages: [BP_Avatar_C_0] Hello
[2016.03.24-09.47.31:769][ 93]LogBlueprintUserMessages: [BP_Avatar_C_0] Hello
[2016.03.24-09.47.31:795][ 94]LogBlueprintUserMessages: [BP_Avatar_C_0] Hello
[2016.03.24-09.47.31:809][ 95]LogBlueprintUserMessages: [BP_Avatar_C_0] Hello
[2016.03.24-09.47.31:835][ 96]LogBlueprintUserMessages: [BP_Avatar_C_0] Hello
[2016.03.24-09.47.31:863][ 97]LogBlueprintUserMessages: [BP_Avatar_C_0] Hello
[2016.03.24-09.47.31:889][ 98]LogBlueprintUserMessages: [BP_Avatar_C_0] Hello
[2016.03.24-09.47.31:916][ 99]LogBlueprintUserMessages: [BP_Avatar_C_0] Hello
[2016.03.24-09.47.31:941][100]LogBlueprintUserMessages: [BP_Avatar_C_0] Hello
[2016.03.24-09.47.31:970][101]LogBlueprintUserMessages: [BP_Avatar_C_0] Hello
[2016.03.24-09.47.32:000][102]LogBlueprintUserMessages: [BP_Avatar_C_0] Hello
[2016.03.24-09.47.32:022][103]LogBlueprintUserMessages: [BP_Avatar_C_0] Hello
[2016.03.24-09.47.32:049][104]LogBlueprintUserMessages: [BP_Avatar_C_0] Hello
[2016.03.24-09.47.32:076][105]LogBlueprintUserMessages: [BP_Avatar_C_0] Hello
[2016.03.24-09.47.32:103][106]LogBlueprintUserMessages: [BP_Avatar_C_0] Hello
[2016.03.24-09.47.32:130][107]LogBlueprintUserMessages: [BP_Avatar_C_0] Hello
[2016.03.24-09.47.32:155][108]LogBlueprintUserMessages: [BP_Avatar_C_0] Hello
[2016.03.24-09.47.32:182][109]LogBlueprintUserMessages: [BP_Avatar_C_0] Hello
[2016.03.24-09.47.32:208][110]LogBlueprintUserMessages: [BP_Avatar_C_0] Hello
[2016.03.24-09.47.32:236][111]LogBlueprintUserMessages: [BP_Avatar_C_0] Hello
[2016.03.24-09.47.32:265][112]LogBlueprintUserMessages: [BP_Avatar_C_0] Hello
[2016.03.24-09.47.32:289][113]LogBlueprintUserMessages: [BP_Avatar_C_0] Hello
[2016.03.24-09.47.32:317][114]LogBlueprintUserMessages: [BP_Avatar_C_0] Hello
[2016.03.24-09.47.32:342][115]LogBlueprintUserMessages: [BP_Avatar_C_0] Hello
[2016.03.24-09.47.32:370][116]LogBlueprintUserMessages: [BP_Avatar_C_0] Hello
[2016.03.24-09.47.32:397][117]LogBlueprintUserMessages: [BP_Avatar_C_0] Hello
[2016.03.24-09.47.32:423][118]LogBlueprintUserMessages: [BP_Avatar_C_0] Hello
[2016.03.24-09.47.32:450][119]LogBlueprintUserMessages: [BP_Avatar_C_0] Hello
[2016.03.24-09.47.32:475][120]LogBlueprintUserMessages: [BP_Avatar_C_0] Hello
[2016.03.24-09.47.32:504][121]LogBlueprintUserMessages: [BP_Avatar_C_0] Hello
[2016.03.24-09.47.32:529][122]LogBlueprintUserMessages: [BP_Avatar_C_0] Hello
[2016.03.24-09.47.32:555][123]LogBlueprintUserMessages: [BP_Avatar_C_0] Hello
[2016.03.24-09.47.32:570][124]LogBlueprintUserMessages: [BP_Avatar_C_0] Hello
[2016.03.24-09.47.32:597][125]LogBlueprintUserMessages: [BP_Avatar_C_0] Hello
[2016.03.24-09.47.32:622][126]LogBlueprintUserMessages: [BP_Avatar_C_0] Hello
[2016.03.24-09.47.32:637][127]LogBlueprintUserMessages: [BP_Avatar_C_0] Hello
[2016.03.24-09.47.32:663][128]LogBlueprintUserMessages: [BP_Avatar_C_0] Hello
[2016.03.24-09.47.32:689][129]LogBlueprintUserMessages: [BP_Avatar_C_0] Hello
[2016.03.24-09.47.32:716][130]LogBlueprintUserMessages: [BP_Avatar_C_0] Hello
[2016.03.24-09.47.32:742][131]LogBlueprintUserMessages: [BP_Avatar_C_0] Hello
[2016.03.24-09.47.32:769][132]LogBlueprintUserMessages: [BP_Avatar_C_0] Hello
[2016.03.24-09.47.32:796][133]LogBlueprintUserMessages: [BP_Avatar_C_0] Hello
[2016.03.24-09.47.33:421][160]LogBlueprintUserMessages: [BP_Avatar_C_0] Hello
[2016.03.24-09.47.33:436][161]LogBlueprintUserMessages: [BP_Avatar_C_0] Hello
[2016.03.24-09.47.33:462][162]LogBlueprintUserMessages: [BP_Avatar_C_0] Hello
[2016.03.24-09.47.33:476][163]LogBlueprintUserMessages: [BP_Avatar_C_0] Hello
[2016.03.24-09.47.33:502][164]LogBlueprintUserMessages: [BP_Avatar_C_0] Hello
[2016.03.24-09.47.33:529][165]LogBlueprintUserMessages: [BP_Avatar_C_0] Hello
[2016.03.24-09.47.33:541][166]LogBlueprintUserMessages: [BP_Avatar_C_0] Hello
[2016.03.24-09.47.33:569][167]LogBlueprintUserMessages: [BP_Avatar_C_0] Hello
[2016.03.24-09.47.33:595][168]LogBlueprintUserMessages: [BP_Avatar_C_0] Hello
[2016.03.24-09.47.33:608][169]LogBlueprintUserMessages: [BP_Avatar_C_0] Hello
[2016.03.24-09.47.33:622][170]LogBlueprintUserMessages: [BP_Avatar_C_0] Hello
[2016.03.24-09.47.33:648][171]LogBlueprintUserMessages: [BP_Avatar_C_0] Hello
[2016.03.24-09.47.33:675][172]LogBlueprintUserMessages: [BP_Avatar_C_0] Hello
[2016.03.24-09.47.33:702][173]LogBlueprintUserMessages: [BP_Avatar_C_0] Hello
[2016.03.24-09.47.33:716][174]LogBlueprintUserMessages: [BP_Avatar_C_0] Hello
[2016.03.24-09.47.33:742][175]LogBlueprintUserMessages: [BP_Avatar_C_0] Hello
[2016.03.24-09.47.33:769][176]LogBlueprintUserMessages: [BP_Avatar_C_0] Hello
[2016.03.24-09.47.33:782][177]LogBlueprintUserMessages: [BP_Avatar_C_0] Hello
[2016.03.24-09.47.33:809][178]LogBlueprintUserMessages: [BP_Avatar_C_0] Hello
[2016.03.24-09.47.33:907][179]LogActorComponent: UnregisterComponent: (/Engine/Transient.CharMoveComp) Not registered. Aborting.
[2016.03.24-09.47.33:907][179]LogActorComponent: UnregisterComponent: (/Engine/Transient.KinectInterface_GEN_VARIABLE) Not registered. Aborting.
[2016.03.24-09.47.33:907][179]LogActorComponent: UnregisterComponent: (/Engine/Transient.ProjectileComp) Not registered. Aborting.
[2016.03.24-09.47.33:931][179]LogParticles: Destroying 0 GPU particle simulations for FXSystem 0x000000F9B88E36A0
[2016.03.24-09.47.39:446][828]LogRenderTargetPool:Warning: r.RenderTargetPoolMin exceeded 620/400 MB (ok in editor, bad on fixed memory platform)
[2016.03.24-09.47.40:809][986]LogPlayLevel: PlayLevel: No blueprints needed recompiling
[2016.03.24-09.47.40:809][986]PIE: New page: PIE session: MyFirstLevel (Mar 24, 2016, 11:47:40 AM)
[2016.03.24-09.47.40:809][986]LogPlayLevel: Creating play world package: /Game/UEDPIE_0_MyFirstLevel
[2016.03.24-09.47.40:841][986]LogPlayLevel: PIE: StaticDuplicateObject took: (0.031996s)
[2016.03.24-09.47.40:841][986]LogAIModule: Creating AISystem for world MyFirstLevel
[2016.03.24-09.47.40:841][986]LogPlayLevel: PIE: World Init took: (0.000555s)
[2016.03.24-09.47.40:841][986]LogPlayLevel: PIE: Created PIE world by copying editor world from /Game/MyFirstLevel.MyFirstLevel to /Game/UEDPIE_0_MyFirstLevel.MyFirstLevel (0.032758s)
[2016.03.24-09.47.40:868][986]LogInit: XAudio2 using 'HP E221c-8 (NVIDIA High Definition Audio)' : 2 channels at 48 kHz using 16 bits per sample (channel mask 0x3)
[2016.03.24-09.47.40:885][986]LogInit: FAudioDevice initialized.
[2016.03.24-09.47.40:985][986]LogWorld: Game class is 'BP_TheBeginningGameMode_C'
[2016.03.24-09.47.41:068][986]LogWorld: Bringing World /Game/UEDPIE_0_MyFirstLevel.MyFirstLevel up for play (max tick rate 0) at 2016.03.24-10.47.41
[2016.03.24-09.47.41:068][986]LogActor:Warning: GameSession /Game/UEDPIE_0_MyFirstLevel.MyFirstLevel:PersistentLevel.GameSession_1 has natively added scene component(s), but none of them were set as the actor's RootComponent - picking one arbitrarily
[2016.03.24-09.47.41:068][986]LogActor:Warning: GameNetworkManager /Game/UEDPIE_0_MyFirstLevel.MyFirstLevel:PersistentLevel.GameNetworkManager_1 has natively added scene component(s), but none of them were set as the actor's RootComponent - picking one arbitrarily
[2016.03.24-09.47.41:070][986]LogWorld: Bringing up level for play took: 0.084554
[2016.03.24-09.47.41:108][986]PIE: Info Play in editor start time for /Game/UEDPIE_0_MyFirstLevel -0.027
[2016.03.24-09.47.41:149][988]LogRenderTargetPool:Warning: r.RenderTargetPoolMin exceeded 483/400 MB (ok in editor, bad on fixed memory platform)
[2016.03.24-09.47.47:084][215]LogParticles: Destroying 0 GPU particle simulations for FXSystem 0x000000F9D000E7A0
[2016.03.24-09.47.57:805][486]LogPlayLevel: PlayLevel: No blueprints needed recompiling
[2016.03.24-09.47.57:805][486]PIE: New page: PIE session: MyFirstLevel (Mar 24, 2016, 11:47:57 AM)
[2016.03.24-09.47.57:805][486]LogPlayLevel: Creating play world package: /Game/UEDPIE_0_MyFirstLevel
[2016.03.24-09.47.57:833][486]LogPlayLevel: PIE: StaticDuplicateObject took: (0.027406s)
[2016.03.24-09.47.57:833][486]LogAIModule: Creating AISystem for world MyFirstLevel
[2016.03.24-09.47.57:833][486]LogPlayLevel: PIE: World Init took: (0.000474s)
[2016.03.24-09.47.57:833][486]LogPlayLevel: PIE: Created PIE world by copying editor world from /Game/MyFirstLevel.MyFirstLevel to /Game/UEDPIE_0_MyFirstLevel.MyFirstLevel (0.028054s)
[2016.03.24-09.47.57:854][486]LogInit: XAudio2 using 'HP E221c-8 (NVIDIA High Definition Audio)' : 2 channels at 48 kHz using 16 bits per sample (channel mask 0x3)
[2016.03.24-09.47.57:864][486]LogInit: FAudioDevice initialized.
[2016.03.24-09.47.57:960][486]LogWorld: Game class is 'BP_TheBeginningGameMode_C'
[2016.03.24-09.47.58:031][486]LogWorld: Bringing World /Game/UEDPIE_0_MyFirstLevel.MyFirstLevel up for play (max tick rate 0) at 2016.03.24-10.47.58
[2016.03.24-09.47.58:031][486]LogActor:Warning: GameSession /Game/UEDPIE_0_MyFirstLevel.MyFirstLevel:PersistentLevel.GameSession_2 has natively added scene component(s), but none of them were set as the actor's RootComponent - picking one arbitrarily
[2016.03.24-09.47.58:031][486]LogActor:Warning: GameNetworkManager /Game/UEDPIE_0_MyFirstLevel.MyFirstLevel:PersistentLevel.GameNetworkManager_2 has natively added scene component(s), but none of them were set as the actor's RootComponent - picking one arbitrarily
[2016.03.24-09.47.58:033][486]LogWorld: Bringing up level for play took: 0.072707
[2016.03.24-09.47.58:064][486]PIE: Info Play in editor start time for /Game/UEDPIE_0_MyFirstLevel 0.929
[2016.03.24-09.47.58:090][488]LogRenderTargetPool:Warning: r.RenderTargetPoolMin exceeded 483/400 MB (ok in editor, bad on fixed memory platform)
[2016.03.24-09.48.00:520][578]LogParticles: Destroying 0 GPU particle simulations for FXSystem 0x000000F9B88E3740
[2016.03.24-09.48.18:284][299]LogRenderTargetPool:Warning: r.RenderTargetPoolMin exceeded 620/400 MB (ok in editor, bad on fixed memory platform)
[2016.03.24-09.48.35:020][288]LogPlayLevel: PlayLevel: No blueprints needed recompiling
[2016.03.24-09.48.35:020][288]PIE: New page: PIE session: MyFirstLevel (Mar 24, 2016, 11:48:35 AM)
[2016.03.24-09.48.35:020][288]LogPlayLevel: Creating play world package: /Game/UEDPIE_0_MyFirstLevel
[2016.03.24-09.48.35:047][288]LogPlayLevel: PIE: StaticDuplicateObject took: (0.026946s)
[2016.03.24-09.48.35:048][288]LogAIModule: Creating AISystem for world MyFirstLevel
[2016.03.24-09.48.35:048][288]LogPlayLevel: PIE: World Init took: (0.000491s)
[2016.03.24-09.48.35:048][288]LogPlayLevel: PIE: Created PIE world by copying editor world from /Game/MyFirstLevel.MyFirstLevel to /Game/UEDPIE_0_MyFirstLevel.MyFirstLevel (0.027619s)
[2016.03.24-09.48.35:048][288]LogActorComponent: UnregisterComponent: (/Engine/Transient.CharMoveComp) Not registered. Aborting.
[2016.03.24-09.48.35:048][288]LogActorComponent: UnregisterComponent: (/Engine/Transient.CharacterMovementComponent_0) Not registered. Aborting.
[2016.03.24-09.48.35:048][288]LogActorComponent: UnregisterComponent: (/Engine/Transient.KinectInterface_GEN_VARIABLE) Not registered. Aborting.
[2016.03.24-09.48.35:048][288]LogActorComponent: UnregisterComponent: (/Engine/Transient.ProjectileComp) Not registered. Aborting.
[2016.03.24-09.48.35:070][288]LogInit: XAudio2 using 'HP E221c-8 (NVIDIA High Definition Audio)' : 2 channels at 48 kHz using 16 bits per sample (channel mask 0x3)
[2016.03.24-09.48.35:080][288]LogInit: FAudioDevice initialized.
[2016.03.24-09.48.35:182][288]LogWorld: Game class is 'BP_TheBeginningGameMode_C'
[2016.03.24-09.48.35:257][288]LogWorld: Bringing World /Game/UEDPIE_0_MyFirstLevel.MyFirstLevel up for play (max tick rate 0) at 2016.03.24-10.48.35
[2016.03.24-09.48.35:257][288]LogActor:Warning: GameSession /Game/UEDPIE_0_MyFirstLevel.MyFirstLevel:PersistentLevel.GameSession_3 has natively added scene component(s), but none of them were set as the actor's RootComponent - picking one arbitrarily
[2016.03.24-09.48.35:257][288]LogActor:Warning: GameNetworkManager /Game/UEDPIE_0_MyFirstLevel.MyFirstLevel:PersistentLevel.GameNetworkManager_3 has natively added scene component(s), but none of them were set as the actor's RootComponent - picking one arbitrarily
[2016.03.24-09.48.35:260][288]LogWorld: Bringing up level for play took: 0.076851
[2016.03.24-09.48.35:295][288]PIE: Info Play in editor start time for /Game/UEDPIE_0_MyFirstLevel 0.161
[2016.03.24-09.48.35:319][290]LogRenderTargetPool:Warning: r.RenderTargetPoolMin exceeded 483/400 MB (ok in editor, bad on fixed memory platform)
[2016.03.24-09.48.36:721][339]LogParticles: Destroying 0 GPU particle simulations for FXSystem 0x000000F9AC182160
[2016.03.24-09.48.56:911][743]LogPlayLevel: PlayLevel: No blueprints needed recompiling
[2016.03.24-09.48.56:911][743]PIE: New page: PIE session: MyFirstLevel (Mar 24, 2016, 11:48:56 AM)
[2016.03.24-09.48.56:911][743]LogPlayLevel: Creating play world package: /Game/UEDPIE_0_MyFirstLevel
[2016.03.24-09.48.56:945][743]LogPlayLevel: PIE: StaticDuplicateObject took: (0.034617s)
[2016.03.24-09.48.56:946][743]LogAIModule: Creating AISystem for world MyFirstLevel
[2016.03.24-09.48.56:946][743]LogPlayLevel: PIE: World Init took: (0.000477s)
[2016.03.24-09.48.56:946][743]LogPlayLevel: PIE: Created PIE world by copying editor world from /Game/MyFirstLevel.MyFirstLevel to /Game/UEDPIE_0_MyFirstLevel.MyFirstLevel (0.035287s)
[2016.03.24-09.48.56:972][743]LogInit: XAudio2 using 'HP E221c-8 (NVIDIA High Definition Audio)' : 2 channels at 48 kHz using 16 bits per sample (channel mask 0x3)
[2016.03.24-09.48.56:984][743]LogInit: FAudioDevice initialized.
[2016.03.24-09.48.57:079][743]LogWorld: Game class is 'BP_TheBeginningGameMode_C'
[2016.03.24-09.48.57:156][743]LogWorld: Bringing World /Game/UEDPIE_0_MyFirstLevel.MyFirstLevel up for play (max tick rate 0) at 2016.03.24-10.48.57
[2016.03.24-09.48.57:156][743]LogActor:Warning: GameSession /Game/UEDPIE_0_MyFirstLevel.MyFirstLevel:PersistentLevel.GameSession_4 has natively added scene component(s), but none of them were set as the actor's RootComponent - picking one arbitrarily
[2016.03.24-09.48.57:156][743]LogActor:Warning: GameNetworkManager /Game/UEDPIE_0_MyFirstLevel.MyFirstLevel:PersistentLevel.GameNetworkManager_4 has natively added scene component(s), but none of them were set as the actor's RootComponent - picking one arbitrarily
[2016.03.24-09.48.57:158][743]LogWorld: Bringing up level for play took: 0.078200
[2016.03.24-09.48.57:192][743]PIE: Info Play in editor start time for /Game/UEDPIE_0_MyFirstLevel 0.058
[2016.03.24-09.48.57:211][745]LogRenderTargetPool:Warning: r.RenderTargetPoolMin exceeded 483/400 MB (ok in editor, bad on fixed memory platform)
[2016.03.24-09.49.00:219][833]LogParticles: Destroying 0 GPU particle simulations for FXSystem 0x000000F9C88BCEA0
[2016.03.24-09.49.07:282][651]LogWindowsTextInputMethodSystem:Display: IME system now deactivated.
[2016.03.24-09.49.07:531][652]Cmd: QUIT_EDITOR
[2016.03.24-09.49.08:416][652]LogExit: Preparing to exit.
[2016.03.24-09.49.08:887][652]LogExit: Editor shut down
[2016.03.24-09.49.08:887][652]LogExit: Transaction tracking system shut down
[2016.03.24-09.49.08:887][652]LogParticles: Destroying 0 GPU particle simulations for FXSystem 0x000000F9C1C16480
[2016.03.24-09.49.08:887][652]LogParticles: Destroying 0 GPU particle simulations for FXSystem 0x000000F9C1C16D40
[2016.03.24-09.49.08:888][652]LogParticles: Destroying 0 GPU particle simulations for FXSystem 0x000000F99468BB00
[2016.03.24-09.49.08:889][652]LogParticles: Destroying 0 GPU particle simulations for FXSystem 0x000000F9EEE48180
[2016.03.24-09.49.08:907][652]LogParticles: Destroying 0 GPU particle simulations for FXSystem 0x000000F9945ABC40
[2016.03.24-09.49.08:907][652]LeapPluginLog: LeapController::CleanupEventData Delete Called
[2016.03.24-09.49.09:034][652]LogExit: Object subsystem successfully closed.
[2016.03.24-09.49.09:048][652]LogD3D11RHI: Shutdown
[2016.03.24-09.49.09:048][652]LogD3D11RHI: CleanupD3DDevice
[2016.03.24-09.49.09:051][652]LogD3D11RHI: ~FD3D11DynamicRHI
[2016.03.24-09.49.09:062][652]LogModuleManager: Shutting down and abandoning module CrashTracker (200)
[2016.03.24-09.49.09:062][652]LogModuleManager: Shutting down and abandoning module SceneOutliner (199)
[2016.03.24-09.49.09:062][652]LogModuleManager: Shutting down and abandoning module SuperSearch (198)
[2016.03.24-09.49.09:062][652]LogModuleManager: Shutting down and abandoning module WidgetCarousel (197)
[2016.03.24-09.49.09:062][652]LogModuleManager: Shutting down and abandoning module AddContentDialog (196)
[2016.03.24-09.49.09:063][652]LogModuleManager: Shutting down and abandoning module EditorWidgets (195)
[2016.03.24-09.49.09:063][652]LogModuleManager: Shutting down and abandoning module CollectionManager (194)
[2016.03.24-09.49.09:063][652]LogModuleManager: Shutting down and abandoning module StatsViewer (193)
[2016.03.24-09.49.09:063][652]LogModuleManager: Shutting down and abandoning module FoliageEdit (192)
[2016.03.24-09.49.09:063][652]LogModuleManager: Shutting down and abandoning module LandscapeEditor (191)
[2016.03.24-09.49.09:063][652]LogModuleManager: Shutting down and abandoning module ActorPickerMode (190)
[2016.03.24-09.49.09:063][652]LogModuleManager: Shutting down and abandoning module GeometryMode (189)
[2016.03.24-09.49.09:063][652]LogModuleManager: Shutting down and abandoning module TextureAlignMode (188)
[2016.03.24-09.49.09:063][652]LogModuleManager: Shutting down and abandoning module BspMode (187)
[2016.03.24-09.49.09:063][652]LogModuleManager: Shutting down and abandoning module PlacementMode (186)
[2016.03.24-09.49.09:063][652]LogModuleManager: Shutting down and abandoning module AutomationWorker (185)
[2016.03.24-09.49.09:063][652]LogModuleManager: Shutting down and abandoning module CharacterAI (184)
[2016.03.24-09.49.09:063][652]LogModuleManager: Shutting down and abandoning module SmartSnapping (183)
[2016.03.24-09.49.09:063][652]LogModuleManager: Shutting down and abandoning module ViewportSnapping (182)
[2016.03.24-09.49.09:063][652]LogModuleManager: Shutting down and abandoning module LogVisualizer (181)
[2016.03.24-09.49.09:063][652]LogModuleManager: Shutting down and abandoning module GameProjectGeneration (180)
[2016.03.24-09.49.09:064][652]LogModuleManager: Shutting down and abandoning module IntroTutorials (179)
[2016.03.24-09.49.09:064][652]LogModuleManager: Shutting down and abandoning module EditorLiveStreaming (178)
[2016.03.24-09.49.09:064][652]LogModuleManager: Shutting down and abandoning module IOSPlatformEditor (177)
[2016.03.24-09.49.09:064][652]LogModuleManager: Shutting down and abandoning module HTML5PlatformEditor (176)
[2016.03.24-09.49.09:064][652]LogModuleManager: Shutting down and abandoning module AndroidDeviceDetection (175)
[2016.03.24-09.49.09:947][652]LogModuleManager: Shutting down and abandoning module AndroidPlatformEditor (174)
[2016.03.24-09.49.09:947][652]LogModuleManager: Shutting down and abandoning module IOSRuntimeSettings (173)
[2016.03.24-09.49.09:947][652]LogModuleManager: Shutting down and abandoning module AndroidRuntimeSettings (172)
[2016.03.24-09.49.09:947][652]LogModuleManager: Shutting down and abandoning module MergeActors (171)
[2016.03.24-09.49.09:947][652]LogModuleManager: Shutting down and abandoning module SizeMap (170)
[2016.03.24-09.49.09:947][652]LogModuleManager: Shutting down and abandoning module TreeMap (169)
[2016.03.24-09.49.09:947][652]LogModuleManager: Shutting down and abandoning module ReferenceViewer (168)
[2016.03.24-09.49.09:947][652]LogModuleManager: Shutting down and abandoning module LocalizationService (167)
[2016.03.24-09.49.09:947][652]LogModuleManager: Shutting down and abandoning module LocalizationDashboard (166)
[2016.03.24-09.49.09:947][652]LogModuleManager: Shutting down and abandoning module HardwareTargeting (165)
[2016.03.24-09.49.09:947][652]LogModuleManager: Shutting down and abandoning module DeviceProfileEditor (164)
[2016.03.24-09.49.09:947][652]LogModuleManager: Shutting down and abandoning module UndoHistory (163)
[2016.03.24-09.49.09:947][652]LogModuleManager: Shutting down and abandoning module GameplayTagsEditor (162)
[2016.03.24-09.49.09:947][652]LogModuleManager: Shutting down and abandoning module UserFeedback (161)
[2016.03.24-09.49.09:947][652]LogModuleManager: Shutting down and abandoning module XmlParser (160)
[2016.03.24-09.49.09:947][652]LogModuleManager: Shutting down and abandoning module Blutility (159)
[2016.03.24-09.49.09:947][652]LogModuleManager: Shutting down and abandoning module ProjectTargetPlatformEditor (158)
[2016.03.24-09.49.09:947][652]LogModuleManager: Shutting down and abandoning module ProjectSettingsViewer (157)
[2016.03.24-09.49.09:947][652]LogModuleManager: Shutting down and abandoning module InputBindingEditor (156)
[2016.03.24-09.49.09:947][652]LogModuleManager: Shutting down and abandoning module EditorSettingsViewer (155)
[2016.03.24-09.49.09:947][652]LogModuleManager: Shutting down and abandoning module SettingsEditor (154)
[2016.03.24-09.49.09:947][652]LogModuleManager: Shutting down and abandoning module ProjectLauncher (153)
[2016.03.24-09.49.09:947][652]LogModuleManager: Shutting down and abandoning module SessionFrontend (152)
[2016.03.24-09.49.09:948][652]LogModuleManager: Shutting down and abandoning module ProfilerClient (151)
[2016.03.24-09.49.09:948][652]LogModuleManager: Shutting down and abandoning module TargetDeviceServices (150)
[2016.03.24-09.49.09:948][652]LogModuleManager: Shutting down and abandoning module DeviceManager (149)
[2016.03.24-09.49.09:948][652]LogModuleManager: Shutting down and abandoning module AutomationController (148)
[2016.03.24-09.49.09:948][652]LogModuleManager: Shutting down and abandoning module AutomationWindow (147)
[2016.03.24-09.49.09:948][652]LogModuleManager: Shutting down and abandoning module Layers (146)
[2016.03.24-09.49.09:948][652]LogModuleManager: Shutting down and abandoning module ComponentVisualizers (145)
[2016.03.24-09.49.09:948][652]LogModuleManager: Shutting down and abandoning module DetailCustomizations (144)
[2016.03.24-09.49.09:948][652]LogModuleManager: Shutting down and abandoning module PackagesDialog (143)
[2016.03.24-09.49.09:948][652]LogModuleManager: Shutting down and abandoning module Persona (142)
[2016.03.24-09.49.09:948][652]LogModuleManager: Shutting down and abandoning module Kismet (141)
[2016.03.24-09.49.09:948][652]LogModuleManager: Shutting down and abandoning module GraphEditor (140)
[2016.03.24-09.49.09:948][652]LogModuleManager: Shutting down and abandoning module ClassViewer (139)
[2016.03.24-09.49.09:948][652]LogModuleManager: Shutting down and abandoning module Toolbox (138)
[2016.03.24-09.49.09:948][652]LogModuleManager: Shutting down and abandoning module ModuleUI (137)
[2016.03.24-09.49.09:948][652]LogModuleManager: Shutting down and abandoning module MovieSceneTools (136)
[2016.03.24-09.49.09:948][652]LogModuleManager: Shutting down and abandoning module OutputLog (135)
[2016.03.24-09.49.09:948][652]LogModuleManager: Shutting down and abandoning module GammaUI (134)
[2016.03.24-09.49.09:948][652]LogModuleManager: Shutting down and abandoning module Documentation (133)
[2016.03.24-09.49.09:948][652]LogModuleManager: Shutting down and abandoning module GameLiveStreaming (132)
[2016.03.24-09.49.09:948][652]LogModuleManager: Shutting down and abandoning module StreamingPauseRendering (131)
[2016.03.24-09.49.09:948][652]LogModuleManager: Shutting down and abandoning module AnalyticsET (130)
[2016.03.24-09.49.09:948][652]LogModuleManager: Shutting down and abandoning module Analytics (129)
[2016.03.24-09.49.09:948][652]LogModuleManager: Shutting down and abandoning module AITestSuite (128)
[2016.03.24-09.49.09:948][652]LogModuleManager: Shutting down and abandoning module GameplayDebugger (127)
[2016.03.24-09.49.09:948][652]LogModuleManager: Shutting down and abandoning module AIModule (126)
[2016.03.24-09.49.09:948][652]LogModuleManager: Shutting down and abandoning module ProfilerService (125)
[2016.03.24-09.49.09:953][652]LogModuleManager: Shutting down and abandoning module TaskGraph (124)
[2016.03.24-09.49.09:953][652]LogModuleManager: Shutting down and abandoning module LeapMotion (123)
[2016.03.24-09.49.09:964][652]LogModuleManager: Shutting down and abandoning module SlateRemote (122)
[2016.03.24-09.49.09:964][652]LogModuleManager: Shutting down and abandoning module SteamVRController (121)
[2016.03.24-09.49.09:964][652]LogModuleManager: Shutting down and abandoning module SteamVR (120)
[2016.03.24-09.49.09:964][652]LogModuleManager: Shutting down and abandoning module ProceduralMeshComponent (119)
[2016.03.24-09.49.09:964][652]LogModuleManager: Shutting down and abandoning module OculusRift (118)
[2016.03.24-09.49.09:964][652]LogModuleManager: Shutting down and abandoning module OculusLibrary (117)
[2016.03.24-09.49.09:964][652]LogModuleManager: Shutting down and abandoning module LeapMotionController (116)
[2016.03.24-09.49.09:979][652]LogModuleManager: Shutting down and abandoning module CustomMeshComponent (115)
[2016.03.24-09.49.09:979][652]LogModuleManager: Shutting down and abandoning module CableComponent (114)
[2016.03.24-09.49.09:979][652]LogModuleManager: Shutting down and abandoning module ArchVisCharacter (113)
[2016.03.24-09.49.09:979][652]LogModuleManager: Shutting down and abandoning module MessagingDebugger (112)
[2016.03.24-09.49.09:979][652]LogModuleManager: Shutting down and abandoning module MediaPlayerEditor (111)
[2016.03.24-09.49.09:979][652]LogModuleManager: Shutting down and abandoning module HTML5Networking (110)
[2016.03.24-09.49.09:979][652]LogModuleManager: Shutting down and abandoning module SpeedTreeImporter (109)
[2016.03.24-09.49.09:979][652]LogModuleManager: Shutting down and abandoning module PluginBrowser (108)
[2016.03.24-09.49.09:979][652]LogModuleManager: Shutting down and abandoning module EpicSurvey (107)
[2016.03.24-09.49.09:979][652]LogModuleManager: Shutting down and abandoning module DesktopPlatform (106)
[2016.03.24-09.49.09:979][652]LogModuleManager: Shutting down and abandoning module VisualStudioSourceCodeAccess (105)
[2016.03.24-09.49.09:979][652]LogModuleManager: Shutting down and abandoning module UObjectPlugin (104)
[2016.03.24-09.49.09:979][652]LogModuleManager: Shutting down and abandoning module SubversionSourceControl (103)
[2016.03.24-09.49.09:979][652]LogModuleManager: Shutting down and abandoning module PerforceSourceControl (102)
[2016.03.24-09.49.09:979][652]LogModuleManager: Shutting down and abandoning module SourceControl (101)
[2016.03.24-09.49.09:979][652]LogModuleManager: Shutting down and abandoning module GitSourceControl (100)
[2016.03.24-09.49.09:979][652]LogModuleManager: Shutting down and abandoning module LightPropagationVolumeEditor (99)
[2016.03.24-09.49.09:979][652]LogModuleManager: Shutting down and abandoning module PaperTiledImporter (98)
[2016.03.24-09.49.09:979][652]LogModuleManager: Shutting down and abandoning module PaperSpriteSheetImporter (97)
[2016.03.24-09.49.09:979][652]LogModuleManager: Shutting down and abandoning module MeshPaint (96)
[2016.03.24-09.49.09:979][652]LogModuleManager: Shutting down and abandoning module SlateReflector (95)
[2016.03.24-09.49.09:979][652]LogModuleManager: Shutting down and abandoning module HotReload (94)
[2016.03.24-09.49.09:979][652]LogModuleManager: Shutting down and abandoning module MainFrame (93)
[2016.03.24-09.49.09:979][652]LogModuleManager: Shutting down and abandoning module LevelEditor (92)
[2016.03.24-09.49.09:980][652]LogModuleManager: Shutting down and abandoning module DirectoryWatcher (91)
[2016.03.24-09.49.09:981][652]LogModuleManager: Shutting down and abandoning module AssetRegistry (90)
[2016.03.24-09.49.10:120][652]LogModuleManager: Shutting down and abandoning module ContentBrowser (89)
[2016.03.24-09.49.10:120][652]LogModuleManager: Shutting down and abandoning module Paper2DEditor (88)
[2016.03.24-09.49.10:120][652]LogModuleManager: Shutting down and abandoning module TheBeginning (87)
[2016.03.24-09.49.10:120][652]LogModuleManager: Shutting down and abandoning module Kinect4Unreal (86)
[2016.03.24-09.49.10:120][652]LogModuleManager: Shutting down and abandoning module UdpMessaging (85)
[2016.03.24-09.49.10:221][652]LogModuleManager: Shutting down and abandoning module LightPropagationVolumeRuntime (84)
[2016.03.24-09.49.10:221][652]LogModuleManager: Shutting down and abandoning module Paper2D (83)
[2016.03.24-09.49.10:221][652]LogModuleManager: Shutting down and abandoning module WindowsMoviePlayer (82)
[2016.03.24-09.49.10:224][652]LogModuleManager: Shutting down and abandoning module Media (81)
[2016.03.24-09.49.10:224][652]LogModuleManager: Shutting down and abandoning module WmfMedia (80)
[2016.03.24-09.49.10:224][652]LogModuleManager: Shutting down and abandoning module OnlineBlueprintSupport (79)
[2016.03.24-09.49.10:224][652]LogModuleManager: Shutting down and abandoning module GameplayTasksEditor (78)
[2016.03.24-09.49.10:224][652]LogModuleManager: Shutting down and abandoning module PropertyEditor (77)
[2016.03.24-09.49.10:224][652]LogModuleManager: Shutting down and abandoning module BehaviorTreeEditor (76)
[2016.03.24-09.49.10:224][652]LogModuleManager: Shutting down and abandoning module FunctionalTesting (75)
[2016.03.24-09.49.10:224][652]LogModuleManager: Shutting down and abandoning module CollisionAnalyzer (74)
[2016.03.24-09.49.10:224][652]LogModuleManager: Shutting down and abandoning module WorkspaceMenuStructure (73)
[2016.03.24-09.49.10:224][652]LogModuleManager: Shutting down and abandoning module MessageLog (72)
[2016.03.24-09.49.10:224][652]LogModuleManager: Shutting down and abandoning module Sequencer (71)
[2016.03.24-09.49.10:224][652]LogModuleManager: Shutting down and abandoning module AssetTools (70)
[2016.03.24-09.49.10:224][652]LogModuleManager: Shutting down and abandoning module UMGEditor (69)
[2016.03.24-09.49.10:224][652]LogModuleManager: Shutting down and abandoning module UMG (68)
[2016.03.24-09.49.10:224][652]LogModuleManager: Shutting down and abandoning module Slate (67)
[2016.03.24-09.49.10:224][652]LogModuleManager: Shutting down and abandoning module EditorStyle (66)
[2016.03.24-09.49.10:225][652]LogModuleManager: Shutting down and abandoning module SessionServices (65)
[2016.03.24-09.49.10:225][652]LogModuleManager: Shutting down and abandoning module SourceCodeAccess (64)
[2016.03.24-09.49.10:225][652]LogModuleManager: Shutting down and abandoning module HeadMountedDisplay (63)
[2016.03.24-09.49.10:225][652]LogModuleManager: Shutting down and abandoning module XAudio2 (62)
[2016.03.24-09.49.10:225][652]LogModuleManager: Shutting down and abandoning module Networking (60)
[2016.03.24-09.49.10:225][652]LogModuleManager: Shutting down and abandoning module Core (59)
[2016.03.24-09.49.10:225][652]LogModuleManager: Shutting down and abandoning module KismetCompiler (58)
[2016.03.24-09.49.10:225][652]LogModuleManager: Shutting down and abandoning module PhysXFormats (57)
[2016.03.24-09.49.10:225][652]LogModuleManager: Shutting down and abandoning module MeshUtilities (56)
[2016.03.24-09.49.10:225][652]LogModuleManager: Shutting down and abandoning module CookingStats (55)
[2016.03.24-09.49.10:230][652]LogModuleManager: Shutting down and abandoning module DerivedDataCache (54)
[2016.03.24-09.49.10:721][652]LogDerivedDataCache: Shutdown
[2016.03.24-09.49.10:721][652]LogModuleManager: Shutting down and abandoning module ShaderFormatOpenGL (53)
[2016.03.24-09.49.10:721][652]LogModuleManager: Shutting down and abandoning module ShaderFormatD3D (52)
[2016.03.24-09.49.10:721][652]LogModuleManager: Shutting down and abandoning module MetalShaderFormat (51)
[2016.03.24-09.49.10:721][652]LogModuleManager: Shutting down and abandoning module TextureFormatUncompressed (50)
[2016.03.24-09.49.10:721][652]LogModuleManager: Shutting down and abandoning module TextureFormatPVR (49)
[2016.03.24-09.49.10:721][652]LogModuleManager: Shutting down and abandoning module TextureFormatIntelISPCTexComp (48)
[2016.03.24-09.49.10:721][652]LogModuleManager: Shutting down and abandoning module TextureFormatDXT (47)
[2016.03.24-09.49.10:721][652]LogModuleManager: Shutting down and abandoning module ImageWrapper (46)
[2016.03.24-09.49.10:721][652]LogModuleManager: Shutting down and abandoning module TextureFormatASTC (45)
[2016.03.24-09.49.10:721][652]LogModuleManager: Shutting down and abandoning module TextureFormatAndroid (44)
[2016.03.24-09.49.10:721][652]LogModuleManager: Shutting down and abandoning module AudioFormatOpus (43)
[2016.03.24-09.49.10:721][652]LogModuleManager: Shutting down and abandoning module AudioFormatOgg (42)
[2016.03.24-09.49.10:721][652]LogModuleManager: Shutting down and abandoning module AudioFormatADPCM (41)
[2016.03.24-09.49.10:721][652]LogModuleManager: Shutting down and abandoning module LinuxTargetPlatform (40)
[2016.03.24-09.49.10:721][652]LogModuleManager: Shutting down and abandoning module LinuxServerTargetPlatform (39)
[2016.03.24-09.49.10:721][652]LogModuleManager: Shutting down and abandoning module LinuxNoEditorTargetPlatform (38)
[2016.03.24-09.49.10:721][652]LogModuleManager: Shutting down and abandoning module Messaging (37)
[2016.03.24-09.49.10:721][652]LogModuleManager: Shutting down and abandoning module IOSTargetPlatform (36)
[2016.03.24-09.49.10:721][652]LogModuleManager: Shutting down and abandoning module HTML5TargetPlatform (35)
[2016.03.24-09.49.10:721][652]LogModuleManager: Shutting down and abandoning module Android_PVRTCTargetPlatform (34)
[2016.03.24-09.49.10:721][652]LogModuleManager: Shutting down and abandoning module Android_ETC2TargetPlatform (33)
[2016.03.24-09.49.10:721][652]LogModuleManager: Shutting down and abandoning module Android_ETC1TargetPlatform (32)
[2016.03.24-09.49.10:721][652]LogModuleManager: Shutting down and abandoning module Android_DXTTargetPlatform (31)
[2016.03.24-09.49.10:721][652]LogModuleManager: Shutting down and abandoning module Android_ATCTargetPlatform (30)
[2016.03.24-09.49.10:721][652]LogModuleManager: Shutting down and abandoning module Android_ASTCTargetPlatform (29)
[2016.03.24-09.49.10:721][652]LogModuleManager: Shutting down and abandoning module AndroidTargetPlatform (28)
[2016.03.24-09.49.10:722][652]LogModuleManager: Shutting down and abandoning module WindowsTargetPlatform (27)
[2016.03.24-09.49.10:722][652]LogModuleManager: Shutting down and abandoning module WindowsServerTargetPlatform (26)
[2016.03.24-09.49.10:722][652]LogModuleManager: Shutting down and abandoning module WindowsNoEditorTargetPlatform (25)
[2016.03.24-09.49.10:722][652]LogModuleManager: Shutting down and abandoning module WindowsClientTargetPlatform (24)
[2016.03.24-09.49.10:722][652]LogModuleManager: Shutting down and abandoning module AllDesktopTargetPlatform (23)
[2016.03.24-09.49.10:722][652]LogModuleManager: Shutting down and abandoning module TargetPlatform (22)
[2016.03.24-09.49.10:722][652]LogModuleManager: Shutting down and abandoning module InputCore (21)
[2016.03.24-09.49.10:722][652]LogModuleManager: Shutting down and abandoning module Settings (20)
[2016.03.24-09.49.10:722][652]LogModuleManager: Shutting down and abandoning module OnlineSubsystem (18)
[2016.03.24-09.49.10:722][652]LogModuleManager: Shutting down and abandoning module HTTP (17)
[2016.03.24-09.49.11:724][652]LogModuleManager: Shutting down and abandoning module XMPP (16)
[2016.03.24-09.49.11:724][652]LogModuleManager: Shutting down and abandoning module ExampleDeviceProfileSelector (15)
[2016.03.24-09.49.11:724][652]LogModuleManager: Shutting down and abandoning module TextureCompressor (14)
[2016.03.24-09.49.11:724][652]LogModuleManager: Shutting down and abandoning module ShaderCore (13)
[2016.03.24-09.49.11:724][652]LogModuleManager: Shutting down and abandoning module Landscape (12)
[2016.03.24-09.49.11:724][652]LogModuleManager: Shutting down and abandoning module SlateRHIRenderer (11)
[2016.03.24-09.49.11:725][652]LogModuleManager: Shutting down and abandoning module OpenGLDrv (10)
[2016.03.24-09.49.11:725][652]LogModuleManager: Shutting down and abandoning module D3D11RHI (9)
[2016.03.24-09.49.11:725][652]LogModuleManager: Shutting down and abandoning module AnimGraphRuntime (8)
[2016.03.24-09.49.11:725][652]LogModuleManager: Shutting down and abandoning module Renderer (7)
[2016.03.24-09.49.11:725][652]LogModuleManager: Shutting down and abandoning module Engine (6)
[2016.03.24-09.49.11:725][652]LogModuleManager: Shutting down and abandoning module CoreUObject (5)
[2016.03.24-09.49.11:725][652]LogModuleManager: Shutting down and abandoning module NetworkFile (4)
[2016.03.24-09.49.11:725][652]LogModuleManager: Shutting down and abandoning module StreamingFile (3)
[2016.03.24-09.49.11:725][652]LogModuleManager: Shutting down and abandoning module SandboxFile (2)
[2016.03.24-09.49.11:725][652]LogModuleManager: Shutting down and abandoning module PakFile (1)
[2016.03.24-09.49.11:725][652]LogExit: Exiting.
[2016.03.24-09.49.11:727][652]Log file closed, 03/24/16 10:49:11
