[2016.03.24-09.53.02:096][  0]Log file open, 03/24/16 10:53:02
[2016.03.24-09.53.02:096][  0]LogInit:Display: Running engine for game: TheBeginning
[2016.03.24-09.53.02:096][  0]LogInit:Display: RandInit(-1421479814) SRandInit(-1421479814).
[2016.03.24-09.53.02:096][  0]LogTaskGraph: Started task graph with 4 named threads and 7 total threads.
[2016.03.24-09.53.02:096][  0]LogStats: Stats thread started at 0.072739
[2016.03.24-09.53.02:096][  0]LogInit: Version: 4.9.2-2707645+++depot+UE4-Releases+4.9
[2016.03.24-09.53.02:096][  0]LogInit: API Version: 2672455
[2016.03.24-09.53.02:096][  0]LogInit: Compiled (64-bit): Sep 28 2015 10:25:44
[2016.03.24-09.53.02:096][  0]LogInit: Compiled with Visual C++: 18.00.21005.01
[2016.03.24-09.53.02:096][  0]LogInit: Build Configuration: Development
[2016.03.24-09.53.02:096][  0]LogInit: Branch Name: ++depot+UE4-Releases+4.9
[2016.03.24-09.53.02:096][  0]LogInit: Command line:  
[2016.03.24-09.53.02:096][  0]LogInit: Base directory: D:/Programme/Epic Games/4.9/Engine/Binaries/Win64/
[2016.03.24-09.53.02:096][  0]LogInit: Rocket: 1
[2016.03.24-09.53.02:107][  0]LogInit: Using libcurl 7.41.0
[2016.03.24-09.53.02:107][  0]LogInit:  - built for x86_64-pc-win32
[2016.03.24-09.53.02:107][  0]LogInit:  - supports SSL with WinSSL
[2016.03.24-09.53.02:107][  0]LogInit:  - other features:
[2016.03.24-09.53.02:107][  0]LogInit:      CURL_VERSION_SSL
[2016.03.24-09.53.02:107][  0]LogInit:      CURL_VERSION_IPV6
[2016.03.24-09.53.02:107][  0]LogInit:      CURL_VERSION_ASYNCHDNS
[2016.03.24-09.53.02:107][  0]LogInit:      CURL_VERSION_LARGEFILE
[2016.03.24-09.53.02:107][  0]LogInit:      CURL_VERSION_IDN
[2016.03.24-09.53.02:107][  0]LogInit:  CurlRequestOptions (configurable via config and command line):
[2016.03.24-09.53.02:107][  0]LogInit:  - bVerifyPeer = true  - Libcurl will verify peer certificate
[2016.03.24-09.53.02:107][  0]LogInit:  - bUseHttpProxy = false  - Libcurl will NOT use HTTP proxy
[2016.03.24-09.53.02:107][  0]LogInit:  - bDontReuseConnections = false  - Libcurl will reuse connections
[2016.03.24-09.53.02:107][  0]LogInit:  - CertBundlePath = nullptr  - Libcurl will use whatever was configured at build time.
[2016.03.24-09.53.02:114][  0]LogInit: Presizing for 0 objects not considered by GC, pre-allocating 0 bytes.
[2016.03.24-09.53.02:120][  0]LogInit: Object subsystem initialized
[2016.03.24-09.53.02:121][  0]LogInit: Selected Device Profile: [Windows]
[2016.03.24-09.53.02:121][  0]LogInit: Applying CVar settings loaded from the selected device profile: [Windows]
[2016.03.24-09.53.02:131][  0]LogInit: Computer: PC1021500895
[2016.03.24-09.53.02:131][  0]LogInit: User: VR
[2016.03.24-09.53.02:131][  0]LogInit: CPU Page size=4096, Cores=4
[2016.03.24-09.53.02:131][  0]LogInit: High frequency timer resolution =3.507498 MHz
[2016.03.24-09.53.02:131][  0]LogMemory: Memory total: Physical=15.9GB (16GB approx)
[2016.03.24-09.53.02:131][  0]LogMemory: Platform Memory Stats for Windows
[2016.03.24-09.53.02:131][  0]LogMemory: Process Physical Memory: 53.21 MB used, 53.21 MB peak
[2016.03.24-09.53.02:131][  0]LogMemory: Process Virtual Memory: 55.23 MB used, 55.23 MB peak
[2016.03.24-09.53.02:131][  0]LogMemory: Physical Memory: 5437.21 MB used, 16261.17 MB total
[2016.03.24-09.53.02:131][  0]LogMemory: Virtual Memory: 346.75 MB used, 134217728.00 MB total
[2016.03.24-09.53.02:158][  0]LogTextLocalizationManager: No translations for ('de-DE') exist, falling back to 'en' for localization and internationalization data.
[2016.03.24-09.53.02:943][  0]LogD3D11RHI: Found D3D11 adapter 0: NVIDIA GeForce GTX 970 (Feature Level 11_0)
[2016.03.24-09.53.02:943][  0]LogD3D11RHI: Adapter has 3976MB of dedicated video memory, 0MB of dedicated system memory, and 8130MB of shared system memory, 1 output[s]
[2016.03.24-09.53.02:945][  0]LogD3D11RHI: Found D3D11 adapter 1: Microsoft Basic Render Driver (Feature Level 11_0)
[2016.03.24-09.53.02:945][  0]LogD3D11RHI: Adapter has 0MB of dedicated video memory, 0MB of dedicated system memory, and 256MB of shared system memory, 0 output[s]
[2016.03.24-09.53.02:945][  0]LogD3D11RHI: Chosen D3D11 Adapter Id = 0
[2016.03.24-09.53.02:949][  0]LogD3D11RHI: !Direct3DDevice
[2016.03.24-09.53.02:949][  0]LogRHI: Texture pool is 1361 MB (70% of 1945 MB)
[2016.03.24-09.53.02:961][  0]LogD3D11RHI: Async texture creation enabled
[2016.03.24-09.53.02:979][  0]LogShaderCompilers: Guid format shader working directory is 14 characters bigger than the processId version (../../../../../../UnrealProjects/GE_Project/Intermediate/Shaders/WorkingDirectory/10056/).
[2016.03.24-09.53.02:979][  0]LogShaderCompilers: Cleaned the shader compiler working directory '../../../../../../UnrealProjects/GE_Project/Intermediate/Shaders/tmp/C012A2334AF9E1C639A6B2A8D8C4BF03/'.
[2016.03.24-09.53.02:979][  0]LogShaderCompilers:Display: Using Local Shader Compiler.
[2016.03.24-09.53.03:946][  0]LogTemp:Display: Loaded TP AllDesktopTargetPlatform
[2016.03.24-09.53.03:950][  0]LogTemp:Display: Loaded TP WindowsClientTargetPlatform
[2016.03.24-09.53.03:954][  0]LogTemp:Display: Loaded TP WindowsNoEditorTargetPlatform
[2016.03.24-09.53.03:958][  0]LogTemp:Display: Loaded TP WindowsServerTargetPlatform
[2016.03.24-09.53.03:962][  0]LogTemp:Display: Loaded TP WindowsTargetPlatform
[2016.03.24-09.53.03:965][  0]LogTemp:Display: Loaded TP AndroidTargetPlatform
[2016.03.24-09.53.03:968][  0]LogTemp:Display: Loaded TP Android_ASTCTargetPlatform
[2016.03.24-09.53.03:970][  0]LogTemp:Display: Loaded TP Android_ATCTargetPlatform
[2016.03.24-09.53.03:973][  0]LogTemp:Display: Loaded TP Android_DXTTargetPlatform
[2016.03.24-09.53.03:975][  0]LogTemp:Display: Loaded TP Android_ETC1TargetPlatform
[2016.03.24-09.53.03:978][  0]LogTemp:Display: Loaded TP Android_ETC2TargetPlatform
[2016.03.24-09.53.03:980][  0]LogTemp:Display: Loaded TP Android_PVRTCTargetPlatform
[2016.03.24-09.53.03:981][  0]LogTemp:Display: Loaded TP HTML5TargetPlatform
[2016.03.24-09.53.03:996][  0]LogTemp:Display: Loaded TP IOSTargetPlatform
[2016.03.24-09.53.03:999][  0]LogTemp:Display: Loaded TP LinuxNoEditorTargetPlatform
[2016.03.24-09.53.04:002][  0]LogTemp:Display: Loaded TP LinuxServerTargetPlatform
[2016.03.24-09.53.04:004][  0]LogTemp:Display: Loaded TP LinuxTargetPlatform
[2016.03.24-09.53.04:004][  0]LogTargetPlatformManager:Display: Building Assets For Windows
[2016.03.24-09.53.04:069][  0]LogDerivedDataCache:Display: Max Cache Size: 512 MB
[2016.03.24-09.53.04:118][  0]LogDerivedDataCache: Loaded boot cache 0.05s 41MB C:/Users/VR/AppData/Local/UnrealEngine/4.9/DerivedDataCache/Boot.ddc.
[2016.03.24-09.53.04:118][  0]LogDerivedDataCache:Display: Loaded Boot cache: C:/Users/VR/AppData/Local/UnrealEngine/4.9/DerivedDataCache/Boot.ddc
[2016.03.24-09.53.04:118][  0]LogDerivedDataCache: FDerivedDataBackendGraph:  Pak pak cache file ../../../../../../UnrealProjects/GE_Project/DerivedDataCache/DDC.ddp not found, will not use a pak cache.
[2016.03.24-09.53.04:118][  0]LogDerivedDataCache: Unable to find inner node Pak for hierarchical cache Hierarchy.
[2016.03.24-09.53.04:118][  0]LogDerivedDataCache: FDerivedDataBackendGraph:  CompressedPak pak cache file ../../../../../../UnrealProjects/GE_Project/DerivedDataCache/Compressed.ddp not found, will not use a pak cache.
[2016.03.24-09.53.04:118][  0]LogDerivedDataCache: Unable to find inner node CompressedPak for hierarchical cache Hierarchy.
[2016.03.24-09.53.04:264][  0]LogDerivedDataCache:Display: Pak cache opened for reading ../../../Engine/DerivedDataCache/Compressed.ddp.
[2016.03.24-09.53.04:275][  0]LogDerivedDataCache: Using Local data cache path C:/Users/VR/AppData/Local/UnrealEngine/Common/DerivedDataCache: Writable
[2016.03.24-09.53.04:462][  0]LogInit: Selected Device Profile: [Windows]
[2016.03.24-09.53.04:465][  0]LogContentStreaming: Texture pool size is 0.000000MB
[2016.03.24-09.53.04:586][  0]LogMeshUtilities: No automatic mesh reduction module available
[2016.03.24-09.53.04:586][  0]LogMeshUtilities: No automatic mesh merging module available
[2016.03.24-09.53.04:840][  0]LogInit: WinSock: version 1.1 (2.2), MaxSocks=32767, MaxUdp=65467
[2016.03.24-09.53.05:511][  0]UdpMessaging: Initializing bridge on interface 0.0.0.0:0 to multicast group 230.0.0.1:6666.
[2016.03.24-09.53.05:641][  0]LogAssetRegistry: FAssetRegistry took 0.0104 seconds to start up
[2016.03.24-09.53.05:793][  0]SourceControl: Info Source control is disabled
[2016.03.24-09.53.05:800][  0]SourceControl: Info Source control is disabled
[2016.03.24-09.53.05:811][  0]SourceControl: Info Source control is disabled
[2016.03.24-09.53.05:818][  0]SourceControl: Info Source control is disabled
[2016.03.24-09.53.05:932][  0]LogLinker:Warning: Asset '../../../Engine/Plugins/Runtime/LeapMotionController/Content/LM_PassthroughMaterial.uasset' has been saved with empty engine version. The asset will be loaded but may be incompatible.
[2016.03.24-09.53.05:993][  0]LeapPluginLog: Using LeapPlugin version 0.9.6
[2016.03.24-09.53.05:998][  0]LogObj: 29251 objects as part of root set at end of initial load.
[2016.03.24-09.53.05:998][  0]LogUObjectAllocator: 6234648 out of 0 bytes used by permanent object pool.
[2016.03.24-09.53.06:058][  0]LogEngine: Initializing Engine...
[2016.03.24-09.53.06:059][  0]LogHMD: Can't find Oculus library dev build: is proper Runtime installed? Version: 0.7.0.0
[2016.03.24-09.53.06:462][  0]LogHMD: SteamVR initialized.  Driver: oculus  Display: 207KGV03FJGR
[2016.03.24-09.53.06:614][  0]LogAIModule: Creating AISystem for world NewWorld
[2016.03.24-09.53.06:631][  0]LogInit: XAudio2 using 'HP E221c-8 (NVIDIA High Definition Audio)' : 2 channels at 48 kHz using 16 bits per sample (channel mask 0x3)
[2016.03.24-09.53.06:649][  0]LogInit: FAudioDevice initialized.
[2016.03.24-09.53.06:675][  0]LogDerivedDataCache: Saved boot cache 0.03s 41MB C:/Users/VR/AppData/Local/UnrealEngine/4.9/DerivedDataCache/Boot.ddc.
[2016.03.24-09.53.06:680][  0]LogInit: Texture streaming: Enabled
[2016.03.24-09.53.06:685][  0]LogAnalytics: Creating configured Analytics provider AnalyticsET
[2016.03.24-09.53.06:685][  0]LogAnalytics: [UEEditor.Rocket.Release] APIServer = http://et2.epicgames.com/ET2/. AppVersion = 4.9.2-2707645+++depot+UE4-Releases+4.9
[2016.03.24-09.53.06:685][  0]LogAnalytics: [UEEditor.Rocket.Release] SetUserId 8c1436b7469470d4e6ebefb46ce7086e|0318ce7eb266467aa7a1e63543527494|c39e7128-8a93-45bc-b94e-b28d0faf1958
[2016.03.24-09.53.06:685][  0]LogAnalytics: [UEEditor.Rocket.Release] AnalyticsET::StartSession
[2016.03.24-09.53.06:697][  0]LogWindowsTextInputMethodSystem:Display: IME system now deactivated.
[2016.03.24-09.53.06:709][  0]LogInit: Transaction tracking system initialized
[2016.03.24-09.53.06:733][  0]BlueprintLog: New page: Editor Load
[2016.03.24-09.53.06:804][  0]LocalizationService: Info Localization service is disabled
[2016.03.24-09.53.06:867][  0]LogLinker:Warning: Can't find file '/Game/FirstPersonBP/FirstPersonOverview'
[2016.03.24-09.53.06:867][  0]LogLinker:Warning: Can't find file '/Game/FirstPersonBP/FirstPersonOverview'
[2016.03.24-09.53.06:867][  0]LogUObjectGlobals:Warning: Failed to find object 'Class /Game/FirstPersonBP/FirstPersonOverview.FirstPersonOverview_C'
[2016.03.24-09.53.06:881][  0]LogConsoleResponse:Display: 
[2016.03.24-09.53.07:009][  0]LogCook:Display: Done creating registry. It took  0.00s.
[2016.03.24-09.53.07:059][  0]LogFileCache: Scanning file cache for directory 'D:/UnrealProjects/GE_Project/Content/' took 0.01s
[2016.03.24-09.53.07:059][  0]SourceControl: Info Source control is disabled
[2016.03.24-09.53.07:059][  0]Cmd: MAP LOAD FILE="../../../../../../UnrealProjects/GE_Project/Content/StarterContent/Maps/Minimal_Default.umap" TEMPLATE=0 SHOWPROGRESS=1 FEATURELEVEL=3
[2016.03.24-09.53.07:060][  0]LightingResults: New page: Lighting Build
[2016.03.24-09.53.07:062][  0]MapCheck: New page: Map Check
[2016.03.24-09.53.07:062][  0]LightingResults: New page: Lighting Build
[2016.03.24-09.53.07:078][  0]LogParticles: Destroying 0 GPU particle simulations for FXSystem 0x00000048336FFCE0
[2016.03.24-09.53.07:534][  0]LogAIModule: Creating AISystem for world Minimal_Default
[2016.03.24-09.53.07:540][  0]LogEditorServer: Finished looking for orphan Actors (0.000 secs)
[2016.03.24-09.53.07:540][  0]Cmd: MAP CHECKDEP NOCLEARLOG
[2016.03.24-09.53.07:584][  0]MapCheck: Info Map check complete: 0 Error(s), 0 Warning(s), took 43.771ms to complete.
[2016.03.24-09.53.07:584][  0]LogFileHelpers: Loading map 'Minimal_Default' took 0.525
[2016.03.24-09.53.07:693][  0]LogCollectionManager: Loaded 0 collections in 0.001747 seconds
[2016.03.24-09.53.07:737][  0]LogFileCache: Scanning file cache for directory 'D:/UnrealProjects/GE_Project/Saved/Collections/' took 0.01s
[2016.03.24-09.53.07:737][  0]LogFileCache: Scanning file cache for directory 'D:/UnrealProjects/GE_Project/Content/Developers/VR/Collections/' took 0.01s
[2016.03.24-09.53.07:737][  0]LogFileCache: Scanning file cache for directory 'D:/UnrealProjects/GE_Project/Content/Collections/' took 0.01s
[2016.03.24-09.53.07:737][  0]LogContentBrowser: Native class hierarchy populated in 0.0106 seconds. Added 1918 classes and 347 folders.
[2016.03.24-09.53.07:743][  0]LogCollectionManager: Rebuilt the GUID cache for 0 collections in 0.000003 seconds
[2016.03.24-09.53.07:752][  0]LogContentBrowser: Native class hierarchy updated for 'WidgetCarousel' in 0.0008 seconds. Added 0 classes and 0 folders.
[2016.03.24-09.53.07:793][  0]LogContentBrowser: Native class hierarchy updated for 'AddContentDialog' in 0.0010 seconds. Added 0 classes and 0 folders.
[2016.03.24-09.53.07:797][  0]LogContentBrowser: Native class hierarchy updated for 'SceneOutliner' in 0.0009 seconds. Added 1 classes and 2 folders.
[2016.03.24-09.53.07:864][  0]LogCrashTracker: Crashtracker disabled due to settings.
[2016.03.24-09.53.07:868][  0]LogUObjectGlobals:Warning: Failed to find object 'Class None.'
[2016.03.24-09.53.07:891][  0]LogLoad: Full Startup: 6.52 seconds (BP compile: 0.06 seconds)
[2016.03.24-09.53.07:958][  0]LogContentStreaming: Texture pool size now 1000 MB
[2016.03.24-09.53.08:098][  0]LogRenderer: Reallocating scene render targets to support 1216x576 (Frame:2).
[2016.03.24-09.53.08:317][  3]LogAssetRegistry: Asset discovery search completed in 2.6861 seconds
[2016.03.24-09.53.08:317][  3]LogCollectionManager: Rebuilt the object cache for 0 collections in 0.000001 seconds (found 0 objects)
[2016.03.24-09.53.08:317][  3]LogCollectionManager: Fixed up redirectors for 0 collections in 0.000028 seconds (updated 0 objects)
[2016.03.24-09.53.13:185][547]LogFileCache: Retrieving MD5 hashes for directory 'D:/UnrealProjects/GE_Project/Content/' took 5.27s
[2016.03.24-09.53.13:632][594]LogBlueprintUserMessages: Early PlayInEditor Detection: Level '/Game/StarterContent/Maps/Minimal_Default.Minimal_Default:PersistentLevel' has LevelScriptBlueprint '/Game/StarterContent/Maps/Minimal_Default.Minimal_Default:PersistentLevel.Minimal_Default' with GeneratedClass '/Game/StarterContent/Maps/Minimal_Default.Minimal_Default_C' with ClassGeneratedBy '/Game/StarterContent/Maps/Minimal_Default.Minimal_Default:PersistentLevel.Minimal_Default'
[2016.03.24-09.53.13:633][594]LogPlayLevel: PlayLevel: No blueprints needed recompiling
[2016.03.24-09.53.13:633][594]PIE: New page: PIE session: Minimal_Default (Mar 24, 2016, 11:53:13 AM)
[2016.03.24-09.53.13:633][594]LogPlayLevel: Creating play world package: /Game/StarterContent/Maps/UEDPIE_0_Minimal_Default
[2016.03.24-09.53.13:653][594]LogPlayLevel: PIE: StaticDuplicateObject took: (0.020243s)
[2016.03.24-09.53.13:654][594]LogAIModule: Creating AISystem for world Minimal_Default
[2016.03.24-09.53.13:654][594]LogPlayLevel: PIE: World Init took: (0.000680s)
[2016.03.24-09.53.13:654][594]LogPlayLevel: PIE: Created PIE world by copying editor world from /Game/StarterContent/Maps/Minimal_Default.Minimal_Default to /Game/StarterContent/Maps/UEDPIE_0_Minimal_Default.Minimal_Default (0.021141s)
[2016.03.24-09.53.13:694][594]LogInit: XAudio2 using 'HP E221c-8 (NVIDIA High Definition Audio)' : 2 channels at 48 kHz using 16 bits per sample (channel mask 0x3)
[2016.03.24-09.53.13:712][594]LogInit: FAudioDevice initialized.
[2016.03.24-09.53.13:934][594]LogBlueprint:Warning: [compiler Ue4ASP_Character] Warning Input Axis Event references unknown Axis 'LookUp' for  InputAxis LookUp 
[2016.03.24-09.53.13:934][594]LogBlueprint:Warning: [compiler Ue4ASP_Character] Warning Input Axis Event references unknown Axis 'Turn' for  InputAxis Turn 
[2016.03.24-09.53.13:935][594]LogBlueprint:Warning: [compiler Ue4ASP_Character] Warning Input Axis Event references unknown Axis 'MoveRight' for  InputAxis MoveRight 
[2016.03.24-09.53.13:935][594]LogBlueprint:Warning: [compiler Ue4ASP_Character] Warning Input Axis Event references unknown Axis 'MoveForward' for  InputAxis MoveForward 
[2016.03.24-09.53.13:938][594]LogBlueprint:Warning: [compiler Ue4ASP_Character] Warning [0012.57] Compile of Ue4ASP_Character successful, but with 4 Warning(s) [in 8 ms]
[2016.03.24-09.53.13:938][594]LogBlueprint:Warning: [compiler Ue4ASP_Character] Warning [0012.57] Compile of Ue4ASP_Character successful, but with 5 Warning(s) [in 0 ms]
[2016.03.24-09.53.13:938][594]LogBlueprint:Warning: [compiler Ue4ASP_Character] Warning [0012.57] Compile of Ue4ASP_Character successful, but with 6 Warning(s) [in 0 ms]
[2016.03.24-09.53.14:004][594]LogBlueprint:Warning: [compiler Ue4ASP_Character] Warning Input Axis Event references unknown Axis 'LookUp' for  InputAxis LookUp 
[2016.03.24-09.53.14:004][594]LogBlueprint:Warning: [compiler Ue4ASP_Character] Warning Input Axis Event references unknown Axis 'Turn' for  InputAxis Turn 
[2016.03.24-09.53.14:005][594]LogBlueprint:Warning: [compiler Ue4ASP_Character] Warning Input Axis Event references unknown Axis 'MoveRight' for  InputAxis MoveRight 
[2016.03.24-09.53.14:005][594]LogBlueprint:Warning: [compiler Ue4ASP_Character] Warning Input Axis Event references unknown Axis 'MoveForward' for  InputAxis MoveForward 
[2016.03.24-09.53.14:009][594]LogBlueprint:Warning: [compiler Ue4ASP_Character] Warning [0012.64] Compile of Ue4ASP_Character successful, but with 4 Warning(s) [in 8 ms]
[2016.03.24-09.53.14:009][594]LogBlueprint:Warning: [compiler Ue4ASP_Character] Warning [0012.64] Compile of Ue4ASP_Character successful, but with 5 Warning(s) [in 0 ms]
[2016.03.24-09.53.14:009][594]LogBlueprint:Warning: [compiler Ue4ASP_Character] Warning [0012.64] Compile of Ue4ASP_Character successful, but with 6 Warning(s) [in 0 ms]
[2016.03.24-09.53.14:193][594]LogWorld: Game class is 'BP_TheBeginningGameMode_C'
[2016.03.24-09.53.14:196][594]LogWorld: Bringing World /Game/StarterContent/Maps/UEDPIE_0_Minimal_Default.Minimal_Default up for play (max tick rate 0) at 2016.03.24-10.53.14
[2016.03.24-09.53.14:196][594]LogActor:Warning: GameSession /Game/StarterContent/Maps/UEDPIE_0_Minimal_Default.Minimal_Default:PersistentLevel.GameSession_0 has natively added scene component(s), but none of them were set as the actor's RootComponent - picking one arbitrarily
[2016.03.24-09.53.14:196][594]LogActor:Warning: GameNetworkManager /Game/StarterContent/Maps/UEDPIE_0_Minimal_Default.Minimal_Default:PersistentLevel.GameNetworkManager_0 has natively added scene component(s), but none of them were set as the actor's RootComponent - picking one arbitrarily
[2016.03.24-09.53.14:196][594]LogWorld: Bringing up level for play took: 0.002387
[2016.03.24-09.53.14:330][594]PIE: Info Play in editor start time for /Game/StarterContent/Maps/UEDPIE_0_Minimal_Default 1.195
[2016.03.24-09.53.14:330][594]LogBlueprintUserMessages: Late PlayInEditor Detection: Level '/Game/StarterContent/Maps/Minimal_Default.Minimal_Default:PersistentLevel' has LevelScriptBlueprint '/Game/StarterContent/Maps/Minimal_Default.Minimal_Default:PersistentLevel.Minimal_Default' with GeneratedClass '/Game/StarterContent/Maps/Minimal_Default.Minimal_Default_C' with ClassGeneratedBy '/Game/StarterContent/Maps/Minimal_Default.Minimal_Default:PersistentLevel.Minimal_Default'
[2016.03.24-09.53.14:364][596]LogRenderer: Reallocating scene render targets to support 2600x1464 (Frame:587).
[2016.03.24-09.53.14:380][596]LogRenderTargetPool:Warning: r.RenderTargetPoolMin exceeded 512/400 MB (ok in editor, bad on fixed memory platform)
[2016.03.24-09.53.15:378][631]LogBlueprintUserMessages: Early EndPlayMap Detection: Level '/Game/StarterContent/Maps/Minimal_Default.Minimal_Default:PersistentLevel' has LevelScriptBlueprint '/Game/StarterContent/Maps/Minimal_Default.Minimal_Default:PersistentLevel.Minimal_Default' with GeneratedClass '/Game/StarterContent/Maps/Minimal_Default.Minimal_Default_C' with ClassGeneratedBy '/Game/StarterContent/Maps/Minimal_Default.Minimal_Default:PersistentLevel.Minimal_Default'
[2016.03.24-09.53.15:453][631]LogBlueprintUserMessages: Late EndPlayMap Detection: Level '/Game/StarterContent/Maps/Minimal_Default.Minimal_Default:PersistentLevel' has LevelScriptBlueprint '/Game/StarterContent/Maps/Minimal_Default.Minimal_Default:PersistentLevel.Minimal_Default' with GeneratedClass '/Game/StarterContent/Maps/Minimal_Default.Minimal_Default_C' with ClassGeneratedBy '/Game/StarterContent/Maps/Minimal_Default.Minimal_Default:PersistentLevel.Minimal_Default'
[2016.03.24-09.53.15:453][631]LogActorComponent: UnregisterComponent: (/Engine/Transient.ProjectileComp) Not registered. Aborting.
[2016.03.24-09.53.15:453][631]LogActorComponent: UnregisterComponent: (/Engine/Transient.CharMoveComp) Not registered. Aborting.
[2016.03.24-09.53.15:453][631]LogActorComponent: UnregisterComponent: (/Engine/Transient.KinectInterface_GEN_VARIABLE) Not registered. Aborting.
[2016.03.24-09.53.15:483][631]LogParticles: Destroying 0 GPU particle simulations for FXSystem 0x0000004844E52020
[2016.03.24-09.53.16:706][754]LogRenderTargetPool:Warning: r.RenderTargetPoolMin exceeded 630/400 MB (ok in editor, bad on fixed memory platform)
[2016.03.24-09.53.17:326][758]LogAIModule: Creating AISystem for world MyFirstLevel
[2016.03.24-09.53.17:335][758]LogParticles:Warning: InitializeSystem called on an unregistered component. Template=/Game/Snow.Snow Component=/Game/MyFirstLevel.MyFirstLevel:PersistentLevel.Snow_2.ParticleSystemComponent0
[2016.03.24-09.53.17:336][758]LogParticles:Warning: InitializeSystem called on an unregistered component. Template=/Game/StarterContent/Particles/P_Fire.P_Fire Component=/Game/MyFirstLevel.MyFirstLevel:PersistentLevel.P_Fire_2.ParticleSystemComponent0
[2016.03.24-09.53.17:356][758]LogActorComponent: UnregisterComponent: (/Engine/Transient.ProjectileComp) Not registered. Aborting.
[2016.03.24-09.53.17:356][758]LogActorComponent: UnregisterComponent: (/Engine/Transient.CharMoveComp) Not registered. Aborting.
[2016.03.24-09.53.17:357][758]LogActorComponent: UnregisterComponent: (/Engine/Transient.KinectInterface_GEN_VARIABLE) Not registered. Aborting.
[2016.03.24-09.53.17:379][758]Cmd: MAP LOAD FILE="../../../../../../UnrealProjects/GE_Project/Content/MyFirstLevel.umap" TEMPLATE=0 SHOWPROGRESS=1 FEATURELEVEL=3
[2016.03.24-09.53.17:379][758]LightingResults: New page: Lighting Build
[2016.03.24-09.53.17:398][758]LoadErrors: New page: Loading map: MyFirstLevel.umap
[2016.03.24-09.53.17:398][758]MapCheck: New page: Map Check
[2016.03.24-09.53.17:398][758]LightingResults: New page: Lighting Build
[2016.03.24-09.53.17:416][758]LogParticles: Destroying 0 GPU particle simulations for FXSystem 0x000000481B55F740
[2016.03.24-09.53.17:643][758]LogEditorServer: Finished looking for orphan Actors (0.000 secs)
[2016.03.24-09.53.17:707][758]Cmd: MAP CHECKDEP NOCLEARLOG
[2016.03.24-09.53.17:774][758]MapCheck: Info Map check complete: 0 Error(s), 0 Warning(s), took 66.785ms to complete.
[2016.03.24-09.53.17:774][758]LogFileHelpers: Loading map 'MyFirstLevel' took 0.396
[2016.03.24-09.53.17:814][759]Cmd: UpdateLandscapeEditorData -warnings
[2016.03.24-09.53.17:822][759]Cmd: UpdateLandscapeEditorData
[2016.03.24-09.53.17:880][761]LogRenderTargetPool:Warning: r.RenderTargetPoolMin exceeded 649/400 MB (ok in editor, bad on fixed memory platform)
[2016.03.24-09.53.19:949][961]LogPlayLevel: PlayLevel: No blueprints needed recompiling
[2016.03.24-09.53.19:949][961]PIE: New page: PIE session: MyFirstLevel (Mar 24, 2016, 11:53:19 AM)
[2016.03.24-09.53.19:949][961]LogPlayLevel: Creating play world package: /Game/UEDPIE_0_MyFirstLevel
[2016.03.24-09.53.19:993][961]LogPlayLevel: PIE: StaticDuplicateObject took: (0.043843s)
[2016.03.24-09.53.19:993][961]LogAIModule: Creating AISystem for world MyFirstLevel
[2016.03.24-09.53.19:993][961]LogPlayLevel: PIE: World Init took: (0.000577s)
[2016.03.24-09.53.19:993][961]LogPlayLevel: PIE: Created PIE world by copying editor world from /Game/MyFirstLevel.MyFirstLevel to /Game/UEDPIE_0_MyFirstLevel.MyFirstLevel (0.044671s)
[2016.03.24-09.53.19:993][961]LogActorComponent: UnregisterComponent: (/Engine/Transient.CharMoveComp) Not registered. Aborting.
[2016.03.24-09.53.19:993][961]LogActorComponent: UnregisterComponent: (/Engine/Transient.ProjectileComp) Not registered. Aborting.
[2016.03.24-09.53.19:993][961]LogActorComponent: UnregisterComponent: (/Engine/Transient.CharacterMovementComponent_0) Not registered. Aborting.
[2016.03.24-09.53.19:994][961]LogActorComponent: UnregisterComponent: (/Engine/Transient.KinectInterface_GEN_VARIABLE) Not registered. Aborting.
[2016.03.24-09.53.20:021][961]LogInit: XAudio2 using 'HP E221c-8 (NVIDIA High Definition Audio)' : 2 channels at 48 kHz using 16 bits per sample (channel mask 0x3)
[2016.03.24-09.53.20:034][961]LogInit: FAudioDevice initialized.
[2016.03.24-09.53.20:136][961]LogWorld: Game class is 'BP_TheBeginningGameMode_C'
[2016.03.24-09.53.20:213][961]LogWorld: Bringing World /Game/UEDPIE_0_MyFirstLevel.MyFirstLevel up for play (max tick rate 0) at 2016.03.24-10.53.20
[2016.03.24-09.53.20:213][961]LogActor:Warning: GameSession /Game/UEDPIE_0_MyFirstLevel.MyFirstLevel:PersistentLevel.GameSession_1 has natively added scene component(s), but none of them were set as the actor's RootComponent - picking one arbitrarily
[2016.03.24-09.53.20:213][961]LogActor:Warning: GameNetworkManager /Game/UEDPIE_0_MyFirstLevel.MyFirstLevel:PersistentLevel.GameNetworkManager_1 has natively added scene component(s), but none of them were set as the actor's RootComponent - picking one arbitrarily
[2016.03.24-09.53.20:215][961]LogWorld: Bringing up level for play took: 0.078440
[2016.03.24-09.53.20:267][961]PIE: Info Play in editor start time for /Game/UEDPIE_0_MyFirstLevel 1.133
[2016.03.24-09.53.20:295][963]LogRenderTargetPool:Warning: r.RenderTargetPoolMin exceeded 526/400 MB (ok in editor, bad on fixed memory platform)
[2016.03.24-09.53.22:620][ 46]LogParticles: Destroying 0 GPU particle simulations for FXSystem 0x0000004854CAD940
[2016.03.24-09.54.23:694][334]LogRenderTargetPool:Warning: r.RenderTargetPoolMin exceeded 620/400 MB (ok in editor, bad on fixed memory platform)
[2016.03.24-09.54.24:897][474]LogRenderTargetPool:Warning: r.RenderTargetPoolMin exceeded 620/400 MB (ok in editor, bad on fixed memory platform)
[2016.03.24-09.54.26:885][699]LogActorComponent: UnregisterComponent: (/Engine/Transient.ProjectileComp) Not registered. Aborting.
[2016.03.24-09.54.26:885][699]LogActorComponent: UnregisterComponent: (/Engine/Transient.CharMoveComp) Not registered. Aborting.
[2016.03.24-09.54.26:885][699]LogActorComponent: UnregisterComponent: (/Engine/Transient.KinectInterface_GEN_VARIABLE) Not registered. Aborting.
[2016.03.24-09.54.26:885][699]LogActorComponent: UnregisterComponent: (/Engine/Transient.CharacterMovementComponent_1) Not registered. Aborting.
[2016.03.24-09.54.26:945][699]Cmd: OBJ SAVEPACKAGE PACKAGE="/Game/MyFirstLevel" FILE="../../../../../../UnrealProjects/GE_Project/Saved/Autosaves/Game/UEDPCMyFirstLevel.umap" SILENT=true AUTOSAVING=true KEEPDIRTY=true
[2016.03.24-09.54.27:648][699]LogSavePackage: Save=693.103760ms
[2016.03.24-09.54.27:648][699]LogSavePackage: Moving '../../../../../../UnrealProjects/GE_Project/Saved/UEDPCMyFirstLevelECCFEF0E4B206E43774E80A3A24DB251.tmp' to '../../../../../../UnrealProjects/GE_Project/Saved/Autosaves/Game/UEDPCMyFirstLevel.umap'
[2016.03.24-09.54.27:650][699]LogSavePackage: Total save time: 704.064548ms
[2016.03.24-09.54.27:650][699]LogSavePackage:Warning: Finished SavePackage ../../../../../../UnrealProjects/GE_Project/Saved/Autosaves/Game/UEDPCMyFirstLevel.umap
[2016.03.24-09