[2016.03.24-09.49.09:490][  0]Log file open, 03/24/16 10:49:09
[2016.03.24-09.49.09:490][  0]LogInit:Display: Running engine for game: TheBeginning
[2016.03.24-09.49.09:490][  0]LogInit:Display: RandInit(2057853800) SRandInit(2057853801).
[2016.03.24-09.49.09:490][  0]LogTaskGraph: Started task graph with 4 named threads and 7 total threads.
[2016.03.24-09.49.09:490][  0]LogStats: Stats thread started at 0.074507
[2016.03.24-09.49.09:490][  0]LogInit: Version: 4.9.2-2707645+++depot+UE4-Releases+4.9
[2016.03.24-09.49.09:490][  0]LogInit: API Version: 2672455
[2016.03.24-09.49.09:490][  0]LogInit: Compiled (64-bit): Sep 28 2015 10:25:44
[2016.03.24-09.49.09:490][  0]LogInit: Compiled with Visual C++: 18.00.21005.01
[2016.03.24-09.49.09:490][  0]LogInit: Build Configuration: Development
[2016.03.24-09.49.09:490][  0]LogInit: Branch Name: ++depot+UE4-Releases+4.9
[2016.03.24-09.49.09:490][  0]LogInit: Command line:  
[2016.03.24-09.49.09:490][  0]LogInit: Base directory: D:/Programme/Epic Games/4.9/Engine/Binaries/Win64/
[2016.03.24-09.49.09:490][  0]LogInit: Rocket: 1
[2016.03.24-09.49.09:496][  0]LogInit: Using libcurl 7.41.0
[2016.03.24-09.49.09:496][  0]LogInit:  - built for x86_64-pc-win32
[2016.03.24-09.49.09:496][  0]LogInit:  - supports SSL with WinSSL
[2016.03.24-09.49.09:496][  0]LogInit:  - other features:
[2016.03.24-09.49.09:496][  0]LogInit:      CURL_VERSION_SSL
[2016.03.24-09.49.09:496][  0]LogInit:      CURL_VERSION_IPV6
[2016.03.24-09.49.09:496][  0]LogInit:      CURL_VERSION_ASYNCHDNS
[2016.03.24-09.49.09:496][  0]LogInit:      CURL_VERSION_LARGEFILE
[2016.03.24-09.49.09:496][  0]LogInit:      CURL_VERSION_IDN
[2016.03.24-09.49.09:496][  0]LogInit:  CurlRequestOptions (configurable via config and command line):
[2016.03.24-09.49.09:496][  0]LogInit:  - bVerifyPeer = true  - Libcurl will verify peer certificate
[2016.03.24-09.49.09:496][  0]LogInit:  - bUseHttpProxy = false  - Libcurl will NOT use HTTP proxy
[2016.03.24-09.49.09:496][  0]LogInit:  - bDontReuseConnections = false  - Libcurl will reuse connections
[2016.03.24-09.49.09:496][  0]LogInit:  - CertBundlePath = nullptr  - Libcurl will use whatever was configured at build time.
[2016.03.24-09.49.09:500][  0]LogInit: Presizing for 0 objects not considered by GC, pre-allocating 0 bytes.
[2016.03.24-09.49.09:506][  0]LogInit: Object subsystem initialized
[2016.03.24-09.49.09:507][  0]LogInit: Selected Device Profile: [Windows]
[2016.03.24-09.49.09:507][  0]LogInit: Applying CVar settings loaded from the selected device profile: [Windows]
[2016.03.24-09.49.09:514][  0]LogInit: Computer: PC1021500895
[2016.03.24-09.49.09:514][  0]LogInit: User: VR
[2016.03.24-09.49.09:514][  0]LogInit: CPU Page size=4096, Cores=4
[2016.03.24-09.49.09:514][  0]LogInit: High frequency timer resolution =3.507498 MHz
[2016.03.24-09.49.09:514][  0]LogMemory: Memory total: Physical=15.9GB (16GB approx)
[2016.03.24-09.49.09:514][  0]LogMemory: Platform Memory Stats for Windows
[2016.03.24-09.49.09:514][  0]LogMemory: Process Physical Memory: 53.20 MB used, 53.20 MB peak
[2016.03.24-09.49.09:514][  0]LogMemory: Process Virtual Memory: 55.23 MB used, 55.23 MB peak
[2016.03.24-09.49.09:514][  0]LogMemory: Physical Memory: 5374.13 MB used, 16261.17 MB total
[2016.03.24-09.49.09:514][  0]LogMemory: Virtual Memory: 346.75 MB used, 134217728.00 MB total
[2016.03.24-09.49.09:541][  0]LogTextLocalizationManager: No translations for ('de-DE') exist, falling back to 'en' for localization and internationalization data.
[2016.03.24-09.49.10:257][  0]LogD3D11RHI: Found D3D11 adapter 0: NVIDIA GeForce GTX 970 (Feature Level 11_0)
[2016.03.24-09.49.10:257][  0]LogD3D11RHI: Adapter has 3976MB of dedicated video memory, 0MB of dedicated system memory, and 8130MB of shared system memory, 1 output[s]
[2016.03.24-09.49.10:258][  0]LogD3D11RHI: Found D3D11 adapter 1: Microsoft Basic Render Driver (Feature Level 11_0)
[2016.03.24-09.49.10:258][  0]LogD3D11RHI: Adapter has 0MB of dedicated video memory, 0MB of dedicated system memory, and 256MB of shared system memory, 0 output[s]
[2016.03.24-09.49.10:258][  0]LogD3D11RHI: Chosen D3D11 Adapter Id = 0
[2016.03.24-09.49.10:262][  0]LogD3D11RHI: !Direct3DDevice
[2016.03.24-09.49.10:262][  0]LogRHI: Texture pool is 1361 MB (70% of 1945 MB)
[2016.03.24-09.49.10:273][  0]LogD3D11RHI: Async texture creation enabled
[2016.03.24-09.49.10:289][  0]LogShaderCompilers: Guid format shader working directory is 15 characters bigger than the processId version (../../../../../../UnrealProjects/GE_Project/Intermediate/Shaders/WorkingDirectory/4928/).
[2016.03.24-09.49.10:289][  0]LogShaderCompilers: Cleaned the shader compiler working directory '../../../../../../UnrealProjects/GE_Project/Intermediate/Shaders/tmp/E971E7AE4174E96391D42DAB713DBBC4/'.
[2016.03.24-09.49.10:289][  0]LogShaderCompilers:Display: Using Local Shader Compiler.
[2016.03.24-09.49.11:159][  0]LogTemp:Display: Loaded TP AllDesktopTargetPlatform
[2016.03.24-09.49.11:163][  0]LogTemp:Display: Loaded TP WindowsClientTargetPlatform
[2016.03.24-09.49.11:167][  0]LogTemp:Display: Loaded TP WindowsNoEditorTargetPlatform
[2016.03.24-09.49.11:171][  0]LogTemp:Display: Loaded TP WindowsServerTargetPlatform
[2016.03.24-09.49.11:174][  0]LogTemp:Display: Loaded TP WindowsTargetPlatform
[2016.03.24-09.49.11:176][  0]LogTemp:Display: Loaded TP AndroidTargetPlatform
[2016.03.24-09.49.11:178][  0]LogTemp:Display: Loaded TP Android_ASTCTargetPlatform
[2016.03.24-09.49.11:181][  0]LogTemp:Display: Loaded TP Android_ATCTargetPlatform
[2016.03.24-09.49.11:183][  0]LogTemp:Display: Loaded TP Android_DXTTargetPlatform
[2016.03.24-09.49.11:186][  0]LogTemp:Display: Loaded TP Android_ETC1TargetPlatform
[2016.03.24-09.49.11:188][  0]LogTemp:Display: Loaded TP Android_ETC2TargetPlatform
[2016.03.24-09.49.11:191][  0]LogTemp:Display: Loaded TP Android_PVRTCTargetPlatform
[2016.03.24-09.49.11:191][  0]LogTemp:Display: Loaded TP HTML5TargetPlatform
[2016.03.24-09.49.11:207][  0]LogTemp:Display: Loaded TP IOSTargetPlatform
[2016.03.24-09.49.11:209][  0]LogTemp:Display: Loaded TP LinuxNoEditorTargetPlatform
[2016.03.24-09.49.11:212][  0]LogTemp:Display: Loaded TP LinuxServerTargetPlatform
[2016.03.24-09.49.11:216][  0]LogTemp:Display: Loaded TP LinuxTargetPlatform
[2016.03.24-09.49.11:216][  0]LogTargetPlatformManager:Display: Building Assets For Windows
[2016.03.24-09.49.11:277][  0]LogDerivedDataCache:Display: Max Cache Size: 512 MB
[2016.03.24-09.49.11:321][  0]LogDerivedDataCache: Loaded boot cache 0.04s 41MB C:/Users/VR/AppData/Local/UnrealEngine/4.9/DerivedDataCache/Boot.ddc.
[2016.03.24-09.49.11:321][  0]LogDerivedDataCache:Display: Loaded Boot cache: C:/Users/VR/AppData/Local/UnrealEngine/4.9/DerivedDataCache/Boot.ddc
[2016.03.24-09.49.11:321][  0]LogDerivedDataCache: FDerivedDataBackendGraph:  Pak pak cache file ../../../../../../UnrealProjects/GE_Project/DerivedDataCache/DDC.ddp not found, will not use a pak cache.
[2016.03.24-09.49.11:321][  0]LogDerivedDataCache: Unable to find inner node Pak for hierarchical cache Hierarchy.
[2016.03.24-09.49.11:321][  0]LogDerivedDataCache: FDerivedDataBackendGraph:  CompressedPak pak cache file ../../../../../../UnrealProjects/GE_Project/DerivedDataCache/Compressed.ddp not found, will not use a pak cache.
[2016.03.24-09.49.11:321][  0]LogDerivedDataCache: Unable to find inner node CompressedPak for hierarchical cache Hierarchy.
[2016.03.24-09.49.11:463][  0]LogDerivedDataCache:Display: Pak cache opened for reading ../../../Engine/DerivedDataCache/Compressed.ddp.
[2016.03.24-09.49.11:475][  0]LogDerivedDataCache: Using Local data cache path C:/Users/VR/AppData/Local/UnrealEngine/Common/DerivedDataCache: Writable
[2016.03.24-09.49.11:616][  0]LogInit: Selected Device Profile: [Windows]
[2016.03.24-09.49.11:619][  0]LogContentStreaming: Texture pool size is 0.000000MB
[2016.03.24-09.49.11:718][  0]LogMeshUtilities: No automatic mesh reduction module available
[2016.03.24-09.49.11:718][  0]LogMeshUtilities: No automatic mesh merging module available
[2016.03.24-09.49.11:952][  0]LogInit: WinSock: version 1.1 (2.2), MaxSocks=32767, MaxUdp=65467
[2016.03.24-09.49.12:533][  0]UdpMessaging: Initializing bridge on interface 0.0.0.0:0 to multicast group 230.0.0.1:6666.
[2016.03.24-09.49.12:654][  0]LogAssetRegistry: FAssetRegistry took 0.0110 seconds to start up
[2016.03.24-09.49.12:787][  0]SourceControl: Info Source control is disabled
[2016.03.24-09.49.12:792][  0]SourceControl: Info Source control is disabled
[2016.03.24-09.49.12:802][  0]SourceControl: Info Source control is disabled
[2016.03.24-09.49.12:810][  0]SourceControl: Info Source control is disabled
[2016.03.24-09.49.12:905][  0]LogLinker:Warning: Asset '../../../Engine/Plugins/Runtime/LeapMotionController/Content/LM_PassthroughMaterial.uasset' has been saved with empty engine version. The asset will be loaded but may be incompatible.
[2016.03.24-09.49.12:961][  0]LeapPluginLog: Using LeapPlugin version 0.9.6
[2016.03.24-09.49.12:966][  0]LogObj: 29251 objects as part of root set at end of initial load.
[2016.03.24-09.49.12:966][  0]LogUObjectAllocator: 6234648 out of 0 bytes used by permanent object pool.
[2016.03.24-09.49.13:013][  0]LogEngine: Initializing Engine...
[2016.03.24-09.49.13:015][  0]LogHMD: Can't find Oculus library dev build: is proper Runtime installed? Version: 0.7.0.0
[2016.03.24-09.49.13:421][  0]LogHMD: SteamVR initialized.  Driver: oculus  Display: 207KGV03FJGR
[2016.03.24-09.49.13:537][  0]LogAIModule: Creating AISystem for world NewWorld
[2016.03.24-09.49.13:548][  0]LogInit: XAudio2 using 'HP E221c-8 (NVIDIA High Definition Audio)' : 2 channels at 48 kHz using 16 bits per sample (channel mask 0x3)
[2016.03.24-09.49.13:560][  0]LogInit: FAudioDevice initialized.
[2016.03.24-09.49.13:581][  0]LogDerivedDataCache: Saved boot cache 0.02s 41MB C:/Users/VR/AppData/Local/UnrealEngine/4.9/DerivedDataCache/Boot.ddc.
[2016.03.24-09.49.13:585][  0]LogInit: Texture streaming: Enabled
[2016.03.24-09.49.13:588][  0]LogAnalytics: Creating configured Analytics provider AnalyticsET
[2016.03.24-09.49.13:588][  0]LogAnalytics: [UEEditor.Rocket.Release] APIServer = http://et2.epicgames.com/ET2/. AppVersion = 4.9.2-2707645+++depot+UE4-Releases+4.9
[2016.03.24-09.49.13:588][  0]LogAnalytics: [UEEditor.Rocket.Release] SetUserId 8c1436b7469470d4e6ebefb46ce7086e|0318ce7eb266467aa7a1e63543527494|c39e7128-8a93-45bc-b94e-b28d0faf1958
[2016.03.24-09.49.13:588][  0]LogAnalytics: [UEEditor.Rocket.Release] AnalyticsET::StartSession
[2016.03.24-09.49.13:597][  0]LogWindowsTextInputMethodSystem:Display: IME system now deactivated.
[2016.03.24-09.49.13:609][  0]LogInit: Transaction tracking system initialized
[2016.03.24-09.49.13:627][  0]BlueprintLog: New page: Editor Load
[2016.03.24-09.49.13:687][  0]LocalizationService: Info Localization service is disabled
[2016.03.24-09.49.13:738][  0]LogLinker:Warning: Can't find file '/Game/FirstPersonBP/FirstPersonOverview'
[2016.03.24-09.49.13:738][  0]LogLinker:Warning: Can't find file '/Game/FirstPersonBP/FirstPersonOverview'
[2016.03.24-09.49.13:738][  0]LogUObjectGlobals:Warning: Failed to find object 'Class /Game/FirstPersonBP/FirstPersonOverview.FirstPersonOverview_C'
[2016.03.24-09.49.13:750][  0]LogConsoleResponse:Display: 
[2016.03.24-09.49.13:884][  0]LogCook:Display: Done creating registry. It took  0.00s.
[2016.03.24-09.49.13:922][  0]LogFileCache: Scanning file cache for directory 'D:/UnrealProjects/GE_Project/Content/' took 0.01s
[2016.03.24-09.49.13:922][  0]SourceControl: Info Source control is disabled
[2016.03.24-09.49.13:922][  0]Cmd: MAP LOAD FILE="../../../../../../UnrealProjects/GE_Project/Content/StarterContent/Maps/Minimal_Default.umap" TEMPLATE=0 SHOWPROGRESS=1 FEATURELEVEL=3
[2016.03.24-09.49.13:922][  0]LightingResults: New page: Lighting Build
[2016.03.24-09.49.13:925][  0]MapCheck: New page: Map Check
[2016.03.24-09.49.13:925][  0]LightingResults: New page: Lighting Build
[2016.03.24-09.49.13:939][  0]LogParticles: Destroying 0 GPU particle simulations for FXSystem 0x00000074F5E4FCE0
[2016.03.24-09.49.14:343][  0]LogAIModule: Creating AISystem for world Minimal_Default
[2016.03.24-09.49.14:349][  0]LogEditorServer: Finished looking for orphan Actors (0.000 secs)
[2016.03.24-09.49.14:349][  0]Cmd: MAP CHECKDEP NOCLEARLOG
[2016.03.24-09.49.14:395][  0]MapCheck: Info Map check complete: 0 Error(s), 0 Warning(s), took 45.922ms to complete.
[2016.03.24-09.49.14:395][  0]LogFileHelpers: Loading map 'Minimal_Default' took 0.473
[2016.03.24-09.49.14:526][  0]LogCollectionManager: Loaded 0 collections in 0.001004 seconds
[2016.03.24-09.49.14:570][  0]LogFileCache: Scanning file cache for directory 'D:/UnrealProjects/GE_Project/Saved/Collections/' took 0.01s
[2016.03.24-09.49.14:570][  0]LogFileCache: Scanning file cache for directory 'D:/UnrealProjects/GE_Project/Content/Developers/VR/Collections/' took 0.01s
[2016.03.24-09.49.14:570][  0]LogFileCache: Scanning file cache for directory 'D:/UnrealProjects/GE_Project/Content/Collections/' took 0.01s
[2016.03.24-09.49.14:570][  0]LogContentBrowser: Native class hierarchy populated in 0.0104 seconds. Added 1918 classes and 347 folders.
[2016.03.24-09.49.14:574][  0]LogCollectionManager: Rebuilt the GUID cache for 0 collections in 0.000002 seconds
[2016.03.24-09.49.14:582][  0]LogContentBrowser: Native class hierarchy updated for 'WidgetCarousel' in 0.0013 seconds. Added 0 classes and 0 folders.
[2016.03.24-09.49.14:622][  0]LogContentBrowser: Native class hierarchy updated for 'AddContentDialog' in 0.0008 seconds. Added 0 classes and 0 folders.
[2016.03.24-09.49.14:627][  0]LogContentBrowser: Native class hierarchy updated for 'SceneOutliner' in 0.0012 seconds. Added 1 classes and 2 folders.
[2016.03.24-09.49.14:684][  0]LogCrashTracker: Crashtracker disabled due to settings.
[2016.03.24-09.49.14:689][  0]LogUObjectGlobals:Warning: Failed to find object 'Class None.'
[2016.03.24-09.49.14:712][  0]LogLoad: Full Startup: 5.89 seconds (BP compile: 0.05 seconds)
[2016.03.24-09.49.14:771][  0]LogContentStreaming: Texture pool size now 1000 MB
[2016.03.24-09.49.14:931][  0]LogRenderer: Reallocating scene render targets to support 1216x576 (Frame:2).
[2016.03.24-09.49.15:745][  3]LogAssetRegistry: Asset discovery search completed in 3.1018 seconds
[2016.03.24-09.49.15:745][  3]LogCollectionManager: Rebuilt the object cache for 0 collections in 0.000001 seconds (found 0 objects)
[2016.03.24-09.49.15:745][  3]LogCollectionManager: Fixed up redirectors for 0 collections in 0.000017 seconds (updated 0 objects)
[2016.03.24-09.49.20:063][391]LogFileCache: Retrieving MD5 hashes for directory 'D:/UnrealProjects/GE_Project/Content/' took 5.33s
[2016.03.24-09.49.22:592][683]LogBlueprint:Warning: [compiler Ue4ASP_Character] Warning Input Axis Event references unknown Axis 'LookUp' for  InputAxis LookUp 
[2016.03.24-09.49.22:592][683]LogBlueprint:Warning: [compiler Ue4ASP_Character] Warning Input Axis Event references unknown Axis 'Turn' for  InputAxis Turn 
[2016.03.24-09.49.22:592][683]LogBlueprint:Warning: [compiler Ue4ASP_Character] Warning Input Axis Event references unknown Axis 'MoveRight' for  InputAxis MoveRight 
[2016.03.24-09.49.22:592][683]LogBlueprint:Warning: [compiler Ue4ASP_Character] Warning Input Axis Event references unknown Axis 'MoveForward' for  InputAxis MoveForward 
[2016.03.24-09.49.22:596][683]LogBlueprint:Warning: [compiler Ue4ASP_Character] Warning [0013.77] Compile of Ue4ASP_Character successful, but with 4 Warning(s) [in 7 ms]
[2016.03.24-09.49.22:596][683]LogBlueprint:Warning: [compiler Ue4ASP_Character] Warning [0013.77] Compile of Ue4ASP_Character successful, but with 5 Warning(s) [in 0 ms]
[2016.03.24-09.49.22:596][683]LogBlueprint:Warning: [compiler Ue4ASP_Character] Warning [0013.77] Compile of Ue4ASP_Character successful, but with 6 Warning(s) [in 0 ms]
[2016.03.24-09.49.22:667][683]LogBlueprint:Warning: [compiler Ue4ASP_Character] Warning Input Axis Event references unknown Axis 'LookUp' for  InputAxis LookUp 
[2016.03.24-09.49.22:667][683]LogBlueprint:Warning: [compiler Ue4ASP_Character] Warning Input Axis Event references unknown Axis 'Turn' for  InputAxis Turn 
[2016.03.24-09.49.22:667][683]LogBlueprint:Warning: [compiler Ue4ASP_Character] Warning Input Axis Event references unknown Axis 'MoveRight' for  InputAxis MoveRight 
[2016.03.24-09.49.22:668][683]LogBlueprint:Warning: [compiler Ue4ASP_Character] Warning Input Axis Event references unknown Axis 'MoveForward' for  InputAxis MoveForward 
[2016.03.24-09.49.22:671][683]LogBlueprint:Warning: [compiler Ue4ASP_Character] Warning [0013.84] Compile of Ue4ASP_Character successful, but with 4 Warning(s) [in 8 ms]
[2016.03.24-09.49.22:671][683]LogBlueprint:Warning: [compiler Ue4ASP_Character] Warning [0013.84] Compile of Ue4ASP_Character successful, but with 5 Warning(s) [in 0 ms]
[2016.03.24-09.49.22:672][683]LogBlueprint:Warning: [compiler Ue4ASP_Character] Warning [0013.85] Compile of Ue4ASP_Character successful, but with 6 Warning(s) [in 0 ms]
[2016.03.24-09.49.23:235][683]LogAIModule: Creating AISystem for world MyFirstLevel
[2016.03.24-09.49.23:244][683]LogParticles:Warning: InitializeSystem called on an unregistered component. Template=/Game/Snow.Snow Component=/Game/MyFirstLevel.MyFirstLevel:PersistentLevel.Snow_2.ParticleSystemComponent0
[2016.03.24-09.49.23:245][683]LogParticles:Warning: InitializeSystem called on an unregistered component. Template=/Game/StarterContent/Particles/P_Fire.P_Fire Component=/Game/MyFirstLevel.MyFirstLevel:PersistentLevel.P_Fire_2.ParticleSystemComponent0
[2016.03.24-09.49.23:289][683]Cmd: MAP LOAD FILE="../../../../../../UnrealProjects/GE_Project/Content/MyFirstLevel.umap" TEMPLATE=0 SHOWPROGRESS=1 FEATURELEVEL=3
[2016.03.24-09.49.23:289][683]LightingResults: New page: Lighting Build
[2016.03.24-09.49.23:305][683]LoadErrors: New page: Loading map: MyFirstLevel.umap
[2016.03.24-09.49.23:305][683]MapCheck: New page: Map Check
[2016.03.24-09.49.23:306][683]LightingResults: New page: Lighting Build
[2016.03.24-09.49.23:319][683]LogParticles: Destroying 0 GPU particle simulations for FXSystem 0x00000074E32F72E0
[2016.03.24-09.49.23:524][683]LogEditorServer: Finished looking for orphan Actors (0.000 secs)
[2016.03.24-09.49.23:580][683]Cmd: MAP CHECKDEP NOCLEARLOG
[2016.03.24-09.49.23:636][683]MapCheck: Info Map check complete: 0 Error(s), 0 Warning(s), took 56.186ms to complete.
[2016.03.24-09.49.23:636][683]LogFileHelpers: Loading map 'MyFirstLevel' took 0.348
[2016.03.24-09.49.23:669][684]Cmd: UpdateLandscapeEditorData -warnings
[2016.03.24-09.49.23:676][684]Cmd: UpdateLandscapeEditorData
[2016.03.24-09.49.26:752][ 24]LogPlayLevel: PlayLevel: No blueprints needed recompiling
[2016.03.24-09.49.26:752][ 24]PIE: New page: PIE session: MyFirstLevel (Mar 24, 2016, 11:49:26 AM)
[2016.03.24-09.49.26:752][ 24]LogPlayLevel: Creating play world package: /Game/UEDPIE_0_MyFirstLevel
[2016.03.24-09.49.26:796][ 24]LogPlayLevel: PIE: StaticDuplicateObject took: (0.044280s)
[2016.03.24-09.49.26:797][ 24]LogAIModule: Creating AISystem for world MyFirstLevel
[2016.03.24-09.49.26:797][ 24]LogPlayLevel: PIE: World Init took: (0.000596s)
[2016.03.24-09.49.26:797][ 24]LogPlayLevel: PIE: Created PIE world by copying editor world from /Game/MyFirstLevel.MyFirstLevel to /Game/UEDPIE_0_MyFirstLevel.MyFirstLevel (0.045169s)
[2016.03.24-09.49.26:797][ 24]LogActorComponent: UnregisterComponent: (/Engine/Transient.CharMoveComp) Not registered. Aborting.
[2016.03.24-09.49.26:827][ 24]LogInit: XAudio2 using 'HP E221c-8 (NVIDIA High Definition Audio)' : 2 channels at 48 kHz using 16 bits per sample (channel mask 0x3)
[2016.03.24-09.49.26:839][ 24]LogInit: FAudioDevice initialized.
[2016.03.24-09.49.27:037][ 24]LogWorld: Game class is 'BP_TheBeginningGameMode_C'
[2016.03.24-09.49.27:113][ 24]LogWorld: Bringing World /Game/UEDPIE_0_MyFirstLevel.MyFirstLevel up for play (max tick rate 0) at 2016.03.24-10.49.27
[2016.03.24-09.49.27:113][ 24]LogActor:Warning: GameSession /Game/UEDPIE_0_MyFirstLevel.MyFirstLevel:PersistentLevel.GameSession_0 has natively added scene component(s), but none of them were set as the actor's RootComponent - picking one arbitrarily
[2016.03.24-09.49.27:113][ 24]LogActor:Warning: GameNetworkManager /Game/UEDPIE_0_MyFirstLevel.MyFirstLevel:PersistentLevel.GameNetworkManager_0 has natively added scene component(s), but none of them were set as the actor's RootComponent - picking one arbitrarily
[2016.03.24-09.49.27:117][ 24]LogWorld: Bringing up level for play took: 0.078625
[2016.03.24-09.49.27:219][ 24]PIE: Info Play in editor start time for /Game/UEDPIE_0_MyFirstLevel 0.084
[2016.03.24-09.49.27:234][ 26]LogRenderer: Reallocating scene render targets to support 2600x1464 (Frame:1086).
[2016.03.24-09.49.27:249][ 26]LogRenderTargetPool:Warning: r.RenderTargetPoolMin exceeded 450/400 MB (ok in editor, bad on fixed memory platform)
[2016.03.24-09.49.29:829][121]LogBlueprintUserMessages: [BP_Avatar_C_0] Hello
[2016.03.24-09.49.29:856][122]LogBlueprintUserMessages: [BP_Avatar_C_0] Hello
[2016.03.24-09.49.29:881][123]LogBlueprintUserMessages: [BP_Avatar_C_0] Hello
[2016.03.24-09.49.29:988][127]LogBlueprintUserMessages: [BP_Avatar_C_0] Hello
[2016.03.24-09.49.30:013][128]LogBlueprintUserMessages: [BP_Avatar_C_0] Hello
[2016.03.24-09.49.31:026][166]LogBlueprintUserMessages: [BP_Avatar_C_0] Hello
[2016.03.24-09.49.31:054][167]LogBlueprintUserMessages: [BP_Avatar_C_0] Hello
[2016.03.24-09.49.31:079][168]LogBlueprintUserMessages: [BP_Avatar_C_0] Hello
[2016.03.24-09.49.31:109][169]LogBlueprintUserMessages: [BP_Avatar_C_0] Hello
[2016.03.24-09.49.31:137][170]LogBlueprintUserMessages: [BP_Avatar_C_0] Hello
[2016.03.24-09.49.31:160][171]LogBlueprintUserMessages: [BP_Avatar_C_0] Hello
[2016.03.24-09.49.31:188][172]LogBlueprintUserMessages: [BP_Avatar_C_0] Hello
[2016.03.24-09.49.31:214][173]LogBlueprintUserMessages: [BP_Avatar_C_0] Hello
[2016.03.24-09.49.31:826][196]LogBlueprintUserMessages: [BP_Avatar_C_0] Hello
[2016.03.24-09.49.31:856][197]LogBlueprintUserMessages: [BP_Avatar_C_0] Hello
[2016.03.24-09.49.31:880][198]LogBlueprintUserMessages: [BP_Avatar_C_0] Hello
[2016.03.24-09.49.31:909][199]LogBlueprintUserMessages: [BP_Avatar_C_0] Hello
[2016.03.24-09.49.31:934][200]LogBlueprintUserMessages: [BP_Avatar_C_0] Hello
[2016.03.24-09.49.31:962][201]LogBlueprintUserMessages: [BP_Avatar_C_0] Hello
[2016.03.24-09.49.31:990][202]LogBlueprintUserMessages: [BP_Avatar_C_0] Hello
[2016.03.24-09.49.32:013][203]LogBlueprintUserMessages: [BP_Avatar_C_0] Hello
[2016.03.24-09.49.32:041][204]LogBlueprintUserMessages: [BP_Avatar_C_0] Hello
[2016.03.24-09.49.32:070][205]LogBlueprintUserMessages: [BP_Avatar_C_0] Hello
[2016.03.24-09.49.32:092][206]LogBlueprintUserMessages: [BP_Avatar_C_0] Hello
[2016.03.24-09.49.32:122][207]LogBlueprintUserMessages: [BP_Avatar_C_0] Hello
[2016.03.24-09.49.32:148][208]LogBlueprintUserMessages: [BP_Avatar_C_0] Hello
[2016.03.24-09.49.32:175][209]LogBlueprintUserMessages: [BP_Avatar_C_0] Hello
[2016.03.24-09.49.32:201][210]LogBlueprintUserMessages: [BP_Avatar_C_0] Hello
[2016.03.24-09.49.32:228][211]LogBlueprintUserMessages: [BP_Avatar_C_0] Hello
[2016.03.24-09.49.32:626][226]LogBlueprintUserMessages: [BP_Avatar_C_0] Hello
[2016.03.24-09.49.32:655][227]LogBlueprintUserMessages: [BP_Avatar_C_0] Hello
[2016.03.24-09.49.32:680][228]LogBlueprintUserMessages: [BP_Avatar_C_0] Hello
[2016.03.24-09.49.32:709][229]LogBlueprintUserMessages: [BP_Avatar_C_0] Hello
[2016.03.24-09.49.32:736][230]LogBlueprintUserMessages: [BP_Avatar_C_0] Hello
[2016.03.24-09.49.32:760][231]LogBlueprintUserMessages: [BP_Avatar_C_0] Hello
[2016.03.24-09.49.32:788][232]LogBlueprintUserMessages: [BP_Avatar_C_0] Hello
[2016.03.24-09.49.32:813][233]LogBlueprintUserMessages: [BP_Avatar_C_0] Hello
[2016.03.24-09.49.32:840][234]LogBlueprintUserMessages: [BP_Avatar_C_0] Hello
[2016.03.24-09.49.32:868][235]LogBlueprintUserMessages: [BP_Avatar_C_0] Hello
[2016.03.24-09.49.32:893][236]LogBlueprintUserMessages: [BP_Avatar_C_0] Hello
[2016.03.24-09.49.32:922][237]LogBlueprintUserMessages: [BP_Avatar_C_0] Hello
[2016.03.24-09.49.32:946][238]LogBlueprintUserMessages: [BP_Avatar_C_0] Hello
[2016.03.24-09.49.32:975][239]LogBlueprintUserMessages: [BP_Avatar_C_0] Hello
[2016.03.24-09.49.33:001][240]LogBlueprintUserMessages: [BP_Avatar_C_0] Hello
[2016.03.24-09.49.33:508][259]LogBlueprintUserMessages: [BP_Avatar_C_0] Hello
[2016.03.24-09.49.33:534][260]LogBlueprintUserMessages: [BP_Avatar_C_0] Hello
[2016.03.24-09.49.33:559][261]LogBlueprintUserMessages: [BP_Avatar_C_0] Hello
[2016.03.24-09.49.33:587][262]LogBlueprintUserMessages: [BP_Avatar_C_0] Hello
[2016.03.24-09.49.33:612][263]LogBlueprintUserMessages: [BP_Avatar_C_0] Hello
[2016.03.24-09.49.33:639][264]LogBlueprintUserMessages: [BP_Avatar_C_0] Hello
[2016.03.24-09.49.33:668][265]LogBlueprintUserMessages: [BP_Avatar_C_0] Hello
[2016.03.24-09.49.33:692][266]LogBlueprintUserMessages: [BP_Avatar_C_0] Hello
[2016.03.24-09.49.33:720][267]LogBlueprintUserMessages: [BP_Avatar_C_0] Hello
[2016.03.24-09.49.33:748][268]LogBlueprintUserMessages: [BP_Avatar_C_0] Hello
[2016.03.24-09.49.33:775][269]LogBlueprintUserMessages: [BP_Avatar_C_0] Hello
[2016.03.24-09.49.33:803][270]LogBlueprintUserMessages: [BP_Avatar_C_0] Hello
[2016.03.24-09.49.33:960][276]LogBlueprintUserMessages: [BP_Avatar_C_0] Hello
[2016.03.24-09.49.33:988][277]LogBlueprintUserMessages: [BP_Avatar_C_0] Hello
[2016.03.24-09.49.34:013][278]LogBlueprintUserMessages: [BP_Avatar_C_0] Hello
[2016.03.24-09.49.34:039][279]LogBlueprintUserMessages: [BP_Avatar_C_0] Hello
[2016.03.24-09.49.34:068][280]LogBlueprintUserMessages: [BP_Avatar_C_0] Hello
[2016.03.24-09.49.34:093][281]LogBlueprintUserMessages: [BP_Avatar_C_0] Hello
[2016.03.24-09.49.34:122][282]LogBlueprintUserMessages: [BP_Avatar_C_0] Hello
[2016.03.24-09.49.34:146][283]LogBlueprintUserMessages: [BP_Avatar_C_0] Hello
[2016.03.24-09.49.34:173][284]LogBlueprintUserMessages: [BP_Avatar_C_0] Hello
[2016.03.24-09.49.34:202][285]LogBlueprintUserMessages: [BP_Avatar_C_0] Hello
[2016.03.24-09.49.34:573][299]LogBlueprintUserMessages: [BP_Avatar_C_0] Hello
[2016.03.24-09.49.34:788][307]LogBlueprintUserMessages: [BP_Avatar_C_0] Hello
[2016.03.24-09.49.34:813][308]LogBlueprintUserMessages: [BP_Avatar_C_0] Hello
[2016.03.24-09.49.34:843][309]LogBlueprintUserMessages: [BP_Avatar_C_0] Hello
[2016.03.24-09.49.36:204][357]LogActorComponent: UnregisterComponent: (/Engine/Transient.CharMoveComp) Not registered. Aborting.
[2016.03.24-09.49.36:204][357]LogActorComponent: UnregisterComponent: (/Engine/Transient.KinectInterface_GEN_VARIABLE) Not registered. Aborting.
[2016.03.24-09.49.36:204][357]LogActorComponent: UnregisterComponent: (/Engine/Transient.ProjectileComp) Not registered. Aborting.
[2016.03.24-09.49.36:224][357]LogParticles: Destroying 0 GPU particle simulations for FXSystem 0x000000748682C400
[2016.03.24-09.49.54:840][570]LogPlayLevel: PlayLevel: No blueprints needed recompiling
[2016.03.24-09.49.54:840][570]PIE: New page: PIE session: MyFirstLevel (Mar 24, 2016, 11:49:54 AM)
[2016.03.24-09.49.54:840][570]LogPlayLevel: Creating play world package: /Game/UEDPIE_0_MyFirstLevel
[2016.03.24-09.49.54:875][570]LogPlayLevel: PIE: StaticDuplicateObject took: (0.035086s)
[2016.03.24-09.49.54:876][570]LogAIModule: Creating AISystem for world MyFirstLevel
[2016.03.24-09.49.54:876][570]LogPlayLevel: PIE: World Init took: (0.000485s)
[2016.03.24-09.49.54:876][570]LogPlayLevel: PIE: Created PIE world by copying editor world from /Game/MyFirstLevel.MyFirstLevel to /Game/UEDPIE_0_MyFirstLevel.MyFirstLevel (0.035737s)
[2016.03.24-09.49.54:899][570]LogInit: XAudio2 using 'HP E221c-8 (NVIDIA High Definition Audio)' : 2 channels at 48 kHz using 16 bits per sample (channel mask 0x3)
[2016.03.24-09.49.54:910][570]LogInit: FAudioDevice initialized.
[2016.03.24-09.49.55:011][570]LogWorld: Game class is 'BP_TheBeginningGameMode_C'
[2016.03.24-09.49.55:087][570]LogWorld: Bringing World /Game/UEDPIE_0_MyFirstLevel.MyFirstLevel up for play (max tick rate 0) at 2016.03.24-10.49.55
[2016.03.24-09.49.55:087][570]LogActor:Warning: GameSession /Game/UEDPIE_0_MyFirstLevel.MyFirstLevel:PersistentLevel.GameSession_1 has natively added scene component(s), but none of them were set as the actor's RootComponent - picking one arbitrarily
[2016.03.24-09.49.55:088][570]LogActor:Warning: GameNetworkManager /Game/UEDPIE_0_MyFirstLevel.MyFirstLevel:PersistentLevel.GameNetworkManager_1 has natively added scene component(s), but none of them were set as the actor's RootComponent - picking one arbitrarily
[2016.03.24-09.49.55:090][570]LogWorld: Bringing up level for play took: 0.078546
[2016.03.24-09.49.55:140][570]PIE: Info Play in editor start time for /Game/UEDPIE_0_MyFirstLevel 0.006
[2016.03.24-09.49.55:144][571]LogBlueprintUserMessages: [BP_Avatar_C_1] Hello
[2016.03.24-09.49.55:178][572]LogRenderTargetPool:Warning: r.RenderTargetPoolMin exceeded 497/400 MB (ok in editor, bad on fixed memory platform)
[2016.03.24-09.49.55:201][572]LogBlueprintUserMessages: [BP_Avatar_C_1] Hello
[2016.03.24-09.49.55:309][576]LogBlueprintUserMessages: [BP_Avatar_C_1] Hello
[2016.03.24-09.49.55:362][578]LogBlueprintUserMessages: [BP_Avatar_C_1] Hello
[2016.03.24-09.49.55:389][579]LogBlueprintUserMessages: [BP_Avatar_C_1] Hello
[2016.03.24-09.49.55:416][580]LogBlueprintUserMessages: [BP_Avatar_C_1] Hello
[2016.03.24-09.49.55:443][581]LogBlueprintUserMessages: [BP_Avatar_C_1] Hello
[2016.03.24-09.49.55:470][582]LogBlueprintUserMessages: [BP_Avatar_C_1] Hello
[2016.03.24-09.49.55:494][583]LogBlueprintUserMessages: [BP_Avatar_C_1] Hello
[2016.03.24-09.49.55:603][587]LogBlueprintUserMessages: [BP_Avatar_C_1] Hello
[2016.03.24-09.49.57:593][661]LogParticles: Destroying 0 GPU particle simulations for FXSystem 0x00000074B40C4C20
[2016.03.24-09.50.05:022][542]LogPlayLevel: PlayLevel: No blueprints needed recompiling
[2016.03.24-09.50.05:022][542]PIE: New page: PIE session: MyFirstLevel (Mar 24, 2016, 11:50:05 AM)
[2016.03.24-09.50.05:022][542]LogPlayLevel: Creating play world package: /Game/UEDPIE_0_MyFirstLevel
[2016.03.24-09.50.05:053][542]LogPlayLevel: PIE: StaticDuplicateObject took: (0.031119s)
[2016.03.24-09.50.05:054][542]LogAIModule: Creating AISystem for world MyFirstLevel
[2016.03.24-09.50.05:054][542]LogPlayLevel: PIE: World Init took: (0.000681s)
[2016.03.24-09.50.05:054][542]LogPlayLevel: PIE: Created PIE world by copying editor world from /Game/MyFirstLevel.MyFirstLevel to /Game/UEDPIE_0_MyFirstLevel.MyFirstLevel (0.032072s)
[2016.03.24-09.50.05:088][542]LogInit: XAudio2 using 'HP E221c-8 (NVIDIA High Definition Audio)' : 2 channels at 48 kHz using 16 bits per sample (channel mask 0x3)
[2016.03.24-09.50.05:102][542]LogInit: FAudioDevice initialized.
[2016.03.24-09.50.05:206][542]LogWorld: Game class is 'BP_TheBeginningGameMode_C'
[2016.03.24-09.50.05:279][542]LogWorld: Bringing World /Game/UEDPIE_0_MyFirstLevel.MyFirstLevel up for play (max tick rate 0) at 2016.03.24-10.50.05
[2016.03.24-09.50.05:279][542]LogActor:Warning: GameSession /Game/UEDPIE_0_MyFirstLevel.MyFirstLevel:PersistentLevel.GameSession_2 has natively added scene component(s), but none of them were set as the actor's RootComponent - picking one arbitrarily
[2016.03.24-09.50.05:279][542]LogActor:Warning: GameNetworkManager /Game/UEDPIE_0_MyFirstLevel.MyFirstLevel:PersistentLevel.GameNetworkManager_2 has natively added scene component(s), but none of them were set as the actor's RootComponent - picking one arbitrarily
[2016.03.24-09.50.05:281][542]LogWorld: Bringing up level for play took: 0.073823
[2016.03.24-09.50.05:322][542]PIE: Info Play in editor start time for /Game/UEDPIE_0_MyFirstLevel 0.186
[2016.03.24-09.50.05:343][544]LogRenderTargetPool:Warning: r.RenderTargetPoolMin exceeded 483/400 MB (ok in editor, bad on fixed memory platform)
[2016.03.24-09.50.06:806][598]LogParticles: Destroying 0 GPU particle simulations for FXSystem 0x00000074BC5FCCC0
[2016.03.24-09.50.10:083][967]LogWindowsTextInputMethodSystem:Display: IME system now deactivated.
[2016.03.24-09.50.10:347][968]Cmd: QUIT_EDITOR
[2016.03.24-09.50.11:515][968]LogExit: Preparing to exit.
[2016.03.24-09.50.12:630][968]LogExit: Editor shut down
[2016.03.24-09.50.12:631][968]LogExit: Transaction tracking system shut down
[2016.03.24-09.50.12:632][968]LogParticles: Destroying 0 GPU particle simulations for FXSystem 0x00000074B40C5E40
[2016.03.24-09.50.12:632][968]LogParticles: Destroying 0 GPU particle simulations for FXSystem 0x00000074B40C6020
[2016.03.24-09.50.12:632][968]LogParticles: Destroying 0 GPU particle simulations for FXSystem 0x000000748AB13CE0
[2016.03.24-09.50.12:634][968]LogParticles: Destroying 0 GPU particle simulations for FXSystem 0x000000748A92CE00
[2016.03.24-09.50.12:650][968]LogParticles: Destroying 0 GPU particle simulations for FXSystem 0x000000748AB100E0
[2016.03.24-09.50.12:650][968]LeapPluginLog: LeapController::CleanupEventData Delete Called
[2016.03.24-09.50.12:784][968]LogExit: Object subsystem successfully closed.
[2016.03.24-09.50.12:795][968]LogD3D11RHI: Shutdown
[2016.03.24-09.50.12:795][968]LogD3D11RHI: CleanupD3DDevice
[2016.03.24-09.50.12:797][968]LogD3D11RHI: ~FD3D11DynamicRHI
[2016.03.24-09.50.12:811][968]LogModuleManager: Shutting down and abandoning module CrashTracker (200)
[2016.03.24-09.50.12:811][968]LogModuleManager: Shutting down and abandoning module SceneOutliner (199)
[2016.03.24-09.50.12:811][968]LogModuleManager: Shutting down and abandoning module SuperSearch (198)
[2016.03.24-09.50.12:811][968]LogModuleManager: Shutting down and abandoning module WidgetCarousel (197)
[2016.03.24-09.50.12:811][968]LogModuleManager: Shutting down and abandoning module AddContentDialog (196)
[2016.03.24-09.50.12:812][968]LogModuleManager: Shutting down and abandoning module EditorWidgets (195)
[2016.03.24-09.50.12:812][968]LogModuleManager: Shutting down and abandoning module CollectionManager (194)
[2016.03.24-09.50.12:812][968]LogModuleManager: Shutting down and abandoning module StatsViewer (193)
[2016.03.24-09.50.12:812][968]LogModuleManager: Shutting down and abandoning module FoliageEdit (192)
[2016.03.24-09.50.12:812][968]LogModuleManager: Shutting down and abandoning module LandscapeEditor (191)
[2016.03.24-09.50.12:812][968]LogModuleManager: Shutting down and abandoning module ActorPickerMode (190)
[2016.03.24-09.50.12:812][968]LogModuleManager: Shutting down and abandoning module GeometryMode (189)
[2016.03.24-09.50.12:812][968]LogModuleManager: Shutting down and abandoning module TextureAlignMode (188)
[2016.03.24-09.50.12:812][968]LogModuleManager: Shutting down and abandoning module BspMode (187)
[2016.03.24-09.50.12:812][968]LogModuleManager: Shutting down and abandoning module PlacementMode (186)
[2016.03.24-09.50.12:812][968]LogModuleManager: Shutting down and abandoning module AutomationWorker (185)
[2016.03.24-09.50.12:812][968]LogModuleManager: Shutting down and abandoning module CharacterAI (184)
[2016.03.24-09.50.12:812][968]LogModuleManager: Shutting down and abandoning module SmartSnapping (183)
[2016.03.24-09.50.12:812][968]LogModuleManager: Shutting down and abandoning module ViewportSnapping (182)
[2016.03.24-09.50.12:812][968]LogModuleManager: Shutting down and abandoning module LogVisualizer (181)
[2016.03.24-09.50.12:812][968]LogModuleManager: Shutting down and abandoning module GameProjectGeneration (180)
[2016.03.24-09.50.12:812][968]LogModuleManager: Shutting down and abandoning module IntroTutorials (179)
[2016.03.24-09.50.12:812][968]LogModuleManager: Shutting down and abandoning module EditorLiveStreaming (178)
[2016.03.24-09.50.12:812][968]LogModuleManager: Shutting down and abandoning module IOSPlatformEditor (177)
[2016.03.24-09.50.12:812][968]LogModuleManager: Shutting down and abandoning module HTML5PlatformEditor (176)
[2016.03.24-09.50.12:812][968]LogModuleManager: Shutting down and abandoning module AndroidDeviceDetection (175)
[2016.03.24-09.50.13:757][968]LogModuleManager: Shutting down and abandoning module AndroidPlatformEditor (174)
[2016.03.24-09.50.13:757][968]LogModuleManager: Shutting down and abandoning module IOSRuntimeSettings (173)
[2016.03.24-09.50.13:757][968]LogModuleManager: Shutting down and abandoning module AndroidRuntimeSettings (172)
[2016.03.24-09.50.13:757][968]LogModuleManager: Shutting down and abandoning module MergeActors (171)
[2016.03.24-09.50.13:757][968]LogModuleManager: Shutting down and abandoning module SizeMap (170)
[2016.03.24-09.50.13:757][968]LogModuleManager: Shutting down and abandoning module TreeMap (169)
[2016.03.24-09.50.13:757][968]LogModuleManager: Shutting down and abandoning module ReferenceViewer (168)
[2016.03.24-09.50.13:757][968]LogModuleManager: Shutting down and abandoning module LocalizationService (167)
[2016.03.24-09.50.13:757][968]LogModuleManager: Shutting down and abandoning module LocalizationDashboard (166)
[2016.03.24-09.50.13:757][968]LogModuleManager: Shutting down and abandoning module HardwareTargeting (165)
[2016.03.24-09.50.13:757][968]LogModuleManager: Shutting down and abandoning module DeviceProfileEditor (164)
[2016.03.24-09.50.13:757][968]LogModuleManager: Shutting down and abandoning module UndoHistory (163)
[2016.03.24-09.50.13:757][968]LogModuleManager: Shutting down and abandoning module GameplayTagsEditor (162)
[2016.03.24-09.50.13:757][968]LogModuleManager: Shutting down and abandoning module UserFeedback (161)
[2016.03.24-09.50.13:757][968]LogModuleManager: Shutting down and abandoning module XmlParser (160)
[2016.03.24-09.50.13:757][968]LogModuleManager: Shutting down and abandoning module Blutility (159)
[2016.03.24-09.50.13:757][968]LogModuleManager: Shutting down and abandoning module ProjectTargetPlatformEditor (158)
[2016.03.24-09.50.13:757][968]LogModuleManager: Shutting down and abandoning module ProjectSettingsViewer (157)
[2016.03.24-09.50.13:757][968]LogModuleManager: Shutting down and abandoning module InputBindingEditor (156)
[2016.03.24-09.50.13:757][968]LogModuleManager: Shutting down and abandoning module EditorSettingsViewer (155)
[2016.03.24-09.50.13:757][968]LogModuleManager: Shutting down and abandoning module SettingsEditor (154)
[2016.03.24-09.50.13:757][968]LogModuleManager: Shutting down and abandoning module ProjectLauncher (153)
[2016.03.24-09.50.13:757][968]LogModuleManager: Shutting down and abandoning module SessionFrontend (152)
[2016.03.24-09.50.13:757][968]LogModuleManager: Shutting down and abandoning module ProfilerClient (151)
[2016.03.24-09.50.13:757][968]LogModuleManager: Shutting down and abandoning module TargetDeviceServices (150)
[2016.03.24-09.50.13:757][968]LogModuleManager: Shutting down and abandoning module DeviceManager (149)
[2016.03.24-09.50.13:757][968]LogModuleManager: Shutting down and abandoning module AutomationController (148)
[2016.03.24-09.50.13:757][968]LogModuleManager: Shutting down and abandoning module AutomationWindow (147)
[2016.03.24-09.50.13:757][968]LogModuleManager: Shutting down and abandoning module Layers (146)
[2016.03.24-09.50.13:757][968]LogModuleManager: Shutting down and abandoning module ComponentVisualizers (145)
[2016.03.24-09.50.13:757][968]LogModuleManager: Shutting down and abandoning module DetailCustomizations (144)
[2016.03.24-09.50.13:757][968]LogModuleManager: Shutting down and abandoning module PackagesDialog (143)
[2016.03.24-09.50.13:757][968]LogModuleManager: Shutting down and abandoning module Persona (142)
[2016.03.24-09.50.13:757][968]LogModuleManager: Shutting down and abandoning module Kismet (141)
[2016.03.24-09.50.13:757][968]LogModuleManager: Shutting down and abandoning module GraphEditor (140)
[2016.03.24-09.50.13:757][968]LogModuleManager: Shutting down and abandoning module ClassViewer (139)
[2016.03.24-09.50.13:757][968]LogModuleManager: Shutting down and abandoning module Toolbox (138)
[2016.03.24-09.50.13:757][968]LogModuleManager: Shutting down and abandoning module ModuleUI (137)
[2016.03.24-09.50.13:757][968]LogModuleManager: Shutting down and abandoning module MovieSceneTools (136)
[2016.03.24-09.50.13:757][968]LogModuleManager: Shutting down and abandoning module OutputLog (135)
[2016.03.24-09.50.13:757][968]LogModuleManager: Shutting down and abandoning module GammaUI (134)
[2016.03.24-09.50.13:758][968]LogModuleManager: Shutting down and abandoning module Documentation (133)
[2016.03.24-09.50.13:758][968]LogModuleManager: Shutting down and abandoning module GameLiveStreaming (132)
[2016.03.24-09.50.13:758][968]LogModuleManager: Shutting down and abandoning module StreamingPauseRendering (131)
[2016.03.24-09.50.13:758][968]LogModuleManager: Shutting down and abandoning module AnalyticsET (130)
[2016.03.24-09.50.13:758][968]LogModuleManager: Shutting down and abandoning module Analytics (129)
[2016.03.24-09.50.13:758][968]LogModuleManager: Shutting down and abandoning module AITestSuite (128)
[2016.03.24-09.50.13:758][968]LogModuleManager: Shutting down and abandoning module GameplayDebugger (127)
[2016.03.24-09.50.13:758][968]LogModuleManager: Shutting down and abandoning module AIModule (126)
[2016.03.24-09.50.13:758][968]LogModuleManager: Shutting down and abandoning module ProfilerService (125)
[2016.03.24-09.50.13:765][968]LogModuleManager: Shutting down and abandoning module TaskGraph (124)
[2016.03.24-09.50.13:765][968]LogModuleManager: Shutting down and abandoning module LeapMotion (123)
[2016.03.24-09.50.13:778][968]LogModuleManager: Shutting down and abandoning module SlateRemote (122)
[2016.03.24-09.50.13:778][968]LogModuleManager: Shutting down and abandoning module SteamVRController (121)
[2016.03.24-09.50.13:778][968]LogModuleManager: Shutting down and abandoning module SteamVR (120)
[2016.03.24-09.50.13:778][968]LogModuleManager: Shutting down and abandoning module ProceduralMeshComponent (119)
[2016.03.24-09.50.13:778][968]LogModuleManager: Shutting down and abandoning module OculusRift (118)
[2016.03.24-09.50.13:778][968]LogModuleManager: Shutting down and abandoning module OculusLibrary (117)
[2016.03.24-09.50.13:778][968]LogModuleManager: Shutting down and abandoning module LeapMotionController (116)
[2016.03.24-09.50.13:788][968]LogModuleManager: Shutting down and abandoning module CustomMeshComponent (115)
[2016.03.24-09.50.13:788][968]LogModuleManager: Shutting down and abandoning module CableComponent (114)
[2016.03.24-09.50.13:788][968]LogModuleManager: Shutting down and abandoning module ArchVisCharacter (113)
[2016.03.24-09.50.13:788][968]LogModuleManager: Shutting down and abandoning module MessagingDebugger (112)
[2016.03.24-09.50.13:788][968]LogModuleManager: Shutting down and abandoning module MediaPlayerEditor (111)
[2016.03.24-09.50.13:788][968]LogModuleManager: Shutting down and abandoning module HTML5Networking (110)
[2016.03.24-09.50.13:788][968]LogModuleManager: Shutting down and abandoning module SpeedTreeImporter (109)
[2016.03.24-09.50.13:788][968]LogModuleManager: Shutting down and abandoning module PluginBrowser (108)
[2016.03.24-09.50.13:788][968]LogModuleManager: Shutting down and abandoning module EpicSurvey (107)
[2016.03.24-09.50.13:789][968]LogModuleManager: Shutting down and abandoning module DesktopPlatform (106)
[2016.03.24-09.50.13:789][968]LogModuleManager: Shutting down and abandoning module VisualStudioSourceCodeAccess (105)
[2016.03.24-09.50.13:789][968]LogModuleManager: Shutting down and abandoning module UObjectPlugin (104)
[2016.03.24-09.50.13:789][968]LogModuleManager: Shutting down and abandoning module SubversionSourceControl (103)
[2016.03.24-09.50.13:789][968]LogModuleManager: Shutting down and abandoning module PerforceSourceControl (102)
[2016.03.24-09.50.13:789][968]LogModuleManager: Shutting down and abandoning module SourceControl (101)
[2016.03.24-09.50.13:789][968]LogModuleManager: Shutting down and abandoning module GitSourceControl (100)
[2016.03.24-09.50.13:789][968]LogModuleManager: Shutting down and abandoning module LightPropagationVolumeEditor (99)
[2016.03.24-09.50.13:789][968]LogModuleManager: Shutting down and abandoning module PaperTiledImporter (98)
[2016.03.24-09.50.13:789][968]LogModuleManager: Shutting down and abandoning module PaperSpriteSheetImporter (97)
[2016.03.24-09.50.13:789][968]LogModuleManager: Shutting down and abandoning module MeshPaint (96)
[2016.03.24-09.50.13:789][968]LogModuleManager: Shutting down and abandoning module SlateReflector (95)
[2016.03.24-09.50.13:789][968]LogModuleManager: Shutting down and abandoning module HotReload (94)
[2016.03.24-09.50.13:789][968]LogModuleManager: Shutting down and abandoning module MainFrame (93)
[2016.03.24-09.50.13:789][968]LogModuleManager: Shutting down and abandoning module LevelEditor (92)
[2016.03.24-09.50.13:789][968]LogModuleManager: Shutting down and abandoning module DirectoryWatcher (91)
[2016.03.24-09.50.13:790][968]LogModuleManager: Shutting down and abandoning module AssetRegistry (90)
[2016.03.24-09.50.13:926][968]LogModuleManager: Shutting down and abandoning module ContentBrowser (89)
[2016.03.24-09.50.13:927][968]LogModuleManager: Shutting down and abandoning module Paper2DEditor (88)
[2016.03.24-09.50.13:927][968]LogModuleManager: Shutting down and abandoning module TheBeginning (87)
[2016.03.24-09.50.13:927][968]LogModuleManager: Shutting down and abandoning module Kinect4Unreal (86)
[2016.03.24-09.50.13:927][968]LogModuleManager: Shutting down and abandoning module UdpMessaging (85)
[2016.03.24-09.50.14:028][968]LogModuleManager: Shutting down and abandoning module LightPropagationVolumeRuntime (84)
[2016.03.24-09.50.14:028][968]LogModuleManager: Shutting down and abandoning module Paper2D (83)
[2016.03.24-09.50.14:028][968]LogModuleManager: Shutting down and abandoning module WindowsMoviePlayer (82)
[2016.03.24-09.50.14:032][968]LogModuleManager: Shutting down and abandoning module Media (81)
[2016.03.24-09.50.14:032][968]LogModuleManager: Shutting down and abandoning module WmfMedia (80)
[2016.03.24-09.50.14:032][968]LogModuleManager: Shutting down and abandoning module OnlineBlueprintSupport (79)
[2016.03.24-09.50.14:032][968]LogModuleManager: Shutting down and abandoning module GameplayTasksEditor (78)
[2016.03.24-09.50.14:032][968]LogModuleManager: Shutting down and abandoning module PropertyEditor (77)
[2016.03.24-09.50.14:032][968]LogModuleManager: Shutting down and abandoning module BehaviorTreeEditor (76)
[2016.03.24-09.50.14:032][968]LogModuleManager: Shutting down and abandoning module FunctionalTesting (75)
[2016.03.24-09.50.14:032][968]LogModuleManager: Shutting down and abandoning module CollisionAnalyzer (74)
[2016.03.24-09.50.14:032][968]LogModuleManager: Shutting down and abandoning module WorkspaceMenuStructure (73)
[2016.03.24-09.50.14:032][968]LogModuleManager: Shutting down and abandoning module MessageLog (72)
[2016.03.24-09.50.14:032][968]LogModuleManager: Shutting down and abandoning module Sequencer (71)
[2016.03.24-09.50.14:032][968]LogModuleManager: Shutting down and abandoning module AssetTools (70)
[2016.03.24-09.50.14:032][968]LogModuleManager: Shutting down and abandoning module UMGEditor (69)
[2016.03.24-09.50.14:032][968]LogModuleManager: Shutting down and abandoning module UMG (68)
[2016.03.24-09.50.14:032][968]LogModuleManager: Shutting down and abandoning module Slate (67)
[2016.03.24-09.50.14:032][968]LogModuleManager: Shutting down and abandoning module EditorStyle (66)
[2016.03.24-09.50.14:033][968]LogModuleManager: Shutting down and abandoning module SessionServices (65)
[2016.03.24-09.50.14:033][968]LogModuleManager: Shutting down and abandoning module SourceCodeAccess (64)
[2016.03.24-09.50.14:033][968]LogModuleManager: Shutting down and abandoning module HeadMountedDisplay (63)
[2016.03.24-09.50.14:033][968]LogModuleManager: Shutting down and abandoning module XAudio2 (62)
[2016.03.24-09.50.14:033][968]LogModuleManager: Shutting down and abandoning module Networking (60)
[2016.03.24-09.50.14:033][968]LogModuleManager: Shutting down and abandoning module Core (59)
[2016.03.24-09.50.14:033][968]LogModuleManager: Shutting down and abandoning module KismetCompiler (58)
[2016.03.24-09.50.14:033][968]LogModuleManager: Shutting down and abandoning module PhysXFormats (57)
[2016.03.24-09.50.14:033][968]LogModuleManager: Shutting down and abandoning module MeshUtilities (56)
[2016.03.24-09.50.14:033][968]LogModuleManager: Shutting down and abandoning module CookingStats (55)
[2016.03.24-09.50.14:038][968]LogModuleManager: Shutting down and abandoning module DerivedDataCache (54)
[2016.03.24-09.50.14:516][968]LogDerivedDataCache: Shutdown
[2016.03.24-09.50.14:516][968]LogModuleManager: Shutting down and abandoning module ShaderFormatOpenGL (53)
[2016.03.24-09.50.14:516][968]LogModuleManager: Shutting down and abandoning module ShaderFormatD3D (52)
[2016.03.24-09.50.14:516][968]LogModuleManager: Shutting down and abandoning module MetalShaderFormat (51)
[2016.03.24-09.50.14:516][968]LogModuleManager: Shutting down and abandoning module TextureFormatUncompressed (50)
[2016.03.24-09.50.14:516][968]LogModuleManager: Shutting down and abandoning module TextureFormatPVR (49)
[2016.03.24-09.50.14:516][968]LogModuleManager: Shutting down and abandoning module TextureFormatIntelISPCTexComp (48)
[2016.03.24-09.50.14:516][968]LogModuleManager: Shutting down and abandoning module TextureFormatDXT (47)
[2016.03.24-09.50.14:516][968]LogModuleManager: Shutting down and abandoning module ImageWrapper (46)
[2016.03.24-09.50.14:516][968]LogModuleManager: Shutting down and abandoning module TextureFormatASTC (45)
[2016.03.24-09.50.14:516][968]LogModuleManager: Shutting down and abandoning module TextureFormatAndroid (44)
[2016.03.24-09.50.14:516][968]LogModuleManager: Shutting down and abandoning module AudioFormatOpus (43)
[2016.03.24-09.50.14:516][968]LogModuleManager: Shutting down and abandoning module AudioFormatOgg (42)
[2016.03.24-09.50.14:516][968]LogModuleManager: Shutting down and abandoning module AudioFormatADPCM (41)
[2016.03.24-09.50.14:516][968]LogModuleManager: Shutting down and abandoning module LinuxTargetPlatform (40)
[2016.03.24-09.50.14:516][968]LogModuleManager: Shutting down and abandoning module LinuxServerTargetPlatform (39)
[2016.03.24-09.50.14:516][968]LogModuleManager: Shutting down and abandoning module LinuxNoEditorTargetPlatform (38)
[2016.03.24-09.50.14:516][968]LogModuleManager: Shutting down and abandoning module Messaging (37)
[2016.03.24-09.50.14:516][968]LogModuleManager: Shutting down and abandoning module IOSTargetPlatform (36)
[2016.03.24-09.50.14:516][968]LogModuleManager: Shutting down and abandoning module HTML5TargetPlatform (35)
[2016.03.24-09.50.14:516][968]LogModuleManager: Shutting down and abandoning module Android_PVRTCTargetPlatform (34)
[2016.03.24-09.50.14:516][968]LogModuleManager: Shutting down and abandoning module Android_ETC2TargetPlatform (33)
[2016.03.24-09.50.14:516][968]LogModuleManager: Shutting down and abandoning module Android_ETC1TargetPlatform (32)
[2016.03.24-09.50.14:516][968]LogModuleManager: Shutting down and abandoning module Android_DXTTargetPlatform (31)
[2016.03.24-09.50.14:516][968]LogModuleManager: Shutting down and abandoning module Android_ATCTargetPlatform (30)
[2016.03.24-09.50.14:516][968]LogModuleManager: Shutting down and abandoning module Android_ASTCTargetPlatform (29)
[2016.03.24-09.50.14:516][968]LogModuleManager: Shutting down and abandoning module AndroidTargetPlatform (28)
[2016.03.24-09.50.14:516][968]LogModuleManager: Shutting down and abandoning module WindowsTargetPlatform (27)
[2016.03.24-09.50.14:516][968]LogModuleManager: Shutting down and abandoning module WindowsServerTargetPlatform (26)
[2016.03.24-09.50.14:516][968]LogModuleManager: Shutting down and abandoning module WindowsNoEditorTargetPlatform (25)
[2016.03.24-09.50.14:516][968]LogModuleManager: Shutting down and abandoning module WindowsClientTargetPlatform (24)
[2016.03.24-09.50.14:516][968]LogModuleManager: Shutting down and abandoning module AllDesktopTargetPlatform (23)
[2016.03.24-09.50.14:516][968]LogModuleManager: Shutting down and abandoning module TargetPlatform (22)
[2016.03.24-09.50.14:516][968]LogModuleManager: Shutting down and abandoning module InputCore (21)
[2016.03.24-09.50.14:516][968]LogModuleManager: Shutting down and abandoning module Settings (20)
[2016.03.24-09.50.14:516][968]LogModuleManager: Shutting down and abandoning module OnlineSubsystem (18)
[2016.03.24-09.50.14:516][968]LogModuleManager: Shutting down and abandoning module HTTP (17)
[2016.03.24-09.50.16:518][968]LogModuleManager: Shutting down and abandoning module XMPP (16)
[2016.03.24-09.50.16:518][968]LogModuleManager: Shutting down and abandoning module ExampleDeviceProfileSelector (15)
[2016.03.24-09.50.16:518][968]LogModuleManager: Shutting down and abandoning module TextureCompressor (14)
[2016.03.24-09.50.16:518][968]LogModuleManager: Shutting down and abandoning module ShaderCore (13)
[2016.03.24-09.50.16:518][968]LogModuleManager: Shutting down and abandoning module Landscape (12)
[2016.03.24-09.50.16:518][968]LogModuleManager: Shutting down and abandoning module SlateRHIRenderer (11)
[2016.03.24-09.50.16:519][968]LogModuleManager: Shutting down and abandoning module OpenGLDrv (10)
[2016.03.24-09.50.16:519][968]LogModuleManager: Shutting down and abandoning module D3D11RHI (9)
[2016.03.24-09.50.16:519][968]LogModuleManager: Shutting down and abandoning module AnimGraphRuntime (8)
[2016.03.24-09.50.16:519][968]LogModuleManager: Shutting down and abandoning module Renderer (7)
[2016.03.24-09.50.16:519][968]LogModuleManager: Shutting down and abandoning module Engine (6)
[2016.03.24-09.50.16:519][968]LogModuleManager: Shutting down and abandoning module CoreUObject (5)
[2016.03.24-09.50.16:519][968]LogModuleManager: Shutting down and abandoning module NetworkFile (4)
[2016.03.24-09.50.16:519][968]LogModuleManager: Shutting down and abandoning module StreamingFile (3)
[2016.03.24-09.50.16:519][968]LogModuleManager: Shutting down and abandoning module SandboxFile (2)
[2016.03.24-09.50.16:519][968]LogModuleManager: Shutting down and abandoning module PakFile (1)
[2016.03.24-09.50.16:521][968]LogExit: Exiting.
[2016.03.24-09.50.16:523][968]Log file closed, 03/24/16 10:50:16
