[2016.03.17-08.24.32:268][  0]Log file open, 03/17/16 09:24:32
[2016.03.17-08.24.32:268][  0]LogInit:Display: Running engine for game: TheBeginning
[2016.03.17-08.24.32:268][  0]LogInit:Display: RandInit(740490840) SRandInit(740490840).
[2016.03.17-08.24.32:268][  0]LogTaskGraph: Started task graph with 4 named threads and 7 total threads.
[2016.03.17-08.24.32:268][  0]LogStats: Stats thread started at 1.761209
[2016.03.17-08.24.32:268][  0]LogInit: Version: 4.9.2-2707645+++depot+UE4-Releases+4.9
[2016.03.17-08.24.32:268][  0]LogInit: API Version: 2672455
[2016.03.17-08.24.32:268][  0]LogInit: Compiled (64-bit): Sep 28 2015 10:25:44
[2016.03.17-08.24.32:268][  0]LogInit: Compiled with Visual C++: 18.00.21005.01
[2016.03.17-08.24.32:268][  0]LogInit: Build Configuration: Development
[2016.03.17-08.24.32:268][  0]LogInit: Branch Name: ++depot+UE4-Releases+4.9
[2016.03.17-08.24.32:268][  0]LogInit: Command line:  
[2016.03.17-08.24.32:268][  0]LogInit: Base directory: D:/Programme/Epic Games/4.9/Engine/Binaries/Win64/
[2016.03.17-08.24.32:268][  0]LogInit: Rocket: 1
[2016.03.17-08.24.32:345][  0]LogInit: Using libcurl 7.41.0
[2016.03.17-08.24.32:345][  0]LogInit:  - built for x86_64-pc-win32
[2016.03.17-08.24.32:345][  0]LogInit:  - supports SSL with WinSSL
[2016.03.17-08.24.32:345][  0]LogInit:  - other features:
[2016.03.17-08.24.32:345][  0]LogInit:      CURL_VERSION_SSL
[2016.03.17-08.24.32:345][  0]LogInit:      CURL_VERSION_IPV6
[2016.03.17-08.24.32:345][  0]LogInit:      CURL_VERSION_ASYNCHDNS
[2016.03.17-08.24.32:346][  0]LogInit:      CURL_VERSION_LARGEFILE
[2016.03.17-08.24.32:346][  0]LogInit:      CURL_VERSION_IDN
[2016.03.17-08.24.32:346][  0]LogInit:  CurlRequestOptions (configurable via config and command line):
[2016.03.17-08.24.32:346][  0]LogInit:  - bVerifyPeer = true  - Libcurl will verify peer certificate
[2016.03.17-08.24.32:346][  0]LogInit:  - bUseHttpProxy = false  - Libcurl will NOT use HTTP proxy
[2016.03.17-08.24.32:346][  0]LogInit:  - bDontReuseConnections = false  - Libcurl will reuse connections
[2016.03.17-08.24.32:346][  0]LogInit:  - CertBundlePath = nullptr  - Libcurl will use whatever was configured at build time.
[2016.03.17-08.24.32:438][  0]LogInit: Presizing for 0 objects not considered by GC, pre-allocating 0 bytes.
[2016.03.17-08.24.32:589][  0]LogInit: Object subsystem initialized
[2016.03.17-08.24.32:733][  0]LogInit: Selected Device Profile: [Windows]
[2016.03.17-08.24.32:733][  0]LogInit: Applying CVar settings loaded from the selected device profile: [Windows]
[2016.03.17-08.24.32:805][  0]LogInit: Computer: PC1021500895
[2016.03.17-08.24.32:805][  0]LogInit: User: VR
[2016.03.17-08.24.32:805][  0]LogInit: CPU Page size=4096, Cores=4
[2016.03.17-08.24.32:810][  0]LogInit: High frequency timer resolution =3.507497 MHz
[2016.03.17-08.24.32:811][  0]LogMemory: Memory total: Physical=15.9GB (16GB approx)
[2016.03.17-08.24.32:811][  0]LogMemory: Platform Memory Stats for Windows
[2016.03.17-08.24.32:811][  0]LogMemory: Process Physical Memory: 53.17 MB used, 53.17 MB peak
[2016.03.17-08.24.32:811][  0]LogMemory: Process Virtual Memory: 55.13 MB used, 55.13 MB peak
[2016.03.17-08.24.32:811][  0]LogMemory: Physical Memory: 3172.97 MB used, 16261.17 MB total
[2016.03.17-08.24.32:811][  0]LogMemory: Virtual Memory: 346.75 MB used, 134217728.00 MB total
[2016.03.17-08.24.33:589][  0]LogTextLocalizationManager: No translations for ('de-DE') exist, falling back to 'en' for localization and internationalization data.
[2016.03.17-08.24.34:605][  0]LogD3D11RHI: Found D3D11 adapter 0: NVIDIA GeForce GTX 970 (Feature Level 11_0)
[2016.03.17-08.24.34:605][  0]LogD3D11RHI: Adapter has 3976MB of dedicated video memory, 0MB of dedicated system memory, and 8130MB of shared system memory, 1 output[s]
[2016.03.17-08.24.34:605][  0]LogD3D11RHI: Found D3D11 adapter 1: Microsoft Basic Render Driver (Feature Level 11_0)
[2016.03.17-08.24.34:605][  0]LogD3D11RHI: Adapter has 0MB of dedicated video memory, 0MB of dedicated system memory, and 256MB of shared system memory, 0 output[s]
[2016.03.17-08.24.34:605][  0]LogD3D11RHI: Chosen D3D11 Adapter Id = 0
[2016.03.17-08.24.34:609][  0]LogD3D11RHI: !Direct3DDevice
[2016.03.17-08.24.34:609][  0]LogRHI: Texture pool is 1361 MB (70% of 1945 MB)
[2016.03.17-08.24.34:617][  0]LogD3D11RHI: Async texture creation enabled
[2016.03.17-08.24.34:832][  0]LogShaderCompilers: Guid format shader working directory is 15 characters bigger than the processId version (../../../../../../UnrealProjects/GE_Project/Intermediate/Shaders/WorkingDirectory/8280/).
[2016.03.17-08.24.34:832][  0]LogShaderCompilers: Cleaned the shader compiler working directory '../../../../../../UnrealProjects/GE_Project/Intermediate/Shaders/tmp/8FDB43034DA3879F035E0896A42564E0/'.
[2016.03.17-08.24.34:833][  0]LogShaderCompilers:Display: Using Local Shader Compiler.
[2016.03.17-08.24.37:070][  0]LogTemp:Display: Loaded TP AllDesktopTargetPlatform
[2016.03.17-08.24.37:073][  0]LogTemp:Display: Loaded TP WindowsClientTargetPlatform
[2016.03.17-08.24.37:077][  0]LogTemp:Display: Loaded TP WindowsNoEditorTargetPlatform
[2016.03.17-08.24.37:080][  0]LogTemp:Display: Loaded TP WindowsServerTargetPlatform
[2016.03.17-08.24.37:083][  0]LogTemp:Display: Loaded TP WindowsTargetPlatform
[2016.03.17-08.24.37:098][  0]LogTemp:Display: Loaded TP AndroidTargetPlatform
[2016.03.17-08.24.37:101][  0]LogTemp:Display: Loaded TP Android_ASTCTargetPlatform
[2016.03.17-08.24.37:104][  0]LogTemp:Display: Loaded TP Android_ATCTargetPlatform
[2016.03.17-08.24.37:106][  0]LogTemp:Display: Loaded TP Android_DXTTargetPlatform
[2016.03.17-08.24.37:109][  0]LogTemp:Display: Loaded TP Android_ETC1TargetPlatform
[2016.03.17-08.24.37:111][  0]LogTemp:Display: Loaded TP Android_ETC2TargetPlatform
[2016.03.17-08.24.37:114][  0]LogTemp:Display: Loaded TP Android_PVRTCTargetPlatform
[2016.03.17-08.24.37:114][  0]LogTemp:Display: Loaded TP HTML5TargetPlatform
[2016.03.17-08.24.37:197][  0]LogTemp:Display: Loaded TP IOSTargetPlatform
[2016.03.17-08.24.37:200][  0]LogTemp:Display: Loaded TP LinuxNoEditorTargetPlatform
[2016.03.17-08.24.37:202][  0]LogTemp:Display: Loaded TP LinuxServerTargetPlatform
[2016.03.17-08.24.37:207][  0]LogTemp:Display: Loaded TP LinuxTargetPlatform
[2016.03.17-08.24.37:207][  0]LogTargetPlatformManager:Display: Building Assets For Windows
[2016.03.17-08.24.37:686][  0]LogDerivedDataCache:Display: Max Cache Size: 512 MB
[2016.03.17-08.24.37:866][  0]LogDerivedDataCache: Loaded boot cache 0.18s 41MB C:/Users/VR/AppData/Local/UnrealEngine/4.9/DerivedDataCache/Boot.ddc.
[2016.03.17-08.24.37:866][  0]LogDerivedDataCache:Display: Loaded Boot cache: C:/Users/VR/AppData/Local/UnrealEngine/4.9/DerivedDataCache/Boot.ddc
[2016.03.17-08.24.37:866][  0]LogDerivedDataCache: FDerivedDataBackendGraph:  Pak pak cache file ../../../../../../UnrealProjects/GE_Project/DerivedDataCache/DDC.ddp not found, will not use a pak cache.
[2016.03.17-08.24.37:866][  0]LogDerivedDataCache: Unable to find inner node Pak for hierarchical cache Hierarchy.
[2016.03.17-08.24.37:866][  0]LogDerivedDataCache: FDerivedDataBackendGraph:  CompressedPak pak cache file ../../../../../../UnrealProjects/GE_Project/DerivedDataCache/Compressed.ddp not found, will not use a pak cache.
[2016.03.17-08.24.37:866][  0]LogDerivedDataCache: Unable to find inner node CompressedPak for hierarchical cache Hierarchy.
[2016.03.17-08.24.38:034][  0]LogDerivedDataCache:Display: Pak cache opened for reading ../../../Engine/DerivedDataCache/Compressed.ddp.
[2016.03.17-08.24.38:047][  0]LogDerivedDataCache: Using Local data cache path C:/Users/VR/AppData/Local/UnrealEngine/Common/DerivedDataCache: Writable
[2016.03.17-08.24.43:778][  0]LogInit: Selected Device Profile: [Windows]
[2016.03.17-08.24.43:819][  0]LogContentStreaming: Texture pool size is 0.000000MB
[2016.03.17-08.24.44:517][  0]LogMeshUtilities: No automatic mesh reduction module available
[2016.03.17-08.24.44:517][  0]LogMeshUtilities: No automatic mesh merging module available
[2016.03.17-08.24.46:359][  0]LogInit: WinSock: version 1.1 (2.2), MaxSocks=32767, MaxUdp=65467
[2016.03.17-08.24.54:821][  0]UdpMessaging: Initializing bridge on interface 0.0.0.0:0 to multicast group 230.0.0.1:6666.
[2016.03.17-08.24.55:184][  0]LogAssetRegistry: FAssetRegistry took 0.0136 seconds to start up
[2016.03.17-08.24.56:498][  0]SourceControl: Info Source control is disabled
[2016.03.17-08.24.56:540][  0]SourceControl: Info Source control is disabled
[2016.03.17-08.24.56:576][  0]SourceControl: Info Source control is disabled
[2016.03.17-08.24.56:587][  0]SourceControl: Info Source control is disabled
[2016.03.17-08.24.57:005][  0]LogLinker:Warning: Asset '../../../Engine/Plugins/Runtime/LeapMotionController/Content/LM_PassthroughMaterial.uasset' has been saved with empty engine version. The asset will be loaded but may be incompatible.
[2016.03.17-08.24.57:215][  0]LeapPluginLog: Using LeapPlugin version 0.9.6
[2016.03.17-08.24.57:219][  0]LogObj: 29249 objects as part of root set at end of initial load.
[2016.03.17-08.24.57:219][  0]LogUObjectAllocator: 6234272 out of 0 bytes used by permanent object pool.
[2016.03.17-08.24.57:619][  0]LogEngine: Initializing Engine...
[2016.03.17-08.24.57:639][  0]LogHMD: Can't find Oculus library dev build: is proper Runtime installed? Version: 0.7.0.0
[2016.03.17-08.24.58:541][  0]LogHMD: SteamVR initialized.  Driver: oculus  Display: 207KGV03FJGR
[2016.03.17-08.24.59:056][  0]LogAIModule: Creating AISystem for world NewWorld
[2016.03.17-08.24.59:158][  0]LogInit: XAudio2 using 'Speakers (Realtek High Definition Audio)' : 2 channels at 48 kHz using 32 bits per sample (channel mask 0x3)
[2016.03.17-08.24.59:283][  0]LogInit: FAudioDevice initialized.
[2016.03.17-08.24.59:300][  0]LogDerivedDataCache: Saved boot cache 0.02s 41MB C:/Users/VR/AppData/Local/UnrealEngine/4.9/DerivedDataCache/Boot.ddc.
[2016.03.17-08.24.59:305][  0]LogInit: Texture streaming: Enabled
[2016.03.17-08.24.59:326][  0]LogAnalytics: Creating configured Analytics provider AnalyticsET
[2016.03.17-08.24.59:335][  0]LogAnalytics: [UEEditor.Rocket.Release] APIServer = http://et2.epicgames.com/ET2/. AppVersion = 4.9.2-2707645+++depot+UE4-Releases+4.9
[2016.03.17-08.24.59:335][  0]LogAnalytics: [UEEditor.Rocket.Release] SetUserId 8c1436b7469470d4e6ebefb46ce7086e|0318ce7eb266467aa7a1e63543527494|c39e7128-8a93-45bc-b94e-b28d0faf1958
[2016.03.17-08.24.59:335][  0]LogAnalytics: [UEEditor.Rocket.Release] AnalyticsET::StartSession
[2016.03.17-08.24.59:481][  0]LogInit: Transaction tracking system initialized
[2016.03.17-08.24.59:852][  0]BlueprintLog: New page: Editor Load
[2016.03.17-08.25.01:240][  0]LocalizationService: Info Localization service is disabled
[2016.03.17-08.25.01:843][  0]LogLinker:Warning: Can't find file '/Game/FirstPersonBP/FirstPersonOverview'
[2016.03.17-08.25.01:843][  0]LogLinker:Warning: Can't find file '/Game/FirstPersonBP/FirstPersonOverview'
[2016.03.17-08.25.01:905][  0]LogUObjectGlobals:Warning: Failed to find object 'Class /Game/FirstPersonBP/FirstPersonOverview.FirstPersonOverview_C'
[2016.03.17-08.25.02:192][  0]LogConsoleResponse:Display: 
[2016.03.17-08.25.04:069][  0]LogFileCache: Scanning file cache for directory 'D:/UnrealProjects/GE_Project/Content/' took 0.06s
[2016.03.17-08.25.04:069][  0]LogCook:Display: Done creating registry. It took  0.00s.
[2016.03.17-08.25.05:036][  0]SourceControl: Info Source control is disabled
[2016.03.17-08.25.05:080][  0]Cmd: MAP LOAD FILE="../../../../../../UnrealProjects/GE_Project/Content/StarterContent/Maps/Minimal_Default.umap" TEMPLATE=0 SHOWPROGRESS=1 FEATURELEVEL=3
[2016.03.17-08.25.05:171][  0]LightingResults: New page: Lighting Build
[2016.03.17-08.25.05:393][  0]MapCheck: New page: Map Check
[2016.03.17-08.25.05:393][  0]LightingResults: New page: Lighting Build
[2016.03.17-08.25.05:745][  0]LogParticles: Destroying 0 GPU particle simulations for FXSystem 0x0000002931FCC400
[2016.03.17-08.25.09:719][  0]LogAIModule: Creating AISystem for world Minimal_Default
[2016.03.17-08.25.10:270][  0]LogEditorServer: Finished looking for orphan Actors (0.000 secs)
[2016.03.17-08.25.10:340][  0]Cmd: MAP CHECKDEP NOCLEARLOG
[2016.03.17-08.25.10:419][  0]MapCheck: Info Map check complete: 0 Error(s), 0 Warning(s), took 78.294ms to complete.
[2016.03.17-08.25.10:434][  0]LogFileHelpers: Loading map 'Minimal_Default' took 5.375
[2016.03.17-08.25.11:960][  0]LogCollectionManager: Loaded 0 collections in 0.001034 seconds
[2016.03.17-08.25.12:042][  0]LogFileCache: Scanning file cache for directory 'D:/UnrealProjects/GE_Project/Saved/Collections/' took 0.01s
[2016.03.17-08.25.12:042][  0]LogFileCache: Scanning file cache for directory 'D:/UnrealProjects/GE_Project/Content/Developers/VR/Collections/' took 0.01s
[2016.03.17-08.25.12:042][  0]LogFileCache: Scanning file cache for directory 'D:/UnrealProjects/GE_Project/Content/Collections/' took 0.01s
[2016.03.17-08.25.12:042][  0]LogContentBrowser: Native class hierarchy populated in 0.0295 seconds. Added 1918 classes and 347 folders.
[2016.03.17-08.25.12:118][  0]LogCollectionManager: Rebuilt the GUID cache for 0 collections in 0.000002 seconds
[2016.03.17-08.25.12:207][  0]LogContentBrowser: Native class hierarchy updated for 'WidgetCarousel' in 0.0008 seconds. Added 0 classes and 0 folders.
[2016.03.17-08.25.14:359][  0]LogContentBrowser: Native class hierarchy updated for 'AddContentDialog' in 0.0015 seconds. Added 0 classes and 0 folders.
[2016.03.17-08.25.14:436][  0]LogContentBrowser: Native class hierarchy updated for 'SceneOutliner' in 0.0014 seconds. Added 1 classes and 2 folders.
[2016.03.17-08.25.15:450][  0]LogCrashTracker: Crashtracker disabled due to settings.
[2016.03.17-08.25.15:522][  0]LogUObjectGlobals:Warning: Failed to find object 'Class None.'
[2016.03.17-08.25.15:564][  0]LogLoad: Full Startup: 47.92 seconds (BP compile: 0.42 seconds)
[2016.03.17-08.25.15:914][  0]LogContentStreaming: Texture pool size now 1000 MB
[2016.03.17-08.25.16:521][  0]LogRenderer: Reallocating scene render targets to support 1216x576 (Frame:2).
[2016.03.17-08.25.18:339][  5]LogAssetRegistry: Asset discovery search completed in 23.1669 seconds
[2016.03.17-08.25.18:339][  5]LogCollectionManager: Rebuilt the object cache for 0 collections in 0.000001 seconds (found 0 objects)
[2016.03.17-08.25.18:350][  5]LogCollectionManager: Fixed up redirectors for 0 collections in 0.000029 seconds (updated 0 objects)
[2016.03.17-08.25.21:995][297]LogFileCache: Retrieving MD5 hashes for directory 'D:/UnrealProjects/GE_Project/Content/' took 6.39s
[2016.03.17-08.25.24:520][564]LogSavePackage: Save=172.037216ms
[2016.03.17-08.25.24:520][564]LogSavePackage: Moving '../../../../../../UnrealProjects/GE_Project/Saved/Minimal_Default9D86AABC4C5505F9798E079834710E09.tmp' to '../../../../../../UnrealProjects/GE_Project/Content/StarterContent/Maps/Minimal_Default.umap'
[2016.03.17-08.25.24:521][564]LogSavePackage: Total save time: 228.701267ms
[2016.03.17-08.25.24:521][564]LogSavePackage:Warning: Finished SavePackage ../../../../../../UnrealProjects/GE_Project/Content/StarterContent/Maps/Minimal_Default.umap
[2016.03.17-08.25.25:801][712]Cmd: SELECT NONE
[2016.03.17-08.25.28:412][991]Cmd: MAP LOAD FILE="../../../../../../UnrealProjects/GE_Project/Content/MyFirstLevel.umap" TEMPLATE=0 SHOWPROGRESS=1 FEATURELEVEL=3
[2016.03.17-08.25.28:438][991]LightingResults: New page: Lighting Build
[2016.03.17-08.25.28:453][991]LoadErrors: New page: Loading map: MyFirstLevel.umap
[2016.03.17-08.25.28:475][991]MapCheck: New page: Map Check
[2016.03.17-08.25.28:475][991]LightingResults: New page: Lighting Build
[2016.03.17-08.25.28:506][991]LogParticles: Destroying 0 GPU particle simulations for FXSystem 0x0000002919E77560
[2016.03.17-08.25.29:097][991]LogBlueprint:Warning: [compiler Ue4ASP_Character] Warning Input Axis Event references unknown Axis 'LookUp' for  InputAxis LookUp 
[2016.03.17-08.25.29:097][991]LogBlueprint:Warning: [compiler Ue4ASP_Character] Warning Input Axis Event references unknown Axis 'Turn' for  InputAxis Turn 
[2016.03.17-08.25.29:097][991]LogBlueprint:Warning: [compiler Ue4ASP_Character] Warning Input Axis Event references unknown Axis 'MoveRight' for  InputAxis MoveRight 
[2016.03.17-08.25.29:097][991]LogBlueprint:Warning: [compiler Ue4ASP_Character] Warning Input Axis Event references unknown Axis 'MoveForward' for  InputAxis MoveForward 
[2016.03.17-08.25.29:099][991]LogBlueprint:Warning: [compiler Ue4ASP_Character] Warning [0061.45] Compile of Ue4ASP_Character successful, but with 4 Warning(s) [in 5 ms]
[2016.03.17-08.25.29:099][991]LogBlueprint:Warning: [compiler Ue4ASP_Character] Warning [0061.45] Compile of Ue4ASP_Character successful, but with 5 Warning(s) [in 0 ms]
[2016.03.17-08.25.29:099][991]LogBlueprint:Warning: [compiler Ue4ASP_Character] Warning [0061.45] Compile of Ue4ASP_Character successful, but with 6 Warning(s) [in 0 ms]
[2016.03.17-08.25.29:212][991]LogBlueprint:Warning: [compiler Ue4ASP_Character] Warning Input Axis Event references unknown Axis 'LookUp' for  InputAxis LookUp 
[2016.03.17-08.25.29:213][991]LogBlueprint:Warning: [compiler Ue4ASP_Character] Warning Input Axis Event references unknown Axis 'Turn' for  InputAxis Turn 
[2016.03.17-08.25.29:213][991]LogBlueprint:Warning: [compiler Ue4ASP_Character] Warning Input Axis Event references unknown Axis 'MoveRight' for  InputAxis MoveRight 
[2016.03.17-08.25.29:213][991]LogBlueprint:Warning: [compiler Ue4ASP_Character] Warning Input Axis Event references unknown Axis 'MoveForward' for  InputAxis MoveForward 
[2016.03.17-08.25.29:215][991]LogBlueprint:Warning: [compiler Ue4ASP_Character] Warning [0061.57] Compile of Ue4ASP_Character successful, but with 4 Warning(s) [in 7 ms]
[2016.03.17-08.25.29:215][991]LogBlueprint:Warning: [compiler Ue4ASP_Character] Warning [0061.57] Compile of Ue4ASP_Character successful, but with 5 Warning(s) [in 0 ms]
[2016.03.17-08.25.29:216][991]LogBlueprint:Warning: [compiler Ue4ASP_Character] Warning [0061.57] Compile of Ue4ASP_Character successful, but with 6 Warning(s) [in 0 ms]
[2016.03.17-08.25.32:041][991]LogAIModule: Creating AISystem for world MyFirstLevel
[2016.03.17-08.25.33:369][991]LogEditorServer: Finished looking for orphan Actors (0.000 secs)
[2016.03.17-08.25.33:418][991]Cmd: MAP CHECKDEP NOCLEARLOG
[2016.03.17-08.25.33:467][991]MapCheck: Info Map check complete: 0 Error(s), 0 Warning(s), took 48.218ms to complete.
[2016.03.17-08.25.33:467][991]LogFileHelpers: Loading map 'MyFirstLevel' took 5.057
[2016.03.17-08.25.33:485][992]Cmd: UpdateLandscapeEditorData -warnings
[2016.03.17-08.41.17:745][734]LogBlueprintUserMessages: Early PlayInEditor Detection: Level '/Game/MyFirstLevel.MyFirstLevel:PersistentLevel' has LevelScriptBlueprint '/Game/MyFirstLevel.MyFirstLevel:PersistentLevel.MyFirstLevel' with GeneratedClass '/Game/MyFirstLevel.MyFirstLevel_C' with ClassGeneratedBy '/Game/MyFirstLevel.MyFirstLevel:PersistentLevel.MyFirstLevel'
[2016.03.17-08.41.17:745][734]LogPlayLevel: PlayLevel: No blueprints needed recompiling
[2016.03.17-08.41.17:766][734]PIE: New page: PIE session: MyFirstLevel (Mar 17, 2016, 10:41:17 AM)
[2016.03.17-08.41.17:766][734]LogPlayLevel: Creating play world package: /Game/UEDPIE_0_MyFirstLevel
[2016.03.17-08.41.17:808][734]LogPlayLevel: PIE: StaticDuplicateObject took: (0.042136s)
[2016.03.17-08.41.17:809][734]LogAIModule: Creating AISystem for world MyFirstLevel
[2016.03.17-08.41.17:809][734]LogPlayLevel: PIE: World Init took: (0.000833s)
[2016.03.17-08.41.17:809][734]LogPlayLevel: PIE: Created PIE world by copying editor world from /Game/MyFirstLevel.MyFirstLevel to /Game/UEDPIE_0_MyFirstLevel.MyFirstLevel (0.043174s)
[2016.03.17-08.41.17:872][734]LogInit: XAudio2 using 'Speakers (Realtek High Definition Audio)' : 2 channels at 48 kHz using 32 bits per sample (channel mask 0x3)
[2016.03.17-08.41.17:878][734]LogInit: FAudioDevice initialized.
[2016.03.17-08.41.18:083][734]LogWorld: Game class is 'GamePadGameMode_C'
[2016.03.17-08.41.18:156][734]LogWorld: Bringing World /Game/UEDPIE_0_MyFirstLevel.MyFirstLevel up for play (max tick rate 0) at 2016.03.17-09.41.18
[2016.03.17-08.41.18:156][734]LogActor:Warning: GameSession /Game/UEDPIE_0_MyFirstLevel.MyFirstLevel:PersistentLevel.GameSession_0 has natively added scene component(s), but none of them were set as the actor's RootComponent - picking one arbitrarily
[2016.03.17-08.41.18:156][734]LogActor:Warning: GameNetworkManager /Game/UEDPIE_0_MyFirstLevel.MyFirstLevel:PersistentLevel.GameNetworkManager_0 has natively added scene component(s), but none of them were set as the actor's RootComponent - picking one arbitrarily
[2016.03.17-08.41.18:209][734]LogWorld: Bringing up level for play took: 0.109091
[2016.03.17-08.41.18:320][734]PIE: Info Play in editor start time for /Game/UEDPIE_0_MyFirstLevel 0.107
[2016.03.17-08.41.18:321][734]LogBlueprintUserMessages: Late PlayInEditor Detection: Level '/Game/MyFirstLevel.MyFirstLevel:PersistentLevel' has LevelScriptBlueprint '/Game/MyFirstLevel.MyFirstLevel:PersistentLevel.MyFirstLevel' with GeneratedClass '/Game/MyFirstLevel.MyFirstLevel_C' with ClassGeneratedBy '/Game/MyFirstLevel.MyFirstLevel:PersistentLevel.MyFirstLevel'
[2016.03.17-08.41.18:472][735]LogRenderer: Reallocating scene render targets to support 1648x780 (Frame:27987).
[2016.03.17-08.41.22:851][256]LogBlueprintUserMessages: Early EndPlayMap Detection: Level '/Game/MyFirstLevel.MyFirstLevel:PersistentLevel' has LevelScriptBlueprint '/Game/MyFirstLevel.MyFirstLevel:PersistentLevel.MyFirstLevel' with GeneratedClass '/Game/MyFirstLevel.MyFirstLevel_C' with ClassGeneratedBy '/Game/MyFirstLevel.MyFirstLevel:PersistentLevel.MyFirstLevel'
[2016.03.17-08.41.22:955][256]LogBlueprintUserMessages: Late EndPlayMap Detection: Level '/Game/MyFirstLevel.MyFirstLevel:PersistentLevel' has LevelScriptBlueprint '/Game/MyFirstLevel.MyFirstLevel:PersistentLevel.MyFirstLevel' with GeneratedClass '/Game/MyFirstLevel.MyFirstLevel_C' with ClassGeneratedBy '/Game/MyFirstLevel.MyFirstLevel:PersistentLevel.MyFirstLevel'
[2016.03.17-08.41.22:977][256]LogParticles: Destroying 0 GPU particle simulations for FXSystem 0x00000029418A34C0
[2016.03.17-08.41.23:934][366]LogBlueprintUserMessages: Early PlayInEditor Detection: Level '/Game/MyFirstLevel.MyFirstLevel:PersistentLevel' has LevelScriptBlueprint '/Game/MyFirstLevel.MyFirstLevel:PersistentLevel.MyFirstLevel' with GeneratedClass '/Game/MyFirstLevel.MyFirstLevel_C' with ClassGeneratedBy '/Game/MyFirstLevel.MyFirstLevel:PersistentLevel.MyFirstLevel'
[2016.03.17-08.41.23:934][366]LogPlayLevel: PlayLevel: No blueprints needed recompiling
[2016.03.17-08.41.23:934][366]PIE: New page: PIE session: MyFirstLevel (Mar 17, 2016, 10:41:23 AM)
[2016.03.17-08.41.23:934][366]LogPlayLevel: Creating play world package: /Game/UEDPIE_0_MyFirstLevel
[2016.03.17-08.41.23:966][366]LogPlayLevel: PIE: StaticDuplicateObject took: (0.031421s)
[2016.03.17-08.41.23:966][366]LogAIModule: Creating AISystem for world MyFirstLevel
[2016.03.17-08.41.23:966][366]LogPlayLevel: PIE: World Init took: (0.000539s)
[2016.03.17-08.41.23:967][366]LogPlayLevel: PIE: Created PIE world by copying editor world from /Game/MyFirstLevel.MyFirstLevel to /Game/UEDPIE_0_MyFirstLevel.MyFirstLevel (0.032184s)
[2016.03.17-08.41.23:990][366]LogInit: XAudio2 using 'Speakers (Realtek High Definition Audio)' : 2 channels at 48 kHz using 32 bits per sample (channel mask 0x3)
[2016.03.17-08.41.23:995][366]LogInit: FAudioDevice initialized.
[2016.03.17-08.41.24:029][366]LogWorld: Game class is 'GamePadGameMode_C'
[2016.03.17-08.41.24:084][366]LogWorld: Bringing World /Game/UEDPIE_0_MyFirstLevel.MyFirstLevel up for play (max tick rate 0) at 2016.03.17-09.41.24
[2016.03.17-08.41.24:084][366]LogActor:Warning: GameSession /Game/UEDPIE_0_MyFirstLevel.MyFirstLevel:PersistentLevel.GameSession_1 has natively added scene component(s), but none of them were set as the actor's RootComponent - picking one arbitrarily
[2016.03.17-08.41.24:084][366]LogActor:Warning: GameNetworkManager /Game/UEDPIE_0_MyFirstLevel.MyFirstLevel:PersistentLevel.GameNetworkManager_1 has natively added scene component(s), but none of them were set as the actor's RootComponent - picking one arbitrarily
[2016.03.17-08.41.24:086][366]LogWorld: Bringing up level for play took: 0.056272
[2016.03.17-08.41.24:104][366]PIE: Info Play in editor start time for /Game/UEDPIE_0_MyFirstLevel -0.109
[2016.03.17-08.41.24:105][366]LogBlueprintUserMessages: Late PlayInEditor Detection: Level '/Game/MyFirstLevel.MyFirstLevel:PersistentLevel' has LevelScriptBlueprint '/Game/MyFirstLevel.MyFirstLevel:PersistentLevel.MyFirstLevel' with GeneratedClass '/Game/MyFirstLevel.MyFirstLevel_C' with ClassGeneratedBy '/Game/MyFirstLevel.MyFirstLevel:PersistentLevel.MyFirstLevel'
[2016.03.17-08.41.31:389][238]LogBlueprintUserMessages: Early EndPlayMap Detection: Level '/Game/MyFirstLevel.MyFirstLevel:PersistentLevel' has LevelScriptBlueprint '/Game/MyFirstLevel.MyFirstLevel:PersistentLevel.MyFirstLevel' with GeneratedClass '/Game/MyFirstLevel.MyFirstLevel_C' with ClassGeneratedBy '/Game/MyFirstLevel.MyFirstLevel:PersistentLevel.MyFirstLevel'
[2016.03.17-08.41.31:424][238]LogBlueprintUserMessages: Late EndPlayMap Detection: Level '/Game/MyFirstLevel.MyFirstLevel:PersistentLevel' has LevelScriptBlueprint '/Game/MyFirstLevel.MyFirstLevel:PersistentLevel.MyFirstLevel' with GeneratedClass '/Game/MyFirstLevel.MyFirstLevel_C' with ClassGeneratedBy '/Game/MyFirstLevel.MyFirstLevel:PersistentLevel.MyFirstLevel'
[2016.03.17-08.41.31:454][238]LogParticles: Destroying 0 GPU particle simulations for FXSystem 0x000000294EE327A0
[2016.03.17-08.41.42:061][473]LogBlueprintUserMessages: Early PlayInEditor Detection: Level '/Game/MyFirstLevel.MyFirstLevel:PersistentLevel' has LevelScriptBlueprint '/Game/MyFirstLevel.MyFirstLevel:PersistentLevel.MyFirstLevel' with GeneratedClass '/Game/MyFirstLevel.MyFirstLevel_C' with ClassGeneratedBy '/Game/MyFirstLevel.MyFirstLevel:PersistentLevel.MyFirstLevel'
[2016.03.17-08.41.42:061][473]LogPlayLevel: PlayLevel: No blueprints needed recompiling
[2016.03.17-08.41.42:061][473]PIE: New page: PIE session: MyFirstLevel (Mar 17, 2016, 10:41:42 AM)
[2016.03.17-08.41.42:061][473]LogPlayLevel: Creating play world package: /Game/UEDPIE_0_MyFirstLevel
[2016.03.17-08.41.42:090][473]LogPlayLevel: PIE: StaticDuplicateObject took: (0.029433s)
[2016.03.17-08.41.42:091][473]LogAIModule: Creating AISystem for world MyFirstLevel
[2016.03.17-08.41.42:091][473]LogPlayLevel: PIE: World Init took: (0.000636s)
[2016.03.17-08.41.42:091][473]LogPlayLevel: PIE: Created PIE world by copying editor world from /Game/MyFirstLevel.MyFirstLevel to /Game/UEDPIE_0_MyFirstLevel.MyFirstLevel (0.030295s)
[2016.03.17-08.41.42:113][473]LogInit: XAudio2 using 'Speakers (Realtek High Definition Audio)' : 2 channels at 48 kHz using 32 bits per sample (channel mask 0x3)
[2016.03.17-08.41.42:119][473]LogInit: FAudioDevice initialized.
[2016.03.17-08.41.42:155][473]LogWorld: Game class is 'GamePadGameMode_C'
[2016.03.17-08.41.42:210][473]LogWorld: Bringing World /Game/UEDPIE_0_MyFirstLevel.MyFirstLevel up for play (max tick rate 0) at 2016.03.17-09.41.42
[2016.03.17-08.41.42:210][473]LogActor:Warning: GameSession /Game/UEDPIE_0_MyFirstLevel.MyFirstLevel:PersistentLevel.GameSession_2 has natively added scene component(s), but none of them were set as the actor's RootComponent - picking one arbitrarily
[2016.03.17-08.41.42:210][473]LogActor:Warning: GameNetworkManager /Game/UEDPIE_0_MyFirstLevel.MyFirstLevel:PersistentLevel.GameNetworkManager_2 has natively added scene component(s), but none of them were set as the actor's RootComponent - picking one arbitrarily
[2016.03.17-08.41.42:212][473]LogWorld: Bringing up level for play took: 0.056441
[2016.03.17-08.41.42:237][473]PIE: Info Play in editor start time for /Game/UEDPIE_0_MyFirstLevel 0.023
[2016.03.17-08.41.42:237][473]LogBlueprintUserMessages: Late PlayInEditor Detection: Level '/Game/MyFirstLevel.MyFirstLevel:PersistentLevel' has LevelScriptBlueprint '/Game/MyFirstLevel.MyFirstLevel:PersistentLevel.MyFirstLevel' with GeneratedClass '/Game/MyFirstLevel.MyFirstLevel_C' with ClassGeneratedBy '/Game/MyFirstLevel.MyFirstLevel:PersistentLevel.MyFirstLevel'
[2016.03.17-08.41.53:071][760]LogBlueprintUserMessages: Early EndPlayMap Detection: Level '/Game/MyFirstLevel.MyFirstLevel:PersistentLevel' has LevelScriptBlueprint '/Game/MyFirstLevel.MyFirstLevel:PersistentLevel.MyFirstLevel' with GeneratedClass '/Game/MyFirstLevel.MyFirstLevel_C' with ClassGeneratedBy '/Game/MyFirstLevel.MyFirstLevel:PersistentLevel.MyFirstLevel'
[2016.03.17-08.41.53:102][760]LogBlueprintUserMessages: Late EndPlayMap Detection: Level '/Game/MyFirstLevel.MyFirstLevel:PersistentLevel' has LevelScriptBlueprint '/Game/MyFirstLevel.MyFirstLevel:PersistentLevel.MyFirstLevel' with GeneratedClass '/Game/MyFirstLevel.MyFirstLevel_C' with ClassGeneratedBy '/Game/MyFirstLevel.MyFirstLevel:PersistentLevel.MyFirstLevel'
[2016.03.17-08.41.53:130][760]LogParticles: Destroying 0 GPU particle simulations for FXSystem 0x00000029499B9300
[2016.03.17-08.42.00:071][583]Cmd: CLOSE_SLATE_MAINFRAME
[2016.03.17-08.42.00:223][583]LogWindowsTextInputMethodSystem:Display: IME system now deactivated.
[2016.03.17-08.42.00:487][584]Cmd: QUIT_EDITOR
[2016.03.17-08.42.06:618][584]LogExit: Preparing to exit.
[2016.03.17-08.42.07:721][584]LogExit: Editor shut down
[2016.03.17-08.42.07:721][584]LogExit: Transaction tracking system shut down
[2016.03.17-08.42.07:722][584]LogParticles: Destroying 0 GPU particle simulations for FXSystem 0x00000029406E5E40
[2016.03.17-08.42.07:722][584]LogParticles: Destroying 0 GPU particle simulations for FXSystem 0x000000294E179800
[2016.03.17-08.42.07:753][584]LogParticles: Destroying 0 GPU particle simulations for FXSystem 0x0000002938DDDD00
[2016.03.17-08.42.07:919][584]LeapPluginLog: LeapController::CleanupEventData Delete Called
[2016.03.17-08.42.08:081][584]LogExit: Object subsystem successfully closed.
[2016.03.17-08.42.08:119][584]LogD3D11RHI: Shutdown
[2016.03.17-08.42.08:119][584]LogD3D11RHI: CleanupD3DDevice
[2016.03.17-08.42.08:187][584]LogD3D11RHI: ~FD3D11DynamicRHI
[2016.03.17-08.42.08:492][584]LogCrashTracker: 


[2016.03.17-08.42.08:492][584]LogCrashTracker: 


[2016.03.17-08.42.08:492][584]LogWindows: === Critical error: ===
Fatal error!



