[2016.02.22-10.44.17:224][  0]Log file open, 02/22/16 11:44:17
[2016.02.22-10.44.17:224][  0]LogInit:Display: Running engine for game: TheBeginning
[2016.02.22-10.44.17:224][  0]LogInit:Display: RandInit(-1321100595) SRandInit(-1321100595).
[2016.02.22-10.44.17:224][  0]LogTaskGraph: Started task graph with 4 named threads and 7 total threads.
[2016.02.22-10.44.17:224][  0]LogStats: Stats thread started at 0.068914
[2016.02.22-10.44.17:224][  0]LogInit: Version: 4.9.2-2707645+++depot+UE4-Releases+4.9
[2016.02.22-10.44.17:224][  0]LogInit: API Version: 2672455
[2016.02.22-10.44.17:224][  0]LogInit: Compiled (64-bit): Sep 28 2015 10:25:44
[2016.02.22-10.44.17:224][  0]LogInit: Compiled with Visual C++: 18.00.21005.01
[2016.02.22-10.44.17:224][  0]LogInit: Build Configuration: Development
[2016.02.22-10.44.17:224][  0]LogInit: Branch Name: ++depot+UE4-Releases+4.9
[2016.02.22-10.44.17:224][  0]LogInit: Command line:  
[2016.02.22-10.44.17:224][  0]LogInit: Base directory: D:/Programme/Epic Games/4.9/Engine/Binaries/Win64/
[2016.02.22-10.44.17:224][  0]LogInit: Rocket: 1
[2016.02.22-10.44.17:229][  0]LogInit: Using libcurl 7.41.0
[2016.02.22-10.44.17:229][  0]LogInit:  - built for x86_64-pc-win32
[2016.02.22-10.44.17:229][  0]LogInit:  - supports SSL with WinSSL
[2016.02.22-10.44.17:229][  0]LogInit:  - other features:
[2016.02.22-10.44.17:229][  0]LogInit:      CURL_VERSION_SSL
[2016.02.22-10.44.17:229][  0]LogInit:      CURL_VERSION_IPV6
[2016.02.22-10.44.17:229][  0]LogInit:      CURL_VERSION_ASYNCHDNS
[2016.02.22-10.44.17:229][  0]LogInit:      CURL_VERSION_LARGEFILE
[2016.02.22-10.44.17:229][  0]LogInit:      CURL_VERSION_IDN
[2016.02.22-10.44.17:229][  0]LogInit:  CurlRequestOptions (configurable via config and command line):
[2016.02.22-10.44.17:229][  0]LogInit:  - bVerifyPeer = true  - Libcurl will verify peer certificate
[2016.02.22-10.44.17:229][  0]LogInit:  - bUseHttpProxy = false  - Libcurl will NOT use HTTP proxy
[2016.02.22-10.44.17:229][  0]LogInit:  - bDontReuseConnections = false  - Libcurl will reuse connections
[2016.02.22-10.44.17:229][  0]LogInit:  - CertBundlePath = nullptr  - Libcurl will use whatever was configured at build time.
[2016.02.22-10.44.17:234][  0]LogInit: Presizing for 0 objects not considered by GC, pre-allocating 0 bytes.
[2016.02.22-10.44.17:240][  0]LogInit: Object subsystem initialized
[2016.02.22-10.44.17:241][  0]LogInit: Selected Device Profile: [Windows]
[2016.02.22-10.44.17:241][  0]LogInit: Applying CVar settings loaded from the selected device profile: [Windows]
[2016.02.22-10.44.17:249][  0]LogInit: Computer: PC1021500895
[2016.02.22-10.44.17:249][  0]LogInit: User: VR
[2016.02.22-10.44.17:249][  0]LogInit: CPU Page size=4096, Cores=4
[2016.02.22-10.44.17:249][  0]LogInit: High frequency timer resolution =3.507503 MHz
[2016.02.22-10.44.17:249][  0]LogMemory: Memory total: Physical=15.9GB (16GB approx)
[2016.02.22-10.44.17:249][  0]LogMemory: Platform Memory Stats for Windows
[2016.02.22-10.44.17:249][  0]LogMemory: Process Physical Memory: 52.61 MB used, 52.61 MB peak
[2016.02.22-10.44.17:249][  0]LogMemory: Process Virtual Memory: 56.14 MB used, 56.14 MB peak
[2016.02.22-10.44.17:249][  0]LogMemory: Physical Memory: 8237.71 MB used, 16261.17 MB total
[2016.02.22-10.44.17:249][  0]LogMemory: Virtual Memory: 347.69 MB used, 134217728.00 MB total
[2016.02.22-10.44.17:278][  0]LogTextLocalizationManager: No translations for ('de-DE') exist, falling back to 'en' for localization and internationalization data.
[2016.02.22-10.44.18:008][  0]LogD3D11RHI: Found D3D11 adapter 0: NVIDIA GeForce GTX 970 (Feature Level 11_0)
[2016.02.22-10.44.18:008][  0]LogD3D11RHI: Adapter has 3976MB of dedicated video memory, 0MB of dedicated system memory, and 8130MB of shared system memory, 1 output[s]
[2016.02.22-10.44.18:009][  0]LogD3D11RHI: Found D3D11 adapter 1: Microsoft Basic Render Driver (Feature Level 11_0)
[2016.02.22-10.44.18:009][  0]LogD3D11RHI: Adapter has 0MB of dedicated video memory, 0MB of dedicated system memory, and 256MB of shared system memory, 0 output[s]
[2016.02.22-10.44.18:009][  0]LogD3D11RHI: Chosen D3D11 Adapter Id = 0
[2016.02.22-10.44.18:013][  0]LogD3D11RHI: !Direct3DDevice
[2016.02.22-10.44.18:013][  0]LogRHI: Texture pool is 1361 MB (70% of 1945 MB)
[2016.02.22-10.44.18:025][  0]LogD3D11RHI: Async texture creation enabled
[2016.02.22-10.44.18:042][  0]LogShaderCompilers: Guid format shader working directory is 15 characters bigger than the processId version (../../../../../../UnrealProjects/GE_Project/Intermediate/Shaders/WorkingDirectory/9508/).
[2016.02.22-10.44.18:042][  0]LogShaderCompilers: Cleaned the shader compiler working directory '../../../../../../UnrealProjects/GE_Project/Intermediate/Shaders/tmp/F2F5C2AD4583DB6216C898AE42F7C869/'.
[2016.02.22-10.44.18:042][  0]LogShaderCompilers:Display: Using Local Shader Compiler.
[2016.02.22-10.44.18:920][  0]LogTemp:Display: Loaded TP AllDesktopTargetPlatform
[2016.02.22-10.44.18:924][  0]LogTemp:Display: Loaded TP WindowsClientTargetPlatform
[2016.02.22-10.44.18:928][  0]LogTemp:Display: Loaded TP WindowsNoEditorTargetPlatform
[2016.02.22-10.44.18:932][  0]LogTemp:Display: Loaded TP WindowsServerTargetPlatform
[2016.02.22-10.44.18:935][  0]LogTemp:Display: Loaded TP WindowsTargetPlatform
[2016.02.22-10.44.18:938][  0]LogTemp:Display: Loaded TP AndroidTargetPlatform
[2016.02.22-10.44.18:941][  0]LogTemp:Display: Loaded TP Android_ASTCTargetPlatform
[2016.02.22-10.44.18:943][  0]LogTemp:Display: Loaded TP Android_ATCTargetPlatform
[2016.02.22-10.44.18:946][  0]LogTemp:Display: Loaded TP Android_DXTTargetPlatform
[2016.02.22-10.44.18:948][  0]LogTemp:Display: Loaded TP Android_ETC1TargetPlatform
[2016.02.22-10.44.18:952][  0]LogTemp:Display: Loaded TP Android_ETC2TargetPlatform
[2016.02.22-10.44.18:955][  0]LogTemp:Display: Loaded TP Android_PVRTCTargetPlatform
[2016.02.22-10.44.18:956][  0]LogTemp:Display: Loaded TP HTML5TargetPlatform
[2016.02.22-10.44.18:971][  0]LogTemp:Display: Loaded TP IOSTargetPlatform
[2016.02.22-10.44.18:974][  0]LogTemp:Display: Loaded TP LinuxNoEditorTargetPlatform
[2016.02.22-10.44.18:977][  0]LogTemp:Display: Loaded TP LinuxServerTargetPlatform
[2016.02.22-10.44.18:980][  0]LogTemp:Display: Loaded TP LinuxTargetPlatform
[2016.02.22-10.44.18:980][  0]LogTargetPlatformManager:Display: Building Assets For Windows
[2016.02.22-10.44.19:033][  0]LogDerivedDataCache:Display: Max Cache Size: 512 MB
[2016.02.22-10.44.19:077][  0]LogDerivedDataCache: Loaded boot cache 0.04s 41MB C:/Users/VR/AppData/Local/UnrealEngine/4.9/DerivedDataCache/Boot.ddc.
[2016.02.22-10.44.19:077][  0]LogDerivedDataCache:Display: Loaded Boot cache: C:/Users/VR/AppData/Local/UnrealEngine/4.9/DerivedDataCache/Boot.ddc
[2016.02.22-10.44.19:077][  0]LogDerivedDataCache: FDerivedDataBackendGraph:  Pak pak cache file ../../../../../../UnrealProjects/GE_Project/DerivedDataCache/DDC.ddp not found, will not use a pak cache.
[2016.02.22-10.44.19:077][  0]LogDerivedDataCache: Unable to find inner node Pak for hierarchical cache Hierarchy.
[2016.02.22-10.44.19:077][  0]LogDerivedDataCache: FDerivedDataBackendGraph:  CompressedPak pak cache file ../../../../../../UnrealProjects/GE_Project/DerivedDataCache/Compressed.ddp not found, will not use a pak cache.
[2016.02.22-10.44.19:077][  0]LogDerivedDataCache: Unable to find inner node CompressedPak for hierarchical cache Hierarchy.
[2016.02.22-10.44.19:203][  0]LogDerivedDataCache:Display: Pak cache opened for reading ../../../Engine/DerivedDataCache/Compressed.ddp.
[2016.02.22-10.44.19:215][  0]LogDerivedDataCache: Using Local data cache path C:/Users/VR/AppData/Local/UnrealEngine/Common/DerivedDataCache: Writable
[2016.02.22-10.44.19:369][  0]LogInit: Selected Device Profile: [Windows]
[2016.02.22-10.44.19:372][  0]LogContentStreaming: Texture pool size is 0.000000MB
[2016.02.22-10.44.19:478][  0]LogMeshUtilities: No automatic mesh reduction module available
[2016.02.22-10.44.19:478][  0]LogMeshUtilities: No automatic mesh merging module available
[2016.02.22-10.44.19:685][  0]LogInit: WinSock: version 1.1 (2.2), MaxSocks=32767, MaxUdp=65467
[2016.02.22-10.44.20:314][  0]UdpMessaging: Initializing bridge on interface 0.0.0.0:0 to multicast group 230.0.0.1:6666.
[2016.02.22-10.44.20:434][  0]LogAssetRegistry: FAssetRegistry took 0.0106 seconds to start up
[2016.02.22-10.44.20:562][  0]SourceControl: Info Source control is disabled
[2016.02.22-10.44.20:569][  0]SourceControl: Info Source control is disabled
[2016.02.22-10.44.20:575][  0]SourceControl: Info Source control is disabled
[2016.02.22-10.44.20:581][  0]SourceControl: Info Source control is disabled
[2016.02.22-10.44.20:676][  0]LogLinker:Warning: Asset '../../../Engine/Plugins/Runtime/LeapMotionController/Content/LM_PassthroughMaterial.uasset' has been saved with empty engine version. The asset will be loaded but may be incompatible.
[2016.02.22-10.44.20:738][  0]LeapPluginLog: Using LeapPlugin version 0.9.6
[2016.02.22-10.44.20:745][  0]LogObj: 29249 objects as part of root set at end of initial load.
[2016.02.22-10.44.20:745][  0]LogUObjectAllocator: 6234272 out of 0 bytes used by permanent object pool.
[2016.02.22-10.44.20:794][  0]LogEngine: Initializing Engine...
[2016.02.22-10.44.20:795][  0]OCULUS: Info: 02/22/16 10:44:20: [CAPI] LibOVR module is located at C:\Windows\SYSTEM32\LibOVRRT64_0_7.dll

[2016.02.22-10.44.21:296][  0]OCULUS: Error: 02/22/16 10:44:21: [CAPI] ovr_Create failed to complete within the timeout period.
[2016.02.22-10.44.22:428][  0]LogHMD: SteamVR failed to initialize.  Err: 1000
[2016.02.22-10.44.22:540][  0]LogAIModule: Creating AISystem for world NewWorld
[2016.02.22-10.44.22:552][  0]LogInit: XAudio2 using 'Speakers (Realtek High Definition Audio)' : 2 channels at 48 kHz using 32 bits per sample (channel mask 0x3)
[2016.02.22-10.44.22:560][  0]LogInit: FAudioDevice initialized.
[2016.02.22-10.44.22:582][  0]LogDerivedDataCache: Saved boot cache 0.02s 41MB C:/Users/VR/AppData/Local/UnrealEngine/4.9/DerivedDataCache/Boot.ddc.
[2016.02.22-10.44.22:588][  0]LogInit: Texture streaming: Enabled
[2016.02.22-10.44.22:591][  0]LogAnalytics: Creating configured Analytics provider AnalyticsET
[2016.02.22-10.44.22:591][  0]LogAnalytics: [UEEditor.Rocket.Release] APIServer = http://et2.epicgames.com/ET2/. AppVersion = 4.9.2-2707645+++depot+UE4-Releases+4.9
[2016.02.22-10.44.22:592][  0]LogAnalytics: [UEEditor.Rocket.Release] SetUserId 8c1436b7469470d4e6ebefb46ce7086e|0318ce7eb266467aa7a1e63543527494|c39e7128-8a93-45bc-b94e-b28d0faf1958
[2016.02.22-10.44.22:592][  0]LogAnalytics: [UEEditor.Rocket.Release] AnalyticsET::StartSession
[2016.02.22-10.44.22:601][  0]LogWindowsTextInputMethodSystem:Display: IME system now deactivated.
[2016.02.22-10.44.22:613][  0]LogInit: Transaction tracking system initialized
[2016.02.22-10.44.22:631][  0]BlueprintLog: New page: Editor Load
[2016.02.22-10.44.22:679][  0]LocalizationService: Info Localization service is disabled
[2016.02.22-10.44.22:726][  0]LogLinker:Warning: Can't find file '/Game/FirstPersonBP/FirstPersonOverview'
[2016.02.22-10.44.22:726][  0]LogLinker:Warning: Can't find file '/Game/FirstPersonBP/FirstPersonOverview'
[2016.02.22-10.44.22:726][  0]LogUObjectGlobals:Warning: Failed to find object 'Class /Game/FirstPersonBP/FirstPersonOverview.FirstPersonOverview_C'
[2016.02.22-10.44.22:735][  0]LogConsoleResponse:Display: 
[2016.02.22-10.44.22:841][  0]LogCook:Display: Done creating registry. It took  0.00s.
[2016.02.22-10.44.22:880][  0]LogFileCache: Scanning file cache for directory 'D:/UnrealProjects/GE_Project/Content/' took 0.01s
[2016.02.22-10.44.22:880][  0]SourceControl: Info Source control is disabled
[2016.02.22-10.44.22:880][  0]Cmd: MAP LOAD FILE="../../../../../../UnrealProjects/GE_Project/Content/StarterContent/Maps/Minimal_Default.umap" TEMPLATE=0 SHOWPROGRESS=1 FEATURELEVEL=3
[2016.02.22-10.44.22:880][  0]LightingResults: New page: Lighting Build
[2016.02.22-10.44.22:882][  0]MapCheck: New page: Map Check
[2016.02.22-10.44.22:882][  0]LightingResults: New page: Lighting Build
[2016.02.22-10.44.22:895][  0]LogParticles: Destroying 0 GPU particle simulations for FXSystem 0x000000520FAA7CE0
[2016.02.22-10.44.23:248][  0]LogAIModule: Creating AISystem for world Minimal_Default
[2016.02.22-10.44.23:254][  0]LogEditorServer: Finished looking for orphan Actors (0.000 secs)
[2016.02.22-10.44.23:255][  0]Cmd: MAP CHECKDEP NOCLEARLOG
[2016.02.22-10.44.23:292][  0]MapCheck: Info Map check complete: 0 Error(s), 0 Warning(s), took 36.989ms to complete.
[2016.02.22-10.44.23:292][  0]LogFileHelpers: Loading map 'Minimal_Default' took 0.412
[2016.02.22-10.44.23:390][  0]LogCollectionManager: Loaded 0 collections in 0.001070 seconds
[2016.02.22-10.44.23:435][  0]LogFileCache: Scanning file cache for directory 'D:/UnrealProjects/GE_Project/Saved/Collections/' took 0.01s
[2016.02.22-10.44.23:435][  0]LogFileCache: Scanning file cache for directory 'D:/UnrealProjects/GE_Project/Content/Developers/VR/Collections/' took 0.01s
[2016.02.22-10.44.23:435][  0]LogFileCache: Scanning file cache for directory 'D:/UnrealProjects/GE_Project/Content/Collections/' took 0.01s
[2016.02.22-10.44.23:435][  0]LogContentBrowser: Native class hierarchy populated in 0.0106 seconds. Added 1918 classes and 347 folders.
[2016.02.22-10.44.23:439][  0]LogCollectionManager: Rebuilt the GUID cache for 0 collections in 0.000003 seconds
[2016.02.22-10.44.23:447][  0]LogContentBrowser: Native class hierarchy updated for 'WidgetCarousel' in 0.0011 seconds. Added 0 classes and 0 folders.
[2016.02.22-10.44.23:484][  0]LogContentBrowser: Native class hierarchy updated for 'AddContentDialog' in 0.0012 seconds. Added 0 classes and 0 folders.
[2016.02.22-10.44.23:487][  0]LogContentBrowser: Native class hierarchy updated for 'SceneOutliner' in 0.0009 seconds. Added 1 classes and 2 folders.
[2016.02.22-10.44.23:538][  0]LogCrashTracker: Crashtracker disabled due to settings.
[2016.02.22-10.44.23:548][  0]LogUObjectGlobals:Warning: Failed to find object 'Class None.'
[2016.02.22-10.44.23:571][  0]LogLoad: Full Startup: 7.00 seconds (BP compile: 0.04 seconds)
[2016.02.22-10.44.23:630][  0]LogContentStreaming: Texture pool size now 1000 MB
[2016.02.22-10.44.23:743][  0]LogRenderer: Reallocating scene render targets to support 1216x576 (Frame:2).
[2016.02.22-10.44.24:597][  3]LogAssetRegistry: Asset discovery search completed in 4.1733 seconds
[2016.02.22-10.44.24:597][  3]LogCollectionManager: Rebuilt the object cache for 0 collections in 0.000001 seconds (found 0 objects)
[2016.02.22-10.44.24:597][  3]LogCollectionManager: Fixed up redirectors for 0 collections in 0.000025 seconds (updated 0 objects)
[2016.02.22-10.44.32:949][792]Cmd: MAP LOAD FILE="../../../../../../UnrealProjects/GE_Project/Content/MyFirstLevel.umap" TEMPLATE=0 SHOWPROGRESS=1 FEATURELEVEL=3
[2016.02.22-10.44.32:977][792]LightingResults: New page: Lighting Build
[2016.02.22-10.44.32:990][792]LoadErrors: New page: Loading map: MyFirstLevel.umap
[2016.02.22-10.44.32:991][792]MapCheck: New page: Map Check
[2016.02.22-10.44.32:991][792]LightingResults: New page: Lighting Build
[2016.02.22-10.44.33:001][792]LogParticles: Destroying 0 GPU particle simulations for FXSystem 0x0000005278229D00
[2016.02.22-10.44.33:072][792]LogBlueprint:Warning: [compiler Ue4ASP_Character] Warning Input Axis Event references unknown Axis 'LookUp' for  InputAxis LookUp 
[2016.02.22-10.44.33:072][792]LogBlueprint:Warning: [compiler Ue4ASP_Character] Warning Input Axis Event references unknown Axis 'Turn' for  InputAxis Turn 
[2016.02.22-10.44.33:072][792]LogBlueprint:Warning: [compiler Ue4ASP_Character] Warning Input Axis Event references unknown Axis 'MoveRight' for  InputAxis MoveRight 
[2016.02.22-10.44.33:073][792]LogBlueprint:Warning: [compiler Ue4ASP_Character] Warning Input Axis Event references unknown Axis 'MoveForward' for  InputAxis MoveForward 
[2016.02.22-10.44.33:075][792]LogBlueprint:Warning: [compiler Ue4ASP_Character] Warning [0016.50] Compile of Ue4ASP_Character successful, but with 4 Warning(s) [in 6 ms]
[2016.02.22-10.44.33:075][792]LogBlueprint:Warning: [compiler Ue4ASP_Character] Warning [0016.50] Compile of Ue4ASP_Character successful, but with 5 Warning(s) [in 0 ms]
[2016.02.22-10.44.33:075][792]LogBlueprint:Warning: [compiler Ue4ASP_Character] Warning [0016.50] Compile of Ue4ASP_Character successful, but with 6 Warning(s) [in 0 ms]
[2016.02.22-10.44.33:131][792]LogBlueprint:Warning: [compiler Ue4ASP_Character] Warning Input Axis Event references unknown Axis 'LookUp' for  InputAxis LookUp 
[2016.02.22-10.44.33:132][792]LogBlueprint:Warning: [compiler Ue4ASP_Character] Warning Input Axis Event references unknown Axis 'Turn' for  InputAxis Turn 
[2016.02.22-10.44.33:132][792]LogBlueprint:Warning: [compiler Ue4ASP_Character] Warning Input Axis Event references unknown Axis 'MoveRight' for  InputAxis MoveRight 
[2016.02.22-10.44.33:132][792]LogBlueprint:Warning: [compiler Ue4ASP_Character] Warning Input Axis Event references unknown Axis 'MoveForward' for  InputAxis MoveForward 
[2016.02.22-10.44.33:135][792]LogBlueprint:Warning: [compiler Ue4ASP_Character] Warning [0016.56] Compile of Ue4ASP_Character successful, but with 4 Warning(s) [in 6 ms]
[2016.02.22-10.44.33:135][792]LogBlueprint:Warning: [compiler Ue4ASP_Character] Warning [0016.56] Compile of Ue4ASP_Character successful, but with 5 Warning(s) [in 0 ms]
[2016.02.22-10.44.33:135][792]LogBlueprint:Warning: [compiler Ue4ASP_Character] Warning [0016.56] Compile of Ue4ASP_Character successful, but with 6 Warning(s) [in 0 ms]
[2016.02.22-10.44.33:332][792]LogAIModule: Creating AISystem for world MyFirstLevel
[2016.02.22-10.44.33:403][792]LogEditorServer: Finished looking for orphan Actors (0.000 secs)
[2016.02.22-10.44.33:449][792]Cmd: MAP CHECKDEP NOCLEARLOG
[2016.02.22-10.44.33:498][792]MapCheck: Info Map check complete: 0 Error(s), 0 Warning(s), took 48.614ms to complete.
[2016.02.22-10.44.33:499][792]LogFileHelpers: Loading map 'MyFirstLevel' took 0.550
[2016.02.22-10.44.33:517][793]Cmd: UpdateLandscapeEditorData -warnings
[2016.02.22-10.44.41:532][733]LogBlueprintUserMessages: Early PlayInEditor Detection: Level '/Game/MyFirstLevel.MyFirstLevel:PersistentLevel' has LevelScriptBlueprint '/Game/MyFirstLevel.MyFirstLevel:PersistentLevel.MyFirstLevel' with GeneratedClass '/Game/MyFirstLevel.MyFirstLevel_C' with ClassGeneratedBy '/Game/MyFirstLevel.MyFirstLevel:PersistentLevel.MyFirstLevel'
[2016.02.22-10.44.41:532][733]LogPlayLevel: PlayLevel: No blueprints needed recompiling
[2016.02.22-10.44.41:532][733]PIE: New page: PIE session: MyFirstLevel (Feb 22, 2016, 12:44:41 PM)
[2016.02.22-10.44.41:532][733]LogPlayLevel: Creating play world package: /Game/UEDPIE_0_MyFirstLevel
[2016.02.22-10.44.41:542][733]LogPlayLevel: PIE: StaticDuplicateObject took: (0.009483s)
[2016.02.22-10.44.41:542][733]LogAIModule: Creating AISystem for world MyFirstLevel
[2016.02.22-10.44.41:542][733]LogPlayLevel: PIE: World Init took: (0.000460s)
[2016.02.22-10.44.41:543][733]LogPlayLevel: PIE: Created PIE world by copying editor world from /Game/MyFirstLevel.MyFirstLevel to /Game/UEDPIE_0_MyFirstLevel.MyFirstLevel (0.010095s)
[2016.02.22-10.44.41:572][733]LogInit: XAudio2 using 'Speakers (Realtek High Definition Audio)' : 2 channels at 48 kHz using 32 bits per sample (channel mask 0x3)
[2016.02.22-10.44.41:578][733]LogInit: FAudioDevice initialized.
[2016.02.22-10.44.41:652][733]LogProperty:Error: UStructProperty::Serialize Loading: Property 'StructProperty /LeapMotion/Character/Basic/BasicCharacter_AnimBlueprint.BasicCharacter_AnimBlueprint_C:AnimGraphNode_Fabrik_8C904C7A415FB588652E8A91FDC811AE'. Unknown structure.
[2016.02.22-10.44.41:652][733]LogProperty:Error: UStructProperty::Serialize Loading: Property 'StructProperty /LeapMotion/Character/Basic/BasicCharacter_AnimBlueprint.BasicCharacter_AnimBlueprint_C:AnimGraphNode_Fabrik_416EC86F435836563C4E49AD6D016C3C'. Unknown structure.
[2016.02.22-10.44.41:653][733]LogProperty:Error: UStructProperty::Serialize Loading: Property 'StructProperty /LeapMotion/Character/Basic/BasicCharacter_AnimBlueprint.BasicCharacter_AnimBlueprint_C:AnimGraphNode_Fabrik_9FF4326C4CAD2373B92D6F9E3AC3F57A'. Unknown structure.
[2016.02.22-10.44.41:654][733]LogAnimation:Warning: Invalid animation root node index 54 on '/LeapMotion/Character/Basic/BasicCharacter_AnimBlueprint.BasicCharacter_AnimBlueprint_C' (only 52 nodes)
[2016.02.22-10.44.44:449][733]LogOutputDevice: === Handled error: ===

Ensure condition failed: bValidRootIndex [File:D:\BuildFarm\buildmachine_++depot+UE4-Releases+4.9\Engine\Source\Runtime\Engine\Private\Animation\AnimBlueprintGeneratedClass.cpp] [Line: 234]

Stack: 
UE4Editor-Core.dll!FWindowsPlatformStackWalk::StackWalkAndDump() [d:\buildfarm\buildmachine_++depot+ue4-releases+4.9\engine\source\runtime\core\private\windows\windowsplatformstackwalk.cpp:175]
UE4Editor-Core.dll!FDebug::EnsureFailed() [d:\buildfarm\buildmachine_++depot+ue4-releases+4.9\engine\source\runtime\core\private\misc\outputdevice.cpp:258]
UE4Editor-Core.dll!FDebug::OptionallyLogFormattedEnsureMessageReturningFalse() [d:\buildfarm\buildmachine_++depot+ue4-releases+4.9\engine\source\runtime\core\private\misc\outputdevice.cpp:368]
UE4Editor-Engine.dll!UAnimBlueprintGeneratedClass::Link() [d:\buildfarm\buildmachine_++depot+ue4-releases+4.9\engine\source\runtime\engine\private\animation\animblueprintgeneratedclass.cpp:234]
UE4Editor-CoreUObject.dll!UClass::Serialize() [d:\buildfarm\buildmachine_++depot+ue4-releases+4.9\engine\source\runtime\coreuobject\private\uobject\class.cpp:3393]
UE4Editor-Engine.dll!UBlueprintGeneratedClass::Serialize() [d:\buildfarm\buildmachine_++depot+ue4-releases+4.9\engine\source\runtime\engine\private\blueprintgeneratedclass.cpp:757]
UE4Editor-CoreUObject.dll!FLinkerLoad::Preload() [d:\buildfarm\buildmachine_++depot+ue4-releases+4.9\engine\source\runtime\coreuobject\private\uobject\linkerload.cpp:3143]
UE4Editor-CoreUObject.dll!FLinkerLoad::CreateExport() [d:\buildfarm\buildmachine_++depot+ue4-releases+4.9\engine\source\runtime\coreuobject\private\uobject\linkerload.cpp:3792]
UE4Editor-CoreUObject.dll!FLinkerLoad::IndexToObject() [d:\buildfarm\buildmachine_++depot+ue4-releases+4.9\engine\source\runtime\coreuobject\private\uobject\linkerload.cpp:3982]
UE4Editor-CoreUObject.dll!FLinkerLoad::CreateExport() [d:\buildfarm\buildmachine_++depot+ue4-releases+4.9\engine\source\runtime\coreuobject\private\uobject\linkerload.cpp:3505]
UE4Editor-CoreUObject.dll!FLinkerLoad::CreateExportAndPreload() [d:\buildfarm\buildmachine_++depot+ue4-releases+4.9\engine\source\runtime\coreuobject\private\uobject\linkerload.cpp:2661]
UE4Editor-CoreUObject.dll!FLinkerLoad::LoadAllObjects() [d:\buildfarm\buildmachine_++depot+ue4-releases+4.9\engine\source\runtime\coreuobject\private\uobject\linkerload.cpp:2769]
UE4Editor-CoreUObject.dll!LoadPackageInternal() [d:\buildfarm\buildmachine_++depot+ue4-releases+4.9\engine\source\runtime\coreuobject\private\uobject\uobjectglobals.cpp:1032]
UE4Editor-CoreUObject.dll!FLinkerLoad::VerifyImportInner() [d:\buildfarm\buildmachine_++depot+ue4-releases+4.9\engine\source\runtime\coreuobject\private\uobject\linkerload.cpp:2354]
UE4Editor-CoreUObject.dll!FLinkerLoad::VerifyImport() [d:\buildfarm\buildmachine_++depot+ue4-releases+4.9\engine\source\runtime\coreuobject\private\uobject\linkerload.cpp:2115]
UE4Editor-CoreUObject.dll!FLinkerLoad::VerifyImportInner() [d:\buildfarm\buildmachine_++depot+ue4-releases+4.9\engine\source\runtime\coreuobject\private\uobject\linkerload.cpp:2402]
UE4Editor-CoreUObject.dll!FLinkerLoad::VerifyImport() [d:\buildfarm\buildmachine_++depot+ue4-releases+4.9\engine\source\runtime\coreuobject\private\uobject\linkerload.cpp:2115]
UE4Editor-CoreUObject.dll!FLinkerLoad::Verify() [d:\buildfarm\buildmachine_++depot+ue4-releases+4.9\engine\source\runtime\coreuobject\private\uobject\linkerload.cpp:1905]
UE4Editor-CoreUObject.dll!FLinkerLoad::FinalizeCreation() [d:\buildfarm\buildmachine_++depot+ue4-releases+4.9\engine\source\runtime\coreuobject\private\uobject\linkerload.cpp:1815]
UE4Editor-CoreUObject.dll!FLinkerLoad::Tick() [d:\buildfarm\buildmachine_++depot+ue4-releases+4.9\engine\source\runtime\coreuobject\private\uobject\linkerload.cpp:666]
UE4Editor-CoreUObject.dll!FLinkerLoad::CreateLinker() [d:\buildfarm\buildmachine_++depot+ue4-releases+4.9\engine\source\runtime\coreuobject\private\uobject\linkerload.cpp:404]
UE4Editor-CoreUObject.dll!GetPackageLinker() [d:\buildfarm\buildmachine_++depot+ue4-releases+4.9\engine\source\runtime\coreuobject\private\uobject\linker.cpp:570]
UE4Editor-CoreUObject.dll!LoadPackageInternal() [d:\buildfarm\buildmachine_++depot+ue4-releases+4.9\engine\source\runtime\coreuobject\private\uobject\uobjectglobals.cpp:936]
UE4Editor-CoreUObject.dll!FLinkerLoad::VerifyImportInner() [d:\buildfarm\buildmachine_++depot+ue4-releases+4.9\engine\source\runtime\coreuobject\private\uobject\linkerload.cpp:2354]
UE4Editor-CoreUObject.dll!FLinkerLoad::VerifyImport() [d:\buildfarm\buildmachine_++depot+ue4-releases+4.9\engine\source\runtime\coreuobject\private\uobject\linkerload.cpp:2115]
UE4Editor-CoreUObject.dll!FLinkerLoad::VerifyImportInner() [d:\buildfarm\buildmachine_++depot+ue4-releases+4.9\engine\source\runtime\coreuobject\private\uobject\linkerload.cpp:2402]
UE4Editor-CoreUObject.dll!FLinkerLoad::VerifyImport() [d:\buildfarm\buildmachine_++depot+ue4-releases+4.9\engine\source\runtime\coreuobject\private\uobject\linkerload.cpp:2115]
UE4Editor-CoreUObject.dll!FLinkerLoad::VerifyImportInner() [d:\buildfarm\buildmachine_++depot+ue4-releases+4.9\engine\source\runtime\coreuobject\private\uobject\linkerload.cpp:2402]
UE4Editor-CoreUObject.dll!FLinkerLoad::VerifyImport() [d:\buildfarm\buildmachine_++depot+ue4-releases+4.9\engine\source\runtime\coreuobject\private\uobject\linkerload.cpp:2115]
UE4Editor-CoreUObject.dll!FLinkerLoad::Verify() [d:\buildfarm\buildmachine_++depot+ue4-releases+4.9\engine\source\runtime\coreuobject\private\uobject\linkerload.cpp:1905]
UE4Editor-CoreUObject.dll!FLinkerLoad::FinalizeCreation() [d:\buildfarm\buildmachine_++depot+ue4-releases+4.9\engine\source\runtime\coreuobject\private\uobject\linkerload.cpp:1815]
UE4Editor-CoreUObject.dll!FLinkerLoad::Tick() [d:\buildfarm\buildmachine_++depot+ue4-releases+4.9\engine\source\runtime\coreuobject\private\uobject\linkerload.cpp:666]
UE4Editor-CoreUObject.dll!FLinkerLoad::CreateLinker() [d:\buildfarm\buildmachine_++depot+ue4-releases+4.9\engine\source\runtime\coreuobject\private\uobject\linkerload.cpp:404]
UE4Editor-CoreUObject.dll!GetPackageLinker() [d:\buildfarm\buildmachine_++depot+ue4-releases+4.9\engine\source\runtime\coreuobject\private\uobject\linker.cpp:570]
UE4Editor-CoreUObject.dll!LoadPackageInternal() [d:\buildfarm\buildmachine_++depot+ue4-releases+4.9\engine\source\runtime\coreuobject\private\uobject\uobjectglobals.cpp:936]
UE4Editor-CoreUObject.dll!FLinkerLoad::VerifyImportInner() [d:\buildfarm\buildmachine_++depot+ue4-releases+4.9\engine\source\runtime\coreuobject\private\uobject\linkerload.cpp:2354]
UE4Editor-CoreUObject.dll!FLinkerLoad::VerifyImport() [d:\buildfarm\buildmachine_++depot+ue4-releases+4.9\engine\source\runtime\coreuobject\private\uobject\linkerload.cpp:2115]
UE4Editor-CoreUObject.dll!FLinkerLoad::VerifyImportInner() [d:\buildfarm\buildmachine_++depot+ue4-releases+4.9\engine\source\runtime\coreuobject\private\uobject\linkerload.cpp:2402]
UE4Editor-CoreUObject.dll!FLinkerLoad::VerifyImport() [d:\buildfarm\buildmachine_++depot+ue4-releases+4.9\engine\source\runtime\coreuobject\private\uobject\linkerload.cpp:2115]
UE4Editor-CoreUObject.dll!FLinkerLoad::Verify() [d:\buildfarm\buildmachine_++depot+ue4-releases+4.9\engine\source\runtime\coreuobject\private\uobject\linkerload.cpp:1905]
UE4Editor-CoreUObject.dll!FLinkerLoad::FinalizeCreation() [d:\buildfarm\buildmachine_++depot+ue4-releases+4.9\engine\source\runtime\coreuobject\private\uobject\linkerload.cpp:1815]
UE4Editor-CoreUObject.dll!FLinkerLoad::Tick() [d:\buildfarm\buildmachine_++depot+ue4-releases+4.9\engine\source\runtime\coreuobject\private\uobject\linkerload.cpp:666]
UE4Editor-CoreUObject.dll!FLinkerLoad::CreateLinker() [d:\buildfarm\buildmachine_++depot+ue4-releases+4.9\engine\source\runtime\coreuobject\private\uobject\linkerload.cpp:404]
UE4Editor-CoreUObject.dll!GetPackageLinker() [d:\buildfarm\buildmachine_++depot+ue4-releases+4.9\engine\source\runtime\coreuobject\private\uobject\linker.cpp:570]
UE4Editor-CoreUObject.dll!LoadPackageInternal() [d:\buildfarm\buildmachine_++depot+ue4-releases+4.9\engine\source\runtime\coreuobject\private\uobject\uobjectglobals.cpp:936]
UE4Editor-CoreUObject.dll!ResolveName() [d:\buildfarm\buildmachine_++depot+ue4-releases+4.9\engine\source\runtime\coreuobject\private\uobject\uobjectglobals.cpp:680]
UE4Editor-CoreUObject.dll!StaticLoadObjectInternal() [d:\buildfarm\buildmachine_++depot+ue4-releases+4.9\engine\source\runtime\coreuobject\private\uobject\uobjectglobals.cpp:767]
UE4Editor-CoreUObject.dll!StaticLoadObject() [d:\buildfarm\buildmachine_++depot+ue4-releases+4.9\engine\source\runtime\coreuobject\private\uobject\uobjectglobals.cpp:831]
UE4Editor-CoreUObject.dll!StaticLoadClass() [d:\buildfarm\buildmachine_++depot+ue4-releases+4.9\engine\source\runtime\coreuobject\private\uobject\uobjectglobals.cpp:856]
UE4Editor-Engine.dll!UWorld::SetGameMode() [d:\buildfarm\buildmachine_++depot+ue4-releases+4.9\engine\source\runtime\engine\private\world.cpp:2857]
UE4Editor-Engine.dll!UGameInstance::StartPIEGameInstance() [d:\buildfarm\buildmachine_++depot+ue4-releases+4.9\engine\source\runtime\engine\private\gameinstance.cpp:234]
UE4Editor-UnrealEd.dll!UEditorEngine::CreatePIEGameInstance() [d:\buildfarm\buildmachine_++depot+ue4-releases+4.9\engine\source\editor\unrealed\private\playlevel.cpp:3137]
UE4Editor-UnrealEd.dll!UEditorEngine::PlayInEditor() [d:\buildfarm\buildmachine_++depot+ue4-releases+4.9\engine\source\editor\unrealed\private\playlevel.cpp:2385]
UE4Editor-UnrealEd.dll!UEditorEngine::StartQueuedPlayMapRequest() [d:\buildfarm\buildmachine_++depot+ue4-releases+4.9\engine\source\editor\unrealed\private\playlevel.cpp:1066]
UE4Editor-UnrealEd.dll!UEditorEngine::Tick() [d:\buildfarm\buildmachine_++depot+ue4-releases+4.9\engine\source\editor\unrealed\private\editorengine.cpp:1244]
UE4Editor-UnrealEd.dll!UUnrealEdEngine::Tick() [d:\buildfarm\buildmachine_++depot+ue4-releases+4.9\engine\source\editor\unrealed\private\unrealedengine.cpp:366]
UE4Editor.exe!FEngineLoop::Tick() [d:\buildfarm\buildmachine_++depot+ue4-releases+4.9\engine\source\runtime\launch\private\launchengineloop.cpp:2428]
UE4Editor.exe!GuardedMain() [d:\buildfarm\buildmachine_++depot+ue4-releases+4.9\engine\source\runtime\launch\private\launch.cpp:142]
UE4Editor.exe!GuardedMainWrapper() [d:\buildfarm\buildmachine_++depot+ue4-releases+4.9\engine\source\runtime\launch\private\windows\launchwindows.cpp:126]
UE4Editor.exe!WinMain() [d:\buildfarm\buildmachine_++depot+ue4-releases+4.9\engine\source\runtime\launch\private\windows\launchwindows.cpp:200]
UE4Editor.exe!__tmainCRTStartup() [f:\dd\vctools\crt\crtw32\dllstuff\crtexe.c:618]
KERNEL32.DLL
ntdll.dll
ntdll.dll

[2016.02.22-10.44.44:609][733]LogAnimation:Warning: Invalid animation root node index 54 on '/LeapMotion/Character/Basic/BasicCharacter_AnimBlueprint.BasicCharacter_AnimBlueprint_C' (only 52 nodes)
[2016.02.22-10.44.44:833][733]LogAnimation:Warning: Invalid animation root node index 54 on '/Engine/Transient.REINST_BasicCharacter_AnimBlueprint_C_2' (only 52 nodes)
[2016.02.22-10.44.44:917][733]LogClass:Warning: Property AnimGraphNode_Fabrik_8C904C7A415FB588652E8A91FDC811AE of BasicCharacter_AnimBlueprint_C has a struct type mismatch (tag FallbackStruct != prop AnimNode_Fabrik) in package:  FObjectReader. If that struct got renamed, add an entry to ActiveStructRedirects.
[2016.02.22-10.44.44:917][733]LogClass:Warning: Property AnimGraphNode_Fabrik_416EC86F435836563C4E49AD6D016C3C of BasicCharacter_AnimBlueprint_C has a struct type mismatch (tag FallbackStruct != prop AnimNode_Fabrik) in package:  FObjectReader. If that struct got renamed, add an entry to ActiveStructRedirects.
[2016.02.22-10.44.44:918][733]LogClass:Warning: Property AnimGraphNode_Fabrik_9FF4326C4CAD2373B92D6F9E3AC3F57A of BasicCharacter_AnimBlueprint_C has a struct type mismatch (tag FallbackStruct != prop AnimNode_Fabrik) in package:  FObjectReader. If that struct got renamed, add an entry to ActiveStructRedirects.
[2016.02.22-10.44.45:214][733]LogBlueprint:Warning: [compiler LeapBasicRiggedCharacter] Warning Input Axis Event references unknown Axis 'LookUpRate' for  InputAxis LookUpRate 
[2016.02.22-10.44.45:214][733]LogBlueprint:Warning: [compiler LeapBasicRiggedCharacter] Warning Input Axis Event references unknown Axis 'TurnRate' for  InputAxis TurnRate 
[2016.02.22-10.44.45:214][733]LogBlueprint:Warning: [compiler LeapBasicRiggedCharacter] Warning Input Axis Event references unknown Axis 'Turn' for  InputAxis Turn 
[2016.02.22-10.44.45:215][733]LogBlueprint:Warning: [compiler LeapBasicRiggedCharacter] Warning Input Axis Event references unknown Axis 'LookUp' for  InputAxis LookUp 
[2016.02.22-10.44.45:215][733]LogBlueprint:Warning: [compiler LeapBasicRiggedCharacter] Warning Input Axis Event references unknown Axis 'MoveRight' for  InputAxis MoveRight 
[2016.02.22-10.44.45:215][733]LogBlueprint:Warning: [compiler LeapBasicRiggedCharacter] Warning Input Axis Event references unknown Axis 'MoveForward' for  InputAxis MoveForward 
[2016.02.22-10.44.45:218][733]LogBlueprint:Warning: [compiler LeapBasicRiggedCharacter] Warning [0028.64] Compile of LeapBasicRiggedCharacter successful, but with 6 Warning(s) [in 8 ms]
[2016.02.22-10.44.45:218][733]LogBlueprint:Warning: [compiler LeapBasicRiggedCharacter] Warning [0028.64] Compile of LeapBasicRiggedCharacter successful, but with 7 Warning(s) [in 0 ms]
[2016.02.22-10.44.45:218][733]LogBlueprint:Warning: [compiler LeapBasicRiggedCharacter] Warning [0028.64] Compile of LeapBasicRiggedCharacter successful, but with 8 Warning(s) [in 0 ms]
[2016.02.22-10.44.45:227][733]LogBlueprint:Warning: [compiler LeapBasicRiggedCharacter] Warning Input Axis Event references unknown Axis 'LookUpRate' for  InputAxis LookUpRate 
[2016.02.22-10.44.45:227][733]LogBlueprint:Warning: [compiler LeapBasicRiggedCharacter] Warning Input Axis Event references unknown Axis 'TurnRate' for  InputAxis TurnRate 
[2016.02.22-10.44.45:227][733]LogBlueprint:Warning: [compiler LeapBasicRiggedCharacter] Warning Input Axis Event references unknown Axis 'Turn' for  InputAxis Turn 
[2016.02.22-10.44.45:227][733]LogBlueprint:Warning: [compiler LeapBasicRiggedCharacter] Warning Input Axis Event references unknown Axis 'LookUp' for  InputAxis LookUp 
[2016.02.22-10.44.45:228][733]LogBlueprint:Warning: [compiler LeapBasicRiggedCharacter] Warning Input Axis Event references unknown Axis 'MoveRight' for  InputAxis MoveRight 
[2016.02.22-10.44.45:228][733]LogBlueprint:Warning: [compiler LeapBasicRiggedCharacter] Warning Input Axis Event references unknown Axis 'MoveForward' for  InputAxis MoveForward 
[2016.02.22-10.44.45:230][733]LogBlueprint:Warning: [compiler LeapBasicRiggedCharacter] Warning [0028.66] Compile of LeapBasicRiggedCharacter successful, but with 6 Warning(s) [in 8 ms]
[2016.02.22-10.44.45:230][733]LogBlueprint:Warning: [compiler LeapBasicRiggedCharacter] Warning [0028.66] Compile of LeapBasicRiggedCharacter successful, but with 7 Warning(s) [in 0 ms]
[2016.02.22-10.44.45:231][733]LogBlueprint:Warning: [compiler LeapBasicRiggedCharacter] Warning [0028.66] Compile of LeapBasicRiggedCharacter successful, but with 8 Warning(s) [in 0 ms]
[2016.02.22-10.44.45:433][733]LogWorld: Game class is 'BP_TheBeginningGameMode_C'
[2016.02.22-10.44.45:447][733]LogWorld: Bringing World /Game/UEDPIE_0_MyFirstLevel.MyFirstLevel up for play (max tick rate 0) at 2016.02.22-11.44.45
[2016.02.22-10.44.45:447][733]LogActor:Warning: GameSession /Game/UEDPIE_0_MyFirstLevel.MyFirstLevel:PersistentLevel.GameSession_0 has natively added scene component(s), but none of them were set as the actor's RootComponent - picking one arbitrarily
[2016.02.22-10.44.45:447][733]LogActor:Warning: GameNetworkManager /Game/UEDPIE_0_MyFirstLevel.MyFirstLevel:PersistentLevel.GameNetworkManager_0 has natively added scene component(s), but none of them were set as the actor's RootComponent - picking one arbitrarily
[2016.02.22-10.44.45:448][733]LogWorld: Bringing up level for play took: 0.013486
[2016.02.22-10.44.45:452][733]LeapPluginLog: InterfaceObject: LeapAnimBodyConnector_C_0
[2016.02.22-10.44.45:533][733]PIE: Info Play in editor start time for /Game/UEDPIE_0_MyFirstLevel 4.32
[2016.02.22-10.44.45:534][733]LogBlueprintUserMessages: Late PlayInEditor Detection: Level '/Game/MyFirstLevel.MyFirstLevel:PersistentLevel' has LevelScriptBlueprint '/Game/MyFirstLevel.MyFirstLevel:PersistentLevel.MyFirstLevel' with GeneratedClass '/Game/MyFirstLevel.MyFirstLevel_C' with ClassGeneratedBy '/Game/MyFirstLevel.MyFirstLevel:PersistentLevel.MyFirstLevel'
[2016.02.22-10.44.48:786][116]LogBlueprintUserMessages: Early EndPlayMap Detection: Level '/Game/MyFirstLevel.MyFirstLevel:PersistentLevel' has LevelScriptBlueprint '/Game/MyFirstLevel.MyFirstLevel:PersistentLevel.MyFirstLevel' with GeneratedClass '/Game/MyFirstLevel.MyFirstLevel_C' with ClassGeneratedBy '/Game/MyFirstLevel.MyFirstLevel:PersistentLevel.MyFirstLevel'
[2016.02.22-10.44.48:794][116]LeapPluginLog: LeapController::CleanupEventData Delete Called
[2016.02.22-10.44.48:828][116]LogBlueprintUserMessages: Late EndPlayMap Detection: Level '/Game/MyFirstLevel.MyFirstLevel:PersistentLevel' has LevelScriptBlueprint '/Game/MyFirstLevel.MyFirstLevel:PersistentLevel.MyFirstLevel' with GeneratedClass '/Game/MyFirstLevel.MyFirstLevel_C' with ClassGeneratedBy '/Game/MyFirstLevel.MyFirstLevel:PersistentLevel.MyFirstLevel'
[2016.02.22-10.44.48:865][116]LogParticles: Destroying 0 GPU particle simulations for FXSystem 0x000000522F029760
[2016.02.22-10.44.48:883][116]LeapPluginLog: LeapController::CleanupEventData Delete Called
[2016.02.22-10.44.48:894][116]LeapPluginLog: LeapController::CleanupEventData Delete Called
[2016.02.22-10.44.54:781][813]LogBlueprintUserMessages: Early PlayInEditor Detection: Level '/Game/MyFirstLevel.MyFirstLevel:PersistentLevel' has LevelScriptBlueprint '/Game/MyFirstLevel.MyFirstLevel:PersistentLevel.MyFirstLevel' with GeneratedClass '/Game/MyFirstLevel.MyFirstLevel_C' with ClassGeneratedBy '/Game/MyFirstLevel.MyFirstLevel:PersistentLevel.MyFirstLevel'
[2016.02.22-10.44.54:781][813]LogPlayLevel: PlayLevel: No blueprints needed recompiling
[2016.02.22-10.44.54:781][813]PIE: New page: PIE session: MyFirstLevel (Feb 22, 2016, 12:44:54 PM)
[2016.02.22-10.44.54:781][813]LogPlayLevel: Creating play world package: /Game/UEDPIE_0_MyFirstLevel
[2016.02.22-10.44.54:790][813]LogPlayLevel: PIE: StaticDuplicateObject took: (0.008518s)
[2016.02.22-10.44.54:790][813]LogAIModule: Creating AISystem for world MyFirstLevel
[2016.02.22-10.44.54:790][813]LogPlayLevel: PIE: World Init took: (0.000591s)
[2016.02.22-10.44.54:790][813]LogPlayLevel: PIE: Created PIE world by copying editor world from /Game/MyFirstLevel.MyFirstLevel to /Game/UEDPIE_0_MyFirstLevel.MyFirstLevel (0.009266s)
[2016.02.22-10.44.54:813][813]LogInit: XAudio2 using 'Speakers (Realtek High Definition Audio)' : 2 channels at 48 kHz using 32 bits per sample (channel mask 0x3)
[2016.02.22-10.44.54:819][813]LogInit: FAudioDevice initialized.
[2016.02.22-10.44.54:855][813]LogWorld: Game class is 'BP_TheBeginningGameMode_C'
[2016.02.22-10.44.54:868][813]LogWorld: Bringing World /Game/UEDPIE_0_MyFirstLevel.MyFirstLevel up for play (max tick rate 0) at 2016.02.22-11.44.54
[2016.02.22-10.44.54:868][813]LogActor:Warning: GameSession /Game/UEDPIE_0_MyFirstLevel.MyFirstLevel:PersistentLevel.GameSession_1 has natively added scene component(s), but none of them were set as the actor's RootComponent - picking one arbitrarily
[2016.02.22-10.44.54:868][813]LogActor:Warning: GameNetworkManager /Game/UEDPIE_0_MyFirstLevel.MyFirstLevel:PersistentLevel.GameNetworkManager_1 has natively added scene component(s), but none of them were set as the actor's RootComponent - picking one arbitrarily
[2016.02.22-10.44.54:869][813]LogWorld: Bringing up level for play took: 0.012721
[2016.02.22-10.44.54:872][813]LeapPluginLog: InterfaceObject: LeapAnimBodyConnector_C_1
[2016.02.22-10.44.54:898][813]PIE: Info Play in editor start time for /Game/UEDPIE_0_MyFirstLevel -0.316
[2016.02.22-10.44.54:898][813]LogBlueprintUserMessages: Late PlayInEditor Detection: Level '/Game/MyFirstLevel.MyFirstLevel:PersistentLevel' has LevelScriptBlueprint '/Game/MyFirstLevel.MyFirstLevel:PersistentLevel.MyFirstLevel' with GeneratedClass '/Game/MyFirstLevel.MyFirstLevel_C' with ClassGeneratedBy '/Game/MyFirstLevel.MyFirstLevel:PersistentLevel.MyFirstLevel'
[2016.02.22-10.44.57:833][161]LogBlueprintUserMessages: [LeapCollisionCharacter_C_1] Hello
[2016.02.22-10.44.57:841][162]LogBlueprintUserMessages: [LeapCollisionCharacter_C_1] Hello
[2016.02.22-10.44.57:849][163]LogBlueprintUserMessages: [LeapCollisionCharacter_C_1] Hello
[2016.02.22-10.44.57:858][164]LogBlueprintUserMessages: [LeapCollisionCharacter_C_1] Hello
[2016.02.22-10.44.57:925][172]LogBlueprintUserMessages: [LeapCollisionCharacter_C_1] Hello
[2016.02.22-10.44.57:933][173]LogBlueprintUserMessages: [LeapCollisionCharacter_C_1] Hello
[2016.02.22-10.44.57:942][174]LogBlueprintUserMessages: [LeapCollisionCharacter_C_1] Hello
[2016.02.22-10.44.57:950][175]LogBlueprintUserMessages: [LeapCollisionCharacter_C_1] Hello
[2016.02.22-10.44.57:958][176]LogBlueprintUserMessages: [LeapCollisionCharacter_C_1] Hello
[2016.02.22-10.44.57:967][177]LogBlueprintUserMessages: [LeapCollisionCharacter_C_1] Hello
[2016.02.22-10.44.57:975][178]LogBlueprintUserMessages: [LeapCollisionCharacter_C_1] Hello
[2016.02.22-10.44.57:983][179]LogBlueprintUserMessages: [LeapCollisionCharacter_C_1] Hello
[2016.02.22-10.44.58:059][188]LogBlueprintUserMessages: [LeapCollisionCharacter_C_1] Hello
[2016.02.22-10.44.58:068][189]LogBlueprintUserMessages: [LeapCollisionCharacter_C_1] Hello
[2016.02.22-10.44.58:076][190]LogBlueprintUserMessages: [LeapCollisionCharacter_C_1] Hello
[2016.02.22-10.44.58:084][191]LogBlueprintUserMessages: [LeapCollisionCharacter_C_1] Hello
[2016.02.22-10.44.58:093][192]LogBlueprintUserMessages: [LeapCollisionCharacter_C_1] Hello
[2016.02.22-10.44.58:101][193]LogBlueprintUserMessages: [LeapCollisionCharacter_C_1] Hello
[2016.02.22-10.44.58:109][194]LogBlueprintUserMessages: [LeapCollisionCharacter_C_1] Hello
[2016.02.22-10.44.58:118][195]LogBlueprintUserMessages: [LeapCollisionCharacter_C_1] Hello
[2016.02.22-10.44.58:126][196]LogBlueprintUserMessages: [LeapCollisionCharacter_C_1] Hello
[2016.02.22-10.44.58:134][197]LogBlueprintUserMessages: [LeapCollisionCharacter_C_1] Hello
[2016.02.22-10.44.58:143][198]LogBlueprintUserMessages: [LeapCollisionCharacter_C_1] Hello
[2016.02.22-10.44.58:151][199]LogBlueprintUserMessages: [LeapCollisionCharacter_C_1] Hello
[2016.02.22-10.44.58:159][200]LogBlueprintUserMessages: [LeapCollisionCharacter_C_1] Hello
[2016.02.22-10.44.58:168][201]LogBlueprintUserMessages: [LeapCollisionCharacter_C_1] Hello
[2016.02.22-10.44.58:176][202]LogBlueprintUserMessages: [LeapCollisionCharacter_C_1] Hello
[2016.02.22-10.44.58:184][203]LogBlueprintUserMessages: [LeapCollisionCharacter_C_1] Hello
[2016.02.22-10.44.58:193][204]LogBlueprintUserMessages: [LeapCollisionCharacter_C_1] Hello
[2016.02.22-10.44.58:201][205]LogBlueprintUserMessages: [LeapCollisionCharacter_C_1] Hello
[2016.02.22-10.44.58:210][206]LogBlueprintUserMessages: [LeapCollisionCharacter_C_1] Hello
[2016.02.22-10.44.58:218][207]LogBlueprintUserMessages: [LeapCollisionCharacter_C_1] Hello
[2016.02.22-10.44.58:227][208]LogBlueprintUserMessages: [LeapCollisionCharacter_C_1] Hello
[2016.02.22-10.44.58:237][209]LogBlueprintUserMessages: [LeapCollisionCharacter_C_1] Hello
[2016.02.22-10.44.58:245][210]LogBlueprintUserMessages: [LeapCollisionCharacter_C_1] Hello
[2016.02.22-10.44.58:254][211]LogBlueprintUserMessages: [LeapCollisionCharacter_C_1] Hello
[2016.02.22-10.44.58:262][212]LogBlueprintUserMessages: [LeapCollisionCharacter_C_1] Hello
[2016.02.22-10.44.58:270][213]LogBlueprintUserMessages: [LeapCollisionCharacter_C_1] Hello
[2016.02.22-10.44.58:278][214]LogBlueprintUserMessages: [LeapCollisionCharacter_C_1] Hello
[2016.02.22-10.44.58:287][215]LogBlueprintUserMessages: [LeapCollisionCharacter_C_1] Hello
[2016.02.22-10.44.58:296][216]LogBlueprintUserMessages: [LeapCollisionCharacter_C_1] Hello
[2016.02.22-10.44.58:494][216]LogCrashTracker: 


[2016.02.22-10.44.58:530][216]LogCrashTracker: 


[2016.02.22-10.44.58:530][216]LogWindows: === Critical error: ===


[2016.02.22-10.44.58:636][216]LogExit: Executing StaticShutdownAfterError
[2016.02.22-10.44.58:638][216]LogOutputDevice:Warning: 

Script Stack:
PickUpItem.Prox

[2016.02.22-10.44.58:641][216]LogPhysics:Warning: PHYSX: ..\..\PhysX\src\NpScene.cpp (2946) 8 : PxScene::unlockWrite() called without matching call to PxScene::lockWrite(), behaviour will be undefined.
[2016.02.22-10.44.58:641][216]LogPhysics:Warning: PHYSX: ..\..\PhysX\src\NpScene.cpp (2946) 8 : PxScene::unlockWrite() called without matching call to PxScene::lockWrite(), behaviour will be undefined.
[2016.02.22-10.44.58:642][216]LogPhysics:Warning: PHYSX: ..\..\PhysX\src\NpScene.cpp (2946) 8 : PxScene::unlockWrite() called without matching call to PxScene::lockWrite(), behaviour will be undefined.
[2016.02.22-10.44.58:642][216]LogWindows: FPlatformMisc::RequestExit(1)
[2016.02.22-10.44.58:642][216]Log file closed, 02/22/16 11:44:58
