[2016.01.15-12.28.09:194][  0]Log file open, 01/15/16 13:28:09
[2016.01.15-12.28.09:194][  0]LogInit:Display: Running engine for game: TheBeginning
[2016.01.15-12.28.09:194][  0]LogInit:Display: RandInit(269613703) SRandInit(269613704).
[2016.01.15-12.28.09:194][  0]LogTaskGraph: Started task graph with 4 named threads and 5 total threads.
[2016.01.15-12.28.09:194][  0]LogStats: Stats thread started at 0.151572
[2016.01.15-12.28.09:194][  0]LogInit: Version: 4.9.2-2707645+++depot+UE4-Releases+4.9
[2016.01.15-12.28.09:194][  0]LogInit: API Version: 2672455
[2016.01.15-12.28.09:194][  0]LogInit: Compiled (64-bit): Sep 28 2015 10:25:44
[2016.01.15-12.28.09:194][  0]LogInit: Compiled with Visual C++: 18.00.21005.01
[2016.01.15-12.28.09:194][  0]LogInit: Build Configuration: Development
[2016.01.15-12.28.09:194][  0]LogInit: Branch Name: ++depot+UE4-Releases+4.9
[2016.01.15-12.28.09:194][  0]LogInit: Command line:  
[2016.01.15-12.28.09:194][  0]LogInit: Base directory: C:/Program Files/Epic Games/4.9/Engine/Binaries/Win64/
[2016.01.15-12.28.09:194][  0]LogInit: Rocket: 1
[2016.01.15-12.28.09:228][  0]LogInit: Using libcurl 7.41.0
[2016.01.15-12.28.09:228][  0]LogInit:  - built for x86_64-pc-win32
[2016.01.15-12.28.09:228][  0]LogInit:  - supports SSL with WinSSL
[2016.01.15-12.28.09:228][  0]LogInit:  - other features:
[2016.01.15-12.28.09:228][  0]LogInit:      CURL_VERSION_SSL
[2016.01.15-12.28.09:228][  0]LogInit:      CURL_VERSION_IPV6
[2016.01.15-12.28.09:228][  0]LogInit:      CURL_VERSION_ASYNCHDNS
[2016.01.15-12.28.09:228][  0]LogInit:      CURL_VERSION_LARGEFILE
[2016.01.15-12.28.09:228][  0]LogInit:      CURL_VERSION_IDN
[2016.01.15-12.28.09:228][  0]LogInit:  CurlRequestOptions (configurable via config and command line):
[2016.01.15-12.28.09:228][  0]LogInit:  - bVerifyPeer = true  - Libcurl will verify peer certificate
[2016.01.15-12.28.09:228][  0]LogInit:  - bUseHttpProxy = false  - Libcurl will NOT use HTTP proxy
[2016.01.15-12.28.09:228][  0]LogInit:  - bDontReuseConnections = false  - Libcurl will reuse connections
[2016.01.15-12.28.09:228][  0]LogInit:  - CertBundlePath = nullptr  - Libcurl will use whatever was configured at build time.
[2016.01.15-12.28.09:250][  0]LogInit: Presizing for 0 objects not considered by GC, pre-allocating 0 bytes.
[2016.01.15-12.28.09:268][  0]LogInit: Object subsystem initialized
[2016.01.15-12.28.09:271][  0]LogInit: Selected Device Profile: [Windows]
[2016.01.15-12.28.09:271][  0]LogInit: Applying CVar settings loaded from the selected device profile: [Windows]
[2016.01.15-12.28.09:289][  0]LogInit: Computer: EIBLDANI-PC
[2016.01.15-12.28.09:289][  0]LogInit: User: EiblDani
[2016.01.15-12.28.09:289][  0]LogInit: CPU Page size=4096, Cores=2
[2016.01.15-12.28.09:289][  0]LogInit: High frequency timer resolution =2.241054 MHz
[2016.01.15-12.28.09:290][  0]LogMemory: Memory total: Physical=7.9GB (8GB approx)
[2016.01.15-12.28.09:290][  0]LogMemory: Platform Memory Stats for Windows
[2016.01.15-12.28.09:290][  0]LogMemory: Process Physical Memory: 53.59 MB used, 53.59 MB peak
[2016.01.15-12.28.09:290][  0]LogMemory: Process Virtual Memory: 58.19 MB used, 58.19 MB peak
[2016.01.15-12.28.09:290][  0]LogMemory: Physical Memory: 3642.57 MB used, 8086.48 MB total
[2016.01.15-12.28.09:290][  0]LogMemory: Virtual Memory: 339.91 MB used, 8388608.00 MB total
[2016.01.15-12.28.09:349][  0]LogTextLocalizationManager: No translations for ('de-DE') exist, falling back to 'en' for localization and internationalization data.
[2016.01.15-12.28.10:524][  0]LogD3D11RHI: Found D3D11 adapter 0: Intel(R) HD Graphics Family (Feature Level 10_0)
[2016.01.15-12.28.10:524][  0]LogD3D11RHI: Adapter has 64MB of dedicated video memory, 0MB of dedicated system memory, and 1632MB of shared system memory, 1 output[s]
[2016.01.15-12.28.10:524][  0]LogD3D11RHI: Chosen D3D11 Adapter Id = 0
[2016.01.15-12.28.10:531][  0]LogD3D11RHI: !Direct3DDevice
[2016.01.15-12.28.10:531][  0]LogRHI: Texture pool is 616 MB (70% of 880 MB)
[2016.01.15-12.28.10:547][  0]LogD3D11RHI: Async texture creation enabled
[2016.01.15-12.28.10:561][  0]LogShaderCompilers: Guid format shader working directory is 15 characters bigger than the processId version (../../../../../../Users/Eibl Dani/GE_Project/GE_project/Intermediate/Shaders/WorkingDirectory/2556/).
[2016.01.15-12.28.10:561][  0]LogShaderCompilers: Cleaned the shader compiler working directory '../../../../../../Users/Eibl Dani/GE_Project/GE_project/Intermediate/Shaders/tmp/BB3A73DA4F1E69A53033D69F1AB26E4A/'.
[2016.01.15-12.28.10:561][  0]LogShaderCompilers:Display: Using Local Shader Compiler.
[2016.01.15-12.28.12:354][  0]LogTemp:Display: Loaded TP AllDesktopTargetPlatform
[2016.01.15-12.28.12:362][  0]LogTemp:Display: Loaded TP WindowsClientTargetPlatform
[2016.01.15-12.28.12:370][  0]LogTemp:Display: Loaded TP WindowsNoEditorTargetPlatform
[2016.01.15-12.28.12:378][  0]LogTemp:Display: Loaded TP WindowsServerTargetPlatform
[2016.01.15-12.28.12:386][  0]LogTemp:Display: Loaded TP WindowsTargetPlatform
[2016.01.15-12.28.12:392][  0]LogTemp:Display: Loaded TP AndroidTargetPlatform
[2016.01.15-12.28.12:397][  0]LogTemp:Display: Loaded TP Android_ASTCTargetPlatform
[2016.01.15-12.28.12:403][  0]LogTemp:Display: Loaded TP Android_ATCTargetPlatform
[2016.01.15-12.28.12:408][  0]LogTemp:Display: Loaded TP Android_DXTTargetPlatform
[2016.01.15-12.28.12:414][  0]LogTemp:Display: Loaded TP Android_ETC1TargetPlatform
[2016.01.15-12.28.12:419][  0]LogTemp:Display: Loaded TP Android_ETC2TargetPlatform
[2016.01.15-12.28.12:425][  0]LogTemp:Display: Loaded TP Android_PVRTCTargetPlatform
[2016.01.15-12.28.12:426][  0]LogTemp:Display: Loaded TP HTML5TargetPlatform
[2016.01.15-12.28.12:445][  0]LogTemp:Display: Loaded TP IOSTargetPlatform
[2016.01.15-12.28.12:450][  0]LogTemp:Display: Loaded TP LinuxNoEditorTargetPlatform
[2016.01.15-12.28.12:455][  0]LogTemp:Display: Loaded TP LinuxServerTargetPlatform
[2016.01.15-12.28.12:461][  0]LogTemp:Display: Loaded TP LinuxTargetPlatform
[2016.01.15-12.28.12:461][  0]LogTargetPlatformManager:Display: Building Assets For Windows
[2016.01.15-12.28.12:589][  0]LogDerivedDataCache:Display: Max Cache Size: 512 MB
[2016.01.15-12.28.12:646][  0]LogDerivedDataCache: Loaded boot cache 0.06s 36MB C:/Users/Eibl Dani/AppData/Local/UnrealEngine/4.9/DerivedDataCache/Boot.ddc.
[2016.01.15-12.28.12:646][  0]LogDerivedDataCache:Display: Loaded Boot cache: C:/Users/Eibl Dani/AppData/Local/UnrealEngine/4.9/DerivedDataCache/Boot.ddc
[2016.01.15-12.28.12:646][  0]LogDerivedDataCache: FDerivedDataBackendGraph:  Pak pak cache file ../../../../../../Users/Eibl Dani/GE_Project/GE_project/DerivedDataCache/DDC.ddp not found, will not use a pak cache.
[2016.01.15-12.28.12:646][  0]LogDerivedDataCache: Unable to find inner node Pak for hierarchical cache Hierarchy.
[2016.01.15-12.28.12:646][  0]LogDerivedDataCache: FDerivedDataBackendGraph:  CompressedPak pak cache file ../../../../../../Users/Eibl Dani/GE_Project/GE_project/DerivedDataCache/Compressed.ddp not found, will not use a pak cache.
[2016.01.15-12.28.12:646][  0]LogDerivedDataCache: Unable to find inner node CompressedPak for hierarchical cache Hierarchy.
[2016.01.15-12.28.12:879][  0]LogDerivedDataCache:Display: Pak cache opened for reading ../../../Engine/DerivedDataCache/Compressed.ddp.
[2016.01.15-12.28.12:892][  0]LogDerivedDataCache: Using Local data cache path C:/Users/Eibl Dani/AppData/Local/UnrealEngine/Common/DerivedDataCache: Writable
[2016.01.15-12.28.13:176][  0]LogInit: Selected Device Profile: [Windows]
[2016.01.15-12.28.13:177][  0]LogContentStreaming: Texture pool size is 0.000000MB
[2016.01.15-12.28.13:222][  0]LogMeshUtilities: No automatic mesh reduction module available
[2016.01.15-12.28.13:222][  0]LogMeshUtilities: No automatic mesh merging module available
[2016.01.15-12.28.13:833][  0]LogInit: WinSock: version 1.1 (2.2), MaxSocks=32767, MaxUdp=65467
[2016.01.15-12.28.14:898][  0]UdpMessaging: Initializing bridge on interface 0.0.0.0:0 to multicast group 230.0.0.1:6666.
[2016.01.15-12.28.15:072][  0]LogAssetRegistry: FAssetRegistry took 0.0102 seconds to start up
[2016.01.15-12.28.15:331][  0]SourceControl: Info Source control is disabled
[2016.01.15-12.28.15:332][  0]SourceControl: Info Source control is disabled
[2016.01.15-12.28.15:352][  0]SourceControl: Info Source control is disabled
[2016.01.15-12.28.15:374][  0]SourceControl: Info Source control is disabled
[2016.01.15-12.28.15:625][  0]LogLinker:Warning: Asset '../../../Engine/Plugins/Runtime/LeapMotionController/Content/LM_PassthroughMaterial.uasset' has been saved with empty engine version. The asset will be loaded but may be incompatible.
[2016.01.15-12.28.15:775][  0]LeapPluginLog: Using LeapPlugin version 0.9.6
[2016.01.15-12.28.15:781][  0]LogObj: 29039 objects as part of root set at end of initial load.
[2016.01.15-12.28.15:781][  0]LogUObjectAllocator: 6182888 out of 0 bytes used by permanent object pool.
[2016.01.15-12.28.15:859][  0]LogEngine: Initializing Engine...
[2016.01.15-12.28.15:862][  0]LogHMD: Can't find Oculus library dev build: is proper Runtime installed? Version: 0.7.0.0
[2016.01.15-12.28.15:863][  0]LogHMD: SteamVR failed to initialize.  Err: 110
[2016.01.15-12.28.16:039][  0]LogAIModule: Creating AISystem for world NewWorld
[2016.01.15-12.28.16:048][  0]LogInit: XAudio2 using 'Speakers (Realtek High Definition Audio)' : 2 channels at 48 kHz using 32 bits per sample (channel mask 0x3)
[2016.01.15-12.28.16:062][  0]LogInit: FAudioDevice initialized.
[2016.01.15-12.28.16:084][  0]LogDerivedDataCache: Saved boot cache 0.02s 36MB C:/Users/Eibl Dani/AppData/Local/UnrealEngine/4.9/DerivedDataCache/Boot.ddc.
[2016.01.15-12.28.16:090][  0]LogInit: Texture streaming: Enabled
[2016.01.15-12.28.16:098][  0]LogAnalytics: Creating configured Analytics provider AnalyticsET
[2016.01.15-12.28.16:098][  0]LogAnalytics: [UEEditor.Rocket.Release] APIServer = http://et2.epicgames.com/ET2/. AppVersion = 4.9.2-2707645+++depot+UE4-Releases+4.9
[2016.01.15-12.28.16:098][  0]LogAnalytics: [UEEditor.Rocket.Release] SetUserId 4d96d88841fb6852951d54b4bc47f931|9481cf86690e463c9671b4553a8caf12|0f86c71f-246d-4fde-a968-207588436514
[2016.01.15-12.28.16:098][  0]LogAnalytics: [UEEditor.Rocket.Release] AnalyticsET::StartSession
[2016.01.15-12.28.16:130][  0]LogInit: Transaction tracking system initialized
[2016.01.15-12.28.16:171][  0]BlueprintLog: New page: Editor Load
[2016.01.15-12.28.16:285][  0]LocalizationService: Info Localization service is disabled
[2016.01.15-12.28.16:376][  0]LogLinker:Warning: Can't find file '/Game/ThirdPersonBP/ThirdPersonOverview'
[2016.01.15-12.28.16:376][  0]LogLinker:Warning: Can't find file '/Game/ThirdPersonBP/ThirdPersonOverview'
[2016.01.15-12.28.16:376][  0]LogUObjectGlobals:Warning: Failed to find object 'Class /Game/ThirdPersonBP/ThirdPersonOverview.ThirdPersonOverview_C'
[2016.01.15-12.28.16:673][  0]LogConsoleResponse:Display: 
[2016.01.15-12.28.16:903][  0]LogCook:Display: Done creating registry. It took  0.00s.
[2016.01.15-12.28.17:050][  0]LogFileCache: Scanning file cache for directory 'C:/Users/Eibl Dani/GE_Project/GE_project/Content/' took 0.02s
[2016.01.15-12.28.17:050][  0]SourceControl: Info Source control is disabled
[2016.01.15-12.28.17:050][  0]Cmd: MAP LOAD FILE="../../../../../../Users/Eibl Dani/GE_Project/GE_project/Content/StarterContent/Maps/Minimal_Default.umap" TEMPLATE=0 SHOWPROGRESS=1 FEATURELEVEL=2
[2016.01.15-12.28.17:051][  0]LightingResults: New page: Lighting Build
[2016.01.15-12.28.17:057][  0]MapCheck: New page: Map Check
[2016.01.15-12.28.17:057][  0]LightingResults: New page: Lighting Build
[2016.01.15-12.28.17:092][  0]LogParticles: Destroying 0 GPU particle simulations for FXSystem 0x0000000023D636A0
[2016.01.15-12.28.17:676][  0]LogMaterial: Missing cached shader map for material M_StatueGlass, compiling. 
[2016.01.15-12.28.17:995][  0]LogAIModule: Creating AISystem for world Minimal_Default
[2016.01.15-12.28.18:015][  0]LogEditorServer: Finished looking for orphan Actors (0.000 secs)
[2016.01.15-12.28.18:016][  0]Cmd: MAP CHECKDEP NOCLEARLOG
[2016.01.15-12.28.18:144][  0]MapCheck: Info Map check complete: 0 Error(s), 0 Warning(s), took 128.165ms to complete.
[2016.01.15-12.28.18:144][  0]LogFileHelpers: Loading map 'Minimal_Default' took 1.095
[2016.01.15-12.28.18:380][  0]LogCollectionManager: Loaded 0 collections in 0.005513 seconds
[2016.01.15-12.28.18:431][  0]LogFileCache: Scanning file cache for directory 'C:/Users/Eibl Dani/GE_Project/GE_project/Saved/Collections/' took 0.01s
[2016.01.15-12.28.18:431][  0]LogFileCache: Scanning file cache for directory 'C:/Users/Eibl Dani/GE_Project/GE_project/Content/Developers/EiblDani/Collections/' took 0.00s
[2016.01.15-12.28.18:432][  0]LogFileCache: Scanning file cache for directory 'C:/Users/Eibl Dani/GE_Project/GE_project/Content/Collections/' took 0.01s
[2016.01.15-12.28.18:432][  0]LogContentBrowser: Native class hierarchy populated in 0.0246 seconds. Added 1899 classes and 339 folders.
[2016.01.15-12.28.18:464][  0]LogCollectionManager: Rebuilt the GUID cache for 0 collections in 0.000005 seconds
[2016.01.15-12.28.18:487][  0]LogContentBrowser: Native class hierarchy updated for 'WidgetCarousel' in 0.0041 seconds. Added 0 classes and 0 folders.
[2016.01.15-12.28.18:606][  0]LogContentBrowser: Native class hierarchy updated for 'AddContentDialog' in 0.0027 seconds. Added 0 classes and 0 folders.
[2016.01.15-12.28.18:619][  0]LogContentBrowser: Native class hierarchy updated for 'SceneOutliner' in 0.0027 seconds. Added 1 classes and 2 folders.
[2016.01.15-12.28.18:684][  0]LogCrashTracker: Crashtracker disabled due to settings.
[2016.01.15-12.28.18:702][  0]LogUObjectGlobals:Warning: Failed to find object 'Class None.'
[2016.01.15-12.28.18:727][  0]LogLoad: Full Startup: 11.10 seconds (BP compile: 0.10 seconds)
[2016.01.15-12.28.18:836][  0]LogContentStreaming: Texture pool size now 200 MB
[2016.01.15-12.28.19:367][  0]LogRenderer: Reallocating scene render targets to support 788x372 (Frame:2).
[2016.01.15-12.28.21:461][  8]LogAssetRegistry: Asset discovery search completed in 6.3996 seconds
[2016.01.15-12.28.21:461][  8]LogCollectionManager: Rebuilt the object cache for 0 collections in 0.000001 seconds (found 0 objects)
[2016.01.15-12.28.21:461][  8]LogCollectionManager: Fixed up redirectors for 0 collections in 0.000051 seconds (updated 0 objects)
[2016.01.15-12.28.35:005][597]LogShaderCompilers:Warning: Failed to compile Material /Game/StarterContent/Props/Materials/M_StatueGlass.M_StatueGlass for platform PCD3D_SM4, Default Material will be used in game.
[2016.01.15-12.28.41:179][810]Cmd: MAP LOAD FILE="../../../../../../Users/Eibl Dani/GE_Project/GE_project/Content/MyFirstLevel.umap" TEMPLATE=0 SHOWPROGRESS=1 FEATURELEVEL=2
[2016.01.15-12.28.41:219][810]LightingResults: New page: Lighting Build
[2016.01.15-12.28.41:252][810]LoadErrors: New page: Loading map: MyFirstLevel.umap
[2016.01.15-12.28.41:253][810]MapCheck: New page: Map Check
[2016.01.15-12.28.41:253][810]LightingResults: New page: Lighting Build
[2016.01.15-12.28.41:282][810]LogParticles: Destroying 0 GPU particle simulations for FXSystem 0x000000001541B240
[2016.01.15-12.28.41:498][810]LogAIModule: Creating AISystem for world MyFirstLevel
[2016.01.15-12.28.41:620][810]LogEditorServer: Finished looking for orphan Actors (0.000 secs)
[2016.01.15-12.28.41:749][810]Cmd: MAP CHECKDEP NOCLEARLOG
[2016.01.15-12.28.41:829][810]MapCheck: Info Map check complete: 0 Error(s), 0 Warning(s), took 80.076ms to complete.
[2016.01.15-12.28.41:829][810]LogFileHelpers: Loading map 'MyFirstLevel' took 0.652
[2016.01.15-12.28.41:870][811]Cmd: UpdateLandscapeEditorData -warnings
[2016.01.15-12.29.57:146][156]LogBlueprint:Warning: [compiler Ue4ASP_Character] Warning Input Axis Event references unknown Axis 'LookUp' for  InputAxis LookUp 
[2016.01.15-12.29.57:146][156]LogBlueprint:Warning: [compiler Ue4ASP_Character] Warning Input Axis Event references unknown Axis 'Turn' for  InputAxis Turn 
[2016.01.15-12.29.57:147][156]LogBlueprint:Warning: [compiler Ue4ASP_Character] Warning Input Axis Event references unknown Axis 'MoveRight' for  InputAxis MoveRight 
[2016.01.15-12.29.57:147][156]LogBlueprint:Warning: [compiler Ue4ASP_Character] Warning Input Axis Event references unknown Axis 'MoveForward' for  InputAxis MoveForward 
[2016.01.15-12.29.57:153][156]LogBlueprint:Warning: [compiler Ue4ASP_Character] Warning [0109.52] Compile of Ue4ASP_Character successful, but with 4 Warning(s) [in 14 ms]
[2016.01.15-12.29.57:153][156]LogBlueprint:Warning: [compiler Ue4ASP_Character] Warning [0109.52] Compile of Ue4ASP_Character successful, but with 5 Warning(s) [in 0 ms]
[2016.01.15-12.29.57:153][156]LogBlueprint:Warning: [compiler Ue4ASP_Character] Warning [0109.52] Compile of Ue4ASP_Character successful, but with 6 Warning(s) [in 0 ms]
[2016.01.15-12.29.57:275][156]LogBlueprint:Warning: [compiler Ue4ASP_Character] Warning Input Axis Event references unknown Axis 'LookUp' for  InputAxis LookUp 
[2016.01.15-12.29.57:276][156]LogBlueprint:Warning: [compiler Ue4ASP_Character] Warning Input Axis Event references unknown Axis 'Turn' for  InputAxis Turn 
[2016.01.15-12.29.57:276][156]LogBlueprint:Warning: [compiler Ue4ASP_Character] Warning Input Axis Event references unknown Axis 'MoveRight' for  InputAxis MoveRight 
[2016.01.15-12.29.57:276][156]LogBlueprint:Warning: [compiler Ue4ASP_Character] Warning Input Axis Event references unknown Axis 'MoveForward' for  InputAxis MoveForward 
[2016.01.15-12.29.57:281][156]LogBlueprint:Warning: [compiler Ue4ASP_Character] Warning [0109.65] Compile of Ue4ASP_Character successful, but with 4 Warning(s) [in 13 ms]
[2016.01.15-12.29.57:282][156]LogBlueprint:Warning: [compiler Ue4ASP_Character] Warning [0109.65] Compile of Ue4ASP_Character successful, but with 5 Warning(s) [in 0 ms]
[2016.01.15-12.29.57:282][156]LogBlueprint:Warning: [compiler Ue4ASP_Character] Warning [0109.65] Compile of Ue4ASP_Character successful, but with 6 Warning(s) [in 0 ms]
[2016.01.15-12.29.57:538][156]LogLinker:Warning: Asset '../../../Engine/Content/ArtTools/RenderToTexture/Macros/RenderToTextureMacros.uasset' has been saved with empty engine version. The asset will be loaded but may be incompatible.
[2016.01.15-12.30.00:058][156]LogContentBrowser: Native class hierarchy updated for 'BlueprintGraph' in 0.0075 seconds. Added 107 classes and 0 folders.
[2016.01.15-12.30.02:080][156]LogActor:Warning: GameNetworkManager /Engine/Transient.World_4:PersistentLevel.GameNetworkManager_0 has natively added scene component(s), but none of them were set as the actor's RootComponent - picking one arbitrarily
[2016.01.15-12.33.13:682][616]LogSlate:Warning: Prevented a slow task dialog from being summoned while a context menu was open
[2016.01.15-12.33.36:946][758]LogSlate:Warning: Prevented a slow task dialog from being summoned while a context menu was open
[2016.01.15-12.33.38:774][813]LogSlate:Warning: Prevented a slow task dialog from being summoned while a context menu was open
[2016.01.15-12.33.39:110][813]LogProperty:Error: UStructProperty::Serialize Loading: Property 'StructProperty /LeapMotion/Character/Basic/BasicCharacter_AnimBlueprint.BasicCharacter_AnimBlueprint_C:AnimGraphNode_Fabrik_8C904C7A415FB588652E8A91FDC811AE'. Unknown structure.
[2016.01.15-12.33.39:110][813]LogProperty:Error: UStructProperty::Serialize Loading: Property 'StructProperty /LeapMotion/Character/Basic/BasicCharacter_AnimBlueprint.BasicCharacter_AnimBlueprint_C:AnimGraphNode_Fabrik_416EC86F435836563C4E49AD6D016C3C'. Unknown structure.
[2016.01.15-12.33.39:113][813]LogProperty:Error: UStructProperty::Serialize Loading: Property 'StructProperty /LeapMotion/Character/Basic/BasicCharacter_AnimBlueprint.BasicCharacter_AnimBlueprint_C:AnimGraphNode_Fabrik_9FF4326C4CAD2373B92D6F9E3AC3F57A'. Unknown structure.
[2016.01.15-12.33.39:115][813]LogAnimation:Warning: Invalid animation root node index 54 on '/LeapMotion/Character/Basic/BasicCharacter_AnimBlueprint.BasicCharacter_AnimBlueprint_C' (only 52 nodes)
[2016.01.15-12.35.07:232][813]LogOutputDevice: === Handled error: ===

Ensure condition failed: bValidRootIndex [File:D:\BuildFarm\buildmachine_++depot+UE4-Releases+4.9\Engine\Source\Runtime\Engine\Private\Animation\AnimBlueprintGeneratedClass.cpp] [Line: 234]

Stack: 
UE4Editor-Core.dll!FWindowsPlatformStackWalk::StackWalkAndDump() [d:\buildfarm\buildmachine_++depot+ue4-releases+4.9\engine\source\runtime\core\private\windows\windowsplatformstackwalk.cpp:175]
UE4Editor-Core.dll!FDebug::EnsureFailed() [d:\buildfarm\buildmachine_++depot+ue4-releases+4.9\engine\source\runtime\core\private\misc\outputdevice.cpp:258]
UE4Editor-Core.dll!FDebug::OptionallyLogFormattedEnsureMessageReturningFalse() [d:\buildfarm\buildmachine_++depot+ue4-releases+4.9\engine\source\runtime\core\private\misc\outputdevice.cpp:368]
UE4Editor-Engine.dll!UAnimBlueprintGeneratedClass::Link() [d:\buildfarm\buildmachine_++depot+ue4-releases+4.9\engine\source\runtime\engine\private\animation\animblueprintgeneratedclass.cpp:234]
UE4Editor-CoreUObject.dll!UClass::Serialize() [d:\buildfarm\buildmachine_++depot+ue4-releases+4.9\engine\source\runtime\coreuobject\private\uobject\class.cpp:3393]
UE4Editor-Engine.dll!UBlueprintGeneratedClass::Serialize() [d:\buildfarm\buildmachine_++depot+ue4-releases+4.9\engine\source\runtime\engine\private\blueprintgeneratedclass.cpp:757]
UE4Editor-CoreUObject.dll!FLinkerLoad::Preload() [d:\buildfarm\buildmachine_++depot+ue4-releases+4.9\engine\source\runtime\coreuobject\private\uobject\linkerload.cpp:3143]
UE4Editor-CoreUObject.dll!FLinkerLoad::CreateExport() [d:\buildfarm\buildmachine_++depot+ue4-releases+4.9\engine\source\runtime\coreuobject\private\uobject\linkerload.cpp:3792]
UE4Editor-CoreUObject.dll!FLinkerLoad::IndexToObject() [d:\buildfarm\buildmachine_++depot+ue4-releases+4.9\engine\source\runtime\coreuobject\private\uobject\linkerload.cpp:3982]
UE4Editor-CoreUObject.dll!FLinkerLoad::CreateExport() [d:\buildfarm\buildmachine_++depot+ue4-releases+4.9\engine\source\runtime\coreuobject\private\uobject\linkerload.cpp:3505]
UE4Editor-CoreUObject.dll!FLinkerLoad::CreateExportAndPreload() [d:\buildfarm\buildmachine_++depot+ue4-releases+4.9\engine\source\runtime\coreuobject\private\uobject\linkerload.cpp:2661]
UE4Editor-CoreUObject.dll!FLinkerLoad::LoadAllObjects() [d:\buildfarm\buildmachine_++depot+ue4-releases+4.9\engine\source\runtime\coreuobject\private\uobject\linkerload.cpp:2769]
UE4Editor-CoreUObject.dll!LoadPackageInternal() [d:\buildfarm\buildmachine_++depot+ue4-releases+4.9\engine\source\runtime\coreuobject\private\uobject\uobjectglobals.cpp:1032]
UE4Editor-CoreUObject.dll!FLinkerLoad::VerifyImportInner() [d:\buildfarm\buildmachine_++depot+ue4-releases+4.9\engine\source\runtime\coreuobject\private\uobject\linkerload.cpp:2354]
UE4Editor-CoreUObject.dll!FLinkerLoad::VerifyImport() [d:\buildfarm\buildmachine_++depot+ue4-releases+4.9\engine\source\runtime\coreuobject\private\uobject\linkerload.cpp:2115]
UE4Editor-CoreUObject.dll!FLinkerLoad::VerifyImportInner() [d:\buildfarm\buildmachine_++depot+ue4-releases+4.9\engine\source\runtime\coreuobject\private\uobject\linkerload.cpp:2402]
UE4Editor-CoreUObject.dll!FLinkerLoad::VerifyImport() [d:\buildfarm\buildmachine_++depot+ue4-releases+4.9\engine\source\runtime\coreuobject\private\uobject\linkerload.cpp:2115]
UE4Editor-CoreUObject.dll!FLinkerLoad::Verify() [d:\buildfarm\buildmachine_++depot+ue4-releases+4.9\engine\source\runtime\coreuobject\private\uobject\linkerload.cpp:1905]
UE4Editor-CoreUObject.dll!FLinkerLoad::FinalizeCreation() [d:\buildfarm\buildmachine_++depot+ue4-releases+4.9\engine\source\runtime\coreuobject\private\uobject\linkerload.cpp:1815]
UE4Editor-CoreUObject.dll!FLinkerLoad::Tick() [d:\buildfarm\buildmachine_++depot+ue4-releases+4.9\engine\source\runtime\coreuobject\private\uobject\linkerload.cpp:666]
UE4Editor-CoreUObject.dll!FLinkerLoad::CreateLinker() [d:\buildfarm\buildmachine_++depot+ue4-releases+4.9\engine\source\runtime\coreuobject\private\uobject\linkerload.cpp:404]
UE4Editor-CoreUObject.dll!GetPackageLinker() [d:\buildfarm\buildmachine_++depot+ue4-releases+4.9\engine\source\runtime\coreuobject\private\uobject\linker.cpp:570]
UE4Editor-CoreUObject.dll!LoadPackageInternal() [d:\buildfarm\buildmachine_++depot+ue4-releases+4.9\engine\source\runtime\coreuobject\private\uobject\uobjectglobals.cpp:936]
UE4Editor-CoreUObject.dll!FLinkerLoad::VerifyImportInner() [d:\buildfarm\buildmachine_++depot+ue4-releases+4.9\engine\source\runtime\coreuobject\private\uobject\linkerload.cpp:2354]
UE4Editor-CoreUObject.dll!FLinkerLoad::VerifyImport() [d:\buildfarm\buildmachine_++depot+ue4-releases+4.9\engine\source\runtime\coreuobject\private\uobject\linkerload.cpp:2115]
UE4Editor-CoreUObject.dll!FLinkerLoad::VerifyImportInner() [d:\buildfarm\buildmachine_++depot+ue4-releases+4.9\engine\source\runtime\coreuobject\private\uobject\linkerload.cpp:2402]
UE4Editor-CoreUObject.dll!FLinkerLoad::VerifyImport() [d:\buildfarm\buildmachine_++depot+ue4-releases+4.9\engine\source\runtime\coreuobject\private\uobject\linkerload.cpp:2115]
UE4Editor-CoreUObject.dll!FLinkerLoad::VerifyImportInner() [d:\buildfarm\buildmachine_++depot+ue4-releases+4.9\engine\source\runtime\coreuobject\private\uobject\linkerload.cpp:2402]
UE4Editor-CoreUObject.dll!FLinkerLoad::VerifyImport() [d:\buildfarm\buildmachine_++depot+ue4-releases+4.9\engine\source\runtime\coreuobject\private\uobject\linkerload.cpp:2115]
UE4Editor-CoreUObject.dll!FLinkerLoad::Verify() [d:\buildfarm\buildmachine_++depot+ue4-releases+4.9\engine\source\runtime\coreuobject\private\uobject\linkerload.cpp:1905]
UE4Editor-CoreUObject.dll!FLinkerLoad::FinalizeCreation() [d:\buildfarm\buildmachine_++depot+ue4-releases+4.9\engine\source\runtime\coreuobject\private\uobject\linkerload.cpp:1815]
UE4Editor-CoreUObject.dll!FLinkerLoad::Tick() [d:\buildfarm\buildmachine_++depot+ue4-releases+4.9\engine\source\runtime\coreuobject\private\uobject\linkerload.cpp:666]
UE4Editor-CoreUObject.dll!FLinkerLoad::CreateLinker() [d:\buildfarm\buildmachine_++depot+ue4-releases+4.9\engine\source\runtime\coreuobject\private\uobject\linkerload.cpp:404]
UE4Editor-CoreUObject.dll!GetPackageLinker() [d:\buildfarm\buildmachine_++depot+ue4-releases+4.9\engine\source\runtime\coreuobject\private\uobject\linker.cpp:570]
UE4Editor-CoreUObject.dll!LoadPackageInternal() [d:\buildfarm\buildmachine_++depot+ue4-releases+4.9\engine\source\runtime\coreuobject\private\uobject\uobjectglobals.cpp:936]
UE4Editor-ClassViewer.dll!ClassViewer::Helpers::LoadClass() [d:\buildfarm\buildmachine_++depot+ue4-releases+4.9\engine\source\editor\classviewer\private\sclassviewer.cpp:1025]
UE4Editor-ClassViewer.dll!SClassViewer::OnClassViewerSelectionChanged() [d:\buildfarm\buildmachine_++depot+ue4-releases+4.9\engine\source\editor\classviewer\private\sclassviewer.cpp:2195]
UE4Editor-ClassViewer.dll!TBaseSPMethodDelegateInstance<0,SClassViewer,0,TTypeWrapper<void> __cdecl(TSharedPtr<FClassViewerNode,0>,enum ESelectInfo::Type)>::Execute() [d:\buildfarm\buildmachine_++depot+ue4-releases+4.9\engine\source\runtime\core\public\delegates\delegateinstancesimpl_variadics.inl:282]
UE4Editor-ClassViewer.dll!TBaseSPMethodDelegateInstance<0,SClassViewer,0,void __cdecl(TSharedPtr<FClassViewerNode,0>,enum ESelectInfo::Type)>::ExecuteIfSafe() [d:\buildfarm\buildmachine_++depot+ue4-releases+4.9\engine\source\runtime\core\public\delegates\delegateinstancesimpl_variadics.inl:388]
UE4Editor-ClassViewer.dll!TBaseDelegate<void,TSharedPtr<FClassViewerNode,0>,enum ESelectInfo::Type>::ExecuteIfBound() [d:\buildfarm\buildmachine_++depot+ue4-releases+4.9\engine\source\runtime\core\public\delegates\delegatesignatureimpl_variadics.inl:482]
UE4Editor-ClassViewer.dll!SListView<TSharedPtr<FClassViewerNode,0> >::Private_SignalSelectionChanged() [d:\buildfarm\buildmachine_++depot+ue4-releases+4.9\engine\source\runtime\slate\public\widgets\views\slistview.h:609]
UE4Editor-ClassViewer.dll!STableRow<TSharedPtr<FString,0> >::OnMouseButtonUp() [d:\buildfarm\buildmachine_++depot+ue4-releases+4.9\engine\source\runtime\slate\public\widgets\views\stablerow.h:446]
UE4Editor-Slate.dll!<lambda_df946b2745ea2bbab398d4acc9cc3d04>::operator()() [d:\buildfarm\buildmachine_++depot+ue4-releases+4.9\engine\source\runtime\slate\private\framework\application\slateapplication.cpp:4273]
UE4Editor-Slate.dll!FEventRouter::Route<FReply,FEventRouter::FToLeafmostPolicy,FPointerEvent,<lambda_df946b2745ea2bbab398d4acc9cc3d04> >() [d:\buildfarm\buildmachine_++depot+ue4-releases+4.9\engine\source\runtime\slate\private\framework\application\slateapplication.cpp:214]
UE4Editor-Slate.dll!FSlateApplication::RoutePointerUpEvent() [d:\buildfarm\buildmachine_++depot+ue4-releases+4.9\engine\source\runtime\slate\private\framework\application\slateapplication.cpp:4276]
UE4Editor-Slate.dll!FSlateApplication::ProcessMouseButtonUpEvent() [d:\buildfarm\buildmachine_++depot+ue4-releases+4.9\engine\source\runtime\slate\private\framework\application\slateapplication.cpp:4660]
UE4Editor-Slate.dll!FSlateApplication::OnMouseUp() [d:\buildfarm\buildmachine_++depot+ue4-releases+4.9\engine\source\runtime\slate\private\framework\application\slateapplication.cpp:4638]
UE4Editor-Core.dll!FWindowsApplication::ProcessDeferredMessage() [d:\buildfarm\buildmachine_++depot+ue4-releases+4.9\engine\source\runtime\core\private\windows\windowsapplication.cpp:1403]
UE4Editor-Core.dll!FWindowsApplication::DeferMessage() [d:\buildfarm\buildmachine_++depot+ue4-releases+4.9\engine\source\runtime\core\private\windows\windowsapplication.cpp:1708]
UE4Editor-Core.dll!FWindowsApplication::ProcessMessage() [d:\buildfarm\buildmachine_++depot+ue4-releases+4.9\engine\source\runtime\core\private\windows\windowsapplication.cpp:706]
UE4Editor-Core.dll!FWindowsApplication::AppWndProc() [d:\buildfarm\buildmachine_++depot+ue4-releases+4.9\engine\source\runtime\core\private\windows\windowsapplication.cpp:628]
USER32.dll
USER32.dll
UE4Editor-Core.dll!FWindowsPlatformMisc::PumpMessages() [d:\buildfarm\buildmachine_++depot+ue4-releases+4.9\engine\source\runtime\core\private\windows\windowsplatformmisc.cpp:884]
UE4Editor.exe!FEngineLoop::Tick() [d:\buildfarm\buildmachine_++depot+ue4-releases+4.9\engine\source\runtime\launch\private\launchengineloop.cpp:2392]
UE4Editor.exe!GuardedMain() [d:\buildfarm\buildmachine_++depot+ue4-releases+4.9\engine\source\runtime\launch\private\launch.cpp:142]
UE4Editor.exe!GuardedMainWrapper() [d:\buildfarm\buildmachine_++depot+ue4-releases+4.9\engine\source\runtime\launch\private\windows\launchwindows.cpp:126]
UE4Editor.exe!WinMain() [d:\buildfarm\buildmachine_++depot+ue4-releases+4.9\engine\source\runtime\launch\private\windows\launchwindows.cpp:200]
UE4Editor.exe!__tmainCRTStartup() [f:\dd\vctools\crt\crtw32\dllstuff\crtexe.c:618]
kernel32.dll
ntdll.dll
ntdll.dll

[2016.01.15-12.35.15:681][813]LogAnimation:Warning: Invalid animation root node index 54 on '/LeapMotion/Character/Basic/BasicCharacter_AnimBlueprint.BasicCharacter_AnimBlueprint_C' (only 52 nodes)
[2016.01.15-12.35.16:493][813]LogAnimation:Warning: Invalid animation root node index 54 on '/Engine/Transient.REINST_BasicCharacter_AnimBlueprint_C_2' (only 52 nodes)
[2016.01.15-12.35.16:800][813]LogClass:Warning: Property AnimGraphNode_Fabrik_8C904C7A415FB588652E8A91FDC811AE of BasicCharacter_AnimBlueprint_C has a struct type mismatch (tag FallbackStruct != prop AnimNode_Fabrik) in package:  FObjectReader. If that struct got renamed, add an entry to ActiveStructRedirects.
[2016.01.15-12.35.16:800][813]LogClass:Warning: Property AnimGraphNode_Fabrik_416EC86F435836563C4E49AD6D016C3C of BasicCharacter_AnimBlueprint_C has a struct type mismatch (tag FallbackStruct != prop AnimNode_Fabrik) in package:  FObjectReader. If that struct got renamed, add an entry to ActiveStructRedirects.
[2016.01.15-12.35.16:800][813]LogClass:Warning: Property AnimGraphNode_Fabrik_9FF4326C4CAD2373B92D6F9E3AC3F57A of BasicCharacter_AnimBlueprint_C has a struct type mismatch (tag FallbackStruct != prop AnimNode_Fabrik) in package:  FObjectReader. If that struct got renamed, add an entry to ActiveStructRedirects.
[2016.01.15-12.35.18:248][813]LogBlueprint:Warning: [compiler LeapBasicRiggedCharacter] Warning Input Axis Event references unknown Axis 'LookUpRate' for  InputAxis LookUpRate 
[2016.01.15-12.35.18:249][813]LogBlueprint:Warning: [compiler LeapBasicRiggedCharacter] Warning Input Axis Event references unknown Axis 'TurnRate' for  InputAxis TurnRate 
[2016.01.15-12.35.18:249][813]LogBlueprint:Warning: [compiler LeapBasicRiggedCharacter] Warning Input Axis Event references unknown Axis 'Turn' for  InputAxis Turn 
[2016.01.15-12.35.18:249][813]LogBlueprint:Warning: [compiler LeapBasicRiggedCharacter] Warning Input Axis Event references unknown Axis 'LookUp' for  InputAxis LookUp 
[2016.01.15-12.35.18:250][813]LogBlueprint:Warning: [compiler LeapBasicRiggedCharacter] Warning Input Axis Event references unknown Axis 'MoveRight' for  InputAxis MoveRight 
[2016.01.15-12.35.18:250][813]LogBlueprint:Warning: [compiler LeapBasicRiggedCharacter] Warning Input Axis Event references unknown Axis 'MoveForward' for  InputAxis MoveForward 
[2016.01.15-12.35.18:256][813]LogBlueprint:Warning: [compiler LeapBasicRiggedCharacter] Warning [0430.72] Compile of LeapBasicRiggedCharacter successful, but with 6 Warning(s) [in 35 ms]
[2016.01.15-12.35.18:256][813]LogBlueprint:Warning: [compiler LeapBasicRiggedCharacter] Warning [0430.72] Compile of LeapBasicRiggedCharacter successful, but with 7 Warning(s) [in 0 ms]
[2016.01.15-12.35.18:256][813]LogBlueprint:Warning: [compiler LeapBasicRiggedCharacter] Warning [0430.72] Compile of LeapBasicRiggedCharacter successful, but with 8 Warning(s) [in 0 ms]
[2016.01.15-12.35.18:271][813]LogBlueprint:Warning: [compiler LeapBasicRiggedCharacter] Warning Input Axis Event references unknown Axis 'LookUpRate' for  InputAxis LookUpRate 
[2016.01.15-12.35.18:271][813]LogBlueprint:Warning: [compiler LeapBasicRiggedCharacter] Warning Input Axis Event references unknown Axis 'TurnRate' for  InputAxis TurnRate 
[2016.01.15-12.35.18:271][813]LogBlueprint:Warning: [compiler LeapBasicRiggedCharacter] Warning Input Axis Event references unknown Axis 'Turn' for  InputAxis Turn 
[2016.01.15-12.35.18:272][813]LogBlueprint:Warning: [compiler LeapBasicRiggedCharacter] Warning Input Axis Event references unknown Axis 'LookUp' for  InputAxis LookUp 
[2016.01.15-12.35.18:272][813]LogBlueprint:Warning: [compiler LeapBasicRiggedCharacter] Warning Input Axis Event references unknown Axis 'MoveRight' for  InputAxis MoveRight 
[2016.01.15-12.35.18:272][813]LogBlueprint:Warning: [compiler LeapBasicRiggedCharacter] Warning Input Axis Event references unknown Axis 'MoveForward' for  InputAxis MoveForward 
[2016.01.15-12.35.18:278][813]LogBlueprint:Warning: [compiler LeapBasicRiggedCharacter] Warning [0430.74] Compile of LeapBasicRiggedCharacter successful, but with 6 Warning(s) [in 17 ms]
[2016.01.15-12.35.18:279][813]LogBlueprint:Warning: [compiler LeapBasicRiggedCharacter] Warning [0430.74] Compile of LeapBasicRiggedCharacter successful, but with 7 Warning(s) [in 0 ms]
[2016.01.15-12.35.18:279][813]LogBlueprint:Warning: [compiler LeapBasicRiggedCharacter] Warning [0430.74] Compile of LeapBasicRiggedCharacter successful, but with 8 Warning(s) [in 0 ms]
[2016.01.15-12.35.18:916][813]LogTexture:Display: Building textures: Icon128 (AutoDXT)
[2016.01.15-12.35.42:946][319]BlueprintLog: New page: Compile BP_TheBeginningGameMode
[2016.01.15-12.35.43:689][319]LeapPluginLog: LeapController::CleanupEventData Delete Called
[2016.01.15-12.35.43:703][319]LeapPluginLog: LeapController::CleanupEventData Delete Called
[2016.01.15-12.35.43:811][319]BlueprintEditorCompileResults: Info [0456.25] Compile of BP_TheBeginningGameMode successful! [in 840 ms]
[2016.01.15-12.36.40:798][637]LogEditorViewport: Clicking on Actor (LMB): Landscape (Landscape5)
[2016.01.15-12.36.48:145][794]LogPlayLevel: PlayLevel: No blueprints needed recompiling
[2016.01.15-12.36.48:174][794]PIE: New page: PIE session: MyFirstLevel (Jan 15, 2016, 2:36:48 PM)
[2016.01.15-12.36.48:189][794]LogPlayLevel: Creating play world package: /Game/UEDPIE_0_MyFirstLevel
[2016.01.15-12.36.48:250][794]LogPlayLevel: PIE: StaticDuplicateObject took: (0.060820s)
[2016.01.15-12.36.48:252][794]LogAIModule: Creating AISystem for world MyFirstLevel
[2016.01.15-12.36.48:252][794]LogPlayLevel: PIE: World Init took: (0.002179s)
[2016.01.15-12.36.48:254][794]LogPlayLevel: PIE: Created PIE world by copying editor world from /Game/MyFirstLevel.MyFirstLevel to /Game/UEDPIE_0_MyFirstLevel.MyFirstLevel (0.064730s)
[2016.01.15-12.36.48:415][794]LogInit: XAudio2 using 'Speakers (Realtek High Definition Audio)' : 2 channels at 48 kHz using 32 bits per sample (channel mask 0x3)
[2016.01.15-12.36.48:426][794]LogInit: FAudioDevice initialized.
[2016.01.15-12.36.48:741][794]LogWorld: Game class is 'BP_TheBeginningGameMode_C'
[2016.01.15-12.36.48:985][794]LogWorld: Bringing World /Game/UEDPIE_0_MyFirstLevel.MyFirstLevel up for play (max tick rate 0) at 2016.01.15-13.36.48
[2016.01.15-12.36.48:985][794]LogActor:Warning: GameSession /Game/UEDPIE_0_MyFirstLevel.MyFirstLevel:PersistentLevel.GameSession_0 has natively added scene component(s), but none of them were set as the actor's RootComponent - picking one arbitrarily
[2016.01.15-12.36.48:986][794]LogActor:Warning: GameNetworkManager /Game/UEDPIE_0_MyFirstLevel.MyFirstLevel:PersistentLevel.GameNetworkManager_1 has natively added scene component(s), but none of them were set as the actor's RootComponent - picking one arbitrarily
[2016.01.15-12.36.49:112][794]LogWorld: Bringing up level for play took: 0.187627
[2016.01.15-12.36.49:849][794]LeapPluginLog: InterfaceObject: LeapAnimBodyConnector_C_0
[2016.01.15-12.36.50:065][794]PIE: Info Play in editor start time for /Game/UEDPIE_0_MyFirstLevel 2.67
[2016.01.15-12.36.51:209][794]LogCrashTracker: 


[2016.01.15-12.36.51:248][794]LogCrashTracker: 


[2016.01.15-12.36.51:249][794]LogWindows: === Critical error: ===


[2016.01.15-12.36.51:478][794]LogExit: Executing StaticShutdownAfterError
[2016.01.15-12.36.51:680][794]LogPhysics:Warning: PHYSX: ..\..\PhysX\src\NpScene.cpp (2946) 8 : PxScene::unlockWrite() called without matching call to PxScene::lockWrite(), behaviour will be undefined.
[2016.01.15-12.36.51:680][794]LogPhysics:Warning: PHYSX: ..\..\PhysX\src\NpScene.cpp (2946) 8 : PxScene::unlockWrite() called without matching call to PxScene::lockWrite(), behaviour will be undefined.
[2016.01.15-12.36.51:680][794]LogPhysics:Warning: PHYSX: ..\..\PhysX\src\NpScene.cpp (2946) 8 : PxScene::unlockWrite() called without matching call to PxScene::lockWrite(), behaviour will be undefined.
[2016.01.15-12.36.51:681][794]LogPhysics:Warning: PHYSX: ..\..\PhysX\src\NpScene.cpp (2946) 8 : PxScene::unlockWrite() called without matching call to PxScene::lockWrite(), behaviour will be undefined.
[2016.01.15-12.36.51:681][794]LogPhysics:Warning: PHYSX: ..\..\PhysX\src\NpScene.cpp (2946) 8 : PxScene::unlockWrite() called without matching call to PxScene::lockWrite(), behaviour will be undefined.
[2016.01.15-12.36.51:685][794]LogPhysics:Warning: PHYSX: ..\..\PhysX\src\NpScene.cpp (2946) 8 : PxScene::unlockWrite() called without matching call to PxScene::lockWrite(), behaviour will be undefined.
[2016.01.15-12.36.51:700][794]LogWindows: FPlatformMisc::RequestExit(1)
[2016.01.15-12.36.51:700][794]Log file closed, 01/15/16 13:36:51
