[2016.03.05-12.52.41:970][  0]Log file open, 03/05/16 13:52:41
[2016.03.05-12.52.41:970][  0]LogInit:Display: Running engine for game: TheBeginning
[2016.03.05-12.52.41:970][  0]LogInit:Display: RandInit(-999136093) SRandInit(-999136092).
[2016.03.05-12.52.41:970][  0]LogTaskGraph: Started task graph with 4 named threads and 7 total threads.
[2016.03.05-12.52.41:970][  0]LogStats: Stats thread started at 0.083989
[2016.03.05-12.52.41:970][  0]LogInit: Version: 4.9.2-2707645+++depot+UE4-Releases+4.9
[2016.03.05-12.52.41:970][  0]LogInit: API Version: 2672455
[2016.03.05-12.52.41:970][  0]LogInit: Compiled (64-bit): Sep 28 2015 10:25:44
[2016.03.05-12.52.41:970][  0]LogInit: Compiled with Visual C++: 18.00.21005.01
[2016.03.05-12.52.41:970][  0]LogInit: Build Configuration: Development
[2016.03.05-12.52.41:970][  0]LogInit: Branch Name: ++depot+UE4-Releases+4.9
[2016.03.05-12.52.41:970][  0]LogInit: Command line: -EpicPortal 
[2016.03.05-12.52.41:970][  0]LogInit: Base directory: C:/Program Files (x86)/Epic Games/4.9/Engine/Binaries/Win64/
[2016.03.05-12.52.41:970][  0]LogInit: Rocket: 1
[2016.03.05-12.52.41:978][  0]LogInit: Using libcurl 7.41.0
[2016.03.05-12.52.41:978][  0]LogInit:  - built for x86_64-pc-win32
[2016.03.05-12.52.41:978][  0]LogInit:  - supports SSL with WinSSL
[2016.03.05-12.52.41:978][  0]LogInit:  - other features:
[2016.03.05-12.52.41:978][  0]LogInit:      CURL_VERSION_SSL
[2016.03.05-12.52.41:978][  0]LogInit:      CURL_VERSION_IPV6
[2016.03.05-12.52.41:978][  0]LogInit:      CURL_VERSION_ASYNCHDNS
[2016.03.05-12.52.41:978][  0]LogInit:      CURL_VERSION_LARGEFILE
[2016.03.05-12.52.41:978][  0]LogInit:      CURL_VERSION_IDN
[2016.03.05-12.52.41:978][  0]LogInit:  CurlRequestOptions (configurable via config and command line):
[2016.03.05-12.52.41:978][  0]LogInit:  - bVerifyPeer = true  - Libcurl will verify peer certificate
[2016.03.05-12.52.41:978][  0]LogInit:  - bUseHttpProxy = false  - Libcurl will NOT use HTTP proxy
[2016.03.05-12.52.41:978][  0]LogInit:  - bDontReuseConnections = false  - Libcurl will reuse connections
[2016.03.05-12.52.41:978][  0]LogInit:  - CertBundlePath = nullptr  - Libcurl will use whatever was configured at build time.
[2016.03.05-12.52.41:985][  0]LogInit: Presizing for 0 objects not considered by GC, pre-allocating 0 bytes.
[2016.03.05-12.52.41:990][  0]LogInit: Object subsystem initialized
[2016.03.05-12.52.41:991][  0]LogInit: Selected Device Profile: [Windows]
[2016.03.05-12.52.41:991][  0]LogInit: Applying CVar settings loaded from the selected device profile: [Windows]
[2016.03.05-12.52.42:000][  0]LogInit: Computer: DESKTOP-I563IRF
[2016.03.05-12.52.42:000][  0]LogInit: User: CaptainAmerica
[2016.03.05-12.52.42:000][  0]LogInit: CPU Page size=4096, Cores=4
[2016.03.05-12.52.42:000][  0]LogInit: High frequency timer resolution =2.531249 MHz
[2016.03.05-12.52.42:000][  0]LogMemory: Memory total: Physical=15.8GB (16GB approx)
[2016.03.05-12.52.42:000][  0]LogMemory: Platform Memory Stats for Windows
[2016.03.05-12.52.42:000][  0]LogMemory: Process Physical Memory: 54.14 MB used, 54.14 MB peak
[2016.03.05-12.52.42:000][  0]LogMemory: Process Virtual Memory: 58.19 MB used, 58.19 MB peak
[2016.03.05-12.52.42:000][  0]LogMemory: Physical Memory: 2653.84 MB used, 16205.89 MB total
[2016.03.05-12.52.42:000][  0]LogMemory: Virtual Memory: 372.40 MB used, 134217728.00 MB total
[2016.03.05-12.52.42:036][  0]LogTextLocalizationManager: No translations for ('de-DE') exist, falling back to 'en' for localization and internationalization data.
[2016.03.05-12.52.42:742][  0]LogD3D11RHI: Found D3D11 adapter 0: NVIDIA GeForce GTX 970M    (Feature Level 11_0)
[2016.03.05-12.52.42:742][  0]LogD3D11RHI: Adapter has 2988MB of dedicated video memory, 0MB of dedicated system memory, and 8102MB of shared system memory, 1 output[s]
[2016.03.05-12.52.42:749][  0]LogD3D11RHI: Found D3D11 adapter 1: Intel(R) HD Graphics 530 (Feature Level 11_0)
[2016.03.05-12.52.42:749][  0]LogD3D11RHI: Adapter has 128MB of dedicated video memory, 0MB of dedicated system memory, and 8102MB of shared system memory, 0 output[s]
[2016.03.05-12.52.42:750][  0]LogD3D11RHI: Found D3D11 adapter 2: Microsoft Basic Render Driver (Feature Level 11_0)
[2016.03.05-12.52.42:750][  0]LogD3D11RHI: Adapter has 0MB of dedicated video memory, 0MB of dedicated system memory, and 8102MB of shared system memory, 0 output[s]
[2016.03.05-12.52.42:750][  0]LogD3D11RHI: Chosen D3D11 Adapter Id = 0
[2016.03.05-12.52.42:754][  0]LogD3D11RHI: !Direct3DDevice
[2016.03.05-12.52.42:754][  0]LogRHI: Texture pool is 1361 MB (70% of 1945 MB)
[2016.03.05-12.52.42:766][  0]LogD3D11RHI: Async texture creation enabled
[2016.03.05-12.52.42:781][  0]LogShaderCompilers: Guid format shader working directory is 15 characters bigger than the processId version (../../../../../../Users/CaptainAmerica/Desktop/Uni/GE_Project/Intermediate/Shaders/WorkingDirectory/7200/).
[2016.03.05-12.52.42:781][  0]LogShaderCompilers: Cleaned the shader compiler working directory '../../../../../../Users/CaptainAmerica/Desktop/Uni/GE_Project/Intermediate/Shaders/tmp/FF08AD0F4EBA03B7B7E3D8AD5D37BBE6/'.
[2016.03.05-12.52.42:781][  0]LogShaderCompilers:Display: Using Local Shader Compiler.
[2016.03.05-12.52.44:275][  0]LogTemp:Display: Loaded TP AllDesktopTargetPlatform
[2016.03.05-12.52.44:279][  0]LogTemp:Display: Loaded TP WindowsClientTargetPlatform
[2016.03.05-12.52.44:283][  0]LogTemp:Display: Loaded TP WindowsNoEditorTargetPlatform
[2016.03.05-12.52.44:288][  0]LogTemp:Display: Loaded TP WindowsServerTargetPlatform
[2016.03.05-12.52.44:292][  0]LogTemp:Display: Loaded TP WindowsTargetPlatform
[2016.03.05-12.52.44:295][  0]LogTemp:Display: Loaded TP AndroidTargetPlatform
[2016.03.05-12.52.44:298][  0]LogTemp:Display: Loaded TP Android_ASTCTargetPlatform
[2016.03.05-12.52.44:301][  0]LogTemp:Display: Loaded TP Android_ATCTargetPlatform
[2016.03.05-12.52.44:304][  0]LogTemp:Display: Loaded TP Android_DXTTargetPlatform
[2016.03.05-12.52.44:306][  0]LogTemp:Display: Loaded TP Android_ETC1TargetPlatform
[2016.03.05-12.52.44:309][  0]LogTemp:Display: Loaded TP Android_ETC2TargetPlatform
[2016.03.05-12.52.44:312][  0]LogTemp:Display: Loaded TP Android_PVRTCTargetPlatform
[2016.03.05-12.52.44:313][  0]LogTemp:Display: Loaded TP HTML5TargetPlatform
[2016.03.05-12.52.44:329][  0]LogTemp:Display: Loaded TP IOSTargetPlatform
[2016.03.05-12.52.44:332][  0]LogTemp:Display: Loaded TP LinuxNoEditorTargetPlatform
[2016.03.05-12.52.44:334][  0]LogTemp:Display: Loaded TP LinuxServerTargetPlatform
[2016.03.05-12.52.44:337][  0]LogTemp:Display: Loaded TP LinuxTargetPlatform
[2016.03.05-12.52.44:337][  0]LogTargetPlatformManager:Display: Building Assets For Windows
[2016.03.05-12.52.44:414][  0]LogDerivedDataCache:Display: Max Cache Size: 512 MB
[2016.03.05-12.52.44:450][  0]LogDerivedDataCache: Loaded boot cache 0.03s 41MB C:/Users/CaptainAmerica/AppData/Local/UnrealEngine/4.9/DerivedDataCache/Boot.ddc.
[2016.03.05-12.52.44:450][  0]LogDerivedDataCache:Display: Loaded Boot cache: C:/Users/CaptainAmerica/AppData/Local/UnrealEngine/4.9/DerivedDataCache/Boot.ddc
[2016.03.05-12.52.44:450][  0]LogDerivedDataCache: FDerivedDataBackendGraph:  Pak pak cache file ../../../../../../Users/CaptainAmerica/Desktop/Uni/GE_Project/DerivedDataCache/DDC.ddp not found, will not use a pak cache.
[2016.03.05-12.52.44:450][  0]LogDerivedDataCache: Unable to find inner node Pak for hierarchical cache Hierarchy.
[2016.03.05-12.52.44:450][  0]LogDerivedDataCache: FDerivedDataBackendGraph:  CompressedPak pak cache file ../../../../../../Users/CaptainAmerica/Desktop/Uni/GE_Project/DerivedDataCache/Compressed.ddp not found, will not use a pak cache.
[2016.03.05-12.52.44:450][  0]LogDerivedDataCache: Unable to find inner node CompressedPak for hierarchical cache Hierarchy.
[2016.03.05-12.52.44:567][  0]LogDerivedDataCache:Display: Pak cache opened for reading ../../../Engine/DerivedDataCache/Compressed.ddp.
[2016.03.05-12.52.44:579][  0]LogDerivedDataCache: Using Local data cache path C:/Users/CaptainAmerica/AppData/Local/UnrealEngine/Common/DerivedDataCache: Writable
[2016.03.05-12.52.44:722][  0]LogInit: Selected Device Profile: [Windows]
[2016.03.05-12.52.44:724][  0]LogContentStreaming: Texture pool size is 0.000000MB
[2016.03.05-12.52.44:831][  0]LogMeshUtilities: No automatic mesh reduction module available
[2016.03.05-12.52.44:831][  0]LogMeshUtilities: No automatic mesh merging module available
[2016.03.05-12.52.45:040][  0]LogInit: WinSock: version 1.1 (2.2), MaxSocks=32767, MaxUdp=65467
[2016.03.05-12.52.45:658][  0]UdpMessaging: Initializing bridge on interface 0.0.0.0:0 to multicast group 230.0.0.1:6666.
[2016.03.05-12.52.45:788][  0]LogAssetRegistry: FAssetRegistry took 0.0108 seconds to start up
[2016.03.05-12.52.45:949][  0]SourceControl: Info Source control is disabled
[2016.03.05-12.52.45:950][  0]SourceControl: Info Source control is disabled
[2016.03.05-12.52.45:963][  0]SourceControl: Info Source control is disabled
[2016.03.05-12.52.45:974][  0]SourceControl: Info Source control is disabled
[2016.03.05-12.52.46:124][  0]LogLinker:Warning: Asset '../../../Engine/Plugins/Runtime/LeapMotionController/Content/LM_PassthroughMaterial.uasset' has been saved with empty engine version. The asset will be loaded but may be incompatible.
[2016.03.05-12.52.46:205][  0]LogObj: 28421 objects as part of root set at end of initial load.
[2016.03.05-12.52.46:205][  0]LogUObjectAllocator: 6081744 out of 0 bytes used by permanent object pool.
[2016.03.05-12.52.46:256][  0]LogEngine: Initializing Engine...
[2016.03.05-12.52.46:258][  0]LogHMD: Can't find Oculus library dev build: is proper Runtime installed? Version: 0.7.0.0
[2016.03.05-12.52.46:258][  0]LogHMD: SteamVR failed to initialize.  Err: 110
[2016.03.05-12.52.46:368][  0]LogAIModule: Creating AISystem for world NewWorld
[2016.03.05-12.52.46:372][  0]LogInit: XAudio2 using 'Lautsprecher (Realtek High Definition Audio)' : 2 channels at 48 kHz using 32 bits per sample (channel mask 0x3)
[2016.03.05-12.52.46:391][  0]LogInit: FAudioDevice initialized.
[2016.03.05-12.52.46:406][  0]LogDerivedDataCache: Saved boot cache 0.02s 41MB C:/Users/CaptainAmerica/AppData/Local/UnrealEngine/4.9/DerivedDataCache/Boot.ddc.
[2016.03.05-12.52.46:410][  0]LogInit: Texture streaming: Enabled
[2016.03.05-12.52.46:416][  0]LogAnalytics: Creating configured Analytics provider AnalyticsET
[2016.03.05-12.52.46:416][  0]LogAnalytics: [UEEditor.Rocket.Release] APIServer = http://et2.epicgames.com/ET2/. AppVersion = 4.9.2-2707645+++depot+UE4-Releases+4.9
[2016.03.05-12.52.46:416][  0]LogAnalytics: [UEEditor.Rocket.Release] SetUserId cf13bd144fda46388eb9608560661132|81f01d6b67df48cfa9231b1643757103|89657b24-a756-40fe-95bd-5a575f0e3948
[2016.03.05-12.52.46:416][  0]LogAnalytics: [UEEditor.Rocket.Release] AnalyticsET::StartSession
[2016.03.05-12.52.46:440][  0]LogInit: Transaction tracking system initialized
[2016.03.05-12.52.46:466][  0]BlueprintLog: New page: Editor Load
[2016.03.05-12.52.46:551][  0]LocalizationService: Info Localization service is disabled
[2016.03.05-12.52.46:622][  0]LogConsoleResponse:Display: 
[2016.03.05-12.52.46:719][  0]LogCook:Display: Done creating registry. It took  0.00s.
[2016.03.05-12.52.46:779][  0]LogFileCache: Scanning file cache for directory 'C:/Users/CaptainAmerica/Desktop/Uni/GE_Project/Content/' took 0.01s
[2016.03.05-12.52.46:779][  0]SourceControl: Info Source control is disabled
[2016.03.05-12.52.46:779][  0]Cmd: MAP LOAD FILE="../../../../../../Users/CaptainAmerica/Desktop/Uni/GE_Project/Content/StarterContent/Maps/Minimal_Default.umap" TEMPLATE=0 SHOWPROGRESS=1 FEATURELEVEL=3
[2016.03.05-12.52.46:779][  0]LightingResults: New page: Lighting Build
[2016.03.05-12.52.46:782][  0]MapCheck: New page: Map Check
[2016.03.05-12.52.46:782][  0]LightingResults: New page: Lighting Build
[2016.03.05-12.52.46:793][  0]LogParticles: Destroying 0 GPU particle simulations for FXSystem 0x00000182144A76A0
[2016.03.05-12.52.47:238][  0]LogAIModule: Creating AISystem for world Minimal_Default
[2016.03.05-12.52.47:244][  0]LogEditorServer: Finished looking for orphan Actors (0.000 secs)
[2016.03.05-12.52.47:245][  0]Cmd: MAP CHECKDEP NOCLEARLOG
[2016.03.05-12.52.47:300][  0]MapCheck: Info Map check complete: 0 Error(s), 0 Warning(s), took 55.386ms to complete.
[2016.03.05-12.52.47:300][  0]LogFileHelpers: Loading map 'Minimal_Default' took 0.522
[2016.03.05-12.52.47:432][  0]LogCollectionManager: Loaded 0 collections in 0.003511 seconds
[2016.03.05-12.52.47:479][  0]LogFileCache: Scanning file cache for directory 'C:/Users/CaptainAmerica/Desktop/Uni/GE_Project/Saved/Collections/' took 0.01s
[2016.03.05-12.52.47:479][  0]LogFileCache: Scanning file cache for directory 'C:/Users/CaptainAmerica/Desktop/Uni/GE_Project/Content/Developers/CaptainAmerica/Collections/' took 0.01s
[2016.03.05-12.52.47:479][  0]LogFileCache: Scanning file cache for directory 'C:/Users/CaptainAmerica/Desktop/Uni/GE_Project/Content/Collections/' took 0.01s
[2016.03.05-12.52.47:479][  0]LogContentBrowser: Native class hierarchy populated in 0.0137 seconds. Added 1873 classes and 335 folders.
[2016.03.05-12.52.47:485][  0]LogCollectionManager: Rebuilt the GUID cache for 0 collections in 0.000003 seconds
[2016.03.05-12.52.47:496][  0]LogContentBrowser: Native class hierarchy updated for 'WidgetCarousel' in 0.0016 seconds. Added 0 classes and 0 folders.
[2016.03.05-12.52.47:563][  0]LogContentBrowser: Native class hierarchy updated for 'AddContentDialog' in 0.0016 seconds. Added 0 classes and 0 folders.
[2016.03.05-12.52.47:567][  0]LogContentBrowser: Native class hierarchy updated for 'SceneOutliner' in 0.0010 seconds. Added 1 classes and 2 folders.
[2016.03.05-12.52.47:601][  0]LogCrashTracker: Crashtracker disabled due to settings.
[2016.03.05-12.52.47:605][  0]LogUObjectGlobals:Warning: Failed to find object 'Class None.'
[2016.03.05-12.52.47:626][  0]LogLoad: Full Startup: 6.50 seconds (BP compile: 0.05 seconds)
[2016.03.05-12.52.47:701][  0]LogContentStreaming: Texture pool size now 1000 MB
[2016.03.05-12.52.47:865][  1]LogRenderer: Reallocating scene render targets to support 804x332 (Frame:2).
[2016.03.05-12.52.48:071][  3]LogAssetRegistry: Asset discovery search completed in 2.2936 seconds
[2016.03.05-12.52.48:071][  3]LogCollectionManager: Rebuilt the object cache for 0 collections in 0.000001 seconds (found 0 objects)
[2016.03.05-12.52.48:071][  3]LogCollectionManager: Fixed up redirectors for 0 collections in 0.000041 seconds (updated 0 objects)
[2016.03.05-12.52.54:849][393]LogRenderer: Reallocating scene render targets to support 1208x576 (Frame:382).
[2016.03.05-12.53.00:513][724]LogBlueprint:Warning: [compiler Ue4ASP_Character] Warning Input Axis Event references unknown Axis 'LookUp' for  InputAxis LookUp 
[2016.03.05-12.53.00:513][724]LogBlueprint:Warning: [compiler Ue4ASP_Character] Warning Input Axis Event references unknown Axis 'Turn' for  InputAxis Turn 
[2016.03.05-12.53.00:513][724]LogBlueprint:Warning: [compiler Ue4ASP_Character] Warning Input Axis Event references unknown Axis 'MoveRight' for  InputAxis MoveRight 
[2016.03.05-12.53.00:513][724]LogBlueprint:Warning: [compiler Ue4ASP_Character] Warning Input Axis Event references unknown Axis 'MoveForward' for  InputAxis MoveForward 
[2016.03.05-12.53.00:515][724]LogBlueprint:Warning: [compiler Ue4ASP_Character] Warning [0019.39] Compile of Ue4ASP_Character successful, but with 4 Warning(s) [in 6 ms]
[2016.03.05-12.53.00:516][724]LogBlueprint:Warning: [compiler Ue4ASP_Character] Warning [0019.39] Compile of Ue4ASP_Character successful, but with 5 Warning(s) [in 0 ms]
[2016.03.05-12.53.00:516][724]LogBlueprint:Warning: [compiler Ue4ASP_Character] Warning [0019.39] Compile of Ue4ASP_Character successful, but with 6 Warning(s) [in 0 ms]
[2016.03.05-12.53.00:576][724]LogBlueprint:Warning: [compiler Ue4ASP_Character] Warning Input Axis Event references unknown Axis 'LookUp' for  InputAxis LookUp 
[2016.03.05-12.53.00:576][724]LogBlueprint:Warning: [compiler Ue4ASP_Character] Warning Input Axis Event references unknown Axis 'Turn' for  InputAxis Turn 
[2016.03.05-12.53.00:576][724]LogBlueprint:Warning: [compiler Ue4ASP_Character] Warning Input Axis Event references unknown Axis 'MoveRight' for  InputAxis MoveRight 
[2016.03.05-12.53.00:576][724]LogBlueprint:Warning: [compiler Ue4ASP_Character] Warning Input Axis Event references unknown Axis 'MoveForward' for  InputAxis MoveForward 
[2016.03.05-12.53.00:579][724]LogBlueprint:Warning: [compiler Ue4ASP_Character] Warning [0019.45] Compile of Ue4ASP_Character successful, but with 4 Warning(s) [in 6 ms]
[2016.03.05-12.53.00:579][724]LogBlueprint:Warning: [compiler Ue4ASP_Character] Warning [0019.45] Compile of Ue4ASP_Character successful, but with 5 Warning(s) [in 0 ms]
[2016.03.05-12.53.00:579][724]LogBlueprint:Warning: [compiler Ue4ASP_Character] Warning [0019.45] Compile of Ue4ASP_Character successful, but with 6 Warning(s) [in 0 ms]
[2016.03.05-12.53.00:989][724]LogAIModule: Creating AISystem for world MyFirstLevel
[2016.03.05-12.53.00:998][724]LogParticles:Warning: InitializeSystem called on an unregistered component. Template=/Game/Snow.Snow Component=/Game/MyFirstLevel.MyFirstLevel:PersistentLevel.Snow_2.ParticleSystemComponent0
[2016.03.05-12.53.01:035][724]Cmd: MAP LOAD FILE="../../../../../../Users/CaptainAmerica/Desktop/Uni/GE_Project/Content/MyFirstLevel.umap" TEMPLATE=0 SHOWPROGRESS=1 FEATURELEVEL=3
[2016.03.05-12.53.01:035][724]LightingResults: New page: Lighting Build
[2016.03.05-12.53.01:053][724]LoadErrors: New page: Loading map: MyFirstLevel.umap
[2016.03.05-12.53.01:053][724]MapCheck: New page: Map Check
[2016.03.05-12.53.01:053][724]LightingResults: New page: Lighting Build
[2016.03.05-12.53.01:063][724]LogParticles: Destroying 0 GPU particle simulations for FXSystem 0x0000018206C3B880
[2016.03.05-12.53.01:190][724]LogEditorServer: Finished looking for orphan Actors (0.000 secs)
[2016.03.05-12.53.01:242][724]Cmd: MAP CHECKDEP NOCLEARLOG
[2016.03.05-12.53.01:297][724]MapCheck: Info Map check complete: 0 Error(s), 0 Warning(s), took 54.383ms to complete.
[2016.03.05-12.53.01:297][724]LogFileHelpers: Loading map 'MyFirstLevel' took 0.263
[2016.03.05-12.53.01:327][725]Cmd: UpdateLandscapeEditorData -warnings
[2016.03.05-12.53.01:332][725]Cmd: UpdateLandscapeEditorData
[2016.03.05-12.56.11:948][494]LogEditorViewport: Clicking on Actor (LMB): BP_Sky_Sphere_C (BP_Sky_Sphere2)
[2016.03.05-13.00.55:895][261]LogEditorViewport: Clicking on Component (LMB): StaticMeshComponent (Sky Sphere mesh)
[2016.03.05-13.00.56:747][312]LogEditorViewport: Clicking on Component (LMB): StaticMeshComponent (Sky Sphere mesh)
[2016.03.05-13.01.14:486][825]LogEditorViewport: Clicking on Component (LMB): StaticMeshComponent (Sky Sphere mesh)
[2016.03.05-13.03.20:535][597]LogActorComponent: UnregisterComponent: (/Engine/Transient.CharMoveComp) Not registered. Aborting.
[2016.03.05-13.03.21:258][597]LogSavePackage: Save=670.838806ms
[2016.03.05-13.03.21:258][597]LogSavePackage: Moving '../../../../../../Users/CaptainAmerica/Desktop/Uni/GE_Project/Saved/MyFirstLevel_Auto1CFBAC297421069E77B2ED9B364E1A596.tmp' to '../../../../../../Users/CaptainAmerica/Desktop/Uni/GE_Project/Saved/Autosaves/Game/MyFirstLevel_Auto1.umap'
[2016.03.05-13.03.21:260][597]LogSavePackage: Total save time: 702.546451ms
[2016.03.05-13.03.21:260][597]LogSavePackage:Warning: Finished SavePackage ../../../../../../Users/CaptainAmerica/Desktop/Uni/GE_Project/Saved/Autosaves/Game/MyFirstLevel_Auto1.umap
[2016.03.05-13.03.21:264][597]LogFileHelpers: Editor autosave (incl. sublevels) for '/Game/MyFirstLevel' took 0.729
[2016.03.05-13.03.21:264][597]LogFileHelpers: Editor autosave (incl. sublevels) for all levels took 0.729
[2016.03.05-13.03.30:761][164]LogEditorViewport: Clicking on Actor (LMB): StaticMeshActor (cave2)
[2016.03.05-13.04.41:383][382]LogEditorViewport: Clicking on Actor (LMB): StaticMeshActor (cave2)
[2016.03.05-13.04.52:669][ 56]Cmd: TRANSACTION UNDO
[2016.03.05-13.04.52:669][ 56]LogEditorTransaction: Undo Edit Bounds Scale
[2016.03.05-13.04.52:939][ 70]Cmd: TRANSACTION UNDO
[2016.03.05-13.04.52:939][ 70]LogEditorTransaction: Undo Clicking on Actors
[2016.03.05-13.04.53:459][ 90]Cmd: TRANSACTION UNDO
[2016.03.05-13.04.53:459][ 90]LogEditorTransaction: Undo Move Actors
[2016.03.05-13.05.13:977][308]LogEditorViewport: Clicking on Actor (LMB): Landscape (Landscape5)
[2016.03.05-13.07.00:151][966]LogContentBrowser: Native class hierarchy updated for 'Cascade' in 0.0012 seconds. Added 2 classes and 2 folders.
[2016.03.05-13.08.55:719][593]LogActorComponent: UnregisterComponent: (/Engine/Transient.CharMoveComp) Not registered. Aborting.
[2016.03.05-13.08.55:719][593]LogActorComponent: UnregisterComponent: (/Engine/Transient.CharacterMovementComponent_0) Not registered. Aborting.
[2016.03.05-13.08.55:832][593]Cmd: OBJ SAVEPACKAGE PACKAGE="/Game/MyFirstLevel" FILE="../../../../../../Users/CaptainAmerica/Desktop/Uni/GE_Project/Content/MyFirstLevel.umap" SILENT=true AUTOSAVING=false KEEPDIRTY=false
[2016.03.05-13.08.56:498][593]LogSavePackage: Save=631.045410ms
[2016.03.05-13.08.56:498][593]LogSavePackage: Moving '../../../../../../Users/CaptainAmerica/Desktop/Uni/GE_Project/Saved/MyFirstLevel2C4A76FC4A9B20381DCEB786654DE06A.tmp' to '../../../../../../Users/CaptainAmerica/Desktop/Uni/GE_Project/Content/MyFirstLevel.umap'
[2016.03.05-13.08.56:503][593]LogSavePackage: Total save time: 658.787027ms
[2016.03.05-13.08.56:503][593]LogSavePackage:Warning: Finished SavePackage ../../../../../../Users/CaptainAmerica/Desktop/Uni/GE_Project/Content/MyFirstLevel.umap
[2016.03.05-13.08.56:558][593]LogFileHelpers: Saving map 'MyFirstLevel' took 0.788
[2016.03.05-13.08.56:596][593]Cmd: OBJ SAVEPACKAGE PACKAGE="/Game/StarterContent/Particles/P_Fire" FILE="../../../../../../Users/CaptainAmerica/Desktop/Uni/GE_Project/Content/StarterContent/Particles/P_Fire.uasset" SILENT=true
[2016.03.05-13.08.56:645][593]LogSavePackage: Save=33.559715ms
[2016.03.05-13.08.56:645][593]LogSavePackage: Moving '../../../../../../Users/CaptainAmerica/Desktop/Uni/GE_Project/Saved/P_Fire40A2A86646B22F791B4049A47A39F2FC.tmp' to '../../../../../../Users/CaptainAmerica/Desktop/Uni/GE_Project/Content/StarterContent/Particles/P_Fire.uasset'
[2016.03.05-13.08.56:648][593]LogSavePackage: Total save time: 51.614046ms
[2016.03.05-13.08.56:649][593]LogSavePackage:Warning: Finished SavePackage ../../../../../../Users/CaptainAmerica/Desktop/Uni/GE_Project/Content/StarterContent/Particles/P_Fire.uasset
[2016.03.05-13.09.56:903][306]Cmd: OBJ SAVEPACKAGE PACKAGE="/Game/StarterContent/Particles/P_Fire" FILE="../../../../../../Users/CaptainAmerica/Desktop/Uni/GE_Project/Content/StarterContent/Particles/P_Fire.uasset" SILENT=true
[2016.03.05-13.09.56:951][306]LogSavePackage: Save=34.409496ms
[2016.03.05-13.09.56:951][306]LogSavePackage: Moving '../../../../../../Users/CaptainAmerica/Desktop/Uni/GE_Project/Saved/P_Fire410D311149D00289A65F70A0321C15BD.tmp' to '../../../../../../Users/CaptainAmerica/Desktop/Uni/GE_Project/Content/StarterContent/Particles/P_Fire.uasset'
[2016.03.05-13.09.56:954][306]LogSavePackage: Total save time: 49.537204ms
[2016.03.05-13.09.56:954][306]LogSavePackage:Warning: Finished SavePackage ../../../../../../Users/CaptainAmerica/Desktop/Uni/GE_Project/Content/StarterContent/Particles/P_Fire.uasset
[2016.03.05-13.10.07:236][485]Cmd: DELETE
[2016.03.05-13.10.07:236][485]Cmd: ACTOR DELETE
[2016.03.05-13.10.07:237][485]LogEditorActor: Deleted Actor: Emitter
[2016.03.05-13.10.07:250][485]LogEditorActor: Deleted 1 Actors (0.015 secs)
[2016.03.05-13.11.33:653][512]LogPlayLevel: PlayLevel: No blueprints needed recompiling
[2016.03.05-13.11.33:654][512]PIE: New page: PIE session: MyFirstLevel (Mar 5, 2016, 3:11:33 PM)
[2016.03.05-13.11.33:654][512]LogPlayLevel: Creating play world package: /Game/UEDPIE_0_MyFirstLevel
[2016.03.05-13.11.33:688][512]LogPlayLevel: PIE: StaticDuplicateObject took: (0.034127s)
[2016.03.05-13.11.33:689][512]LogAIModule: Creating AISystem for world MyFirstLevel
[2016.03.05-13.11.33:689][512]LogPlayLevel: PIE: World Init took: (0.000788s)
[2016.03.05-13.11.33:689][512]LogPlayLevel: PIE: Created PIE world by copying editor world from /Game/MyFirstLevel.MyFirstLevel to /Game/UEDPIE_0_MyFirstLevel.MyFirstLevel (0.035223s)
[2016.03.05-13.11.33:689][512]LogActorComponent: UnregisterComponent: (/Engine/Transient.CharMoveComp) Not registered. Aborting.
[2016.03.05-13.11.33:706][512]LogInit: XAudio2 using 'Lautsprecher (Realtek High Definition Audio)' : 2 channels at 48 kHz using 32 bits per sample (channel mask 0x3)
[2016.03.05-13.11.33:713][512]LogInit: FAudioDevice initialized.
[2016.03.05-13.11.33:767][512]LogLinker:Warning: Can't find file '/Script/Kinect4Unreal'
[2016.03.05-13.11.33:767][512]LogLinker:Warning: Can't find file for asset '/Script/Kinect4Unreal' while loading ../../../../../../Users/CaptainAmerica/Desktop/Uni/GE_Project/Content/BP_Avatar.uasset.
[2016.03.05-13.11.33:767][512]LoadErrors:Error: Error /Game/BP_Avatar : Can't find file for asset. /Script/Kinect4Unreal
[2016.03.05-13.11.33:767][512]LogLinker:Warning: Can't find file '/Script/Kinect4Unreal'
[2016.03.05-13.11.33:767][512]LogLinker:Warning: Can't find file for asset '/Script/Kinect4Unreal' while loading ../../../../../../Users/CaptainAmerica/Desktop/Uni/GE_Project/Content/BP_Avatar.uasset.
[2016.03.05-13.11.33:767][512]LogLinker:Warning: Can't find file '/Script/Kinect4Unreal'
[2016.03.05-13.11.33:767][512]LogLinker:Warning: Can't find file for asset '/Script/Kinect4Unreal' while loading ../../../../../../Users/CaptainAmerica/Desktop/Uni/GE_Project/Content/BP_Avatar.uasset.
[2016.03.05-13.11.33:768][512]LogLinker:Warning: Can't find file '/Script/Kinect4Unreal'
[2016.03.05-13.11.33:768][512]LogLinker:Warning: Can't find file for asset '/Script/Kinect4Unreal' while loading ../../../../../../Users/CaptainAmerica/Desktop/Uni/GE_Project/Content/BP_Avatar.uasset.
[2016.03.05-13.11.33:768][512]LogLinker:Warning: Can't find file '/Script/Kinect4Unreal'
[2016.03.05-13.11.33:768][512]LogLinker:Warning: Can't find file for asset '/Script/Kinect4Unreal' while loading ../../../../../../Users/CaptainAmerica/Desktop/Uni/GE_Project/Content/BP_Avatar.uasset.
[2016.03.05-13.11.33:768][512]LogLinker:Warning: Can't find file '/Script/Kinect4Unreal'
[2016.03.05-13.11.33:768][512]LogLinker:Warning: Can't find file for asset '/Script/Kinect4Unreal' while loading ../../../../../../Users/CaptainAmerica/Desktop/Uni/GE_Project/Content/BP_Avatar.uasset.
[2016.03.05-13.11.33:768][512]LogLinker:Warning: Can't find file '/Script/Kinect4Unreal'
[2016.03.05-13.11.33:768][512]LogLinker:Warning: Can't find file for asset '/Script/Kinect4Unreal' while loading ../../../../../../Users/CaptainAmerica/Desktop/Uni/GE_Project/Content/BP_Avatar.uasset.
[2016.03.05-13.11.33:768][512]LogLinker:Warning: Can't find file '/Script/Kinect4Unreal'
[2016.03.05-13.11.33:768][512]LogLinker:Warning: Can't find file for asset '/Script/Kinect4Unreal' while loading ../../../../../../Users/CaptainAmerica/Desktop/Uni/GE_Project/Content/BP_Avatar.uasset.
[2016.03.05-13.11.33:769][512]LogLinker:Warning: Can't find file '/Script/Kinect4Unreal'
[2016.03.05-13.11.33:769][512]LoadErrors: Info Failed to load /Script/Kinect4Unreal.EBodyNumber Referenced by CallFunc_GetCenteredBody_CenteredBody
[2016.03.05-13.11.33:769][512]LogLinker:Warning: Can't find file for asset '/Script/Kinect4Unreal' while loading ../../../../../../Users/CaptainAmerica/Desktop/Uni/GE_Project/Content/Blueprints/BP_TheBeginningGameMode.uasset.
[2016.03.05-13.11.33:769][512]LoadErrors:Error: Error /Game/Blueprints/BP_TheBeginningGameMode : Can't find file for asset. /Script/Kinect4Unreal
[2016.03.05-13.11.33:770][512]LogLinker:Warning: Can't find file '/Script/Kinect4Unreal'
[2016.03.05-13.11.33:770][512]LoadErrors: Info Failed to load /Script/Kinect4Unreal.EBodyNumber Referenced by CallFunc_GetCenteredBody_CenteredBody2
[2016.03.05-13.11.33:770][512]LogLinker:Warning: Can't find file for asset '/Script/Kinect4Unreal' while loading ../../../../../../Users/CaptainAmerica/Desktop/Uni/GE_Project/Content/Blueprints/BP_TheBeginningGameMode.uasset.
[2016.03.05-13.11.33:770][512]LogLinker:Warning: Can't find file '/Script/Kinect4Unreal'
[2016.03.05-13.11.33:770][512]LoadErrors: Info Failed to load /Script/Kinect4Unreal.EBodyNumber Referenced by CentredBody
[2016.03.05-13.11.33:770][512]LogLinker:Warning: Can't find file for asset '/Script/Kinect4Unreal' while loading ../../../../../../Users/CaptainAmerica/Desktop/Uni/GE_Project/Content/Blueprints/BP_TheBeginningGameMode.uasset.
[2016.03.05-13.11.33:770][512]LogLinker:Warning: Can't find file '/Script/Kinect4Unreal'
[2016.03.05-13.11.33:770][512]LogLinker:Warning: Can't find file for asset '/Script/Kinect4Unreal' while loading ../../../../../../Users/CaptainAmerica/Desktop/Uni/GE_Project/Content/Blueprints/BP_TheBeginningGameMode.uasset.
[2016.03.05-13.11.33:770][512]LogLinker:Warning: Can't find file '/Script/Kinect4Unreal'
[2016.03.05-13.11.33:770][512]LogLinker:Warning: Can't find file for asset '/Script/Kinect4Unreal' while loading ../../../../../../Users/CaptainAmerica/Desktop/Uni/GE_Project/Content/Blueprints/BP_TheBeginningGameMode.uasset.
[2016.03.05-13.11.33:771][512]LogLinker:Warning: Can't find file '/Script/Kinect4Unreal'
[2016.03.05-13.11.33:771][512]LogLinker:Warning: Can't find file for asset '/Script/Kinect4Unreal' while loading ../../../../../../Users/CaptainAmerica/Desktop/Uni/GE_Project/Content/Blueprints/BP_TheBeginningGameMode.uasset.
[2016.03.05-13.11.33:771][512]LogLinker:Warning: Can't find file '/Script/Kinect4Unreal'
[2016.03.05-13.11.33:771][512]LogLinker:Warning: Can't find file for asset '/Script/Kinect4Unreal' while loading ../../../../../../Users/CaptainAmerica/Desktop/Uni/GE_Project/Content/Blueprints/BP_TheBeginningGameMode.uasset.
[2016.03.05-13.11.33:771][512]LogLinker:Warning: Can't find file '/Script/Kinect4Unreal'
[2016.03.05-13.11.33:771][512]LogLinker:Warning: Can't find file for asset '/Script/Kinect4Unreal' while loading ../../../../../../Users/CaptainAmerica/Desktop/Uni/GE_Project/Content/Blueprints/BP_TheBeginningGameMode.uasset.
[2016.03.05-13.11.33:771][512]LogLinker:Warning: Can't find file '/Script/Kinect4Unreal'
[2016.03.05-13.11.33:771][512]LogLinker:Warning: Can't find file for asset '/Script/Kinect4Unreal' while loading ../../../../../../Users/CaptainAmerica/Desktop/Uni/GE_Project/Content/Blueprints/BP_TheBeginningGameMode.uasset.
[2016.03.05-13.11.33:771][512]LogLinker:Warning: Can't find file '/Script/Kinect4Unreal'
[2016.03.05-13.11.33:771][512]LogLinker:Warning: Can't find file for asset '/Script/Kinect4Unreal' while loading ../../../../../../Users/CaptainAmerica/Desktop/Uni/GE_Project/Content/Blueprints/BP_TheBeginningGameMode.uasset.
[2016.03.05-13.11.33:771][512]LogLinker:Warning: Can't find file '/Script/Kinect4Unreal'
[2016.03.05-13.11.33:771][512]LogLinker:Warning: Can't find file for asset '/Script/Kinect4Unreal' while loading ../../../../../../Users/CaptainAmerica/Desktop/Uni/GE_Project/Content/Blueprints/BP_TheBeginningGameMode.uasset.
[2016.03.05-13.11.33:771][512]LogLinker:Warning: Can't find file '/Script/Kinect4Unreal'
[2016.03.05-13.11.33:771][512]LogLinker:Warning: Can't find file for asset '/Script/Kinect4Unreal' while loading ../../../../../../Users/CaptainAmerica/Desktop/Uni/GE_Project/Content/Blueprints/BP_TheBeginningGameMode.uasset.
[2016.03.05-13.11.33:772][512]LogLinker:Warning: Can't find file '/Script/Kinect4Unreal'
[2016.03.05-13.11.33:772][512]LoadErrors: Info Failed to load /Script/Kinect4Unreal.EBodyNumber Referenced by BP_Avatar
[2016.03.05-13.11.33:772][512]LogLinker:Warning: Can't find file for asset '/Script/Kinect4Unreal' while loading ../../../../../../Users/CaptainAmerica/Desktop/Uni/GE_Project/Content/Blueprints/BP_TheBeginningGameMode.uasset.
[2016.03.05-13.11.33:774][512]LogLinker:Warning: Can't find file '/Script/Kinect4Unreal'
[2016.03.05-13.11.33:774][512]LoadErrors: Info Failed to load /Script/Kinect4Unreal.KinectInterfaceComponent Referenced by K2Node_CallFunction_2965
[2016.03.05-13.11.33:774][512]LogLinker:Warning: Can't find file for asset '/Script/Kinect4Unreal' while loading ../../../../../../Users/CaptainAmerica/Desktop/Uni/GE_Project/Content/Blueprints/BP_TheBeginningGameMode.uasset.
[2016.03.05-13.11.33:775][512]LogLinker:Warning: Can't find file '/Script/Kinect4Unreal'
[2016.03.05-13.11.33:775][512]LoadErrors: Info Failed to load /Script/Kinect4Unreal.KinectInterfaceComponent Referenced by EdGraphPin_7224
[2016.03.05-13.11.33:775][512]LogLinker:Warning: Can't find file for asset '/Script/Kinect4Unreal' while loading ../../../../../../Users/CaptainAmerica/Desktop/Uni/GE_Project/Content/Blueprints/BP_TheBeginningGameMode.uasset.
[2016.03.05-13.11.33:775][512]LogLinker:Warning: Can't find file '/Script/Kinect4Unreal'
[2016.03.05-13.11.33:775][512]LoadErrors: Info Failed to load /Script/Kinect4Unreal.EBodyNumber Referenced by EdGraphPin_7225
[2016.03.05-13.11.33:775][512]LogLinker:Warning: Can't find file for asset '/Script/Kinect4Unreal' while loading ../../../../../../Users/CaptainAmerica/Desktop/Uni/GE_Project/Content/Blueprints/BP_TheBeginningGameMode.uasset.
[2016.03.05-13.11.33:775][512]LogLinker:Warning: Can't find file '/Script/Kinect4Unreal'
[2016.03.05-13.11.33:775][512]LoadErrors: Info Failed to load /Script/Kinect4Unreal.KinectInterfaceComponent Referenced by EdGraphPin_6867
[2016.03.05-13.11.33:775][512]LogLinker:Warning: Can't find file for asset '/Script/Kinect4Unreal' while loading ../../../../../../Users/CaptainAmerica/Desktop/Uni/GE_Project/Content/Blueprints/BP_TheBeginningGameMode.uasset.
[2016.03.05-13.11.33:775][512]LogLinker:Warning: Can't find file '/Script/Kinect4Unreal'
[2016.03.05-13.11.33:775][512]LoadErrors: Info Failed to load /Script/Kinect4Unreal.KinectInterfaceComponent Referenced by K2Node_CallFunction_2682
[2016.03.05-13.11.33:776][512]LogLinker:Warning: Can't find file for asset '/Script/Kinect4Unreal' while loading ../../../../../../Users/CaptainAmerica/Desktop/Uni/GE_Project/Content/Blueprints/BP_TheBeginningGameMode.uasset.
[2016.03.05-13.11.33:776][512]LogLinker:Warning: Can't find file '/Script/Kinect4Unreal'
[2016.03.05-13.11.33:776][512]LoadErrors: Info Failed to load /Script/Kinect4Unreal.KinectInterfaceComponent Referenced by EdGraphPin_7243
[2016.03.05-13.11.33:776][512]LogLinker:Warning: Can't find file for asset '/Script/Kinect4Unreal' while loading ../../../../../../Users/CaptainAmerica/Desktop/Uni/GE_Project/Content/Blueprints/BP_TheBeginningGameMode.uasset.
[2016.03.05-13.11.33:776][512]LogLinker:Warning: Can't find file '/Script/Kinect4Unreal'
[2016.03.05-13.11.33:776][512]LoadErrors: Info Failed to load /Script/Kinect4Unreal.EHands Referenced by EdGraphPin_7244
[2016.03.05-13.11.33:776][512]LogLinker:Warning: Can't find file for asset '/Script/Kinect4Unreal' while loading ../../../../../../Users/CaptainAmerica/Desktop/Uni/GE_Project/Content/Blueprints/BP_TheBeginningGameMode.uasset.
[2016.03.05-13.11.33:776][512]LogLinker:Warning: Can't find file '/Script/Kinect4Unreal'
[2016.03.05-13.11.33:776][512]LoadErrors: Info Failed to load /Script/Kinect4Unreal.EBodyNumber Referenced by EdGraphPin_7245
[2016.03.05-13.11.33:776][512]LogLinker:Warning: Can't find file for asset '/Script/Kinect4Unreal' while loading ../../../../../../Users/CaptainAmerica/Desktop/Uni/GE_Project/Content/Blueprints/BP_TheBeginningGameMode.uasset.
[2016.03.05-13.11.33:777][512]LogLinker:Warning: Can't find file '/Script/Kinect4Unreal'
[2016.03.05-13.11.33:777][512]LoadErrors: Info Failed to load /Script/Kinect4Unreal.EHandState Referenced by EdGraphPin_7246
[2016.03.05-13.11.33:777][512]LogLinker:Warning: Can't find file for asset '/Script/Kinect4Unreal' while loading ../../../../../../Users/CaptainAmerica/Desktop/Uni/GE_Project/Content/Blueprints/BP_TheBeginningGameMode.uasset.
[2016.03.05-13.11.33:777][512]LogLinker:Warning: Can't find file '/Script/Kinect4Unreal'
[2016.03.05-13.11.33:777][512]LoadErrors: Info Failed to load /Script/Kinect4Unreal.KinectInterfaceComponent Referenced by EdGraphPin_6963
[2016.03.05-13.11.33:777][512]LogLinker:Warning: Can't find file for asset '/Script/Kinect4Unreal' while loading ../../../../../../Users/CaptainAmerica/Desktop/Uni/GE_Project/Content/Blueprints/BP_TheBeginningGameMode.uasset.
[2016.03.05-13.11.33:778][512]LogLinker:Warning: Can't find file '/Script/Kinect4Unreal'
[2016.03.05-13.11.33:779][512]LoadErrors: Info Failed to load /Script/Kinect4Unreal.KinectInterfaceComponent Referenced by K2Node_CallFunction_2550
[2016.03.05-13.11.33:779][512]LogLinker:Warning: Can't find file for asset '/Script/Kinect4Unreal' while loading ../../../../../../Users/CaptainAmerica/Desktop/Uni/GE_Project/Content/Blueprints/BP_TheBeginningGameMode.uasset.
[2016.03.05-13.11.33:779][512]LogLinker:Warning: Can't find file '/Script/Kinect4Unreal'
[2016.03.05-13.11.33:779][512]LoadErrors: Info Failed to load /Script/Kinect4Unreal.KinectInterfaceComponent Referenced by EdGraphPin_7357
[2016.03.05-13.11.33:779][512]LogLinker:Warning: Can't find file for asset '/Script/Kinect4Unreal' while loading ../../../../../../Users/CaptainAmerica/Desktop/Uni/GE_Project/Content/Blueprints/BP_TheBeginningGameMode.uasset.
[2016.03.05-13.11.33:779][512]LogLinker:Warning: Can't find file '/Script/Kinect4Unreal'
[2016.03.05-13.11.33:779][512]LoadErrors: Info Failed to load /Script/Kinect4Unreal.EHands Referenced by EdGraphPin_7358
[2016.03.05-13.11.33:779][512]LogLinker:Warning: Can't find file for asset '/Script/Kinect4Unreal' while loading ../../../../../../Users/CaptainAmerica/Desktop/Uni/GE_Project/Content/Blueprints/BP_TheBeginningGameMode.uasset.
[2016.03.05-13.11.33:779][512]LogLinker:Warning: Can't find file '/Script/Kinect4Unreal'
[2016.03.05-13.11.33:780][512]LoadErrors: Info Failed to load /Script/Kinect4Unreal.EBodyNumber Referenced by EdGraphPin_7359
[2016.03.05-13.11.33:780][512]LogLinker:Warning: Can't find file for asset '/Script/Kinect4Unreal' while loading ../../../../../../Users/CaptainAmerica/Desktop/Uni/GE_Project/Content/Blueprints/BP_TheBeginningGameMode.uasset.
[2016.03.05-13.11.33:780][512]LogLinker:Warning: Can't find file '/Script/Kinect4Unreal'
[2016.03.05-13.11.33:780][512]LoadErrors: Info Failed to load /Script/Kinect4Unreal.EHandState Referenced by EdGraphPin_7360
[2016.03.05-13.11.33:780][512]LogLinker:Warning: Can't find file for asset '/Script/Kinect4Unreal' while loading ../../../../../../Users/CaptainAmerica/Desktop/Uni/GE_Project/Content/Blueprints/BP_TheBeginningGameMode.uasset.
[2016.03.05-13.11.33:780][512]LogLinker:Warning: Can't find file '/Script/Kinect4Unreal'
[2016.03.05-13.11.33:780][512]LoadErrors: Info Failed to load /Script/Kinect4Unreal.KinectInterfaceComponent Referenced by EdGraphPin_7011
[2016.03.05-13.11.33:780][512]LogLinker:Warning: Can't find file for asset '/Script/Kinect4Unreal' while loading ../../../../../../Users/CaptainAmerica/Desktop/Uni/GE_Project/Content/Blueprints/BP_TheBeginningGameMode.uasset.
[2016.03.05-13.11.33:781][512]LogLinker:Warning: Can't find file '/Script/Kinect4Unreal'
[2016.03.05-13.11.33:781][512]LoadErrors: Info Failed to load /Script/Kinect4Unreal.EBodyNumber Referenced by EdGraphPin_7055
[2016.03.05-13.11.33:781][512]LogLinker:Warning: Can't find file for asset '/Script/Kinect4Unreal' while loading ../../../../../../Users/CaptainAmerica/Desktop/Uni/GE_Project/Content/Blueprints/BP_TheBeginningGameMode.uasset.
[2016.03.05-13.11.33:781][512]LogLinker:Warning: Can't find file '/Script/Kinect4Unreal'
[2016.03.05-13.11.33:781][512]LoadErrors: Info Failed to load /Script/Kinect4Unreal.EBodyNumber Referenced by EdGraphPin_7056
[2016.03.05-13.11.33:781][512]LogLinker:Warning: Can't find file for asset '/Script/Kinect4Unreal' while loading ../../../../../../Users/CaptainAmerica/Desktop/Uni/GE_Project/Content/Blueprints/BP_TheBeginningGameMode.uasset.
[2016.03.05-13.11.33:781][512]LogLinker:Warning: Can't find file '/Script/Kinect4Unreal'
[2016.03.05-13.11.33:782][512]LoadErrors: Info Failed to load /Script/Kinect4Unreal.KinectInterfaceComponent Referenced by EdGraphPin_7068
[2016.03.05-13.11.33:782][512]LogLinker:Warning: Can't find file for asset '/Script/Kinect4Unreal' while loading ../../../../../../Users/CaptainAmerica/Desktop/Uni/GE_Project/Content/Blueprints/BP_TheBeginningGameMode.uasset.
[2016.03.05-13.11.33:782][512]LogLinker:Warning: Can't find file '/Script/Kinect4Unreal'
[2016.03.05-13.11.33:782][512]LoadErrors: Info Failed to load /Script/Kinect4Unreal.KinectInterfaceComponent Referenced by K2Node_CallFunction_3277
[2016.03.05-13.11.33:782][512]LogLinker:Warning: Can't find file for asset '/Script/Kinect4Unreal' while loading ../../../../../../Users/CaptainAmerica/Desktop/Uni/GE_Project/Content/Blueprints/BP_TheBeginningGameMode.uasset.
[2016.03.05-13.11.33:782][512]LogLinker:Warning: Can't find file '/Script/Kinect4Unreal'
[2016.03.05-13.11.33:782][512]LoadErrors: Info Failed to load /Script/Kinect4Unreal.KinectInterfaceComponent Referenced by EdGraphPin_7401
[2016.03.05-13.11.33:782][512]LogLinker:Warning: Can't find file for asset '/Script/Kinect4Unreal' while loading ../../../../../../Users/CaptainAmerica/Desktop/Uni/GE_Project/Content/Blueprints/BP_TheBeginningGameMode.uasset.
[2016.03.05-13.11.33:782][512]LogLinker:Warning: Can't find file '/Script/Kinect4Unreal'
[2016.03.05-13.11.33:782][512]LoadErrors: Info Failed to load /Script/Kinect4Unreal.EBodyNumber Referenced by EdGraphPin_7402
[2016.03.05-13.11.33:782][512]LogLinker:Warning: Can't find file for asset '/Script/Kinect4Unreal' while loading ../../../../../../Users/CaptainAmerica/Desktop/Uni/GE_Project/Content/Blueprints/BP_TheBeginningGameMode.uasset.
[2016.03.05-13.11.33:783][512]LogLinker:Warning: Can't find file '/Script/Kinect4Unreal'
[2016.03.05-13.11.33:783][512]LoadErrors: Info Failed to load /Script/Kinect4Unreal.KinectInterfaceComponent Referenced by K2Node_CallFunction_3567
[2016.03.05-13.11.33:783][512]LogLinker:Warning: Can't find file for asset '/Script/Kinect4Unreal' while loading ../../../../../../Users/CaptainAmerica/Desktop/Uni/GE_Project/Content/Blueprints/BP_TheBeginningGameMode.uasset.
[2016.03.05-13.11.33:783][512]LogLinker:Warning: Can't find file '/Script/Kinect4Unreal'
[2016.03.05-13.11.33:783][512]LoadErrors: Info Failed to load /Script/Kinect4Unreal.KinectInterfaceComponent Referenced by EdGraphPin_7443
[2016.03.05-13.11.33:783][512]LogLinker:Warning: Can't find file for asset '/Script/Kinect4Unreal' while loading ../../../../../../Users/CaptainAmerica/Desktop/Uni/GE_Project/Content/Blueprints/BP_TheBeginningGameMode.uasset.
[2016.03.05-13.11.33:783][512]LogLinker:Warning: Can't find file '/Script/Kinect4Unreal'
[2016.03.05-13.11.33:783][512]LoadErrors: Info Failed to load /Script/Kinect4Unreal.EBodyNumber Referenced by EdGraphPin_7444
[2016.03.05-13.11.33:783][512]LogLinker:Warning: Can't find file for asset '/Script/Kinect4Unreal' while loading ../../../../../../Users/CaptainAmerica/Desktop/Uni/GE_Project/Content/Blueprints/BP_TheBeginningGameMode.uasset.
[2016.03.05-13.11.33:784][512]LogLinker:Warning: Can't find file '/Script/Kinect4Unreal'
[2016.03.05-13.11.33:784][512]LoadErrors: Info Failed to load /Script/Kinect4Unreal.KinectInterfaceComponent Referenced by EdGraphPin_7131
[2016.03.05-13.11.33:784][512]LogLinker:Warning: Can't find file for asset '/Script/Kinect4Unreal' while loading ../../../../../../Users/CaptainAmerica/Desktop/Uni/GE_Project/Content/Blueprints/BP_TheBeginningGameMode.uasset.
[2016.03.05-13.11.33:784][512]LogLinker:Warning: Can't find file '/Script/Kinect4Unreal'
[2016.03.05-13.11.33:784][512]LoadErrors: Info Failed to load /Script/Kinect4Unreal.KinectInterfaceComponent Referenced by K2Node_CallFunction_2904
[2016.03.05-13.11.33:784][512]LogLinker:Warning: Can't find file for asset '/Script/Kinect4Unreal' while loading ../../../../../../Users/CaptainAmerica/Desktop/Uni/GE_Project/Content/Blueprints/BP_TheBeginningGameMode.uasset.
[2016.03.05-13.11.33:784][512]LogLinker:Warning: Can't find file '/Script/Kinect4Unreal'
[2016.03.05-13.11.33:785][512]LoadErrors: Info Failed to load /Script/Kinect4Unreal.KinectInterfaceComponent Referenced by EdGraphPin_27483
[2016.03.05-13.11.33:785][512]LogLinker:Warning: Can't find file for asset '/Script/Kinect4Unreal' while loading ../../../../../../Users/CaptainAmerica/Desktop/Uni/GE_Project/Content/Blueprints/BP_TheBeginningGameMode.uasset.
[2016.03.05-13.11.33:785][512]LogLinker:Warning: Can't find file '/Script/Kinect4Unreal'
[2016.03.05-13.11.33:785][512]LoadErrors: Info Failed to load /Script/Kinect4Unreal.EKinectJoints Referenced by EdGraphPin_27484
[2016.03.05-13.11.33:785][512]LogLinker:Warning: Can't find file for asset '/Script/Kinect4Unreal' while loading ../../../../../../Users/CaptainAmerica/Desktop/Uni/GE_Project/Content/Blueprints/BP_TheBeginningGameMode.uasset.
[2016.03.05-13.11.33:785][512]LogLinker:Warning: Can't find file '/Script/Kinect4Unreal'
[2016.03.05-13.11.33:785][512]LoadErrors: Info Failed to load /Script/Kinect4Unreal.EKinectJoints Referenced by EdGraphPin_27485
[2016.03.05-13.11.33:785][512]LogLinker:Warning: Can't find file for asset '/Script/Kinect4Unreal' while loading ../../../../../../Users/CaptainAmerica/Desktop/Uni/GE_Project/Content/Blueprints/BP_TheBeginningGameMode.uasset.
[2016.03.05-13.11.33:785][512]LogLinker:Warning: Can't find file '/Script/Kinect4Unreal'
[2016.03.05-13.11.33:786][512]LoadErrors: Info Failed to load /Script/Kinect4Unreal.EBodyNumber Referenced by EdGraphPin_27486
[2016.03.05-13.11.33:786][512]LogLinker:Warning: Can't find file for asset '/Script/Kinect4Unreal' while loading ../../../../../../Users/CaptainAmerica/Desktop/Uni/GE_Project/Content/Blueprints/BP_TheBeginningGameMode.uasset.
[2016.03.05-13.11.33:786][512]LogLinker:Warning: Can't find file '/Script/Kinect4Unreal'
[2016.03.05-13.11.33:786][512]LoadErrors: Info Failed to load /Script/Kinect4Unreal.KinectInterfaceComponent Referenced by EdGraphPin_27488
[2016.03.05-13.11.33:786][512]LogLinker:Warning: Can't find file for asset '/Script/Kinect4Unreal' while loading ../../../../../../Users/CaptainAmerica/Desktop/Uni/GE_Project/Content/Blueprints/BP_TheBeginningGameMode.uasset.
[2016.03.05-13.11.33:787][512]LogLinker:Warning: Can't find file '/Script/Kinect4Unreal'
[2016.03.05-13.11.33:787][512]LoadErrors: Info Failed to load /Script/Kinect4Unreal.KinectInterfaceComponent Referenced by K2Node_CallFunction_4457
[2016.03.05-13.11.33:787][512]LogLinker:Warning: Can't find file for asset '/Script/Kinect4Unreal' while loading ../../../../../../Users/CaptainAmerica/Desktop/Uni/GE_Project/Content/Blueprints/BP_TheBeginningGameMode.uasset.
[2016.03.05-13.11.33:788][512]LogLinker:Warning: Can't find file '/Script/Kinect4Unreal'
[2016.03.05-13.11.33:788][512]LoadErrors: Info Failed to load /Script/Kinect4Unreal.KinectInterfaceComponent Referenced by EdGraphPin_29636
[2016.03.05-13.11.33:788][512]LogLinker:Warning: Can't find file for asset '/Script/Kinect4Unreal' while loading ../../../../../../Users/CaptainAmerica/Desktop/Uni/GE_Project/Content/Blueprints/BP_TheBeginningGameMode.uasset.
[2016.03.05-13.11.33:788][512]LogLinker:Warning: Can't find file '/Script/Kinect4Unreal'
[2016.03.05-13.11.33:788][512]LoadErrors: Info Failed to load /Script/Kinect4Unreal.EKinectJoints Referenced by EdGraphPin_29637
[2016.03.05-13.11.33:788][512]LogLinker:Warning: Can't find file for asset '/Script/Kinect4Unreal' while loading ../../../../../../Users/CaptainAmerica/Desktop/Uni/GE_Project/Content/Blueprints/BP_TheBeginningGameMode.uasset.
[2016.03.05-13.11.33:788][512]LogLinker:Warning: Can't find file '/Script/Kinect4Unreal'
[2016.03.05-13.11.33:788][512]LoadErrors: Info Failed to load /Script/Kinect4Unreal.EKinectJoints Referenced by EdGraphPin_29638
[2016.03.05-13.11.33:788][512]LogLinker:Warning: Can't find file for asset '/Script/Kinect4Unreal' while loading ../../../../../../Users/CaptainAmerica/Desktop/Uni/GE_Project/Content/Blueprints/BP_TheBeginningGameMode.uasset.
[2016.03.05-13.11.33:789][512]LogLinker:Warning: Can't find file '/Script/Kinect4Unreal'
[2016.03.05-13.11.33:789][512]LoadErrors: Info Failed to load /Script/Kinect4Unreal.EBodyNumber Referenced by EdGraphPin_29639
[2016.03.05-13.11.33:789][512]LogLinker:Warning: Can't find file for asset '/Script/Kinect4Unreal' while loading ../../../../../../Users/CaptainAmerica/Desktop/Uni/GE_Project/Content/Blueprints/BP_TheBeginningGameMode.uasset.
[2016.03.05-13.11.33:789][512]LogLinker:Warning: Can't find file '/Script/Kinect4Unreal'
[2016.03.05-13.11.33:789][512]LoadErrors: Info Failed to load /Script/Kinect4Unreal.KinectInterfaceComponent Referenced by EdGraphPin_29641
[2016.03.05-13.11.33:789][512]LogLinker:Warning: Can't find file for asset '/Script/Kinect4Unreal' while loading ../../../../../../Users/CaptainAmerica/Desktop/Uni/GE_Project/Content/Blueprints/BP_TheBeginningGameMode.uasset.
[2016.03.05-13.11.33:790][512]LogLinker:Warning: Can't find file '/Script/Kinect4Unreal'
[2016.03.05-13.11.33:790][512]LoadErrors: Info Failed to load /Script/Kinect4Unreal.KinectInterfaceComponent Referenced by K2Node_CallFunction_5290
[2016.03.05-13.11.33:790][512]LogLinker:Warning: Can't find file for asset '/Script/Kinect4Unreal' while loading ../../../../../../Users/CaptainAmerica/Desktop/Uni/GE_Project/Content/Blueprints/BP_TheBeginningGameMode.uasset.
[2016.03.05-13.11.33:791][512]LogLinker:Warning: Can't find file '/Script/Kinect4Unreal'
[2016.03.05-13.11.33:791][512]LoadErrors: Info Failed to load /Script/Kinect4Unreal.KinectInterfaceComponent Referenced by EdGraphPin_31041
[2016.03.05-13.11.33:791][512]LogLinker:Warning: Can't find file for asset '/Script/Kinect4Unreal' while loading ../../../../../../Users/CaptainAmerica/Desktop/Uni/GE_Project/Content/Blueprints/BP_TheBeginningGameMode.uasset.
[2016.03.05-13.11.33:791][512]LogLinker:Warning: Can't find file '/Script/Kinect4Unreal'
[2016.03.05-13.11.33:791][512]LoadErrors: Info Failed to load /Script/Kinect4Unreal.EKinectJoints Referenced by EdGraphPin_31042
[2016.03.05-13.11.33:791][512]LogLinker:Warning: Can't find file for asset '/Script/Kinect4Unreal' while loading ../../../../../../Users/CaptainAmerica/Desktop/Uni/GE_Project/Content/Blueprints/BP_TheBeginningGameMode.uasset.
[2016.03.05-13.11.33:791][512]LogLinker:Warning: Can't find file '/Script/Kinect4Unreal'
[2016.03.05-13.11.33:791][512]LoadErrors: Info Failed to load /Script/Kinect4Unreal.EBodyNumber Referenced by EdGraphPin_31043
[2016.03.05-13.11.33:792][512]LogLinker:Warning: Can't find file for asset '/Script/Kinect4Unreal' while loading ../../../../../../Users/CaptainAmerica/Desktop/Uni/GE_Project/Content/Blueprints/BP_TheBeginningGameMode.uasset.
[2016.03.05-13.11.33:792][512]LogLinker:Warning: Can't find file '/Script/Kinect4Unreal'
[2016.03.05-13.11.33:792][512]LoadErrors: Info Failed to load /Script/Kinect4Unreal.KinectInterfaceComponent Referenced by EdGraphPin_31045
[2016.03.05-13.11.33:792][512]LogLinker:Warning: Can't find file for asset '/Script/Kinect4Unreal' while loading ../../../../../../Users/CaptainAmerica/Desktop/Uni/GE_Project/Content/Blueprints/BP_TheBeginningGameMode.uasset.
[2016.03.05-13.11.33:792][512]LogLinker:Warning: Can't find file '/Script/Kinect4Unreal'
[2016.03.05-13.11.33:792][512]LogLinker:Warning: Can't find file for asset '/Script/Kinect4Unreal' while loading ../../../../../../Users/CaptainAmerica/Desktop/Uni/GE_Project/Content/Blueprints/BP_TheBeginningGameMode.uasset.
[2016.03.05-13.11.33:792][512]LogLinker:Warning: Can't find file '/Script/Kinect4Unreal'
[2016.03.05-13.11.33:792][512]LoadErrors: Info Failed to load /Script/Kinect4Unreal.KinectInterfaceComponent Referenced by SCS_Node_1
[2016.03.05-13.11.33:793][512]LogLinker:Warning: Can't find file for asset '/Script/Kinect4Unreal' while loading ../../../../../../Users/CaptainAmerica/Desktop/Uni/GE_Project/Content/Blueprints/BP_TheBeginningGameMode.uasset.
[2016.03.05-13.11.33:798][512]LogBlueprint:Warning: [BP_Avatar] CreatePinForVariable: 'KinectInterface' variable not found. Base class was probably changed.
[2016.03.05-13.11.33:798][512]LogBlueprint:Warning: [BP_Avatar] CreatePinForVariable: 'KinectInterface' variable not found. Base class was probably changed.
[2016.03.05-13.11.33:798][512]LogBlueprint:Warning: [BP_Avatar] CreatePinForVariable: 'KinectInterface' variable not found. Base class was probably changed.
[2016.03.05-13.11.33:799][512]LogBlueprint:Warning: [BP_Avatar] CreatePinForVariable: 'KinectInterface' variable not found. Base class was probably changed.
[2016.03.05-13.11.33:799][512]LogBlueprint:Warning: [BP_Avatar] CreatePinForVariable: 'KinectInterface' variable not found. Base class was probably changed.
[2016.03.05-13.11.33:799][512]LogBlueprint:Warning: [BP_Avatar] CreatePinForVariable: 'KinectInterface' variable not found. Base class was probably changed.
[2016.03.05-13.11.33:799][512]LogBlueprint:Warning: [BP_Avatar] CreatePinForVariable: 'KinectInterface' variable not found. Base class was probably changed.
[2016.03.05-13.11.33:800][512]LogBlueprint:Warning: [BP_Avatar] CreatePinForVariable: 'KinectInterface' variable not found. Base class was probably changed.
[2016.03.05-13.11.33:806][512]LogBlueprint:Warning: [compiler BP_Avatar] Warning Could not find a variable named "KinectInterface" in 'BP_Avatar_C'.
Make sure 'BP_Avatar_C' has been compiled for  Get KinectInterface 
[2016.03.05-13.11.33:807][512]LogBlueprint:Error: [compiler BP_Avatar] Error Could not find a function named "GetJointAbsolutePosition" in 'BP_Avatar'.
Make sure 'BP_Avatar' has been compiled for  Get Joint Absolute Position 
[2016.03.05-13.11.33:807][512]LogBlueprint:Warning: [compiler BP_Avatar] Warning Could not find a variable named "KinectInterface" in 'BP_Avatar_C'.
Make sure 'BP_Avatar_C' has been compiled for  Get KinectInterface 
[2016.03.05-13.11.33:807][512]LogBlueprint:Error: [compiler BP_Avatar] Error Could not find a function named "GetDistanceBetweenJoints" in 'BP_Avatar'.
Make sure 'BP_Avatar' has been compiled for  Get Distance Between Joints 
[2016.03.05-13.11.33:807][512]LogBlueprint:Warning: [compiler BP_Avatar] Warning Could not find a variable named "KinectInterface" in 'BP_Avatar_C'.
Make sure 'BP_Avatar_C' has been compiled for  Get KinectInterface 
[2016.03.05-13.11.33:807][512]LogBlueprint:Error: [compiler BP_Avatar] Error Could not find a function named "GetDistanceBetweenJoints" in 'BP_Avatar'.
Make sure 'BP_Avatar' has been compiled for  Get Distance Between Joints 
[2016.03.05-13.11.33:807][512]LogBlueprint:Warning: [compiler BP_Avatar] Warning Could not find a variable named "KinectInterface" in 'BP_Avatar_C'.
Make sure 'BP_Avatar_C' has been compiled for  Get KinectInterface 
[2016.03.05-13.11.33:807][512]LogBlueprint:Error: [compiler BP_Avatar] Error Could not find a function named "GetCenteredBody" in 'BP_Avatar'.
Make sure 'BP_Avatar' has been compiled for  Get Centered Body 
[2016.03.05-13.11.33:807][512]LogBlueprint:Error: [compiler BP_Avatar] Error Could not find a function named "GetCenteredBody" in 'BP_Avatar'.
Make sure 'BP_Avatar' has been compiled for  Get Centered Body 
[2016.03.05-13.11.33:807][512]LogBlueprint:Warning: [compiler BP_Avatar] Warning Could not find a variable named "KinectInterface" in 'BP_Avatar_C'.
Make sure 'BP_Avatar_C' has been compiled for  Get KinectInterface 
[2016.03.05-13.11.33:807][512]LogBlueprint:Warning: [compiler BP_Avatar] Warning Could not find a variable named "KinectInterface" in 'BP_Avatar_C'.
Make sure 'BP_Avatar_C' has been compiled for  Get KinectInterface 
[2016.03.05-13.11.33:807][512]LogBlueprint:Error: [compiler BP_Avatar] Error Could not find a function named "GetHandStateAsExecution" in 'BP_Avatar'.
Make sure 'BP_Avatar' has been compiled for  Get Hand State as Execution 
[2016.03.05-13.11.33:808][512]LogBlueprint:Warning: [compiler BP_Avatar] Warning Could not find a variable named "KinectInterface" in 'BP_Avatar_C'.
Make sure 'BP_Avatar_C' has been compiled for  Get KinectInterface 
[2016.03.05-13.11.33:808][512]LogBlueprint:Error: [compiler BP_Avatar] Error Could not find a function named "GetHandStateAsExecution" in 'BP_Avatar'.
Make sure 'BP_Avatar' has been compiled for  Get Hand State as Execution 
[2016.03.05-13.11.33:808][512]LogBlueprint:Warning: [compiler BP_Avatar] Warning Could not find a variable named "KinectInterface" in 'BP_Avatar_C'.
Make sure 'BP_Avatar_C' has been compiled for  Get KinectInterface 
[2016.03.05-13.11.33:808][512]LogBlueprint:Error: [compiler BP_Avatar] Error Could not find a function named "GetCenteredBody" in 'BP_Avatar'.
Make sure 'BP_Avatar' has been compiled for  Get Centered Body 
[2016.03.05-13.11.33:808][512]LogBlueprint:Error: [compiler BP_Avatar] Error The property associated with  Kinect Interface  could not be found
[2016.03.05-13.11.33:809][512]LogBlueprint:Error: [compiler BP_Avatar] Error The current value (AnkleRight) of the ' Joint Type ' pin is invalid: Expected a valid unsigned number for a byte property
[2016.03.05-13.11.33:809][512]LogBlueprint:Error: [compiler BP_Avatar] Error The current value (Body0) of the ' Body Number ' pin is invalid: Expected a valid unsigned number for a byte property
[2016.03.05-13.11.33:809][512]LogBlueprint:Error: [compiler BP_Avatar] Error The property associated with  Kinect Interface  could not be found
[2016.03.05-13.11.33:809][512]LogBlueprint:Error: [compiler BP_Avatar] Error The property associated with  Kinect Interface  could not be found
[2016.03.05-13.11.33:815][512]LogBlueprint:Warning: [compiler BP_Avatar] Warning [1132.69] Compile of BP_Avatar failed. 13 Fatal Issue(s) 8 Warning(s) [in 14 ms]
[2016.03.05-13.11.33:815][512]LogBlueprint:Warning: [compiler BP_Avatar] Warning [1132.69] Compile of BP_Avatar failed. 13 Fatal Issue(s) 9 Warning(s) [in 0 ms]
[2016.03.05-13.11.33:815][512]LogBlueprint:Warning: [compiler BP_Avatar] Warning [1132.69] Compile of BP_Avatar failed. 13 Fatal Issue(s) 10 Warning(s) [in 0 ms]
[2016.03.05-13.11.33:816][512]LogLinker:Warning: Can't find file '/Script/Kinect4Unreal'
[2016.03.05-13.11.33:816][512]LogLinker:Warning: Can't find file for asset '/Script/Kinect4Unreal' while loading ../../../../../../Users/CaptainAmerica/Desktop/Uni/GE_Project/Content/Blueprints/BP_TheBeginningGameMode.uasset.
[2016.03.05-13.11.33:816][512]LogLinker:Warning: Can't find file '/Script/Kinect4Unreal'
[2016.03.05-13.11.33:816][512]LogLinker:Warning: Can't find file for asset '/Script/Kinect4Unreal' while loading ../../../../../../Users/CaptainAmerica/Desktop/Uni/GE_Project/Content/Blueprints/BP_TheBeginningGameMode.uasset.
[2016.03.05-13.11.33:831][512]LogWorld: Game class is 'BP_TheBeginningGameMode_C'
[2016.03.05-13.11.33:893][512]LogWorld: Bringing World /Game/UEDPIE_0_MyFirstLevel.MyFirstLevel up for play (max tick rate 0) at 2016.03.05-14.11.33
[2016.03.05-13.11.33:893][512]LogActor:Warning: GameSession /Game/UEDPIE_0_MyFirstLevel.MyFirstLevel:PersistentLevel.GameSession_0 has natively added scene component(s), but none of them were set as the actor's RootComponent - picking one arbitrarily
[2016.03.05-13.11.33:893][512]LogActor:Warning: GameNetworkManager /Game/UEDPIE_0_MyFirstLevel.MyFirstLevel:PersistentLevel.GameNetworkManager_0 has natively added scene component(s), but none of them were set as the actor's RootComponent - picking one arbitrarily
[2016.03.05-13.11.33:895][512]LogWorld: Bringing up level for play took: 0.062178
[2016.03.05-13.11.33:898][512]PIE: Info Play in editor start time for /Game/UEDPIE_0_MyFirstLevel 0.788
[2016.03.05-13.12.03:711][ 71]LogParticles: Destroying 0 GPU particle simulations for FXSystem 0x00000182212AF1A0
[2016.03.05-13.12.19:807][437]LogEditorTransaction: Undo Edit Use Fixed Relative Bounding Box
[2016.03.05-13.12.21:055][514]LogEditorTransaction: Undo Move Actors
[2016.03.05-13.12.21:399][539]LogEditorTransaction: Undo Move Actors
[2016.03.05-13.12.21:704][561]LogEditorTransaction: Undo Edit Use Fixed Relative Bounding Box
[2016.03.05-13.12.21:969][581]LogEditorTransaction: Undo Move Actors
[2016.03.05-13.12.22:223][600]LogEditorTransaction: Undo Move Actors
[2016.03.05-13.12.22:686][637]LogEditorTransaction: Undo Create Actors
[2016.03.05-13.12.23:083][669]LogEditorTransaction: Undo Delete Actors
[2016.03.05-13.12.23:623][709]LogEditorTransaction: Undo Edit Z
[2016.03.05-13.12.23:940][733]LogEditorTransaction: Undo Edit Y
[2016.03.05-13.12.24:302][761]LogEditorTransaction: Undo Edit X
[2016.03.05-13.12.24:497][775]LogEditorTransaction: Undo Edit Z
[2016.03.05-13.12.24:825][799]LogEditorTransaction: Undo Edit Y
[2016.03.05-13.12.25:256][833]LogEditorTransaction: Undo Edit X
[2016.03.05-13.12.25:459][848]LogEditorTransaction: Undo Move Actors
[2016.03.05-13.12.55:529][814]Cmd: OBJ SAVEPACKAGE PACKAGE="/Game/StarterContent/Particles/P_Fire" FILE="../../../../../../Users/CaptainAmerica/Desktop/Uni/GE_Project/Content/StarterContent/Particles/P_Fire.uasset" SILENT=true
[2016.03.05-13.12.55:582][814]LogSavePackage: Save=33.296604ms
[2016.03.05-13.12.55:582][814]LogSavePackage: Moving '../../../../../../Users/CaptainAmerica/Desktop/Uni/GE_Project/Saved/P_Fire5BC8A97B4169355F810E57B43B0FE0B9.tmp' to '../../../../../../Users/CaptainAmerica/Desktop/Uni/GE_Project/Content/StarterContent/Particles/P_Fire.uasset'
[2016.03.05-13.12.55:586][814]LogSavePackage: Total save time: 55.130493ms
[2016.03.05-13.12.55:586][814]LogSavePackage:Warning: Finished SavePackage ../../../../../../Users/CaptainAmerica/Desktop/Uni/GE_Project/Content/StarterContent/Particles/P_Fire.uasset
[2016.03.05-13.13.17:334][324]LogPlayLevel: PlayLevel: No blueprints needed recompiling
[2016.03.05-13.13.19:393][324]PIE: New page: PIE session: MyFirstLevel (Mar 5, 2016, 3:13:19 PM)
[2016.03.05-13.13.19:394][324]LogPlayLevel: Creating play world package: /Game/UEDPIE_0_MyFirstLevel
[2016.03.05-13.13.19:426][324]LogPlayLevel: PIE: StaticDuplicateObject took: (0.031645s)
[2016.03.05-13.13.19:426][324]LogAIModule: Creating AISystem for world MyFirstLevel
[2016.03.05-13.13.19:426][324]LogPlayLevel: PIE: World Init took: (0.000641s)
[2016.03.05-13.13.19:426][324]LogPlayLevel: PIE: Created PIE world by copying editor world from /Game/MyFirstLevel.MyFirstLevel to /Game/UEDPIE_0_MyFirstLevel.MyFirstLevel (0.032499s)
[2016.03.05-13.13.19:441][324]LogInit: XAudio2 using 'Lautsprecher (Realtek High Definition Audio)' : 2 channels at 48 kHz using 32 bits per sample (channel mask 0x3)
[2016.03.05-13.13.19:448][324]LogInit: FAudioDevice initialized.
[2016.03.05-13.13.19:483][324]LogWorld: Game class is 'BP_TheBeginningGameMode_C'
[2016.03.05-13.13.19:542][324]LogWorld: Bringing World /Game/UEDPIE_0_MyFirstLevel.MyFirstLevel up for play (max tick rate 0) at 2016.03.05-14.13.19
[2016.03.05-13.13.19:542][324]LogActor:Warning: GameSession /Game/UEDPIE_0_MyFirstLevel.MyFirstLevel:PersistentLevel.GameSession_1 has natively added scene component(s), but none of them were set as the actor's RootComponent - picking one arbitrarily
[2016.03.05-13.13.19:542][324]LogActor:Warning: GameNetworkManager /Game/UEDPIE_0_MyFirstLevel.MyFirstLevel:PersistentLevel.GameNetworkManager_1 has natively added scene component(s), but none of them were set as the actor's RootComponent - picking one arbitrarily
[2016.03.05-13.13.19:544][324]LogWorld: Bringing up level for play took: 0.059476
[2016.03.05-13.13.19:546][324]LogSpawn:Warning: SpawnActor failed because of collision at the spawn location [X=4010.825 Y=573.378 Z=373.526] for [BP_Avatar_C]
[2016.03.05-13.13.19:546][324]LogSpawn:Warning: SpawnActor failed because the spawned actor IsPendingKill
[2016.03.05-13.13.19:546][324]LogGameMode:Warning: Couldn't spawn Pawn of type BP_Avatar_C at PlayerStartPIE_1
[2016.03.05-13.13.19:546][324]PIE: Info Play in editor start time for /Game/UEDPIE_0_MyFirstLevel 2.437
[2016.03.05-13.13.19:740][324]LogCrashTracker: 


[2016.03.05-13.13.19:740][324]LogCrashTracker: 


[2016.03.05-13.13.19:740][324]LogWindows: === Critical error: ===
Fatal error!



[2016.03.05-13.13.19:865][324]LogExit: Executing StaticShutdownAfterError
[2016.03.05-13.13.19:870][324]LogPhysics:Warning: PHYSX: ..\..\PhysX\src\NpScene.cpp (2946) 8 : PxScene::unlockWrite() called without matching call to PxScene::lockWrite(), behaviour will be undefined.
[2016.03.05-13.13.19:870][324]LogPhysics:Warning: PHYSX: ..\..\PhysX\src\NpScene.cpp (2946) 8 : PxScene::unlockWrite() called without matching call to PxScene::lockWrite(), behaviour will be undefined.
[2016.03.05-13.13.19:870][324]LogPhysics:Warning: PHYSX: ..\..\PhysX\src\NpScene.cpp (2946) 8 : PxScene::unlockWrite() called without matching call to PxScene::lockWrite(), behaviour will be undefined.
[2016.03.05-13.13.19:870][324]LogPhysics:Warning: PHYSX: ..\..\PhysX\src\NpScene.cpp (2946) 8 : PxScene::unlockWrite() called without matching call to PxScene::lockWrite(), behaviour will be undefined.
[2016.03.05-13.13.19:871][324]LogPhysics:Warning: PHYSX: ..\..\PhysX\src\NpScene.cpp (2946) 8 : PxScene::unlockWrite() called without matching call to PxScene::lockWrite(), behaviour will be undefined.
[2016.03.05-13.13.19:871][324]LogPhysics:Warning: PHYSX: ..\..\PhysX\src\NpScene.cpp (2946) 8 : PxScene::unlockWrite() called without matching call to PxScene::lockWrite(), behaviour will be undefined.
[2016.03.05-13.13.19:871][324]LogWindows: FPlatformMisc::RequestExit(1)
[2016.03.05-13.13.19:871][324]Log file closed, 03/05/16 14:13:19
