[2016.03.24-10.04.51:214][  0]Log file open, 03/24/16 11:04:51
[2016.03.24-10.04.51:214][  0]LogInit:Display: Running engine for game: TheBeginning
[2016.03.24-10.04.51:214][  0]LogInit:Display: RandInit(1548544917) SRandInit(1548544917).
[2016.03.24-10.04.51:214][  0]LogTaskGraph: Started task graph with 4 named threads and 7 total threads.
[2016.03.24-10.04.51:214][  0]LogStats: Stats thread started at 0.065347
[2016.03.24-10.04.51:214][  0]LogInit: Version: 4.9.2-2707645+++depot+UE4-Releases+4.9
[2016.03.24-10.04.51:214][  0]LogInit: API Version: 2672455
[2016.03.24-10.04.51:214][  0]LogInit: Compiled (64-bit): Sep 28 2015 10:25:44
[2016.03.24-10.04.51:214][  0]LogInit: Compiled with Visual C++: 18.00.21005.01
[2016.03.24-10.04.51:214][  0]LogInit: Build Configuration: Development
[2016.03.24-10.04.51:214][  0]LogInit: Branch Name: ++depot+UE4-Releases+4.9
[2016.03.24-10.04.51:214][  0]LogInit: Command line:  
[2016.03.24-10.04.51:214][  0]LogInit: Base directory: D:/Programme/Epic Games/4.9/Engine/Binaries/Win64/
[2016.03.24-10.04.51:214][  0]LogInit: Rocket: 1
[2016.03.24-10.04.51:220][  0]LogInit: Using libcurl 7.41.0
[2016.03.24-10.04.51:220][  0]LogInit:  - built for x86_64-pc-win32
[2016.03.24-10.04.51:220][  0]LogInit:  - supports SSL with WinSSL
[2016.03.24-10.04.51:220][  0]LogInit:  - other features:
[2016.03.24-10.04.51:220][  0]LogInit:      CURL_VERSION_SSL
[2016.03.24-10.04.51:220][  0]LogInit:      CURL_VERSION_IPV6
[2016.03.24-10.04.51:220][  0]LogInit:      CURL_VERSION_ASYNCHDNS
[2016.03.24-10.04.51:220][  0]LogInit:      CURL_VERSION_LARGEFILE
[2016.03.24-10.04.51:220][  0]LogInit:      CURL_VERSION_IDN
[2016.03.24-10.04.51:220][  0]LogInit:  CurlRequestOptions (configurable via config and command line):
[2016.03.24-10.04.51:220][  0]LogInit:  - bVerifyPeer = true  - Libcurl will verify peer certificate
[2016.03.24-10.04.51:220][  0]LogInit:  - bUseHttpProxy = false  - Libcurl will NOT use HTTP proxy
[2016.03.24-10.04.51:220][  0]LogInit:  - bDontReuseConnections = false  - Libcurl will reuse connections
[2016.03.24-10.04.51:220][  0]LogInit:  - CertBundlePath = nullptr  - Libcurl will use whatever was configured at build time.
[2016.03.24-10.04.51:225][  0]LogInit: Presizing for 0 objects not considered by GC, pre-allocating 0 bytes.
[2016.03.24-10.04.51:231][  0]LogInit: Object subsystem initialized
[2016.03.24-10.04.51:232][  0]LogInit: Selected Device Profile: [Windows]
[2016.03.24-10.04.51:232][  0]LogInit: Applying CVar settings loaded from the selected device profile: [Windows]
[2016.03.24-10.04.51:239][  0]LogInit: Computer: PC1021500895
[2016.03.24-10.04.51:239][  0]LogInit: User: VR
[2016.03.24-10.04.51:239][  0]LogInit: CPU Page size=4096, Cores=4
[2016.03.24-10.04.51:239][  0]LogInit: High frequency timer resolution =3.507506 MHz
[2016.03.24-10.04.51:239][  0]LogMemory: Memory total: Physical=15.9GB (16GB approx)
[2016.03.24-10.04.51:239][  0]LogMemory: Platform Memory Stats for Windows
[2016.03.24-10.04.51:239][  0]LogMemory: Process Physical Memory: 53.18 MB used, 53.18 MB peak
[2016.03.24-10.04.51:239][  0]LogMemory: Process Virtual Memory: 55.18 MB used, 55.18 MB peak
[2016.03.24-10.04.51:239][  0]LogMemory: Physical Memory: 4016.09 MB used, 16261.17 MB total
[2016.03.24-10.04.51:239][  0]LogMemory: Virtual Memory: 346.75 MB used, 134217728.00 MB total
[2016.03.24-10.04.51:265][  0]LogTextLocalizationManager: No translations for ('de-DE') exist, falling back to 'en' for localization and internationalization data.
[2016.03.24-10.04.51:909][  0]LogD3D11RHI: Found D3D11 adapter 0: NVIDIA GeForce GTX 970 (Feature Level 11_0)
[2016.03.24-10.04.51:909][  0]LogD3D11RHI: Adapter has 3976MB of dedicated video memory, 0MB of dedicated system memory, and 8130MB of shared system memory, 1 output[s]
[2016.03.24-10.04.51:909][  0]LogD3D11RHI: Found D3D11 adapter 1: Microsoft Basic Render Driver (Feature Level 11_0)
[2016.03.24-10.04.51:910][  0]LogD3D11RHI: Adapter has 0MB of dedicated video memory, 0MB of dedicated system memory, and 256MB of shared system memory, 0 output[s]
[2016.03.24-10.04.51:910][  0]LogD3D11RHI: Chosen D3D11 Adapter Id = 0
[2016.03.24-10.04.51:913][  0]LogD3D11RHI: !Direct3DDevice
[2016.03.24-10.04.51:913][  0]LogRHI: Texture pool is 1361 MB (70% of 1945 MB)
[2016.03.24-10.04.51:922][  0]LogD3D11RHI: Async texture creation enabled
[2016.03.24-10.04.51:937][  0]LogShaderCompilers: Guid format shader working directory is 15 characters bigger than the processId version (../../../../../../UnrealProjects/GE_Project/Intermediate/Shaders/WorkingDirectory/8160/).
[2016.03.24-10.04.51:937][  0]LogShaderCompilers: Cleaned the shader compiler working directory '../../../../../../UnrealProjects/GE_Project/Intermediate/Shaders/tmp/BAEB02E84B007F07764686A6A2114456/'.
[2016.03.24-10.04.51:937][  0]LogShaderCompilers:Display: Using Local Shader Compiler.
[2016.03.24-10.04.52:715][  0]LogTemp:Display: Loaded TP AllDesktopTargetPlatform
[2016.03.24-10.04.52:719][  0]LogTemp:Display: Loaded TP WindowsClientTargetPlatform
[2016.03.24-10.04.52:723][  0]LogTemp:Display: Loaded TP WindowsNoEditorTargetPlatform
[2016.03.24-10.04.52:726][  0]LogTemp:Display: Loaded TP WindowsServerTargetPlatform
[2016.03.24-10.04.52:730][  0]LogTemp:Display: Loaded TP WindowsTargetPlatform
[2016.03.24-10.04.52:732][  0]LogTemp:Display: Loaded TP AndroidTargetPlatform
[2016.03.24-10.04.52:735][  0]LogTemp:Display: Loaded TP Android_ASTCTargetPlatform
[2016.03.24-10.04.52:737][  0]LogTemp:Display: Loaded TP Android_ATCTargetPlatform
[2016.03.24-10.04.52:739][  0]LogTemp:Display: Loaded TP Android_DXTTargetPlatform
[2016.03.24-10.04.52:742][  0]LogTemp:Display: Loaded TP Android_ETC1TargetPlatform
[2016.03.24-10.04.52:744][  0]LogTemp:Display: Loaded TP Android_ETC2TargetPlatform
[2016.03.24-10.04.52:746][  0]LogTemp:Display: Loaded TP Android_PVRTCTargetPlatform
[2016.03.24-10.04.52:747][  0]LogTemp:Display: Loaded TP HTML5TargetPlatform
[2016.03.24-10.04.52:762][  0]LogTemp:Display: Loaded TP IOSTargetPlatform
[2016.03.24-10.04.52:766][  0]LogTemp:Display: Loaded TP LinuxNoEditorTargetPlatform
[2016.03.24-10.04.52:768][  0]LogTemp:Display: Loaded TP LinuxServerTargetPlatform
[2016.03.24-10.04.52:771][  0]LogTemp:Display: Loaded TP LinuxTargetPlatform
[2016.03.24-10.04.52:771][  0]LogTargetPlatformManager:Display: Building Assets For Windows
[2016.03.24-10.04.52:823][  0]LogDerivedDataCache:Display: Max Cache Size: 512 MB
[2016.03.24-10.04.52:859][  0]LogDerivedDataCache: Loaded boot cache 0.04s 41MB C:/Users/VR/AppData/Local/UnrealEngine/4.9/DerivedDataCache/Boot.ddc.
[2016.03.24-10.04.52:859][  0]LogDerivedDataCache:Display: Loaded Boot cache: C:/Users/VR/AppData/Local/UnrealEngine/4.9/DerivedDataCache/Boot.ddc
[2016.03.24-10.04.52:859][  0]LogDerivedDataCache: FDerivedDataBackendGraph:  Pak pak cache file ../../../../../../UnrealProjects/GE_Project/DerivedDataCache/DDC.ddp not found, will not use a pak cache.
[2016.03.24-10.04.52:859][  0]LogDerivedDataCache: Unable to find inner node Pak for hierarchical cache Hierarchy.
[2016.03.24-10.04.52:860][  0]LogDerivedDataCache: FDerivedDataBackendGraph:  CompressedPak pak cache file ../../../../../../UnrealProjects/GE_Project/DerivedDataCache/Compressed.ddp not found, will not use a pak cache.
[2016.03.24-10.04.52:860][  0]LogDerivedDataCache: Unable to find inner node CompressedPak for hierarchical cache Hierarchy.
[2016.03.24-10.04.52:977][  0]LogDerivedDataCache:Display: Pak cache opened for reading ../../../Engine/DerivedDataCache/Compressed.ddp.
[2016.03.24-10.04.52:988][  0]LogDerivedDataCache: Using Local data cache path C:/Users/VR/AppData/Local/UnrealEngine/Common/DerivedDataCache: Writable
[2016.03.24-10.04.53:121][  0]LogInit: Selected Device Profile: [Windows]
[2016.03.24-10.04.53:123][  0]LogContentStreaming: Texture pool size is 0.000000MB
[2016.03.24-10.04.53:213][  0]LogMeshUtilities: No automatic mesh reduction module available
[2016.03.24-10.04.53:213][  0]LogMeshUtilities: No automatic mesh merging module available
[2016.03.24-10.04.53:405][  0]LogInit: WinSock: version 1.1 (2.2), MaxSocks=32767, MaxUdp=65467
[2016.03.24-10.04.53:931][  0]UdpMessaging: Initializing bridge on interface 0.0.0.0:0 to multicast group 230.0.0.1:6666.
[2016.03.24-10.04.54:049][  0]LogAssetRegistry: FAssetRegistry took 0.0105 seconds to start up
[2016.03.24-10.04.54:155][  0]SourceControl: Info Source control is disabled
[2016.03.24-10.04.54:161][  0]SourceControl: Info Source control is disabled
[2016.03.24-10.04.54:167][  0]SourceControl: Info Source control is disabled
[2016.03.24-10.04.54:176][  0]SourceControl: Info Source control is disabled
[2016.03.24-10.04.54:256][  0]LogLinker:Warning: Asset '../../../Engine/Plugins/Runtime/LeapMotionController/Content/LM_PassthroughMaterial.uasset' has been saved with empty engine version. The asset will be loaded but may be incompatible.
[2016.03.24-10.04.54:303][  0]LeapPluginLog: Using LeapPlugin version 0.9.6
[2016.03.24-10.04.54:307][  0]LogObj: 29251 objects as part of root set at end of initial load.
[2016.03.24-10.04.54:307][  0]LogUObjectAllocator: 6234648 out of 0 bytes used by permanent object pool.
[2016.03.24-10.04.54:352][  0]LogEngine: Initializing Engine...
[2016.03.24-10.04.54:353][  0]LogHMD: Can't find Oculus library dev build: is proper Runtime installed? Version: 0.7.0.0
[2016.03.24-10.04.54:731][  0]LogHMD: SteamVR initialized.  Driver: oculus  Display: 207KGV03FJGR
[2016.03.24-10.04.54:832][  0]LogAIModule: Creating AISystem for world NewWorld
[2016.03.24-10.04.54:843][  0]LogInit: XAudio2 using 'HP E221c-8 (NVIDIA High Definition Audio)' : 2 channels at 48 kHz using 16 bits per sample (channel mask 0x3)
[2016.03.24-10.04.54:863][  0]LogInit: FAudioDevice initialized.
[2016.03.24-10.04.54:882][  0]LogDerivedDataCache: Saved boot cache 0.02s 41MB C:/Users/VR/AppData/Local/UnrealEngine/4.9/DerivedDataCache/Boot.ddc.
[2016.03.24-10.04.54:886][  0]LogInit: Texture streaming: Enabled
[2016.03.24-10.04.54:889][  0]LogAnalytics: Creating configured Analytics provider AnalyticsET
[2016.03.24-10.04.54:889][  0]LogAnalytics: [UEEditor.Rocket.Release] APIServer = http://et2.epicgames.com/ET2/. AppVersion = 4.9.2-2707645+++depot+UE4-Releases+4.9
[2016.03.24-10.04.54:889][  0]LogAnalytics: [UEEditor.Rocket.Release] SetUserId 8c1436b7469470d4e6ebefb46ce7086e|0318ce7eb266467aa7a1e63543527494|c39e7128-8a93-45bc-b94e-b28d0faf1958
[2016.03.24-10.04.54:889][  0]LogAnalytics: [UEEditor.Rocket.Release] AnalyticsET::StartSession
[2016.03.24-10.04.54:898][  0]LogWindowsTextInputMethodSystem:Display: IME system now deactivated.
[2016.03.24-10.04.54:907][  0]LogInit: Transaction tracking system initialized
[2016.03.24-10.04.54:924][  0]BlueprintLog: New page: Editor Load
[2016.03.24-10.04.54:977][  0]LocalizationService: Info Localization service is disabled
[2016.03.24-10.04.55:018][  0]LogLinker:Warning: Can't find file '/Game/FirstPersonBP/FirstPersonOverview'
[2016.03.24-10.04.55:018][  0]LogLinker:Warning: Can't find file '/Game/FirstPersonBP/FirstPersonOverview'
[2016.03.24-10.04.55:018][  0]LogUObjectGlobals:Warning: Failed to find object 'Class /Game/FirstPersonBP/FirstPersonOverview.FirstPersonOverview_C'
[2016.03.24-10.04.55:026][  0]LogConsoleResponse:Display: 
[2016.03.24-10.04.55:122][  0]LogCook:Display: Done creating registry. It took  0.00s.
[2016.03.24-10.04.55:135][  0]LogFileCache: Scanning file cache for directory 'D:/UnrealProjects/GE_Project/Content/' took 0.01s
[2016.03.24-10.04.55:157][  0]SourceControl: Info Source control is disabled
[2016.03.24-10.04.55:157][  0]Cmd: MAP LOAD FILE="../../../../../../UnrealProjects/GE_Project/Content/StarterContent/Maps/Minimal_Default.umap" TEMPLATE=0 SHOWPROGRESS=1 FEATURELEVEL=3
[2016.03.24-10.04.55:158][  0]LightingResults: New page: Lighting Build
[2016.03.24-10.04.55:159][  0]MapCheck: New page: Map Check
[2016.03.24-10.04.55:159][  0]LightingResults: New page: Lighting Build
[2016.03.24-10.04.55:168][  0]LogParticles: Destroying 0 GPU particle simulations for FXSystem 0x000000A7E5DC7CE0
[2016.03.24-10.04.55:479][  0]LogAIModule: Creating AISystem for world Minimal_Default
[2016.03.24-10.04.55:485][  0]LogEditorServer: Finished looking for orphan Actors (0.000 secs)
[2016.03.24-10.04.55:485][  0]Cmd: MAP CHECKDEP NOCLEARLOG
[2016.03.24-10.04.55:518][  0]MapCheck: Info Map check complete: 0 Error(s), 0 Warning(s), took 32.905ms to complete.
[2016.03.24-10.04.55:518][  0]LogFileHelpers: Loading map 'Minimal_Default' took 0.360
[2016.03.24-10.04.55:612][  0]LogCollectionManager: Loaded 0 collections in 0.000960 seconds
[2016.03.24-10.04.55:655][  0]LogFileCache: Scanning file cache for directory 'D:/UnrealProjects/GE_Project/Saved/Collections/' took 0.01s
[2016.03.24-10.04.55:655][  0]LogFileCache: Scanning file cache for directory 'D:/UnrealProjects/GE_Project/Content/Developers/VR/Collections/' took 0.01s
[2016.03.24-10.04.55:655][  0]LogFileCache: Scanning file cache for directory 'D:/UnrealProjects/GE_Project/Content/Collections/' took 0.01s
[2016.03.24-10.04.55:655][  0]LogContentBrowser: Native class hierarchy populated in 0.0090 seconds. Added 1918 classes and 347 folders.
[2016.03.24-10.04.55:658][  0]LogCollectionManager: Rebuilt the GUID cache for 0 collections in 0.000002 seconds
[2016.03.24-10.04.55:667][  0]LogContentBrowser: Native class hierarchy updated for 'WidgetCarousel' in 0.0009 seconds. Added 0 classes and 0 folders.
[2016.03.24-10.04.55:698][  0]LogContentBrowser: Native class hierarchy updated for 'AddContentDialog' in 0.0009 seconds. Added 0 classes and 0 folders.
[2016.03.24-10.04.55:701][  0]LogContentBrowser: Native class hierarchy updated for 'SceneOutliner' in 0.0009 seconds. Added 1 classes and 2 folders.
[2016.03.24-10.04.55:755][  0]LogCrashTracker: Crashtracker disabled due to settings.
[2016.03.24-10.04.55:759][  0]LogUObjectGlobals:Warning: Failed to find object 'Class None.'
[2016.03.24-10.04.55:782][  0]LogLoad: Full Startup: 5.17 seconds (BP compile: 0.03 seconds)
[2016.03.24-10.04.55:857][  0]LogContentStreaming: Texture pool size now 1000 MB
[2016.03.24-10.04.55:981][  0]LogRenderer: Reallocating scene render targets to support 1216x576 (Frame:2).
[2016.03.24-10.04.56:127][  3]LogAssetRegistry: Asset discovery search completed in 2.0893 seconds
[2016.03.24-10.04.56:127][  3]LogCollectionManager: Rebuilt the object cache for 0 collections in 0.000001 seconds (found 0 objects)
[2016.03.24-10.04.56:127][  3]LogCollectionManager: Fixed up redirectors for 0 collections in 0.000016 seconds (updated 0 objects)
[2016.03.24-10.05.01:055][578]LogFileCache: Retrieving MD5 hashes for directory 'D:/UnrealProjects/GE_Project/Content/' took 5.25s
[2016.03.24-10.05.01:172][581]LogBlueprint:Warning: [compiler Ue4ASP_Character] Warning Input Axis Event references unknown Axis 'LookUp' for  InputAxis LookUp 
[2016.03.24-10.05.01:172][581]LogBlueprint:Warning: [compiler Ue4ASP_Character] Warning Input Axis Event references unknown Axis 'Turn' for  InputAxis Turn 
[2016.03.24-10.05.01:173][581]LogBlueprint:Warning: [compiler Ue4ASP_Character] Warning Input Axis Event references unknown Axis 'MoveRight' for  InputAxis MoveRight 
[2016.03.24-10.05.01:173][581]LogBlueprint:Warning: [compiler Ue4ASP_Character] Warning Input Axis Event references unknown Axis 'MoveForward' for  InputAxis MoveForward 
[2016.03.24-10.05.01:175][581]LogBlueprint:Warning: [compiler Ue4ASP_Character] Warning [0010.57] Compile of Ue4ASP_Character successful, but with 4 Warning(s) [in 6 ms]
[2016.03.24-10.05.01:175][581]LogBlueprint:Warning: [compiler Ue4ASP_Character] Warning [0010.57] Compile of Ue4ASP_Character successful, but with 5 Warning(s) [in 0 ms]
[2016.03.24-10.05.01:175][581]LogBlueprint:Warning: [compiler Ue4ASP_Character] Warning [0010.57] Compile of Ue4ASP_Character successful, but with 6 Warning(s) [in 0 ms]
[2016.03.24-10.05.01:231][581]LogBlueprint:Warning: [compiler Ue4ASP_Character] Warning Input Axis Event references unknown Axis 'LookUp' for  InputAxis LookUp 
[2016.03.24-10.05.01:231][581]LogBlueprint:Warning: [compiler Ue4ASP_Character] Warning Input Axis Event references unknown Axis 'Turn' for  InputAxis Turn 
[2016.03.24-10.05.01:231][581]LogBlueprint:Warning: [compiler Ue4ASP_Character] Warning Input Axis Event references unknown Axis 'MoveRight' for  InputAxis MoveRight 
[2016.03.24-10.05.01:232][581]LogBlueprint:Warning: [compiler Ue4ASP_Character] Warning Input Axis Event references unknown Axis 'MoveForward' for  InputAxis MoveForward 
[2016.03.24-10.05.01:234][581]LogBlueprint:Warning: [compiler Ue4ASP_Character] Warning [0010.62] Compile of Ue4ASP_Character successful, but with 4 Warning(s) [in 6 ms]
[2016.03.24-10.05.01:234][581]LogBlueprint:Warning: [compiler Ue4ASP_Character] Warning [0010.63] Compile of Ue4ASP_Character successful, but with 5 Warning(s) [in 0 ms]
[2016.03.24-10.05.01:234][581]LogBlueprint:Warning: [compiler Ue4ASP_Character] Warning [0010.63] Compile of Ue4ASP_Character successful, but with 6 Warning(s) [in 0 ms]
[2016.03.24-10.05.01:681][581]LogAIModule: Creating AISystem for world MyFirstLevel
[2016.03.24-10.05.01:689][581]LogParticles:Warning: InitializeSystem called on an unregistered component. Template=/Game/Snow.Snow Component=/Game/MyFirstLevel.MyFirstLevel:PersistentLevel.Snow_2.ParticleSystemComponent0
[2016.03.24-10.05.01:690][581]LogParticles:Warning: InitializeSystem called on an unregistered component. Template=/Game/StarterContent/Particles/P_Fire.P_Fire Component=/Game/MyFirstLevel.MyFirstLevel:PersistentLevel.P_Fire_2.ParticleSystemComponent0
[2016.03.24-10.05.01:726][581]Cmd: MAP LOAD FILE="../../../../../../UnrealProjects/GE_Project/Content/MyFirstLevel.umap" TEMPLATE=0 SHOWPROGRESS=1 FEATURELEVEL=3
[2016.03.24-10.05.01:727][581]LightingResults: New page: Lighting Build
[2016.03.24-10.05.01:741][581]LoadErrors: New page: Loading map: MyFirstLevel.umap
[2016.03.24-10.05.01:742][581]MapCheck: New page: Map Check
[2016.03.24-10.05.01:742][581]LightingResults: New page: Lighting Build
[2016.03.24-10.05.01:753][581]LogParticles: Destroying 0 GPU particle simulations for FXSystem 0x000000A7D2F5F880
[2016.03.24-10.05.01:922][581]LogEditorServer: Finished looking for orphan Actors (0.000 secs)
[2016.03.24-10.05.01:973][581]Cmd: MAP CHECKDEP NOCLEARLOG
[2016.03.24-10.05.02:019][581]MapCheck: Info Map check complete: 0 Error(s), 0 Warning(s), took 45.477ms to complete.
[2016.03.24-10.05.02:019][581]LogFileHelpers: Loading map 'MyFirstLevel' took 0.294
[2016.03.24-10.05.02:046][582]Cmd: UpdateLandscapeEditorData -warnings
[2016.03.24-10.05.02:051][582]Cmd: UpdateLandscapeEditorData
[2016.03.24-10.05.02:545][631]LogPlayLevel: PlayLevel: No blueprints needed recompiling
[2016.03.24-10.05.02:545][631]PIE: New page: PIE session: MyFirstLevel (Mar 24, 2016, 12:05:02 PM)
[2016.03.24-10.05.02:545][631]LogPlayLevel: Creating play world package: /Game/UEDPIE_0_MyFirstLevel
[2016.03.24-10.05.02:584][631]LogPlayLevel: PIE: StaticDuplicateObject took: (0.038681s)
[2016.03.24-10.05.02:585][631]LogAIModule: Creating AISystem for world MyFirstLevel
[2016.03.24-10.05.02:585][631]LogPlayLevel: PIE: World Init took: (0.000528s)
[2016.03.24-10.05.02:585][631]LogPlayLevel: PIE: Created PIE world by copying editor world from /Game/MyFirstLevel.MyFirstLevel to /Game/UEDPIE_0_MyFirstLevel.MyFirstLevel (0.039391s)
[2016.03.24-10.05.02:585][631]LogActorComponent: UnregisterComponent: (/Engine/Transient.CharMoveComp) Not registered. Aborting.
[2016.03.24-10.05.02:606][631]LogInit: XAudio2 using 'HP E221c-8 (NVIDIA High Definition Audio)' : 2 channels at 48 kHz using 16 bits per sample (channel mask 0x3)
[2016.03.24-10.05.02:617][631]LogInit: FAudioDevice initialized.
[2016.03.24-10.05.02:802][631]LogWorld: Game class is 'BP_TheBeginningGameMode_C'
[2016.03.24-10.05.02:868][631]LogWorld: Bringing World /Game/UEDPIE_0_MyFirstLevel.MyFirstLevel up for play (max tick rate 0) at 2016.03.24-11.05.02
[2016.03.24-10.05.02:868][631]LogActor:Warning: GameSession /Game/UEDPIE_0_MyFirstLevel.MyFirstLevel:PersistentLevel.GameSession_0 has natively added scene component(s), but none of them were set as the actor's RootComponent - picking one arbitrarily
[2016.03.24-10.05.02:868][631]LogActor:Warning: GameNetworkManager /Game/UEDPIE_0_MyFirstLevel.MyFirstLevel:PersistentLevel.GameNetworkManager_0 has natively added scene component(s), but none of them were set as the actor's RootComponent - picking one arbitrarily
[2016.03.24-10.05.02:870][631]LogWorld: Bringing up level for play took: 0.067266
[2016.03.24-10.05.02:919][631]PIE: Info Play in editor start time for /Game/UEDPIE_0_MyFirstLevel -0.217
[2016.03.24-10.05.02:932][633]LogRenderer: Reallocating scene render targets to support 2600x1464 (Frame:637).
[2016.03.24-10.05.02:943][633]LogRenderTargetPool:Warning: r.RenderTargetPoolMin exceeded 450/400 MB (ok in editor, bad on fixed memory platform)
[2016.03.24-10.05.06:108][751]LogBlueprintUserMessages: [BP_Avatar_C_0] schuss
[2016.03.24-10.05.06:164][752]LogBlueprintUserMessages: [BP_Avatar_C_0] schuss
[2016.03.24-10.05.06:480][762]LogActorComponent: UnregisterComponent: (/Engine/Transient.CharMoveComp) Not registered. Aborting.
[2016.03.24-10.05.06:480][762]LogActorComponent: UnregisterComponent: (/Engine/Transient.KinectInterface_GEN_VARIABLE) Not registered. Aborting.
[2016.03.24-10.05.06:480][762]LogActorComponent: UnregisterComponent: (/Engine/Transient.ProjectileComp) Not registered. Aborting.
[2016.03.24-10.05.06:501][762]LogParticles: Destroying 0 GPU particle simulations for FXSystem 0x000000A7FC029B20
[2016.03.24-10.05.13:297][556]LogActorComponent: UnregisterComponent: (/Engine/Transient.CharMoveComp) Not registered. Aborting.
[2016.03.24-10.05.13:297][556]LogActorComponent: UnregisterComponent: (/Engine/Transient.CharacterMovementComponent_0) Not registered. Aborting.
[2016.03.24-10.05.13:297][556]LogActorComponent: UnregisterComponent: (/Engine/Transient.KinectInterface_GEN_VARIABLE) Not registered. Aborting.
[2016.03.24-10.05.13:297][556]LogActorComponent: UnregisterComponent: (/Engine/Transient.ProjectileComp) Not registered. Aborting.
[2016.03.24-10.05.13:375][556]Cmd: OBJ SAVEPACKAGE PACKAGE="/Game/MyFirstLevel" FILE="../../../../../../UnrealProjects/GE_Project/Saved/Autosaves/Game/UEDPCMyFirstLevel.umap" SILENT=true AUTOSAVING=true KEEPDIRTY=true
[2016.03.24-10.05.14:132][556]LogSavePackage: Save=640.383789ms
[2016.03.24-10.05.14:132][556]LogSavePackage: Moving '../../../../../../UnrealProjects/GE_Project/Saved/UEDPCMyFirstLevelEB947953425051EC05DAABA0BD5056C7.tmp' to '../../../../../../UnrealProjects/GE_Project/Saved/Autosaves/Game/UEDPCMyFirstLevel.umap'
[2016.03.24-10.05.14:133][556]LogSavePackage: Total save time: 756.120160ms
[2016.03.24-10.05.14:133][556]LogSavePackage:Warning: Finished SavePackage ../../../../../../UnrealProjects/GE_Project/Saved/Autosaves/Game/UEDPCMyFirstLevel.umap
[2016.03.24-10.05.14:167][559]LogRenderTargetPool:Warning: r.RenderTargetPoolMin exceeded 620/400 MB (ok in editor, bad on fixed memory platform)
[2016.03.24-10.05.28:694][740]LogRenderTargetPool:Warning: r.RenderTargetPoolMin exceeded 620/400 MB (ok in editor, bad on fixed memory platform)
[2016.03.24-10.05.35:937][585]LogPlayLevel: PlayLevel: No blueprints needed recompiling
[2016.03.24-10.05.35:937][585]PIE: New page: SIE session: MyFirstLevel (Mar 24, 2016, 12:05:35 PM)
[2016.03.24-10.05.35:938][585]LogPlayLevel: Creating play world package: /Game/UEDPIE_0_MyFirstLevel
[2016.03.24-10.05.35:965][585]LogPlayLevel: PIE: StaticDuplicateObject took: (0.027814s)
[2016.03.24-10.05.35:966][585]LogAIModule: Creating AISystem for world MyFirstLevel
[2016.03.24-10.05.35:966][585]LogPlayLevel: PIE: World Init took: (0.000589s)
[2016.03.24-10.05.35:966][585]LogPlayLevel: PIE: Created PIE world by copying editor world from /Game/MyFirstLevel.MyFirstLevel to /Game/UEDPIE_0_MyFirstLevel.MyFirstLevel (0.028591s)
[2016.03.24-10.05.35:966][585]LogActorComponent: UnregisterComponent: (/Engine/Transient.CharMoveComp) Not registered. Aborting.
[2016.03.24-10.05.35:966][585]LogActorComponent: UnregisterComponent: (/Engine/Transient.CharacterMovementComponent_1) Not registered. Aborting.
[2016.03.24-10.05.35:966][585]LogActorComponent: UnregisterComponent: (/Engine/Transient.KinectInterface_GEN_VARIABLE) Not registered. Aborting.
[2016.03.24-10.05.35:966][585]LogActorComponent: UnregisterComponent: (/Engine/Transient.ProjectileComp) Not registered. Aborting.
[2016.03.24-10.05.35:989][585]LogInit: XAudio2 using 'HP E221c-8 (NVIDIA High Definition Audio)' : 2 channels at 48 kHz using 16 bits per sample (channel mask 0x3)
[2016.03.24-10.05.36:000][585]LogInit: FAudioDevice initialized.
[2016.03.24-10.05.36:087][585]LogWorld: Game class is 'BP_TheBeginningGameMode_C'
[2016.03.24-10.05.36:146][585]LogWorld: Bringing World /Game/UEDPIE_0_MyFirstLevel.MyFirstLevel up for play (max tick rate 0) at 2016.03.24-11.05.36
[2016.03.24-10.05.36:146][585]LogActor:Warning: GameSession /Game/UEDPIE_0_MyFirstLevel.MyFirstLevel:PersistentLevel.GameSession_1 has natively added scene component(s), but none of them were set as the actor's RootComponent - picking one arbitrarily
[2016.03.24-10.05.36:146][585]LogActor:Warning: GameNetworkManager /Game/UEDPIE_0_MyFirstLevel.MyFirstLevel:PersistentLevel.GameNetworkManager_1 has natively added scene component(s), but none of them were set as the actor's RootComponent - picking one arbitrarily
[2016.03.24-10.05.36:148][585]LogWorld: Bringing up level for play took: 0.060083
[2016.03.24-10.05.36:149][585]PIE: Info Play in editor start time for /Game/UEDPIE_0_MyFirstLevel 1.013
[2016.03.24-10.05.36:202][588]LogRenderTargetPool:Warning: r.RenderTargetPoolMin exceeded 620/400 MB (ok in editor, bad on fixed memory platform)
[2016.03.24-10.05.38:473][815]LogEditorViewport: Clicking on Actor (LMB): BP_Sky_Sphere_C (BP_Sky_Sphere2)
[2016.03.24-10.05.38:473][815]LogSelection:Warning: PIE object was selected: "BP_Sky_Sphere_C /Game/UEDPIE_0_MyFirstLevel.MyFirstLevel:PersistentLevel.BP_Sky_Sphere2"
[2016.03.24-10.05.44:175][297]Cmd: SELECT NONE
[2016.03.24-10.05.44:719][351]Cmd: SELECT NONE
[2016.03.24-10.05.45:423][434]LogRenderTargetPool:Warning: r.RenderTargetPoolMin exceeded 620/400 MB (ok in editor, bad on fixed memory platform)
[2016.03.24-10.05.45:502][435]LogParticles: Destroying 0 GPU particle simulations for FXSystem 0x000000A7922E2980
[2016.03.24-10.05.50:121][980]LogRenderTargetPool:Warning: r.RenderTargetPoolMin exceeded 620/400 MB (ok in editor, bad on fixed memory platform)
[2016.03.24-10.05.52:790][295]LogRenderTargetPool:Warning: r.RenderTargetPoolMin exceeded 620/400 MB (ok in editor, bad on fixed memory platform)
[2016.03.24-10.05.53:280][352]LogRenderTargetPool:Warning: r.RenderTargetPoolMin exceeded 620/400 MB (ok in editor, bad on fixed memory platform)
[2016.03.24-10.05.54:660][515]LogRenderTargetPool:Warning: r.RenderTargetPoolMin exceeded 620/400 MB (ok in editor, bad on fixed memory platform)
[2016.03.24-10.05.57:996][901]LogPlayLevel: PlayLevel: No blueprints needed recompiling
[2016.03.24-10.05.57:996][901]PIE: New page: PIE session: MyFirstLevel (Mar 24, 2016, 12:05:57 PM)
[2016.03.24-10.05.57:996][901]LogPlayLevel: Creating play world package: /Game/UEDPIE_0_MyFirstLevel
[2016.03.24-10.05.58:024][901]LogPlayLevel: PIE: StaticDuplicateObject took: (0.027466s)
[2016.03.24-10.05.58:024][901]LogAIModule: Creating AISystem for world MyFirstLevel
[2016.03.24-10.05.58:024][901]LogPlayLevel: PIE: World Init took: (0.000547s)
[2016.03.24-10.05.58:024][901]LogPlayLevel: PIE: Created PIE world by copying editor world from /Game/MyFirstLevel.MyFirstLevel to /Game/UEDPIE_0_MyFirstLevel.MyFirstLevel (0.028236s)
[2016.03.24-10.05.58:024][901]LogActorComponent: UnregisterComponent: (/Engine/Transient.CharMoveComp) Not registered. Aborting.
[2016.03.24-10.05.58:024][901]LogActorComponent: UnregisterComponent: (/Engine/Transient.CharacterMovementComponent_2) Not registered. Aborting.
[2016.03.24-10.05.58:025][901]LogActorComponent: UnregisterComponent: (/Engine/Transient.KinectInterface_GEN_VARIABLE) Not registered. Aborting.
[2016.03.24-10.05.58:025][901]LogActorComponent: UnregisterComponent: (/Engine/Transient.ProjectileComp) Not registered. Aborting.
[2016.03.24-10.05.58:046][901]LogInit: XAudio2 using 'HP E221c-8 (NVIDIA High Definition Audio)' : 2 channels at 48 kHz using 16 bits per sample (channel mask 0x3)
[2016.03.24-10.05.58:056][901]LogInit: FAudioDevice initialized.
[2016.03.24-10.05.58:157][901]LogWorld: Game class is 'BP_TheBeginningGameMode_C'
[2016.03.24-10.05.58:214][901]LogWorld: Bringing World /Game/UEDPIE_0_MyFirstLevel.MyFirstLevel up for play (max tick rate 0) at 2016.03.24-11.05.58
[2016.03.24-10.05.58:214][901]LogActor:Warning: GameSession /Game/UEDPIE_0_MyFirstLevel.MyFirstLevel:PersistentLevel.GameSession_2 has natively added scene component(s), but none of them were set as the actor's RootComponent - picking one arbitrarily
[2016.03.24-10.05.58:214][901]LogActor:Warning: GameNetworkManager /Game/UEDPIE_0_MyFirstLevel.MyFirstLevel:PersistentLevel.GameNetworkManager_2 has natively added scene component(s), but none of them were set as the actor's RootComponent - picking one arbitrarily
[2016.03.24-10.05.58:216][901]LogWorld: Bringing up level for play took: 0.057894
[2016.03.24-10.05.58:256][901]PIE: Info Play in editor start time for /Game/UEDPIE_0_MyFirstLevel 1.121
[2016.03.24-10.05.58:277][903]LogRenderTargetPool:Warning: r.RenderTargetPoolMin exceeded 497/400 MB (ok in editor, bad on fixed memory platform)
[2016.03.24-10.06.01:527][ 48]LogParticles: Destroying 0 GPU particle simulations for FXSystem 0x000000A7922832E0
[2016.03.24-10.06.14:942][827]LogRenderTargetPool:Warning: r.RenderTargetPoolMin exceeded 620/400 MB (ok in editor, bad on fixed memory platform)
[2016.03.24-10.09.07:995][735]LogRenderTargetPool:Warning: r.RenderTargetPoolMin exceeded 620/400 MB (ok in editor, bad on fixed memory platform)
[2016.03.24-10.09.12:120][872]LogActorComponent: UnregisterComponent: (/Engine/Transient.CharMoveComp) Not registered. Aborting.
[2016.03.24-10.09.12:120][872]LogActorComponent: UnregisterComponent: (/Engine/Transient.CharacterMovementComponent_3) Not registered. Aborting.
[2016.03.24-10.09.12:121][872]LogActorComponent: UnregisterComponent: (/Engine/Transient.KinectInterface_GEN_VARIABLE) Not registered. Aborting.
[2016.03.24-10.09.12:121][872]LogActorComponent: UnregisterComponent: (/Engine/Transient.ProjectileComp) Not registered. Aborting.
[2016.03.24-10.09.12:278][872]LogWindowsTextInputMethodSystem:Display: IME system now deactivated.
[2016.03.24-10.09.12:519][873]Cmd: QUIT_EDITOR
[2016.03.24-10.09.13:471][873]LogExit: Preparing to exit.
[2016.03.24-10.09.14:192][873]LogExit: Editor shut down
[2016.03.24-10.09.14:192][873]LogExit: Transaction tracking system shut down
[2016.03.24-10.09.14:193][873]LogParticles: Destroying 0 GPU particle simulations for FXSystem 0x000000A7958845E0
[2016.03.24-10.09.14:193][873]LogParticles: Destroying 0 GPU particle simulations for FXSystem 0x000000A795884680
[2016.03.24-10.09.14:193][873]LogParticles: Destroying 0 GPU particle simulations for FXSystem 0x000000A7FA06F880
[2016.03.24-10.09.14:195][873]LogParticles: Destroying 0 GPU particle simulations for FXSystem 0x000000A7E5080180
[2016.03.24-10.09.14:213][873]LogParticles: Destroying 0 GPU particle simulations for FXSystem 0x000000A7D339DDA0
[2016.03.24-10.09.14:213][873]LeapPluginLog: LeapController::CleanupEventData Delete Called
[2016.03.24-10.09.14:333][873]LogExit: Object subsystem successfully closed.
[2016.03.24-10.09.14:356][873]LogD3D11RHI: Shutdown
[2016.03.24-10.09.14:356][873]LogD3D11RHI: CleanupD3DDevice
[2016.03.24-10.09.14:358][873]LogD3D11RHI: ~FD3D11DynamicRHI
[2016.03.24-10.09.14:370][873]LogModuleManager: Shutting down and abandoning module CrashTracker (200)
[2016.03.24-10.09.14:370][873]LogModuleManager: Shutting down and abandoning module SceneOutliner (199)
[2016.03.24-10.09.14:370][873]LogModuleManager: Shutting down and abandoning module SuperSearch (198)
[2016.03.24-10.09.14:370][873]LogModuleManager: Shutting down and abandoning module WidgetCarousel (197)
[2016.03.24-10.09.14:370][873]LogModuleManager: Shutting down and abandoning module AddContentDialog (196)
[2016.03.24-10.09.14:371][873]LogModuleManager: Shutting down and abandoning module EditorWidgets (195)
[2016.03.24-10.09.14:371][873]LogModuleManager: Shutting down and abandoning module CollectionManager (194)
[2016.03.24-10.09.14:371][873]LogModuleManager: Shutting down and abandoning module StatsViewer (193)
[2016.03.24-10.09.14:371][873]LogModuleManager: Shutting down and abandoning module FoliageEdit (192)
[2016.03.24-10.09.14:371][873]LogModuleManager: Shutting down and abandoning module LandscapeEditor (191)
[2016.03.24-10.09.14:371][873]LogModuleManager: Shutting down and abandoning module ActorPickerMode (190)
[2016.03.24-10.09.14:371][873]LogModuleManager: Shutting down and abandoning module GeometryMode (189)
[2016.03.24-10.09.14:371][873]LogModuleManager: Shutting down and abandoning module TextureAlignMode (188)
[2016.03.24-10.09.14:371][873]LogModuleManager: Shutting down and abandoning module BspMode (187)
[2016.03.24-10.09.14:371][873]LogModuleManager: Shutting down and abandoning module PlacementMode (186)
[2016.03.24-10.09.14:371][873]LogModuleManager: Shutting down and abandoning module AutomationWorker (185)
[2016.03.24-10.09.14:371][873]LogModuleManager: Shutting down and abandoning module CharacterAI (184)
[2016.03.24-10.09.14:371][873]LogModuleManager: Shutting down and abandoning module SmartSnapping (183)
[2016.03.24-10.09.14:371][873]LogModuleManager: Shutting down and abandoning module ViewportSnapping (182)
[2016.03.24-10.09.14:371][873]LogModuleManager: Shutting down and abandoning module LogVisualizer (181)
[2016.03.24-10.09.14:371][873]LogModuleManager: Shutting down and abandoning module GameProjectGeneration (180)
[2016.03.24-10.09.14:371][873]LogModuleManager: Shutting down and abandoning module IntroTutorials (179)
[2016.03.24-10.09.14:371][873]LogModuleManager: Shutting down and abandoning module EditorLiveStreaming (178)
[2016.03.24-10.09.14:371][873]LogModuleManager: Shutting down and abandoning module IOSPlatformEditor (177)
[2016.03.24-10.09.14:371][873]LogModuleManager: Shutting down and abandoning module HTML5PlatformEditor (176)
[2016.03.24-10.09.14:371][873]LogModuleManager: Shutting down and abandoning module AndroidDeviceDetection (175)
[2016.03.24-10.09.15:181][873]LogModuleManager: Shutting down and abandoning module AndroidPlatformEditor (174)
[2016.03.24-10.09.15:181][873]LogModuleManager: Shutting down and abandoning module IOSRuntimeSettings (173)
[2016.03.24-10.09.15:181][873]LogModuleManager: Shutting down and abandoning module AndroidRuntimeSettings (172)
[2016.03.24-10.09.15:181][873]LogModuleManager: Shutting down and abandoning module MergeActors (171)
[2016.03.24-10.09.15:181][873]LogModuleManager: Shutting down and abandoning module SizeMap (170)
[2016.03.24-10.09.15:181][873]LogModuleManager: Shutting down and abandoning module TreeMap (169)
[2016.03.24-10.09.15:181][873]LogModuleManager: Shutting down and abandoning module ReferenceViewer (168)
[2016.03.24-10.09.15:181][873]LogModuleManager: Shutting down and abandoning module LocalizationService (167)
[2016.03.24-10.09.15:181][873]LogModuleManager: Shutting down and abandoning module LocalizationDashboard (166)
[2016.03.24-10.09.15:181][873]LogModuleManager: Shutting down and abandoning module HardwareTargeting (165)
[2016.03.24-10.09.15:181][873]LogModuleManager: Shutting down and abandoning module DeviceProfileEditor (164)
[2016.03.24-10.09.15:181][873]LogModuleManager: Shutting down and abandoning module UndoHistory (163)
[2016.03.24-10.09.15:181][873]LogModuleManager: Shutting down and abandoning module GameplayTagsEditor (162)
[2016.03.24-10.09.15:181][873]LogModuleManager: Shutting down and abandoning module UserFeedback (161)
[2016.03.24-10.09.15:181][873]LogModuleManager: Shutting down and abandoning module XmlParser (160)
[2016.03.24-10.09.15:181][873]LogModuleManager: Shutting down and abandoning module Blutility (159)
[2016.03.24-10.09.15:181][873]LogModuleManager: Shutting down and abandoning module ProjectTargetPlatformEditor (158)
[2016.03.24-10.09.15:181][873]LogModuleManager: Shutting down and abandoning module ProjectSettingsViewer (157)
[2016.03.24-10.09.15:181][873]LogModuleManager: Shutting down and abandoning module InputBindingEditor (156)
[2016.03.24-10.09.15:181][873]LogModuleManager: Shutting down and abandoning module EditorSettingsViewer (155)
[2016.03.24-10.09.15:181][873]LogModuleManager: Shutting down and abandoning module SettingsEditor (154)
[2016.03.24-10.09.15:181][873]LogModuleManager: Shutting down and abandoning module ProjectLauncher (153)
[2016.03.24-10.09.15:181][873]LogModuleManager: Shutting down and abandoning module SessionFrontend (152)
[2016.03.24-10.09.15:181][873]LogModuleManager: Shutting down and abandoning module ProfilerClient (151)
[2016.03.24-10.09.15:181][873]LogModuleManager: Shutting down and abandoning module TargetDeviceServices (150)
[2016.03.24-10.09.15:181][873]LogModuleManager: Shutting down and abandoning module DeviceManager (149)
[2016.03.24-10.09.15:181][873]LogModuleManager: Shutting down and abandoning module AutomationController (148)
[2016.03.24-10.09.15:181][873]LogModuleManager: Shutting down and abandoning module AutomationWindow (147)
[2016.03.24-10.09.15:181][873]LogModuleManager: Shutting down and abandoning module Layers (146)
[2016.03.24-10.09.15:181][873]LogModuleManager: Shutting down and abandoning module ComponentVisualizers (145)
[2016.03.24-10.09.15:181][873]LogModuleManager: Shutting down and abandoning module DetailCustomizations (144)
[2016.03.24-10.09.15:181][873]LogModuleManager: Shutting down and abandoning module PackagesDialog (143)
[2016.03.24-10.09.15:181][873]LogModuleManager: Shutting down and abandoning module Persona (142)
[2016.03.24-10.09.15:181][873]LogModuleManager: Shutting down and abandoning module Kismet (141)
[2016.03.24-10.09.15:182][873]LogModuleManager: Shutting down and abandoning module GraphEditor (140)
[2016.03.24-10.09.15:182][873]LogModuleManager: Shutting down and abandoning module ClassViewer (139)
[2016.03.24-10.09.15:182][873]LogModuleManager: Shutting down and abandoning module Toolbox (138)
[2016.03.24-10.09.15:182][873]LogModuleManager: Shutting down and abandoning module ModuleUI (137)
[2016.03.24-10.09.15:182][873]LogModuleManager: Shutting down and abandoning module MovieSceneTools (136)
[2016.03.24-10.09.15:182][873]LogModuleManager: Shutting down and abandoning module OutputLog (135)
[2016.03.24-10.09.15:182][873]LogModuleManager: Shutting down and abandoning module GammaUI (134)
[2016.03.24-10.09.15:182][873]LogModuleManager: Shutting down and abandoning module Documentation (133)
[2016.03.24-10.09.15:182][873]LogModuleManager: Shutting down and abandoning module GameLiveStreaming (132)
[2016.03.24-10.09.15:182][873]LogModuleManager: Shutting down and abandoning module StreamingPauseRendering (131)
[2016.03.24-10.09.15:182][873]LogModuleManager: Shutting down and abandoning module AnalyticsET (130)
[2016.03.24-10.09.15:182][873]LogModuleManager: Shutting down and abandoning module Analytics (129)
[2016.03.24-10.09.15:182][873]LogModuleManager: Shutting down and abandoning module AITestSuite (128)
[2016.03.24-10.09.15:182][873]LogModuleManager: Shutting down and abandoning module GameplayDebugger (127)
[2016.03.24-10.09.15:182][873]LogModuleManager: Shutting down and abandoning module AIModule (126)
[2016.03.24-10.09.15:182][873]LogModuleManager: Shutting down and abandoning module ProfilerService (125)
[2016.03.24-10.09.15:247][873]LogModuleManager: Shutting down and abandoning module TaskGraph (124)
[2016.03.24-10.09.15:247][873]LogModuleManager: Shutting down and abandoning module LeapMotion (123)
[2016.03.24-10.09.15:256][873]LogModuleManager: Shutting down and abandoning module SlateRemote (122)
[2016.03.24-10.09.15:256][873]LogModuleManager: Shutting down and abandoning module SteamVRController (121)
[2016.03.24-10.09.15:256][873]LogModuleManager: Shutting down and abandoning module SteamVR (120)
[2016.03.24-10.09.15:256][873]LogModuleManager: Shutting down and abandoning module ProceduralMeshComponent (119)
[2016.03.24-10.09.15:256][873]LogModuleManager: Shutting down and abandoning module OculusRift (118)
[2016.03.24-10.09.15:256][873]LogModuleManager: Shutting down and abandoning module OculusLibrary (117)
[2016.03.24-10.09.15:256][873]LogModuleManager: Shutting down and abandoning module LeapMotionController (116)
[2016.03.24-10.09.15:266][873]LogModuleManager: Shutting down and abandoning module CustomMeshComponent (115)
[2016.03.24-10.09.15:266][873]LogModuleManager: Shutting down and abandoning module CableComponent (114)
[2016.03.24-10.09.15:266][873]LogModuleManager: Shutting down and abandoning module ArchVisCharacter (113)
[2016.03.24-10.09.15:266][873]LogModuleManager: Shutting down and abandoning module MessagingDebugger (112)
[2016.03.24-10.09.15:266][873]LogModuleManager: Shutting down and abandoning module MediaPlayerEditor (111)
[2016.03.24-10.09.15:266][873]LogModuleManager: Shutting down and abandoning module HTML5Networking (110)
[2016.03.24-10.09.15:266][873]LogModuleManager: Shutting down and abandoning module SpeedTreeImporter (109)
[2016.03.24-10.09.15:266][873]LogModuleManager: Shutting down and abandoning module PluginBrowser (108)
[2016.03.24-10.09.15:266][873]LogModuleManager: Shutting down and abandoning module EpicSurvey (107)
[2016.03.24-10.09.15:266][873]LogModuleManager: Shutting down and abandoning module DesktopPlatform (106)
[2016.03.24-10.09.15:266][873]LogModuleManager: Shutting down and abandoning module VisualStudioSourceCodeAccess (105)
[2016.03.24-10.09.15:266][873]LogModuleManager: Shutting down and abandoning module UObjectPlugin (104)
[2016.03.24-10.09.15:266][873]LogModuleManager: Shutting down and abandoning module SubversionSourceControl (103)
[2016.03.24-10.09.15:266][873]LogModuleManager: Shutting down and abandoning module PerforceSourceControl (102)
[2016.03.24-10.09.15:266][873]LogModuleManager: Shutting down and abandoning module SourceControl (101)
[2016.03.24-10.09.15:266][873]LogModuleManager: Shutting down and abandoning module GitSourceControl (100)
[2016.03.24-10.09.15:266][873]LogModuleManager: Shutting down and abandoning module LightPropagationVolumeEditor (99)
[2016.03.24-10.09.15:266][873]LogModuleManager: Shutting down and abandoning module PaperTiledImporter (98)
[2016.03.24-10.09.15:266][873]LogModuleManager: Shutting down and abandoning module PaperSpriteSheetImporter (97)
[2016.03.24-10.09.15:266][873]LogModuleManager: Shutting down and abandoning module MeshPaint (96)
[2016.03.24-10.09.15:266][873]LogModuleManager: Shutting down and abandoning module SlateReflector (95)
[2016.03.24-10.09.15:266][873]LogModuleManager: Shutting down and abandoning module HotReload (94)
[2016.03.24-10.09.15:266][873]LogModuleManager: Shutting down and abandoning module MainFrame (93)
[2016.03.24-10.09.15:266][873]LogModuleManager: Shutting down and abandoning module LevelEditor (92)
[2016.03.24-10.09.15:267][873]LogModuleManager: Shutting down and abandoning module DirectoryWatcher (91)
[2016.03.24-10.09.15:268][873]LogModuleManager: Shutting down and abandoning module AssetRegistry (90)
[2016.03.24-10.09.15:345][873]LogModuleManager: Shutting down and abandoning module ContentBrowser (89)
[2016.03.24-10.09.15:345][873]LogModuleManager: Shutting down and abandoning module Paper2DEditor (88)
[2016.03.24-10.09.15:345][873]LogModuleManager: Shutting down and abandoning module TheBeginning (87)
[2016.03.24-10.09.15:345][873]LogModuleManager: Shutting down and abandoning module Kinect4Unreal (86)
[2016.03.24-10.09.15:345][873]LogModuleManager: Shutting down and abandoning module UdpMessaging (85)
[2016.03.24-10.09.15:446][873]LogModuleManager: Shutting down and abandoning module LightPropagationVolumeRuntime (84)
[2016.03.24-10.09.15:446][873]LogModuleManager: Shutting down and abandoning module Paper2D (83)
[2016.03.24-10.09.15:446][873]LogModuleManager: Shutting down and abandoning module WindowsMoviePlayer (82)
[2016.03.24-10.09.15:449][873]LogModuleManager: Shutting down and abandoning module Media (81)
[2016.03.24-10.09.15:449][873]LogModuleManager: Shutting down and abandoning module WmfMedia (80)
[2016.03.24-10.09.15:449][873]LogModuleManager: Shutting down and abandoning module OnlineBlueprintSupport (79)
[2016.03.24-10.09.15:449][873]LogModuleManager: Shutting down and abandoning module GameplayTasksEditor (78)
[2016.03.24-10.09.15:449][873]LogModuleManager: Shutting down and abandoning module PropertyEditor (77)
[2016.03.24-10.09.15:449][873]LogModuleManager: Shutting down and abandoning module BehaviorTreeEditor (76)
[2016.03.24-10.09.15:449][873]LogModuleManager: Shutting down and abandoning module FunctionalTesting (75)
[2016.03.24-10.09.15:449][873]LogModuleManager: Shutting down and abandoning module CollisionAnalyzer (74)
[2016.03.24-10.09.15:449][873]LogModuleManager: Shutting down and abandoning module WorkspaceMenuStructure (73)
[2016.03.24-10.09.15:449][873]LogModuleManager: Shutting down and abandoning module MessageLog (72)
[2016.03.24-10.09.15:449][873]LogModuleManager: Shutting down and abandoning module Sequencer (71)
[2016.03.24-10.09.15:449][873]LogModuleManager: Shutting down and abandoning module AssetTools (70)
[2016.03.24-10.09.15:449][873]LogModuleManager: Shutting down and abandoning module UMGEditor (69)
[2016.03.24-10.09.15:449][873]LogModuleManager: Shutting down and abandoning module UMG (68)
[2016.03.24-10.09.15:449][873]LogModuleManager: Shutting down and abandoning module Slate (67)
[2016.03.24-10.09.15:449][873]LogModuleManager: Shutting down and abandoning module EditorStyle (66)
[2016.03.24-10.09.15:451][873]LogModuleManager: Shutting down and abandoning module SessionServices (65)
[2016.03.24-10.09.15:451][873]LogModuleManager: Shutting down and abandoning module SourceCodeAccess (64)
[2016.03.24-10.09.15:451][873]LogModuleManager: Shutting down and abandoning module HeadMountedDisplay (63)
[2016.03.24-10.09.15:451][873]LogModuleManager: Shutting down and abandoning module XAudio2 (62)
[2016.03.24-10.09.15:451][873]LogModuleManager: Shutting down and abandoning module Networking (60)
[2016.03.24-10.09.15:451][873]LogModuleManager: Shutting down and abandoning module Core (59)
[2016.03.24-10.09.15:451][873]LogModuleManager: Shutting down and abandoning module KismetCompiler (58)
[2016.03.24-10.09.15:451][873]LogModuleManager: Shutting down and abandoning module PhysXFormats (57)
[2016.03.24-10.09.15:451][873]LogModuleManager: Shutting down and abandoning module MeshUtilities (56)
[2016.03.24-10.09.15:451][873]LogModuleManager: Shutting down and abandoning module CookingStats (55)
[2016.03.24-10.09.15:455][873]LogModuleManager: Shutting down and abandoning module DerivedDataCache (54)
[2016.03.24-10.09.15:504][873]LogDerivedDataCache: Shutdown
[2016.03.24-10.09.15:504][873]LogModuleManager: Shutting down and abandoning module ShaderFormatOpenGL (53)
[2016.03.24-10.09.15:504][873]LogModuleManager: Shutting down and abandoning module ShaderFormatD3D (52)
[2016.03.24-10.09.15:504][873]LogModuleManager: Shutting down and abandoning module MetalShaderFormat (51)
[2016.03.24-10.09.15:504][873]LogModuleManager: Shutting down and abandoning module TextureFormatUncompressed (50)
[2016.03.24-10.09.15:504][873]LogModuleManager: Shutting down and abandoning module TextureFormatPVR (49)
[2016.03.24-10.09.15:504][873]LogModuleManager: Shutting down and abandoning module TextureFormatIntelISPCTexComp (48)
[2016.03.24-10.09.15:504][873]LogModuleManager: Shutting down and abandoning module TextureFormatDXT (47)
[2016.03.24-10.09.15:504][873]LogModuleManager: Shutting down and abandoning module ImageWrapper (46)
[2016.03.24-10.09.15:504][873]LogModuleManager: Shutting down and abandoning module TextureFormatASTC (45)
[2016.03.24-10.09.15:504][873]LogModuleManager: Shutting down and abandoning module TextureFormatAndroid (44)
[2016.03.24-10.09.15:504][873]LogModuleManager: Shutting down and abandoning module AudioFormatOpus (43)
[2016.03.24-10.09.15:504][873]LogModuleManager: Shutting down and abandoning module AudioFormatOgg (42)
[2016.03.24-10.09.15:504][873]LogModuleManager: Shutting down and abandoning module AudioFormatADPCM (41)
[2016.03.24-10.09.15:504][873]LogModuleManager: Shutting down and abandoning module LinuxTargetPlatform (40)
[2016.03.24-10.09.15:504][873]LogModuleManager: Shutting down and abandoning module LinuxServerTargetPlatform (39)
[2016.03.24-10.09.15:504][873]LogModuleManager: Shutting down and abandoning module LinuxNoEditorTargetPlatform (38)
[2016.03.24-10.09.15:504][873]LogModuleManager: Shutting down and abandoning module Messaging (37)
[2016.03.24-10.09.15:504][873]LogModuleManager: Shutting down and abandoning module IOSTargetPlatform (36)
[2016.03.24-10.09.15:504][873]LogModuleManager: Shutting down and abandoning module HTML5TargetPlatform (35)
[2016.03.24-10.09.15:504][873]LogModuleManager: Shutting down and abandoning module Android_PVRTCTargetPlatform (34)
[2016.03.24-10.09.15:504][873]LogModuleManager: Shutting down and abandoning module Android_ETC2TargetPlatform (33)
[2016.03.24-10.09.15:504][873]LogModuleManager: Shutting down and abandoning module Android_ETC1TargetPlatform (32)
[2016.03.24-10.09.15:504][873]LogModuleManager: Shutting down and abandoning module Android_DXTTargetPlatform (31)
[2016.03.24-10.09.15:504][873]LogModuleManager: Shutting down and abandoning module Android_ATCTargetPlatform (30)
[2016.03.24-10.09.15:504][873]LogModuleManager: Shutting down and abandoning module Android_ASTCTargetPlatform (29)
[2016.03.24-10.09.15:504][873]LogModuleManager: Shutting down and abandoning module AndroidTargetPlatform (28)
[2016.03.24-10.09.15:504][873]LogModuleManager: Shutting down and abandoning module WindowsTargetPlatform (27)
[2016.03.24-10.09.15:504][873]LogModuleManager: Shutting down and abandoning module WindowsServerTargetPlatform (26)
[2016.03.24-10.09.15:504][873]LogModuleManager: Shutting down and abandoning module WindowsNoEditorTargetPlatform (25)
[2016.03.24-10.09.15:504][873]LogModuleManager: Shutting down and abandoning module WindowsClientTargetPlatform (24)
[2016.03.24-10.09.15:504][873]LogModuleManager: Shutting down and abandoning module AllDesktopTargetPlatform (23)
[2016.03.24-10.09.15:504][873]LogModuleManager: Shutting down and abandoning module TargetPlatform (22)
[2016.03.24-10.09.15:504][873]LogModuleManager: Shutting down and abandoning module InputCore (21)
[2016.03.24-10.09.15:504][873]LogModuleManager: Shutting down and abandoning module Settings (20)
[2016.03.24-10.09.15:504][873]LogModuleManager: Shutting down and abandoning module OnlineSubsystem (18)
[2016.03.24-10.09.15:504][873]LogModuleManager: Shutting down and abandoning module HTTP (17)
[2016.03.24-10.09.17:508][873]LogModuleManager: Shutting down and abandoning module XMPP (16)
[2016.03.24-10.09.17:508][873]LogModuleManager: Shutting down and abandoning module ExampleDeviceProfileSelector (15)
[2016.03.24-10.09.17:508][873]LogModuleManager: Shutting down and abandoning module TextureCompressor (14)
[2016.03.24-10.09.17:508][873]LogModuleManager: Shutting down and abandoning module ShaderCore (13)
[2016.03.24-10.09.17:508][873]LogModuleManager: Shutting down and abandoning module Landscape (12)
[2016.03.24-10.09.17:508][873]LogModuleManager: Shutting down and abandoning module SlateRHIRenderer (11)
[2016.03.24-10.09.17:509][873]LogModuleManager: Shutting down and abandoning module OpenGLDrv (10)
[2016.03.24-10.09.17:509][873]LogModuleManager: Shutting down and abandoning module D3D11RHI (9)
[2016.03.24-10.09.17:509][873]LogModuleManager: Shutting down and abandoning module AnimGraphRuntime (8)
[2016.03.24-10.09.17:509][873]LogModuleManager: Shutting down and abandoning module Renderer (7)
[2016.03.24-10.09.17:509][873]LogModuleManager: Shutting down and abandoning module Engine (6)
[2016.03.24-10.09.17:509][873]LogModuleManager: Shutting down and abandoning module CoreUObject (5)
[2016.03.24-10.09.17:509][873]LogModuleManager: Shutting down and abandoning module NetworkFile (4)
[2016.03.24-10.09.17:509][873]LogModuleManager: Shutting down and abandoning module StreamingFile (3)
[2016.03.24-10.09.17:509][873]LogModuleManager: Shutting down and abandoning module SandboxFile (2)
[2016.03.24-10.09.17:509][873]LogModuleManager: Shutting down and abandoning module PakFile (1)
[2016.03.24-10.09.17:509][873]LogExit: Exiting.
[2016.03.24-10.09.17:511][873]Log file closed, 03/24/16 11:09:17
