[2016.03.17-08.44.10:755][  0]Log file open, 03/17/16 09:44:10
[2016.03.17-08.44.10:755][  0]LogInit:Display: Running engine for game: TheBeginning
[2016.03.17-08.44.10:755][  0]LogInit:Display: RandInit(587369334) SRandInit(587369334).
[2016.03.17-08.44.10:755][  0]LogTaskGraph: Started task graph with 4 named threads and 7 total threads.
[2016.03.17-08.44.10:755][  0]LogStats: Stats thread started at 0.066557
[2016.03.17-08.44.10:755][  0]LogInit: Version: 4.9.2-2707645+++depot+UE4-Releases+4.9
[2016.03.17-08.44.10:755][  0]LogInit: API Version: 2672455
[2016.03.17-08.44.10:755][  0]LogInit: Compiled (64-bit): Sep 28 2015 10:25:44
[2016.03.17-08.44.10:755][  0]LogInit: Compiled with Visual C++: 18.00.21005.01
[2016.03.17-08.44.10:755][  0]LogInit: Build Configuration: Development
[2016.03.17-08.44.10:755][  0]LogInit: Branch Name: ++depot+UE4-Releases+4.9
[2016.03.17-08.44.10:755][  0]LogInit: Command line:  
[2016.03.17-08.44.10:755][  0]LogInit: Base directory: D:/Programme/Epic Games/4.9/Engine/Binaries/Win64/
[2016.03.17-08.44.10:755][  0]LogInit: Rocket: 1
[2016.03.17-08.44.10:760][  0]LogInit: Using libcurl 7.41.0
[2016.03.17-08.44.10:760][  0]LogInit:  - built for x86_64-pc-win32
[2016.03.17-08.44.10:760][  0]LogInit:  - supports SSL with WinSSL
[2016.03.17-08.44.10:760][  0]LogInit:  - other features:
[2016.03.17-08.44.10:760][  0]LogInit:      CURL_VERSION_SSL
[2016.03.17-08.44.10:760][  0]LogInit:      CURL_VERSION_IPV6
[2016.03.17-08.44.10:760][  0]LogInit:      CURL_VERSION_ASYNCHDNS
[2016.03.17-08.44.10:760][  0]LogInit:      CURL_VERSION_LARGEFILE
[2016.03.17-08.44.10:760][  0]LogInit:      CURL_VERSION_IDN
[2016.03.17-08.44.10:760][  0]LogInit:  CurlRequestOptions (configurable via config and command line):
[2016.03.17-08.44.10:760][  0]LogInit:  - bVerifyPeer = true  - Libcurl will verify peer certificate
[2016.03.17-08.44.10:760][  0]LogInit:  - bUseHttpProxy = false  - Libcurl will NOT use HTTP proxy
[2016.03.17-08.44.10:760][  0]LogInit:  - bDontReuseConnections = false  - Libcurl will reuse connections
[2016.03.17-08.44.10:760][  0]LogInit:  - CertBundlePath = nullptr  - Libcurl will use whatever was configured at build time.
[2016.03.17-08.44.10:764][  0]LogInit: Presizing for 0 objects not considered by GC, pre-allocating 0 bytes.
[2016.03.17-08.44.10:770][  0]LogInit: Object subsystem initialized
[2016.03.17-08.44.10:771][  0]LogInit: Selected Device Profile: [Windows]
[2016.03.17-08.44.10:771][  0]LogInit: Applying CVar settings loaded from the selected device profile: [Windows]
[2016.03.17-08.44.10:778][  0]LogInit: Computer: PC1021500895
[2016.03.17-08.44.10:778][  0]LogInit: User: VR
[2016.03.17-08.44.10:778][  0]LogInit: CPU Page size=4096, Cores=4
[2016.03.17-08.44.10:778][  0]LogInit: High frequency timer resolution =3.507497 MHz
[2016.03.17-08.44.10:778][  0]LogMemory: Memory total: Physical=15.9GB (16GB approx)
[2016.03.17-08.44.10:778][  0]LogMemory: Platform Memory Stats for Windows
[2016.03.17-08.44.10:778][  0]LogMemory: Process Physical Memory: 52.69 MB used, 52.69 MB peak
[2016.03.17-08.44.10:778][  0]LogMemory: Process Virtual Memory: 58.03 MB used, 58.03 MB peak
[2016.03.17-08.44.10:778][  0]LogMemory: Physical Memory: 4613.83 MB used, 16261.17 MB total
[2016.03.17-08.44.10:778][  0]LogMemory: Virtual Memory: 349.63 MB used, 134217728.00 MB total
[2016.03.17-08.44.10:805][  0]LogTextLocalizationManager: No translations for ('de-DE') exist, falling back to 'en' for localization and internationalization data.
[2016.03.17-08.44.11:315][  0]LogD3D11RHI: Found D3D11 adapter 0: NVIDIA GeForce GTX 970 (Feature Level 11_0)
[2016.03.17-08.44.11:315][  0]LogD3D11RHI: Adapter has 3976MB of dedicated video memory, 0MB of dedicated system memory, and 8130MB of shared system memory, 1 output[s]
[2016.03.17-08.44.11:316][  0]LogD3D11RHI: Found D3D11 adapter 1: Microsoft Basic Render Driver (Feature Level 11_0)
[2016.03.17-08.44.11:316][  0]LogD3D11RHI: Adapter has 0MB of dedicated video memory, 0MB of dedicated system memory, and 256MB of shared system memory, 0 output[s]
[2016.03.17-08.44.11:316][  0]LogD3D11RHI: Chosen D3D11 Adapter Id = 0
[2016.03.17-08.44.11:319][  0]LogD3D11RHI: !Direct3DDevice
[2016.03.17-08.44.11:319][  0]LogRHI: Texture pool is 1361 MB (70% of 1945 MB)
[2016.03.17-08.44.11:329][  0]LogD3D11RHI: Async texture creation enabled
[2016.03.17-08.44.11:344][  0]LogShaderCompilers: Guid format shader working directory is 15 characters bigger than the processId version (../../../../../../UnrealProjects/GE_Project/Intermediate/Shaders/WorkingDirectory/8364/).
[2016.03.17-08.44.11:344][  0]LogShaderCompilers: Cleaned the shader compiler working directory '../../../../../../UnrealProjects/GE_Project/Intermediate/Shaders/tmp/C4BEE50A4B5610F164D8C883F89D8070/'.
[2016.03.17-08.44.11:344][  0]LogShaderCompilers:Display: Using Local Shader Compiler.
[2016.03.17-08.44.12:114][  0]LogTemp:Display: Loaded TP AllDesktopTargetPlatform
[2016.03.17-08.44.12:118][  0]LogTemp:Display: Loaded TP WindowsClientTargetPlatform
[2016.03.17-08.44.12:121][  0]LogTemp:Display: Loaded TP WindowsNoEditorTargetPlatform
[2016.03.17-08.44.12:124][  0]LogTemp:Display: Loaded TP WindowsServerTargetPlatform
[2016.03.17-08.44.12:128][  0]LogTemp:Display: Loaded TP WindowsTargetPlatform
[2016.03.17-08.44.12:130][  0]LogTemp:Display: Loaded TP AndroidTargetPlatform
[2016.03.17-08.44.12:132][  0]LogTemp:Display: Loaded TP Android_ASTCTargetPlatform
[2016.03.17-08.44.12:135][  0]LogTemp:Display: Loaded TP Android_ATCTargetPlatform
[2016.03.17-08.44.12:137][  0]LogTemp:Display: Loaded TP Android_DXTTargetPlatform
[2016.03.17-08.44.12:139][  0]LogTemp:Display: Loaded TP Android_ETC1TargetPlatform
[2016.03.17-08.44.12:142][  0]LogTemp:Display: Loaded TP Android_ETC2TargetPlatform
[2016.03.17-08.44.12:144][  0]LogTemp:Display: Loaded TP Android_PVRTCTargetPlatform
[2016.03.17-08.44.12:145][  0]LogTemp:Display: Loaded TP HTML5TargetPlatform
[2016.03.17-08.44.12:160][  0]LogTemp:Display: Loaded TP IOSTargetPlatform
[2016.03.17-08.44.12:162][  0]LogTemp:Display: Loaded TP LinuxNoEditorTargetPlatform
[2016.03.17-08.44.12:165][  0]LogTemp:Display: Loaded TP LinuxServerTargetPlatform
[2016.03.17-08.44.12:168][  0]LogTemp:Display: Loaded TP LinuxTargetPlatform
[2016.03.17-08.44.12:168][  0]LogTargetPlatformManager:Display: Building Assets For Windows
[2016.03.17-08.44.12:220][  0]LogDerivedDataCache:Display: Max Cache Size: 512 MB
[2016.03.17-08.44.12:259][  0]LogDerivedDataCache: Loaded boot cache 0.04s 41MB C:/Users/VR/AppData/Local/UnrealEngine/4.9/DerivedDataCache/Boot.ddc.
[2016.03.17-08.44.12:259][  0]LogDerivedDataCache:Display: Loaded Boot cache: C:/Users/VR/AppData/Local/UnrealEngine/4.9/DerivedDataCache/Boot.ddc
[2016.03.17-08.44.12:259][  0]LogDerivedDataCache: FDerivedDataBackendGraph:  Pak pak cache file ../../../../../../UnrealProjects/GE_Project/DerivedDataCache/DDC.ddp not found, will not use a pak cache.
[2016.03.17-08.44.12:259][  0]LogDerivedDataCache: Unable to find inner node Pak for hierarchical cache Hierarchy.
[2016.03.17-08.44.12:259][  0]LogDerivedDataCache: FDerivedDataBackendGraph:  CompressedPak pak cache file ../../../../../../UnrealProjects/GE_Project/DerivedDataCache/Compressed.ddp not found, will not use a pak cache.
[2016.03.17-08.44.12:259][  0]LogDerivedDataCache: Unable to find inner node CompressedPak for hierarchical cache Hierarchy.
[2016.03.17-08.44.12:379][  0]LogDerivedDataCache:Display: Pak cache opened for reading ../../../Engine/DerivedDataCache/Compressed.ddp.
[2016.03.17-08.44.12:391][  0]LogDerivedDataCache: Using Local data cache path C:/Users/VR/AppData/Local/UnrealEngine/Common/DerivedDataCache: Writable
[2016.03.17-08.44.12:528][  0]LogInit: Selected Device Profile: [Windows]
[2016.03.17-08.44.12:530][  0]LogContentStreaming: Texture pool size is 0.000000MB
[2016.03.17-08.44.12:627][  0]LogMeshUtilities: No automatic mesh reduction module available
[2016.03.17-08.44.12:627][  0]LogMeshUtilities: No automatic mesh merging module available
[2016.03.17-08.44.12:808][  0]LogInit: WinSock: version 1.1 (2.2), MaxSocks=32767, MaxUdp=65467
[2016.03.17-08.44.13:366][  0]UdpMessaging: Initializing bridge on interface 0.0.0.0:0 to multicast group 230.0.0.1:6666.
[2016.03.17-08.44.13:486][  0]LogAssetRegistry: FAssetRegistry took 0.0111 seconds to start up
[2016.03.17-08.44.13:608][  0]SourceControl: Info Source control is disabled
[2016.03.17-08.44.13:615][  0]SourceControl: Info Source control is disabled
[2016.03.17-08.44.13:621][  0]SourceControl: Info Source control is disabled
[2016.03.17-08.44.13:627][  0]SourceControl: Info Source control is disabled
[2016.03.17-08.44.13:723][  0]LogLinker:Warning: Asset '../../../Engine/Plugins/Runtime/LeapMotionController/Content/LM_PassthroughMaterial.uasset' has been saved with empty engine version. The asset will be loaded but may be incompatible.
[2016.03.17-08.44.13:771][  0]LeapPluginLog: Using LeapPlugin version 0.9.6
[2016.03.17-08.44.13:775][  0]LogObj: 29249 objects as part of root set at end of initial load.
[2016.03.17-08.44.13:775][  0]LogUObjectAllocator: 6234272 out of 0 bytes used by permanent object pool.
[2016.03.17-08.44.13:821][  0]LogEngine: Initializing Engine...
[2016.03.17-08.44.13:823][  0]LogHMD: Can't find Oculus library dev build: is proper Runtime installed? Version: 0.7.0.0
[2016.03.17-08.44.13:975][  0]LogHMD: SteamVR failed to initialize.  Err: 1000
[2016.03.17-08.44.14:062][  0]LogAIModule: Creating AISystem for world NewWorld
[2016.03.17-08.44.14:073][  0]LogInit: XAudio2 using 'Speakers (Realtek High Definition Audio)' : 2 channels at 48 kHz using 32 bits per sample (channel mask 0x3)
[2016.03.17-08.44.14:078][  0]LogInit: FAudioDevice initialized.
[2016.03.17-08.44.14:097][  0]LogDerivedDataCache: Saved boot cache 0.02s 41MB C:/Users/VR/AppData/Local/UnrealEngine/4.9/DerivedDataCache/Boot.ddc.
[2016.03.17-08.44.14:101][  0]LogInit: Texture streaming: Enabled
[2016.03.17-08.44.14:104][  0]LogAnalytics: Creating configured Analytics provider AnalyticsET
[2016.03.17-08.44.14:104][  0]LogAnalytics: [UEEditor.Rocket.Release] APIServer = http://et2.epicgames.com/ET2/. AppVersion = 4.9.2-2707645+++depot+UE4-Releases+4.9
[2016.03.17-08.44.14:104][  0]LogAnalytics: [UEEditor.Rocket.Release] SetUserId 8c1436b7469470d4e6ebefb46ce7086e|0318ce7eb266467aa7a1e63543527494|c39e7128-8a93-45bc-b94e-b28d0faf1958
[2016.03.17-08.44.14:104][  0]LogAnalytics: [UEEditor.Rocket.Release] AnalyticsET::StartSession
[2016.03.17-08.44.14:113][  0]LogWindowsTextInputMethodSystem:Display: IME system now deactivated.
[2016.03.17-08.44.14:123][  0]LogInit: Transaction tracking system initialized
[2016.03.17-08.44.14:138][  0]BlueprintLog: New page: Editor Load
[2016.03.17-08.44.14:181][  0]LocalizationService: Info Localization service is disabled
[2016.03.17-08.44.14:220][  0]LogLinker:Warning: Can't find file '/Game/FirstPersonBP/FirstPersonOverview'
[2016.03.17-08.44.14:220][  0]LogLinker:Warning: Can't find file '/Game/FirstPersonBP/FirstPersonOverview'
[2016.03.17-08.44.14:220][  0]LogUObjectGlobals:Warning: Failed to find object 'Class /Game/FirstPersonBP/FirstPersonOverview.FirstPersonOverview_C'
[2016.03.17-08.44.14:228][  0]LogConsoleResponse:Display: 
[2016.03.17-08.44.14:317][  0]LogCook:Display: Done creating registry. It took  0.00s.
[2016.03.17-08.44.14:350][  0]LogFileCache: Scanning file cache for directory 'D:/UnrealProjects/GE_Project/Content/' took 0.01s
[2016.03.17-08.44.14:350][  0]SourceControl: Info Source control is disabled
[2016.03.17-08.44.14:350][  0]Cmd: MAP LOAD FILE="../../../../../../UnrealProjects/GE_Project/Content/StarterContent/Maps/Minimal_Default.umap" TEMPLATE=0 SHOWPROGRESS=1 FEATURELEVEL=3
[2016.03.17-08.44.14:350][  0]LightingResults: New page: Lighting Build
[2016.03.17-08.44.14:352][  0]MapCheck: New page: Map Check
[2016.03.17-08.44.14:352][  0]LightingResults: New page: Lighting Build
[2016.03.17-08.44.14:361][  0]LogParticles: Destroying 0 GPU particle simulations for FXSystem 0x000000F56E854400
[2016.03.17-08.44.14:657][  0]LogAIModule: Creating AISystem for world Minimal_Default
[2016.03.17-08.44.14:662][  0]LogEditorServer: Finished looking for orphan Actors (0.000 secs)
[2016.03.17-08.44.14:662][  0]Cmd: MAP CHECKDEP NOCLEARLOG
[2016.03.17-08.44.14:701][  0]MapCheck: Info Map check complete: 0 Error(s), 0 Warning(s), took 38.742ms to complete.
[2016.03.17-08.44.14:701][  0]LogFileHelpers: Loading map 'Minimal_Default' took 0.351
[2016.03.17-08.44.14:785][  0]LogCollectionManager: Loaded 0 collections in 0.001173 seconds
[2016.03.17-08.44.14:826][  0]LogFileCache: Scanning file cache for directory 'D:/UnrealProjects/GE_Project/Saved/Collections/' took 0.01s
[2016.03.17-08.44.14:826][  0]LogFileCache: Scanning file cache for directory 'D:/UnrealProjects/GE_Project/Content/Developers/VR/Collections/' took 0.01s
[2016.03.17-08.44.14:826][  0]LogFileCache: Scanning file cache for directory 'D:/UnrealProjects/GE_Project/Content/Collections/' took 0.01s
[2016.03.17-08.44.14:826][  0]LogContentBrowser: Native class hierarchy populated in 0.0071 seconds. Added 1918 classes and 347 folders.
[2016.03.17-08.44.14:829][  0]LogCollectionManager: Rebuilt the GUID cache for 0 collections in 0.000002 seconds
[2016.03.17-08.44.14:833][  0]LogContentBrowser: Native class hierarchy updated for 'WidgetCarousel' in 0.0007 seconds. Added 0 classes and 0 folders.
[2016.03.17-08.44.14:864][  0]LogContentBrowser: Native class hierarchy updated for 'AddContentDialog' in 0.0009 seconds. Added 0 classes and 0 folders.
[2016.03.17-08.44.14:868][  0]LogContentBrowser: Native class hierarchy updated for 'SceneOutliner' in 0.0013 seconds. Added 1 classes and 2 folders.
[2016.03.17-08.44.14:917][  0]LogCrashTracker: Crashtracker disabled due to settings.
[2016.03.17-08.44.14:927][  0]LogUObjectGlobals:Warning: Failed to find object 'Class None.'
[2016.03.17-08.44.14:949][  0]LogLoad: Full Startup: 4.79 seconds (BP compile: 0.03 seconds)
[2016.03.17-08.44.15:026][  0]LogContentStreaming: Texture pool size now 1000 MB
[2016.03.17-08.44.15:123][  0]LogRenderer: Reallocating scene render targets to support 1216x576 (Frame:2).
[2016.03.17-08.44.15:293][  3]LogAssetRegistry: Asset discovery search completed in 1.8178 seconds
[2016.03.17-08.44.15:293][  3]LogCollectionManager: Rebuilt the object cache for 0 collections in 0.000001 seconds (found 0 objects)
[2016.03.17-08.44.15:293][  3]LogCollectionManager: Fixed up redirectors for 0 collections in 0.000018 seconds (updated 0 objects)
[2016.03.17-08.44.20:254][318]LogFileCache: Retrieving MD5 hashes for directory 'D:/UnrealProjects/GE_Project/Content/' took 5.29s
[2016.03.17-08.44.24:126][621]Cmd: MAP LOAD FILE="../../../../../../UnrealProjects/GE_Project/Content/MyFirstLevel.umap" TEMPLATE=0 SHOWPROGRESS=1 FEATURELEVEL=3
[2016.03.17-08.44.24:143][621]LightingResults: New page: Lighting Build
[2016.03.17-08.44.24:156][621]LoadErrors: New page: Loading map: MyFirstLevel.umap
[2016.03.17-08.44.24:156][621]MapCheck: New page: Map Check
[2016.03.17-08.44.24:156][621]LightingResults: New page: Lighting Build
[2016.03.17-08.44.24:165][621]LogParticles: Destroying 0 GPU particle simulations for FXSystem 0x000000F5571E7380
[2016.03.17-08.44.24:233][621]LogBlueprint:Warning: [compiler Ue4ASP_Character] Warning Input Axis Event references unknown Axis 'LookUp' for  InputAxis LookUp 
[2016.03.17-08.44.24:233][621]LogBlueprint:Warning: [compiler Ue4ASP_Character] Warning Input Axis Event references unknown Axis 'Turn' for  InputAxis Turn 
[2016.03.17-08.44.24:233][621]LogBlueprint:Warning: [compiler Ue4ASP_Character] Warning Input Axis Event references unknown Axis 'MoveRight' for  InputAxis MoveRight 
[2016.03.17-08.44.24:233][621]LogBlueprint:Warning: [compiler Ue4ASP_Character] Warning Input Axis Event references unknown Axis 'MoveForward' for  InputAxis MoveForward 
[2016.03.17-08.44.24:235][621]LogBlueprint:Warning: [compiler Ue4ASP_Character] Warning [0014.07] Compile of Ue4ASP_Character successful, but with 4 Warning(s) [in 5 ms]
[2016.03.17-08.44.24:235][621]LogBlueprint:Warning: [compiler Ue4ASP_Character] Warning [0014.07] Compile of Ue4ASP_Character successful, but with 5 Warning(s) [in 0 ms]
[2016.03.17-08.44.24:235][621]LogBlueprint:Warning: [compiler Ue4ASP_Character] Warning [0014.07] Compile of Ue4ASP_Character successful, but with 6 Warning(s) [in 0 ms]
[2016.03.17-08.44.24:285][621]LogBlueprint:Warning: [compiler Ue4ASP_Character] Warning Input Axis Event references unknown Axis 'LookUp' for  InputAxis LookUp 
[2016.03.17-08.44.24:286][621]LogBlueprint:Warning: [compiler Ue4ASP_Character] Warning Input Axis Event references unknown Axis 'Turn' for  InputAxis Turn 
[2016.03.17-08.44.24:286][621]LogBlueprint:Warning: [compiler Ue4ASP_Character] Warning Input Axis Event references unknown Axis 'MoveRight' for  InputAxis MoveRight 
[2016.03.17-08.44.24:286][621]LogBlueprint:Warning: [compiler Ue4ASP_Character] Warning Input Axis Event references unknown Axis 'MoveForward' for  InputAxis MoveForward 
[2016.03.17-08.44.24:288][621]LogBlueprint:Warning: [compiler Ue4ASP_Character] Warning [0014.13] Compile of Ue4ASP_Character successful, but with 4 Warning(s) [in 5 ms]
[2016.03.17-08.44.24:288][621]LogBlueprint:Warning: [compiler Ue4ASP_Character] Warning [0014.13] Compile of Ue4ASP_Character successful, but with 5 Warning(s) [in 0 ms]
[2016.03.17-08.44.24:288][621]LogBlueprint:Warning: [compiler Ue4ASP_Character] Warning [0014.13] Compile of Ue4ASP_Character successful, but with 6 Warning(s) [in 0 ms]
[2016.03.17-08.44.24:730][621]LogAIModule: Creating AISystem for world MyFirstLevel
[2016.03.17-08.44.24:900][621]LogEditorServer: Finished looking for orphan Actors (0.000 secs)
[2016.03.17-08.44.24:950][621]Cmd: MAP CHECKDEP NOCLEARLOG
[2016.03.17-08.44.25:000][621]MapCheck: Info Map check complete: 0 Error(s), 0 Warning(s), took 50.746ms to complete.
[2016.03.17-08.44.25:000][621]LogFileHelpers: Loading map 'MyFirstLevel' took 0.875
[2016.03.17-08.44.25:013][622]Cmd: UpdateLandscapeEditorData -warnings
[2016.03.17-08.48.25:567][621]LogEditorViewport: Clicking on Actor (LMB): StaticMeshActor (SM_Rock15)
[2016.03.17-08.48.28:122][896]LogEditorViewport: Clicking on Actor (LMB): StaticMeshActor (SM_Bush13)
[2016.03.17-08.48.32:110][351]LogEditorViewport: Clicking on Actor (LMB): StaticMeshActor (SM_Bush10)
[2016.03.17-08.48.34:208][598]LogEditorViewport: Clicking on Actor (LMB): StaticMeshActor (SM_Bush)
[2016.03.17-08.48.36:433][860]LogEditorViewport: Clicking on Actor (LMB): StaticMeshActor (SM_Bush15)
[2016.03.17-08.48.38:994][162]LogEditorViewport: Clicking on Actor (LMB): StaticMeshActor (SM_Bush16)
[2016.03.17-08.48.42:613][592]LogEditorViewport: Clicking on Actor (LMB): StaticMeshActor (SM_Bush14)
[2016.03.17-08.48.45:234][902]LogEditorViewport: Clicking on Actor (CTRL LMB): StaticMeshActor (SM_Bush18)
[2016.03.17-08.48.46:412][ 38]LogEditorViewport: Clicking on Actor (CTRL LMB): BP_PickUpItem_C (BP_PickUpItem)
[2016.03.17-08.48.47:156][125]LogEditorViewport: Clicking on Actor (LMB): StaticMeshActor (SM_Bush14)
[2016.03.17-08.48.49:432][393]LogEditorViewport: Clicking on Actor (LMB): Landscape (Landscape5)
[2016.03.17-08.48.49:981][452]LogEditorViewport: Clicking on Actor (LMB): StaticMeshActor (SM_Bush5)
[2016.03.17-08.48.53:705][893]LogEditorViewport: Clicking on Actor (LMB): BP_PickUpItem_C (BP_PickUpItem)
[2016.03.17-08.49.17:073][667]LogEditorViewport: Clicking on Actor (LMB): StaticMeshActor (SM_Rock12)
[2016.03.17-08.49.31:375][366]LogEditorViewport: Clicking on Actor (LMB): Landscape (Landscape5)
[2016.03.17-08.49.32:462][493]LogEditorViewport: Clicking on Actor (LMB): StaticMeshActor (SM_Rock12)
[2016.03.17-08.49.33:033][557]LogEditorViewport: Clicking on Actor (CTRL LMB): Landscape (Landscape5)
[2016.03.17-08.49.33:718][637]LogEditorViewport: Clicking on Actor (LMB): StaticMeshActor (SM_Rock12)
[2016.03.17-08.49.35:054][790]LogEditorViewport: Clicking on Actor (LMB): StaticMeshActor (SM_Rock12)
[2016.03.17-08.49.36:368][943]LogEditorViewport: Clicking on Actor (LMB): StaticMeshActor (SM_Rock12)
[2016.03.17-08.49.37:141][ 34]LogEditorViewport: Clicking on Actor (LMB): Landscape (Landscape5)
[2016.03.17-08.49.41:522][546]LogEditorViewport: Clicking on Actor (context menu): StaticMeshActor (SM_Rock12)
[2016.03.17-08.49.41:693][556]LogEditorViewport: Clicking on Actor (LMB): StaticMeshActor (SM_Rock12)
[2016.03.17-08.49.48:178][314]LogEditorViewport: Clicking on Actor (LMB): StaticMeshActor (SM_Rock)
[2016.03.17-08.49.48:955][403]LogEditorViewport: Clicking on Actor (LMB): StaticMeshActor (SM_Rock15)
[2016.03.17-08.50.05:113][320]LogEditorViewport: Clicking on Actor (LMB): StaticMeshActor (SM_Rock4)
[2016.03.17-08.50.25:428][746]LogEditorViewport: Clicking on Actor (LMB): BP_PickUpItem_C (BP_PickUpItem)
[2016.03.17-08.50.27:595][  0]LogEditorViewport: Clicking on Actor (double click): Landscape (Landscape5)
[2016.03.17-08.50.28:079][ 54]LogEditorViewport: Clicking on Actor (LMB): Landscape (Landscape5)
[2016.03.17-08.50.35:806][977]LogEditorViewport: Clicking on Actor (LMB): StaticMeshActor (SM_Rock13)
[2016.03.17-08.50.57:316][539]LogEditorViewport: Clicking on Actor (LMB): StaticMeshActor (SM_Rock13)
[2016.03.17-08.51.04:789][412]LogEditorViewport: Clicking on Actor (LMB): StaticMeshActor (SM_Rock15)
[2016.03.17-08.51.10:171][ 31]LogEditorViewport: Clicking on Actor (LMB): StaticMeshActor (SM_Rock12)
[2016.03.17-08.51.32:891][730]LogEditorViewport: Clicking on Actor (LMB): StaticMeshActor (SM_Rock15)
[2016.03.17-08.51.39:116][470]LogEditorViewport: Clicking on Actor (LMB): StaticMeshActor (SM_Rock13)
[2016.03.17-08.51.46:813][386]LogEditorViewport: Clicking on Actor (LMB): StaticMeshActor (SM_Rock4)
[2016.03.17-08.51.49:838][744]LogEditorViewport: Clicking on Actor (LMB): StaticMeshActor (SM_Rock12)
[2016.03.17-08.52.03:936][412]LogEditorViewport: Clicking on Actor (LMB): StaticMeshActor (SM_Rock13)
[2016.03.17-08.52.04:610][489]LogEditorViewport: Clicking on Actor (LMB): StaticMeshActor (SM_Rock15)
[2016.03.17-08.52.09:041][995]LogEditorViewport: Clicking on Actor (LMB): StaticMeshActor (SM_Rock4)
[2016.03.17-08.52.09:606][ 58]LogEditorViewport: Clicking on Actor (LMB): StaticMeshActor (SM_Rock12)
[2016.03.17-08.52.12:979][456]LogEditorViewport: Clicking on Actor (LMB): StaticMeshActor (SM_Rock4)
[2016.03.17-08.52.22:578][600]LogEditorViewport: Clicking on Actor (LMB): StaticMeshActor (SM_Rock13)
[2016.03.17-08.52.23:327][685]LogEditorViewport: Clicking on Actor (LMB): StaticMeshActor (SM_Rock15)
[2016.03.17-08.52.24:089][772]LogEditorViewport: Clicking on Actor (LMB): StaticMeshActor (SM_Rock13)
[2016.03.17-08.52.41:776][885]LogEditorViewport: Clicking on Actor (LMB): StaticMeshActor (SM_Rock12)
[2016.03.17-08.52.43:084][ 38]Cmd: EDIT COPY
[2016.03.17-08.52.43:346][ 67]Cmd: EDIT PASTE
[2016.03.17-08.52.53:791][305]LogEditorViewport: Clicking on Actor (LMB): StaticMeshActor (SM_Rock12)
[2016.03.17-08.53.03:849][501]LogEditorViewport: Clicking on Actor (LMB): StaticMeshActor (SM_Rock4)
[2016.03.17-08.53.04:841][616]Cmd: EDIT COPY
[2016.03.17-08.53.05:119][649]Cmd: EDIT PASTE
[2016.03.17-08.53.21:396][587]LogEditorViewport: Clicking on Actor (LMB): StaticMeshActor (SM_Rock15)
[2016.03.17-08.53.22:223][682]Cmd: EDIT COPY
[2016.03.17-08.53.22:456][710]Cmd: EDIT PASTE
[2016.03.17-08.53.49:702][930]LogEditorViewport: Clicking on Actor (LMB): StaticMeshActor (SM_Rock15)
[2016.03.17-08.53.52:061][203]LogEditorViewport: Clicking on Actor (LMB): Landscape (Landscape5)
[2016.03.17-08.53.52:580][262]LogEditorViewport: Clicking on Actor (LMB): BP_PickUpItem_C (BP_PickUpItem)
[2016.03.17-08.54.26:062][209]Cmd: OBJ SAVEPACKAGE PACKAGE="/Game/MyFirstLevel" FILE="../../../../../../UnrealProjects/GE_Project/Saved/Autosaves/Game/MyFirstLevel_Auto1.umap" SILENT=true AUTOSAVING=true KEEPDIRTY=false
[2016.03.17-08.54.26:641][209]LogSavePackage: Save=564.350281ms
[2016.03.17-08.54.26:641][209]LogSavePackage: Moving '../../../../../../UnrealProjects/GE_Project/Saved/MyFirstLevel_Auto10DE7538F4F256F7DD40D2FB4740F2EB5.tmp' to '../../../../../../UnrealProjects/GE_Project/Saved/Autosaves/Game/MyFirstLevel_Auto1.umap'
[2016.03.17-08.54.26:642][209]LogSavePackage: Total save time: 578.929078ms
[2016.03.17-08.54.26:642][209]LogSavePackage:Warning: Finished SavePackage ../../../../../../UnrealProjects/GE_Project/Saved/Autosaves/Game/MyFirstLevel_Auto1.umap
[2016.03.17-08.54.26:645][209]LogFileHelpers: Editor autosave (incl. sublevels) for '/Game/MyFirstLevel' took 0.604
[2016.03.17-08.54.26:645][209]LogFileHelpers: Editor autosave (incl. sublevels) for all levels took 0.604
[2016.03.17-08.54.51:595][169]LogEditorViewport: Clicking on Actor (LMB): StaticMeshActor (SM_Bush15)
[2016.03.17-08.55.31:838][873]Cmd: EDIT COPY
[2016.03.17-08.55.32:108][898]Cmd: EDIT PASTE
[2016.03.17-08.56.13:720][680]Cmd: EDIT COPY
[2016.03.17-08.56.13:983][711]Cmd: EDIT PASTE
[2016.03.17-08.56.22:149][675]Cmd: EDIT COPY
[2016.03.17-08.56.22:401][705]Cmd: EDIT PASTE
[2016.03.17-08.56.31:750][822]Cmd: EDIT COPY
[2016.03.17-08.56.32:100][858]Cmd: EDIT PASTE
[2016.03.17-08.56.46:424][514]LogEditorViewport: Clicking on Actor (LMB): StaticMeshActor (SM_Rock33)
[2016.03.17-08.56.54:684][467]LogEditorViewport: Clicking on Actor (LMB): StaticMeshActor (SM_Bush15)
[2016.03.17-08.56.55:460][556]Cmd: EDIT COPY
[2016.03.17-08.56.55:786][595]Cmd: EDIT PASTE
[2016.03.17-08.58.51:226][432]LogEditorViewport: Clicking on Actor (LMB): StaticMeshActor (SM_Bush16)
[2016.03.17-08.58.52:121][535]LogEditorViewport: Clicking on Actor (LMB): StaticMeshActor (SM_Rock)
[2016.03.17-08.58.55:287][910]Cmd: DELETE
[2016.03.17-08.58.55:287][910]Cmd: ACTOR DELETE
[2016.03.17-08.58.55:308][910]LogEditorActor: Deleted Actor: StaticMeshActor
[2016.03.17-08.58.55:319][910]LogEditorActor: Deleted 1 Actors (0.033 secs)
[2016.03.17-08.58.56:665][ 72]LogEditorViewport: Clicking on Actor (LMB): StaticMeshActor (SM_Rock2)
[2016.03.17-08.59.10:612][733]LogEditorViewport: Clicking on Actor (context menu): StaticMeshActor (SM_Rock2)
[2016.03.17-08.59.14:990][251]LogEditorViewport: Clicking on Actor (LMB): StaticMeshActor (SM_Rock2)
[2016.03.17-08.59.15:013][252]LogEditorViewport: Clicking on Component (LMB): StaticMeshComponent (StaticMeshComponent0)
[2016.03.17-08.59.15:114][261]LogEditorViewport: Clicking on Component (LMB): StaticMeshComponent (StaticMeshComponent0)
[2016.03.17-08.59.15:184][268]LogEditorViewport: Clicking on Actor (double click): StaticMeshActor (SM_Rock2)
[2016.03.17-08.59.55:462][ 61]Cmd: EDIT COPY
[2016.03.17-09.00.25:285][626]LogEditorViewport: Clicking on Actor (LMB): StaticMeshActor (SM_Bush17)
[2016.03.17-09.00.26:220][734]LogEditorViewport: Clicking on Actor (LMB): StaticMeshActor (SM_Bush29)
[2016.03.17-09.00.27:830][923]LogEditorViewport: Clicking on Actor (CTRL LMB): Landscape (Landscape5)
[2016.03.17-09.00.28:540][  6]LogEditorViewport: Clicking on Actor (CTRL LMB): StaticMeshActor (SM_Bush16)
[2016.03.17-09.00.29:610][132]LogEditorViewport: Clicking on Actor (CTRL LMB): StaticMeshActor (SM_Bush18)
[2016.03.17-09.00.30:332][217]LogEditorViewport: Clicking on Actor (CTRL LMB): StaticMeshActor (SM_Bush17)
[2016.03.17-09.00.31:283][329]LogEditorViewport: Clicking on Actor (CTRL LMB): StaticMeshActor (SM_Bush12)
[2016.03.17-09.00.32:066][421]Cmd: DELETE
[2016.03.17-09.00.32:066][421]Cmd: ACTOR DELETE
[2016.03.17-09.00.32:067][421]LogEditorActor: Deleted Actor: StaticMeshActor
[2016.03.17-09.00.32:067][421]LogEditorActor: Deleted Actor: Landscape
[2016.03.17-09.00.32:079][421]LogEditorActor: Deleted Actor: StaticMeshActor
[2016.03.17-09.00.32:079][421]LogEditorActor: Deleted Actor: StaticMeshActor
[2016.03.17-09.00.32:079][421]LogEditorActor: Deleted Actor: StaticMeshActor
[2016.03.17-09.00.32:079][421]LogEditorActor: Deleted Actor: StaticMeshActor
[2016.03.17-09.00.32:091][421]LogEditorActor: Deleted 6 Actors (0.025 secs)
[2016.03.17-09.00.32:095][422]Cmd: UpdateLandscapeEditorData
[2016.03.17-09.00.33:704][615]Cmd: TRANSACTION UNDO
[2016.03.17-09.00.33:704][615]LogEditorTransaction: Undo Delete Actors
[2016.03.17-09.00.33:784][616]Cmd: UpdateLandscapeEditorData
[2016.03.17-09.00.35:991][861]LogEditorViewport: Clicking on Actor (LMB): StaticMeshActor (SM_Bush16)
[2016.03.17-09.00.36:926][969]Cmd: DELETE
[2016.03.17-09.00.36:926][969]Cmd: ACTOR DELETE
[2016.03.17-09.00.36:926][969]LogEditorActor: Deleted Actor: StaticMeshActor
[2016.03.17-09.00.36:937][969]LogEditorActor: Deleted 1 Actors (0.011 secs)
[2016.03.17-09.00.38:269][129]LogEditorViewport: Clicking on Actor (LMB): StaticMeshActor (SM_Bush17)
[2016.03.17-09.00.38:589][163]Cmd: DELETE
[2016.03.17-09.00.38:589][163]Cmd: ACTOR DELETE
[2016.03.17-09.00.38:590][163]LogEditorActor: Deleted Actor: StaticMeshActor
[2016.03.17-09.00.38:599][163]LogEditorActor: Deleted 1 Actors (0.011 secs)
[2016.03.17-09.00.39:030][215]LogEditorViewport: Clicking on Actor (LMB): StaticMeshActor (SM_Bush9)
[2016.03.17-09.00.39:105][220]Cmd: DELETE
[2016.03.17-09.00.39:105][220]Cmd: ACTOR DELETE
[2016.03.17-09.00.39:106][220]LogEditorActor: Deleted Actor: StaticMeshActor
[2016.03.17-09.00.39:116][220]LogEditorActor: Deleted 1 Actors (0.011 secs)
[2016.03.17-09.00.39:516][268]LogEditorViewport: Clicking on Actor (LMB): StaticMeshActor (SM_Bush29)
[2016.03.17-09.00.39:559][269]Cmd: DELETE
[2016.03.17-09.00.39:559][269]Cmd: ACTOR DELETE
[2016.03.17-09.00.39:560][269]LogEditorActor: Deleted Actor: StaticMeshActor
[2016.03.17-09.00.39:570][269]LogEditorActor: Deleted 1 Actors (0.011 secs)
[2016.03.17-09.00.39:977][318]LogEditorViewport: Clicking on Actor (LMB): StaticMeshActor (SM_Bush12)
[2016.03.17-09.00.40:028][320]Cmd: DELETE
[2016.03.17-09.00.40:028][320]Cmd: ACTOR DELETE
[2016.03.17-09.00.40:029][320]LogEditorActor: Deleted Actor: StaticMeshActor
[2016.03.17-09.00.40:039][320]LogEditorActor: Deleted 1 Actors (0.011 secs)
[2016.03.17-09.00.40:462][371]LogEditorViewport: Clicking on Actor (LMB): StaticMeshActor (SM_Bush20)
[2016.03.17-09.00.40:489][371]Cmd: DELETE
[2016.03.17-09.00.40:489][371]Cmd: ACTOR DELETE
[2016.03.17-09.00.40:490][371]LogEditorActor: Deleted Actor: StaticMeshActor
[2016.03.17-09.00.40:500][371]LogEditorActor: Deleted 1 Actors (0.011 secs)
[2016.03.17-09.00.41:107][444]LogEditorViewport: Clicking on Actor (LMB): StaticMeshActor (SM_Bush11)
[2016.03.17-09.00.41:134][444]Cmd: DELETE
[2016.03.17-09.00.41:134][444]Cmd: ACTOR DELETE
[2016.03.17-09.00.41:135][444]LogEditorActor: Deleted Actor: StaticMeshActor
[2016.03.17-09.00.41:145][444]LogEditorActor: Deleted 1 Actors (0.011 secs)
[2016.03.17-09.00.41:594][498]LogEditorViewport: Clicking on Actor (LMB): StaticMeshActor (SM_Bush18)
[2016.03.17-09.00.41:637][499]Cmd: DELETE
[2016.03.17-09.00.41:637][499]Cmd: ACTOR DELETE
[2016.03.17-09.00.41:639][499]LogEditorActor: Deleted Actor: StaticMeshActor
[2016.03.17-09.00.41:655][499]LogEditorActor: Deleted 1 Actors (0.018 secs)
[2016.03.17-09.00.42:029][544]LogEditorViewport: Clicking on Actor (LMB): Landscape (Landscape5)
[2016.03.17-09.00.42:047][544]Cmd: DELETE
[2016.03.17-09.00.42:047][544]Cmd: ACTOR DELETE
[2016.03.17-09.00.42:048][544]LogEditorActor: Deleted Actor: Landscape
[2016.03.17-09.00.42:069][544]LogEditorActor: Deleted 1 Actors (0.021 secs)
[2016.03.17-09.00.42:075][545]Cmd: UpdateLandscapeEditorData
[2016.03.17-09.00.43:642][733]Cmd: TRANSACTION UNDO
[2016.03.17-09.00.43:642][733]LogEditorTransaction: Undo Delete Actors
[2016.03.17-09.00.44:825][734]Cmd: UpdateLandscapeEditorData
[2016.03.17-09.00.46:252][903]LogEditorViewport: Clicking on Actor (LMB): StaticMeshActor (SM_Bush2)
[2016.03.17-09.00.46:753][959]Cmd: DELETE
[2016.03.17-09.00.46:753][959]Cmd: ACTOR DELETE
[2016.03.17-09.00.46:754][959]LogEditorActor: Deleted Actor: StaticMeshActor
[2016.03.17-09.00.46:765][959]LogEditorActor: Deleted 1 Actors (0.012 secs)
[2016.03.17-09.00.47:201][ 11]LogEditorViewport: Clicking on Actor (LMB): StaticMeshActor (SM_Bush19)
[2016.03.17-09.00.47:553][ 49]Cmd: DELETE
[2016.03.17-09.00.47:553][ 49]Cmd: ACTOR DELETE
[2016.03.17-09.00.47:554][ 49]LogEditorActor: Deleted Actor: StaticMeshActor
[2016.03.17-09.00.47:564][ 49]LogEditorActor: Deleted 1 Actors (0.011 secs)
[2016.03.17-09.00.47:915][ 91]LogEditorViewport: Clicking on Actor (LMB): Landscape (Landscape5)
[2016.03.17-09.00.49:201][242]LogEditorViewport: Clicking on Actor (LMB): StaticMeshActor (SM_Rock14)
[2016.03.17-09.00.49:961][329]Cmd: DELETE
[2016.03.17-09.00.49:961][329]Cmd: ACTOR DELETE
[2016.03.17-09.00.49:962][329]LogEditorActor: Deleted Actor: StaticMeshActor
[2016.03.17-09.00.49:972][329]LogEditorActor: Deleted 1 Actors (0.011 secs)
[2016.03.17-09.00.50:851][435]LogEditorViewport: Clicking on Actor (LMB): StaticMeshActor (SM_Bush4)
[2016.03.17-09.00.51:120][463]Cmd: DELETE
[2016.03.17-09.00.51:120][463]Cmd: ACTOR DELETE
[2016.03.17-09.00.51:121][463]LogEditorActor: Deleted Actor: StaticMeshActor
[2016.03.17-09.00.51:130][463]LogEditorActor: Deleted 1 Actors (0.010 secs)
[2016.03.17-09.00.51:628][523]LogEditorViewport: Clicking on Actor (LMB): StaticMeshActor (SM_Bush3)
[2016.03.17-09.00.51:810][541]Cmd: DELETE
[2016.03.17-09.00.51:810][541]Cmd: ACTOR DELETE
[2016.03.17-09.00.51:811][541]LogEditorActor: Deleted Actor: StaticMeshActor
[2016.03.17-09.00.51:822][541]LogEditorActor: Deleted 1 Actors (0.012 secs)
[2016.03.17-09.00.52:578][632]LogEditorViewport: Clicking on Actor (LMB): StaticMeshActor (SM_Bush22)
[2016.03.17-09.00.52:737][647]Cmd: DELETE
[2016.03.17-09.00.52:737][647]Cmd: ACTOR DELETE
[2016.03.17-09.00.52:738][647]LogEditorActor: Deleted Actor: StaticMeshActor
[2016.03.17-09.00.52:748][647]LogEditorActor: Deleted 1 Actors (0.011 secs)
[2016.03.17-09.00.53:231][705]LogEditorViewport: Clicking on Actor (LMB): StaticMeshActor (SM_Bush8)
[2016.03.17-09.00.53:944][786]Cmd: DELETE
[2016.03.17-09.00.53:944][786]Cmd: ACTOR DELETE
[2016.03.17-09.00.53:945][786]LogEditorActor: Deleted Actor: StaticMeshActor
[2016.03.17-09.00.53:955][786]LogEditorActor: Deleted 1 Actors (0.011 secs)
[2016.03.17-09.00.54:302][828]LogEditorViewport: Clicking on Actor (LMB): StaticMeshActor (SM_Bush21)
[2016.03.17-09.00.54:462][843]Cmd: DELETE
[2016.03.17-09.00.54:462][843]Cmd: ACTOR DELETE
[2016.03.17-09.00.54:463][843]LogEditorActor: Deleted Actor: StaticMeshActor
[2016.03.17-09.00.54:472][843]LogEditorActor: Deleted 1 Actors (0.010 secs)
[2016.03.17-09.01.14:326][224]LogEditorViewport: Clicking on Actor (LMB): StaticMeshActor (SM_Rock2)
[2016.03.17-09.02.32:119][544]LogEditorViewport: Clicking on Actor (LMB): StaticMeshActor (SM_Rock6)
[2016.03.17-09.02.41:789][676]LogEditorViewport: Clicking on Actor (LMB): Landscape (Landscape5)
[2016.03.17-09.02.41:818][676]LogEditorViewport: Clicking on Actor (double click): Landscape (Landscape5)
[2016.03.17-09.02.42:810][793]LogEditorViewport: Clicking on Actor (LMB): StaticMeshActor (SM_Rock6)
[2016.03.17-09.03.58:240][770]LogEditorViewport: Clicking on Actor (LMB): StaticMeshActor (SM_Rock2)
[2016.03.17-09.04.03:730][418]LogEditorViewport: Clicking on Actor (LMB): StaticMeshActor (SM_Rock6)
[2016.03.17-09.04.04:727][533]Cmd: EDIT COPY
[2016.03.17-09.04.05:013][567]Cmd: EDIT PASTE
[2016.03.17-09.04.12:557][458]LogActorComponent: UnregisterComponent: (/Engine/Transient.CharMoveComp) Not registered. Aborting.
[2016.03.17-09.04.12:632][458]Cmd: OBJ SAVEPACKAGE PACKAGE="/Game/MyFirstLevel" FILE="../../../../../../UnrealProjects/GE_Project/Content/MyFirstLevel.umap" SILENT=true AUTOSAVING=false KEEPDIRTY=false
[2016.03.17-09.04.13:407][458]LogSavePackage: Save=749.135925ms
[2016.03.17-09.04.13:407][458]LogSavePackage: Moving '../../../../../../UnrealProjects/GE_Project/Saved/MyFirstLevel14A7C63540AA95F39ACB56ABBC0263F9.tmp' to '../../../../../../UnrealProjects/GE_Project/Content/MyFirstLevel.umap'
[2016.03.17-09.04.13:409][458]LogSavePackage: Total save time: 765.742637ms
[2016.03.17-09.04.13:409][458]LogSavePackage:Warning: Finished SavePackage ../../../../../../UnrealProjects/GE_Project/Content/MyFirstLevel.umap
[2016.03.17-09.04.13:452][458]LogFileHelpers: Saving map 'MyFirstLevel' took 0.870
[2016.03.17-09.04.17:120][860]LogEditorViewport: Clicking on Actor (LMB): StaticMeshActor (SM_Rock29)
[2016.03.17-09.04.19:305][116]Cmd: DELETE
[2016.03.17-09.04.19:305][116]Cmd: ACTOR DELETE
[2016.03.17-09.04.19:306][116]LogEditorActor: Deleted Actor: StaticMeshActor
[2016.03.17-09.04.19:317][116]LogEditorActor: Deleted 1 Actors (0.012 secs)
[2016.03.17-09.04.19:916][188]LogEditorViewport: Clicking on Actor (LMB): StaticMeshActor (SM_Rock24)
[2016.03.17-09.04.19:970][190]Cmd: DELETE
[2016.03.17-09.04.19:970][190]Cmd: ACTOR DELETE
[2016.03.17-09.04.19:971][190]LogEditorActor: Deleted Actor: StaticMeshActor
[2016.03.17-09.04.19:980][190]LogEditorActor: Deleted 1 Actors (0.010 secs)
[2016.03.17-09.04.20:475][249]LogEditorViewport: Clicking on Actor (LMB): StaticMeshActor (SM_Rock31)
[2016.03.17-09.04.20:531][251]Cmd: DELETE
[2016.03.17-09.04.20:531][251]Cmd: ACTOR DELETE
[2016.03.17-09.04.20:531][251]LogEditorActor: Deleted Actor: StaticMeshActor
[2016.03.17-09.04.20:543][251]LogEditorActor: Deleted 1 Actors (0.013 secs)
[2016.03.17-09.04.21:291][340]LogEditorViewport: Clicking on Actor (LMB): StaticMeshActor (SM_Rock8)
[2016.03.17-09.04.21:359][343]Cmd: DELETE
[2016.03.17-09.04.21:359][343]Cmd: ACTOR DELETE
[2016.03.17-09.04.21:360][343]LogEditorActor: Deleted Actor: StaticMeshActor
[2016.03.17-09.04.21:370][343]LogEditorActor: Deleted 1 Actors (0.011 secs)
[2016.03.17-09.04.22:138][435]LogEditorViewport: Clicking on Actor (LMB): StaticMeshActor (SM_Rock26)
[2016.03.17-09.04.22:168][435]Cmd: DELETE
[2016.03.17-09.04.22:168][435]Cmd: ACTOR DELETE
[2016.03.17-09.04.22:169][435]LogEditorActor: Deleted Actor: StaticMeshActor
[2016.03.17-09.04.22:180][435]LogEditorActor: Deleted 1 Actors (0.011 secs)
[2016.03.17-09.04.22:985][531]LogEditorViewport: Clicking on Actor (LMB): StaticMeshActor (SM_Rock25)
[2016.03.17-09.04.23:017][531]Cmd: DELETE
[2016.03.17-09.04.23:017][531]Cmd: ACTOR DELETE
[2016.03.17-09.04.23:018][531]LogEditorActor: Deleted Actor: StaticMeshActor
[2016.03.17-09.04.23:027][531]LogEditorActor: Deleted 1 Actors (0.010 secs)
[2016.03.17-09.04.23:689][610]LogEditorViewport: Clicking on Actor (LMB): StaticMeshActor (SM_Rock10)
[2016.03.17-09.04.23:740][611]Cmd: DELETE
[2016.03.17-09.04.23:740][611]Cmd: ACTOR DELETE
[2016.03.17-09.04.23:741][611]LogEditorActor: Deleted Actor: StaticMeshActor
[2016.03.17-09.04.23:751][611]LogEditorActor: Deleted 1 Actors (0.011 secs)
[2016.03.17-09.04.24:619][715]LogEditorViewport: Clicking on Actor (LMB): StaticMeshActor (SM_Rock9)
[2016.03.17-09.04.24:666][716]Cmd: DELETE
[2016.03.17-09.04.24:666][716]Cmd: ACTOR DELETE
[2016.03.17-09.04.24:667][716]LogEditorActor: Deleted Actor: StaticMeshActor
[2016.03.17-09.04.24:677][716]LogEditorActor: Deleted 1 Actors (0.011 secs)
[2016.03.17-09.04.25:122][769]LogEditorViewport: Clicking on Actor (LMB): StaticMeshActor (SM_Rock23)
[2016.03.17-09.04.25:205][774]Cmd: DELETE
[2016.03.17-09.04.25:205][774]Cmd: ACTOR DELETE
[2016.03.17-09.04.25:206][774]LogEditorActor: Deleted Actor: StaticMeshActor
[2016.03.17-09.04.25:215][774]LogEditorActor: Deleted 1 Actors (0.011 secs)
[2016.03.17-09.04.25:741][837]LogEditorViewport: Clicking on Actor (LMB): StaticMeshActor (SM_Rock11)
[2016.03.17-09.04.25:796][838]Cmd: DELETE
[2016.03.17-09.04.25:796][838]Cmd: ACTOR DELETE
[2016.03.17-09.04.25:797][838]LogEditorActor: Deleted Actor: StaticMeshActor
[2016.03.17-09.04.25:807][838]LogEditorActor: Deleted 1 Actors (0.011 secs)
[2016.03.17-09.04.26:390][908]LogEditorViewport: Clicking on Actor (LMB): StaticMeshActor (SM_Rock7)
[2016.03.17-09.04.26:453][911]Cmd: DELETE
[2016.03.17-09.04.26:453][911]Cmd: ACTOR DELETE
[2016.03.17-09.04.26:454][911]LogEditorActor: Deleted Actor: StaticMeshActor
[2016.03.17-09.04.26:464][911]LogEditorActor: Deleted 1 Actors (0.011 secs)
[2016.03.17-09.04.26:942][968]LogEditorViewport: Clicking on Actor (LMB): StaticMeshActor (SM_Rock16)
[2016.03.17-09.04.26:989][969]Cmd: DELETE
[2016.03.17-09.04.26:989][969]Cmd: ACTOR DELETE
[2016.03.17-09.04.26:990][969]LogEditorActor: Deleted Actor: StaticMeshActor
[2016.03.17-09.04.27:000][969]LogEditorActor: Deleted 1 Actors (0.011 secs)
[2016.03.17-09.04.27:539][ 33]LogEditorViewport: Clicking on Actor (LMB): StaticMeshActor (SM_Rock3)
[2016.03.17-09.04.27:585][ 34]Cmd: DELETE
[2016.03.17-09.04.27:585][ 34]Cmd: ACTOR DELETE
[2016.03.17-09.04.27:586][ 34]LogEditorActor: Deleted Actor: StaticMeshActor
[2016.03.17-09.04.27:596][ 34]LogEditorActor: Deleted 1 Actors (0.011 secs)
[2016.03.17-09.04.28:150][100]LogEditorViewport: Clicking on Actor (LMB): StaticMeshActor (SM_Rock5)
[2016.03.17-09.04.28:180][100]Cmd: DELETE
[2016.03.17-09.04.28:180][100]Cmd: ACTOR DELETE
[2016.03.17-09.04.28:181][100]LogEditorActor: Deleted Actor: StaticMeshActor
[2016.03.17-09.04.28:190][100]LogEditorActor: Deleted 1 Actors (0.010 secs)
[2016.03.17-09.04.34:196][819]LogEditorViewport: Clicking on Actor (LMB): StaticMeshActor (SM_Rock14)
[2016.03.17-09.04.34:735][879]Cmd: EDIT COPY
[2016.03.17-09.04.35:654][989]Cmd: EDIT PASTE
[2016.03.17-09.04.39:286][417]LogEditorViewport: Clicking on Actor (LMB): StaticMeshActor (SM_Rock14)
[2016.03.17-09.04.39:999][498]Cmd: EDIT COPY
[2016.03.17-09.04.40:271][530]Cmd: EDIT PASTE
[2016.03.17-09.04.53:943][107]LogEditorViewport: Clicking on Actor (LMB): StaticMeshActor (SM_Rock30)
[2016.03.17-09.04.54:820][206]Cmd: DELETE
[2016.03.17-09.04.54:820][206]Cmd: ACTOR DELETE
[2016.03.17-09.04.54:821][206]LogEditorActor: Deleted Actor: StaticMeshActor
[2016.03.17-09.04.54:831][206]LogEditorActor: Deleted 1 Actors (0.011 secs)
[2016.03.17-09.04.55:677][307]LogEditorViewport: Clicking on Actor (LMB): StaticMeshActor (SM_Bush41)
[2016.03.17-09.04.56:142][358]Cmd: DELETE
[2016.03.17-09.04.56:142][358]Cmd: ACTOR DELETE
[2016.03.17-09.04.56:143][358]LogEditorActor: Deleted Actor: StaticMeshActor
[2016.03.17-09.04.56:153][358]LogEditorActor: Deleted 1 Actors (0.011 secs)
[2016.03.17-09.04.56:794][435]LogEditorViewport: Clicking on Actor (LMB): StaticMeshActor (SM_Bush43)
[2016.03.17-09.04.56:866][439]Cmd: DELETE
[2016.03.17-09.04.56:866][439]Cmd: ACTOR DELETE
[2016.03.17-09.04.56:866][439]LogEditorActor: Deleted Actor: StaticMeshActor
[2016.03.17-09.04.56:876][439]LogEditorActor: Deleted 1 Actors (0.011 secs)
[2016.03.17-09.04.57:197][477]LogEditorViewport: Clicking on Actor (LMB): StaticMeshActor (SM_Bush42)
[2016.03.17-09.04.57:258][480]Cmd: DELETE
[2016.03.17-09.04.57:258][480]Cmd: ACTOR DELETE
[2016.03.17-09.04.57:259][480]LogEditorActor: Deleted Actor: StaticMeshActor
[2016.03.17-09.04.57:269][480]LogEditorActor: Deleted 1 Actors (0.011 secs)
[2016.03.17-09.04.57:812][545]LogEditorViewport: Clicking on Actor (LMB): StaticMeshActor (SM_Bush40)
[2016.03.17-09.04.57:860][546]Cmd: DELETE
[2016.03.17-09.04.57:860][546]Cmd: ACTOR DELETE
[2016.03.17-09.04.57:861][546]LogEditorActor: Deleted Actor: StaticMeshActor
[2016.03.17-09.04.57:871][546]LogEditorActor: Deleted 1 Actors (0.011 secs)
[2016.03.17-09.04.58:340][602]LogEditorViewport: Clicking on Actor (LMB): Landscape (Landscape5)
[2016.03.17-09.04.58:399][605]Cmd: DELETE
[2016.03.17-09.04.58:399][605]Cmd: ACTOR DELETE
[2016.03.17-09.04.58:399][605]LogEditorActor: Deleted Actor: Landscape
[2016.03.17-09.04.58:421][605]LogEditorActor: Deleted 1 Actors (0.022 secs)
[2016.03.17-09.04.58:426][606]Cmd: UpdateLandscapeEditorData
[2016.03.17-09.04.59:835][775]Cmd: TRANSACTION UNDO
[2016.03.17-09.04.59:835][775]LogEditorTransaction: Undo Delete Actors
[2016.03.17-09.05.00:911][776]Cmd: UpdateLandscapeEditorData
[2016.03.17-09.05.01:401][833]LogEditorViewport: Clicking on Actor (LMB): Landscape (Landscape5)
[2016.03.17-09.05.01:868][887]LogEditorViewport: Clicking on Actor (LMB): StaticMeshActor (SM_Bush28)
[2016.03.17-09.05.02:036][902]Cmd: DELETE
[2016.03.17-09.05.02:036][902]Cmd: ACTOR DELETE
[2016.03.17-09.05.02:037][902]LogEditorActor: Deleted Actor: StaticMeshActor
[2016.03.17-09.05.02:048][902]LogEditorActor: Deleted 1 Actors (0.012 secs)
[2016.03.17-09.05.02:944][  9]LogEditorViewport: Clicking on Actor (LMB): StaticMeshActor (SM_Bush26)
[2016.03.17-09.05.02:975][  9]Cmd: DELETE
[2016.03.17-09.05.02:975][  9]Cmd: ACTOR DELETE
[2016.03.17-09.05.02:976][  9]LogEditorActor: Deleted Actor: StaticMeshActor
[2016.03.17-09.05.02:986][  9]LogEditorActor: Deleted 1 Actors (0.011 secs)
[2016.03.17-09.05.10:354][893]LogEditorViewport: Clicking on Actor (LMB): StaticMeshActor (SM_Bush25)
[2016.03.17-09.05.10:846][947]Cmd: DELETE
[2016.03.17-09.05.10:846][947]Cmd: ACTOR DELETE
[2016.03.17-09.05.10:847][947]LogEditorActor: Deleted Actor: StaticMeshActor
[2016.03.17-09.05.10:858][947]LogEditorActor: Deleted 1 Actors (0.012 secs)
[2016.03.17-09.05.11:333][  4]LogEditorViewport: Clicking on Actor (LMB): StaticMeshActor (SM_Bush24)
[2016.03.17-09.05.11:488][ 18]Cmd: DELETE
[2016.03.17-09.05.11:488][ 18]Cmd: ACTOR DELETE
[2016.03.17-09.05.11:489][ 18]LogEditorActor: Deleted Actor: StaticMeshActor
[2016.03.17-09.05.11:500][ 18]LogEditorActor: Deleted 1 Actors (0.012 secs)
[2016.03.17-09.05.11:977][ 75]LogEditorViewport: Clicking on Actor (LMB): StaticMeshActor (SM_Bush27)
[2016.03.17-09.05.12:191][ 96]Cmd: DELETE
[2016.03.17-09.05.12:191][ 96]Cmd: ACTOR DELETE
[2016.03.17-09.05.12:192][ 96]LogEditorActor: Deleted Actor: StaticMeshActor
[2016.03.17-09.05.12:203][ 96]LogEditorActor: Deleted 1 Actors (0.012 secs)
[2016.03.17-09.05.13:134][207]LogEditorViewport: Clicking on Actor (LMB): StaticMeshActor (SM_Rock28)
[2016.03.17-09.05.30:508][227]LogEditorViewport: Clicking on Actor (LMB): StaticMeshActor (SM_Rock27)
[2016.03.17-09.06.02:855][ 32]LogEditorViewport: Clicking on Actor (context menu): Landscape (Landscape5)
[2016.03.17-09.06.03:497][100]LogEditorViewport: Clicking on Actor (LMB): StaticMeshActor (SM_Rock27)
[2016.03.17-09.06.07:861][613]LogEditorViewport: Clicking on Actor (LMB): StaticMeshActor (SM_Rock23)
[2016.03.17-09.06.11:137][997]LogEditorViewport: Clicking on Actor (LMB): StaticMeshActor (SM_Rock14)
[2016.03.17-09.06.13:176][232]LogEditorViewport: Clicking on Actor (LMB): StaticMeshActor (SM_Rock6)
[2016.03.17-09.06.15:321][482]LogEditorViewport: Clicking on Actor (LMB): StaticMeshActor (SM_Rock16)
[2016.03.17-09.06.17:606][749]LogEditorViewport: Clicking on Actor (LMB): StaticMeshActor (SM_Rock23)
[2016.03.17-09.06.28:789][ 48]LogEditorViewport: Clicking on Actor (LMB): StaticMeshActor (SM_Rock27)
[2016.03.17-09.06.30:047][195]Cmd: EDIT COPY
[2016.03.17-09.06.30:417][239]Cmd: EDIT PASTE
[2016.03.17-09.07.28:576][ 99]LogEditorViewport: Clicking on Actor (LMB): StaticMeshActor (SM_Rock14)
[2016.03.17-09.07.30:591][336]LogEditorViewport: Clicking on Actor (LMB): StaticMeshActor (SM_Rock27)
[2016.03.17-09.07.33:526][661]LogEditorViewport: Clicking on Actor (LMB): StaticMeshActor (SM_Rock28)
[2016.03.17-09.07.34:177][735]LogEditorViewport: Clicking on Actor (CTRL LMB): StaticMeshActor (SM_Rock29)
[2016.03.17-09.07.34:948][823]LogEditorViewport: Clicking on Actor (CTRL LMB): StaticMeshActor (SM_Rock27)
[2016.03.17-09.07.35:725][912]LogEditorViewport: Clicking on Actor (CTRL LMB): StaticMeshActor (SM_Rock14)
[2016.03.17-09.07.36:294][975]LogEditorViewport: Clicking on Actor (CTRL LMB): StaticMeshActor (SM_Rock23)
[2016.03.17-09.07.36:811][ 32]LogEditorViewport: Clicking on Actor (CTRL LMB): StaticMeshActor (SM_Rock16)
[2016.03.17-09.07.37:391][ 96]LogEditorViewport: Clicking on Actor (CTRL LMB): StaticMeshActor (SM_Rock6)
[2016.03.17-09.07.38:061][172]LogEditorViewport: Clicking on Actor (CTRL LMB): StaticMeshActor (SM_Rock2)
[2016.03.17-09.07.47:896][341]LogEditorViewport: Clicking on Actor (LMB): Landscape (Landscape5)
[2016.03.17-09.07.50:198][613]LogEditorViewport: Clicking on Actor (LMB): StaticMeshActor (SM_Rock27)
[2016.03.17-09.07.53:436][995]LogEditorViewport: Clicking on Actor (LMB): StaticMeshActor (SM_Rock23)
[2016.03.17-09.07.56:085][306]LogEditorViewport: Clicking on Actor (LMB): StaticMeshActor (SM_Rock16)
[2016.03.17-09.07.59:727][735]LogEditorViewport: Clicking on Actor (LMB): StaticMeshActor (SM_Rock14)
[2016.03.17-09.08.30:971][405]LogEditorViewport: Clicking on Actor (LMB): StaticMeshActor (SM_Rock28)
[2016.03.17-09.08.32:067][532]Cmd: EDIT COPY
[2016.03.17-09.08.32:330][563]Cmd: EDIT PASTE
[2016.03.17-09.08.46:364][205]LogEditorViewport: Clicking on Actor (LMB): StaticMeshActor (SM_Rock23)
[2016.03.17-09.08.59:526][745]LogEditorViewport: Clicking on Actor (LMB): StaticMeshActor (SM_Rock16)
[2016.03.17-09.09.00:338][838]Cmd: EDIT COPY
[2016.03.17-09.09.00:616][871]Cmd: EDIT PASTE
[2016.03.17-09.09.10:843][ 81]LogEditorViewport: Clicking on Actor (LMB): StaticMeshActor (SM_Rock24)
[2016.03.17-09.09.15:010][575]LogEditorViewport: Clicking on Actor (LMB): StaticMeshActor (SM_Rock24)
[2016.03.17-09.09.26:173][853]LogEditorViewport: Clicking on Actor (LMB): StaticMeshActor (SM_Rock14)
[2016.03.17-09.09.44:612][ 11]LogEditorViewport: Clicking on Actor (LMB): StaticMeshActor (SM_Rock6)
[2016.03.17-09.09.59:683][744]LogEditorViewport: Clicking on Actor (LMB): StaticMeshActor (SM_Rock14)
[2016.03.17-09.10.06:563][536]LogEditorViewport: Clicking on Actor (LMB): StaticMeshActor (SM_Rock6)
[2016.03.17-09.10.16:853][747]LogEditorViewport: Clicking on Actor (context menu): Landscape (Landscape5)
[2016.03.17-09.10.17:686][841]LogEditorViewport: Clicking on Actor (LMB): Landscape (Landscape5)
[2016.03.17-09.10.18:363][921]LogEditorViewport: Clicking on Actor (LMB): Landscape (Landscape5)
[2016.03.17-09.10.18:599][940]Cmd: OBJ SAVEPACKAGE PACKAGE="/Game/MyFirstLevel" FILE="../../../../../../UnrealProjects/GE_Project/Content/MyFirstLevel.umap" SILENT=true AUTOSAVING=false KEEPDIRTY=false
[2016.03.17-09.10.19:371][940]LogSavePackage: Save=747.290466ms
[2016.03.17-09.10.19:371][940]LogSavePackage: Moving '../../../../../../UnrealProjects/GE_Project/Saved/MyFirstLevel22D86FD4470FE138A447629DD31D1EA5.tmp' to '../../../../../../UnrealProjects/GE_Project/Content/MyFirstLevel.umap'
[2016.03.17-09.10.19:374][940]LogSavePackage: Total save time: 763.522249ms
[2016.03.17-09.10.19:374][940]LogSavePackage:Warning: Finished SavePackage ../../../../../../UnrealProjects/GE_Project/Content/MyFirstLevel.umap
[2016.03.17-09.10.19:415][940]LogFileHelpers: Saving map 'MyFirstLevel' took 0.864
[2016.03.17-09.10.28:350][975]LogEditorViewport: Clicking on Actor (LMB): StaticMeshActor (SM_Rock29)
[2016.03.17-09.10.29:044][ 54]Cmd: EDIT COPY
[2016.03.17-09.10.29:297][ 84]Cmd: EDIT PASTE
[2016.03.17-09.10.51:120][669]LogEditorViewport: Clicking on Actor (context menu): Landscape (Landscape5)
[2016.03.17-09.10.51:727][734]LogEditorViewport: Clicking on Actor (LMB): StaticMeshActor (SM_Rock31)
[2016.03.17-09.11.07:288][567]LogEditorViewport: Clicking on Actor (LMB): StaticMeshActor (SM_Rock29)
[2016.03.17-09.11.09:570][806]LogEditorViewport: Clicking on Actor (LMB): Landscape (Landscape5)
[2016.03.17-09.11.10:095][856]LogEditorViewport: Clicking on Actor (LMB): StaticMeshActor (SM_Rock31)
[2016.03.17-09.11.12:452][128]LogEditorViewport: Clicking on Actor (LMB): Landscape (Landscape5)
[2016.03.17-09.11.15:980][489]LogEditorViewport: Clicking on Actor (LMB): StaticMeshActor (SM_Rock29)
[2016.03.17-09.11.16:740][575]Cmd: EDIT COPY
[2016.03.17-09.11.17:007][607]Cmd: EDIT PASTE
[2016.03.17-09.11.38:683][109]Cmd: EDIT COPY
[2016.03.17-09.11.39:455][201]Cmd: EDIT PASTE
[2016.03.17-09.11.53:891][902]LogEditorViewport: Clicking on Actor (LMB): StaticMeshActor (SM_Rock27)
[2016.03.17-09.11.54:678][987]Cmd: EDIT COPY
[2016.03.17-09.11.54:932][ 17]Cmd: EDIT PASTE
[2016.03.17-09.12.15:220][394]LogEditorViewport: Clicking on Actor (context menu): Landscape (Landscape5)
[2016.03.17-09.12.16:139][498]LogEditorViewport: Clicking on Actor (LMB): Landscape (Landscape5)
[2016.03.17-09.12.16:493][533]LogEditorViewport: Clicking on Actor (LMB): StaticMeshActor (SM_Rock37)
[2016.03.17-09.12.16:813][567]Cmd: EDIT COPY
[2016.03.17-09.12.17:241][618]Cmd: EDIT PASTE
[2016.03.17-09.12.33:795][562]Cmd: EDIT COPY
[2016.03.17-09.12.34:133][602]Cmd: EDIT PASTE
[2016.03.17-09.12.35:056][708]LogEditorViewport: Clicking on Actor (LMB): StaticMeshActor (SM_Rock39)
[2016.03.17-09.12.44:590][840]LogEditorViewport: Clicking on Actor (LMB): StaticMeshActor (SM_Rock16)
[2016.03.17-09.12.45:628][960]Cmd: EDIT COPY
[2016.03.17-09.12.45:957][999]Cmd: EDIT PASTE
[2016.03.17-09.13.13:124][206]LogEditorViewport: Clicking on Actor (LMB): Landscape (Landscape5)
[2016.03.17-09.13.32:627][497]LogEditorViewport: Clicking on Actor (LMB): StaticMeshActor (SM_Rock31)
[2016.03.17-09.13.34:040][660]LogEditorViewport: Clicking on Actor (CTRL LMB): StaticMeshActor (SM_Rock29)
[2016.03.17-09.13.41:245][517]LogEditorViewport: Clicking on Actor (context menu): StaticMeshActor (SM_Rock31)
[2016.03.17-09.13.41:898][591]LogEditorViewport: Clicking on Actor (LMB): Landscape (Landscape5)
[2016.03.17-09.13.54:945][ 99]Cmd: OBJ SAVEPACKAGE PACKAGE="/Game/MyFirstLevel" FILE="../../../../../../UnrealProjects/GE_Project/Content/MyFirstLevel.umap" SILENT=true AUTOSAVING=false KEEPDIRTY=false
[2016.03.17-09.13.55:509][ 99]LogSavePackage: Save=542.668762ms
[2016.03.17-09.13.55:509][ 99]LogSavePackage: Moving '../../../../../../UnrealProjects/GE_Project/Saved/MyFirstLevel4FE11B9941CEFC82250321B8A686E8F5.tmp' to '../../../../../../UnrealProjects/GE_Project/Content/MyFirstLevel.umap'
[2016.03.17-09.13.55:512][ 99]LogSavePackage: Total save time: 555.332765ms
[2016.03.17-09.13.55:512][ 99]LogSavePackage:Warning: Finished SavePackage ../../../../../../UnrealProjects/GE_Project/Content/MyFirstLevel.umap
[2016.03.17-09.13.55:554][ 99]LogFileHelpers: Saving map 'MyFirstLevel' took 0.665
[2016.03.17-09.16.22:000][206]LogEditorViewport: Clicking on Actor (LMB): StaticMeshActor (SM_Bush13)
[2016.03.17-09.16.23:032][317]Cmd: DELETE
[2016.03.17-09.16.23:032][317]Cmd: ACTOR DELETE
[2016.03.17-09.16.23:033][317]LogEditorActor: Deleted Actor: StaticMeshActor
[2016.03.17-09.16.23:043][317]LogEditorActor: Deleted 1 Actors (0.011 secs)
[2016.03.17-09.16.24:323][471]LogEditorViewport: Clicking on Actor (LMB): StaticMeshActor (SM_Bush14)
[2016.03.17-09.16.24:496][487]Cmd: DELETE
[2016.03.17-09.16.24:496][487]Cmd: ACTOR DELETE
[2016.03.17-09.16.24:497][487]LogEditorActor: Deleted Actor: StaticMeshActor
[2016.03.17-09.16.24:507][487]LogEditorActor: Deleted 1 Actors (0.011 secs)
[2016.03.17-09.16.24:973][543]LogEditorViewport: Clicking on Actor (LMB): StaticMeshActor (SM_Bush)
[2016.03.17-09.16.25:084][552]Cmd: DELETE
[2016.03.17-09.16.25:084][552]Cmd: ACTOR DELETE
[2016.03.17-09.16.25:084][552]LogEditorActor: Deleted Actor: StaticMeshActor
[2016.03.17-09.16.25:095][552]LogEditorActor: Deleted 1 Actors (0.011 secs)
[2016.03.17-09.16.25:634][617]LogEditorViewport: Clicking on Actor (LMB): StaticMeshActor (SM_Bush10)
[2016.03.17-09.16.25:703][621]Cmd: DELETE
[2016.03.17-09.16.25:703][621]Cmd: ACTOR DELETE
[2016.03.17-09.16.25:704][621]LogEditorActor: Deleted Actor: StaticMeshActor
[2016.03.17-09.16.25:717][621]LogEditorActor: Deleted 1 Actors (0.013 secs)
[2016.03.17-09.16.26:149][673]LogEditorViewport: Clicking on Actor (LMB): StaticMeshActor (SM_Bush5)
[2016.03.17-09.16.26:219][677]Cmd: DELETE
[2016.03.17-09.16.26:219][677]Cmd: ACTOR DELETE
[2016.03.17-09.16.26:220][677]LogEditorActor: Deleted Actor: StaticMeshActor
[2016.03.17-09.16.26:232][677]LogEditorActor: Deleted 1 Actors (0.013 secs)
[2016.03.17-09.17.20:067][424]LogEditorViewport: Clicking on Actor (LMB): StaticMeshActor (SM_Rock24)
[2016.03.17-09.17.20:715][496]LogEditorViewport: Clicking on Actor (LMB): Landscape (Landscape5)
[2016.03.17-09.17.21:323][556]Cmd: OBJ SAVEPACKAGE PACKAGE="/Game/MyFirstLevel" FILE="../../../../../../UnrealProjects/GE_Project/Content/MyFirstLevel.umap" SILENT=true AUTOSAVING=false KEEPDIRTY=false
[2016.03.17-09.17.21:897][556]LogSavePackage: Save=548.692993ms
[2016.03.17-09.17.21:897][556]LogSavePackage: Moving '../../../../../../UnrealProjects/GE_Project/Saved/MyFirstLevel3A65F5E4404D1CFA18A31EACD0598F8D.tmp' to '../../../../../../UnrealProjects/GE_Project/Content/MyFirstLevel.umap'
[2016.03.17-09.17.21:899][556]LogSavePackage: Total save time: 565.270618ms
[2016.03.17-09.17.21:899][556]LogSavePackage:Warning: Finished SavePackage ../../../../../../UnrealProjects/GE_Project/Content/MyFirstLevel.umap
[2016.03.17-09.17.21:941][556]LogFileHelpers: Saving map 'MyFirstLevel' took 0.667
[2016.03.17-09.47.31:763][986]LogEditorViewport: Clicking on Actor (LMB): Landscape (Landscape5)
[2016.03.17-09.47.32:944][125]LogEditorViewport: Clicking on Actor (LMB): Landscape (Landscape5)
[2016.03.17-09.47.44:484][501]LogVSAccessor:Warning: Couldn't access Visual Studio
[2016.03.17-09.47.44:488][501]Recompiling Kinect4Unreal...
[2016.03.17-09.47.44:488][501]Recompiling TheBeginning...
[2016.03.17-09.47.44:488][501]Launching UnrealBuildTool... [D:/Programme/Epic Games/4.9/Engine/Binaries/DotNET/UnrealBuildTool.exe TheBeginning -ModuleWithSuffix Kinect4Unreal 2658 -ModuleWithSuffix TheBeginning 8169 Win64 Development -editorrecompile -canskiplink "D:/UnrealProjects/GE_Project/TheBeginning.uproject" -rocket  -rocket]
[2016.03.17-09.47.44:489][501]Warning: Starting HotReload took  0.0s.
[2016.03.17-09.47.45:184][565]CompilerResultsLog: New page: Compilation - Mar 17, 2016, 11:47:45 AM
[2016.03.17-09.47.45:184][565]CompilerResultsLog: Info Creating makefile for hot reloading TheBeginning (.uproject file is newer)
[2016.03.17-09.47.45:184][565]CompilerResultsLog: Info Compiling game modules for hot reload
[2016.03.17-09.47.45:184][565]CompilerResultsLog: Info ERROR: Couldn't find module rules file for module 'Kinect4Unreal'.
[2016.03.17-09.47.45:184][565]LogMainFrame: MainFrame: Module compiling took 0.700 seconds
[2016.03.17-09.47.45:184][565]Warning: HotReload failed, recompile failed
[2016.03.17-09.48.02:815][674]Cmd: CLOSE_SLATE_MAINFRAME
[2016.03.17-09.48.03:186][675]Cmd: QUIT_EDITOR
[2016.03.17-09.48.03:294][675]LogWindowsTextInputMethodSystem:Display: IME system now deactivated.
[2016.03.17-09.48.03:395][675]LogExit: Preparing to exit.
[2016.03.17-09.48.04:664][675]LogExit: Editor shut down
[2016.03.17-09.48.04:664][675]LogExit: Transaction tracking system shut down
[2016.03.17-09.48.04:665][675]LogParticles: Destroying 0 GPU particle simulations for FXSystem 0x000000F57E993880
[2016.03.17-09.48.04:666][675]LogParticles: Destroying 0 GPU particle simulations for FXSystem 0x000000F5000E1260
[2016.03.17-09.48.04:668][675]LogParticles: Destroying 0 GPU particle simulations for FXSystem 0x000000F504426020
[2016.03.17-09.48.04:671][675]LogParticles: Destroying 0 GPU particle simulations for FXSystem 0x000000F5194C0B80
[2016.03.17-09.48.04:671][675]LogParticles: Destroying 0 GPU particle simulations for FXSystem 0x000000F5194C0E00
[2016.03.17-09.48.04:686][675]LeapPluginLog: LeapController::CleanupEventData Delete Called
[2016.03.17-09.48.04:797][675]LogExit: Object subsystem successfully closed.
[2016.03.17-09.48.04:806][675]LogD3D11RHI: Shutdown
[2016.03.17-09.48.04:806][675]LogD3D11RHI: CleanupD3DDevice
[2016.03.17-09.48.04:857][675]LogD3D11RHI: ~FD3D11DynamicRHI
[2016.03.17-09.48.05:053][675]LogModuleManager: Shutting down and abandoning module ExternalImagePicker (201)
[2016.03.17-09.48.05:053][675]LogModuleManager: Shutting down and abandoning module CrashTracker (200)
[2016.03.17-09.48.05:053][675]LogModuleManager: Shutting down and abandoning module SceneOutliner (199)
[2016.03.17-09.48.05:053][675]LogModuleManager: Shutting down and abandoning module SuperSearch (198)
[2016.03.17-09.48.05:053][675]LogModuleManager: Shutting down and abandoning module WidgetCarousel (197)
[2016.03.17-09.48.05:053][675]LogModuleManager: Shutting down and abandoning module AddContentDialog (196)
[2016.03.17-09.48.05:063][675]LogModuleManager: Shutting down and abandoning module EditorWidgets (195)
[2016.03.17-09.48.05:063][675]LogModuleManager: Shutting down and abandoning module CollectionManager (194)
[2016.03.17-09.48.05:063][675]LogModuleManager: Shutting down and abandoning module StatsViewer (193)
[2016.03.17-09.48.05:063][675]LogModuleManager: Shutting down and abandoning module FoliageEdit (192)
[2016.03.17-09.48.05:063][675]LogModuleManager: Shutting down and abandoning module LandscapeEditor (191)
[2016.03.17-09.48.05:074][675]LogModuleManager: Shutting down and abandoning module ActorPickerMode (190)
[2016.03.17-09.48.05:074][675]LogModuleManager: Shutting down and abandoning module GeometryMode (189)
[2016.03.17-09.48.05:074][675]LogModuleManager: Shutting down and abandoning module TextureAlignMode (188)
[2016.03.17-09.48.05:074][675]LogModuleManager: Shutting down and abandoning module BspMode (187)
[2016.03.17-09.48.05:074][675]LogModuleManager: Shutting down and abandoning module PlacementMode (186)
[2016.03.17-09.48.05:074][675]LogModuleManager: Shutting down and abandoning module AutomationWorker (185)
[2016.03.17-09.48.05:074][675]LogModuleManager: Shutting down and abandoning module CharacterAI (184)
[2016.03.17-09.48.05:074][675]LogModuleManager: Shutting down and abandoning module SmartSnapping (183)
[2016.03.17-09.48.05:074][675]LogModuleManager: Shutting down and abandoning module ViewportSnapping (182)
[2016.03.17-09.48.05:074][675]LogModuleManager: Shutting down and abandoning module LogVisualizer (181)
[2016.03.17-09.48.05:075][675]LogModuleManager: Shutting down and abandoning module GameProjectGeneration (180)
[2016.03.17-09.48.05:085][675]LogModuleManager: Shutting down and abandoning module IntroTutorials (179)
[2016.03.17-09.48.05:085][675]LogModuleManager: Shutting down and abandoning module EditorLiveStreaming (178)
[2016.03.17-09.48.05:085][675]LogModuleManager: Shutting down and abandoning module IOSPlatformEditor (177)
[2016.03.17-09.48.05:085][675]LogModuleManager: Shutting down and abandoning module HTML5PlatformEditor (176)
[2016.03.17-09.48.05:085][675]LogModuleManager: Shutting down and abandoning module AndroidDeviceDetection (175)
[2016.03.17-09.48.05:464][675]LogModuleManager: Shutting down and abandoning module AndroidPlatformEditor (174)
[2016.03.17-09.48.05:464][675]LogModuleManager: Shutting down and abandoning module IOSRuntimeSettings (173)
[2016.03.17-09.48.05:464][675]LogModuleManager: Shutting down and abandoning module AndroidRuntimeSettings (172)
[2016.03.17-09.48.05:464][675]LogModuleManager: Shutting down and abandoning module MergeActors (171)
[2016.03.17-09.48.05:471][675]LogModuleManager: Shutting down and abandoning module SizeMap (170)
[2016.03.17-09.48.05:471][675]LogModuleManager: Shutting down and abandoning module TreeMap (169)
[2016.03.17-09.48.05:471][675]LogModuleManager: Shutting down and abandoning module ReferenceViewer (168)
[2016.03.17-09.48.05:471][675]LogModuleManager: Shutting down and abandoning module LocalizationService (167)
[2016.03.17-09.48.05:471][675]LogModuleManager: Shutting down and abandoning module LocalizationDashboard (166)
[2016.03.17-09.48.05:479][675]LogModuleManager: Shutting down and abandoning module HardwareTargeting (165)
[2016.03.17-09.48.05:479][675]LogModuleManager: Shutting down and abandoning module DeviceProfileEditor (164)
[2016.03.17-09.48.05:479][675]LogModuleManager: Shutting down and abandoning module UndoHistory (163)
[2016.03.17-09.48.05:479][675]LogModuleManager: Shutting down and abandoning module GameplayTagsEditor (162)
[2016.03.17-09.48.05:479][675]LogModuleManager: Shutting down and abandoning module UserFeedback (161)
[2016.03.17-09.48.05:479][675]LogModuleManager: Shutting down and abandoning module XmlParser (160)
[2016.03.17-09.48.05:479][675]LogModuleManager: Shutting down and abandoning module Blutility (159)
[2016.03.17-09.48.05:479][675]LogModuleManager: Shutting down and abandoning module ProjectTargetPlatformEditor (158)
[2016.03.17-09.48.05:479][675]LogModuleManager: Shutting down and abandoning module ProjectSettingsViewer (157)
[2016.03.17-09.48.05:479][675]LogModuleManager: Shutting down and abandoning module InputBindingEditor (156)
[2016.03.17-09.48.05:487][675]LogModuleManager: Shutting down and abandoning module EditorSettingsViewer (155)
[2016.03.17-09.48.05:487][675]LogModuleManager: Shutting down and abandoning module SettingsEditor (154)
[2016.03.17-09.48.05:487][675]LogModuleManager: Shutting down and abandoning module ProjectLauncher (153)
[2016.03.17-09.48.05:487][675]LogModuleManager: Shutting down and abandoning module SessionFrontend (152)
[2016.03.17-09.48.05:487][675]LogModuleManager: Shutting down and abandoning module ProfilerClient (151)
[2016.03.17-09.48.05:491][675]LogModuleManager: Shutting down and abandoning module TargetDeviceServices (150)
[2016.03.17-09.48.05:491][675]LogModuleManager: Shutting down and abandoning module DeviceManager (149)
[2016.03.17-09.48.05:491][675]LogModuleManager: Shutting down and abandoning module AutomationController (148)
[2016.03.17-09.48.05:491][675]LogModuleManager: Shutting down and abandoning module AutomationWindow (147)
[2016.03.17-09.48.05:499][675]LogModuleManager: Shutting down and abandoning module Layers (146)
[2016.03.17-09.48.05:503][675]LogModuleManager: Shutting down and abandoning module ComponentVisualizers (145)
[2016.03.17-09.48.05:503][675]LogModuleManager: Shutting down and abandoning module DetailCustomizations (144)
[2016.03.17-09.48.05:503][675]LogModuleManager: Shutting down and abandoning module PackagesDialog (143)
[2016.03.17-09.48.05:503][675]LogModuleManager: Shutting down and abandoning module Persona (142)
[2016.03.17-09.48.05:508][675]LogModuleManager: Shutting down and abandoning module Kismet (141)
[2016.03.17-09.48.05:508][675]LogModuleManager: Shutting down and abandoning module GraphEditor (140)
[2016.03.17-09.48.05:525][675]LogModuleManager: Shutting down and abandoning module ClassViewer (139)
[2016.03.17-09.48.05:525][675]LogModuleManager: Shutting down and abandoning module Toolbox (138)
[2016.03.17-09.48.05:525][675]LogModuleManager: Shutting down and abandoning module ModuleUI (137)
[2016.03.17-09.48.05:535][675]LogModuleManager: Shutting down and abandoning module MovieSceneTools (136)
[2016.03.17-09.48.05:535][675]LogModuleManager: Shutting down and abandoning module OutputLog (135)
[2016.03.17-09.48.05:535][675]LogModuleManager: Shutting down and abandoning module GammaUI (134)
[2016.03.17-09.48.05:539][675]LogModuleManager: Shutting down and abandoning module Documentation (133)
[2016.03.17-09.48.05:540][675]LogModuleManager: Shutting down and abandoning module GameLiveStreaming (132)
[2016.03.17-09.48.05:540][675]LogModuleManager: Shutting down and abandoning module StreamingPauseRendering (131)
[2016.03.17-09.48.05:540][675]LogModuleManager: Shutting down and abandoning module AnalyticsET (130)
[2016.03.17-09.48.05:540][675]LogModuleManager: Shutting down and abandoning module Analytics (129)
[2016.03.17-09.48.05:540][675]LogModuleManager: Shutting down and abandoning module AITestSuite (128)
[2016.03.17-09.48.05:540][675]LogModuleManager: Shutting down and abandoning module GameplayDebugger (127)
[2016.03.17-09.48.05:540][675]LogModuleManager: Shutting down and abandoning module AIModule (126)
[2016.03.17-09.48.05:540][675]LogModuleManager: Shutting down and abandoning module ProfilerService (125)
[2016.03.17-09.48.05:547][675]LogModuleManager: Shutting down and abandoning module TaskGraph (124)
[2016.03.17-09.48.05:547][675]LogModuleManager: Shutting down and abandoning module LeapMotion (123)
[2016.03.17-09.48.05:556][675]LogModuleManager: Shutting down and abandoning module SlateRemote (122)
[2016.03.17-09.48.05:556][675]LogModuleManager: Shutting down and abandoning module SteamVRController (121)
[2016.03.17-09.48.05:556][675]LogModuleManager: Shutting down and abandoning module SteamVR (120)
[2016.03.17-09.48.05:556][675]LogModuleManager: Shutting down and abandoning module ProceduralMeshComponent (119)
[2016.03.17-09.48.05:556][675]LogModuleManager: Shutting down and abandoning module OculusRift (118)
[2016.03.17-09.48.05:556][675]LogModuleManager: Shutting down and abandoning module OculusLibrary (117)
[2016.03.17-09.48.05:556][675]LogModuleManager: Shutting down and abandoning module LeapMotionController (116)
[2016.03.17-09.48.05:583][675]LogModuleManager: Shutting down and abandoning module CustomMeshComponent (115)
[2016.03.17-09.48.05:587][675]LogModuleManager: Shutting down and abandoning module CableComponent (114)
[2016.03.17-09.48.05:587][675]LogModuleManager: Shutting down and abandoning module ArchVisCharacter (113)
[2016.03.17-09.48.05:587][675]LogModuleManager: Shutting down and abandoning module MessagingDebugger (112)
[2016.03.17-09.48.05:594][675]LogModuleManager: Shutting down and abandoning module MediaPlayerEditor (111)
[2016.03.17-09.48.05:595][675]LogModuleManager: Shutting down and abandoning module HTML5Networking (110)
[2016.03.17-09.48.05:595][675]LogModuleManager: Shutting down and abandoning module SpeedTreeImporter (109)
[2016.03.17-09.48.05:595][675]LogModuleManager: Shutting down and abandoning module PluginBrowser (108)
[2016.03.17-09.48.05:595][675]LogModuleManager: Shutting down and abandoning module EpicSurvey (107)
[2016.03.17-09.48.05:595][675]LogModuleManager: Shutting down and abandoning module DesktopPlatform (106)
[2016.03.17-09.48.05:595][675]LogModuleManager: Shutting down and abandoning module VisualStudioSourceCodeAccess (105)
[2016.03.17-09.48.05:595][675]LogModuleManager: Shutting down and abandoning module UObjectPlugin (104)
[2016.03.17-09.48.05:595][675]LogModuleManager: Shutting down and abandoning module SubversionSourceControl (103)
[2016.03.17-09.48.05:595][675]LogModuleManager: Shutting down and abandoning module PerforceSourceControl (102)
[2016.03.17-09.48.05:595][675]LogModuleManager: Shutting down and abandoning module SourceControl (101)
[2016.03.17-09.48.05:595][675]LogModuleManager: Shutting down and abandoning module GitSourceControl (100)
[2016.03.17-09.48.05:595][675]LogModuleManager: Shutting down and abandoning module LightPropagationVolumeEditor (99)
[2016.03.17-09.48.05:595][675]LogModuleManager: Shutting down and abandoning module PaperTiledImporter (98)
[2016.03.17-09.48.05:595][675]LogModuleManager: Shutting down and abandoning module PaperSpriteSheetImporter (97)
[2016.03.17-09.48.05:595][675]LogModuleManager: Shutting down and abandoning module MeshPaint (96)
[2016.03.17-09.48.05:595][675]LogModuleManager: Shutting down and abandoning module SlateReflector (95)
[2016.03.17-09.48.05:600][675]LogModuleManager: Shutting down and abandoning module HotReload (94)
[2016.03.17-09.48.05:600][675]LogModuleManager: Shutting down and abandoning module MainFrame (93)
[2016.03.17-09.48.05:600][675]LogModuleManager: Shutting down and abandoning module LevelEditor (92)
[2016.03.17-09.48.05:605][675]LogModuleManager: Shutting down and abandoning module DirectoryWatcher (91)
[2016.03.17-09.48.05:607][675]LogModuleManager: Shutting down and abandoning module AssetRegistry (90)
[2016.03.17-09.48.05:683][675]LogModuleManager: Shutting down and abandoning module ContentBrowser (89)
[2016.03.17-09.48.05:684][675]LogModuleManager: Shutting down and abandoning module Paper2DEditor (88)
[2016.03.17-09.48.05:690][675]LogModuleManager: Shutting down and abandoning module TheBeginning (87)
[2016.03.17-09.48.05:690][675]LogModuleManager: Shutting down and abandoning module Kinect4Unreal (86)
[2016.03.17-09.48.05:690][675]LogModuleManager: Shutting down and abandoning module UdpMessaging (85)
[2016.03.17-09.48.05:791][675]LogModuleManager: Shutting down and abandoning module LightPropagationVolumeRuntime (84)
[2016.03.17-09.48.05:791][675]LogModuleManager: Shutting down and abandoning module Paper2D (83)
[2016.03.17-09.48.05:791][675]LogModuleManager: Shutting down and abandoning module WindowsMoviePlayer (82)
[2016.03.17-09.48.05:794][675]LogModuleManager: Shutting down and abandoning module Media (81)
[2016.03.17-09.48.05:794][675]LogModuleManager: Shutting down and abandoning module WmfMedia (80)
[2016.03.17-09.48.05:794][675]LogModuleManager: Shutting down and abandoning module OnlineBlueprintSupport (79)
[2016.03.17-09.48.05:794][675]LogModuleManager: Shutting down and abandoning module GameplayTasksEditor (78)
[2016.03.17-09.48.05:794][675]LogModuleManager: Shutting down and abandoning module PropertyEditor (77)
[2016.03.17-09.48.05:794][675]LogModuleManager: Shutting down and abandoning module BehaviorTreeEditor (76)
[2016.03.17-09.48.05:795][675]LogModuleManager: Shutting down and abandoning module FunctionalTesting (75)
[2016.03.17-09.48.05:795][675]LogModuleManager: Shutting down and abandoning module CollisionAnalyzer (74)
[2016.03.17-09.48.05:795][675]LogModuleManager: Shutting down and abandoning module WorkspaceMenuStructure (73)
[2016.03.17-09.48.05:795][675]LogModuleManager: Shutting down and abandoning module MessageLog (72)
[2016.03.17-09.48.05:795][675]LogModuleManager: Shutting down and abandoning module Sequencer (71)
[2016.03.17-09.48.05:800][675]LogModuleManager: Shutting down and abandoning module AssetTools (70)
[2016.03.17-09.48.05:804][675]LogModuleManager: Shutting down and abandoning module UMGEditor (69)
[2016.03.17-09.48.05:815][675]LogModuleManager: Shutting down and abandoning module UMG (68)
[2016.03.17-09.48.05:815][675]LogModuleManager: Shutting down and abandoning module Slate (67)
[2016.03.17-09.48.05:815][675]LogModuleManager: Shutting down and abandoning module EditorStyle (66)
[2016.03.17-09.48.05:816][675]LogModuleManager: Shutting down and abandoning module SessionServices (65)
[2016.03.17-09.48.05:816][675]LogModuleManager: Shutting down and abandoning module SourceCodeAccess (64)
[2016.03.17-09.48.05:816][675]LogModuleManager: Shutting down and abandoning module HeadMountedDisplay (63)
[2016.03.17-09.48.05:816][675]LogModuleManager: Shutting down and abandoning module XAudio2 (62)
[2016.03.17-09.48.05:816][675]LogModuleManager: Shutting down and abandoning module Networking (60)
[2016.03.17-09.48.05:816][675]LogModuleManager: Shutting down and abandoning module Core (59)
[2016.03.17-09.48.05:816][675]LogModuleManager: Shutting down and abandoning module KismetCompiler (58)
[2016.03.17-09.48.05:816][675]LogModuleManager: Shutting down and abandoning module PhysXFormats (57)
[2016.03.17-09.48.05:816][675]LogModuleManager: Shutting down and abandoning module MeshUtilities (56)
[2016.03.17-09.48.05:821][675]LogModuleManager: Shutting down and abandoning module CookingStats (55)
[2016.03.17-09.48.05:833][675]LogModuleManager: Shutting down and abandoning module DerivedDataCache (54)
[2016.03.17-09.48.05:927][675]LogDerivedDataCache: Shutdown
[2016.03.17-09.48.05:927][675]LogModuleManager: Shutting down and abandoning module ShaderFormatOpenGL (53)
[2016.03.17-09.48.05:932][675]LogModuleManager: Shutting down and abandoning module ShaderFormatD3D (52)
[2016.03.17-09.48.05:932][675]LogModuleManager: Shutting down and abandoning module MetalShaderFormat (51)
[2016.03.17-09.48.05:951][675]LogModuleManager: Shutting down and abandoning module TextureFormatUncompressed (50)
[2016.03.17-09.48.05:951][675]LogModuleManager: Shutting down and abandoning module TextureFormatPVR (49)
[2016.03.17-09.48.05:951][675]LogModuleManager: Shutting down and abandoning module TextureFormatIntelISPCTexComp (48)
[2016.03.17-09.48.05:952][675]LogModuleManager: Shutting down and abandoning module TextureFormatDXT (47)
[2016.03.17-09.48.05:952][675]LogModuleManager: Shutting down and abandoning module ImageWrapper (46)
[2016.03.17-09.48.05:952][675]LogModuleManager: Shutting down and abandoning module TextureFormatASTC (45)
[2016.03.17-09.48.05:952][675]LogModuleManager: Shutting down and abandoning module TextureFormatAndroid (44)
[2016.03.17-09.48.05:952][675]LogModuleManager: Shutting down and abandoning module AudioFormatOpus (43)
[2016.03.17-09.48.05:952][675]LogModuleManager: Shutting down and abandoning module AudioFormatOgg (42)
[2016.03.17-09.48.05:952][675]LogModuleManager: Shutting down and abandoning module AudioFormatADPCM (41)
[2016.03.17-09.48.05:952][675]LogModuleManager: Shutting down and abandoning module LinuxTargetPlatform (40)
[2016.03.17-09.48.05:952][675]LogModuleManager: Shutting down and abandoning module LinuxServerTargetPlatform (39)
[2016.03.17-09.48.05:952][675]LogModuleManager: Shutting down and abandoning module LinuxNoEditorTargetPlatform (38)
[2016.03.17-09.48.05:952][675]LogModuleManager: Shutting down and abandoning module Messaging (37)
[2016.03.17-09.48.05:952][675]LogModuleManager: Shutting down and abandoning module IOSTargetPlatform (36)
[2016.03.17-09.48.05:952][675]LogModuleManager: Shutting down and abandoning module HTML5TargetPlatform (35)
[2016.03.17-09.48.05:952][675]LogModuleManager: Shutting down and abandoning module Android_PVRTCTargetPlatform (34)
[2016.03.17-09.48.05:952][675]LogModuleManager: Shutting down and abandoning module Android_ETC2TargetPlatform (33)
[2016.03.17-09.48.05:952][675]LogModuleManager: Shutting down and abandoning module Android_ETC1TargetPlatform (32)
[2016.03.17-09.48.05:952][675]LogModuleManager: Shutting down and abandoning module Android_DXTTargetPlatform (31)
[2016.03.17-09.48.05:952][675]LogModuleManager: Shutting down and abandoning module Android_ATCTargetPlatform (30)
[2016.03.17-09.48.05:952][675]LogModuleManager: Shutting down and abandoning module Android_ASTCTargetPlatform (29)
[2016.03.17-09.48.05:952][675]LogModuleManager: Shutting down and abandoning module AndroidTargetPlatform (28)
[2016.03.17-09.48.05:952][675]LogModuleManager: Shutting down and abandoning module WindowsTargetPlatform (27)
[2016.03.17-09.48.05:952][675]LogModuleManager: Shutting down and abandoning module WindowsServerTargetPlatform (26)
[2016.03.17-09.48.05:952][675]LogModuleManager: Shutting down and abandoning module WindowsNoEditorTargetPlatform (25)
[2016.03.17-09.48.05:952][675]LogModuleManager: Shutting down and abandoning module WindowsClientTargetPlatform (24)
[2016.03.17-09.48.05:952][675]LogModuleManager: Shutting down and abandoning module AllDesktopTargetPlatform (23)
[2016.03.17-09.48.05:952][675]LogModuleManager: Shutting down and abandoning module TargetPlatform (22)
[2016.03.17-09.48.05:952][675]LogModuleManager: Shutting down and abandoning module InputCore (21)
[2016.03.17-09.48.05:952][675]LogModuleManager: Shutting down and abandoning module Settings (20)
[2016.03.17-09.48.05:952][675]LogModuleManager: Shutting down and abandoning module OnlineSubsystem (18)
[2016.03.17-09.48.05:952][675]LogModuleManager: Shutting down and abandoning module HTTP (17)
[2016.03.17-09.48.07:956][675]LogModuleManager: Shutting down and abandoning module XMPP (16)
[2016.03.17-09.48.08:019][675]LogModuleManager: Shutting down and abandoning module ExampleDeviceProfileSelector (15)
[2016.03.17-09.48.08:019][675]LogModuleManager: Shutting down and abandoning module TextureCompressor (14)
[2016.03.17-09.48.08:030][675]LogModuleManager: Shutting down and abandoning module ShaderCore (13)
[2016.03.17-09.48.08:030][675]LogModuleManager: Shutting down and abandoning module Landscape (12)
[2016.03.17-09.48.08:030][675]LogModuleManager: Shutting down and abandoning module SlateRHIRenderer (11)
[2016.03.17-09.48.08:032][675]LogModuleManager: Shutting down and abandoning module OpenGLDrv (10)
[2016.03.17-09.48.08:032][675]LogModuleManager: Shutting down and abandoning module D3D11RHI (9)
[2016.03.17-09.48.08:032][675]LogModuleManager: Shutting down and abandoning module AnimGraphRuntime (8)
[2016.03.17-09.48.08:032][675]LogModuleManager: Shutting down and abandoning module Renderer (7)
[2016.03.17-09.48.08:032][675]LogModuleManager: Shutting down and abandoning module Engine (6)
[2016.03.17-09.48.08:032][675]LogModuleManager: Shutting down and abandoning module CoreUObject (5)
[2016.03.17-09.48.08:032][675]LogModuleManager: Shutting down and abandoning module NetworkFile (4)
[2016.03.17-09.48.08:055][675]LogModuleManager: Shutting down and abandoning module StreamingFile (3)
[2016.03.17-09.48.08:055][675]LogModuleManager: Shutting down and abandoning module SandboxFile (2)
[2016.03.17-09.48.08:055][675]LogModuleManager: Shutting down and abandoning module PakFile (1)
[2016.03.17-09.48.08:056][675]LogExit: Exiting.
[2016.03.17-09.48.08:057][675]Log file closed, 03/17/16 10:48:08
