[2016.03.15-19.01.33:590][  0]Log file open, 03/15/16 20:01:33
[2016.03.15-19.01.33:590][  0]LogInit:Display: Running engine for game: TheBeginning
[2016.03.15-19.01.33:590][  0]LogInit:Display: RandInit(269365006) SRandInit(269365007).
[2016.03.15-19.01.33:590][  0]LogTaskGraph: Started task graph with 4 named threads and 7 total threads.
[2016.03.15-19.01.33:590][  0]LogStats: Stats thread started at 0.129170
[2016.03.15-19.01.33:590][  0]LogInit: Version: 4.9.2-2707645+++depot+UE4-Releases+4.9
[2016.03.15-19.01.33:590][  0]LogInit: API Version: 2672455
[2016.03.15-19.01.33:590][  0]LogInit: Compiled (64-bit): Sep 28 2015 10:25:44
[2016.03.15-19.01.33:590][  0]LogInit: Compiled with Visual C++: 18.00.21005.01
[2016.03.15-19.01.33:590][  0]LogInit: Build Configuration: Development
[2016.03.15-19.01.33:590][  0]LogInit: Branch Name: ++depot+UE4-Releases+4.9
[2016.03.15-19.01.33:590][  0]LogInit: Command line:  
[2016.03.15-19.01.33:590][  0]LogInit: Base directory: C:/Program Files (x86)/Epic Games/4.9/Engine/Binaries/Win64/
[2016.03.15-19.01.33:590][  0]LogInit: Rocket: 1
[2016.03.15-19.01.33:605][  0]LogInit: Using libcurl 7.41.0
[2016.03.15-19.01.33:605][  0]LogInit:  - built for x86_64-pc-win32
[2016.03.15-19.01.33:605][  0]LogInit:  - supports SSL with WinSSL
[2016.03.15-19.01.33:605][  0]LogInit:  - other features:
[2016.03.15-19.01.33:605][  0]LogInit:      CURL_VERSION_SSL
[2016.03.15-19.01.33:605][  0]LogInit:      CURL_VERSION_IPV6
[2016.03.15-19.01.33:605][  0]LogInit:      CURL_VERSION_ASYNCHDNS
[2016.03.15-19.01.33:605][  0]LogInit:      CURL_VERSION_LARGEFILE
[2016.03.15-19.01.33:605][  0]LogInit:      CURL_VERSION_IDN
[2016.03.15-19.01.33:605][  0]LogInit:  CurlRequestOptions (configurable via config and command line):
[2016.03.15-19.01.33:605][  0]LogInit:  - bVerifyPeer = true  - Libcurl will verify peer certificate
[2016.03.15-19.01.33:605][  0]LogInit:  - bUseHttpProxy = false  - Libcurl will NOT use HTTP proxy
[2016.03.15-19.01.33:605][  0]LogInit:  - bDontReuseConnections = false  - Libcurl will reuse connections
[2016.03.15-19.01.33:605][  0]LogInit:  - CertBundlePath = nullptr  - Libcurl will use whatever was configured at build time.
[2016.03.15-19.01.33:621][  0]LogInit: Presizing for 0 objects not considered by GC, pre-allocating 0 bytes.
[2016.03.15-19.01.33:636][  0]LogInit: Object subsystem initialized
[2016.03.15-19.01.33:636][  0]LogInit: Selected Device Profile: [Windows]
[2016.03.15-19.01.33:636][  0]LogInit: Applying CVar settings loaded from the selected device profile: [Windows]
[2016.03.15-19.01.33:660][  0]LogInit: Computer: DESKTOP-I563IRF
[2016.03.15-19.01.33:660][  0]LogInit: User: CaptainAmerica
[2016.03.15-19.01.33:660][  0]LogInit: CPU Page size=4096, Cores=4
[2016.03.15-19.01.33:660][  0]LogInit: High frequency timer resolution =2.531255 MHz
[2016.03.15-19.01.33:660][  0]LogMemory: Memory total: Physical=15.8GB (16GB approx)
[2016.03.15-19.01.33:660][  0]LogMemory: Platform Memory Stats for Windows
[2016.03.15-19.01.33:660][  0]LogMemory: Process Physical Memory: 54.80 MB used, 54.80 MB peak
[2016.03.15-19.01.33:660][  0]LogMemory: Process Virtual Memory: 55.40 MB used, 55.40 MB peak
[2016.03.15-19.01.33:660][  0]LogMemory: Physical Memory: 2703.75 MB used, 16205.89 MB total
[2016.03.15-19.01.33:660][  0]LogMemory: Virtual Memory: 368.80 MB used, 134217728.00 MB total
[2016.03.15-19.01.34:073][  0]LogTextLocalizationManager: No translations for ('de-DE') exist, falling back to 'en' for localization and internationalization data.
[2016.03.15-19.01.35:745][  0]LogD3D11RHI: Found D3D11 adapter 0: NVIDIA GeForce GTX 970M    (Feature Level 11_0)
[2016.03.15-19.01.35:745][  0]LogD3D11RHI: Adapter has 2988MB of dedicated video memory, 0MB of dedicated system memory, and 8102MB of shared system memory, 1 output[s]
[2016.03.15-19.01.35:755][  0]LogD3D11RHI: Found D3D11 adapter 1: Intel(R) HD Graphics 530 (Feature Level 11_0)
[2016.03.15-19.01.35:755][  0]LogD3D11RHI: Adapter has 128MB of dedicated video memory, 0MB of dedicated system memory, and 8102MB of shared system memory, 0 output[s]
[2016.03.15-19.01.35:757][  0]LogD3D11RHI: Found D3D11 adapter 2: Microsoft Basic Render Driver (Feature Level 11_0)
[2016.03.15-19.01.35:757][  0]LogD3D11RHI: Adapter has 0MB of dedicated video memory, 0MB of dedicated system memory, and 8102MB of shared system memory, 0 output[s]
[2016.03.15-19.01.35:757][  0]LogD3D11RHI: Chosen D3D11 Adapter Id = 0
[2016.03.15-19.01.35:762][  0]LogD3D11RHI: !Direct3DDevice
[2016.03.15-19.01.35:762][  0]LogRHI: Texture pool is 1361 MB (70% of 1945 MB)
[2016.03.15-19.01.35:780][  0]LogD3D11RHI: Async texture creation enabled
[2016.03.15-19.01.35:799][  0]LogShaderCompilers: Guid format shader working directory is 15 characters bigger than the processId version (../../../../../../Users/CaptainAmerica/Desktop/Uni/GE_Project/Intermediate/Shaders/WorkingDirectory/9304/).
[2016.03.15-19.01.35:799][  0]LogShaderCompilers: Cleaned the shader compiler working directory '../../../../../../Users/CaptainAmerica/Desktop/Uni/GE_Project/Intermediate/Shaders/tmp/3CB2CEDE40FCAA56235B548030992F3C/'.
[2016.03.15-19.01.35:799][  0]LogShaderCompilers:Display: Using Local Shader Compiler.
[2016.03.15-19.01.37:524][  0]LogTemp:Display: Loaded TP AllDesktopTargetPlatform
[2016.03.15-19.01.37:533][  0]LogTemp:Display: Loaded TP WindowsClientTargetPlatform
[2016.03.15-19.01.37:542][  0]LogTemp:Display: Loaded TP WindowsNoEditorTargetPlatform
[2016.03.15-19.01.37:551][  0]LogTemp:Display: Loaded TP WindowsServerTargetPlatform
[2016.03.15-19.01.37:560][  0]LogTemp:Display: Loaded TP WindowsTargetPlatform
[2016.03.15-19.01.37:566][  0]LogTemp:Display: Loaded TP AndroidTargetPlatform
[2016.03.15-19.01.37:572][  0]LogTemp:Display: Loaded TP Android_ASTCTargetPlatform
[2016.03.15-19.01.37:577][  0]LogTemp:Display: Loaded TP Android_ATCTargetPlatform
[2016.03.15-19.01.37:583][  0]LogTemp:Display: Loaded TP Android_DXTTargetPlatform
[2016.03.15-19.01.37:589][  0]LogTemp:Display: Loaded TP Android_ETC1TargetPlatform
[2016.03.15-19.01.37:596][  0]LogTemp:Display: Loaded TP Android_ETC2TargetPlatform
[2016.03.15-19.01.37:602][  0]LogTemp:Display: Loaded TP Android_PVRTCTargetPlatform
[2016.03.15-19.01.37:602][  0]LogTemp:Display: Loaded TP HTML5TargetPlatform
[2016.03.15-19.01.37:623][  0]LogTemp:Display: Loaded TP IOSTargetPlatform
[2016.03.15-19.01.37:628][  0]LogTemp:Display: Loaded TP LinuxNoEditorTargetPlatform
[2016.03.15-19.01.37:633][  0]LogTemp:Display: Loaded TP LinuxServerTargetPlatform
[2016.03.15-19.01.37:639][  0]LogTemp:Display: Loaded TP LinuxTargetPlatform
[2016.03.15-19.01.37:639][  0]LogTargetPlatformManager:Display: Building Assets For Windows
[2016.03.15-19.01.37:787][  0]LogDerivedDataCache:Display: Max Cache Size: 512 MB
[2016.03.15-19.01.37:852][  0]LogDerivedDataCache: Loaded boot cache 0.06s 41MB C:/Users/CaptainAmerica/AppData/Local/UnrealEngine/4.9/DerivedDataCache/Boot.ddc.
[2016.03.15-19.01.37:853][  0]LogDerivedDataCache:Display: Loaded Boot cache: C:/Users/CaptainAmerica/AppData/Local/UnrealEngine/4.9/DerivedDataCache/Boot.ddc
[2016.03.15-19.01.37:853][  0]LogDerivedDataCache: FDerivedDataBackendGraph:  Pak pak cache file ../../../../../../Users/CaptainAmerica/Desktop/Uni/GE_Project/DerivedDataCache/DDC.ddp not found, will not use a pak cache.
[2016.03.15-19.01.37:853][  0]LogDerivedDataCache: Unable to find inner node Pak for hierarchical cache Hierarchy.
[2016.03.15-19.01.37:853][  0]LogDerivedDataCache: FDerivedDataBackendGraph:  CompressedPak pak cache file ../../../../../../Users/CaptainAmerica/Desktop/Uni/GE_Project/DerivedDataCache/Compressed.ddp not found, will not use a pak cache.
[2016.03.15-19.01.37:853][  0]LogDerivedDataCache: Unable to find inner node CompressedPak for hierarchical cache Hierarchy.
[2016.03.15-19.01.38:083][  0]LogDerivedDataCache:Display: Pak cache opened for reading ../../../Engine/DerivedDataCache/Compressed.ddp.
[2016.03.15-19.01.38:095][  0]LogDerivedDataCache: Using Local data cache path C:/Users/CaptainAmerica/AppData/Local/UnrealEngine/Common/DerivedDataCache: Writable
[2016.03.15-19.01.38:366][  0]LogInit: Selected Device Profile: [Windows]
[2016.03.15-19.01.38:369][  0]LogContentStreaming: Texture pool size is 0.000000MB
[2016.03.15-19.01.38:565][  0]LogMeshUtilities: No automatic mesh reduction module available
[2016.03.15-19.01.38:565][  0]LogMeshUtilities: No automatic mesh merging module available
[2016.03.15-19.01.38:934][  0]LogInit: WinSock: version 1.1 (2.2), MaxSocks=32767, MaxUdp=65467
[2016.03.15-19.01.40:041][  0]UdpMessaging: Initializing bridge on interface 0.0.0.0:0 to multicast group 230.0.0.1:6666.
[2016.03.15-19.01.40:283][  0]LogAssetRegistry: FAssetRegistry took 0.0147 seconds to start up
[2016.03.15-19.01.40:782][  0]SourceControl: Info Source control is disabled
[2016.03.15-19.01.40:783][  0]SourceControl: Info Source control is disabled
[2016.03.15-19.01.40:808][  0]SourceControl: Info Source control is disabled
[2016.03.15-19.01.40:834][  0]SourceControl: Info Source control is disabled
[2016.03.15-19.01.41:235][  0]LogLinker:Warning: Asset '../../../Engine/Plugins/Runtime/LeapMotionController/Content/LM_PassthroughMaterial.uasset' has been saved with empty engine version. The asset will be loaded but may be incompatible.
[2016.03.15-19.01.41:460][  0]LogObj: 28421 objects as part of root set at end of initial load.
[2016.03.15-19.01.41:460][  0]LogUObjectAllocator: 6081752 out of 0 bytes used by permanent object pool.
[2016.03.15-19.01.41:624][  0]LogEngine: Initializing Engine...
[2016.03.15-19.01.41:631][  0]LogHMD: Can't find Oculus library dev build: is proper Runtime installed? Version: 0.7.0.0
[2016.03.15-19.01.41:649][  0]LogHMD: SteamVR failed to initialize.  Err: 110
[2016.03.15-19.01.42:054][  0]LogAIModule: Creating AISystem for world NewWorld
[2016.03.15-19.01.42:074][  0]LogInit: XAudio2 using 'Lautsprecher (Realtek High Definition Audio)' : 2 channels at 48 kHz using 32 bits per sample (channel mask 0x3)
[2016.03.15-19.01.42:112][  0]LogInit: FAudioDevice initialized.
[2016.03.15-19.01.42:140][  0]LogDerivedDataCache: Saved boot cache 0.03s 41MB C:/Users/CaptainAmerica/AppData/Local/UnrealEngine/4.9/DerivedDataCache/Boot.ddc.
[2016.03.15-19.01.42:147][  0]LogInit: Texture streaming: Enabled
[2016.03.15-19.01.42:158][  0]LogAnalytics: Creating configured Analytics provider AnalyticsET
[2016.03.15-19.01.42:159][  0]LogAnalytics: [UEEditor.Rocket.Release] APIServer = http://et2.epicgames.com/ET2/. AppVersion = 4.9.2-2707645+++depot+UE4-Releases+4.9
[2016.03.15-19.01.42:159][  0]LogAnalytics: [UEEditor.Rocket.Release] SetUserId cf13bd144fda46388eb9608560661132|81f01d6b67df48cfa9231b1643757103|89657b24-a756-40fe-95bd-5a575f0e3948
[2016.03.15-19.01.42:159][  0]LogAnalytics: [UEEditor.Rocket.Release] AnalyticsET::StartSession
[2016.03.15-19.01.42:212][  0]LogInit: Transaction tracking system initialized
[2016.03.15-19.01.42:337][  0]BlueprintLog: New page: Editor Load
[2016.03.15-19.01.42:601][  0]LocalizationService: Info Localization service is disabled
[2016.03.15-19.01.42:777][  0]LogConsoleResponse:Display: 
[2016.03.15-19.01.43:178][  0]LogCook:Display: Done creating registry. It took  0.00s.
[2016.03.15-19.01.43:335][  0]LogFileCache: Scanning file cache for directory 'C:/Users/CaptainAmerica/Desktop/Uni/GE_Project/Content/' took 0.02s
[2016.03.15-19.01.43:335][  0]SourceControl: Info Source control is disabled
[2016.03.15-19.01.43:337][  0]Cmd: MAP LOAD FILE="../../../../../../Users/CaptainAmerica/Desktop/Uni/GE_Project/Content/StarterContent/Maps/Minimal_Default.umap" TEMPLATE=0 SHOWPROGRESS=1 FEATURELEVEL=3
[2016.03.15-19.01.43:344][  0]LightingResults: New page: Lighting Build
[2016.03.15-19.01.43:353][  0]MapCheck: New page: Map Check
[2016.03.15-19.01.43:353][  0]LightingResults: New page: Lighting Build
[2016.03.15-19.01.43:371][  0]LogParticles: Destroying 0 GPU particle simulations for FXSystem 0x000001708DE1B6A0
[2016.03.15-19.01.44:316][  0]LogAIModule: Creating AISystem for world Minimal_Default
[2016.03.15-19.01.44:348][  0]LogEditorServer: Finished looking for orphan Actors (0.000 secs)
[2016.03.15-19.01.44:351][  0]Cmd: MAP CHECKDEP NOCLEARLOG
[2016.03.15-19.01.44:424][  0]MapCheck: Info Map check complete: 0 Error(s), 0 Warning(s), took 72.318ms to complete.
[2016.03.15-19.01.44:424][  0]LogFileHelpers: Loading map 'Minimal_Default' took 1.087
[2016.03.15-19.01.44:644][  0]LogCollectionManager: Loaded 0 collections in 0.004012 seconds
[2016.03.15-19.01.44:701][  0]LogFileCache: Scanning file cache for directory 'C:/Users/CaptainAmerica/Desktop/Uni/GE_Project/Saved/Collections/' took 0.01s
[2016.03.15-19.01.44:701][  0]LogFileCache: Scanning file cache for directory 'C:/Users/CaptainAmerica/Desktop/Uni/GE_Project/Content/Developers/CaptainAmerica/Collections/' took 0.01s
[2016.03.15-19.01.44:701][  0]LogFileCache: Scanning file cache for directory 'C:/Users/CaptainAmerica/Desktop/Uni/GE_Project/Content/Collections/' took 0.01s
[2016.03.15-19.01.44:701][  0]LogContentBrowser: Native class hierarchy populated in 0.0163 seconds. Added 1873 classes and 335 folders.
[2016.03.15-19.01.44:720][  0]LogCollectionManager: Rebuilt the GUID cache for 0 collections in 0.000004 seconds
[2016.03.15-19.01.44:740][  0]LogContentBrowser: Native class hierarchy updated for 'WidgetCarousel' in 0.0021 seconds. Added 0 classes and 0 folders.
[2016.03.15-19.01.45:175][  0]LogContentBrowser: Native class hierarchy updated for 'AddContentDialog' in 0.0019 seconds. Added 0 classes and 0 folders.
[2016.03.15-19.01.45:189][  0]LogContentBrowser: Native class hierarchy updated for 'SceneOutliner' in 0.0019 seconds. Added 1 classes and 2 folders.
[2016.03.15-19.01.45:285][  0]LogCrashTracker: Crashtracker disabled due to settings.
[2016.03.15-19.01.45:304][  0]LogUObjectGlobals:Warning: Failed to find object 'Class None.'
[2016.03.15-19.01.45:329][  0]LogLoad: Full Startup: 13.29 seconds (BP compile: 0.07 seconds)
[2016.03.15-19.01.45:514][  0]LogContentStreaming: Texture pool size now 1000 MB
[2016.03.15-19.01.45:759][  0]LogRenderer: Reallocating scene render targets to support 964x436 (Frame:2).
[2016.03.15-19.01.46:143][  4]LogAssetRegistry: Asset discovery search completed in 5.8721 seconds
[2016.03.15-19.01.46:143][  4]LogCollectionManager: Rebuilt the object cache for 0 collections in 0.000001 seconds (found 0 objects)
[2016.03.15-19.01.46:143][  4]LogCollectionManager: Fixed up redirectors for 0 collections in 0.000047 seconds (updated 0 objects)
[2016.03.15-19.02.03:662][760]LogBlueprint:Warning: [compiler Ue4ASP_Character] Warning Input Axis Event references unknown Axis 'LookUp' for  InputAxis LookUp 
[2016.03.15-19.02.03:663][760]LogBlueprint:Warning: [compiler Ue4ASP_Character] Warning Input Axis Event references unknown Axis 'Turn' for  InputAxis Turn 
[2016.03.15-19.02.03:663][760]LogBlueprint:Warning: [compiler Ue4ASP_Character] Warning Input Axis Event references unknown Axis 'MoveRight' for  InputAxis MoveRight 
[2016.03.15-19.02.03:664][760]LogBlueprint:Warning: [compiler Ue4ASP_Character] Warning Input Axis Event references unknown Axis 'MoveForward' for  InputAxis MoveForward 
[2016.03.15-19.02.03:668][760]LogBlueprint:Warning: [compiler Ue4ASP_Character] Warning [0031.63] Compile of Ue4ASP_Character successful, but with 4 Warning(s) [in 12 ms]
[2016.03.15-19.02.03:668][760]LogBlueprint:Warning: [compiler Ue4ASP_Character] Warning [0031.63] Compile of Ue4ASP_Character successful, but with 5 Warning(s) [in 0 ms]
[2016.03.15-19.02.03:668][760]LogBlueprint:Warning: [compiler Ue4ASP_Character] Warning [0031.63] Compile of Ue4ASP_Character successful, but with 6 Warning(s) [in 0 ms]
[2016.03.15-19.02.03:792][760]LogBlueprint:Warning: [compiler Ue4ASP_Character] Warning Input Axis Event references unknown Axis 'LookUp' for  InputAxis LookUp 
[2016.03.15-19.02.03:792][760]LogBlueprint:Warning: [compiler Ue4ASP_Character] Warning Input Axis Event references unknown Axis 'Turn' for  InputAxis Turn 
[2016.03.15-19.02.03:792][760]LogBlueprint:Warning: [compiler Ue4ASP_Character] Warning Input Axis Event references unknown Axis 'MoveRight' for  InputAxis MoveRight 
[2016.03.15-19.02.03:793][