[2016.01.15-12.12.51:939][  0]Log file open, 01/15/16 13:12:51
[2016.01.15-12.12.51:939][  0]LogInit:Display: Running engine for game: TheBeginning
[2016.01.15-12.12.51:939][  0]LogInit:Display: RandInit(-1785780439) SRandInit(-1785780438).
[2016.01.15-12.12.51:940][  0]LogTaskGraph: Started task graph with 4 named threads and 5 total threads.
[2016.01.15-12.12.51:940][  0]LogStats: Stats thread started at 0.075367
[2016.01.15-12.12.51:940][  0]LogModuleManager:Warning: Found module file ../../../../../../Users/Eibl Dani/GE_Project/GE_project/Plugins/LeapMotion/Binaries/Win64/UE4Editor-LeapMotion.dll (API version 2758231), but it was incompatible with the current engine API version (2672455). This is likely a stale module that must be recompiled.
[2016.01.15-12.12.51:940][  0]LogInit:Warning: Incompatible or missing module: UE4Editor-LeapMotion.dll
[2016.01.15-12.13.10:106][  0]LogExit: Preparing to exit.
[2016.01.15-12.13.10:109][  0]LogModuleManager: Shutting down and abandoning module TextureCompressor (14)
[2016.01.15-12.13.10:109][  0]LogModuleManager: Shutting down and abandoning module ShaderCore (13)
[2016.01.15-12.13.10:109][  0]LogModuleManager: Shutting down and abandoning module Landscape (12)
[2016.01.15-12.13.10:109][  0]LogModuleManager: Shutting down and abandoning module SlateRHIRenderer (11)
[2016.01.15-12.13.10:109][  0]LogModuleManager: Shutting down and abandoning module OpenGLDrv (10)
[2016.01.15-12.13.10:109][  0]LogModuleManager: Shutting down and abandoning module D3D11RHI (9)
[2016.01.15-12.13.10:109][  0]LogModuleManager: Shutting down and abandoning module AnimGraphRuntime (8)
[2016.01.15-12.13.10:109][  0]LogModuleManager: Shutting down and abandoning module Renderer (7)
[2016.01.15-12.13.10:109][  0]LogModuleManager: Shutting down and abandoning module Engine (6)
[2016.01.15-12.13.10:109][  0]LogModuleManager: Shutting down and abandoning module CoreUObject (5)
[2016.01.15-12.13.10:109][  0]LogModuleManager: Shutting down and abandoning module NetworkFile (4)
[2016.01.15-12.13.10:109][  0]LogModuleManager: Shutting down and abandoning module StreamingFile (3)
[2016.01.15-12.13.10:109][  0]LogModuleManager: Shutting down and abandoning module SandboxFile (2)
[2016.01.15-12.13.10:109][  0]LogModuleManager: Shutting down and abandoning module PakFile (1)
[2016.01.15-12.13.10:110][  0]LogExit: Exiting.
[2016.01.15-12.13.10:112][  0]Log file closed, 01/15/16 13:13:10
