[2016.01.15-12.20.32:541][  0]Log file open, 01/15/16 13:20:32
[2016.01.15-12.20.32:541][  0]LogInit:Display: Running engine for game: TheBeginning
[2016.01.15-12.20.32:541][  0]LogInit:Display: RandInit(-754112767) SRandInit(-754112767).
[2016.01.15-12.20.32:541][  0]LogTaskGraph: Started task graph with 4 named threads and 5 total threads.
[2016.01.15-12.20.32:541][  0]LogStats: Stats thread started at 0.071660
[2016.01.15-12.20.32:541][  0]LogInit: Version: 4.9.2-2707645+++depot+UE4-Releases+4.9
[2016.01.15-12.20.32:541][  0]LogInit: API Version: 2672455
[2016.01.15-12.20.32:541][  0]LogInit: Compiled (64-bit): Sep 28 2015 10:25:44
[2016.01.15-12.20.32:541][  0]LogInit: Compiled with Visual C++: 18.00.21005.01
[2016.01.15-12.20.32:541][  0]LogInit: Build Configuration: Development
[2016.01.15-12.20.32:541][  0]LogInit: Branch Name: ++depot+UE4-Releases+4.9
[2016.01.15-12.20.32:541][  0]LogInit: Command line:  
[2016.01.15-12.20.32:541][  0]LogInit: Base directory: C:/Program Files/Epic Games/4.9/Engine/Binaries/Win64/
[2016.01.15-12.20.32:541][  0]LogInit: Rocket: 1
[2016.01.15-12.20.32:554][  0]LogInit: Using libcurl 7.41.0
[2016.01.15-12.20.32:554][  0]LogInit:  - built for x86_64-pc-win32
[2016.01.15-12.20.32:554][  0]LogInit:  - supports SSL with WinSSL
[2016.01.15-12.20.32:554][  0]LogInit:  - other features:
[2016.01.15-12.20.32:554][  0]LogInit:      CURL_VERSION_SSL
[2016.01.15-12.20.32:554][  0]LogInit:      CURL_VERSION_IPV6
[2016.01.15-12.20.32:554][  0]LogInit:      CURL_VERSION_ASYNCHDNS
[2016.01.15-12.20.32:554][  0]LogInit:      CURL_VERSION_LARGEFILE
[2016.01.15-12.20.32:554][  0]LogInit:      CURL_VERSION_IDN
[2016.01.15-12.20.32:555][  0]LogInit:  CurlRequestOptions (configurable via config and command line):
[2016.01.15-12.20.32:555][  0]LogInit:  - bVerifyPeer = true  - Libcurl will verify peer certificate
[2016.01.15-12.20.32:555][  0]LogInit:  - bUseHttpProxy = false  - Libcurl will NOT use HTTP proxy
[2016.01.15-12.20.32:555][  0]LogInit:  - bDontReuseConnections = false  - Libcurl will reuse connections
[2016.01.15-12.20.32:555][  0]LogInit:  - CertBundlePath = nullptr  - Libcurl will use whatever was configured at build time.
[2016.01.15-12.20.32:566][  0]LogInit: Presizing for 0 objects not considered by GC, pre-allocating 0 bytes.
[2016.01.15-12.20.32:578][  0]LogInit: Object subsystem initialized
[2016.01.15-12.20.32:581][  0]LogInit: Selected Device Profile: [Windows]
[2016.01.15-12.20.32:581][  0]LogInit: Applying CVar settings loaded from the selected device profile: [Windows]
[2016.01.15-12.20.32:597][  0]LogInit: Computer: EIBLDANI-PC
[2016.01.15-12.20.32:597][  0]LogInit: User: EiblDani
[2016.01.15-12.20.32:597][  0]LogInit: CPU Page size=4096, Cores=2
[2016.01.15-12.20.32:597][  0]LogInit: High frequency timer resolution =2.241054 MHz
[2016.01.15-12.20.32:597][  0]LogMemory: Memory total: Physical=7.9GB (8GB approx)
[2016.01.15-12.20.32:597][  0]LogMemory: Platform Memory Stats for Windows
[2016.01.15-12.20.32:597][  0]LogMemory: Process Physical Memory: 53.64 MB used, 53.64 MB peak
[2016.01.15-12.20.32:597][  0]LogMemory: Process Virtual Memory: 58.21 MB used, 58.21 MB peak
[2016.01.15-12.20.32:597][  0]LogMemory: Physical Memory: 3960.45 MB used, 8086.48 MB total
[2016.01.15-12.20.32:597][  0]LogMemory: Virtual Memory: 339.91 MB used, 8388608.00 MB total
[2016.01.15-12.20.32:702][  0]LogTextLocalizationManager: No translations for ('de-DE') exist, falling back to 'en' for localization and internationalization data.
[2016.01.15-12.20.34:112][  0]LogD3D11RHI: Found D3D11 adapter 0: Intel(R) HD Graphics Family (Feature Level 10_0)
[2016.01.15-12.20.34:112][  0]LogD3D11RHI: Adapter has 64MB of dedicated video memory, 0MB of dedicated system memory, and 1632MB of shared system memory, 1 output[s]
[2016.01.15-12.20.34:112][  0]LogD3D11RHI: Chosen D3D11 Adapter Id = 0
[2016.01.15-12.20.34:119][  0]LogD3D11RHI: !Direct3DDevice
[2016.01.15-12.20.34:120][  0]LogRHI: Texture pool is 616 MB (70% of 880 MB)
[2016.01.15-12.20.34:139][  0]LogD3D11RHI: Async texture creation enabled
[2016.01.15-12.20.34:156][  0]LogShaderCompilers: Guid format shader working directory is 15 characters bigger than the processId version (../../../../../../Users/Eibl Dani/GE_Project/GE_project/Intermediate/Shaders/WorkingDirectory/8648/).
[2016.01.15-12.20.34:156][  0]LogShaderCompilers: Cleaned the shader compiler working directory '../../../../../../Users/Eibl Dani/GE_Project/GE_project/Intermediate/Shaders/tmp/4AD092514AED1CAA15CCFEB14F36897E/'.
[2016.01.15-12.20.34:156][  0]LogShaderCompilers:Display: Using Local Shader Compiler.
[2016.01.15-12.20.36:384][  0]LogTemp:Display: Loaded TP AllDesktopTargetPlatform
[2016.01.15-12.20.36:392][  0]LogTemp:Display: Loaded TP WindowsClientTargetPlatform
[2016.01.15-12.20.36:401][  0]LogTemp:Display: Loaded TP WindowsNoEditorTargetPlatform
[2016.01.15-12.20.36:409][  0]LogTemp:Display: Loaded TP WindowsServerTargetPlatform
[2016.01.15-12.20.36:417][  0]LogTemp:Display: Loaded TP WindowsTargetPlatform
[2016.01.15-12.20.36:424][  0]LogTemp:Display: Loaded TP AndroidTargetPlatform
[2016.01.15-12.20.36:429][  0]LogTemp:Display: Loaded TP Android_ASTCTargetPlatform
[2016.01.15-12.20.36:435][  0]LogTemp:Display: Loaded TP Android_ATCTargetPlatform
[2016.01.15-12.20.36:441][  0]LogTemp:Display: Loaded TP Android_DXTTargetPlatform
[2016.01.15-12.20.36:447][  0]LogTemp:Display: Loaded TP Android_ETC1TargetPlatform
[2016.01.15-12.20.36:453][  0]LogTemp:Display: Loaded TP Android_ETC2TargetPlatform
[2016.01.15-12.20.36:459][  0]LogTemp:Display: Loaded TP Android_PVRTCTargetPlatform
[2016.01.15-12.20.36:460][  0]LogTemp:Display: Loaded TP HTML5TargetPlatform
[2016.01.15-12.20.36:483][  0]LogTemp:Display: Loaded TP IOSTargetPlatform
[2016.01.15-12.20.36:490][  0]LogTemp:Display: Loaded TP LinuxNoEditorTargetPlatform
[2016.01.15-12.20.36:499][  0]LogTemp:Display: Loaded TP LinuxServerTargetPlatform
[2016.01.15-12.20.36:508][  0]LogTemp:Display: Loaded TP LinuxTargetPlatform
[2016.01.15-12.20.36:508][  0]LogTargetPlatformManager:Display: Building Assets For Windows
[2016.01.15-12.20.36:651][  0]LogDerivedDataCache:Display: Max Cache Size: 512 MB
[2016.01.15-12.20.36:712][  0]LogDerivedDataCache: Loaded boot cache 0.06s 36MB C:/Users/Eibl Dani/AppData/Local/UnrealEngine/4.9/DerivedDataCache/Boot.ddc.
[2016.01.15-12.20.36:712][  0]LogDerivedDataCache:Display: Loaded Boot cache: C:/Users/Eibl Dani/AppData/Local/UnrealEngine/4.9/DerivedDataCache/Boot.ddc
[2016.01.15-12.20.36:712][  0]LogDerivedDataCache: FDerivedDataBackendGraph:  Pak pak cache file ../../../../../../Users/Eibl Dani/GE_Project/GE_project/DerivedDataCache/DDC.ddp not found, will not use a pak cache.
[2016.01.15-12.20.36:712][  0]LogDerivedDataCache: Unable to find inner node Pak for hierarchical cache Hierarchy.
[2016.01.15-12.20.36:712][  0]LogDerivedDataCache: FDerivedDataBackendGraph:  CompressedPak pak cache file ../../../../../../Users/Eibl Dani/GE_Project/GE_project/DerivedDataCache/Compressed.ddp not found, will not use a pak cache.
[2016.01.15-12.20.36:712][  0]LogDerivedDataCache: Unable to find inner node CompressedPak for hierarchical cache Hierarchy.
[2016.01.15-12.20.36:988][  0]LogDerivedDataCache:Display: Pak cache opened for reading ../../../Engine/DerivedDataCache/Compressed.ddp.
[2016.01.15-12.20.37:001][  0]LogDerivedDataCache: Using Local data cache path C:/Users/Eibl Dani/AppData/Local/UnrealEngine/Common/DerivedDataCache: Writable
[2016.01.15-12.20.37:376][  0]LogInit: Selected Device Profile: [Windows]
[2016.01.15-12.20.37:377][  0]LogContentStreaming: Texture pool size is 0.000000MB
[2016.01.15-12.20.37:427][  0]LogMeshUtilities: No automatic mesh reduction module available
[2016.01.15-12.20.37:427][  0]LogMeshUtilities: No automatic mesh merging module available
[2016.01.15-12.20.38:169][  0]LogInit: WinSock: version 1.1 (2.2), MaxSocks=32767, MaxUdp=65467
[2016.01.15-12.20.40:321][  0]UdpMessaging: Initializing bridge on interface 0.0.0.0:0 to multicast group 230.0.0.1:6666.
[2016.01.15-12.20.40:480][  0]LogAssetRegistry: FAssetRegistry took 0.0097 seconds to start up
[2016.01.15-12.20.40:899][  0]SourceControl: Info Source control is disabled
[2016.01.15-12.20.40:901][  0]SourceControl: Info Source control is disabled
[2016.01.15-12.20.40:931][  0]SourceControl: Info Source control is disabled
[2016.01.15-12.20.40:962][  0]SourceControl: Info Source control is disabled
[2016.01.15-12.20.41:298][  0]LogLinker:Warning: Asset '../../../Engine/Plugins/Runtime/LeapMotionController/Content/LM_PassthroughMaterial.uasset' has been saved with empty engine version. The asset will be loaded but may be incompatible.
[2016.01.15-12.20.41:554][  0]LeapPluginLog: Using LeapPlugin version 0.9.6
[2016.01.15-12.20.41:562][  0]LogObj: 29039 objects as part of root set at end of initial load.
[2016.01.15-12.20.41:562][  0]LogUObjectAllocator: 6182888 out of 0 bytes used by permanent object pool.
[2016.01.15-12.20.41:657][  0]LogEngine: Initializing Engine...
[2016.01.15-12.20.41:660][  0]LogHMD: Can't find Oculus library dev build: is proper Runtime installed? Version: 0.7.0.0
[2016.01.15-12.20.41:661][  0]LogHMD: SteamVR failed to initialize.  Err: 110
[2016.01.15-12.20.41:934][  0]LogAIModule: Creating AISystem for world NewWorld
[2016.01.15-12.20.41:942][  0]LogInit: XAudio2 using 'Speakers (Realtek High Definition Audio)' : 2 channels at 48 kHz using 32 bits per sample (channel mask 0x3)
[2016.01.15-12.20.41:958][  0]LogInit: FAudioDevice initialized.
[2016.01.15-12.20.41:987][  0]LogDerivedDataCache: Saved boot cache 0.03s 36MB C:/Users/Eibl Dani/AppData/Local/UnrealEngine/4.9/DerivedDataCache/Boot.ddc.
[2016.01.15-12.20.41:995][  0]LogInit: Texture streaming: Enabled
[2016.01.15-12.20.42:008][  0]LogAnalytics: Creating configured Analytics provider AnalyticsET
[2016.01.15-12.20.42:008][  0]LogAnalytics: [UEEditor.Rocket.Release] APIServer = http://et2.epicgames.com/ET2/. AppVersion = 4.9.2-2707645+++depot+UE4-Releases+4.9
[2016.01.15-12.20.42:008][  0]LogAnalytics: [UEEditor.Rocket.Release] SetUserId 4d96d88841fb6852951d54b4bc47f931|9481cf86690e463c9671b4553a8caf12|0f86c71f-246d-4fde-a968-207588436514
[2016.01.15-12.20.42:008][  0]LogAnalytics: [UEEditor.Rocket.Release] AnalyticsET::StartSession
[2016.01.15-12.20.42:046][  0]LogInit: Transaction tracking system initialized
[2016.01.15-12.20.42:105][  0]BlueprintLog: New page: Editor Load
[2016.01.15-12.20.42:236][  0]LocalizationService: Info Localization service is disabled
[2016.01.15-12.20.42:354][  0]LogLinker:Warning: Can't find file '/Game/ThirdPersonBP/ThirdPersonOverview'
[2016.01.15-12.20.42:354][  0]LogLinker:Warning: Can't find file '/Game/ThirdPersonBP/ThirdPersonOverview'
[2016.01.15-12.20.42:355][  0]LogUObjectGlobals:Warning: Failed to find object 'Class /Game/ThirdPersonBP/ThirdPersonOverview.ThirdPersonOverview_C'
[2016.01.15-12.20.42:698][  0]LogConsoleResponse:Display: 
[2016.01.15-12.20.42:995][  0]LogCook:Display: Done creating registry. It took  0.00s.
[2016.01.15-12.20.43:167][  0]LogFileCache: Scanning file cache for directory 'C:/Users/Eibl Dani/GE_Project/GE_project/Content/' took 0.02s
[2016.01.15-12.20.43:167][  0]SourceControl: Info Source control is disabled
[2016.01.15-12.20.43:168][  0]Cmd: MAP LOAD FILE="../../../../../../Users/Eibl Dani/GE_Project/GE_project/Content/StarterContent/Maps/Minimal_Default.umap" TEMPLATE=0 SHOWPROGRESS=1 FEATURELEVEL=2
[2016.01.15-12.20.43:171][  0]LightingResults: New page: Lighting Build
[2016.01.15-12.20.43:177][  0]MapCheck: New page: Map Check
[2016.01.15-12.20.43:177][  0]LightingResults: New page: Lighting Build
[2016.01.15-12.20.43:218][  0]LogParticles: Destroying 0 GPU particle simulations for FXSystem 0x0000000029A0F6A0
[2016.01.15-12.20.44:017][  0]LogMaterial: Missing cached shader map for material M_StatueGlass, compiling. 
[2016.01.15-12.20.47:112][  0]LogAIModule: Creating AISystem for world Minimal_Default
[2016.01.15-12.20.47:127][  0]LogEditorServer: Finished looking for orphan Actors (0.000 secs)
[2016.01.15-12.20.47:242][  0]Cmd: MAP CHECKDEP NOCLEARLOG
[2016.01.15-12.20.47:411][  0]MapCheck: Info Map check complete: 0 Error(s), 0 Warning(s), took 169.04ms to complete.
[2016.01.15-12.20.47:526][  0]LogFileHelpers: Loading map 'Minimal_Default' took 4.358
[2016.01.15-12.20.56:644][  0]LogCollectionManager: Loaded 0 collections in 0.005702 seconds
[2016.01.15-12.20.56:768][  0]LogFileCache: Scanning file cache for directory 'C:/Users/Eibl Dani/GE_Project/GE_project/Saved/Collections/' took 0.04s
[2016.01.15-12.20.56:768][  0]LogContentBrowser: Native class hierarchy populated in 0.0291 seconds. Added 1899 classes and 339 folders.
[2016.01.15-12.20.56:843][  0]LogFileCache: Scanning file cache for directory 'C:/Users/Eibl Dani/GE_Project/GE_project/Content/Developers/EiblDani/Collections/' took 0.08s
[2016.01.15-12.20.56:843][  0]LogFileCache: Scanning file cache for directory 'C:/Users/Eibl Dani/GE_Project/GE_project/Content/Collections/' took 0.03s
[2016.01.15-12.20.56:843][  0]LogCollectionManager: Rebuilt the GUID cache for 0 collections in 0.000004 seconds
[2016.01.15-12.20.56:926][  0]LogContentBrowser: Native class hierarchy updated for 'WidgetCarousel' in 0.0029 seconds. Added 0 classes and 0 folders.
[2016.01.15-12.20.57:101][  0]LogContentBrowser: Native class hierarchy updated for 'AddContentDialog' in 0.0031 seconds. Added 0 classes and 0 folders.
[2016.01.15-12.20.57:114][  0]LogContentBrowser: Native class hierarchy updated for 'SceneOutliner' in 0.0054 seconds. Added 1 classes and 2 folders.
[2016.01.15-12.20.57:180][  0]LogCrashTracker: Crashtracker disabled due to settings.
[2016.01.15-12.20.57:195][  0]LogUObjectGlobals:Warning: Failed to find object 'Class None.'
[2016.01.15-12.20.57:232][  0]LogLoad: Full Startup: 26.34 seconds (BP compile: 0.11 seconds)
[2016.01.15-12.20.57:618][  0]LogContentStreaming: Texture pool size now 200 MB
[2016.01.15-12.20.58:274][  0]LogRenderer: Reallocating scene render targets to support 788x372 (Frame:2).
[2016.01.15-12.20.59:580][  9]LogAssetRegistry: Asset discovery search completed in 19.1093 seconds
[2016.01.15-12.20.59:580][  9]LogCollectionManager: Rebuilt the object cache for 0 collections in 0.000003 seconds (found 0 objects)
[2016.01.15-12.20.59:580][  9]LogCollectionManager: Fixed up redirectors for 0 collections in 0.000060 seconds (updated 0 objects)
[2016.01.15-12.21.06:449][133]LogShaderCompilers:Warning: Failed to compile Material /Game/StarterContent/Props/Materials/M_StatueGlass.M_StatueGlass for platform PCD3D_SM4, Default Material will be used in game.
[2016.01.15-12.21.22:516][181]Cmd: MAP LOAD FILE="../../../../../../Users/Eibl Dani/GE_Project/GE_project/Content/MyFirstLevel.umap" TEMPLATE=0 SHOWPROGRESS=1 FEATURELEVEL=2
[2016.01.15-12.21.22:543][181]LightingResults: New page: Lighting Build
[2016.01.15-12.21.22:574][181]LoadErrors: New page: Loading map: MyFirstLevel.umap
[2016.01.15-12.21.22:575][181]MapCheck: New page: Map Check
[2016.01.15-12.21.22:575][181]LightingResults: New page: Lighting Build
[2016.01.15-12.21.22:602][181]LogParticles: Destroying 0 GPU particle simulations for FXSystem 0x000000001C657420
[2016.01.15-12.21.22:815][181]LogAIModule: Creating AISystem for world MyFirstLevel
[2016.01.15-12.21.22:923][181]LogEditorServer: Finished looking for orphan Actors (0.000 secs)
[2016.01.15-12.21.23:088][181]Cmd: MAP CHECKDEP NOCLEARLOG
[2016.01.15-12.21.23:196][181]MapCheck: Info Map check complete: 0 Error(s), 0 Warning(s), took 108.06ms to complete.
[2016.01.15-12.21.23:196][181]LogFileHelpers: Loading map 'MyFirstLevel' took 0.682
[2016.01.15-12.21.23:233][182]Cmd: UpdateLandscapeEditorData -warnings
[2016.01.15-12.23.43:541][495]LogBlueprint:Warning: [compiler Ue4ASP_Character] Warning Input Axis Event references unknown Axis 'LookUp' for  InputAxis LookUp 
[2016.01.15-12.23.43:542][495]LogBlueprint:Warning: [compiler Ue4ASP_Character] Warning Input Axis Event references unknown Axis 'Turn' for  InputAxis Turn 
[2016.01.15-12.23.43:542][495]LogBlueprint:Warning: [compiler Ue4ASP_Character] Warning Input Axis Event references unknown Axis 'MoveRight' for  InputAxis MoveRight 
[2016.01