[2016.03.17-09.57.50:855][  0]Log file open, 03/17/16 10:57:50
[2016.03.17-09.57.50:855][  0]LogInit:Display: Running engine for game: TheBeginning
[2016.03.17-09.57.50:855][  0]LogInit:Display: RandInit(-1088953941) SRandInit(-1088953941).
[2016.03.17-09.57.50:855][  0]LogTaskGraph: Started task graph with 4 named threads and 7 total threads.
[2016.03.17-09.57.50:855][  0]LogStats: Stats thread started at 0.065802
[2016.03.17-09.57.50:855][  0]LogInit: Version: 4.9.2-2707645+++depot+UE4-Releases+4.9
[2016.03.17-09.57.50:855][  0]LogInit: API Version: 2672455
[2016.03.17-09.57.50:855][  0]LogInit: Compiled (64-bit): Sep 28 2015 10:25:44
[2016.03.17-09.57.50:855][  0]LogInit: Compiled with Visual C++: 18.00.21005.01
[2016.03.17-09.57.50:855][  0]LogInit: Build Configuration: Development
[2016.03.17-09.57.50:855][  0]LogInit: Branch Name: ++depot+UE4-Releases+4.9
[2016.03.17-09.57.50:855][  0]LogInit: Command line:  
[2016.03.17-09.57.50:855][  0]LogInit: Base directory: D:/Programme/Epic Games/4.9/Engine/Binaries/Win64/
[2016.03.17-09.57.50:855][  0]LogInit: Rocket: 1
[2016.03.17-09.57.50:860][  0]LogInit: Using libcurl 7.41.0
[2016.03.17-09.57.50:860][  0]LogInit:  - built for x86_64-pc-win32
[2016.03.17-09.57.50:860][  0]LogInit:  - supports SSL with WinSSL
[2016.03.17-09.57.50:860][  0]LogInit:  - other features:
[2016.03.17-09.57.50:860][  0]LogInit:      CURL_VERSION_SSL
[2016.03.17-09.57.50:860][  0]LogInit:      CURL_VERSION_IPV6
[2016.03.17-09.57.50:860][  0]LogInit:      CURL_VERSION_ASYNCHDNS
[2016.03.17-09.57.50:860][  0]LogInit:      CURL_VERSION_LARGEFILE
[2016.03.17-09.57.50:860][  0]LogInit:      CURL_VERSION_IDN
[2016.03.17-09.57.50:860][  0]LogInit:  CurlRequestOptions (configurable via config and command line):
[2016.03.17-09.57.50:860][  0]LogInit:  - bVerifyPeer = true  - Libcurl will verify peer certificate
[2016.03.17-09.57.50:860][  0]LogInit:  - bUseHttpProxy = false  - Libcurl will NOT use HTTP proxy
[2016.03.17-09.57.50:860][  0]LogInit:  - bDontReuseConnections = false  - Libcurl will reuse connections
[2016.03.17-09.57.50:860][  0]LogInit:  - CertBundlePath = nullptr  - Libcurl will use whatever was configured at build time.
[2016.03.17-09.57.50:864][  0]LogInit: Presizing for 0 objects not considered by GC, pre-allocating 0 bytes.
[2016.03.17-09.57.50:870][  0]LogInit: Object subsystem initialized
[2016.03.17-09.57.50:871][  0]LogInit: Selected Device Profile: [Windows]
[2016.03.17-09.57.50:871][  0]LogInit: Applying CVar settings loaded from the selected device profile: [Windows]
[2016.03.17-09.57.50:877][  0]LogInit: Computer: PC1021500895
[2016.03.17-09.57.50:877][  0]LogInit: User: VR
[2016.03.17-09.57.50:877][  0]LogInit: CPU Page size=4096, Cores=4
[2016.03.17-09.57.50:877][  0]LogInit: High frequency timer resolution =3.507497 MHz
[2016.03.17-09.57.50:878][  0]LogMemory: Memory total: Physical=15.9GB (16GB approx)
[2016.03.17-09.57.50:878][  0]LogMemory: Platform Memory Stats for Windows
[2016.03.17-09.57.50:878][  0]LogMemory: Process Physical Memory: 52.69 MB used, 52.69 MB peak
[2016.03.17-09.57.50:878][  0]LogMemory: Process Virtual Memory: 56.10 MB used, 56.10 MB peak
[2016.03.17-09.57.50:878][  0]LogMemory: Physical Memory: 4515.93 MB used, 16261.17 MB total
[2016.03.17-09.57.50:878][  0]LogMemory: Virtual Memory: 347.69 MB used, 134217728.00 MB total
[2016.03.17-09.57.50:904][  0]LogTextLocalizationManager: No translations for ('de-DE') exist, falling back to 'en' for localization and internationalization data.
[2016.03.17-09.57.51:522][  0]LogD3D11RHI: Found D3D11 adapter 0: NVIDIA GeForce GTX 970 (Feature Level 11_0)
[2016.03.17-09.57.51:522][  0]LogD3D11RHI: Adapter has 3976MB of dedicated video memory, 0MB of dedicated system memory, and 8130MB of shared system memory, 1 output[s]
[2016.03.17-09.57.51:523][  0]LogD3D11RHI: Found D3D11 adapter 1: Microsoft Basic Render Driver (Feature Level 11_0)
[2016.03.17-09.57.51:523][  0]LogD3D11RHI: Adapter has 0MB of dedicated video memory, 0MB of dedicated system memory, and 256MB of shared system memory, 0 output[s]
[2016.03.17-09.57.51:523][  0]LogD3D11RHI: Chosen D3D11 Adapter Id = 0
[2016.03.17-09.57.51:527][  0]LogD3D11RHI: !Direct3DDevice
[2016.03.17-09.57.51:527][  0]LogRHI: Texture pool is 1361 MB (70% of 1945 MB)
[2016.03.17-09.57.51:535][  0]LogD3D11RHI: Async texture creation enabled
[2016.03.17-09.57.51:550][  0]LogShaderCompilers: Guid format shader working directory is 15 characters bigger than the processId version (../../../../../../UnrealProjects/GE_Project/Intermediate/Shaders/WorkingDirectory/8692/).
[2016.03.17-09.57.51:550][  0]LogShaderCompilers: Cleaned the shader compiler working directory '../../../../../../UnrealProjects/GE_Project/Intermediate/Shaders/tmp/734C2AC248851D5B8CB806A69C2174AC/'.
[2016.03.17-09.57.51:550][  0]LogShaderCompilers:Display: Using Local Shader Compiler.
[2016.03.17-09.57.52:314][  0]LogTemp:Display: Loaded TP AllDesktopTargetPlatform
[2016.03.17-09.57.52:318][  0]LogTemp:Display: Loaded TP WindowsClientTargetPlatform
[2016.03.17-09.57.52:321][  0]LogTemp:Display: Loaded TP WindowsNoEditorTargetPlatform
[2016.03.17-09.57.52:324][  0]LogTemp:Display: Loaded TP WindowsServerTargetPlatform
[2016.03.17-09.57.52:328][  0]LogTemp:Display: Loaded TP WindowsTargetPlatform
[2016.03.17-09.57.52:330][  0]LogTemp:Display: Loaded TP AndroidTargetPlatform
[2016.03.17-09.57.52:332][  0]LogTemp:Display: Loaded TP Android_ASTCTargetPlatform
[2016.03.17-09.57.52:335][  0]LogTemp:Display: Loaded TP Android_ATCTargetPlatform
[2016.03.17-09.57.52:337][  0]LogTemp:Display: Loaded TP Android_DXTTargetPlatform
[2016.03.17-09.57.52:339][  0]LogTemp:Display: Loaded TP Android_ETC1TargetPlatform
[2016.03.17-09.57.52:341][  0]LogTemp:Display: Loaded TP Android_ETC2TargetPlatform
[2016.03.17-09.57.52:343][  0]LogTemp:Display: Loaded TP Android_PVRTCTargetPlatform
[2016.03.17-09.57.52:344][  0]LogTemp:Display: Loaded TP HTML5TargetPlatform
[2016.03.17-09.57.52:359][  0]LogTemp:Display: Loaded TP IOSTargetPlatform
[2016.03.17-09.57.52:361][  0]LogTemp:Display: Loaded TP LinuxNoEditorTargetPlatform
[2016.03.17-09.57.52:363][  0]LogTemp:Display: Loaded TP LinuxServerTargetPlatform
[2016.03.17-09.57.52:366][  0]LogTemp:Display: Loaded TP LinuxTargetPlatform
[2016.03.17-09.57.52:366][  0]LogTargetPlatformManager:Display: Building Assets For Windows
[2016.03.17-09.57.52:414][  0]LogDerivedDataCache:Display: Max Cache Size: 512 MB
[2016.03.17-09.57.52:449][  0]LogDerivedDataCache: Loaded boot cache 0.04s 41MB C:/Users/VR/AppData/Local/UnrealEngine/4.9/DerivedDataCache/Boot.ddc.
[2016.03.17-09.57.52:449][  0]LogDerivedDataCache:Display: Loaded Boot cache: C:/Users/VR/AppData/Local/UnrealEngine/4.9/DerivedDataCache/Boot.ddc
[2016.03.17-09.57.52:449][  0]LogDerivedDataCache: FDerivedDataBackendGraph:  Pak pak cache file ../../../../../../UnrealProjects/GE_Project/DerivedDataCache/DDC.ddp not found, will not use a pak cache.
[2016.03.17-09.57.52:449][  0]LogDerivedDataCache: Unable to find inner node Pak for hierarchical cache Hierarchy.
[2016.03.17-09.57.52:449][  0]LogDerivedDataCache: FDerivedDataBackendGraph:  CompressedPak pak cache file ../../../../../../UnrealProjects/GE_Project/DerivedDataCache/Compressed.ddp not found, will not use a pak cache.
[2016.03.17-09.57.52:449][  0]LogDerivedDataCache: Unable to find inner node CompressedPak for hierarchical cache Hierarchy.
[2016.03.17-09.57.52:564][  0]LogDerivedDataCache:Display: Pak cache opened for reading ../../../Engine/DerivedDataCache/Compressed.ddp.
[2016.03.17-09.57.52:576][  0]LogDerivedDataCache: Using Local data cache path C:/Users/VR/AppData/Local/UnrealEngine/Common/DerivedDataCache: Writable
[2016.03.17-09.57.52:709][  0]LogInit: Selected Device Profile: [Windows]
[2016.03.17-09.57.52:711][  0]LogContentStreaming: Texture pool size is 0.000000MB
[2016.03.17-09.57.52:800][  0]LogMeshUtilities: No automatic mesh reduction module available
[2016.03.17-09.57.52:800][  0]LogMeshUtilities: No automatic mesh merging module available
[2016.03.17-09.57.52:977][  0]LogInit: WinSock: version 1.1 (2.2), MaxSocks=32767, MaxUdp=65467
[2016.03.17-09.57.53:492][  0]UdpMessaging: Initializing bridge on interface 0.0.0.0:0 to multicast group 230.0.0.1:6666.
[2016.03.17-09.57.53:619][  0]LogAssetRegistry: FAssetRegistry took 0.0106 seconds to start up
[2016.03.17-09.57.53:727][  0]SourceControl: Info Source control is disabled
[2016.03.17-09.57.53:734][  0]SourceControl: Info Source control is disabled
[2016.03.17-09.57.53:742][  0]SourceControl: Info Source control is disabled
[2016.03.17-09.57.53:748][  0]SourceControl: Info Source control is disabled
[2016.03.17-09.57.53:831][  0]LogLinker:Warning: Asset '../../../Engine/Plugins/Runtime/LeapMotionController/Content/LM_PassthroughMaterial.uasset' has been saved with empty engine version. The asset will be loaded but may be incompatible.
[2016.03.17-09.57.53:877][  0]LeapPluginLog: Using LeapPlugin version 0.9.6
[2016.03.17-09.57.53:881][  0]LogObj: 29249 objects as part of root set at end of initial load.
[2016.03.17-09.57.53:881][  0]LogUObjectAllocator: 6234272 out of 0 bytes used by permanent object pool.
[2016.03.17-09.57.53:927][  0]LogEngine: Initializing Engine...
[2016.03.17-09.57.53:928][  0]LogHMD: Can't find Oculus library dev build: is proper Runtime installed? Version: 0.7.0.0
[2016.03.17-09.57.54:306][  0]LogHMD: SteamVR initialized.  Driver: oculus  Display: 207KGV03FJGR
[2016.03.17-09.57.54:406][  0]LogAIModule: Creating AISystem for world NewWorld
[2016.03.17-09.57.54:417][  0]LogInit: XAudio2 using 'Speakers (Realtek High Definition Audio)' : 2 channels at 48 kHz using 32 bits per sample (channel mask 0x3)
[2016.03.17-09.57.54:524][  0]LogInit: FAudioDevice initialized.
[2016.03.17-09.57.54:543][  0]LogDerivedDataCache: Saved boot cache 0.02s 41MB C:/Users/VR/AppData/Local/UnrealEngine/4.9/DerivedDataCache/Boot.ddc.
[2016.03.17-09.57.54:546][  0]LogInit: Texture streaming: Enabled
[2016.03.17-09.57.54:550][  0]LogAnalytics: Creating configured Analytics provider AnalyticsET
[2016.03.17-09.57.54:550][  0]LogAnalytics: [UEEditor.Rocket.Release] APIServer = http://et2.epicgames.com/ET2/. AppVersion = 4.9.2-2707645+++depot+UE4-Releases+4.9
[2016.03.17-09.57.54:550][  0]LogAnalytics: [UEEditor.Rocket.Release] SetUserId 8c1436b7469470d4e6ebefb46ce7086e|0318ce7eb266467aa7a1e63543527494|c39e7128-8a93-45bc-b94e-b28d0faf1958
[2016.03.17-09.57.54:550][  0]LogAnalytics: [UEEditor.Rocket.Release] AnalyticsET::StartSession
[2016.03.17-09.57.54:559][  0]LogWindowsTextInputMethodSystem:Display: IME system now deactivated.
[2016.03.17-09.57.54:571][  0]LogInit: Transaction tracking system initialized
[2016.03.17-09.57.54:585][  0]BlueprintLog: New page: Editor Load
[2016.03.17-09.57.54:626][  0]LocalizationService: Info Localization service is disabled
[2016.03.17-09.57.54:665][  0]LogLinker:Warning: Can't find file '/Game/FirstPersonBP/FirstPersonOverview'
[2016.03.17-09.57.54:665][  0]LogLinker:Warning: Can't find file '/Game/FirstPersonBP/FirstPersonOverview'
[2016.03.17-09.57.54:665][  0]LogUObjectGlobals:Warning: Failed to find object 'Class /Game/FirstPersonBP/FirstPersonOverview.FirstPersonOverview_C'
[2016.03.17-09.57.54:676][  0]LogConsoleResponse:Display: 
[2016.03.17-09.57.54:776][  0]LogCook:Display: Done creating registry. It took  0.00s.
[2016.03.17-09.57.54:814][  0]LogFileCache: Scanning file cache for directory 'D:/UnrealProjects/GE_Project/Content/' took 0.01s
[2016.03.17-09.57.54:814][  0]SourceControl: Info Source control is disabled
[2016.03.17-09.57.54:814][  0]Cmd: MAP LOAD FILE="../../../../../../UnrealProjects/GE_Project/Content/StarterContent/Maps/Minimal_Default.umap" TEMPLATE=0 SHOWPROGRESS=1 FEATURELEVEL=3
[2016.03.17-09.57.54:814][  0]LightingResults: New page: Lighting Build
[2016.03.17-09.57.54:816][  0]MapCheck: New page: Map Check
[2016.03.17-09.57.54:816][  0]LightingResults: New page: Lighting Build
[2016.03.17-09.57.54:827][  0]LogParticles: Destroying 0 GPU particle simulations for FXSystem 0x000000955C9C4400
[2016.03.17-09.57.55:152][  0]LogAIModule: Creating AISystem for world Minimal_Default
[2016.03.17-09.57.55:157][  0]LogEditorServer: Finished looking for orphan Actors (0.000 secs)
[2016.03.17-09.57.55:157][  0]Cmd: MAP CHECKDEP NOCLEARLOG
[2016.03.17-09.57.55:200][  0]MapCheck: Info Map check complete: 0 Error(s), 0 Warning(s), took 43.089ms to complete.
[2016.03.17-09.57.55:200][  0]LogFileHelpers: Loading map 'Minimal_Default' took 0.387
[2016.03.17-09.57.55:288][  0]LogCollectionManager: Loaded 0 collections in 0.000944 seconds
[2016.03.17-09.57.55:328][  0]LogFileCache: Scanning file cache for directory 'D:/UnrealProjects/GE_Project/Saved/Collections/' took 0.01s
[2016.03.17-09.57.55:328][  0]LogFileCache: Scanning file cache for directory 'D:/UnrealProjects/GE_Project/Content/Developers/VR/Collections/' took 0.01s
[2016.03.17-09.57.55:328][  0]LogFileCache: Scanning file cache for directory 'D:/UnrealProjects/GE_Project/Content/Collections/' took 0.01s
[2016.03.17-09.57.55:328][  0]LogContentBrowser: Native class hierarchy populated in 0.0068 seconds. Added 1918 classes and 347 folders.
[2016.03.17-09.57.55:331][  0]LogCollectionManager: Rebuilt the GUID cache for 0 collections in 0.000002 seconds
[2016.03.17-09.57.55:336][  0]LogContentBrowser: Native class hierarchy updated for 'WidgetCarousel' in 0.0008 seconds. Added 0 classes and 0 folders.
[2016.03.17-09.57.55:366][  0]LogContentBrowser: Native class hierarchy updated for 'AddContentDialog' in 0.0013 seconds. Added 0 classes and 0 folders.
[2016.03.17-09.57.55:369][  0]LogContentBrowser: Native class hierarchy updated for 'SceneOutliner' in 0.0007 seconds. Added 1 classes and 2 folders.
[2016.03.17-09.57.55:418][  0]LogCrashTracker: Crashtracker disabled due to settings.
[2016.03.17-09.57.55:427][  0]LogUObjectGlobals:Warning: Failed to find object 'Class None.'
[2016.03.17-09.57.55:450][  0]LogLoad: Full Startup: 5.17 seconds (BP compile: 0.04 seconds)
[2016.03.17-09.57.55:517][  0]LogContentStreaming: Texture pool size now 1000 MB
[2016.03.17-09.57.55:632][  0]LogRenderer: Reallocating scene render targets to support 1216x576 (Frame:2).
[2016.03.17-09.57.55:798][  1]LogFileCache: Retrieving MD5 hashes for directory 'D:/UnrealProjects/GE_Project/Content/' took 0.33s
[2016.03.17-09.57.56:475][  3]LogAssetRegistry: Asset discovery search completed in 2.8668 seconds
[2016.03.17-09.57.56:475][  3]LogCollectionManager: Rebuilt the object cache for 0 collections in 0.000001 seconds (found 0 objects)
[2016.03.17-09.57.56:475][  3]LogCollectionManager: Fixed up redirectors for 0 collections in 0.000017 seconds (updated 0 objects)
[2016.03.17-09.58.03:120][514]Cmd: MAP LOAD FILE="../../../../../../UnrealProjects/GE_Project/Content/MyFirstLevel.umap" TEMPLATE=0 SHOWPROGRESS=1 FEATURELEVEL=3
[2016.03.17-09.58.03:137][514]LightingResults: New page: Lighting Build
[2016.03.17-09.58.03:151][514]LoadErrors: New page: Loading map: MyFirstLevel.umap
[2016.03.17-09.58.03:151][514]MapCheck: New page: Map Check
[2016.03.17-09.58.03:151][514]LightingResults: New page: Lighting Build
[2016.03.17-09.58.03:161][514]LogParticles: Destroying 0 GPU particle simulations for FXSystem 0x0000009544D13560
[2016.03.17-09.58.03:235][514]LogBlueprint:Warning: [compiler Ue4ASP_Character] Warning Input Axis Event references unknown Axis 'LookUp' for  InputAxis LookUp 
[2016.03.17-09.58.03:235][514]LogBlueprint:Warning: [compiler Ue4ASP_Character] Warning Input Axis Event references unknown Axis 'Turn' for  InputAxis Turn 
[2016.03.17-09.58.03:235][514]LogBlueprint:Warning: [compiler Ue4ASP_Character] Warning Input Axis Event references unknown Axis 'MoveRight' for  InputAxis MoveRight 
[2016.03.17-09.58.03:235][514]LogBlueprint:Warning: [compiler Ue4ASP_Character] Warning Input Axis Event references unknown Axis 'MoveForward' for  InputAxis MoveForward 
[2016.03.17-09.58.03:238][514]LogBlueprint:Warning: [compiler Ue4ASP_Character] Warning [0012.96] Compile of Ue4ASP_Character successful, but with 4 Warning(s) [in 7 ms]
[2016.03.17-09.58.03:238][514]LogBlueprint:Warning: [compiler Ue4ASP_Character] Warning [0012.96] Compile of Ue4ASP_Character successful, but with 5 Warning(s) [in 0 ms]
[2016.03.17-09.58.03:238][514]LogBlueprint:Warning: [compiler Ue4ASP_Character] Warning [0012.96] Compile of Ue4ASP_Character successful, but with 6 Warning(s) [in 0 ms]
[2016.03.17-09.58.03:294][514]LogBlueprint:Warning: [compiler Ue4ASP_Character] Warning Input Axis Event references unknown Axis 'LookUp' for  InputAxis LookUp 
[2016.03.17-09.58.03:294][514]LogBlueprint:Warning: [compiler Ue4ASP_Character] Warning Input Axis Event references unknown Axis 'Turn' for  InputAxis Turn 
[2016.03.17-09.58.03:294][514]LogBlueprint:Warning: [compiler Ue4ASP_Character] Warning Input Axis Event references unknown Axis 'MoveRight' for  InputAxis MoveRight 
[2016.03.17-09.58.03:294][514]LogBlueprint:Warning: [compiler Ue4ASP_Character] Warning Input Axis Event references unknown Axis 'MoveForward' for  InputAxis MoveForward 
[2016.03.17-09.58.03:296][514]LogBlueprint:Warning: [compiler Ue4ASP_Character] Warning [0013.02] Compile of Ue4ASP_Character successful, but with 4 Warning(s) [in 5 ms]
[2016.03.17-09.58.03:296][514]LogBlueprint:Warning: [compiler Ue4ASP_Character] Warning [0013.02] Compile of Ue4ASP_Character successful, but with 5 Warning(s) [in 0 ms]
[2016.03.17-09.58.03:297][514]LogBlueprint:Warning: [compiler Ue4ASP_Character] Warning [0013.02] Compile of Ue4ASP_Character successful, but with 6 Warning(s) [in 0 ms]
[2016.03.17-09.58.03:778][514]LogAIModule: Creating AISystem for world MyFirstLevel
[2016.03.17-09.58.03:960][514]LogEditorServer: Finished looking for orphan Actors (0.000 secs)
[2016.03.17-09.58.04:018][514]Cmd: MAP CHECKDEP NOCLEARLOG
[2016.03.17-09.58.04:065][514]MapCheck: Info Map check complete: 0 Error(s), 0 Warning(s), took 46.802ms to complete.
[2016.03.17-09.58.04:065][514]LogFileHelpers: Loading map 'MyFirstLevel' took 0.946
[2016.03.17-09.58.04:086][515]Cmd: UpdateLandscapeEditorData -warnings
[2016.03.17-09.58.08:695][ 21]LogBlueprint:Warning: [BP_Avatar] CreatePinForVariable: 'KinectInterface' variable not found. Base class was probably changed.
[2016.03.17-09.58.08:695][ 21]LogBlueprint:Warning: [BP_Avatar] CreatePinForVariable: 'KinectInterface' variable not found. Base class was probably changed.
[2016.03.17-09.58.08:695][ 21]LogBlueprint:Warning: [BP_Avatar] CreatePinForVariable: 'KinectInterface' variable not found. Base class was probably changed.
[2016.03.17-09.58.08:695][ 21]LogBlueprint:Warning: [BP_Avatar] CreatePinForVariable: 'KinectInterface' variable not found. Base class was probably changed.
[2016.03.17-09.58.08:695][ 21]LogBlueprint:Warning: [BP_Avatar] CreatePinForVariable: 'KinectInterface' variable not found. Base class was probably changed.
[2016.03.17-09.58.08:696][ 21]LogBlueprint:Warning: [BP_Avatar] CreatePinForVariable: 'KinectInterface' variable not found. Base class was probably changed.
[2016.03.17-09.58.08:696][ 21]LogBlueprint:Warning: [BP_Avatar] CreatePinForVariable: 'KinectInterface' variable not found. Base class was probably changed.
[2016.03.17-09.58.08:703][ 21]LogBlueprint:Error: [compiler BP_Avatar] Error Could not find a function named "GetHandStateAsExecution" in 'BP_Avatar'.
Make sure 'BP_Avatar' has been compiled for  Get Hand State as Execution 
[2016.03.17-09.58.08:703][ 21]LogBlueprint:Warning: [compiler BP_Avatar] Warning Could not find a variable named "KinectInterface" in 'BP_Avatar_C'.
Make sure 'BP_Avatar_C' has been compiled for  Get KinectInterface 
[2016.03.17-09.58.08:703][ 21]LogBlueprint:Warning: [compiler BP_Avatar] Warning Could not find a variable named "KinectInterface" in 'BP_Avatar_C'.
Make sure 'BP_Avatar_C' has been compiled for  Get KinectInterface 
[2016.03.17-09.58.08:703][ 21]LogBlueprint:Error: [compiler BP_Avatar] Error Could not find a function named "GetDistanceBetweenJoints" in 'BP_Avatar'.
Make sure 'BP_Avatar' has been compiled for  Get Distance Between Joints 
[2016.03.17-09.58.08:704][ 21]LogBlueprint:Warning: [compiler BP_Avatar] Warning Could not find a variable named "KinectInterface" in 'BP_Avatar_C'.
Make sure 'BP_Avatar_C' has been compiled for  Get KinectInterface 
[2016.03.17-09.58.08:704][ 21]LogBlueprint:Error: [compiler BP_Avatar] Error Could not find a function named "GetDistanceBetweenJoints" in 'BP_Avatar'.
Make sure 'BP_Avatar' has been compiled for  Get Distance Between Joints 
[2016.03.17-09.58.08:704][ 21]LogBlueprint:Warning: [compiler BP_Avatar] Warning Could not find a variable named "KinectInterface" in 'BP_Avatar_C'.
Make sure 'BP_Avatar_C' has been compiled for  Get KinectInterface 
[2016.03.17-09.58.08:704][ 21]LogBlueprint:Error: [compiler BP_Avatar] Error Could not find a function named "GetCenteredBody" in 'BP_Avatar'.
Make sure 'BP_Avatar' has been compiled for  Get Centered Body 
[2016.03.17-09.58.08:704][ 21]LogBlueprint:Warning: [compiler BP_Avatar] Warning Could not find a variable named "KinectInterface" in 'BP_Avatar_C'.
Make sure 'BP_Avatar_C' has been compiled for  Get KinectInterface 
[2016.03.17-09.58.08:704][ 21]LogBlueprint:Error: [compiler BP_Avatar] Error Could not find a function named "GetHandStateAsExecution" in 'BP_Avatar'.
Make sure 'BP_Avatar' has been compiled for  Get Hand State as Execution 
[2016.03.17-09.58.08:704][ 21]LogBlueprint:Warning: [compiler BP_Avatar] Warning Could not find a variable named "KinectInterface" in 'BP_Avatar_C'.
Make sure 'BP_Avatar_C' has been compiled for  Get KinectInterface 
[2016.03.17-09.58.08:704][ 21]LogBlueprint:Error: [compiler BP_Avatar] Error Could not find a function named "GetHandStateAsExecution" in 'BP_Avatar'.
Make sure 'BP_Avatar' has been compiled for  Get Hand State as Execution 
[2016.03.17-09.58.08:704][ 21]LogBlueprint:Warning: [compiler BP_Avatar] Warning Could not find a variable named "KinectInterface" in 'BP_Avatar_C'.
Make sure 'BP_Avatar_C' has been compiled for  Get KinectInterface 
[2016.03.17-09.58.08:704][ 21]LogBlueprint:Error: [compiler BP_Avatar] Error Could not find a function named "GetCenteredBody" in 'BP_Avatar'.
Make sure 'BP_Avatar' has been compiled for  Get Centered Body 
[2016.03.17-09.58.08:705][ 21]LogBlueprint:Error: [compiler BP_Avatar] Error The property associated with  Kinect Interface  could not be found
[2016.03.17-09.58.08:705][ 21]LogBlueprint:Error: [compiler BP_Avatar] Error The property associated with  Kinect Interface  could not be found
[2016.03.17-09.58.08:705][ 21]LogBlueprint:Error: [compiler BP_Avatar] Error The current value (AnkleRight) of the ' Start Joint ' pin is invalid: Expected a valid unsigned number for a byte property
[2016.03.17-09.58.08:705][ 21]LogBlueprint:Error: [compiler BP_Avatar] Error The current value (AnkleLeft) of the ' End Joint ' pin is invalid: Expected a valid unsigned number for a byte property
[2016.03.17-09.58.08:705][ 21]LogBlueprint:Error: [compiler BP_Avatar] Error The property associated with  Kinect Interface  could not be found
[2016.03.17-09.58.08:705][ 21]LogBlueprint:Error: [compiler BP_Avatar] Error The current value (Head) of the ' Start Joint ' pin is invalid: Expected a valid unsigned number for a byte property
[2016.03.17-09.58.08:706][ 21]LogBlueprint:Error: [compiler BP_Avatar] Error The current value (AnkleRight) of the ' End Joint ' pin is invalid: Expected a valid unsigned number for a byte property
[2016.03.17-09.58.08:706][ 21]LogBlueprint:Error: [compiler BP_Avatar] Error The property associated with  Kinect Interface  could not be found
[2016.03.17-09.58.08:706][ 21]LogBlueprint:Error: [compiler BP_Avatar] Error The current value (Right) of the ' Hand ' pin is invalid: Expected a valid unsigned number for a byte property
[2016.03.17-09.58.08:711][ 21]LogBlueprint:Warning: [compiler BP_Avatar] Warning [0018.43] Compile of BP_Avatar failed. 16 Fatal Issue(s) 7 Warning(s) [in 14 ms]
[2016.03.17-09.58.08:711][ 21]LogBlueprint:Warning: [compiler BP_Avatar] Warning [0018.43] Compile of BP_Avatar failed. 16 Fatal Issue(s) 8 Warning(s) [in 0 ms]
[2016.03.17-09.58.08:711][ 21]LogBlueprint:Warning: [compiler BP_Avatar] Warning [0018.43] Compile of BP_Avatar failed. 16 Fatal Issue(s) 9 Warning(s) [in 0 ms]
[2016.03.17-09.58.08:763][ 21]LogLinker:Warning: Asset '../../../Engine/Content/ArtTools/RenderToTexture/Macros/RenderToTextureMacros.uasset' has been saved with empty engine version. The asset will be loaded but may be incompatible.
[2016.03.17-09.58.09:206][ 21]LogContentBrowser: Native class hierarchy updated for 'BlueprintGraph' in 0.0021 seconds. Added 107 classes and 0 folders.
[2016.03.17-09.58.30:008][313]LogActorComponent: UnregisterComponent: (/Engine/Transient.CharMoveComp) Not registered. Aborting.
[2016.03.17-09.58.30:008][313]LogActorComponent: UnregisterComponent: (/Engine/Transient.CharacterMovementComponent_0) Not registered. Aborting.
[2016.03.17-09.58.30:035][313]LogParticles: Destroying 0 GPU particle simulations for FXSystem 0x00000095222D8A40
[2016.03.17-09.58.30:177][313]LogWindowsTextInputMethodSystem:Display: IME system now deactivated.
[2016.03.17-09.58.30:419][314]Cmd: QUIT_EDITOR
[2016.03.17-09.58.30:653][314]LogExit: Preparing to exit.
[2016.03.17-09.58.31:581][314]LogExit: Editor shut down
[2016.03.17-09.58.31:582][314]LogExit: Transaction tracking system shut down
[2016.03.17-09.58.31:583][314]LogParticles: Destroying 0 GPU particle simulations for FXSystem 0x000000956AF73880
[2016.03.17-09.58.31:584][314]LogParticles: Destroying 0 GPU particle simulations for FXSystem 0x000000950A4A39C0
[2016.03.17-09.58.31:586][314]LogParticles: Destroying 0 GPU particle simulations for FXSystem 0x00000095011CECA0
[2016.03.17-09.58.31:587][314]LogParticles: Destroying 0 GPU particle simulations for FXSystem 0x00000095011CE520
[2016.03.17-09.58.31:587][314]LogParticles: Destroying 0 GPU particle simulations for FXSystem 0x00000095011CE3E0
[2016.03.17-09.58.31:599][314]LeapPluginLog: LeapController::CleanupEventData Delete Called
[2016.03.17-09.58.31:741][314]LogExit: Object subsystem successfully closed.
[2016.03.17-09.58.31:758][314]LogD3D11RHI: Shutdown
[2016.03.17-09.58.31:758][314]LogD3D11RHI: CleanupD3DDevice
[2016.03.17-09.58.31:814][314]LogD3D11RHI: ~FD3D11DynamicRHI
[2016.03.17-09.58.31:926][314]LogCrashTracker: 


[2016.03.17-09.58.31:926][314]LogCrashTracker: 


[2016.03.17-09.58.31:926][314]LogWindows: === Critical error: ===
Fatal error!



