[2016.03.05-12.38.51:479][  0]Log file open, 03/05/16 13:38:51
[2016.03.05-12.38.51:479][  0]LogInit:Display: Running engine for game: TheBeginning
[2016.03.05-12.38.51:479][  0]LogInit:Display: RandInit(1193655564) SRandInit(1193655565).
[2016.03.05-12.38.51:479][  0]LogTaskGraph: Started task graph with 4 named threads and 7 total threads.
[2016.03.05-12.38.51:479][  0]LogStats: Stats thread started at 0.080149
[2016.03.05-12.38.51:479][  0]LogInit: Version: 4.9.2-2707645+++depot+UE4-Releases+4.9
[2016.03.05-12.38.51:479][  0]LogInit: API Version: 2672455
[2016.03.05-12.38.51:479][  0]LogInit: Compiled (64-bit): Sep 28 2015 10:25:44
[2016.03.05-12.38.51:479][  0]LogInit: Compiled with Visual C++: 18.00.21005.01
[2016.03.05-12.38.51:479][  0]LogInit: Build Configuration: Development
[2016.03.05-12.38.51:479][  0]LogInit: Branch Name: ++depot+UE4-Releases+4.9
[2016.03.05-12.38.51:479][  0]LogInit: Command line: -EpicPortal 
[2016.03.05-12.38.51:479][  0]LogInit: Base directory: C:/Program Files (x86)/Epic Games/4.9/Engine/Binaries/Win64/
[2016.03.05-12.38.51:479][  0]LogInit: Rocket: 1
[2016.03.05-12.38.51:489][  0]LogInit: Using libcurl 7.41.0
[2016.03.05-12.38.51:489][  0]LogInit:  - built for x86_64-pc-win32
[2016.03.05-12.38.51:489][  0]LogInit:  - supports SSL with WinSSL
[2016.03.05-12.38.51:489][  0]LogInit:  - other features:
[2016.03.05-12.38.51:489][  0]LogInit:      CURL_VERSION_SSL
[2016.03.05-12.38.51:489][  0]LogInit:      CURL_VERSION_IPV6
[2016.03.05-12.38.51:489][  0]LogInit:      CURL_VERSION_ASYNCHDNS
[2016.03.05-12.38.51:489][  0]LogInit:      CURL_VERSION_LARGEFILE
[2016.03.05-12.38.51:489][  0]LogInit:      CURL_VERSION_IDN
[2016.03.05-12.38.51:489][  0]LogInit:  CurlRequestOptions (configurable via config and command line):
[2016.03.05-12.38.51:489][  0]LogInit:  - bVerifyPeer = true  - Libcurl will verify peer certificate
[2016.03.05-12.38.51:489][  0]LogInit:  - bUseHttpProxy = false  - Libcurl will NOT use HTTP proxy
[2016.03.05-12.38.51:489][  0]LogInit:  - bDontReuseConnections = false  - Libcurl will reuse connections
[2016.03.05-12.38.51:489][  0]LogInit:  - CertBundlePath = nullptr  - Libcurl will use whatever was configured at build time.
[2016.03.05-12.38.51:496][  0]LogInit: Presizing for 0 objects not considered by GC, pre-allocating 0 bytes.
[2016.03.05-12.38.51:502][  0]LogInit: Object subsystem initialized
[2016.03.05-12.38.51:503][  0]LogInit: Selected Device Profile: [Windows]
[2016.03.05-12.38.51:503][  0]LogInit: Applying CVar settings loaded from the selected device profile: [Windows]
[2016.03.05-12.38.51:511][  0]LogInit: Computer: DESKTOP-I563IRF
[2016.03.05-12.38.51:511][  0]LogInit: User: CaptainAmerica
[2016.03.05-12.38.51:511][  0]LogInit: CPU Page size=4096, Cores=4
[2016.03.05-12.38.51:511][  0]LogInit: High frequency timer resolution =2.531249 MHz
[2016.03.05-12.38.51:511][  0]LogMemory: Memory total: Physical=15.8GB (16GB approx)
[2016.03.05-12.38.51:511][  0]LogMemory: Platform Memory Stats for Windows
[2016.03.05-12.38.51:511][  0]LogMemory: Process Physical Memory: 54.20 MB used, 54.20 MB peak
[2016.03.05-12.38.51:511][  0]LogMemory: Process Virtual Memory: 58.23 MB used, 58.23 MB peak
[2016.03.05-12.38.51:511][  0]LogMemory: Physical Memory: 2719.13 MB used, 16205.89 MB total
[2016.03.05-12.38.51:511][  0]LogMemory: Virtual Memory: 372.40 MB used, 134217728.00 MB total
[2016.03.05-12.38.51:542][  0]LogTextLocalizationManager: No translations for ('de-DE') exist, falling back to 'en' for localization and internationalization data.
[2016.03.05-12.38.52:214][  0]LogD3D11RHI: Found D3D11 adapter 0: NVIDIA GeForce GTX 970M    (Feature Level 11_0)
[2016.03.05-12.38.52:214][  0]LogD3D11RHI: Adapter has 2988MB of dedicated video memory, 0MB of dedicated system memory, and 8102MB of shared system memory, 1 output[s]
[2016.03.05-12.38.52:220][  0]LogD3D11RHI: Found D3D11 adapter 1: Intel(R) HD Graphics 530 (Feature Level 11_0)
[2016.03.05-12.38.52:220][  0]LogD3D11RHI: Adapter has 128MB of dedicated video memory, 0MB of dedicated system memory, and 8102MB of shared system memory, 0 output[s]
[2016.03.05-12.38.52:221][  0]LogD3D11RHI: Found D3D11 adapter 2: Microsoft Basic Render Driver (Feature Level 11_0)
[2016.03.05-12.38.52:221][  0]LogD3D11RHI: Adapter has 0MB of dedicated video memory, 0MB of dedicated system memory, and 8102MB of shared system memory, 0 output[s]
[2016.03.05-12.38.52:221][  0]LogD3D11RHI: Chosen D3D11 Adapter Id = 0
[2016.03.05-12.38.52:224][  0]LogD3D11RHI: !Direct3DDevice
[2016.03.05-12.38.52:225][  0]LogRHI: Texture pool is 1361 MB (70% of 1945 MB)
[2016.03.05-12.38.52:236][  0]LogD3D11RHI: Async texture creation enabled
[2016.03.05-12.38.52:254][  0]LogShaderCompilers: Guid format shader working directory is 15 characters bigger than the processId version (../../../../../../Users/CaptainAmerica/Desktop/Uni/GE_Project/Intermediate/Shaders/WorkingDirectory/7528/).
[2016.03.05-12.38.52:255][  0]LogShaderCompilers: Cleaned the shader compiler working directory '../../../../../../Users/CaptainAmerica/Desktop/Uni/GE_Project/Intermediate/Shaders/tmp/2E467D8F4A2DF1D31B34C8A7FF78B2D8/'.
[2016.03.05-12.38.52:255][  0]LogShaderCompilers:Display: Using Local Shader Compiler.
[2016.03.05-12.38.53:732][  0]LogTemp:Display: Loaded TP AllDesktopTargetPlatform
[2016.03.05-12.38.53:737][  0]LogTemp:Display: Loaded TP WindowsClientTargetPlatform
[2016.03.05-12.38.53:742][  0]LogTemp:Display: Loaded TP WindowsNoEditorTargetPlatform
[2016.03.05-12.38.53:747][  0]LogTemp:Display: Loaded TP WindowsServerTargetPlatform
[2016.03.05-12.38.53:752][  0]LogTemp:Display: Loaded TP WindowsTargetPlatform
[2016.03.05-12.38.53:755][  0]LogTemp:Display: Loaded TP AndroidTargetPlatform
[2016.03.05-12.38.53:758][  0]LogTemp:Display: Loaded TP Android_ASTCTargetPlatform
[2016.03.05-12.38.53:760][  0]LogTemp:Display: Loaded TP Android_ATCTargetPlatform
[2016.03.05-12.38.53:763][  0]LogTemp:Display: Loaded TP Android_DXTTargetPlatform
[2016.03.05-12.38.53:766][  0]LogTemp:Display: Loaded TP Android_ETC1TargetPlatform
[2016.03.05-12.38.53:769][  0]LogTemp:Display: Loaded TP Android_ETC2TargetPlatform
[2016.03.05-12.38.53:772][  0]LogTemp:Display: Loaded TP Android_PVRTCTargetPlatform
[2016.03.05-12.38.53:773][  0]LogTemp:Display: Loaded TP HTML5TargetPlatform
[2016.03.05-12.38.53:789][  0]LogTemp:Display: Loaded TP IOSTargetPlatform
[2016.03.05-12.38.53:792][  0]LogTemp:Display: Loaded TP LinuxNoEditorTargetPlatform
[2016.03.05-12.38.53:795][  0]LogTemp:Display: Loaded TP LinuxServerTargetPlatform
[2016.03.05-12.38.53:798][  0]LogTemp:Display: Loaded TP LinuxTargetPlatform
[2016.03.05-12.38.53:798][  0]LogTargetPlatformManager:Display: Building Assets For Windows
[2016.03.05-12.38.53:878][  0]LogDerivedDataCache:Display: Max Cache Size: 512 MB
[2016.03.05-12.38.53:913][  0]LogDerivedDataCache: Loaded boot cache 0.03s 41MB C:/Users/CaptainAmerica/AppData/Local/UnrealEngine/4.9/DerivedDataCache/Boot.ddc.
[2016.03.05-12.38.53:913][  0]LogDerivedDataCache:Display: Loaded Boot cache: C:/Users/CaptainAmerica/AppData/Local/UnrealEngine/4.9/DerivedDataCache/Boot.ddc
[2016.03.05-12.38.53:913][  0]LogDerivedDataCache: FDerivedDataBackendGraph:  Pak pak cache file ../../../../../../Users/CaptainAmerica/Desktop/Uni/GE_Project/DerivedDataCache/DDC.ddp not found, will not use a pak cache.
[2016.03.05-12.38.53:913][  0]LogDerivedDataCache: Unable to find inner node Pak for hierarchical cache Hierarchy.
[2016.03.05-12.38.53:913][  0]LogDerivedDataCache: FDerivedDataBackendGraph:  CompressedPak pak cache file ../../../../../../Users/CaptainAmerica/Desktop/Uni/GE_Project/DerivedDataCache/Compressed.ddp not found, will not use a pak cache.
[2016.03.05-12.38.53:913][  0]LogDerivedDataCache: Unable to find inner node CompressedPak for hierarchical cache Hierarchy.
[2016.03.05-12.38.54:034][  0]LogDerivedDataCache:Display: Pak cache opened for reading ../../../Engine/DerivedDataCache/Compressed.ddp.
[2016.03.05-12.38.54:045][  0]LogDerivedDataCache: Using Local data cache path C:/Users/CaptainAmerica/AppData/Local/UnrealEngine/Common/DerivedDataCache: Writable
[2016.03.05-12.38.54:193][  0]LogInit: Selected Device Profile: [Windows]
[2016.03.05-12.38.54:196][  0]LogContentStreaming: Texture pool size is 0.000000MB
[2016.03.05-12.38.54:304][  0]LogMeshUtilities: No automatic mesh reduction module available
[2016.03.05-12.38.54:304][  0]LogMeshUtilities: No automatic mesh merging module available
[2016.03.05-12.38.54:508][  0]LogInit: WinSock: version 1.1 (2.2), MaxSocks=32767, MaxUdp=65467
[2016.03.05-12.38.55:134][  0]UdpMessaging: Initializing bridge on interface 0.0.0.0:0 to multicast group 230.0.0.1:6666.
[2016.03.05-12.38.55:266][  0]LogAssetRegistry: FAssetRegistry took 0.0108 seconds to start up
[2016.03.05-12.38.55:424][  0]SourceControl: Info Source control is disabled
[2016.03.05-12.38.55:424][  0]SourceControl: Info Source control is disabled
[2016.03.05-12.38.55:436][  0]SourceControl: Info Source control is disabled
[2016.03.05-12.38.55:448][  0]SourceControl: Info Source control is disabled
[2016.03.05-12.38.55:597][  0]LogLinker:Warning: Asset '../../../Engine/Plugins/Runtime/LeapMotionController/Content/LM_PassthroughMaterial.uasset' has been saved with empty engine version. The asset will be loaded but may be incompatible.
[2016.03.05-12.38.55:684][  0]LogObj: 28421 objects as part of root set at end of initial load.
[2016.03.05-12.38.55:684][  0]LogUObjectAllocator: 6081744 out of 0 bytes used by permanent object pool.
[2016.03.05-12.38.55:734][  0]LogEngine: Initializing Engine...
[2016.03.05-12.38.55:736][  0]LogHMD: Can't find Oculus library dev build: is proper Runtime installed? Version: 0.7.0.0
[2016.03.05-12.38.55:736][  0]LogHMD: SteamVR failed to initialize.  Err: 110
[2016.03.05-12.38.55:845][  0]LogAIModule: Creating AISystem for world NewWorld
[2016.03.05-12.38.55:848][  0]LogInit: XAudio2 using 'Lautsprecher (Realtek High Definition Audio)' : 2 channels at 48 kHz using 32 bits per sample (channel mask 0x3)
[2016.03.05-12.38.55:868][  0]LogInit: FAudioDevice initialized.
[2016.03.05-12.38.55:884][  0]LogDerivedDataCache: Saved boot cache 0.02s 41MB C:/Users/CaptainAmerica/AppData/Local/UnrealEngine/4.9/DerivedDataCache/Boot.ddc.
[2016.03.05-12.38.55:888][  0]LogInit: Texture streaming: Enabled
[2016.03.05-12.38.55:893][  0]LogAnalytics: Creating configured Analytics provider AnalyticsET
[2016.03.05-12.38.55:893][  0]LogAnalytics: [UEEditor.Rocket.Release] APIServer = http://et2.epicgames.com/ET2/. AppVersion = 4.9.2-2707645+++depot+UE4-Releases+4.9
[2016.03.05-12.38.55:893][  0]LogAnalytics: [UEEditor.Rocket.Release] SetUserId cf13bd144fda46388eb9608560661132|81f01d6b67df48cfa9231b1643757103|89657b24-a756-40fe-95bd-5a575f0e3948
[2016.03.05-12.38.55:893][  0]LogAnalytics: [UEEditor.Rocket.Release] AnalyticsET::StartSession
[2016.03.05-12.38.55:918][  0]LogInit: Transaction tracking system initialized
[2016.03.05-12.38.55:946][  0]BlueprintLog: New page: Editor Load
[2016.03.05-12.38.56:020][  0]LocalizationService: Info Localization service is disabled
[2016.03.05-12.38.56:094][  0]LogConsoleResponse:Display: 
[2016.03.05-12.38.56:201][  0]LogCook:Display: Done creating registry. It took  0.00s.
[2016.03.05-12.38.56:259][  0]LogFileCache: Scanning file cache for directory 'C:/Users/CaptainAmerica/Desktop/Uni/GE_Project/Content/' took 0.02s
[2016.03.05-12.38.56:259][  0]SourceControl: Info Source control is disabled
[2016.03.05-12.38.56:259][  0]Cmd: MAP LOAD FILE="../../../../../../Users/CaptainAmerica/Desktop/Uni/GE_Project/Content/StarterContent/Maps/Minimal_Default.umap" TEMPLATE=0 SHOWPROGRESS=1 FEATURELEVEL=3
[2016.03.05-12.38.56:264][  0]LightingResults: New page: Lighting Build
[2016.03.05-12.38.56:267][  0]MapCheck: New page: Map Check
[2016.03.05-12.38.56:267][  0]LightingResults: New page: Lighting Build
[2016.03.05-12.38.56:276][  0]LogParticles: Destroying 0 GPU particle simulations for FXSystem 0x000001FD51D576A0
[2016.03.05-12.38.56:756][  0]LogAIModule: Creating AISystem for world Minimal_Default
[2016.03.05-12.38.56:766][  0]LogEditorServer: Finished looking for orphan Actors (0.000 secs)
[2016.03.05-12.38.56:767][  0]Cmd: MAP CHECKDEP NOCLEARLOG
[2016.03.05-12.38.56:809][  0]MapCheck: Info Map check complete: 0 Error(s), 0 Warning(s), took 41.939ms to complete.
[2016.03.05-12.38.56:809][  0]LogFileHelpers: Loading map 'Minimal_Default' took 0.550
[2016.03.05-12.38.56:932][  0]LogCollectionManager: Loaded 0 collections in 0.002052 seconds
[2016.03.05-12.38.57:008][  0]LogFileCache: Scanning file cache for directory 'C:/Users/CaptainAmerica/Desktop/Uni/GE_Project/Saved/Collections/' took 0.01s
[2016.03.05-12.38.57:008][  0]LogFileCache: Scanning file cache for directory 'C:/Users/CaptainAmerica/Desktop/Uni/GE_Project/Content/Developers/CaptainAmerica/Collections/' took 0.01s
[2016.03.05-12.38.57:008][  0]LogFileCache: Scanning file cache for directory 'C:/Users/CaptainAmerica/Desktop/Uni/GE_Project/Content/Collections/' took 0.01s
[2016.03.05-12.38.57:008][  0]LogContentBrowser: Native class hierarchy populated in 0.0081 seconds. Added 1873 classes and 335 folders.
[2016.03.05-12.38.57:022][  0]LogCollectionManager: Rebuilt the GUID cache for 0 collections in 0.000002 seconds
[2016.03.05-12.38.57:034][  0]LogContentBrowser: Native class hierarchy updated for 'WidgetCarousel' in 0.0010 seconds. Added 0 classes and 0 folders.
[2016.03.05-12.38.57:293][  0]LogContentBrowser: Native class hierarchy updated for 'AddContentDialog' in 0.0010 seconds. Added 0 classes and 0 folders.
[2016.03.05-12.38.57:303][  0]LogContentBrowser: Native class hierarchy updated for 'SceneOutliner' in 0.0012 seconds. Added 1 classes and 2 folders.
[2016.03.05-12.38.57:367][  0]LogCrashTracker: Crashtracker disabled due to settings.
[2016.03.05-12.38.57:375][  0]LogUObjectGlobals:Warning: Failed to find object 'Class None.'
[2016.03.05-12.38.57:398][  0]LogLoad: Full Startup: 6.76 seconds (BP compile: 0.04 seconds)
[2016.03.05-12.38.57:834][  0]LogContentStreaming: Texture pool size now 1000 MB
[2016.03.05-12.38.58:067][  1]LogRenderer: Reallocating scene render targets to support 796x328 (Frame:2).
[2016.03.05-12.38.58:757][  3]LogAssetRegistry: Asset discovery search completed in 3.5017 seconds
[2016.03.05-12.38.58:757][  3]LogCollectionManager: Rebuilt the object cache for 0 collections in 0.000000 seconds (found 0 objects)
[2016.03.05-12.38.58:757][  3]LogCollectionManager: Fixed up redirectors for 0 collections in 0.000016 seconds (updated 0 objects)
[2016.03.05-12.39.07:840][762]LogBlueprint:Warning: [compiler Ue4ASP_Character] Warning Input Axis Event references unknown Axis 'LookUp' for  InputAxis LookUp 
[2016.03.05-12.39.07:841][762]LogBlueprint:Warning: [compiler Ue4ASP_Character] Warning Input Axis Event references unknown Axis 'Turn' for  InputAxis Turn 
[2016.03.05-12.39.07:841][762]LogBlueprint:Warning: [compiler Ue4ASP_Character] Warning Input Axis Event references unknown Axis 'MoveRight' for  InputAxis MoveRight 
[2016.03.05-12.39.07:841][762]LogBlueprint:Warning: [compiler Ue4ASP_Character] Warning Input Axis Event references unknown Axis 'MoveForward' for  InputAxis MoveForward 
[2016.03.05-12.39.07:843][762]LogBlueprint:Warning: [compiler Ue4ASP_Character] Warning [0017.20] Compile of Ue4ASP_Character successful, but with 4 Warning(s) [in 6 ms]
[2016.03.05-12.39.07:843][762]LogBlueprint:Warning: [compiler Ue4ASP_Character] Warning [0017.20] Compile of Ue4ASP_Character successful, but with 5 Warning(s) [in 0 ms]
[2016.03.05-12.39.07:844][762]LogBlueprint:Warning: [compiler Ue4ASP_Character] Warning [0017.20] Compile of Ue4ASP_Character successful, but with 6 Warning(s) [in 0 ms]
[2016.03.05-12.39.07:914][762]LogBlueprint:Warning: [compiler Ue4ASP_Character] Warning Input Axis Event references unknown Axis 'LookUp' for  InputAxis LookUp 
[2016.03.05-12.39.07:914][762]LogBlueprint:Warning: [compiler Ue4ASP_Character] Warning Input Axis Event references unknown Axis 'Turn' for  InputAxis Turn 
[2016.03.05-12.39.07:915][762]LogBlueprint:Warning: [compiler Ue4ASP_Character] Warning Input Axis Event references unknown Axis 'MoveRight' for  InputAxis MoveRight 
[2016.03.05-12.39.07:915][762]LogBlueprint:Warning: [compiler Ue4ASP_Character] Warning Input Axis Event references unknown Axis 'MoveForward' for  InputAxis MoveForward 
[2016.03.05-12.39.07:917][762]LogBlueprint:Warning: [compiler Ue4ASP_Character] Warning [0017.28] Compile of Ue4ASP_Character successful, but with 4 Warning(s) [in 7 ms]
[2016.03.05-12.39.07:917][762]LogBlueprint:Warning: [compiler Ue4ASP_Character] Warning [0017.28] Compile of Ue4ASP_Character successful, but with 5 Warning(s) [in 0 ms]
[2016.03.05-12.39.07:919][762]LogBlueprint:Warning: [compiler Ue4ASP_Character] Warning [0017.28] Compile of Ue4ASP_Character successful, but with 6 Warning(s) [in 0 ms]
[2016.03.05-12.39.09:214][762]LogAIModule: Creating AISystem for world MyFirstLevel
[2016.03.05-12.39.09:226][762]LogParticles:Warning: InitializeSystem called on an unregistered component. Template=/Game/Snow.Snow Component=/Game/MyFirstLevel.MyFirstLevel:PersistentLevel.Snow_2.ParticleSystemComponent0
[2016.03.05-12.39.09:266][762]Cmd: MAP LOAD FILE="../../../../../../Users/CaptainAmerica/Desktop/Uni/GE_Project/Content/MyFirstLevel.umap" TEMPLATE=0 SHOWPROGRESS=1 FEATURELEVEL=3
[2016.03.05-12.39.09:266][762]LightingResults: New page: Lighting Build
[2016.03.05-12.39.09:286][762]LoadErrors: New page: Loading map: MyFirstLevel.umap
[2016.03.05-12.39.09:286][762]MapCheck: New page: Map Check
[2016.03.05-12.39.09:286][762]LightingResults: New page: Lighting Build
[2016.03.05-12.39.09:296][762]LogParticles: Destroying 0 GPU particle simulations for FXSystem 0x000001FD44973880
[2016.03.05-12.39.10:699][762]LogEditorServer: Finished looking for orphan Actors (0.000 secs)
[2016.03.05-12.39.10:753][762]Cmd: MAP CHECKDEP NOCLEARLOG
[2016.03.05-12.39.10:807][762]MapCheck: Info Map check complete: 0 Error(s), 0 Warning(s), took 54.629ms to complete.
[2016.03.05-12.39.10:807][762]LogFileHelpers: Loading map 'MyFirstLevel' took 1.543
[2016.03.05-12.39.10:866][763]Cmd: UpdateLandscapeEditorData -warnings
[2016.03.05-12.39.10:882][763]Cmd: UpdateLandscapeEditorData
[2016.03.05-12.40.29:189][329]LogRenderer: Reallocating scene render targets to support 1208x576 (Frame:4499).
[2016.03.05-12.42.50:533][256]LogActorFactory: Actor Factory created SM_Lamp_Wall
[2016.03.05-12.42.51:788][331]LogActorFactory: Actor Factory created SM_Lamp_Wall
[2016.03.05-12.42.53:491][422]LogEditorViewport: Clicking on Actor (LMB): StaticMeshActor (SM_Lamp_Wall)
[2016.03.05-12.44.01:389][475]LogEditorViewport: Clicking on Actor (LMB): StaticMeshActor (SM_Lamp_Wall)
[2016.03.05-12.44.24:508][858]LogEditorViewport: Clicking on Actor (LMB): Emitter (P_Fire)
[2016.03.05-12.44.32:330][325]LogEditorViewport: Clicking on Actor (LMB): StaticMeshActor (SM_Lamp_Wall)
[2016.03.05-12.44.33:365][385]Cmd: DELETE
[2016.03.05-12.44.33:365][385]Cmd: ACTOR DELETE
[2016.03.05-12.44.33:368][385]LogEditorActor: Deleted Actor: StaticMeshActor
[2016.03.05-12.44.33:368][385]LogActorComponent: UnregisterComponent: (/Engine/Transient.CharMoveComp) Not registered. Aborting.
[2016.03.05-12.44.33:381][385]LogEditorActor: Deleted 1 Actors (0.013 secs)
[2016.03.05-12.44.34:920][478]LogEditorViewport: Clicking on Actor (LMB): Emitter (P_Fire)
[2016.03.05-12.44.35:934][537]Cmd: DELETE
[2016.03.05-12.44.35:934][537]Cmd: ACTOR DELETE
[2016.03.05-12.44.35:935][537]LogEditorActor: Deleted Actor: Emitter
[2016.03.05-12.44.35:946][537]LogEditorActor: Deleted 1 Actors (0.012 secs)
[2016.03.05-12.45.19:422][145]LogActorFactory: Actor Factory created SM_Lamp_Wall
[2016.03.05-12.45.20:642][218]LogActorFactory: Actor Factory created SM_Lamp_Wall
[2016.03.05-12.45.33:761][997]LogEditorViewport: Clicking on Actor (LMB): StaticMeshActor (SM_Lamp_Wall)
[2016.03.05-12.45.42:173][499]LogEditorViewport: Clicking on Actor (LMB): Emitter (P_Fire)
[2016.03.05-12.45.58:344][466]LogEditorViewport: Clicking on Actor (LMB): StaticMeshActor (SM_Lamp_Wall)
[2016.03.05-12.46.42:287][ 95]LogEditorViewport: Clicking on Actor (LMB): Emitter (P_Fire)
[2016.03.05-12.46.45:925][311]LogEditorViewport: Clicking on Actor (LMB): Emitter (P_Fire)
[2016.03.05-12.47.14:128][999]LogContentBrowser: Native class hierarchy updated for 'Cascade' in 0.0011 seconds. Added 2 classes and 2 folders.
[2016.03.05-12.48.59:219][780]LogEditorViewport: Clicking on Actor (context menu): Landscape (Landscape5)
[2016.03.05-12.49.00:399][847]LogEditorViewport: Clicking on Actor (context menu): Landscape (Landscape5)
[2016.03.05-12.49.01:279][898]LogEditorViewport: Clicking on Actor (LMB): Landscape (Landscape5)
[2016.03.05-12.49.03:647][ 38]LogPlayLevel: PlayLevel: No blueprints needed recompiling
[2016.03.05-12.49.03:649][ 38]PIE: New page: PIE session: MyFirstLevel (Mar 5, 2016, 2:49:03 PM)
[2016.03.05-12.49.03:649][ 38]LogPlayLevel: Creating play world package: /Game/UEDPIE_0_MyFirstLevel
[2016.03.05-12.49.03:680][ 38]LogPlayLevel: PIE: StaticDuplicateObject took: (0.030762s)
[2016.03.05-12.49.03:680][ 38]LogAIModule: Creating AISystem for world MyFirstLevel
[2016.03.05-12.49.03:681][ 38]LogPlayLevel: PIE: World Init took: (0.000766s)
[2016.03.05-12.49.03:681][ 38]LogPlayLevel: PIE: Created PIE world by copying editor world from /Game/MyFirstLevel.MyFirstLevel to /Game/UEDPIE_0_MyFirstLevel.MyFirstLevel (0.031799s)
[2016.03.05-12.49.03:681][ 38]LogActorComponent: UnregisterComponent: (/Engine/Transient.CharMoveComp) Not registered. Aborting.
[2016.03.05-12.49.03:696][ 38]LogInit: XAudio2 using 'Lautsprecher (Realtek High Definition Audio)' : 2 channels at 48 kHz using 32 bits per sample (channel mask 0x3)
[2016.03.05-12.49.03:703][ 38]LogInit: FAudioDevice initialized.
[2016.03.05-12.49.03:774][ 38]LogLinker:Warning: Can't find file '/Script/Kinect4Unreal'
[2016.03.05-12.49.03:774][ 38]LogLinker:Warning: Can't find file for asset '/Script/Kinect4Unreal' while loading ../../../../../../Users/CaptainAmerica/Desktop/Uni/GE_Project/Content/BP_Avatar.uasset.
[2016.03.05-12.49.03:774][ 38]LoadErrors:Error: Error /Game/BP_Avatar : Can't find file for asset. /Script/Kinect4Unreal
[2016.03.05-12.49.03:774][ 38]LogLinker:Warning: Can't find file '/Script/Kinect4Unreal'
[2016.03.05-12.49.03:774][ 38]LogLinker:Warning: Can't find file for asset '/Script/Kinect4Unreal' while loading ../../../../../../Users/CaptainAmerica/Desktop/Uni/GE_Project/Content/BP_Avatar.uasset.
[2016.03.05-12.49.03:774][ 38]LogLinker:Warning: Can't find file '/Script/Kinect4Unreal'
[2016.03.05-12.49.03:774][ 38]LogLinker:Warning: Can't find file for asset '/Script/Kinect4Unreal' while loading ../../../../../../Users/CaptainAmerica/Desktop/Uni/GE_Project/Content/BP_Avatar.uasset.
[2016.03.05-12.49.03:774][ 38]LogLinker:Warning: Can't find file '/Script/Kinect4Unreal'
[2016.03.05-12.49.03:774][ 38]LogLinker:Warning: Can't find file for asset '/Script/Kinect4Unreal' while loading ../../../../../../Users/CaptainAmerica/Desktop/Uni/GE_Project/Content/BP_Avatar.uasset.
[2016.03.05-12.49.03:775][ 38]LogLinker:Warning: Can't find file '/Script/Kinect4Unreal'
[2016.03.05-12.49.03:775][ 38]LogLinker:Warning: Can't find file for asset '/Script/Kinect4Unreal' while loading ../../../../../../Users/CaptainAmerica/Desktop/Uni/GE_Project/Content/BP_Avatar.uasset.
[2016.03.05-12.49.03:775][ 38]LogLinker:Warning: Can't find file '/Script/Kinect4Unreal'
[2016.03.05-12.49.03:775][ 38]LogLinker:Warning: Can't find file for asset '/Script/Kinect4Unreal' while loading ../../../../../../Users/CaptainAmerica/Desktop/Uni/GE_Project/Content/BP_Avatar.uasset.
[2016.03.05-12.49.03:775][ 38]LogLinker:Warning: Can't find file '/Script/Kinect4Unreal'
[2016.03.05-12.49.03:775][ 38]LogLinker:Warning: Can't find file for asset '/Script/Kinect4Unreal' while loading ../../../../../../Users/CaptainAmerica/Desktop/Uni/GE_Project/Content/BP_Avatar.uasset.
[2016.03.05-12.49.03:775][ 38]LogLinker:Warning: Can't find file '/Script/Kinect4Unreal'
[2016.03.05-12.49.03:775][ 38]LogLinker:Warning: Can't find file for asset '/Script/Kinect4Unreal' while loading ../../../../../../Users/CaptainAmerica/Desktop/Uni/GE_Project/Content/BP_Avatar.uasset.
[2016.03.05-12.49.03:777][ 38]LogLinker:Warning: Can't find file '/Script/Kinect4Unreal'
[2016.03.05-12.49.03:777][ 38]LoadErrors: Info Failed to load /Script/Kinect4Unreal.EBodyNumber Referenced by CallFunc_GetCenteredBody_CenteredBody
[2016.03.05-12.49.03:777][ 38]LogLinker:Warning: Can't find file for asset '/Script/Kinect4Unreal' while loading ../../../../../../Users/CaptainAmerica/Desktop/Uni/GE_Project/Content/Blueprints/BP_TheBeginningGameMode.uasset.
[2016.03.05-12.49.03:777][ 38]LoadErrors:Error: Error /Game/Blueprints/BP_TheBeginningGameMode : Can't find file for asset. /Script/Kinect4Unreal
[2016.03.05-12.49.03:777][ 38]LogLinker:Warning: Can't find file '/Script/Kinect4Unreal'
[2016.03.05-12.49.03:777][ 38]LoadErrors: Info Failed to load /Script/Kinect4Unreal.EBodyNumber Referenced by CallFunc_GetCenteredBody_CenteredBody2
[2016.03.05-12.49.03:777][ 38]LogLinker:Warning: Can't find file for asset '/Script/Kinect4Unreal' while loading ../../../../../../Users/CaptainAmerica/Desktop/Uni/GE_Project/Content/Blueprints/BP_TheBeginningGameMode.uasset.
[2016.03.05-12.49.03:778][ 38]LogLinker:Warning: Can't find file '/Script/Kinect4Unreal'
[2016.03.05-12.49.03:778][ 38]LoadErrors: Info Failed to load /Script/Kinect4Unreal.EBodyNumber Referenced by CentredBody
[2016.03.05-12.49.03:778][ 38]LogLinker:Warning: Can't find file for asset '/Script/Kinect4Unreal' while loading ../../../../../../Users/CaptainAmerica/Desktop/Uni/GE_Project/Content/Blueprints/BP_TheBeginningGameMode.uasset.
[2016.03.05-12.49.03:778][ 38]LogLinker:Warning: Can't find file '/Script/Kinect4Unreal'
[2016.03.05-12.49.03:778][ 38]LogLinker:Warning: Can't find file for asset '/Script/Kinect4Unreal' while loading ../../../../../../Users/CaptainAmerica/Desktop/Uni/GE_Project/Content/Blueprints/BP_TheBeginningGameMode.uasset.
[2016.03.05-12.49.03:778][ 38]LogLinker:Warning: Can't find file '/Script/Kinect4Unreal'
[2016.03.05-12.49.03:778][ 38]LogLinker:Warning: Can't find file for asset '/Script/Kinect4Unreal' while loading ../../../../../../Users/CaptainAmerica/Desktop/Uni/GE_Project/Content/Blueprints/BP_TheBeginningGameMode.uasset.
[2016.03.05-12.49.03:778][ 38]LogLinker:Warning: Can't find file '/Script/Kinect4Unreal'
[2016.03.05-12.49.03:778][ 38]LogLinker:Warning: Can't find file for asset '/Script/Kinect4Unreal' while loading ../../../../../../Users/CaptainAmerica/Desktop/Uni/GE_Project/Content/Blueprints/BP_TheBeginningGameMode.uasset.
[2016.03.05-12.49.03:778][ 38]LogLinker:Warning: Can't find file '/Script/Kinect4Unreal'
[2016.03.05-12.49.03:778][ 38]LogLinker:Warning: Can't find file for asset '/Script/Kinect4Unreal' while loading ../../../../../../Users/CaptainAmerica/Desktop/Uni/GE_Project/Content/Blueprints/BP_TheBeginningGameMode.uasset.
[2016.03.05-12.49.03:778][ 38]LogLinker:Warning: Can't find file '/Script/Kinect4Unreal'
[2016.03.05-12.49.03:778][ 38]LogLinker:Warning: Can't find file for asset '/Script/Kinect4Unreal' while loading ../../../../../../Users/CaptainAmerica/Desktop/Uni/GE_Project/Content/Blueprints/BP_TheBeginningGameMode.uasset.
[2016.03.05-12.49.03:778][ 38]LogLinker:Warning: Can't find file '/Script/Kinect4Unreal'
[2016.03.05-12.49.03:779][ 38]LogLinker:Warning: Can't find file for asset '/Script/Kinect4Unreal' while loading ../../../../../../Users/CaptainAmerica/Desktop/Uni/GE_Project/Content/Blueprints/BP_TheBeginningGameMode.uasset.
[2016.03.05-12.49.03:779][ 38]LogLinker:Warning: Can't find file '/Script/Kinect4Unreal'
[2016.03.05-12.49.03:779][ 38]LogLinker:Warning: Can't find file for asset '/Script/Kinect4Unreal' while loading ../../../../../../Users/CaptainAmerica/Desktop/Uni/GE_Project/Content/Blueprints/BP_TheBeginningGameMode.uasset.
[2016.03.05-12.49.03:779][ 38]LogLinker:Warning: Can't find file '/Script/Kinect4Unreal'
[2016.03.05-12.49.03:779][ 38]LogLinker:Warning: Can't find file for asset '/Script/Kinect4Unreal' while loading ../../../../../../Users/CaptainAmerica/Desktop/Uni/GE_Project/Content/Blueprints/BP_TheBeginningGameMode.uasset.
[2016.03.05-12.49.03:779][ 38]LogLinker:Warning: Can't find file '/Script/Kinect4Unreal'
[2016.03.05-12.49.03:779][ 38]LogLinker:Warning: Can't find file for asset '/Script/Kinect4Unreal' while loading ../../../../../../Users/CaptainAmerica/Desktop/Uni/GE_Project/Content/Blueprints/BP_TheBeginningGameMode.uasset.
[2016.03.05-12.49.03:779][ 38]LogLinker:Warning: Can't find file '/Script/Kinect4Unreal'
[2016.03.05-12.49.03:779][ 38]LoadErrors: Info Failed to load /Script/Kinect4Unreal.EBodyNumber Referenced by BP_Avatar
[2016.03.05-12.49.03:779][ 38]LogLinker:Warning: Can't find file for asset '/Script/Kinect4Unreal' while loading ../../../../../../Users/CaptainAmerica/Desktop/Uni/GE_Project/Content/Blueprints/BP_TheBeginningGameMode.uasset.
[2016.03.05-12.49.03:782][ 38]LogLinker:Warning: Can't find file '/Script/Kinect4Unreal'
[2016.03.05-12.49.03:782][ 38]LoadErrors: Info Failed to load /Script/Kinect4Unreal.KinectInterfaceComponent Referenced by K2Node_CallFunction_2965
[2016.03.05-12.49.03:782][ 38]LogLinker:Warning: Can't find file for asset '/Script/Kinect4Unreal' while loading ../../../../../../Users/CaptainAmerica/Desktop/Uni/GE_Project/Content/Blueprints/BP_TheBeginningGameMode.uasset.
[2016.03.05-12.49.03:782][ 38]LogLinker:Warning: Can't find file '/Script/Kinect4Unreal'
[2016.03.05-12.49.03:782][ 38]LoadErrors: Info Failed to load /Script/Kinect4Unreal.KinectInterfaceComponent Referenced by EdGraphPin_7224
[2016.03.05-12.49.03:782][ 38]LogLinker:Warning: Can't find file for asset '/Script/Kinect4Unreal' while loading ../../../../../../Users/CaptainAmerica/Desktop/Uni/GE_Project/Content/Blueprints/BP_TheBeginningGameMode.uasset.
[2016.03.05-12.49.03:782][ 38]LogLinker:Warning: Can't find file '/Script/Kinect4Unreal'
[2016.03.05-12.49.03:782][ 38]LoadErrors: Info Failed to load /Script/Kinect4Unreal.EBodyNumber Referenced by EdGraphPin_7225
[2016.03.05-12.49.03:782][ 38]LogLinker:Warning: Can't find file for asset '/Script/Kinect4Unreal' while loading ../../../../../../Users/CaptainAmerica/Desktop/Uni/GE_Project/Content/Blueprints/BP_TheBeginningGameMode.uasset.
[2016.03.05-12.49.03:783][ 38]LogLinker:Warning: Can't find file '/Script/Kinect4Unreal'
[2016.03.05-12.49.03:783][ 38]LoadErrors: Info Failed to load /Script/Kinect4Unreal.KinectInterfaceComponent Referenced by EdGraphPin_6867
[2016.03.05-12.49.03:783][ 38]LogLinker:Warning: Can't find file for asset '/Script/Kinect4Unreal' while loading ../../../../../../Users/CaptainAmerica/Desktop/Uni/GE_Project/Content/Blueprints/BP_TheBeginningGameMode.uasset.
[2016.03.05-12.49.03:783][ 38]LogLinker:Warning: Can't find file '/Script/Kinect4Unreal'
[2016.03.05-12.49.03:783][ 38]LoadErrors: Info Failed to load /Script/Kinect4Unreal.KinectInterfaceComponent Referenced by K2Node_CallFunction_2682
[2016.03.05-12.49.03:783][ 38]LogLinker:Warning: Can't find file for asset '/Script/Kinect4Unreal' while loading ../../../../../../Users/CaptainAmerica/Desktop/Uni/GE_Project/Content/Blueprints/BP_TheBeginningGameMode.uasset.
[2016.03.05-12.49.03:783][ 38]LogLinker:Warning: Can't find file '/Script/Kinect4Unreal'
[2016.03.05-12.49.03:783][ 38]LoadErrors: Info Failed to load /Script/Kinect4Unreal.KinectInterfaceComponent Referenced by EdGraphPin_7243
[2016.03.05-12.49.03:783][ 38]LogLinker:Warning: Can't find file for asset '/Script/Kinect4Unreal' while loading ../../../../../../Users/CaptainAmerica/Desktop/Uni/GE_Project/Content/Blueprints/BP_TheBeginningGameMode.uasset.
[2016.03.05-12.49.03:784][ 38]LogLinker:Warning: Can't find file '/Script/Kinect4Unreal'
[2016.03.05-12.49.03:784][ 38]LoadErrors: Info Failed to load /Script/Kinect4Unreal.EHands Referenced by EdGraphPin_7244
[2016.03.05-12.49.03:784][ 38]LogLinker:Warning: Can't find file for asset '/Script/Kinect4Unreal' while loading ../../../../../../Users/CaptainAmerica/Desktop/Uni/GE_Project/Content/Blueprints/BP_TheBeginningGameMode.uasset.
[2016.03.05-12.49.03:784][ 38]LogLinker:Warning: Can't find file '/Script/Kinect4Unreal'
[2016.03.05-12.49.03:784][ 38]LoadErrors: Info Failed to load /Script/Kinect4Unreal.EBodyNumber Referenced by EdGraphPin_7245
[2016.03.05-12.49.03:784][ 38]LogLinker:Warning: Can't find file for asset '/Script/Kinect4Unreal' while loading ../../../../../../Users/CaptainAmerica/Desktop/Uni/GE_Project/Content/Blueprints/BP_TheBeginningGameMode.uasset.
[2016.03.05-12.49.03:784][ 38]LogLinker:Warning: Can't find file '/Script/Kinect4Unreal'
[2016.03.05-12.49.03:784][ 38]LoadErrors: Info Failed to load /Script/Kinect4Unreal.EHandState Referenced by EdGraphPin_7246
[2016.03.05-12.49.03:784][ 38]LogLinker:Warning: Can't find file for asset '/Script/Kinect4Unreal' while loading ../../../../../../Users/CaptainAmerica/Desktop/Uni/GE_Project/Content/Blueprints/BP_TheBeginningGameMode.uasset.
[2016.03.05-12.49.03:784][ 38]LogLinker:Warning: Can't find file '/Script/Kinect4Unreal'
[2016.03.05-12.49.03:784][ 38]LoadErrors: Info Failed to load /Script/Kinect4Unreal.KinectInterfaceComponent Referenced by EdGraphPin_6963
[2016.03.05-12.49.03:784][ 38]LogLinker:Warning: Can't find file for asset '/Script/Kinect4Unreal' while loading ../../../../../../Users/CaptainAmerica/Desktop/Uni/GE_Project/Content/Blueprints/BP_TheBeginningGameMode.uasset.
[2016.03.05-12.49.03:786][ 38]LogLinker:Warning: Can't find file '/Script/Kinect4Unreal'
[2016.03.05-12.49.03:786][ 38]LoadErrors: Info Failed to load /Script/Kinect4Unreal.KinectInterfaceComponent Referenced by K2Node_CallFunction_2550
[2016.03.05-12.49.03:786][ 38]LogLinker:Warning: Can't find file for asset '/Script/Kinect4Unreal' while loading ../../../../../../Users/CaptainAmerica/Desktop/Uni/GE_Project/Content/Blueprints/BP_TheBeginningGameMode.uasset.
[2016.03.05-12.49.03:786][ 38]LogLinker:Warning: Can't find file '/Script/Kinect4Unreal'
[2016.03.05-12.49.03:786][ 38]LoadErrors: Info Failed to load /Script/Kinect4Unreal.KinectInterfaceComponent Referenced by EdGraphPin_7357
[2016.03.05-12.49.03:786][ 38]LogLinker:Warning: Can't find file for asset '/Script/Kinect4Unreal' while loading ../../../../../../Users/CaptainAmerica/Desktop/Uni/GE_Project/Content/Blueprints/BP_TheBeginningGameMode.uasset.
[2016.03.05-12.49.03:786][ 38]LogLinker:Warning: Can't find file '/Script/Kinect4Unreal'
[2016.03.05-12.49.03:787][ 38]LoadErrors: Info Failed to load /Script/Kinect4Unreal.EHands Referenced by EdGraphPin_7358
[2016.03.05-12.49.03:787][ 38]LogLinker:Warning: Can't find file for asset '/Script/Kinect4Unreal' while loading ../../../../../../Users/CaptainAmerica/Desktop/Uni/GE_Project/Content/Blueprints/BP_TheBeginningGameMode.uasset.
[2016.03.05-12.49.03:787][ 38]LogLinker:Warning: Can't find file '/Script/Kinect4Unreal'
[2016.03.05-12.49.03:787][ 38]LoadErrors: Info Failed to load /Script/Kinect4Unreal.EBodyNumber Referenced by EdGraphPin_7359
[2016.03.05-12.49.03:787][ 38]LogLinker:Warning: Can't find file for asset '/Script/Kinect4Unreal' while loading ../../../../../../Users/CaptainAmerica/Desktop/Uni/GE_Project/Content/Blueprints/BP_TheBeginningGameMode.uasset.
[2016.03.05-12.49.03:787][ 38]LogLinker:Warning: Can't find file '/Script/Kinect4Unreal'
[2016.03.05-12.49.03:787][ 38]LoadErrors: Info Failed to load /Script/Kinect4Unreal.EHandState Referenced by EdGraphPin_7360
[2016.03.05-12.49.03:787][ 38]LogLinker:Warning: Can't find file for asset '/Script/Kinect4Unreal' while loading ../../../../../../Users/CaptainAmerica/Desktop/Uni/GE_Project/Content/Blueprints/BP_TheBeginningGameMode.uasset.
[2016.03.05-12.49.03:787][ 38]LogLinker:Warning: Can't find file '/Script/Kinect4Unreal'
[2016.03.05-12.49.03:787][ 38]LoadErrors: Info Failed to load /Script/Kinect4Unreal.KinectInterfaceComponent Referenced by EdGraphPin_7011
[2016.03.05-12.49.03:787][ 38]LogLinker:Warning: Can't find file for asset '/Script/Kinect4Unreal' while loading ../../../../../../Users/CaptainAmerica/Desktop/Uni/GE_Project/Content/Blueprints/BP_TheBeginningGameMode.uasset.
[2016.03.05-12.49.03:788][ 38]LogLinker:Warning: Can't find file '/Script/Kinect4Unreal'
[2016.03.05-12.49.03:788][ 38]LoadErrors: Info Failed to load /Script/Kinect4Unreal.EBodyNumber Referenced by EdGraphPin_7055
[2016.03.05-12.49.03:788][ 38]LogLinker:Warning: Can't find file for asset '/Script/Kinect4Unreal' while loading ../../../../../../Users/CaptainAmerica/Desktop/Uni/GE_Project/Content/Blueprints/BP_TheBeginningGameMode.uasset.
[2016.03.05-12.49.03:789][ 38]LogLinker:Warning: Can't find file '/Script/Kinect4Unreal'
[2016.03.05-12.49.03:789][ 38]LoadErrors: Info Failed to load /Script/Kinect4Unreal.EBodyNumber Referenced by EdGraphPin_7056
[2016.03.05-12.49.03:789][ 38]LogLinker:Warning: Can't find file for asset '/Script/Kinect4Unreal' while loading ../../../../../../Users/CaptainAmerica/Desktop/Uni/GE_Project/Content/Blueprints/BP_TheBeginningGameMode.uasset.
[2016.03.05-12.49.03:789][ 38]LogLinker:Warning: Can't find file '/Script/Kinect4Unreal'
[2016.03.05-12.49.03:789][ 38]LoadErrors: Info Failed to load /Script/Kinect4Unreal.KinectInterfaceComponent Referenced by EdGraphPin_7068
[2016.03.05-12.49.03:789][ 38]LogLinker:Warning: Can't find file for asset '/Script/Kinect4Unreal' while loading ../../../../../../Users/CaptainAmerica/Desktop/Uni/GE_Project/Content/Blueprints/BP_TheBeginningGameMode.uasset.
[2016.03.05-12.49.03:789][ 38]LogLinker:Warning: Can't find file '/Script/Kinect4Unreal'
[2016.03.05-12.49.03:789][ 38]LoadErrors: Info Failed to load /Script/Kinect4Unreal.KinectInterfaceComponent Referenced by K2Node_CallFunction_3277
[2016.03.05-12.49.03:790][ 38]LogLinker:Warning: Can't find file for asset '/Script/Kinect4Unreal' while loading ../../../../../../Users/CaptainAmerica/Desktop/Uni/GE_Project/Content/Blueprints/BP_TheBeginningGameMode.uasset.
[2016.03.05-12.49.03:790][ 38]LogLinker:Warning: Can't find file '/Script/Kinect4Unreal'
[2016.03.05-12.49.03:790][ 38]LoadErrors: Info Failed to load /Script/Kinect4Unreal.KinectInterfaceComponent Referenced by EdGraphPin_7401
[2016.03.05-12.49.03:790][ 38]LogLinker:Warning: Can't find file for asset '/Script/Kinect4Unreal' while loading ../../../../../../Users/CaptainAmerica/Desktop/Uni/GE_Project/Content/Blueprints/BP_TheBeginningGameMode.uasset.
[2016.03.05-12.49.03:790][ 38]LogLinker:Warning: Can't find file '/Script/Kinect4Unreal'
[2016.03.05-12.49.03:790][ 38]LoadErrors: Info Failed to load /Script/Kinect4Unreal.EBodyNumber Referenced by EdGraphPin_7402
[2016.03.05-12.49.03:790][ 38]LogLinker:Warning: Can't find file for asset '/Script/Kinect4Unreal' while loading ../../../../../../Users/CaptainAmerica/Desktop/Uni/GE_Project/Content/Blueprints/BP_TheBeginningGameMode.uasset.
[2016.03.05-12.49.03:790][ 38]LogLinker:Warning: Can't find file '/Script/Kinect4Unreal'
[2016.03.05-12.49.03:790][ 38]LoadErrors: Info Failed to load /Script/Kinect4Unreal.KinectInterfaceComponent Referenced by K2Node_CallFunction_3567
[2016.03.05-12.49.03:790][ 38]LogLinker:Warning: Can't find file for asset '/Script/Kinect4Unreal' while loading ../../../../../../Users/CaptainAmerica/Desktop/Uni/GE_Project/Content/Blueprints/BP_TheBeginningGameMode.uasset.
[2016.03.05-12.49.03:791][ 38]LogLinker:Warning: Can't find file '/Script/Kinect4Unreal'
[2016.03.05-12.49.03:791][ 38]LoadErrors: Info Failed to load /Script/Kinect4Unreal.KinectInterfaceComponent Referenced by EdGraphPin_7443
[2016.03.05-12.49.03:791][ 38]LogLinker:Warning: Can't find file for asset '/Script/Kinect4Unreal' while loading ../../../../../../Users/CaptainAmerica/Desktop/Uni/GE_Project/Content/Blueprints/BP_TheBeginningGameMode.uasset.
[2016.03.05-12.49.03:791][ 38]LogLinker:Warning: Can't find file '/Script/Kinect4Unreal'
[2016.03.05-12.49.03:791][ 38]LoadErrors: Info Failed to load /Script/Kinect4Unreal.EBodyNumber Referenced by EdGraphPin_7444
[2016.03.05-12.49.03:791][ 38]LogLinker:Warning: Can't find file for asset '/Script/Kinect4Unreal' while loading ../../../../../../Users/CaptainAmerica/Desktop/Uni/GE_Project/Content/Blueprints/BP_TheBeginningGameMode.uasset.
[2016.03.05-12.49.03:791][ 38]LogLinker:Warning: Can't find file '/Script/Kinect4Unreal'
[2016.03.05-12.49.03:791][ 38]LoadErrors: Info Failed to load /Script/Kinect4Unreal.KinectInterfaceComponent Referenced by EdGraphPin_7131
[2016.03.05-12.49.03:791][ 38]LogLinker:Warning: Can't find file for asset '/Script/Kinect4Unreal' while loading ../../../../../../Users/CaptainAmerica/Desktop/Uni/GE_Project/Content/Blueprints/BP_TheBeginningGameMode.uasset.
[2016.03.05-12.49.03:792][ 38]LogLinker:Warning: Can't find file '/Script/Kinect4Unreal'
[2016.03.05-12.49.03:792][ 38]LoadErrors: Info Failed to load /Script/Kinect4Unreal.KinectInterfaceComponent Referenced by K2Node_CallFunction_2904
[2016.03.05-12.49.03:792][ 38]LogLinker:Warning: Can't find file for asset '/Script/Kinect4Unreal' while loading ../../../../../../Users/CaptainAmerica/Desktop/Uni/GE_Project/Content/Blueprints/BP_TheBeginningGameMode.uasset.
[2016.03.05-12.49.03:792][ 38]LogLinker:Warning: Can't find file '/Script/Kinect4Unreal'
[2016.03.05-12.49.03:792][ 38]LoadErrors: Info Failed to load /Script/Kinect4Unreal.KinectInterfaceComponent Referenced by EdGraphPin_27483
[2016.03.05-12.49.03:792][ 38]LogLinker:Warning: Can't find file for asset '/Script/Kinect4Unreal' while loading ../../../../../../Users/CaptainAmerica/Desktop/Uni/GE_Project/Content/Blueprints/BP_TheBeginningGameMode.uasset.
[2016.03.05-12.49.03:792][ 38]LogLinker:Warning: Can't find file '/Script/Kinect4Unreal'
[2016.03.05-12.49.03:792][ 38]LoadErrors: Info Failed to load /Script/Kinect4Unreal.EKinectJoints Referenced by EdGraphPin_27484
[2016.03.05-12.49.03:792][ 38]LogLinker:Warning: Can't find file for asset '/Script/Kinect4Unreal' while loading ../../../../../../Users/CaptainAmerica/Desktop/Uni/GE_Project/Content/Blueprints/BP_TheBeginningGameMode.uasset.
[2016.03.05-12.49.03:793][ 38]LogLinker:Warning: Can't find file '/Script/Kinect4Unreal'
[2016.03.05-12.49.03:793][ 38]LoadErrors: Info Failed to load /Script/Kinect4Unreal.EKinectJoints Referenced by EdGraphPin_27485
[2016.03.05-12.49.03:793][ 38]LogLinker:Warning: Can't find file for asset '/Script/Kinect4Unreal' while loading ../../../../../../Users/CaptainAmerica/Desktop/Uni/GE_Project/Content/Blueprints/BP_TheBeginningGameMode.uasset.
[2016.03.05-12.49.03:793][ 38]LogLinker:Warning: Can't find file '/Script/Kinect4Unreal'
[2016.03.05-12.49.03:793][ 38]LoadErrors: Info Failed to load /Script/Kinect4Unreal.EBodyNumber Referenced by EdGraphPin_27486
[2016.03.05-12.49.03:793][ 38]LogLinker:Warning: Can't find file for asset '/Script/Kinect4Unreal' while loading ../../../../../../Users/CaptainAmerica/Desktop/Uni/GE_Project/Content/Blueprints/BP_TheBeginningGameMode.uasset.
[2016.03.05-12.49.03:793][ 38]LogLinker:Warning: Can't find file '/Script/Kinect4Unreal'
[2016.03.05-12.49.03:793][ 38]LoadErrors: Info Failed to load /Script/Kinect4Unreal.KinectInterfaceComponent Referenced by EdGraphPin_27488
[2016.03.05-12.49.03:793][ 38]LogLinker:Warning: Can't find file for asset '/Script/Kinect4Unreal' while loading ../../../../../../Users/CaptainAmerica/Desktop/Uni/GE_Project/Content/Blueprints/BP_TheBeginningGameMode.uasset.
[2016.03.05-12.49.03:794][ 38]LogLinker:Warning: Can't find file '/Script/Kinect4Unreal'
[2016.03.05-12.49.03:795][ 38]LoadErrors: Info Failed to load /Script/Kinect4Unreal.KinectInterfaceComponent Referenced by K2Node_CallFunction_4457
[2016.03.05-12.49.03:795][ 38]LogLinker:Warning: Can't find file for asset '/Script/Kinect4Unreal' while loading ../../../../../../Users/CaptainAmerica/Desktop/Uni/GE_Project/Content/Blueprints/BP_TheBeginningGameMode.uasset.
[2016.03.05-12.49.03:795][ 38]LogLinker:Warning: Can't find file '/Script/Kinect4Unreal'
[2016.03.05-12.49.03:795][ 38]LoadErrors: Info Failed to load /Script/Kinect4Unreal.KinectInterfaceComponent Referenced by EdGraphPin_29636
[2016.03.05-12.49.03:795][ 38]LogLinker:Warning: Can't find file for asset '/Script/Kinect4Unreal' while loading ../../../../../../Users/CaptainAmerica/Desktop/Uni/GE_Project/Content/Blueprints/BP_TheBeginningGameMode.uasset.
[2016.03.05-12.49.03:796][ 38]LogLinker:Warning: Can't find file '/Script/Kinect4Unreal'
[2016.03.05-12.49.03:796][ 38]LoadErrors: Info Failed to load /Script/Kinect4Unreal.EKinectJoints Referenced by EdGraphPin_29637
[2016.03.05-12.49.03:796][ 38]LogLinker:Warning: Can't find file for asset '/Script/Kinect4Unreal' while loading ../../../../../../Users/CaptainAmerica/Desktop/Uni/GE_Project/Content/Blueprints/BP_TheBeginningGameMode.uasset.
[2016.03.05-12.49.03:796][ 38]LogLinker:Warning: Can't find file '/Script/Kinect4Unreal'
[2016.03.05-12.49.03:796][ 38]LoadErrors: Info Failed to load /Script/Kinect4Unreal.EKinectJoints Referenced by EdGraphPin_29638
[2016.03.05-12.49.03:796][ 38]LogLinker:Warning: Can't find file for asset '/Script/Kinect4Unreal' while loading ../../../../../../Users/CaptainAmerica/Desktop/Uni/GE_Project/Content/Blueprints/BP_TheBeginningGameMode.uasset.
[2016.03.05-12.49.03:796][ 38]LogLinker:Warning: Can't find file '/Script/Kinect4Unreal'
[2016.03.05-12.49.03:796][ 38]LoadErrors: Info Failed to load /Script/Kinect4Unreal.EBodyNumber Referenced by EdGraphPin_29639
[2016.03.05-12.49.03:796][ 38]LogLinker:Warning: Can't find file for asset '/Script/Kinect4Unreal' while loading ../../../../../../Users/CaptainAmerica/Desktop/Uni/GE_Project/Content/Blueprints/BP_TheBeginningGameMode.uasset.
[2016.03.05-12.49.03:797][ 38]LogLinker:Warning: Can't find file '/Script/Kinect4Unreal'
[2016.03.05-12.49.03:797][ 38]LoadErrors: Info Failed to load /Script/Kinect4Unreal.KinectInterfaceComponent Referenced by EdGraphPin_29641
[2016.03.05-12.49.03:797][ 38]LogLinker:Warning: Can't find file for asset '/Script/Kinect4Unreal' while loading ../../../../../../Users/CaptainAmerica/Desktop/Uni/GE_Project/Content/Blueprints/BP_TheBeginningGameMode.uasset.
[2016.03.05-12.49.03:797][ 38]LogLinker:Warning: Can't find file '/Script/Kinect4Unreal'
[2016.03.05-12.49.03:797][ 38]LoadErrors: Info Failed to load /Script/Kinect4Unreal.KinectInterfaceComponent Referenced by K2Node_CallFunction_5290
[2016.03.05-12.49.03:797][ 38]LogLinker:Warning: Can't find file for asset '/Script/Kinect4Unreal' while loading ../../../../../../Users/CaptainAmerica/Desktop/Uni/GE_Project/Content/Blueprints/BP_TheBeginningGameMode.uasset.
[2016.03.05-12.49.03:798][ 38]LogLinker:Warning: Can't find file '/Script/Kinect4Unreal'
[2016.03.05-12.49.03:798][ 38]LoadErrors: Info Failed to load /Script/Kinect4Unreal.KinectInterfaceComponent Referenced by EdGraphPin_31041
[2016.03.05-12.49.03:798][ 38]LogLinker:Warning: Can't find file for asset '/Script/Kinect4Unreal' while loading ../../../../../../Users/CaptainAmerica/Desktop/Uni/GE_Project/Content/Blueprints/BP_TheBeginningGameMode.uasset.
[2016.03.05-12.49.03:798][ 38]LogLinker:Warning: Can't find file '/Script/Kinect4Unreal'
[2016.03.05-12.49.03:799][ 38]LoadErrors: Info Failed to load /Script/Kinect4Unreal.EKinectJoints Referenced by EdGraphPin_31042
[2016.03.05-12.49.03:799][ 38]LogLinker:Warning: Can't find file for asset '/Script/Kinect4Unreal' while loading ../../../../../../Users/CaptainAmerica/Desktop/Uni/GE_Project/Content/Blueprints/BP_TheBeginningGameMode.uasset.
[2016.03.05-12.49.03:799][ 38]LogLinker:Warning: Can't find file '/Script/Kinect4Unreal'
[2016.03.05-12.49.03:799][ 38]LoadErrors: Info Failed to load /Script/Kinect4Unreal.EBodyNumber Referenced by EdGraphPin_31043
[2016.03.05-12.49.03:799][ 38]LogLinker:Warning: Can't find file for asset '/Script/Kinect4Unreal' while loading ../../../../../../Users/CaptainAmerica/Desktop/Uni/GE_Project/Content/Blueprints/BP_TheBeginningGameMode.uasset.
[2016.03.05-12.49.03:799][ 38]LogLinker:Warning: Can't find file '/Script/Kinect4Unreal'
[2016.03.05-12.49.03:799][ 38]LoadErrors: Info Failed to load /Script/Kinect4Unreal.KinectInterfaceComponent Referenced by EdGraphPin_31045
[2016.03.05-12.49.03:799][ 38]LogLinker:Warning: Can't find file for asset '/Script/Kinect4Unreal' while loading ../../../../../../Users/CaptainAmerica/Desktop/Uni/GE_Project/Content/Blueprints/BP_TheBeginningGameMode.uasset.
[2016.03.05-12.49.03:800][ 38]LogLinker:Warning: Can't find file '/Script/Kinect4Unreal'
[2016.03.05-12.49.03:800][ 38]LogLinker:Warning: Can't find file for asset '/Script/Kinect4Unreal' while loading ../../../../../../Users/CaptainAmerica/Desktop/Uni/GE_Project/Content/Blueprints/BP_TheBeginningGameMode.uasset.
[2016.03.05-12.49.03:800][ 38]LogLinker:Warning: Can't find file '/Script/Kinect4Unreal'
[2016.03.05-12.49.03:800][ 38]LoadErrors: Info Failed to load /Script/Kinect4Unreal.KinectInterfaceComponent Referenced by SCS_Node_1
[2016.03.05-12.49.03:800][ 38]LogLinker:Warning: Can't find file for asset '/Script/Kinect4Unreal' while loading ../../../../../../Users/CaptainAmerica/Desktop/Uni/GE_Project/Content/Blueprints/BP_TheBeginningGameMode.uasset.
[2016.03.05-12.49.03:806][ 38]LogBlueprint:Warning: [BP_Avatar] CreatePinForVariable: 'KinectInterface' variable not found. Base class was probably changed.
[2016.03.05-12.49.03:806][ 38]LogBlueprint:Warning: [BP_Avatar] CreatePinForVariable: 'KinectInterface' variable not found. Base class was probably changed.
[2016.03.05-12.49.03:806][ 38]LogBlueprint:Warning: [BP_Avatar] CreatePinForVariable: 'KinectInterface' variable not found. Base class was probably changed.
[2016.03.05-12.49.03:806][ 38]LogBlueprint:Warning: [BP_Avatar] CreatePinForVariable: 'KinectInterface' variable not found. Base class was probably changed.
[2016.03.05-12.49.03:807][ 38]LogBlueprint:Warning: [BP_Avatar] CreatePinForVariable: 'KinectInterface' variable not found. Base class was probably changed.
[2016.03.05-12.49.03:807][ 38]LogBlueprint:Warning: [BP_Avatar] CreatePinForVariable: 'KinectInterface' variable not found. Base class was probably changed.
[2016.03.05-12.49.03:807][ 38]LogBlueprint:Warning: [BP_Avatar] CreatePinForVariable: 'KinectInterface' variable not found. Base class was probably changed.
[2016.03.05-12.49.03:807][ 38]LogBlueprint:Warning: [BP_Avatar] CreatePinForVariable: 'KinectInterface' variable not found. Base class was probably changed.
[2016.03.05-12.49.03:813][ 38]LogBlueprint:Warning: [compiler BP_Avatar] Warning Could not find a variable named "KinectInterface" in 'BP_Avatar_C'.
Make sure 'BP_Avatar_C' has been compiled for  Get KinectInterface 
[2016.03.05-12.49.03:813][ 38]LogBlueprint:Error: [compiler BP_Avatar] Error Could not find a function named "GetJointAbsolutePosition" in 'BP_Avatar'.
Make sure 'BP_Avatar' has been compiled for  Get Joint Absolute Position 
[2016.03.05-12.49.03:813][ 38]LogBlueprint:Warning: [compiler BP_Avatar] Warning Could not find a variable named "KinectInterface" in 'BP_Avatar_C'.
Make sure 'BP_Avatar_C' has been compiled for  Get KinectInterface 
[2016.03.05-12.49.03:813][ 38]LogBlueprint:Error: [compiler BP_Avatar] Error Could not find a function named "GetDistanceBetweenJoints" in 'BP_Avatar'.
Make sure 'BP_Avatar' has been compiled for  Get Distance Between Joints 
[2016.03.05-12.49.03:814][ 38]LogBlueprint:Warning: [compiler BP_Avatar] Warning Could not find a variable named "KinectInterface" in 'BP_Avatar_C'.
Make sure 'BP_Avatar_C' has been compiled for  Get KinectInterface 
[2016.03.05-12.49.03:814][ 38]LogBlueprint:Error: [compiler BP_Avatar] Error Could not find a function named "GetDistanceBetweenJoints" in 'BP_Avatar'.
Make sure 'BP_Avatar' has been compiled for  Get Distance Between Joints 
[2016.03.05-12.49.03:814][ 38]LogBlueprint:Warning: [compiler BP_Avatar] Warning Could not find a variable named "KinectInterface" in 'BP_Avatar_C'.
Make sure 'BP_Avatar_C' has been compiled for  Get KinectInterface 
[2016.03.05-12.49.03:814][ 38]LogBlueprint:Error: [compiler BP_Avatar] Error Could not find a function named "GetCenteredBody" in 'BP_Avatar'.
Make sure 'BP_Avatar' has been compiled for  Get Centered Body 
[2016.03.05-12.49.03:814][ 38]LogBlueprint:Error: [compiler BP_Avatar] Error Could not find a function named "GetCenteredBody" in 'BP_Avatar'.
Make sure 'BP_Avatar' has been compiled for  Get Centered Body 
[2016.03.05-12.49.03:814][ 38]LogBlueprint:Warning: [compiler BP_Avatar] Warning Could not find a variable named "KinectInterface" in 'BP_Avatar_C'.
Make sure 'BP_Avatar_C' has been compiled for  Get KinectInterface 
[2016.03.05-12.49.03:814][ 38]LogBlueprint:Warning: [compiler BP_Avatar] Warning Could not find a variable named "KinectInterface" in 'BP_Avatar_C'.
Make sure 'BP_Avatar_C' has been compiled for  Get KinectInterface 
[2016.03.05-12.49.03:814][ 38]LogBlueprint:Error: [compiler BP_Avatar] Error Could not find a function named "GetHandStateAsExecution" in 'BP_Avatar'.
Make sure 'BP_Avatar' has been compiled for  Get Hand State as Execution 
[2016.03.05-12.49.03:814][ 38]LogBlueprint:Warning: [compiler BP_Avatar] Warning Could not find a variable named "KinectInterface" in 'BP_Avatar_C'.
Make sure 'BP_Avatar_C' has been compiled for  Get KinectInterface 
[2016.03.05-12.49.03:814][ 38]LogBlueprint:Error: [compiler BP_Avatar] Error Could not find a function named "GetHandStateAsExecution" in 'BP_Avatar'.
Make sure 'BP_Avatar' has been compiled for  Get Hand State as Execution 
[2016.03.05-12.49.03:814][ 38]LogBlueprint:Warning: [compiler BP_Avatar] Warning Could not find a variable named "KinectInterface" in 'BP_Avatar_C'.
Make sure 'BP_Avatar_C' has been compiled for  Get KinectInterface 
[2016.03.05-12.49.03:814][ 38]LogBlueprint:Error: [compiler BP_Avatar] Error Could not find a function named "GetCenteredBody" in 'BP_Avatar'.
Make sure 'BP_Avatar' has been compiled for  Get Centered Body 
[2016.03.05-12.49.03:815][ 38]LogBlueprint:Error: [compiler BP_Avatar] Error The property associated with  Kinect Interface  could not be found
[2016.03.05-12.49.03:815][ 38]LogBlueprint:Error: [compiler BP_Avatar] Error The current value (AnkleRight) of the ' Joint Type ' pin is invalid: Expected a valid unsigned number for a byte property
[2016.03.05-12.49.03:815][ 38]LogBlueprint:Error: [compiler BP_Avatar] Error The current value (Body0) of the ' Body Number ' pin is invalid: Expected a valid unsigned number for a byte property
[2016.03.05-12.49.03:815][ 38]LogBlueprint:Error: [compiler BP_Avatar] Error The property associated with  Kinect Interface  could not be found
[2016.03.05-12.49.03:815][ 38]LogBlueprint:Error: [compiler BP_Avatar] Error The property associated with  Kinect Interface  could not be found
[2016.03.05-12.49.03:821][ 38]LogBlueprint:Warning: [compiler BP_Avatar] Warning [0613.18] Compile of BP_Avatar failed. 13 Fatal Issue(s) 8 Warning(s) [in 13 ms]
[2016.03.05-12.49.03:821][ 38]LogBlueprint:Warning: [compiler BP_Avatar] Warning [0613.18] Compile of BP_Avatar failed. 13 Fatal Issue(s) 9 Warning(s) [in 0 ms]
[2016.03.05-12.49.03:821][ 38]LogBlueprint:Warning: [compiler BP_Avatar] Warning [0613.18] Compile of BP_Avatar failed. 13 Fatal Issue(s) 10 Warning(s) [in 0 ms]
[2016.03.05-12.49.03:822][ 38]LogLinker:Warning: Can't find file '/Script/Kinect4Unreal'
[2016.03.05-12.49.03:823][ 38]LogLinker:Warning: Can't find file for asset '/Script/Kinect4Unreal' while loading ../../../../../../Users/CaptainAmerica/Desktop/Uni/GE_Project/Content/Blueprints/BP_TheBeginningGameMode.uasset.
[2016.03.05-12.49.03:823][ 38]LogLinker:Warning: Can't find file '/Script/Kinect4Unreal'
[2016.03.05-12.49.03:823][ 38]LogLinker:Warning: Can't find file for asset '/Script/Kinect4Unreal' while loading ../../../../../../Users/CaptainAmerica/Desktop/Uni/GE_Project/Content/Blueprints/BP_TheBeginningGameMode.uasset.
[2016.03.05-12.49.03:837][ 38]LogWorld: Game class is 'BP_TheBeginningGameMode_C'
[2016.03.05-12.49.03:897][ 38]LogWorld: Bringing World /Game/UEDPIE_0_MyFirstLevel.MyFirstLevel up for play (max tick rate 60) at 2016.03.05-13.49.03
[2016.03.05-12.49.03:898][ 38]LogActor:Warning: GameSession /Game/UEDPIE_0_MyFirstLevel.MyFirstLevel:PersistentLevel.GameSession_0 has natively added scene component(s), but none of them were set as the actor's RootComponent - picking one arbitrarily
[2016.03.05-12.49.03:898][ 38]LogActor:Warning: GameNetworkManager /Game/UEDPIE_0_MyFirstLevel.MyFirstLevel:PersistentLevel.GameNetworkManager_0 has natively added scene component(s), but none of them were set as the actor's RootComponent - picking one arbitrarily
[2016.03.05-12.49.03:903][ 38]LogWorld: Bringing up level for play took: 0.065078
[2016.03.05-12.49.03:908][ 38]PIE: Info Play in editor start time for /Game/UEDPIE_0_MyFirstLevel 0.798
[2016.03.05-12.49.45:027][493]LogParticles: Destroying 0 GPU particle simulations for FXSystem 0x000001FD35C17740
[2016.03.05-12.49.49:023][727]LogEditorViewport: Clicking on Actor (LMB): Landscape (Landscape5)
[2016.03.05-12.51.06:598][370]LogPlayLevel: PlayLevel: No blueprints needed recompiling
[2016.03.05-12.51.08:102][370]PIE: New page: PIE session: MyFirstLevel (Mar 5, 2016, 2:51:08 PM)
[2016.03.05-12.51.08:102][370]LogPlayLevel: Creating play world package: /Game/UEDPIE_0_MyFirstLevel
[2016.03.05-12.51.08:131][370]LogPlayLevel: PIE: StaticDuplicateObject took: (0.028954s)
[2016.03.05-12.51.08:131][370]LogAIModule: Creating AISystem for world MyFirstLevel
[2016.03.05-12.51.08:131][370]LogPlayLevel: PIE: World Init took: (0.000566s)
[2016.03.05-12.51.08:131][370]LogPlayLevel: PIE: Created PIE world by copying editor world from /Game/MyFirstLevel.MyFirstLevel to /Game/UEDPIE_0_MyFirstLevel.MyFirstLevel (0.029696s)
[2016.03.05-12.51.08:147][370]LogInit: XAudio2 using 'Lautsprecher (Realtek High Definition Audio)' : 2 channels at 48 kHz using 32 bits per sample (channel mask 0x3)
[2016.03.05-12.51.08:154][370]LogInit: FAudioDevice initialized.
[2016.03.05-12.51.08:194][370]LogWorld: Game class is 'BP_TheBeginningGameMode_C'
[2016.03.05-12.51.08:258][370]LogWorld: Bringing World /Game/UEDPIE_0_MyFirstLevel.MyFirstLevel up for play (max tick rate 60) at 2016.03.05-13.51.08
[2016.03.05-12.51.08:258][370]LogActor:Warning: GameSession /Game/UEDPIE_0_MyFirstLevel.MyFirstLevel:PersistentLevel.GameSession_1 has natively added scene component(s), but none of them were set as the actor's RootComponent - picking one arbitrarily
[2016.03.05-12.51.08:259][370]LogActor:Warning: GameNetworkManager /Game/UEDPIE_0_MyFirstLevel.MyFirstLevel:PersistentLevel.GameNetworkManager_1 has natively added scene component(s), but none of them were set as the actor's RootComponent - picking one arbitrarily
[2016.03.05-12.51.08:260][370]LogWorld: Bringing up level for play took: 0.063996
[2016.03.05-12.51.08:265][370]PIE: Info Play in editor start time for /Game/UEDPIE_0_MyFirstLevel 1.155
[2016.03.05-12.51.40:596][296]LogParticles: Destroying 0 GPU particle simulations for FXSystem 0x000001FD44971DA0
[2016.03.05-12.51.51:243][934]LogEditorViewport: Clicking on Actor (LMB): Emitter (P_Fire)
[2016.03.05-12.51.56:028][219]Cmd: EDIT COPY
[2016.03.05-12.51.57:411][302]Cmd: EDIT PASTE
[2016.03.05-12.52.08:431][960]LogPlayLevel: PlayLevel: No blueprints needed recompiling
[2016.03.05-12.52.08:431][960]PIE: New page: PIE session: MyFirstLevel (Mar 5, 2016, 2:52:08 PM)
[2016.03.05-12.52.08:431][960]LogPlayLevel: Creating play world package: /Game/UEDPIE_0_MyFirstLevel
[2016.03.05-12.52.08:459][960]LogPlayLevel: PIE: StaticDuplicateObject took: (0.028559s)
[2016.03.05-12.52.08:460][960]LogAIModule: Creating AISystem for world MyFirstLevel
[2016.03.05-12.52.08:460][960]LogPlayLevel: PIE: World Init took: (0.000543s)
[2016.03.05-12.52.08:460][960]LogPlayLevel: PIE: Created PIE world by copying editor world from /Game/MyFirstLevel.MyFirstLevel to /Game/UEDPIE_0_MyFirstLevel.MyFirstLevel (0.029340s)
[2016.03.05-12.52.08:474][960]LogInit: XAudio2 using 'Lautsprecher (Realtek High Definition Audio)' : 2 channels at 48 kHz using 32 bits per sample (channel mask 0x3)
[2016.03.05-12.52.08:481][960]LogInit: FAudioDevice initialized.
[2016.03.05-12.52.08:513][960]LogWorld: Game class is 'BP_TheBeginningGameMode_C'
[2016.03.05-12.52.08:574][960]LogWorld: Bringing World /Game/UEDPIE_0_MyFirstLevel.MyFirstLevel up for play (max tick rate 60) at 2016.03.05-13.52.08
[2016.03.05-12.52.08:574][960]LogActor:Warning: GameSession /Game/UEDPIE_0_MyFirstLevel.MyFirstLevel:PersistentLevel.GameSession_2 has natively added scene component(s), but none of them were set as the actor's RootComponent - picking one arbitrarily
[2016.03.05-12.52.08:574][960]LogActor:Warning: GameNetworkManager /Game/UEDPIE_0_MyFirstLevel.MyFirstLevel:PersistentLevel.GameNetworkManager_2 has natively added scene component(s), but none of them were set as the actor's RootComponent - picking one arbitrarily
[2016.03.05-12.52.08:576][960]LogWorld: Bringing up level for play took: 0.060945
[2016.03.05-12.52.08:578][960]LogSpawn:Warning: SpawnActor failed because of collision at the spawn location [X=3931.975 Y=590.366 Z=348.095] for [BP_Avatar_C]
[2016.03.05-12.52.08:578][960]LogSpawn:Warning: SpawnActor failed because the spawned actor IsPendingKill
[2016.03.05-12.52.08:578][960]LogGameMode:Warning: Couldn't spawn Pawn of type BP_Avatar_C at PlayerStartPIE_2
[2016.03.05-12.52.08:580][960]PIE: Info Play in editor start time for /Game/UEDPIE_0_MyFirstLevel -0.53
[2016.03.05-12.52.09:095][960]LogCrashTracker: 


[2016.03.05-12.52.09:096][960]LogCrashTracker: 


[2016.03.05-12.52.09:096][960]LogWindows: === Critical error: ===
Fatal error!



[2016.03.05-12.52.09:215][960]LogExit: Executing StaticShutdownAfterError
[2016.03.05-12.52.09:220][960]LogPhysics:Warning: PHYSX: ..\..\PhysX\src\NpScene.cpp (2946) 8 : PxScene::unlockWrite() called without matching call to PxScene::lockWrite(), behaviour will be undefined.
[2016.03.05-12.52.09:221][960]LogPhysics:Warning: PHYSX: ..\..\PhysX\src\NpScene.cpp (2946) 8 : PxScene::unlockWrite() called without matching call to PxScene::lockWrite(), behaviour will be undefined.
[2016.03.05-12.52.09:221][960]LogPhysics:Warning: PHYSX: ..\..\PhysX\src\NpScene.cpp (2946) 8 : PxScene::unlockWrite() called without matching call to PxScene::lockWrite(), behaviour will be undefined.
[2016.03.05-12.52.09:221][960]LogPhysics:Warning: PHYSX: ..\..\PhysX\src\NpScene.cpp (2946) 8 : PxScene::unlockWrite() called without matching call to PxScene::lockWrite(), behaviour will be undefined.
[2016.03.05-12.52.09:221][960]LogPhysics:Warning: PHYSX: ..\..\PhysX\src\NpScene.cpp (2946) 8 : PxScene::unlockWrite() called without matching call to PxScene::lockWrite(), behaviour will be undefined.
[2016.03.05-12.52.09:221][960]LogPhysics:Warning: PHYSX: ..\..\PhysX\src\NpScene.cpp (2946) 8 : PxScene::unlockWrite() called without matching call to PxScene::lockWrite(), behaviour will be undefined.
[2016.03.05-12.52.09:221][960]LogWindows: FPlatformMisc::RequestExit(1)
[2016.03.05-12.52.09:221][960]Log file closed, 03/05/16 13:52:09
