[2016.01.29-10.08.12:392][  0]Log file open, 01/29/16 11:08:12
[2016.01.29-10.08.12:392][  0]LogInit:Display: Running engine for game: TheBeginning
[2016.01.29-10.08.12:392][  0]LogInit:Display: RandInit(-1300691870) SRandInit(-1300691869).
[2016.01.29-10.08.12:392][  0]LogTaskGraph: Started task graph with 4 named threads and 7 total threads.
[2016.01.29-10.08.12:392][  0]LogStats: Stats thread started at 0.065687
[2016.01.29-10.08.12:392][  0]LogInit: Version: 4.9.2-2707645+++depot+UE4-Releases+4.9
[2016.01.29-10.08.12:392][  0]LogInit: API Version: 2672455
[2016.01.29-10.08.12:392][  0]LogInit: Compiled (64-bit): Sep 28 2015 10:25:44
[2016.01.29-10.08.12:392][  0]LogInit: Compiled with Visual C++: 18.00.21005.01
[2016.01.29-10.08.12:392][  0]LogInit: Build Configuration: Development
[2016.01.29-10.08.12:392][  0]LogInit: Branch Name: ++depot+UE4-Releases+4.9
[2016.01.29-10.08.12:392][  0]LogInit: Command line:  
[2016.01.29-10.08.12:392][  0]LogInit: Base directory: D:/Programme/Epic Games/4.9/Engine/Binaries/Win64/
[2016.01.29-10.08.12:392][  0]LogInit: Rocket: 1
[2016.01.29-10.08.12:397][  0]LogInit: Using libcurl 7.41.0
[2016.01.29-10.08.12:398][  0]LogInit:  - built for x86_64-pc-win32
[2016.01.29-10.08.12:398][  0]LogInit:  - supports SSL with WinSSL
[2016.01.29-10.08.12:398][  0]LogInit:  - other features:
[2016.01.29-10.08.12:398][  0]LogInit:      CURL_VERSION_SSL
[2016.01.29-10.08.12:398][  0]LogInit:      CURL_VERSION_IPV6
[2016.01.29-10.08.12:398][  0]LogInit:      CURL_VERSION_ASYNCHDNS
[2016.01.29-10.08.12:398][  0]LogInit:      CURL_VERSION_LARGEFILE
[2016.01.29-10.08.12:398][  0]LogInit:      CURL_VERSION_IDN
[2016.01.29-10.08.12:398][  0]LogInit:  CurlRequestOptions (configurable via config and command line):
[2016.01.29-10.08.12:398][  0]LogInit:  - bVerifyPeer = true  - Libcurl will verify peer certificate
[2016.01.29-10.08.12:398][  0]LogInit:  - bUseHttpProxy = false  - Libcurl will NOT use HTTP proxy
[2016.01.29-10.08.12:398][  0]LogInit:  - bDontReuseConnections = false  - Libcurl will reuse connections
[2016.01.29-10.08.12:398][  0]LogInit:  - CertBundlePath = nullptr  - Libcurl will use whatever was configured at build time.
[2016.01.29-10.08.12:402][  0]LogInit: Presizing for 0 objects not considered by GC, pre-allocating 0 bytes.
[2016.01.29-10.08.12:407][  0]LogInit: Object subsystem initialized
[2016.01.29-10.08.12:408][  0]LogInit: Selected Device Profile: [Windows]
[2016.01.29-10.08.12:408][  0]LogInit: Applying CVar settings loaded from the selected device profile: [Windows]
[2016.01.29-10.08.12:415][  0]LogInit: Computer: PC1021500895
[2016.01.29-10.08.12:415][  0]LogInit: User: VR
[2016.01.29-10.08.12:415][  0]LogInit: CPU Page size=4096, Cores=4
[2016.01.29-10.08.12:415][  0]LogInit: High frequency timer resolution =3.507505 MHz
[2016.01.29-10.08.12:415][  0]LogMemory: Memory total: Physical=15.9GB (16GB approx)
[2016.01.29-10.08.12:415][  0]LogMemory: Platform Memory Stats for Windows
[2016.01.29-10.08.12:415][  0]LogMemory: Process Physical Memory: 52.60 MB used, 52.60 MB peak
[2016.01.29-10.08.12:415][  0]LogMemory: Process Virtual Memory: 55.16 MB used, 55.16 MB peak
[2016.01.29-10.08.12:415][  0]LogMemory: Physical Memory: 5345.45 MB used, 16261.17 MB total
[2016.01.29-10.08.12:415][  0]LogMemory: Virtual Memory: 349.54 MB used, 134217728.00 MB total
[2016.01.29-10.08.12:442][  0]LogTextLocalizationManager: No translations for ('de-DE') exist, falling back to 'en' for localization and internationalization data.
[2016.01.29-10.08.13:100][  0]LogD3D11RHI: Found D3D11 adapter 0: NVIDIA GeForce GTX 970 (Feature Level 11_0)
[2016.01.29-10.08.13:100][  0]LogD3D11RHI: Adapter has 3976MB of dedicated video memory, 0MB of dedicated system memory, and 8130MB of shared system memory, 1 output[s]
[2016.01.29-10.08.13:101][  0]LogD3D11RHI: Found D3D11 adapter 1: Microsoft Basic Render Driver (Feature Level 11_0)
[2016.01.29-10.08.13:101][  0]LogD3D11RHI: Adapter has 0MB of dedicated video memory, 0MB of dedicated system memory, and 256MB of shared system memory, 0 output[s]
[2016.01.29-10.08.13:101][  0]LogD3D11RHI: Chosen D3D11 Adapter Id = 0
[2016.01.29-10.08.13:105][  0]LogD3D11RHI: !Direct3DDevice
[2016.01.29-10.08.13:105][  0]LogRHI: Texture pool is 1361 MB (70% of 1945 MB)
[2016.01.29-10.08.13:114][  0]LogD3D11RHI: Async texture creation enabled
[2016.01.29-10.08.13:129][  0]LogShaderCompilers: Guid format shader working directory is 15 characters bigger than the processId version (../../../../../../UnrealProjects/GE_Project/Intermediate/Shaders/WorkingDirectory/7484/).
[2016.01.29-10.08.13:129][  0]LogShaderCompilers: Cleaned the shader compiler working directory '../../../../../../UnrealProjects/GE_Project/Intermediate/Shaders/tmp/B1B4FF61492BCDD24CCA9FB717661156/'.
[2016.01.29-10.08.13:129][  0]LogShaderCompilers:Display: Using Local Shader Compiler.
[2016.01.29-10.08.13:879][  0]LogTemp:Display: Loaded TP AllDesktopTargetPlatform
[2016.01.29-10.08.13:883][  0]LogTemp:Display: Loaded TP WindowsClientTargetPlatform
[2016.01.29-10.08.13:886][  0]LogTemp:Display: Loaded TP WindowsNoEditorTargetPlatform
[2016.01.29-10.08.13:889][  0]LogTemp:Display: Loaded TP WindowsServerTargetPlatform
[2016.01.29-10.08.13:892][  0]LogTemp:Display: Loaded TP WindowsTargetPlatform
[2016.01.29-10.08.13:895][  0]LogTemp:Display: Loaded TP AndroidTargetPlatform
[2016.01.29-10.08.13:897][  0]LogTemp:Display: Loaded TP Android_ASTCTargetPlatform
[2016.01.29-10.08.13:899][  0]LogTemp:Display: Loaded TP Android_ATCTargetPlatform
[2016.01.29-10.08.13:901][  0]LogTemp:Display: Loaded TP Android_DXTTargetPlatform
[2016.01.29-10.08.13:903][  0]LogTemp:Display: Loaded TP Android_ETC1TargetPlatform
[2016.01.29-10.08.13:906][  0]LogTemp:Display: Loaded TP Android_ETC2TargetPlatform
[2016.01.29-10.08.13:908][  0]LogTemp:Display: Loaded TP Android_PVRTCTargetPlatform
[2016.01.29-10.08.13:909][  0]LogTemp:Display: Loaded TP HTML5TargetPlatform
[2016.01.29-10.08.13:924][  0]LogTemp:Display: Loaded TP IOSTargetPlatform
[2016.01.29-10.08.13:926][  0]LogTemp:Display: Loaded TP LinuxNoEditorTargetPlatform
[2016.01.29-10.08.13:929][  0]LogTemp:Display: Loaded TP LinuxServerTargetPlatform
[2016.01.29-10.08.13:932][  0]LogTemp:Display: Loaded TP LinuxTargetPlatform
[2016.01.29-10.08.13:932][  0]LogTargetPlatformManager:Display: Building Assets For Windows
[2016.01.29-10.08.13:980][  0]LogDerivedDataCache:Display: Max Cache Size: 512 MB
[2016.01.29-10.08.14:016][  0]LogDerivedDataCache: Loaded boot cache 0.04s 41MB C:/Users/VR/AppData/Local/UnrealEngine/4.9/DerivedDataCache/Boot.ddc.
[2016.01.29-10.08.14:017][  0]LogDerivedDataCache:Display: Loaded Boot cache: C:/Users/VR/AppData/Local/UnrealEngine/4.9/DerivedDataCache/Boot.ddc
[2016.01.29-10.08.14:017][  0]LogDerivedDataCache: FDerivedDataBackendGraph:  Pak pak cache file ../../../../../../UnrealProjects/GE_Project/DerivedDataCache/DDC.ddp not found, will not use a pak cache.
[2016.01.29-10.08.14:017][  0]LogDerivedDataCache: Unable to find inner node Pak for hierarchical cache Hierarchy.
[2016.01.29-10.08.14:017][  0]LogDerivedDataCache: FDerivedDataBackendGraph:  CompressedPak pak cache file ../../../../../../UnrealProjects/GE_Project/DerivedDataCache/Compressed.ddp not found, will not use a pak cache.
[2016.01.29-10.08.14:017][  0]LogDerivedDataCache: Unable to find inner node CompressedPak for hierarchical cache Hierarchy.
[2016.01.29-10.08.14:127][  0]LogDerivedDataCache:Display: Pak cache opened for reading ../../../Engine/DerivedDataCache/Compressed.ddp.
[2016.01.29-10.08.14:139][  0]LogDerivedDataCache: Using Local data cache path C:/Users/VR/AppData/Local/UnrealEngine/Common/DerivedDataCache: Writable
[2016.01.29-10.08.14:263][  0]LogInit: Selected Device Profile: [Windows]
[2016.01.29-10.08.14:265][  0]LogContentStreaming: Texture pool size is 0.000000MB
[2016.01.29-10.08.14:349][  0]LogMeshUtilities: No automatic mesh reduction module available
[2016.01.29-10.08.14:349][  0]LogMeshUtilities: No automatic mesh merging module available
[2016.01.29-10.08.14:527][  0]LogInit: WinSock: version 1.1 (2.2), MaxSocks=32767, MaxUdp=65467
[2016.01.29-10.08.15:037][  0]UdpMessaging: Initializing bridge on interface 0.0.0.0:0 to multicast group 230.0.0.1:6666.
[2016.01.29-10.08.15:151][  0]LogAssetRegistry: FAssetRegistry took 0.0107 seconds to start up
[2016.01.29-10.08.15:255][  0]SourceControl: Info Source control is disabled
[2016.01.29-10.08.15:261][  0]SourceControl: Info Source control is disabled
[2016.01.29-10.08.15:267][  0]SourceControl: Info Source control is disabled
[2016.01.29-10.08.15:272][  0]SourceControl: Info Source control is disabled
[2016.01.29-10.08.15:349][  0]LogLinker:Warning: Asset '../../../Engine/Plugins/Runtime/LeapMotionController/Content/LM_PassthroughMaterial.uasset' has been saved with empty engine version. The asset will be loaded but may be incompatible.
[2016.01.29-10.08.15:395][  0]LeapPluginLog: Using LeapPlugin version 0.9.6
[2016.01.29-10.08.15:399][  0]LogObj: 29249 objects as part of root set at end of initial load.
[2016.01.29-10.08.15:399][  0]LogUObjectAllocator: 6234272 out of 0 bytes used by permanent object pool.
[2016.01.29-10.08.15:444][  0]LogEngine: Initializing Engine...
[2016.01.29-10.08.15:445][  0]LogHMD: Can't find Oculus library dev build: is proper Runtime installed? Version: 0.7.0.0
[2016.01.29-10.08.15:588][  0]LogHMD: SteamVR failed to initialize.  Err: 1000
[2016.01.29-10.08.15:682][  0]LogAIModule: Creating AISystem for world NewWorld
[2016.01.29-10.08.15:685][  0]LogInit: XAudio2 using 'HP E221c-8 (NVIDIA High Definition Audio)' : 2 channels at 48 kHz using 16 bits per sample (channel mask 0x3)
[2016.01.29-10.08.15:693][  0]LogInit: FAudioDevice initialized.
[2016.01.29-10.08.15:711][  0]LogDerivedDataCache: Saved boot cache 0.02s 41MB C:/Users/VR/AppData/Local/UnrealEngine/4.9/DerivedDataCache/Boot.ddc.
[2016.01.29-10.08.15:715][  0]LogInit: Texture streaming: Enabled
[2016.01.29-10.08.15:717][  0]LogAnalytics: Creating configured Analytics provider AnalyticsET
[2016.01.29-10.08.15:717][  0]LogAnalytics: [UEEditor.Rocket.Release] APIServer = http://et2.epicgames.com/ET2/. AppVersion = 4.9.2-2707645+++depot+UE4-Releases+4.9
[2016.01.29-10.08.15:717][  0]LogAnalytics: [UEEditor.Rocket.Release] SetUserId 8c1436b7469470d4e6ebefb46ce7086e|15a5252fe37a4825a673547b0b937ab6|c39e7128-8a93-45bc-b94e-b28d0faf1958
[2016.01.29-10.08.15:717][  0]LogAnalytics: [UEEditor.Rocket.Release] AnalyticsET::StartSession
[2016.01.29-10.08.15:725][  0]LogWindowsTextInputMethodSystem:Display: IME system now deactivated.
[2016.01.29-10.08.15:735][  0]LogInit: Transaction tracking system initialized
[2016.01.29-10.08.15:750][  0]BlueprintLog: New page: Editor Load
[2016.01.29-10.08.15:792][  0]LocalizationService: Info Localization service is disabled
[2016.01.29-10.08.15:828][  0]LogLinker:Warning: Can't find file '/Game/FirstPersonBP/FirstPersonOverview'
[2016.01.29-10.08.15:828][  0]LogLinker:Warning: Can't find file '/Game/FirstPersonBP/FirstPersonOverview'
[2016.01.29-10.08.15:828][  0]LogUObjectGlobals:Warning: Failed to find object 'Class /Game/FirstPersonBP/FirstPersonOverview.FirstPersonOverview_C'
[2016.01.29-10.08.15:836][  0]LogConsoleResponse:Display: 
[2016.01.29-10.08.15:925][  0]LogCook:Display: Done creating registry. It took  0.00s.
[2016.01.29-10.08.15:954][  0]LogFileCache: Scanning file cache for directory 'D:/UnrealProjects/GE_Project/Content/' took 0.01s
[2016.01.29-10.08.15:954][  0]SourceControl: Info Source control is disabled
[2016.01.29-10.08.15:954][  0]Cmd: MAP LOAD FILE="../../../../../../UnrealProjects/GE_Project/Content/StarterContent/Maps/Minimal_Default.umap" TEMPLATE=0 SHOWPROGRESS=1 FEATURELEVEL=3
[2016.01.29-10.08.15:954][  0]LightingResults: New page: Lighting Build
[2016.01.29-10.08.15:956][  0]MapCheck: New page: Map Check
[2016.01.29-10.08.15:956][  0]LightingResults: New page: Lighting Build
[2016.01.29-10.08.15:964][  0]LogParticles: Destroying 0 GPU particle simulations for FXSystem 0x000000D530EABCE0
[2016.01.29-10.08.16:252][  0]LogAIModule: Creating AISystem for world Minimal_Default
[2016.01.29-10.08.16:257][  0]LogEditorServer: Finished looking for orphan Actors (0.000 secs)
[2016.01.29-10.08.16:257][  0]Cmd: MAP CHECKDEP NOCLEARLOG
[2016.01.29-10.08.16:293][  0]MapCheck: Info Map check complete: 0 Error(s), 0 Warning(s), took 35.298ms to complete.
[2016.01.29-10.08.16:293][  0]LogFileHelpers: Loading map 'Minimal_Default' took 0.338
[2016.01.29-10.08.16:387][  0]LogCollectionManager: Loaded 0 collections in 0.001215 seconds
[2016.01.29-10.08.16:428][  0]LogFileCache: Scanning file cache for directory 'D:/UnrealProjects/GE_Project/Saved/Collections/' took 0.01s
[2016.01.29-10.08.16:428][  0]LogFileCache: Scanning file cache for directory 'D:/UnrealProjects/GE_Project/Content/Developers/VR/Collections/' took 0.01s
[2016.01.29-10.08.16:428][  0]LogFileCache: Scanning file cache for directory 'D:/UnrealProjects/GE_Project/Content/Collections/' took 0.01s
[2016.01.29-10.08.16:428][  0]LogContentBrowser: Native class hierarchy populated in 0.0080 seconds. Added 1918 classes and 347 folders.
[2016.01.29-10.08.16:432][  0]LogCollectionManager: Rebuilt the GUID cache for 0 collections in 0.000002 seconds
[2016.01.29-10.08.16:436][  0]LogContentBrowser: Native class hierarchy updated for 'WidgetCarousel' in 0.0008 seconds. Added 0 classes and 0 folders.
[2016.01.29-10.08.16:467][  0]LogContentBrowser: Native class hierarchy updated for 'AddContentDialog' in 0.0008 seconds. Added 0 classes and 0 folders.
[2016.01.29-10.08.16:470][  0]LogContentBrowser: Native class hierarchy updated for 'SceneOutliner' in 0.0007 seconds. Added 1 classes and 2 folders.
[2016.01.29-10.08.16:516][  0]LogCrashTracker: Crashtracker disabled due to settings.
[2016.01.29-10.08.16:520][  0]LogUObjectGlobals:Warning: Failed to find object 'Class None.'
[2016.01.29-10.08.16:543][  0]LogLoad: Full Startup: 4.74 seconds (BP compile: 0.03 seconds)
[2016.01.29-10.08.16:596][  0]LogContentStreaming: Texture pool size now 1000 MB
[2016.01.29-10.08.16:687][  0]LogRenderer: Reallocating scene render targets to support 1216x576 (Frame:2).
[2016.01.29-10.08.17:564][  3]LogAssetRegistry: Asset discovery search completed in 2.4236 seconds
[2016.01.29-10.08.17:564][  3]LogCollectionManager: Rebuilt the object cache for 0 collections in 0.000001 seconds (found 0 objects)
[2016.01.29-10.08.17:564][  3]LogCollectionManager: Fixed up redirectors for 0 collections in 0.000015 seconds (updated 0 objects)
[2016.01.29-10.08.28:740][277]LogBlueprint:Warning: [compiler Ue4ASP_Character] Warning Input Axis Event references unknown Axis 'LookUp' for  InputAxis LookUp 
[2016.01.29-10.08.28:740][277]LogBlueprint:Warning: [compiler Ue4ASP_Character] Warning Input Axis Event references unknown Axis 'Turn' for  InputAxis Turn 
[2016.01.29-10.08.28:740][277]LogBlueprint:Warning: [compiler Ue4ASP_Character] Warning Input Axis Event references unknown Axis 'MoveRight' for  InputAxis MoveRight 
[2016.01.29-10.08.28:741][277]LogBlueprint:Warning: [compiler Ue4ASP_Character] Warning Input Axis Event references unknown Axis 'MoveForward' for  InputAxis MoveForward 
[2016.01.29-10.08.28:743][277]LogBlueprint:Warning: [compiler Ue4ASP_Character] Warning [0016.94] Compile of Ue4ASP_Character successful, but with 4 Warning(s) [in 6 ms]
[2016.01.29-10.08.28:743][277]LogBlueprint:Warning: [compiler Ue4ASP_Character] Warning [0016.94] Compile of Ue4ASP_Character successful, but with 5 Warning(s) [in 0 ms]
[2016.01.29-10.08.28:743][277]LogBlueprint:Warning: [compiler Ue4ASP_Character] Warning [0016.94] Compile of Ue4ASP_Character successful, but with 6 Warning(s) [in 0 ms]
[2016.01.29-10.08.28:796][277]LogBlueprint:Warning: [compiler Ue4ASP_Character] Warning Input Axis Event references unknown Axis 'LookUp' for  InputAxis LookUp 
[2016.01.29-10.08.28:796][277]LogBlueprint:Warning: [compiler Ue4ASP_Character] Warning Input Axis Event references unknown Axis 'Turn' for  InputAxis Turn 
[2016.01.29-10.08.28:797][277]LogBlueprint:Warning: [compiler Ue4ASP_Character] Warning Input Axis Event references unknown Axis 'MoveRight' for  InputAxis MoveRight 
[2016.01.29-10.08.28:797][277]LogBlueprint:Warning: [compiler Ue4ASP_Character] Warning Input Axis Event references unknown Axis 'MoveForward' for  InputAxis MoveForward 
[2016.01.29-10.08.28:799][277]LogBlueprint:Warning: [compiler Ue4ASP_Character] Warning [0017.00] Compile of Ue4ASP_Character successful, but with 4 Warning(s) [in 5 ms]
[2016.01.29-10.08.28:799][277]LogBlueprint:Warning: [compiler Ue4ASP_Character] Warning [0017.00] Compile of Ue4ASP_Character successful, but with 5 Warning(s) [in 0 ms]
[2016.01.29-10.08.28:799][277]LogBlueprint:Warning: [compiler Ue4ASP_Character] Warning [0017.00] Compile of Ue4ASP_Character successful, but with 6 Warning(s) [in 0 ms]
[2016.01.29-10.08.28:966][277]LogAIModule: Creating AISystem for world MyFirstLevel
[2016.01.29-10.08.28:998][277]Cmd: MAP LOAD FILE="../../../../../../UnrealProjects/GE_Project/Content/MyFirstLevel.umap" TEMPLATE=0 SHOWPROGRESS=1 FEATURELEVEL=3
[2016.01.29-10.08.28:998][277]LightingResults: New page: Lighting Build
[2016.01.29-10.08.29:012][277]LoadErrors: New page: Loading map: MyFirstLevel.umap
[2016.01.29-10.08.29:012][277]MapCheck: New page: Map Check
[2016.01.29-10.08.29:012][277]LightingResults: New page: Lighting Build
[2016.01.29-10.08.29:021][277]LogParticles: Destroying 0 GPU particle simulations for FXSystem 0x000000D5196334C0
[2016.01.29-10.08.29:073][277]LogEditorServer: Finished looking for orphan Actors (0.000 secs)
[2016.01.29-10.08.29:106][277]Cmd: MAP CHECKDEP NOCLEARLOG
[2016.01.29-10.08.29:144][277]MapCheck: Info Map check complete: 0 Error(s), 0 Warning(s), took 38.639ms to complete.
[2016.01.29-10.08.29:144][277]LogFileHelpers: Loading map 'MyFirstLevel' took 0.147
[2016.01.29-10.08.29:173][278]Cmd: UpdateLandscapeEditorData -warnings
[2016.01.29-10.08.29:174][278]Cmd: UpdateLandscapeEditorData
[2016.01.29-10.08.59:230][863]LogEditorViewport: Clicking on Actor (context menu): BP_Sky_Sphere_C (BP_Sky_Sphere)
[2016.01.29-10.09.06:944][759]LogPlayLevel: PlayLevel: No blueprints needed recompiling
[2016.01.29-10.09.06:944][759]PIE: New page: PIE session: MyFirstLevel (Jan 29, 2016, 12:09:06 PM)
[2016.01.29-10.09.06:944][759]LogPlayLevel: Creating play world package: /Game/UEDPIE_0_MyFirstLevel
[2016.01.29-10.09.06:951][759]LogPlayLevel: PIE: StaticDuplicateObject took: (0.007262s)
[2016.01.29-10.09.06:952][759]LogAIModule: Creating AISystem for world MyFirstLevel
[2016.01.29-10.09.06:952][759]LogPlayLevel: PIE: World Init took: (0.000554s)
[2016.01.29-10.09.06:952][759]LogPlayLevel: PIE: Created PIE world by copying editor world from /Game/MyFirstLevel.MyFirstLevel to /Game/UEDPIE_0_MyFirstLevel.MyFirstLevel (0.008156s)
[2016.01.29-10.09.06:952][759]LogActorComponent: UnregisterComponent: (/Engine/Transient.CharMoveComp) Not registered. Aborting.
[2016.01.29-10.09.06:963][759]LogInit: XAudio2 using 'HP E221c-8 (NVIDIA High Definition Audio)' : 2 channels at 48 kHz using 16 bits per sample (channel mask 0x3)
[2016.01.29-10.09.06:965][759]LogInit: FAudioDevice initialized.
[2016.01.29-10.09.07:062][759]LogWorld: Game class is 'BP_TheBeginningGameMode_C'
[2016.01.29-10.09.07:075][759]LogWorld: Bringing World /Game/UEDPIE_0_MyFirstLevel.MyFirstLevel up for play (max tick rate 0) at 2016.01.29-11.09.07
[2016.01.29-10.09.07:075][759]LogActor:Warning: GameSession /Game/UEDPIE_0_MyFirstLevel.MyFirstLevel:PersistentLevel.GameSession_0 has natively added scene component(s), but none of them were set as the actor's RootComponent - picking one arbitrarily
[2016.01.29-10.09.07:075][759]LogActor:Warning: GameNetworkManager /Game/UEDPIE_0_MyFirstLevel.MyFirstLevel:PersistentLevel.GameNetworkManager_0 has natively added scene component(s), but none of them were set as the actor's RootComponent - picking one arbitrarily
[2016.01.29-10.09.07:076][759]LogWorld: Bringing up level for play took: 0.012321
[2016.01.29-10.09.07:108][759]PIE: Info Play in editor start time for /Game/UEDPIE_0_MyFirstLevel -0.026
[2016.01.29-10.09.16:107][827]LogActorComponent: UnregisterComponent: (/Engine/Transient.CharMoveComp) Not registered. Aborting.
[2016.01.29-10.09.16:107][827]LogActorComponent: UnregisterComponent: (/Engine/Transient.KinectInterface_GEN_VARIABLE) Not registered. Aborting.
[2016.01.29-10.09.16:123][827]LogParticles: Destroying 0 GPU particle simulations for FXSystem 0x000000D50D2C19E0
[2016.01.29-10.09.31:420][ 34]LogPlayLevel: PlayLevel: No blueprints needed recompiling
[2016.01.29-10.09.31:420][ 34]PIE: New page: PIE session: MyFirstLevel (Jan 29, 2016, 12:09:31 PM)
[2016.01.29-10.09.31:420][ 34]LogPlayLevel: Creating play world package: /Game/UEDPIE_0_MyFirstLevel
[2016.01.29-10.09.31:427][ 34]LogPlayLevel: PIE: StaticDuplicateObject took: (0.006934s)
[2016.01.29-10.09.31:428][ 34]LogAIModule: Creating AISystem for world MyFirstLevel
[2016.01.29-10.09.31:428][ 34]LogPlayLevel: PIE: World Init took: (0.000475s)
[2016.01.29-10.09.31:428][ 34]LogPlayLevel: PIE: Created PIE world by copying editor world from /Game/MyFirstLevel.MyFirstLevel to /Game/UEDPIE_0_MyFirstLevel.MyFirstLevel (0.007543s)
[2016.01.29-10.09.31:428][ 34]LogActorComponent: UnregisterComponent: (/Engine/Transient.CharMoveComp) Not registered. Aborting.
[2016.01.29-10.09.31:428][ 34]LogActorComponent: UnregisterComponent: (/Engine/Transient.CharacterMovementComponent_0) Not registered. Aborting.
[2016.01.29-10.09.31:428][ 34]LogActorComponent: UnregisterComponent: (/Engine/Transient.KinectInterface_GEN_VARIABLE) Not registered. Aborting.
[2016.01.29-10.09.31:441][ 34]LogInit: XAudio2 using 'HP E221c-8 (NVIDIA High Definition Audio)' : 2 channels at 48 kHz using 16 bits per sample (channel mask 0x3)
[2016.01.29-10.09.31:443][ 34]LogInit: FAudioDevice initialized.
[2016.01.29-10.09.31:474][ 34]LogWorld: Game class is 'BP_TheBeginningGameMode_C'
[2016.01.29-10.09.31:486][ 34]LogWorld: Bringing World /Game/UEDPIE_0_MyFirstLevel.MyFirstLevel up for play (max tick rate 0) at 2016.01.29-11.09.31
[2016.01.29-10.09.31:486][ 34]LogActor:Warning: GameSession /Game/UEDPIE_0_MyFirstLevel.MyFirstLevel:PersistentLevel.GameSession_1 has natively added scene component(s), but none of them were set as the actor's RootComponent - picking one arbitrarily
[2016.01.29-10.09.31:486][ 34]LogActor:Warning: GameNetworkManager /Game/UEDPIE_0_MyFirstLevel.MyFirstLevel:PersistentLevel.GameNetworkManager_1 has natively added scene component(s), but none of them were set as the actor's RootComponent - picking one arbitrarily
[2016.01.29-10.09.31:487][ 34]LogWorld: Bringing up level for play took: 0.012417
[2016.01.29-10.09.31:518][ 34]PIE: Info Play in editor start time for /Game/UEDPIE_0_MyFirstLevel 0.384
[2016.01.29-10.09.39:575][994]LogParticles: Destroying 0 GPU particle simulations for FXSystem 0x000000D51ADF0220
[2016.01.29-10.12.26:403][551]LogActorComponent: UnregisterComponent: (/Engine/Transient.CharMoveComp) Not registered. Aborting.
[2016.01.29-10.12.26:403][551]LogActorComponent: UnregisterComponent: (/Engine/Transient.CharacterMovementComponent_1) Not registered. Aborting.
[2016.01.29-10.12.26:403][551]LogActorComponent: UnregisterComponent: (/Engine/Transient.KinectInterface_GEN_VARIABLE) Not registered. Aborting.
[2016.01.29-10.12.26:512][551]LogWindowsTextInputMethodSystem:Display: IME system now deactivated.
[2016.01.29-10.12.26:753][552]Cmd: QUIT_EDITOR
[2016.01.29-10.12.27:859][552]LogExit: Preparing to exit.
[2016.01.29-10.12.28:292][552]LogExit: Editor shut down
[2016.01.29-10.12.28:292][552]LogExit: Transaction tracking system shut down
[2016.01.29-10.12.28:293][552]LogParticles: Destroying 0 GPU particle simulations for FXSystem 0x000000D51DAE5620
[2016.01.29-10.12.28:293][552]LogParticles: Destroying 0 GPU particle simulations for FXSystem 0x000000D51DAE7740
[2016.01.29-10.12.28:293][552]LogParticles: Destroying 0 GPU particle simulations for FXSystem 0x000000D53E447880
[2016.01.29-10.12.28:294][552]LogParticles: Destroying 0 GPU particle simulations for FXSystem 0x000000D55586DDA0
[2016.01.29-10.12.28:295][552]LogParticles: Destroying 0 GPU particle simulations for FXSystem 0x000000D519A09F80
[2016.01.29-10.12.28:307][552]LeapPluginLog: LeapController::CleanupEventData Delete Called
[2016.01.29-10.12.28:412][552]LogExit: Object subsystem successfully closed.
[2016.01.29-10.12.28:428][552]LogD3D11RHI: Shutdown
[2016.01.29-10.12.28:428][552]LogD3D11RHI: CleanupD3DDevice
[2016.01.29-10.12.28:475][552]LogD3D11RHI: ~FD3D11DynamicRHI
[2016.01.29-10.12.28:485][552]LogModuleManager: Shutting down and abandoning module CrashTracker (200)
[2016.01.29-10.12.28:485][552]LogModuleManager: Shutting down and abandoning module SceneOutliner (199)
[2016.01.29-10.12.28:485][552]LogModuleManager: Shutting down and abandoning module SuperSearch (198)
[2016.01.29-10.12.28:485][552]LogModuleManager: Shutting down and abandoning module WidgetCarousel (197)
[2016.01.29-10.12.28:485][552]LogModuleManager: Shutting down and abandoning module AddContentDialog (196)
[2016.01.29-10.12.28:485][552]LogModuleManager: Shutting down and abandoning module EditorWidgets (195)
[2016.01.29-10.12.28:486][552]LogModuleManager: Shutting down and abandoning module CollectionManager (194)
[2016.01.29-10.12.28:486][552]LogModuleManager: Shutting down and abandoning module StatsViewer (193)
[2016.01.29-10.12.28:486][552]LogModuleManager: Shutting down and abandoning module FoliageEdit (192)
[2016.01.29-10.12.28:486][552]LogModuleManager: Shutting down and abandoning module LandscapeEditor (191)
[2016.01.29-10.12.28:486][552]LogModuleManager: Shutting down and abandoning module ActorPickerMode (190)
[2016.01.29-10.12.28:486][552]LogModuleManager: Shutting down and abandoning module GeometryMode (189)
[2016.01.29-10.12.28:486][552]LogModuleManager: Shutting down and abandoning module TextureAlignMode (188)
[2016.01.29-10.12.28:486][552]LogModuleManager: Shutting down and abandoning module BspMode (187)
[2016.01.29-10.12.28:486][552]LogModuleManager: Shutting down and abandoning module PlacementMode (186)
[2016.01.29-10.12.28:486][552]LogModuleManager: Shutting down and abandoning module AutomationWorker (185)
[2016.01.29-10.12.28:486][552]LogModuleManager: Shutting down and abandoning module CharacterAI (184)
[2016.01.29-10.12.28:486][552]LogModuleManager: Shutting down and abandoning module SmartSnapping (183)
[2016.01.29-10.12.28:486][552]LogModuleManager: Shutting down and abandoning module ViewportSnapping (182)
[2016.01.29-10.12.28:486][552]LogModuleManager: Shutting down and abandoning module LogVisualizer (181)
[2016.01.29-10.12.28:486][552]LogModuleManager: Shutting down and abandoning module GameProjectGeneration (180)
[2016.01.29-10.12.28:486][552]LogModuleManager: Shutting down and abandoning module IntroTutorials (179)
[2016.01.29-10.12.28:486][552]LogModuleManager: Shutting down and abandoning module EditorLiveStreaming (178)
[2016.01.29-10.12.28:486][552]LogModuleManager: Shutting down and abandoning module IOSPlatformEditor (177)
[2016.01.29-10.12.28:486][552]LogModuleManager: Shutting down and abandoning module HTML5PlatformEditor (176)
[2016.01.29-10.12.28:486][552]LogModuleManager: Shutting down and abandoning module AndroidDeviceDetection (175)
[2016.01.29-10.12.28:990][552]LogModuleManager: Shutting down and abandoning module AndroidPlatformEditor (174)
[2016.01.29-10.12.28:990][552]LogModuleManager: Shutting down and abandoning module IOSRuntimeSettings (173)
[2016.01.29-10.12.28:990][552]LogModuleManager: Shutting down and abandoning module AndroidRuntimeSettings (172)
[2016.01.29-10.12.28:990][552]LogModuleManager: Shutting down and abandoning module MergeActors (171)
[2016.01.29-10.12.28:990][552]LogModuleManager: Shutting down and abandoning module SizeMap (170)
[2016.01.29-10.12.28:990][552]LogModuleManager: Shutting down and abandoning module TreeMap (169)
[2016.01.29-10.12.28:990][552]LogModuleManager: Shutting down and abandoning module ReferenceViewer (168)
[2016.01.29-10.12.28:990][552]LogModuleManager: Shutting down and abandoning module LocalizationService (167)
[2016.01.29-10.12.28:990][552]LogModuleManager: Shutting down and abandoning module LocalizationDashboard (166)
[2016.01.29-10.12.28:990][552]LogModuleManager: Shutting down and abandoning module HardwareTargeting (165)
[2016.01.29-10.12.28:990][552]LogModuleManager: Shutting down and abandoning module DeviceProfileEditor (164)
[2016.01.29-10.12.28:990][552]LogModuleManager: Shutting down and abandoning module UndoHistory (163)
[2016.01.29-10.12.28:990][552]LogModuleManager: Shutting down and abandoning module GameplayTagsEditor (162)
[2016.01.29-10.12.28:990][552]LogModuleManager: Shutting down and abandoning module UserFeedback (161)
[2016.01.29-10.12.28:990][552]LogModuleManager: Shutting down and abandoning module XmlParser (160)
[2016.01.29-10.12.28:990][552]LogModuleManager: Shutting down and abandoning module Blutility (159)
[2016.01.29-10.12.28:990][552]LogModuleManager: Shutting down and abandoning module ProjectTargetPlatformEditor (158)
[2016.01.29-10.12.28:990][552]LogModuleManager: Shutting down and abandoning module ProjectSettingsViewer (157)
[2016.01.29-10.12.28:990][552]LogModuleManager: Shutting down and abandoning module InputBindingEditor (156)
[2016.01.29-10.12.28:990][552]LogModuleManager: Shutting down and abandoning module EditorSettingsViewer (155)
[2016.01.29-10.12.28:990][552]LogModuleManager: Shutting down and abandoning module SettingsEditor (154)
[2016.01.29-10.12.28:990][552]LogModuleManager: Shutting down and abandoning module ProjectLauncher (153)
[2016.01.29-10.12.28:990][552]LogModuleManager: Shutting down and abandoning module SessionFrontend (152)
[2016.01.29-10.12.28:990][552]LogModuleManager: Shutting down and abandoning module ProfilerClient (151)
[2016.01.29-10.12.28:990][552]LogModuleManager: Shutting down and abandoning module TargetDeviceServices (150)
[2016.01.29-10.12.28:990][552]LogModuleManager: Shutting down and abandoning module DeviceManager (149)
[2016.01.29-10.12.28:990][552]LogModuleManager: Shutting down and abandoning module AutomationController (148)
[2016.01.29-10.12.28:990][552]LogModuleManager: Shutting down and abandoning module AutomationWindow (147)
[2016.01.29-10.12.28:990][552]LogModuleManager: Shutting down and abandoning module Layers (146)
[2016.01.29-10.12.28:990][552]LogModuleManager: Shutting down and abandoning module ComponentVisualizers (145)
[2016.01.29-10.12.28:990][552]LogModuleManager: Shutting down and abandoning module DetailCustomizations (144)
[2016.01.29-10.12.28:990][552]LogModuleManager: Shutting down and abandoning module PackagesDialog (143)
[2016.01.29-10.12.28:990][552]LogModuleManager: Shutting down and abandoning module Persona (142)
[2016.01.29-10.12.28:990][552]LogModuleManager: Shutting down and abandoning module Kismet (141)
[2016.01.29-10.12.28:990][552]LogModuleManager: Shutting down and abandoning module GraphEditor (140)
[2016.01.29-10.12.28:991][552]LogModuleManager: Shutting down and abandoning module ClassViewer (139)
[2016.01.29-10.12.28:991][552]LogModuleManager: Shutting down and abandoning module Toolbox (138)
[2016.01.29-10.12.28:991][552]LogModuleManager: Shutting down and abandoning module ModuleUI (137)
[2016.01.29-10.12.28:991][552]LogModuleManager: Shutting down and abandoning module MovieSceneTools (136)
[2016.01.29-10.12.28:991][552]LogModuleManager: Shutting down and abandoning module OutputLog (135)
[2016.01.29-10.12.28:991][552]LogModuleManager: Shutting down and abandoning module GammaUI (134)
[2016.01.29-10.12.28:991][552]LogModuleManager: Shutting down and abandoning module Documentation (133)
[2016.01.29-10.12.28:991][552]LogModuleManager: Shutting down and abandoning module GameLiveStreaming (132)
[2016.01.29-10.12.28:991][552]LogModuleManager: Shutting down and abandoning module StreamingPauseRendering (131)
[2016.01.29-10.12.28:991][552]LogModuleManager: Shutting down and abandoning module AnalyticsET (130)
[2016.01.29-10.12.28:991][552]LogModuleManager: Shutting down and abandoning module Analytics (129)
[2016.01.29-10.12.28:991][552]LogModuleManager: Shutting down and abandoning module AITestSuite (128)
[2016.01.29-10.12.28:991][552]LogModuleManager: Shutting down and abandoning module GameplayDebugger (127)
[2016.01.29-10.12.28:991][552]LogModuleManager: Shutting down and abandoning module AIModule (126)
[2016.01.29-10.12.28:991][552]LogModuleManager: Shutting down and abandoning module ProfilerService (125)
[2016.01.29-10.12.29:083][552]LogModuleManager: Shutting down and abandoning module TaskGraph (124)
[2016.01.29-10.12.29:083][552]LogModuleManager: Shutting down and abandoning module LeapMotion (123)
[2016.01.29-10.12.29:091][552]LogModuleManager: Shutting down and abandoning module SlateRemote (122)
[2016.01.29-10.12.29:091][552]LogModuleManager: Shutting down and abandoning module SteamVRController (121)
[2016.01.29-10.12.29:091][552]LogModuleManager: Shutting down and abandoning module SteamVR (120)
[2016.01.29-10.12.29:091][552]LogModuleManager: Shutting down and abandoning module ProceduralMeshComponent (119)
[2016.01.29-10.12.29:091][552]LogModuleManager: Shutting down and abandoning module OculusRift (118)
[2016.01.29-10.12.29:091][552]LogModuleManager: Shutting down and abandoning module OculusLibrary (117)
[2016.01.29-10.12.29:091][552]LogModuleManager: Shutting down and abandoning module LeapMotionController (116)
[2016.01.29-10.12.29:100][552]LogModuleManager: Shutting down and abandoning module CustomMeshComponent (115)
[2016.01.29-10.12.29:100][552]LogModuleManager: Shutting down and abandoning module CableComponent (114)
[2016.01.29-10.12.29:100][552]LogModuleManager: Shutting down and abandoning module ArchVisCharacter (113)
[2016.01.29-10.12.29:100][552]LogModuleManager: Shutting down and abandoning module MessagingDebugger (112)
[2016.01.29-10.12.29:100][552]LogModuleManager: Shutting down and abandoning module MediaPlayerEditor (111)
[2016.01.29-10.12.29:100][552]LogModuleManager: Shutting down and abandoning module HTML5Networking (110)
[2016.01.29-10.12.29:100][552]LogModuleManager: Shutting down and abandoning module SpeedTreeImporter (109)
[2016.01.29-10.12.29:100][552]LogModuleManager: Shutting down and abandoning module PluginBrowser (108)
[2016.01.29-10.12.29:100][552]LogModuleManager: Shutting down and abandoning module EpicSurvey (107)
[2016.01.29-10.12.29:100][552]LogModuleManager: Shutting down and abandoning module DesktopPlatform (106)
[2016.01.29-10.12.29:100][552]LogModuleManager: Shutting down and abandoning module VisualStudioSourceCodeAccess (105)
[2016.01.29-10.12.29:100][552]LogModuleManager: Shutting down and abandoning module UObjectPlugin (104)
[2016.01.29-10.12.29:100][552]LogModuleManager: Shutting down and abandoning module SubversionSourceControl (103)
[2016.01.29-10.12.29:100][552]LogModuleManager: Shutting down and abandoning module PerforceSourceControl (102)
[2016.01.29-10.12.29:100][552]LogModuleManager: Shutting down and abandoning module SourceControl (101)
[2016.01.29-10.12.29:100][552]LogModuleManager: Shutting down and abandoning module GitSourceControl (100)
[2016.01.29-10.12.29:100][552]LogModuleManager: Shutting down and abandoning module LightPropagationVolumeEditor (99)
[2016.01.29-10.12.29:100][552]LogModuleManager: Shutting down and abandoning module PaperTiledImporter (98)
[2016.01.29-10.12.29:100][552]LogModuleManager: Shutting down and abandoning module PaperSpriteSheetImporter (97)
[2016.01.29-10.12.29:100][552]LogModuleManager: Shutting down and abandoning module MeshPaint (96)
[2016.01.29-10.12.29:100][552]LogModuleManager: Shutting down and abandoning module SlateReflector (95)
[2016.01.29-10.12.29:100][552]LogModuleManager: Shutting down and abandoning module HotReload (94)
[2016.01.29-10.12.29:100][552]LogModuleManager: Shutting down and abandoning module MainFrame (93)
[2016.01.29-10.12.29:100][552]LogModuleManager: Shutting down and abandoning module LevelEditor (92)
[2016.01.29-10.12.29:101][552]LogModuleManager: Shutting down and abandoning module DirectoryWatcher (91)
[2016.01.29-10.12.29:102][552]LogModuleManager: Shutting down and abandoning module AssetRegistry (90)
[2016.01.29-10.12.29:175][552]LogModuleManager: Shutting down and abandoning module ContentBrowser (89)
[2016.01.29-10.12.29:176][552]LogModuleManager: Shutting down and abandoning module Paper2DEditor (88)
[2016.01.29-10.12.29:176][552]LogModuleManager: Shutting down and abandoning module TheBeginning (87)
[2016.01.29-10.12.29:176][552]LogModuleManager: Shutting down and abandoning module Kinect4Unreal (86)
[2016.01.29-10.12.29:176][552]LogModuleManager: Shutting down and abandoning module UdpMessaging (85)
[2016.01.29-10.12.29:277][552]LogModuleManager: Shutting down and abandoning module LightPropagationVolumeRuntime (84)
[2016.01.29-10.12.29:277][552]LogModuleManager: Shutting down and abandoning module Paper2D (83)
[2016.01.29-10.12.29:277][552]LogModuleManager: Shutting down and abandoning module WindowsMoviePlayer (82)
[2016.01.29-10.12.29:280][552]LogModuleManager: Shutting down and abandoning module Media (81)
[2016.01.29-10.12.29:280][552]LogModuleManager: Shutting down and abandoning module WmfMedia (80)
[2016.01.29-10.12.29:280][552]LogModuleManager: Shutting down and abandoning module OnlineBlueprintSupport (79)
[2016.01.29-10.12.29:280][552]LogModuleManager: Shutting down and abandoning module GameplayTasksEditor (78)
[2016.01.29-10.12.29:280][552]LogModuleManager: Shutting down and abandoning module PropertyEditor (77)
[2016.01.29-10.12.29:280][552]LogModuleManager: Shutting down and abandoning module BehaviorTreeEditor (76)
[2016.01.29-10.12.29:280][552]LogModuleManager: Shutting down and abandoning module FunctionalTesting (75)
[2016.01.29-10.12.29:280][552]LogModuleManager: Shutting down and abandoning module CollisionAnalyzer (74)
[2016.01.29-10.12.29:280][552]LogModuleManager: Shutting down and abandoning module WorkspaceMenuStructure (73)
[2016.01.29-10.12.29:280][552]LogModuleManager: Shutting down and abandoning module MessageLog (72)
[2016.01.29-10.12.29:280][552]LogModuleManager: Shutting down and abandoning module Sequencer (71)
[2016.01.29-10.12.29:280][552]LogModuleManager: Shutting down and abandoning module AssetTools (70)
[2016.01.29-10.12.29:280][552]LogModuleManager: Shutting down and abandoning module UMGEditor (69)
[2016.01.29-10.12.29:280][552]LogModuleManager: Shutting down and abandoning module UMG (68)
[2016.01.29-10.12.29:280][552]LogModuleManager: Shutting down and abandoning module Slate (67)
[2016.01.29-10.12.29:280][552]LogModuleManager: Shutting down and abandoning module EditorStyle (66)
[2016.01.29-10.12.29:281][552]LogModuleManager: Shutting down and abandoning module SessionServices (65)
[2016.01.29-10.12.29:281][552]LogModuleManager: Shutting down and abandoning module SourceCodeAccess (64)
[2016.01.29-10.12.29:281][552]LogModuleManager: Shutting down and abandoning module HeadMountedDisplay (63)
[2016.01.29-10.12.29:282][552]LogModuleManager: Shutting down and abandoning module XAudio2 (62)
[2016.01.29-10.12.29:282][552]LogModuleManager: Shutting down and abandoning module Networking (60)
[2016.01.29-10.12.29:282][552]LogModuleManager: Shutting down and abandoning module Core (59)
[2016.01.29-10.12.29:282][552]LogModuleManager: Shutting down and abandoning module KismetCompiler (58)
[2016.01.29-10.12.29:282][552]LogModuleManager: Shutting down and abandoning module PhysXFormats (57)
[2016.01.29-10.12.29:282][552]LogModuleManager: Shutting down and abandoning module MeshUtilities (56)
[2016.01.29-10.12.29:282][552]LogModuleManager: Shutting down and abandoning module CookingStats (55)
[2016.01.29-10.12.29:282][552]LogModuleManager: Shutting down and abandoning module DerivedDataCache (54)
[2016.01.29-10.12.29:289][552]LogDerivedDataCache: Shutdown
[2016.01.29-10.12.29:289][552]LogModuleManager: Shutting down and abandoning module ShaderFormatOpenGL (53)
[2016.01.29-10.12.29:289][552]LogModuleManager: Shutting down and abandoning module ShaderFormatD3D (52)
[2016.01.29-10.12.29:289][552]LogModuleManager: Shutting down and abandoning module MetalShaderFormat (51)
[2016.01.29-10.12.29:289][552]LogModuleManager: Shutting down and abandoning module TextureFormatUncompressed (50)
[2016.01.29-10.12.29:289][552]LogModuleManager: Shutting down and abandoning module TextureFormatPVR (49)
[2016.01.29-10.12.29:289][552]LogModuleManager: Shutting down and abandoning module TextureFormatIntelISPCTexComp (48)
[2016.01.29-10.12.29:289][552]LogModuleManager: Shutting down and abandoning module TextureFormatDXT (47)
[2016.01.29-10.12.29:289][552]LogModuleManager: Shutting down and abandoning module ImageWrapper (46)
[2016.01.29-10.12.29:289][552]LogModuleManager: Shutting down and abandoning module TextureFormatASTC (45)
[2016.01.29-10.12.29:289][552]LogModuleManager: Shutting down and abandoning module TextureFormatAndroid (44)
[2016.01.29-10.12.29:289][552]LogModuleManager: Shutting down and abandoning module AudioFormatOpus (43)
[2016.01.29-10.12.29:289][552]LogModuleManager: Shutting down and abandoning module AudioFormatOgg (42)
[2016.01.29-10.12.29:289][552]LogModuleManager: Shutting down and abandoning module AudioFormatADPCM (41)
[2016.01.29-10.12.29:289][552]LogModuleManager: Shutting down and abandoning module LinuxTargetPlatform (40)
[2016.01.29-10.12.29:289][552]LogModuleManager: Shutting down and abandoning module LinuxServerTargetPlatform (39)
[2016.01.29-10.12.29:289][552]LogModuleManager: Shutting down and abandoning module LinuxNoEditorTargetPlatform (38)
[2016.01.29-10.12.29:289][552]LogModuleManager: Shutting down and abandoning module Messaging (37)
[2016.01.29-10.12.29:289][552]LogModuleManager: Shutting down and abandoning module IOSTargetPlatform (36)
[2016.01.29-10.12.29:289][552]LogModuleManager: Shutting down and abandoning module HTML5TargetPlatform (35)
[2016.01.29-10.12.29:289][552]LogModuleManager: Shutting down and abandoning module Android_PVRTCTargetPlatform (34)
[2016.01.29-10.12.29:289][552]LogModuleManager: Shutting down and abandoning module Android_ETC2TargetPlatform (33)
[2016.01.29-10.12.29:289][552]LogModuleManager: Shutting down and abandoning module Android_ETC1TargetPlatform (32)
[2016.01.29-10.12.29:289][552]LogModuleManager: Shutting down and abandoning module Android_DXTTargetPlatform (31)
[2016.01.29-10.12.29:289][552]LogModuleManager: Shutting down and abandoning module Android_ATCTargetPlatform (30)
[2016.01.29-10.12.29:289][552]LogModuleManager: Shutting down and abandoning module Android_ASTCTargetPlatform (29)
[2016.01.29-10.12.29:289][552]LogModuleManager: Shutting down and abandoning module AndroidTargetPlatform (28)
[2016.01.29-10.12.29:289][552]LogModuleManager: Shutting down and abandoning module WindowsTargetPlatform (27)
[2016.01.29-10.12.29:289][552]LogModuleManager: Shutting down and abandoning module WindowsServerTargetPlatform (26)
[2016.01.29-10.12.29:289][552]LogModuleManager: Shutting down and abandoning module WindowsNoEditorTargetPlatform (25)
[2016.01.29-10.12.29:289][552]LogModuleManager: Shutting down and abandoning module WindowsClientTargetPlatform (24)
[2016.01.29-10.12.29:289][552]LogModuleManager: Shutting down and abandoning module AllDesktopTargetPlatform (23)
[2016.01.29-10.12.29:289][552]LogModuleManager: Shutting down and abandoning module TargetPlatform (22)
[2016.01.29-10.12.29:289][552]LogModuleManager: Shutting down and abandoning module InputCore (21)
[2016.01.29-10.12.29:289][552]LogModuleManager: Shutting down and abandoning module Settings (20)
[2016.01.29-10.12.29:289][552]LogModuleManager: Shutting down and abandoning module OnlineSubsystem (18)
[2016.01.29-10.12.29:289][552]LogModuleManager: Shutting down and abandoning module HTTP (17)
[2016.01.29-10.12.31:292][552]LogModuleManager: Shutting down and abandoning module XMPP (16)
[2016.01.29-10.12.31:292][552]LogModuleManager: Shutting down and abandoning module ExampleDeviceProfileSelector (15)
[2016.01.29-10.12.31:292][552]LogModuleManager: Shutting down and abandoning module TextureCompressor (14)
[2016.01.29-10.12.31:292][552]LogModuleManager: Shutting down and abandoning module ShaderCore (13)
[2016.01.29-10.12.31:292][552]LogModuleManager: Shutting down and abandoning module Landscape (12)
[2016.01.29-10.12.31:292][552]LogModuleManager: Shutting down and abandoning module SlateRHIRenderer (11)
[2016.01.29-10.12.31:292][552]LogModuleManager: Shutting down and abandoning module OpenGLDrv (10)
[2016.01.29-10.12.31:292][552]LogModuleManager: Shutting down and abandoning module D3D11RHI (9)
[2016.01.29-10.12.31:292][552]LogModuleManager: Shutting down and abandoning module AnimGraphRuntime (8)
[2016.01.29-10.12.31:292][552]LogModuleManager: Shutting down and abandoning module Renderer (7)
[2016.01.29-10.12.31:292][552]LogModuleManager: Shutting down and abandoning module Engine (6)
[2016.01.29-10.12.31:292][552]LogModuleManager: Shutting down and abandoning module CoreUObject (5)
[2016.01.29-10.12.31:292][552]LogModuleManager: Shutting down and abandoning module NetworkFile (4)
[2016.01.29-10.12.31:292][552]LogModuleManager: Shutting down and abandoning module StreamingFile (3)
[2016.01.29-10.12.31:292][552]LogModuleManager: Shutting down and abandoning module SandboxFile (2)
[2016.01.29-10.12.31:292][552]LogModuleManager: Shutting down and abandoning module PakFile (1)
[2016.01.29-10.12.31:293][552]LogExit: Exiting.
[2016.01.29-10.12.31:311][552]Log file closed, 01/29/16 11:12:31
