[2016.03.24-10.08.57:815][  0]Log file open, 03/24/16 11:08:57
[2016.03.24-10.08.57:815][  0]LogInit:Display: Running engine for game: TheBeginning
[2016.03.24-10.08.57:815][  0]LogInit:Display: RandInit(-1881656431) SRandInit(-1881656431).
[2016.03.24-10.08.57:815][  0]LogTaskGraph: Started task graph with 4 named threads and 7 total threads.
[2016.03.24-10.08.57:815][  0]LogStats: Stats thread started at 0.065687
[2016.03.24-10.08.57:815][  0]LogInit: Version: 4.9.2-2707645+++depot+UE4-Releases+4.9
[2016.03.24-10.08.57:815][  0]LogInit: API Version: 2672455
[2016.03.24-10.08.57:815][  0]LogInit: Compiled (64-bit): Sep 28 2015 10:25:44
[2016.03.24-10.08.57:815][  0]LogInit: Compiled with Visual C++: 18.00.21005.01
[2016.03.24-10.08.57:815][  0]LogInit: Build Configuration: Development
[2016.03.24-10.08.57:815][  0]LogInit: Branch Name: ++depot+UE4-Releases+4.9
[2016.03.24-10.08.57:815][  0]LogInit: Command line:  
[2016.03.24-10.08.57:815][  0]LogInit: Base directory: D:/Programme/Epic Games/4.9/Engine/Binaries/Win64/
[2016.03.24-10.08.57:815][  0]LogInit: Rocket: 1
[2016.03.24-10.08.57:825][  0]LogInit: Using libcurl 7.41.0
[2016.03.24-10.08.57:825][  0]LogInit:  - built for x86_64-pc-win32
[2016.03.24-10.08.57:825][  0]LogInit:  - supports SSL with WinSSL
[2016.03.24-10.08.57:825][  0]LogInit:  - other features:
[2016.03.24-10.08.57:825][  0]LogInit:      CURL_VERSION_SSL
[2016.03.24-10.08.57:825][  0]LogInit:      CURL_VERSION_IPV6
[2016.03.24-10.08.57:825][  0]LogInit:      CURL_VERSION_ASYNCHDNS
[2016.03.24-10.08.57:825][  0]LogInit:      CURL_VERSION_LARGEFILE
[2016.03.24-10.08.57:825][  0]LogInit:      CURL_VERSION_IDN
[2016.03.24-10.08.57:825][  0]LogInit:  CurlRequestOptions (configurable via config and command line):
[2016.03.24-10.08.57:825][  0]LogInit:  - bVerifyPeer = true  - Libcurl will verify peer certificate
[2016.03.24-10.08.57:825][  0]LogInit:  - bUseHttpProxy = false  - Libcurl will NOT use HTTP proxy
[2016.03.24-10.08.57:825][  0]LogInit:  - bDontReuseConnections = false  - Libcurl will reuse connections
[2016.03.24-10.08.57:825][  0]LogInit:  - CertBundlePath = nullptr  - Libcurl will use whatever was configured at build time.
[2016.03.24-10.08.57:831][  0]LogInit: Presizing for 0 objects not considered by GC, pre-allocating 0 bytes.
[2016.03.24-10.08.57:839][  0]LogInit: Object subsystem initialized
[2016.03.24-10.08.57:840][  0]LogInit: Selected Device Profile: [Windows]
[2016.03.24-10.08.57:840][  0]LogInit: Applying CVar settings loaded from the selected device profile: [Windows]
[2016.03.24-10.08.57:847][  0]LogInit: Computer: PC1021500895
[2016.03.24-10.08.57:847][  0]LogInit: User: VR
[2016.03.24-10.08.57:847][  0]LogInit: CPU Page size=4096, Cores=4
[2016.03.24-10.08.57:847][  0]LogInit: High frequency timer resolution =3.507506 MHz
[2016.03.24-10.08.57:847][  0]LogMemory: Memory total: Physical=15.9GB (16GB approx)
[2016.03.24-10.08.57:847][  0]LogMemory: Platform Memory Stats for Windows
[2016.03.24-10.08.57:847][  0]LogMemory: Process Physical Memory: 53.21 MB used, 53.21 MB peak
[2016.03.24-10.08.57:847][  0]LogMemory: Process Virtual Memory: 55.17 MB used, 55.17 MB peak
[2016.03.24-10.08.57:847][  0]LogMemory: Physical Memory: 3930.92 MB used, 16261.17 MB total
[2016.03.24-10.08.57:847][  0]LogMemory: Virtual Memory: 346.75 MB used, 134217728.00 MB total
[2016.03.24-10.08.57:875][  0]LogTextLocalizationManager: No translations for ('de-DE') exist, falling back to 'en' for localization and internationalization data.
[2016.03.24-10.08.58:456][  0]LogD3D11RHI: Found D3D11 adapter 0: NVIDIA GeForce GTX 970 (Feature Level 11_0)
[2016.03.24-10.08.58:456][  0]LogD3D11RHI: Adapter has 3976MB of dedicated video memory, 0MB of dedicated system memory, and 8130MB of shared system memory, 1 output[s]
[2016.03.24-10.08.58:457][  0]LogD3D11RHI: Found D3D11 adapter 1: Microsoft Basic Render Driver (Feature Level 11_0)
[2016.03.24-10.08.58:457][  0]LogD3D11RHI: Adapter has 0MB of dedicated video memory, 0MB of dedicated system memory, and 256MB of shared system memory, 0 output[s]
[2016.03.24-10.08.58:457][  0]LogD3D11RHI: Chosen D3D11 Adapter Id = 0
[2016.03.24-10.08.58:460][  0]LogD3D11RHI: !Direct3DDevice
[2016.03.24-10.08.58:460][  0]LogRHI: Texture pool is 1361 MB (70% of 1945 MB)
[2016.03.24-10.08.58:469][  0]LogD3D11RHI: Async texture creation enabled
[2016.03.24-10.08.58:485][  0]LogShaderCompilers: Guid format shader working directory is 15 characters bigger than the processId version (../../../../../../UnrealProjects/GE_Project/Intermediate/Shaders/WorkingDirectory/1044/).
[2016.03.24-10.08.58:485][  0]LogShaderCompilers: Cleaned the shader compiler working directory '../../../../../../UnrealProjects/GE_Project/Intermediate/Shaders/tmp/C7D47BD74E16219F1D0929B33FFFDBF2/'.
[2016.03.24-10.08.58:485][  0]LogShaderCompilers:Display: Using Local Shader Compiler.
[2016.03.24-10.08.59:333][  0]LogTemp:Display: Loaded TP AllDesktopTargetPlatform
[2016.03.24-10.08.59:337][  0]LogTemp:Display: Loaded TP WindowsClientTargetPlatform
[2016.03.24-10.08.59:340][  0]LogTemp:Display: Loaded TP WindowsNoEditorTargetPlatform
[2016.03.24-10.08.59:344][  0]LogTemp:Display: Loaded TP WindowsServerTargetPlatform
[2016.03.24-10.08.59:347][  0]LogTemp:Display: Loaded TP WindowsTargetPlatform
[2016.03.24-10.08.59:350][  0]LogTemp:Display: Loaded TP AndroidTargetPlatform
[2016.03.24-10.08.59:353][  0]LogTemp:Display: Loaded TP Android_ASTCTargetPlatform
[2016.03.24-10.08.59:355][  0]LogTemp:Display: Loaded TP Android_ATCTargetPlatform
[2016.03.24-10.08.59:358][  0]LogTemp:Display: Loaded TP Android_DXTTargetPlatform
[2016.03.24-10.08.59:360][  0]LogTemp:Display: Loaded TP Android_ETC1TargetPlatform
[2016.03.24-10.08.59:363][  0]LogTemp:Display: Loaded TP Android_ETC2TargetPlatform
[2016.03.24-10.08.59:365][  0]LogTemp:Display: Loaded TP Android_PVRTCTargetPlatform
[2016.03.24-10.08.59:365][  0]LogTemp:Display: Loaded TP HTML5TargetPlatform
[2016.03.24-10.08.59:381][  0]LogTemp:Display: Loaded TP IOSTargetPlatform
[2016.03.24-10.08.59:383][  0]LogTemp:Display: Loaded TP LinuxNoEditorTargetPlatform
[2016.03.24-10.08.59:386][  0]LogTemp:Display: Loaded TP LinuxServerTargetPlatform
[2016.03.24-10.08.59:389][  0]LogTemp:Display: Loaded TP LinuxTargetPlatform
[2016.03.24-10.08.59:389][  0]LogTargetPlatformManager:Display: Building Assets For Windows
[2016.03.24-10.08.59:440][  0]LogDerivedDataCache:Display: Max Cache Size: 512 MB
[2016.03.24-10.08.59:478][  0]LogDerivedDataCache: Loaded boot cache 0.04s 41MB C:/Users/VR/AppData/Local/UnrealEngine/4.9/DerivedDataCache/Boot.ddc.
[2016.03.24-10.08.59:478][  0]LogDerivedDataCache:Display: Loaded Boot cache: C:/Users/VR/AppData/Local/UnrealEngine/4.9/DerivedDataCache/Boot.ddc
[2016.03.24-10.08.59:478][  0]LogDerivedDataCache: FDerivedDataBackendGraph:  Pak pak cache file ../../../../../../UnrealProjects/GE_Project/DerivedDataCache/DDC.ddp not found, will not use a pak cache.
[2016.03.24-10.08.59:478][  0]LogDerivedDataCache: Unable to find inner node Pak for hierarchical cache Hierarchy.
[2016.03.24-10.08.59:478][  0]LogDerivedDataCache: FDerivedDataBackendGraph:  CompressedPak pak cache file ../../../../../../UnrealProjects/GE_Project/DerivedDataCache/Compressed.ddp not found, will not use a pak cache.
[2016.03.24-10.08.59:478][  0]LogDerivedDataCache: Unable to find inner node CompressedPak for hierarchical cache Hierarchy.
[2016.03.24-10.08.59:600][  0]LogDerivedDataCache:Display: Pak cache opened for reading ../../../Engine/DerivedDataCache/Compressed.ddp.
[2016.03.24-10.08.59:612][  0]LogDerivedDataCache: Using Local data cache path C:/Users/VR/AppData/Local/UnrealEngine/Common/DerivedDataCache: Writable
[2016.03.24-10.08.59:754][  0]LogInit: Selected Device Profile: [Windows]
[2016.03.24-10.08.59:757][  0]LogContentStreaming: Texture pool size is 0.000000MB
[2016.03.24-10.08.59:861][  0]LogMeshUtilities: No automatic mesh reduction module available
[2016.03.24-10.08.59:861][  0]LogMeshUtilities: No automatic mesh merging module available
[2016.03.24-10.09.00:048][  0]LogInit: WinSock: version 1.1 (2.2), MaxSocks=32767, MaxUdp=65467
[2016.03.24-10.09.00:601][  0]UdpMessaging: Initializing bridge on interface 0.0.0.0:0 to multicast group 230.0.0.1:6666.
[2016.03.24-10.09.00:720][  0]LogAssetRegistry: FAssetRegistry took 0.0105 seconds to start up
[2016.03.24-10.09.00:854][  0]SourceControl: Info Source control is disabled
[2016.03.24-10.09.00:860][  0]SourceControl: Info Source control is disabled
[2016.03.24-10.09.00:866][  0]SourceControl: Info Source control is disabled
[2016.03.24-10.09.00:872][  0]SourceControl: Info Source control is disabled
[2016.03.24-10.09.00:963][  0]LogLinker:Warning: Asset '../../../Engine/Plugins/Runtime/LeapMotionController/Content/LM_PassthroughMaterial.uasset' has been saved with empty engine version. The asset will be loaded but may be incompatible.
[2016.03.24-10.09.01:018][  0]LeapPluginLog: Using LeapPlugin version 0.9.6
[2016.03.24-10.09.01:023][  0]LogObj: 29251 objects as part of root set at end of initial load.
[2016.03.24-10.09.01:023][  0]LogUObjectAllocator: 6234648 out of 0 bytes used by permanent object pool.
[2016.03.24-10.09.01:073][  0]LogEngine: Initializing Engine...
[2016.03.24-10.09.01:075][  0]LogHMD: Can't find Oculus library dev build: is proper Runtime installed? Version: 0.7.0.0
[2016.03.24-10.09.01:102][  0]LogHMD: SteamVR initialized.  Driver: oculus  Display: 207KGV03FJGR
[2016.03.24-10.09.01:201][  0]LogAIModule: Creating AISystem for world NewWorld
[2016.03.24-10.09.01:212][  0]LogInit: XAudio2 using 'HP E221c-8 (NVIDIA High Definition Audio)' : 2 channels at 48 kHz using 16 bits per sample (channel mask 0x3)
[2016.03.24-10.09.01:224][  0]LogInit: FAudioDevice initialized.
[2016.03.24-10.09.01:243][  0]LogDerivedDataCache: Saved boot cache 0.02s 41MB C:/Users/VR/AppData/Local/UnrealEngine/4.9/DerivedDataCache/Boot.ddc.
[2016.03.24-10.09.01:247][  0]LogInit: Texture streaming: Enabled
[2016.03.24-10.09.01:250][  0]LogAnalytics: Creating configured Analytics provider AnalyticsET
[2016.03.24-10.09.01:250][  0]LogAnalytics: [UEEditor.Rocket.Release] APIServer = http://et2.epicgames.com/ET2/. AppVersion = 4.9.2-2707645+++depot+UE4-Releases+4.9
[2016.03.24-10.09.01:250][  0]LogAnalytics: [UEEditor.Rocket.Release] SetUserId 8c1436b7469470d4e6ebefb46ce7086e|0318ce7eb266467aa7a1e63543527494|c39e7128-8a93-45bc-b94e-b28d0faf1958
[2016.03.24-10.09.01:250][  0]LogAnalytics: [UEEditor.Rocket.Release] AnalyticsET::StartSession
[2016.03.24-10.09.01:258][  0]LogWindowsTextInputMethodSystem:Display: IME system now deactivated.
[2016.03.24-10.09.01:270][  0]LogInit: Transaction tracking system initialized
[2016.03.24-10.09.01:291][  0]BlueprintLog: New page: Editor Load
[2016.03.24-10.09.01:334][  0]LocalizationService: Info Localization service is disabled
[2016.03.24-10.09.01:374][  0]LogLinker:Warning: Can't find file '/Game/FirstPersonBP/FirstPersonOverview'
[2016.03.24-10.09.01:374][  0]LogLinker:Warning: Can't find file '/Game/FirstPersonBP/FirstPersonOverview'
[2016.03.24-10.09.01:374][  0]LogUObjectGlobals:Warning: Failed to find object 'Class /Game/FirstPersonBP/FirstPersonOverview.FirstPersonOverview_C'
[2016.03.24-10.09.01:381][  0]LogConsoleResponse:Display: 
[2016.03.24-10.09.01:474][  0]LogCook:Display: Done creating registry. It took  0.00s.
[2016.03.24-10.09.01:506][  0]LogFileCache: Scanning file cache for directory 'D:/UnrealProjects/GE_Project/Content/' took 0.01s
[2016.03.24-10.09.01:506][  0]SourceControl: Info Source control is disabled
[2016.03.24-10.09.01:506][  0]Cmd: MAP LOAD FILE="../../../../../../UnrealProjects/GE_Project/Content/StarterContent/Maps/Minimal_Default.umap" TEMPLATE=0 SHOWPROGRESS=1 FEATURELEVEL=3
[2016.03.24-10.09.01:507][  0]LightingResults: New page: Lighting Build
[2016.03.24-10.09.01:509][  0]MapCheck: New page: Map Check
[2016.03.24-10.09.01:509][  0]LightingResults: New page: Lighting Build
[2016.03.24-10.09.01:521][  0]LogParticles: Destroying 0 GPU particle simulations for FXSystem 0x00000056A6F5BCE0
[2016.03.24-10.09.01:859][  0]LogAIModule: Creating AISystem for world Minimal_Default
[2016.03.24-10.09.01:864][  0]LogEditorServer: Finished looking for orphan Actors (0.000 secs)
[2016.03.24-10.09.01:864][  0]Cmd: MAP CHECKDEP NOCLEARLOG
[2016.03.24-10.09.01:900][  0]MapCheck: Info Map check complete: 0 Error(s), 0 Warning(s), took 36.311ms to complete.
[2016.03.24-10.09.01:900][  0]LogFileHelpers: Loading map 'Minimal_Default' took 0.394
[2016.03.24-10.09.01:999][  0]LogCollectionManager: Loaded 0 collections in 0.001072 seconds
[2016.03.24-10.09.02:040][  0]LogFileCache: Scanning file cache for directory 'D:/UnrealProjects/GE_Project/Saved/Collections/' took 0.01s
[2016.03.24-10.09.02:040][  0]LogFileCache: Scanning file cache for directory 'D:/UnrealProjects/GE_Project/Content/Developers/VR/Collections/' took 0.01s
[2016.03.24-10.09.02:040][  0]LogFileCache: Scanning file cache for directory 'D:/UnrealProjects/GE_Project/Content/Collections/' took 0.01s
[2016.03.24-10.09.02:040][  0]LogContentBrowser: Native class hierarchy populated in 0.0079 seconds. Added 1918 classes and 347 folders.
[2016.03.24-10.09.02:044][  0]LogCollectionManager: Rebuilt the GUID cache for 0 collections in 0.000002 seconds
[2016.03.24-10.09.02:055][  0]LogContentBrowser: Native class hierarchy updated for 'WidgetCarousel' in 0.0009 seconds. Added 0 classes and 0 folders.
[2016.03.24-10.09.02:086][  0]LogContentBrowser: Native class hierarchy updated for 'AddContentDialog' in 0.0014 seconds. Added 0 classes and 0 folders.
[2016.03.24-10.09.02:089][  0]LogContentBrowser: Native class hierarchy updated for 'SceneOutliner' in 0.0009 seconds. Added 1 classes and 2 folders.
[2016.03.24-10.09.02:137][  0]LogCrashTracker: Crashtracker disabled due to settings.
[2016.03.24-10.09.02:141][  0]LogUObjectGlobals:Warning: Failed to find object 'Class None.'
[2016.03.24-10.09.02:163][  0]LogLoad: Full Startup: 5.01 seconds (BP compile: 0.04 seconds)
[2016.03.24-10.09.02:236][  0]LogContentStreaming: Texture pool size now 1000 MB
[2016.03.24-10.09.02:371][  0]LogRenderer: Reallocating scene render targets to support 1216x576 (Frame:2).
[2016.03.24-10.09.02:510][  1]LogFileCache: Retrieving MD5 hashes for directory 'D:/UnrealProjects/GE_Project/Content/' took 0.33s
[2016.03.24-10.09.03:186][  3]LogAssetRegistry: Asset discovery search completed in 2.4763 seconds
[2016.03.24-10.09.03:186][  3]LogCollectionManager: Rebuilt the object cache for 0 collections in 0.000001 seconds (found 0 objects)
[2016.03.24-10.09.03:186][  3]LogCollectionManager: Fixed up redirectors for 0 collections in 0.000019 seconds (updated 0 objects)
[2016.03.24-10.09.15:732][640]LogBlueprintUserMessages: Early PlayInEditor Detection: Level '/Game/StarterContent/Maps/Minimal_Default.Minimal_Default:PersistentLevel' has LevelScriptBlueprint '/Game/StarterContent/Maps/Minimal_Default.Minimal_Default:PersistentLevel.Minimal_Default' with GeneratedClass '/Game/StarterContent/Maps/Minimal_Default.Minimal_Default_C' with ClassGeneratedBy '/Game/StarterContent/Maps/Minimal_Default.Minimal_Default:PersistentLevel.Minimal_Default'
[2016.03.24-10.09.15:732][640]LogPlayLevel: PlayLevel: No blueprints needed recompiling
[2016.03.24-10.09.15:732][640]PIE: New page: PIE session: Minimal_Default (Mar 24, 2016, 12:09:15 PM)
[2016.03.24-10.09.15:732][640]LogPlayLevel: Creating play world package: /Game/StarterContent/Maps/UEDPIE_0_Minimal_Default
[2016.03.24-10.09.15:747][640]LogPlayLevel: PIE: StaticDuplicateObject took: (0.014748s)
[2016.03.24-10.09.15:748][640]LogAIModule: Creating AISystem for world Minimal_Default
[2016.03.24-10.09.15:748][640]LogPlayLevel: PIE: World Init took: (0.000752s)
[2016.03.24-10.09.15:748][640]LogPlayLevel: PIE: Created PIE world by copying editor world from /Game/StarterContent/Maps/Minimal_Default.Minimal_Default to /Game/StarterContent/Maps/UEDPIE_0_Minimal_Default.Minimal_Default (0.015772s)
[2016.03.24-10.09.15:776][640]LogInit: XAudio2 using 'HP E221c-8 (NVIDIA High Definition Audio)' : 2 channels at 48 kHz using 16 bits per sample (channel mask 0x3)
[2016.03.24-10.09.15:788][640]LogInit: FAudioDevice initialized.
[2016.03.24-10.09.15:904][640]LogBlueprint:Warning: [compiler Ue4ASP_Character] Warning Input Axis Event references unknown Axis 'LookUp' for  InputAxis LookUp 
[2016.03.24-10.09.15:904][640]LogBlueprint:Warning: [compiler Ue4ASP_Character] Warning Input Axis Event references unknown Axis 'Turn' for  InputAxis Turn 
[2016.03.24-10.09.15:904][640]LogBlueprint:Warning: [compiler Ue4ASP_Character] Warning Input Axis Event references unknown Axis 'MoveRight' for  InputAxis MoveRight 
[2016.03.24-10.09.15:905][640]LogBlueprint:Warning: [compiler Ue4ASP_Character] Warning Input Axis Event references unknown Axis 'MoveForward' for  InputAxis MoveForward 
[2016.03.24-10.09.15:907][640]LogBlueprint:Warning: [compiler Ue4ASP_Character] Warning [0018.75] Compile of Ue4ASP_Character successful, but with 4 Warning(s) [in 6 ms]
[2016.03.24-10.09.15:907][640]LogBlueprint:Warning: [compiler Ue4ASP_Character] Warning [0018.75] Compile of Ue4ASP_Character successful, but with 5 Warning(s) [in 0 ms]
[2016.03.24-10.09.15:907][640]LogBlueprint:Warning: [compiler Ue4ASP_Character] Warning [0018.75] Compile of Ue4ASP_Character successful, but with 6 Warning(s) [in 0 ms]
[2016.03.24-10.09.15:966][640]LogBlueprint:Warning: [compiler Ue4ASP_Character] Warning Input Axis Event references unknown Axis 'LookUp' for  InputAxis LookUp 
[2016.03.24-10.09.15:966][640]LogBlueprint:Warning: [compiler Ue4ASP_Character] Warning Input Axis Event references unknown Axis 'Turn' for  InputAxis Turn 
[2016.03.24-10.09.15:966][640]LogBlueprint:Warning: [compiler Ue4ASP_Character] Warning Input Axis Event references unknown Axis 'MoveRight' for  InputAxis MoveRight 
[2016.03.24-10.09.15:966][640]LogBlueprint:Warning: [compiler Ue4ASP_Character] Warning Input Axis Event references unknown Axis 'MoveForward' for  InputAxis MoveForward 
[2016.03.24-10.09.15:968][640]LogBlueprint:Warning: [compiler Ue4ASP_Character] Warning [0018.81] Compile of Ue4ASP_Character successful, but with 4 Warning(s) [in 6 ms]
[2016.03.24-10.09.15:968][640]LogBlueprint:Warning: [compiler Ue4ASP_Character] Warning [0018.81] Compile of Ue4ASP_Character successful, but with 5 Warning(s) [in 0 ms]
[2016.03.24-10.09.15:969][640]LogBlueprint:Warning: [compiler Ue4ASP_Character] Warning [0018.81] Compile of Ue4ASP_Character successful, but with 6 Warning(s) [in 0 ms]
[2016.03.24-10.09.16:126][640]LogWorld: Game class is 'BP_TheBeginningGameMode_C'
[2016.03.24-10.09.16:129][640]LogWorld: Bringing World /Game/StarterContent/Maps/UEDPIE_0_Minimal_Default.Minimal_Default up for play (max tick rate 0) at 2016.03.24-11.09.16
[2016.03.24-10.09.16:129][640]LogActor:Warning: GameSession /Game/StarterContent/Maps/UEDPIE_0_Minimal_Default.Minimal_Default:PersistentLevel.GameSession_0 has natively added scene component(s), but none of them were set as the actor's RootComponent - picking one arbitrarily
[2016.03.24-10.09.16:130][640]LogActor:Warning: GameNetworkManager /Game/StarterContent/Maps/UEDPIE_0_Minimal_Default.Minimal_Default:PersistentLevel.GameNetworkManager_0 has natively added scene component(s), but none of them were set as the actor's RootComponent - picking one arbitrarily
[2016.03.24-10.09.16:130][640]LogWorld: Bringing up level for play took: 0.002557
[2016.03.24-10.09.16:212][640]PIE: Info Play in editor start time for /Game/StarterContent/Maps/UEDPIE_0_Minimal_Default 1.077
[2016.03.24-10.09.16:212][640]LogBlueprintUserMessages: Late PlayInEditor Detection: Level '/Game/StarterContent/Maps/Minimal_Default.Minimal_Default:PersistentLevel' has LevelScriptBlueprint '/Game/StarterContent/Maps/Minimal_Default.Minimal_Default:PersistentLevel.Minimal_Default' with GeneratedClass '/Game/StarterContent/Maps/Minimal_Default.Minimal_Default_C' with ClassGeneratedBy '/Game/StarterContent/Maps/Minimal_Default.Minimal_Default:PersistentLevel.Minimal_Default'
[2016.03.24-10.09.16:241][641]LogRenderer: Reallocating scene render targets to support 1648x780 (Frame:496).
[2016.03.24-10.09.17:347][766]LogBlueprintUserMessages: Early EndPlayMap Detection: Level '/Game/StarterContent/Maps/Minimal_Default.Minimal_Default:PersistentLevel' has LevelScriptBlueprint '/Game/StarterContent/Maps/Minimal_Default.Minimal_Default:PersistentLevel.Minimal_Default' with GeneratedClass '/Game/StarterContent/Maps/Minimal_Default.Minimal_Default_C' with ClassGeneratedBy '/Game/StarterContent/Maps/Minimal_Default.Minimal_Default:PersistentLevel.Minimal_Default'
[2016.03.24-10.09.17:382][766]LogBlueprintUserMessages: Late EndPlayMap Detection: Level '/Game/StarterContent/Maps/Minimal_Default.Minimal_Default:PersistentLevel' has LevelScriptBlueprint '/Game/StarterContent/Maps/Minimal_Default.Minimal_Default:PersistentLevel.Minimal_Default' with GeneratedClass '/Game/StarterContent/Maps/Minimal_Default.Minimal_Default_C' with ClassGeneratedBy '/Game/StarterContent/Maps/Minimal_Default.Minimal_Default:PersistentLevel.Minimal_Default'
[2016.03.24-10.09.17:382][766]LogActorComponent: UnregisterComponent: (/Engine/Transient.CharMoveComp) Not registered. Aborting.
[2016.03.24-10.09.17:382][766]LogActorComponent: UnregisterComponent: (/Engine/Transient.KinectInterface_GEN_VARIABLE) Not registered. Aborting.
[2016.03.24-10.09.17:382][766]LogActorComponent: UnregisterComponent: (/Engine/Transient.ProjectileComp) Not registered. Aborting.
[2016.03.24-10.09.17:404][766]LogParticles: Destroying 0 GPU particle simulations for FXSystem 0x00000056B8A9CB80
[2016.03.24-10.09.19:160][929]LogAIModule: Creating AISystem for world MyFirstLevel
[2016.03.24-10.09.19:169][929]LogParticles:Warning: InitializeSystem called on an unregistered component. Template=/Game/Snow.Snow Component=/Game/MyFirstLevel.MyFirstLevel:PersistentLevel.Snow_2.ParticleSystemComponent0
[2016.03.24-10.09.19:169][929]LogParticles:Warning: InitializeSystem called on an unregistered component. Template=/Game/StarterContent/Particles/P_Fire.P_Fire Component=/Game/MyFirstLevel.MyFirstLevel:PersistentLevel.P_Fire_2.ParticleSystemComponent0
[2016.03.24-10.09.19:185][929]LogActorComponent: UnregisterComponent: (/Engine/Transient.CharMoveComp) Not registered. Aborting.
[2016.03.24-10.09.19:185][929]LogActorComponent: UnregisterComponent: (/Engine/Transient.KinectInterface_GEN_VARIABLE) Not registered. Aborting.
[2016.03.24-10.09.19:185][929]LogActorComponent: UnregisterComponent: (/Engine/Transient.ProjectileComp) Not registered. Aborting.
[2016.03.24-10.09.19:200][929]Cmd: MAP LOAD FILE="../../../../../../UnrealProjects/GE_Project/Content/MyFirstLevel.umap" TEMPLATE=0 SHOWPROGRESS=1 FEATURELEVEL=3
[2016.03.24-10.09.19:200][929]LightingResults: New page: Lighting Build
[2016.03.24-10.09.19:215][929]LoadErrors: New page: Loading map: MyFirstLevel.umap
[2016.03.24-10.09.19:216][929]MapCheck: New page: Map Check
[2016.03.24-10.09.19:216][929]LightingResults: New page: Lighting Build
[2016.03.24-10.09.19:227][929]LogParticles: Destroying 0 GPU particle simulations for FXSystem 0x0000005694A1B1A0
[2016.03.24-10.09.19:394][929]LogEditorServer: Finished looking for orphan Actors (0.000 secs)
[2016.03.24-10.09.19:442][929]Cmd: MAP CHECKDEP NOCLEARLOG
[2016.03.24-10.09.19:493][929]MapCheck: Info Map check complete: 0 Error(s), 0 Warning(s), took 50.434ms to complete.
[2016.03.24-10.09.19:493][929]LogFileHelpers: Loading map 'MyFirstLevel' took 0.295
[2016.03.24-10.09.19:520][930]Cmd: UpdateLandscapeEditorData -warnings
[2016.03.24-10.09.19:525][930]Cmd: UpdateLandscapeEditorData
[2016.03.24-10.09.20:231][  0]LogPlayLevel: PlayLevel: No blueprints needed recompiling
[2016.03.24-10.09.20:231][  0]PIE: New page: PIE session: MyFirstLevel (Mar 24, 2016, 12:09:20 PM)
[2016.03.24-10.09.20:231][  0]LogPlayLevel: Creating play world package: /Game/UEDPIE_0_MyFirstLevel
[2016.03.24-10.09.20:269][  0]LogPlayLevel: PIE: StaticDuplicateObject took: (0.037925s)
[2016.03.24-10.09.20:270][  0]LogAIModule: Creating AISystem for world MyFirstLevel
[2016.03.24-10.09.20:270][  0]LogPlayLevel: PIE: World Init took: (0.000531s)
[2016.03.24-10.09.20:270][  0]LogPlayLevel: PIE: Created PIE world by copying editor world from /Game/MyFirstLevel.MyFirstLevel to /Game/UEDPIE_0_MyFirstLevel.MyFirstLevel (0.038680s)
[2016.03.24-10.09.20:270][  0]LogActorComponent: UnregisterComponent: (/Engine/Transient.CharMoveComp) Not registered. Aborting.
[2016.03.24-10.09.20:270][  0]LogActorComponent: UnregisterComponent: (/Engine/Transient.ProjectileComp) Not registered. Aborting.
[2016.03.24-10.09.20:270][  0]LogActorComponent: UnregisterComponent: (/Engine/Transient.CharacterMovementComponent_0) Not registered. Aborting.
[2016.03.24-10.09.20:270][  0]LogActorComponent: UnregisterComponent: (/Engine/Transient.KinectInterface_GEN_VARIABLE) Not registered. Aborting.
[2016.03.24-10.09.20:291][  0]LogInit: XAudio2 using 'HP E221c-8 (NVIDIA High Definition Audio)' : 2 channels at 48 kHz using 16 bits per sample (channel mask 0x3)
[2016.03.24-10.09.20:301][  0]LogInit: FAudioDevice initialized.
[2016.03.24-10.09.20:332][  0]LogWorld: Game class is 'BP_TheBeginningGameMode_C'
[2016.03.24-10.09.20:394][  0]LogWorld: Bringing World /Game/UEDPIE_0_MyFirstLevel.MyFirstLevel up for play (max tick rate 0) at 2016.03.24-11.09.20
[2016.03.24-10.09.20:394][  0]LogActor:Warning: GameSession /Game/UEDPIE_0_MyFirstLevel.MyFirstLevel:PersistentLevel.GameSession_1 has natively added scene component(s), but none of them were set as the actor's RootComponent - picking one arbitrarily
[2016.03.24-10.09.20:395][  0]LogActor:Warning: GameNetworkManager /Game/UEDPIE_0_MyFirstLevel.MyFirstLevel:PersistentLevel.GameNetworkManager_1 has natively added scene component(s), but none of them were set as the actor's RootComponent - picking one arbitrarily
[2016.03.24-10.09.20:397][  0]LogWorld: Bringing up level for play took: 0.063421
[2016.03.24-10.09.20:432][  0]PIE: Info Play in editor start time for /Game/UEDPIE_0_MyFirstLevel -0.703
[2016.03.24-10.09.31:078][269]LogParticles: Destroying 0 GPU particle simulations for FXSystem 0x000000569E4B5BC0
[2016.03.24-10.09.34:641][691]LogPlayLevel: PlayLevel: No blueprints needed recompiling
[2016.03.24-10.09.34:641][691]PIE: New page: PIE session: MyFirstLevel (Mar 24, 2016, 12:09:34 PM)
[2016.03.24-10.09.34:641][691]LogPlayLevel: Creating play world package: /Game/UEDPIE_0_MyFirstLevel
[2016.03.24-10.09.34:668][691]LogPlayLevel: PIE: StaticDuplicateObject took: (0.027264s)
[2016.03.24-10.09.34:669][691]LogAIModule: Creating AISystem for world MyFirstLevel
[2016.03.24-10.09.34:669][691]LogPlayLevel: PIE: World Init took: (0.000528s)
[2016.03.24-10.09.34:669][691]LogPlayLevel: PIE: Created PIE world by copying editor world from /Game/MyFirstLevel.MyFirstLevel to /Game/UEDPIE_0_MyFirstLevel.MyFirstLevel (0.028006s)
[2016.03.24-10.09.34:689][691]LogInit: XAudio2 using 'HP E221c-8 (NVIDIA High Definition Audio)' : 2 channels at 48 kHz using 16 bits per sample (channel mask 0x3)
[2016.03.24-10.09.34:699][691]LogInit: FAudioDevice initialized.
[2016.03.24-10.09.34:795][691]LogWorld: Game class is 'BP_TheBeginningGameMode_C'
[2016.03.24-10.09.34:856][691]LogWorld: Bringing World /Game/UEDPIE_0_MyFirstLevel.MyFirstLevel up for play (max tick rate 0) at 2016.03.24-11.09.34
[2016.03.24-10.09.34:856][691]LogActor:Warning: GameSession /Game/UEDPIE_0_MyFirstLevel.MyFirstLevel:PersistentLevel.GameSession_2 has natively added scene component(s), but none of them were set as the actor's RootComponent - picking one arbitrarily
[2016.03.24-10.09.34:856][691]LogActor:Warning: GameNetworkManager /Game/UEDPIE_0_MyFirstLevel.MyFirstLevel:PersistentLevel.GameNetworkManager_2 has natively added scene component(s), but none of them were set as the actor's RootComponent - picking one arbitrarily
[2016.03.24-10.09.34:858][691]LogWorld: Bringing up level for play took: 0.061886
[2016.03.24-10.09.34:888][691]PIE: Info Play in editor start time for /Game/UEDPIE_0_MyFirstLevel -0.248
[2016.03.24-10.09.34:893][693]LogRenderer: Reallocating scene render targets to support 2600x1464 (Frame:2780).
[2016.03.24-10.09.34:912][693]LogRenderTargetPool:Warning: r.RenderTargetPoolMin exceeded 469/400 MB (ok in editor, bad on fixed memory platform)
[2016.03.24-10.10.03:203][794]LogParticles: Destroying 0 GPU particle simulations for FXSystem 0x00000056B8A85300
[2016.03.24-10.10.04:690][965]LogPlayLevel: PlayLevel: No blueprints needed recompiling
[2016.03.24-10.10.04:690][965]PIE: New page: PIE session: MyFirstLevel (Mar 24, 2016, 12:10:04 PM)
[2016.03.24-10.10.04:690][965]LogPlayLevel: Creating play world package: /Game/UEDPIE_0_MyFirstLevel
[2016.03.24-10.10.04:717][965]LogPlayLevel: PIE: StaticDuplicateObject took: (0.026856s)
[2016.03.24-10.10.04:717][965]LogAIModule: Creating AISystem for world MyFirstLevel
[2016.03.24-10.10.04:717][965]LogPlayLevel: PIE: World Init took: (0.000507s)
[2016.03.24-10.10.04:717][965]LogPlayLevel: PIE: Created PIE world by copying editor world from /Game/MyFirstLevel.MyFirstLevel to /Game/UEDPIE_0_MyFirstLevel.MyFirstLevel (0.027527s)
[2016.03.24-10.10.04:737][965]LogInit: XAudio2 using 'HP E221c-8 (NVIDIA High Definition Audio)' : 2 channels at 48 kHz using 16 bits per sample (channel mask 0x3)
[2016.03.24-10.10.04:747][965]LogInit: FAudioDevice initialized.
[2016.03.24-10.10.04:833][965]LogWorld: Game class is 'BP_TheBeginningGameMode_C'
[2016.03.24-10.10.04:900][965]LogWorld: Bringing World /Game/UEDPIE_0_MyFirstLevel.MyFirstLevel up for play (max tick rate 0) at 2016.03.24-11.10.04
[2016.03.24-10.10.04:900][965]LogActor:Warning: GameSession /Game/UEDPIE_0_MyFirstLevel.MyFirstLevel:PersistentLevel.GameSession_3 has natively added scene component(s), but none of them were set as the actor's RootComponent - picking one arbitrarily
[2016.03.24-10.10.04:900][965]LogActor:Warning: GameNetworkManager /Game/UEDPIE_0_MyFirstLevel.MyFirstLevel:PersistentLevel.GameNetworkManager_3 has natively added scene component(s), but none of them were set as the actor's RootComponent - picking one arbitrarily
[2016.03.24-10.10.04:901][965]LogWorld: Bringing up level for play took: 0.066219
[2016.03.24-10.10.04:931][965]PIE: Info Play in editor start time for /Game/UEDPIE_0_MyFirstLevel -0.204
[2016.03.24-10.10.23:153][651]LogParticles: Destroying 0 GPU particle simulations for FXSystem 0x00000056DF49D620
[2016.03.24-10.10.32:365][750]LogPlayLevel: PlayLevel: No blueprints needed recompiling
[2016.03.24-10.10.32:365][750]PIE: New page: PIE session: MyFirstLevel (Mar 24, 2016, 12:10:32 PM)
[2016.03.24-10.10.32:365][750]LogPlayLevel: Creating play world package: /Game/UEDPIE_0_MyFirstLevel
[2016.03.24-10.10.32:392][750]LogPlayLevel: PIE: StaticDuplicateObject took: (0.027062s)
[2016.03.24-10.10.32:392][750]LogAIModule: Creating AISystem for world MyFirstLevel
[2016.03.24-10.10.32:392][750]LogPlayLevel: PIE: World Init took: (0.000476s)
[2016.03.24-10.10.32:393][750]LogPlayLevel: PIE: Created PIE world by copying editor world from /Game/MyFirstLevel.MyFirstLevel to /Game/UEDPIE_0_MyFirstLevel.MyFirstLevel (0.027770s)
[2016.03.24-10.10.32:420][750]LogInit: XAudio2 using 'HP E221c-8 (NVIDIA High Definition Audio)' : 2 channels at 48 kHz using 16 bits per sample (channel mask 0x3)
[2016.03.24-10.10.32:432][750]LogInit: FAudioDevice initialized.
[2016.03.24-10.10.32:518][750]LogWorld: Game class is 'BP_TheBeginningGameMode_C'
[2016.03.24-10.10.32:575][750]LogWorld: Bringing World /Game/UEDPIE_0_MyFirstLevel.MyFirstLevel up for play (max tick rate 0) at 2016.03.24-11.10.32
[2016.03.24-10.10.32:575][750]LogActor:Warning: GameSession /Game/UEDPIE_0_MyFirstLevel.MyFirstLevel:PersistentLevel.GameSession_4 has natively added scene component(s), but none of them were set as the actor's RootComponent - picking one arbitrarily
[2016.03.24-10.10.32:576][750]LogActor:Warning: GameNetworkManager /Game/UEDPIE_0_MyFirstLevel.MyFirstLevel:PersistentLevel.GameNetworkManager_4 has natively added scene component(s), but none of them were set as the actor's RootComponent - picking one arbitrarily
[2016.03.24-10.10.32:577][750]LogWorld: Bringing up level for play took: 0.058088
[2016.03.24-10.10.32:606][750]PIE: Info Play in editor start time for /Game/UEDPIE_0_MyFirstLevel -0.529
[2016.03.24-10.10.32:624][752]LogRenderTargetPool:Warning: r.RenderTargetPoolMin exceeded 507/400 MB (ok in editor, bad on fixed memory platform)
[2016.03.24-10.10.56:910][662]LogParticles: Destroying 0 GPU particle simulations for FXSystem 0x00000056DF355080
[2016.03.24-10.10.58:166][806]LogPlayLevel: PlayLevel: No blueprints needed recompiling
[2016.03.24-10.10.58:166][806]PIE: New page: PIE session: MyFirstLevel (Mar 24, 2016, 12:10:58 PM)
[2016.03.24-10.10.58:166][806]LogPlayLevel: Creating play world package: /Game/UEDPIE_0_MyFirstLevel
[2016.03.24-10.10.58:193][806]LogPlayLevel: PIE: StaticDuplicateObject took: (0.026634s)
[2016.03.24-10.10.58:193][806]LogAIModule: Creating AISystem for world MyFirstLevel
[2016.03.24-10.10.58:193][806]LogPlayLevel: PIE: World Init took: (0.000514s)
[2016.03.24-10.10.58:193][806]LogPlayLevel: PIE: Created PIE world by copying editor world from /Game/MyFirstLevel.MyFirstLevel to /Game/UEDPIE_0_MyFirstLevel.MyFirstLevel (0.027325s)
[2016.03.24-10.10.58:214][806]LogInit: XAudio2 using 'HP E221c-8 (NVIDIA High Definition Audio)' : 2 channels at 48 kHz using 16 bits per sample (channel mask 0x3)
[2016.03.24-10.10.58:229][806]LogInit: FAudioDevice initialized.
[2016.03.24-10.10.58:327][806]LogWorld: Game class is 'BP_TheBeginningGameMode_C'
[2016.03.24-10.10.58:383][806]LogWorld: Bringing World /Game/UEDPIE_0_MyFirstLevel.MyFirstLevel up for play (max tick rate 0) at 2016.03.24-11.10.58
[2016.03.24-10.10.58:383][806]LogActor:Warning: GameSession /Game/UEDPIE_0_MyFirstLevel.MyFirstLevel:PersistentLevel.GameSession_5 has natively added scene component(s), but none of them were set as the actor's RootComponent - picking one arbitrarily
[2016.03.24-10.10.58:383][806]LogActor:Warning: GameNetworkManager /Game/UEDPIE_0_MyFirstLevel.MyFirstLevel:PersistentLevel.GameNetworkManager_5 has natively added scene component(s), but none of them were set as the actor's RootComponent - picking one arbitrarily
[2016.03.24-10.10.58:385][806]LogWorld: Bringing up level for play took: 0.057807
[2016.03.24-10.10.58:420][806]PIE: Info Play in editor start time for /Game/UEDPIE_0_MyFirstLevel -0.716
[2016.03.24-10.10.58:438][808]LogRenderTargetPool:Warning: r.RenderTargetPoolMin exceeded 507/400 MB (ok in editor, bad on fixed memory platform)
[2016.03.24-10.11.04:742][ 51]LogParticles: Destroying 0 GPU particle simulations for FXSystem 0x00000056D3F120C0
[2016.03.24-10.11.11:159][814]LogPlayLevel: PlayLevel: No blueprints needed recompiling
[2016.03.24-10.11.11:159][814]PIE: New page: PIE session: MyFirstLevel (Mar 24, 2016, 12:11:11 PM)
[2016.03.24-10.11.11:159][814]LogPlayLevel: Creating play world package: /Game/UEDPIE_0_MyFirstLevel
[2016.03.24-10.11.11:186][814]LogPlayLevel: PIE: StaticDuplicateObject took: (0.026667s)
[2016.03.24-10.11.11:187][814]LogAIModule: Creating AISystem for world MyFirstLevel
[2016.03.24-10.11.11:187][814]LogPlayLevel: PIE: World Init took: (0.000498s)
[2016.03.24-10.11.11:187][814]LogPlayLevel: PIE: Created PIE world by copying editor world from /Game/MyFirstLevel.MyFirstLevel to /Game/UEDPIE_0_MyFirstLevel.MyFirstLevel (0.027336s)
[2016.03.24-10.11.11:207][814]LogInit: XAudio2 using 'HP E221c-8 (NVIDIA High Definition Audio)' : 2 channels at 48 kHz using 16 bits per sample (channel mask 0x3)
[2016.03.24-10.11.11:217][814]LogInit: FAudioDevice initialized.
[2016.03.24-10.11.11:316][814]LogWorld: Game class is 'BP_TheBeginningGameMode_C'
[2016.03.24-10.11.11:377][814]LogWorld: Bringing World /Game/UEDPIE_0_MyFirstLevel.MyFirstLevel up for play (max tick rate 0) at 2016.03.24-11.11.11
[2016.03.24-10.11.11:377][814]LogActor:Warning: GameSession /Game/UEDPIE_0_MyFirstLevel.MyFirstLevel:PersistentLevel.GameSession_6 has natively added scene component(s), but none of them were set as the actor's RootComponent - picking one arbitrarily
[2016.03.24-10.11.11:377][814]LogActor:Warning: GameNetworkManager /Game/UEDPIE_0_MyFirstLevel.MyFirstLevel:PersistentLevel.GameNetworkManager_6 has natively added scene component(s), but none of them were set as the actor's RootComponent - picking one arbitrarily
[2016.03.24-10.11.11:380][814]LogWorld: Bringing up level for play took: 0.063173
[2016.03.24-10.11.11:414][814]PIE: Info Play in editor start time for /Game/UEDPIE_0_MyFirstLevel 0.279
[2016.03.24-10.11.11:449][816]LogRenderTargetPool:Warning: r.RenderTargetPoolMin exceeded 507/400 MB (ok in editor, bad on fixed memory platform)
[2016.03.24-10.11.31:925][580]LogParticles: Destroying 0 GPU particle simulations for FXSystem 0x00000056DF49DDA0
[2016.03.24-10.11.47:815][474]LogRenderTargetPool:Warning: r.RenderTargetPoolMin exceeded 586/400 MB (ok in editor, bad on fixed memory platform)
[2016.03.24-10.11.49:080][624]LogRenderTargetPool:Warning: r.RenderTargetPoolMin exceeded 586/400 MB (ok in editor, bad on fixed memory platform)
[2016.03.24-10.11.49:562][681]LogRenderTargetPool:Warning: r.RenderTargetPoolMin exceeded 586/400 MB (ok in editor, bad on fixed memory platform)
[2016.03.24-10.11.51:115][867]LogRenderTargetPool:Warning: r.RenderTargetPoolMin exceeded 586/400 MB (ok in editor, bad on fixed memory platform)
[2016.03.24-10.12.00:778][  3]LogRenderTargetPool:Warning: r.RenderTargetPoolMin exceeded 586/400 MB (ok in editor, bad on fixed memory platform)
[2016.03.24-10.12.09:255][ 15]LogRenderTargetPool:Warning: r.RenderTargetPoolMin exceeded 586/400 MB (ok in editor, bad on fixed memory platform)
[2016.03.24-10.12.09:386][ 24]LogLinker:Warning: Asset '../../../Engine/Content/ArtTools/RenderToTexture/Macros/RenderToTextureMacros.uasset' has been saved with empty engine version. The asset will be loaded but may be incompatible.
[2016.03.24-10.12.09:837][ 24]LogContentBrowser: Native class hierarchy updated for 'BlueprintGraph' in 0.0013 seconds. Added 107 classes and 0 folders.
[2016.03.24-10.12.15:666][407]LogRenderTargetPool:Warning: r.RenderTargetPoolMin exceeded 586/400 MB (ok in editor, bad on fixed memory platform)
[2016.03.24-10.12.18:089][691]LogPlayLevel: PlayLevel: No blueprints needed recompiling
[2016.03.24-10.12.18:089][691]PIE: New page: PIE session: MyFirstLevel (Mar 24, 2016, 12:12:18 PM)
[2016.03.24-10.12.18:089][691]LogPlayLevel: Creating play world package: /Game/UEDPIE_0_MyFirstLevel
[2016.03.24-10.12.18:122][691]LogPlayLevel: PIE: StaticDuplicateObject took: (0.032728s)
[2016.03.24-10.12.18:122][691]LogAIModule: Creating AISystem for world MyFirstLevel
[2016.03.24-10.12.18:122][691]LogPlayLevel: PIE: World Init took: (0.000489s)
[2016.03.24-10.12.18:122][691]LogPlayLevel: PIE: Created PIE world by copying editor world from /Game/MyFirstLevel.MyFirstLevel to /Game/UEDPIE_0_MyFirstLevel.MyFirstLevel (0.033453s)
[2016.03.24-10.12.18:122][691]LogActorComponent: UnregisterComponent: (/Engine/Transient.CharMoveComp) Not registered. Aborting.
[2016.03.24-10.12.18:123][691]LogActorComponent: UnregisterComponent: (/Engine/Transient.KinectInterface_GEN_VARIABLE) Not registered. Aborting.
[2016.03.24-10.12.18:123][691]LogActorComponent: UnregisterComponent: (/Engine/Transient.ProjectileComp) Not registered. Aborting.
[2016.03.24-10.12.18:123][691]LogActorComponent: UnregisterComponent: (/Engine/Transient.CharacterMovementComponent_1) Not registered. Aborting.
[2016.03.24-10.12.18:149][691]LogParticles: Destroying 0 GPU particle simulations for FXSystem 0x00000056B8A85300
[2016.03.24-10.12.18:165][691]LogInit: XAudio2 using 'HP E221c-8 (NVIDIA High Definition Audio)' : 2 channels at 48 kHz using 16 bits per sample (channel mask 0x3)
[2016.03.24-10.12.18:176][691]LogInit: FAudioDevice initialized.
[2016.03.24-10.12.18:266][691]LogWorld: Game class is 'BP_TheBeginningGameMode_C'
[2016.03.24-10.12.18:328][691]LogWorld: Bringing World /Game/UEDPIE_0_MyFirstLevel.MyFirstLevel up for play (max tick rate 0) at 2016.03.24-11.12.18
[2016.03.24-10.12.18:328][691]LogActor:Warning: GameSession /Game/UEDPIE_0_MyFirstLevel.MyFirstLevel:PersistentLevel.GameSession_7 has natively added scene component(s), but none of them were set as the actor's RootComponent - picking one arbitrarily
[2016.03.24-10.12.18:328][691]LogActor:Warning: GameNetworkManager /Game/UEDPIE_0_MyFirstLevel.MyFirstLevel:PersistentLevel.GameNetworkManager_7 has natively added scene component(s), but none of them were set as the actor's RootComponent - picking one arbitrarily
[2016.03.24-10.12.18:330][691]LogWorld: Bringing up level for play took: 0.062906
[2016.03.24-10.12.18:361][691]PIE: Info Play in editor start time for /Game/UEDPIE_0_MyFirstLevel 1.226
[2016.03.24-10.12.18:378][693]LogRenderTargetPool:Warning: r.RenderTargetPoolMin exceeded 507/400 MB (ok in editor, bad on fixed memory platform)
[2016.03.24-10.12.33:521][260]LogParticles: Destroying 0 GPU particle simulations for FXSystem 0x00000056B851ADE0
[2016.03.24-10.12.39:982][ 28]LogPlayLevel: PlayLevel: No blueprints needed recompiling
[2016.03.24-10.12.39:982][ 28]PIE: New page: PIE session: MyFirstLevel (Mar 24, 2016, 12:12:39 PM)
[2016.03.24-10.12.39:982][ 28]LogPlayLevel: Creating play world package: /Game/UEDPIE_0_MyFirstLevel
[2016.03.24-10.12.40:008][ 28]LogPlayLevel: PIE: StaticDuplicateObject took: (0.026453s)
[2016.03.24-10.12.40:008][ 28]LogAIModule: Creating AISystem for world MyFirstLevel
[2016.03.24-10.12.40:009][ 28]LogPlayLevel: PIE: World Init took: (0.000491s)
[2016.03.24-10.12.40:009][ 28]LogPlayLevel: PIE: Created PIE world by copying editor world from /Game/MyFirstLevel.MyFirstLevel to /Game/UEDPIE_0_MyFirstLevel.MyFirstLevel (0.027148s)
[2016.03.24-10.12.40:042][ 28]LogInit: XAudio2 using 'HP E221c-8 (NVIDIA High Definition Audio)' : 2 channels at 48 kHz using 16 bits per sample (channel mask 0x3)
[2016.03.24-10.12.40:053][ 28]LogInit: FAudioDevice initialized.
[2016.03.24-10.12.40:152][ 28]LogWorld: Game class is 'BP_TheBeginningGameMode_C'
[2016.03.24-10.12.40:217][ 28]LogWorld: Bringing World /Game/UEDPIE_0_MyFirstLevel.MyFirstLevel up for play (max tick rate 0) at 2016.03.24-11.12.40
[2016.03.24-10.12.40:217][ 28]LogActor:Warning: GameSession /Game/UEDPIE_0_MyFirstLevel.MyFirstLevel:PersistentLevel.GameSession_8 has natively added scene component(s), but none of them were set as the actor's RootComponent - picking one arbitrarily
[2016.03.24-10.12.40:217][ 28]LogActor:Warning: GameNetworkManager /Game/UEDPIE_0_MyFirstLevel.MyFirstLevel:PersistentLevel.GameNetworkManager_8 has natively added scene component(s), but none of them were set as the actor's RootComponent - picking one arbitrarily
[2016.03.24-10.12.40:219][ 28]LogWorld: Bringing up level for play took: 0.066568
[2016.03.24-10.12.40:252][ 28]PIE: Info Play in editor start time for /Game/UEDPIE_0_MyFirstLevel 1.116
[2016.03.24-10.12.40:280][ 30]LogRenderTargetPool:Warning: r.RenderTargetPoolMin exceeded 507/400 MB (ok in editor, bad on fixed memory platform)
[2016.03.24-10.13.06:407][104]LogParticles: Destroying 0 GPU particle simulations for FXSystem 0x00000057049718A0
[2016.03.24-10.13.12:325][808]LogPlayLevel: PlayLevel: No blueprints needed recompiling
[2016.03.24-10.13.12:326][808]PIE: New page: PIE session: MyFirstLevel (Mar 24, 2016, 12:13:12 PM)
[2016.03.24-10.13.12:326][808]LogPlayLevel: Creating play world package: /Game/UEDPIE_0_MyFirstLevel
[2016.03.24-10.13.12:354][808]LogPlayLevel: PIE: StaticDuplicateObject took: (0.028040s)
[2016.03.24-10.13.12:354][808]LogAIModule: Creating AISystem for world MyFirstLevel
[2016.03.24-10.13.12:354][808]LogPlayLevel: PIE: World Init took: (0.000473s)
[2016.03.24-10.13.12:354][808]LogPlayLevel: PIE: Created PIE world by copying editor world from /Game/MyFirstLevel.MyFirstLevel to /Game/UEDPIE_0_MyFirstLevel.MyFirstLevel (0.028692s)
[2016.03.24-10.13.12:386][808]LogInit: XAudio2 using 'HP E221c-8 (NVIDIA High Definition Audio)' : 2 channels at 48 kHz using 16 bits per sample (channel mask 0x3)
[2016.03.24-10.13.12:396][808]LogInit: FAudioDevice initialized.
[2016.03.24-10.13.12:493][808]LogWorld: Game class is 'BP_TheBeginningGameMode_C'
[2016.03.24-10.13.12:550][808]LogWorld: Bringing World /Game/UEDPIE_0_MyFirstLevel.MyFirstLevel up for play (max tick rate 0) at 2016.03.24-11.13.12
[2016.03.24-10.13.12:550][808]LogActor:Warning: GameSession /Game/UEDPIE_0_MyFirstLevel.MyFirstLevel:PersistentLevel.GameSession_9 has natively added scene component(s), but none of them were set as the actor's RootComponent - picking one arbitrarily
[2016.03.24-10.13.12:550][808]LogActor:Warning: GameNetworkManager /Game/UEDPIE_0_MyFirstLevel.MyFirstLevel:PersistentLevel.GameNetworkManager_9 has natively added scene component(s), but none of them were set as the actor's RootComponent - picking one arbitrarily
[2016.03.24-10.13.12:552][808]LogWorld: Bringing up level for play took: 0.057541
[2016.03.24-10.13.12:578][808]PIE: Info Play in editor start time for /Game/UEDPIE_0_MyFirstLevel -0.557
[2016.03.24-10.13.12:601][810]LogRenderTargetPool:Warning: r.RenderTargetPoolMin exceeded 493/400 MB (ok in editor, bad on fixed memory platform)
[2016.03.24-10.13.14:834][876]LogParticles: Destroying 0 GPU particle simulations for FXSystem 0x0000005703FBB6A0
[2016.03.24-10.13.24:545][ 35]LogPlayLevel: PlayLevel: No blueprints needed recompiling
[2016.03.24-10.13.24:545][ 35]PIE: New page: PIE session: MyFirstLevel (Mar 24, 2016, 12:13:24 PM)
[2016.03.24-10.13.24:545][ 35]LogPlayLevel: Creating play world package: /Game/UEDPIE_0_MyFirstLevel
[2016.03.24-10.13.24:572][ 35]LogPlayLevel: PIE: StaticDuplicateObject took: (0.027386s)
[2016.03.24-10.13.24:572][ 35]LogAIModule: Creating AISystem for world MyFirstLevel
[2016.03.24-10.13.24:573][ 35]LogPlayLevel: PIE: World Init took: (0.000483s)
[2016.03.24-10.13.24:573][ 35]LogPlayLevel: PIE: Created PIE world by copying editor world from /Game/MyFirstLevel.MyFirstLevel to /Game/UEDPIE_0_MyFirstLevel.MyFirstLevel (0.028073s)
[2016.03.24-10.13.24:605][ 35]LogInit: XAudio2 using 'HP E221c-8 (NVIDIA High Definition Audio)' : 2 channels at 48 kHz using 16 bits per sample (channel mask 0x3)
[2016.03.24-10.13.24:615][ 35]LogInit: FAudioDevice initialized.
[2016.03.24-10.13.24:713][ 35]LogWorld: Game class is 'BP_TheBeginningGameMode_C'
[2016.03.24-10.13.24:774][ 35]LogWorld: Bringing World /Game/UEDPIE_0_MyFirstLevel.MyFirstLevel up for play (max tick rate 0) at 2016.03.24-11.13.24
[2016.03.24-10.13.24:774][ 35]LogActor:Warning: GameSession /Game/UEDPIE_0_MyFirstLevel.MyFirstLevel:PersistentLevel.GameSession_10 has natively added scene component(s), but none of them were set as the actor's RootComponent - picking one arbitrarily
[2016.03.24-10.13.24:774][ 35]LogActor:Warning: GameNetworkManager /Game/UEDPIE_0_MyFirstLevel.MyFirstLevel:PersistentLevel.GameNetworkManager_10 has natively added scene component(s), but none of them were set as the actor's RootComponent - picking one arbitrarily
[2016.03.24-10.13.24:776][ 35]LogWorld: Bringing up level for play took: 0.062536
[2016.03.24-10.13.24:810][ 35]PIE: Info Play in editor start time for /Game/UEDPIE_0_MyFirstLevel -0.326
[2016.03.24-10.13.24:839][ 37]LogRenderTargetPool:Warning: r.RenderTargetPoolMin exceeded 493/400 MB (ok in editor, bad on fixed memory platform)
[2016.03.24-10.13.26:194][ 76]LogParticles: Destroying 0 GPU particle simulations for FXSystem 0x0000005683E2E980
[2016.03.24-10.13.28:562][339]LogWindowsTextInputMethodSystem:Display: IME system now deactivated.
[2016.03.24-10.13.28:805][340]Cmd: QUIT_EDITOR
[2016.03.24-10.13.29:430][340]LogExit: Preparing to exit.
[2016.03.24-10.13.29:875][340]LogExit: Editor shut down
[2016.03.24-10.13.29:875][340]LogExit: Transaction tracking system shut down
[2016.03.24-10.13.29:876][340]LogParticles: Destroying 0 GPU particle simulations for FXSystem 0x00000056E649F920
[2016.03.24-10.13.29:876][340]LogParticles: Destroying 0 GPU particle simulations for FXSystem 0x00000056E649FF60
[2016.03.24-10.13.29:876][340]LogParticles: Destroying 0 GPU particle simulations for FXSystem 0x00000056B9FE7880
[2016.03.24-10.13.29:879][340]LogParticles: Destroying 0 GPU particle simulations for FXSystem 0x00000056E62760C0
[2016.03.24-10.13.29:880][340]LogParticles: Destroying 0 GPU particle simulations for FXSystem 0x00000056DD790720
[2016.03.24-10.13.29:895][340]LeapPluginLog: LeapController::CleanupEventData Delete Called
[2016.03.24-10.13.30:051][340]LogExit: Object subsystem successfully closed.
[2016.03.24-10.13.30:066][340]LogD3D11RHI: Shutdown
[2016.03.24-10.13.30:066][340]LogD3D11RHI: CleanupD3DDevice
[2016.03.24-10.13.30:068][340]LogD3D11RHI: ~FD3D11DynamicRHI
[2016.03.24-10.13.30:081][340]LogModuleManager: Shutting down and abandoning module BlueprintGraph (201)
[2016.03.24-10.13.30:081][340]LogModuleManager: Shutting down and abandoning module CrashTracker (200)
[2016.03.24-10.13.30:081][340]LogModuleManager: Shutting down and abandoning module SceneOutliner (199)
[2016.03.24-10.13.30:081][340]LogModuleManager: Shutting down and abandoning module SuperSearch (198)
[2016.03.24-10.13.30:081][340]LogModuleManager: Shutting down and abandoning module WidgetCarousel (197)
[2016.03.24-10.13.30:081][340]LogModuleManager: Shutting down and abandoning module AddContentDialog (196)
[2016.03.24-10.13.30:082][340]LogModuleManager: Shutting down and abandoning module EditorWidgets (195)
[2016.03.24-10.13.30:083][340]LogModuleManager: Shutting down and abandoning module CollectionManager (194)
[2016.03.24-10.13.30:083][340]LogModuleManager: Shutting down and abandoning module StatsViewer (193)
[2016.03.24-10.13.30:083][340]LogModuleManager: Shutting down and abandoning module FoliageEdit (192)
[2016.03.24-10.13.30:083][340]LogModuleManager: Shutting down and abandoning module LandscapeEditor (191)
[2016.03.24-10.13.30:083][340]LogModuleManager: Shutting down and abandoning module ActorPickerMode (190)
[2016.03.24-10.13.30:083][340]LogModuleManager: Shutting down and abandoning module GeometryMode (189)
[2016.03.24-10.13.30:083][340]LogModuleManager: Shutting down and abandoning module TextureAlignMode (188)
[2016.03.24-10.13.30:083][340]LogModuleManager: Shutting down and abandoning module BspMode (187)
[2016.03.24-10.13.30:083][340]LogModuleManager: Shutting down and abandoning module PlacementMode (186)
[2016.03.24-10.13.30:083][340]LogModuleManager: Shutting down and abandoning module AutomationWorker (185)
[2016.03.24-10.13.30:083][340]LogModuleManager: Shutting down and abandoning module CharacterAI (184)
[2016.03.24-10.13.30:083][340]LogModuleManager: Shutting down and abandoning module SmartSnapping (183)
[2016.03.24-10.13.30:083][340]LogModuleManager: Shutting down and abandoning module ViewportSnapping (182)
[2016.03.24-10.13.30:083][340]LogModuleManager: Shutting down and abandoning module LogVisualizer (181)
[2016.03.24-10.13.30:083][340]LogModuleManager: Shutting down and abandoning module GameProjectGeneration (180)
[2016.03.24-10.13.30:083][340]LogModuleManager: Shutting down and abandoning module IntroTutorials (179)
[2016.03.24-10.13.30:083][340]LogModuleManager: Shutting down and abandoning module EditorLiveStreaming (178)
[2016.03.24-10.13.30:083][340]LogModuleManager: Shutting down and abandoning module IOSPlatformEditor (177)
[2016.03.24-10.13.30:083][340]LogModuleManager: Shutting down and abandoning module HTML5PlatformEditor (176)
[2016.03.24-10.13.30:083][340]LogModuleManager: Shutting down and abandoning module AndroidDeviceDetection (175)
[2016.03.24-10.13.30:545][340]LogModuleManager: Shutting down and abandoning module AndroidPlatformEditor (174)
[2016.03.24-10.13.30:545][340]LogModuleManager: Shutting down and abandoning module IOSRuntimeSettings (173)
[2016.03.24-10.13.30:545][340]LogModuleManager: Shutting down and abandoning module AndroidRuntimeSettings (172)
[2016.03.24-10.13.30:545][340]LogModuleManager: Shutting down and abandoning module MergeActors (171)
[2016.03.24-10.13.30:545][340]LogModuleManager: Shutting down and abandoning module SizeMap (170)
[2016.03.24-10.13.30:545][340]LogModuleManager: Shutting down and abandoning module TreeMap (169)
[2016.03.24-10.13.30:545][340]LogModuleManager: Shutting down and abandoning module ReferenceViewer (168)
[2016.03.24-10.13.30:545][340]LogModuleManager: Shutting down and abandoning module LocalizationService (167)
[2016.03.24-10.13.30:545][340]LogModuleManager: Shutting down and abandoning module LocalizationDashboard (166)
[2016.03.24-10.13.30:545][340]LogModuleManager: Shutting down and abandoning module HardwareTargeting (165)
[2016.03.24-10.13.30:545][340]LogModuleManager: Shutting down and abandoning module DeviceProfileEditor (164)
[2016.03.24-10.13.30:545][340]LogModuleManager: Shutting down and abandoning module UndoHistory (163)
[2016.03.24-10.13.30:545][340]LogModuleManager: Shutting down and abandoning module GameplayTagsEditor (162)
[2016.03.24-10.13.30:545][340]LogModuleManager: Shutting down and abandoning module UserFeedback (161)
[2016.03.24-10.13.30:545][340]LogModuleManager: Shutting down and abandoning module XmlParser (160)
[2016.03.24-10.13.30:545][340]LogModuleManager: Shutting down and abandoning module Blutility (159)
[2016.03.24-10.13.30:545][340]LogModuleManager: Shutting down and abandoning module ProjectTargetPlatformEditor (158)
[2016.03.24-10.13.30:545][340]LogModuleManager: Shutting down and abandoning module ProjectSettingsViewer (157)
[2016.03.24-10.13.30:545][340]LogModuleManager: Shutting down and abandoning module InputBindingEditor (156)
[2016.03.24-10.13.30:545][340]LogModuleManager: Shutting down and abandoning module EditorSettingsViewer (155)
[2016.03.24-10.13.30:545][340]LogModuleManager: Shutting down and abandoning module SettingsEditor (154)
[2016.03.24-10.13.30:545][340]LogModuleManager: Shutting down and abandoning module ProjectLauncher (153)
[2016.03.24-10.13.30:545][340]LogModuleManager: Shutting down and abandoning module SessionFrontend (152)
[2016.03.24-10.13.30:545][340]LogModuleManager: Shutting down and abandoning module ProfilerClient (151)
[2016.03.24-10.13.30:545][340]LogModuleManager: Shutting down and abandoning module TargetDeviceServices (150)
[2016.03.24-10.13.30:545][340]LogModuleManager: Shutting down and abandoning module DeviceManager (149)
[2016.03.24-10.13.30:545][340]LogModuleManager: Shutting down and abandoning module AutomationController (148)
[2016.03.24-10.13.30:545][340]LogModuleManager: Shutting down and abandoning module AutomationWindow (147)
[2016.03.24-10.13.30:545][340]LogModuleManager: Shutting down and abandoning module Layers (146)
[2016.03.24-10.13.30:545][340]LogModuleManager: Shutting down and abandoning module ComponentVisualizers (145)
[2016.03.24-10.13.30:545][340]LogModuleManager: Shutting down and abandoning module DetailCustomizations (144)
[2016.03.24-10.13.30:545][340]LogModuleManager: Shutting down and abandoning module PackagesDialog (143)
[2016.03.24-10.13.30:545][340]LogModuleManager: Shutting down and abandoning module Persona (142)
[2016.03.24-10.13.30:545][340]LogModuleManager: Shutting down and abandoning module Kismet (141)
[2016.03.24-10.13.30:545][340]LogModuleManager: Shutting down and abandoning module GraphEditor (140)
[2016.03.24-10.13.30:546][340]LogModuleManager: Shutting down and abandoning module ClassViewer (139)
[2016.03.24-10.13.30:546][340]LogModuleManager: Shutting down and abandoning module Toolbox (138)
[2016.03.24-10.13.30:546][340]LogModuleManager: Shutting down and abandoning module ModuleUI (137)
[2016.03.24-10.13.30:546][340]LogModuleManager: Shutting down and abandoning module MovieSceneTools (136)
[2016.03.24-10.13.30:546][340]LogModuleManager: Shutting down and abandoning module OutputLog (135)
[2016.03.24-10.13.30:546][340]LogModuleManager: Shutting down and abandoning module GammaUI (134)
[2016.03.24-10.13.30:546][340]LogModuleManager: Shutting down and abandoning module Documentation (133)
[2016.03.24-10.13.30:546][340]LogModuleManager: Shutting down and abandoning module GameLiveStreaming (132)
[2016.03.24-10.13.30:546][340]LogModuleManager: Shutting down and abandoning module StreamingPauseRendering (131)
[2016.03.24-10.13.30:546][340]LogModuleManager: Shutting down and abandoning module AnalyticsET (130)
[2016.03.24-10.13.30:546][340]LogModuleManager: Shutting down and abandoning module Analytics (129)
[2016.03.24-10.13.30:546][340]LogModuleManager: Shutting down and abandoning module AITestSuite (128)
[2016.03.24-10.13.30:546][340]LogModuleManager: Shutting down and abandoning module GameplayDebugger (127)
[2016.03.24-10.13.30:546][340]LogModuleManager: Shutting down and abandoning module AIModule (126)
[2016.03.24-10.13.30:546][340]LogModuleManager: Shutting down and abandoning module ProfilerService (125)
[2016.03.24-10.13.30:722][340]LogModuleManager: Shutting down and abandoning module TaskGraph (124)
[2016.03.24-10.13.30:722][340]LogModuleManager: Shutting down and abandoning module LeapMotion (123)
[2016.03.24-10.13.30:730][340]LogModuleManager: Shutting down and abandoning module SlateRemote (122)
[2016.03.24-10.13.30:730][340]LogModuleManager: Shutting down and abandoning module SteamVRController (121)
[2016.03.24-10.13.30:730][340]LogModuleManager: Shutting down and abandoning module SteamVR (120)
[2016.03.24-10.13.30:730][340]LogModuleManager: Shutting down and abandoning module ProceduralMeshComponent (119)
[2016.03.24-10.13.30:730][340]LogModuleManager: Shutting down and abandoning module OculusRift (118)
[2016.03.24-10.13.30:730][340]LogModuleManager: Shutting down and abandoning module OculusLibrary (117)
[2016.03.24-10.13.30:730][340]LogModuleManager: Shutting down and abandoning module LeapMotionController (116)
[2016.03.24-10.13.30:738][340]LogModuleManager: Shutting down and abandoning module CustomMeshComponent (115)
[2016.03.24-10.13.30:738][340]LogModuleManager: Shutting down and abandoning module CableComponent (114)
[2016.03.24-10.13.30:738][340]LogModuleManager: Shutting down and abandoning module ArchVisCharacter (113)
[2016.03.24-10.13.30:738][340]LogModuleManager: Shutting down and abandoning module MessagingDebugger (112)
[2016.03.24-10.13.30:739][340]LogModuleManager: Shutting down and abandoning module MediaPlayerEditor (111)
[2016.03.24-10.13.30:739][340]LogModuleManager: Shutting down and abandoning module HTML5Networking (110)
[2016.03.24-10.13.30:739][340]LogModuleManager: Shutting down and abandoning module SpeedTreeImporter (109)
[2016.03.24-10.13.30:739][340]LogModuleManager: Shutting down and abandoning module PluginBrowser (108)
[2016.03.24-10.13.30:739][340]LogModuleManager: Shutting down and abandoning module EpicSurvey (107)
[2016.03.24-10.13.30:739][340]LogModuleManager: Shutting down and abandoning module DesktopPlatform (106)
[2016.03.24-10.13.30:739][340]LogModuleManager: Shutting down and abandoning module VisualStudioSourceCodeAccess (105)
[2016.03.24-10.13.30:739][340]LogModuleManager: Shutting down and abandoning module UObjectPlugin (104)
[2016.03.24-10.13.30:739][340]LogModuleManager: Shutting down and abandoning module SubversionSourceControl (103)
[2016.03.24-10.13.30:739][340]LogModuleManager: Shutting down and abandoning module PerforceSourceControl (102)
[2016.03.24-10.13.30:739][340]LogModuleManager: Shutting down and abandoning module SourceControl (101)
[2016.03.24-10.13.30:739][340]LogModuleManager: Shutting down and abandoning module GitSourceControl (100)
[2016.03.24-10.13.30:739][340]LogModuleManager: Shutting down and abandoning module LightPropagationVolumeEditor (99)
[2016.03.24-10.13.30:739][340]LogModuleManager: Shutting down and abandoning module PaperTiledImporter (98)
[2016.03.24-10.13.30:739][340]LogModuleManager: Shutting down and abandoning module PaperSpriteSheetImporter (97)
[2016.03.24-10.13.30:739][340]LogModuleManager: Shutting down and abandoning module MeshPaint (96)
[2016.03.24-10.13.30:739][340]LogModuleManager: Shutting down and abandoning module SlateReflector (95)
[2016.03.24-10.13.30:739][340]LogModuleManager: Shutting down and abandoning module HotReload (94)
[2016.03.24-10.13.30:739][340]LogModuleManager: Shutting down and abandoning module MainFrame (93)
[2016.03.24-10.13.30:739][340]LogModuleManager: Shutting down and abandoning module LevelEditor (92)
[2016.03.24-10.13.30:740][340]LogModuleManager: Shutting down and abandoning module DirectoryWatcher (91)
[2016.03.24-10.13.30:740][340]LogModuleManager: Shutting down and abandoning module AssetRegistry (90)
[2016.03.24-10.13.30:845][340]LogModuleManager: Shutting down and abandoning module ContentBrowser (89)
[2016.03.24-10.13.30:846][340]LogModuleManager: Shutting down and abandoning module Paper2DEditor (88)
[2016.03.24-10.13.30:846][340]LogModuleManager: Shutting down and abandoning module TheBeginning (87)
[2016.03.24-10.13.30:846][340]LogModuleManager: Shutting down and abandoning module Kinect4Unreal (86)
[2016.03.24-10.13.30:846][340]LogModuleManager: Shutting down and abandoning module UdpMessaging (85)
[2016.03.24-10.13.30:948][340]LogModuleManager: Shutting down and abandoning module LightPropagationVolumeRuntime (84)
[2016.03.24-10.13.30:948][340]LogModuleManager: Shutting down and abandoning module Paper2D (83)
[2016.03.24-10.13.30:948][340]LogModuleManager: Shutting down and abandoning module WindowsMoviePlayer (82)
[2016.03.24-10.13.30:951][340]LogModuleManager: Shutting down and abandoning module Media (81)
[2016.03.24-10.13.30:951][340]LogModuleManager: Shutting down and abandoning module WmfMedia (80)
[2016.03.24-10.13.30:951][340]LogModuleManager: Shutting down and abandoning module OnlineBlueprintSupport (79)
[2016.03.24-10.13.30:951][340]LogModuleManager: Shutting down and abandoning module GameplayTasksEditor (78)
[2016.03.24-10.13.30:951][340]LogModuleManager: Shutting down and abandoning module PropertyEditor (77)
[2016.03.24-10.13.30:951][340]LogModuleManager: Shutting down and abandoning module BehaviorTreeEditor (76)
[2016.03.24-10.13.30:951][340]LogModuleManager: Shutting down and abandoning module FunctionalTesting (75)
[2016.03.24-10.13.30:951][340]LogModuleManager: Shutting down and abandoning module CollisionAnalyzer (74)
[2016.03.24-10.13.30:951][340]LogModuleManager: Shutting down and abandoning module WorkspaceMenuStructure (73)
[2016.03.24-10.13.30:951][340]LogModuleManager: Shutting down and abandoning module MessageLog (72)
[2016.03.24-10.13.30:951][340]LogModuleManager: Shutting down and abandoning module Sequencer (71)
[2016.03.24-10.13.30:951][340]LogModuleManager: Shutting down and abandoning module AssetTools (70)
[2016.03.24-10.13.30:951][340]LogModuleManager: Shutting down and abandoning module UMGEditor (69)
[2016.03.24-10.13.30:951][340]LogModuleManager: Shutting down and abandoning module UMG (68)
[2016.03.24-10.13.30:951][340]LogModuleManager: Shutting down and abandoning module Slate (67)
[2016.03.24-10.13.30:951][340]LogModuleManager: Shutting down and abandoning module EditorStyle (66)
[2016.03.24-10.13.30:953][340]LogModuleManager: Shutting down and abandoning module SessionServices (65)
[2016.03.24-10.13.30:953][340]LogModuleManager: Shutting down and abandoning module SourceCodeAccess (64)
[2016.03.24-10.13.30:953][340]LogModuleManager: Shutting down and abandoning module HeadMountedDisplay (63)
[2016.03.24-10.13.30:953][340]LogModuleManager: Shutting down and abandoning module XAudio2 (62)
[2016.03.24-10.13.30:953][340]LogModuleManager: Shutting down and abandoning module Networking (60)
[2016.03.24-10.13.30:953][340]LogModuleManager: Shutting down and abandoning module Core (59)
[2016.03.24-10.13.30:953][340]LogModuleManager: Shutting down and abandoning module KismetCompiler (58)
[2016.03.24-10.13.30:953][340]LogModuleManager: Shutting down and abandoning module PhysXFormats (57)
[2016.03.24-10.13.30:953][340]LogModuleManager: Shutting down and abandoning module MeshUtilities (56)
[2016.03.24-10.13.30:953][340]LogModuleManager: Shutting down and abandoning module CookingStats (55)
[2016.03.24-10.13.30:955][340]LogModuleManager: Shutting down and abandoning module DerivedDataCache (54)
[2016.03.24-10.13.31:037][340]LogDerivedDataCache: Shutdown
[2016.03.24-10.13.31:037][340]LogModuleManager: Shutting down and abandoning module ShaderFormatOpenGL (53)
[2016.03.24-10.13.31:037][340]LogModuleManager: Shutting down and abandoning module ShaderFormatD3D (52)
[2016.03.24-10.13.31:037][340]LogModuleManager: Shutting down and abandoning module MetalShaderFormat (51)
[2016.03.24-10.13.31:037][340]LogModuleManager: Shutting down and abandoning module TextureFormatUncompressed (50)
[2016.03.24-10.13.31:037][340]LogModuleManager: Shutting down and abandoning module TextureFormatPVR (49)
[2016.03.24-10.13.31:037][340]LogModuleManager: Shutting down and abandoning module TextureFormatIntelISPCTexComp (48)
[2016.03.24-10.13.31:037][340]LogModuleManager: Shutting down and abandoning module TextureFormatDXT (47)
[2016.03.24-10.13.31:037][340]LogModuleManager: Shutting down and abandoning module ImageWrapper (46)
[2016.03.24-10.13.31:037][340]LogModuleManager: Shutting down and abandoning module TextureFormatASTC (45)
[2016.03.24-10.13.31:037][340]LogModuleManager: Shutting down and abandoning module TextureFormatAndroid (44)
[2016.03.24-10.13.31:037][340]LogModuleManager: Shutting down and abandoning module AudioFormatOpus (43)
[2016.03.24-10.13.31:037][340]LogModuleManager: Shutting down and abandoning module AudioFormatOgg (42)
[2016.03.24-10.13.31:037][340]LogModuleManager: Shutting down and abandoning module AudioFormatADPCM (41)
[2016.03.24-10.13.31:037][340]LogModuleManager: Shutting down and abandoning module LinuxTargetPlatform (40)
[2016.03.24-10.13.31:037][340]LogModuleManager: Shutting down and abandoning module LinuxServerTargetPlatform (39)
[2016.03.24-10.13.31:037][340]LogModuleManager: Shutting down and abandoning module LinuxNoEditorTargetPlatform (38)
[2016.03.24-10.13.31:037][340]LogModuleManager: Shutting down and abandoning module Messaging (37)
[2016.03.24-10.13.31:037][340]LogModuleManager: Shutting down and abandoning module IOSTargetPlatform (36)
[2016.03.24-10.13.31:037][340]LogModuleManager: Shutting down and abandoning module HTML5TargetPlatform (35)
[2016.03.24-10.13.31:037][340]LogModuleManager: Shutting down and abandoning module Android_PVRTCTargetPlatform (34)
[2016.03.24-10.13.31:037][340]LogModuleManager: Shutting down and abandoning module Android_ETC2TargetPlatform (33)
[2016.03.24-10.13.31:037][340]LogModuleManager: Shutting down and abandoning module Android_ETC1TargetPlatform (32)
[2016.03.24-10.13.31:037][340]LogModuleManager: Shutting down and abandoning module Android_DXTTargetPlatform (31)
[2016.03.24-10.13.31:037][340]LogModuleManager: Shutting down and abandoning module Android_ATCTargetPlatform (30)
[2016.03.24-10.13.31:037][340]LogModuleManager: Shutting down and abandoning module Android_ASTCTargetPlatform (29)
[2016.03.24-10.13.31:037][340]LogModuleManager: Shutting down and abandoning module AndroidTargetPlatform (28)
[2016.03.24-10.13.31:037][340]LogModuleManager: Shutting down and abandoning module WindowsTargetPlatform (27)
[2016.03.24-10.13.31:037][340]LogModuleManager: Shutting down and abandoning module WindowsServerTargetPlatform (26)
[2016.03.24-10.13.31:037][340]LogModuleManager: Shutting down and abandoning module WindowsNoEditorTargetPlatform (25)
[2016.03.24-10.13.31:037][340]LogModuleManager: Shutting down and abandoning module WindowsClientTargetPlatform (24)
[2016.03.24-10.13.31:037][340]LogModuleManager: Shutting down and abandoning module AllDesktopTargetPlatform (23)
[2016.03.24-10.13.31:037][340]LogModuleManager: Shutting down and abandoning module TargetPlatform (22)
[2016.03.24-10.13.31:037][340]LogModuleManager: Shutting down and abandoning module InputCore (21)
[2016.03.24-10.13.31:037][340]LogModuleManager: Shutting down and abandoning module Settings (20)
[2016.03.24-10.13.31:037][340]LogModuleManager: Shutting down and abandoning module OnlineSubsystem (18)
[2016.03.24-10.13.31:037][340]LogModuleManager: Shutting down and abandoning module HTTP (17)
[2016.03.24-10.13.32:038][340]LogModuleManager: Shutting down and abandoning module XMPP (16)
[2016.03.24-10.13.32:038][340]LogModuleManager: Shutting down and abandoning module ExampleDeviceProfileSelector (15)
[2016.03.24-10.13.32:038][340]LogModuleManager: Shutting down and abandoning module TextureCompressor (14)
[2016.03.24-10.13.32:038][340]LogModuleManager: Shutting down and abandoning module ShaderCore (13)
[2016.03.24-10.13.32:038][340]LogModuleManager: Shutting down and abandoning module Landscape (12)
[2016.03.24-10.13.32:038][340]LogModuleManager: Shutting down and abandoning module SlateRHIRenderer (11)
[2016.03.24-10.13.32:039][340]LogModuleManager: Shutting down and abandoning module OpenGLDrv (10)
[2016.03.24-10.13.32:039][340]LogModuleManager: Shutting down and abandoning module D3D11RHI (9)
[2016.03.24-10.13.32:039][340]LogModuleManager: Shutting down and abandoning module AnimGraphRuntime (8)
[2016.03.24-10.13.32:039][340]LogModuleManager: Shutting down and abandoning module Renderer (7)
[2016.03.24-10.13.32:039][340]LogModuleManager: Shutting down and abandoning module Engine (6)
[2016.03.24-10.13.32:039][340]LogModuleManager: Shutting down and abandoning module CoreUObject (5)
[2016.03.24-10.13.32:039][340]LogModuleManager: Shutting down and abandoning module NetworkFile (4)
[2016.03.24-10.13.32:039][340]LogModuleManager: Shutting down and abandoning module StreamingFile (3)
[2016.03.24-10.13.32:039][340]LogModuleManager: Shutting down and abandoning module SandboxFile (2)
[2016.03.24-10.13.32:039][340]LogModuleManager: Shutting down and abandoning module PakFile (1)
[2016.03.24-10.13.32:040][340]LogExit: Exiting.
[2016.03.24-10.13.32:041][340]Log file closed, 03/24/16 11:13:32
