[2016.03.21-14.08.26:048][  0]Log file open, 03/21/16 15:08:26
[2016.03.21-14.08.26:048][  0]LogInit:Display: Running engine for game: TheBeginning
[2016.03.21-14.08.26:048][  0]LogInit:Display: RandInit(-1824741095) SRandInit(-1824741094).
[2016.03.21-14.08.26:048][  0]LogTaskGraph: Started task graph with 4 named threads and 7 total threads.
[2016.03.21-14.08.26:048][  0]LogStats: Stats thread started at 0.064676
[2016.03.21-14.08.26:048][  0]LogInit: Version: 4.9.2-2707645+++depot+UE4-Releases+4.9
[2016.03.21-14.08.26:048][  0]LogInit: API Version: 2672455
[2016.03.21-14.08.26:048][  0]LogInit: Compiled (64-bit): Sep 28 2015 10:25:44
[2016.03.21-14.08.26:048][  0]LogInit: Compiled with Visual C++: 18.00.21005.01
[2016.03.21-14.08.26:048][  0]LogInit: Build Configuration: Development
[2016.03.21-14.08.26:048][  0]LogInit: Branch Name: ++depot+UE4-Releases+4.9
[2016.03.21-14.08.26:048][  0]LogInit: Command line:  
[2016.03.21-14.08.26:048][  0]LogInit: Base directory: D:/Programme/Epic Games/4.9/Engine/Binaries/Win64/
[2016.03.21-14.08.26:048][  0]LogInit: Rocket: 1
[2016.03.21-14.08.26:053][  0]LogInit: Using libcurl 7.41.0
[2016.03.21-14.08.26:053][  0]LogInit:  - built for x86_64-pc-win32
[2016.03.21-14.08.26:053][  0]LogInit:  - supports SSL with WinSSL
[2016.03.21-14.08.26:053][  0]LogInit:  - other features:
[2016.03.21-14.08.26:053][  0]LogInit:      CURL_VERSION_SSL
[2016.03.21-14.08.26:053][  0]LogInit:      CURL_VERSION_IPV6
[2016.03.21-14.08.26:053][  0]LogInit:      CURL_VERSION_ASYNCHDNS
[2016.03.21-14.08.26:053][  0]LogInit:      CURL_VERSION_LARGEFILE
[2016.03.21-14.08.26:053][  0]LogInit:      CURL_VERSION_IDN
[2016.03.21-14.08.26:053][  0]LogInit:  CurlRequestOptions (configurable via config and command line):
[2016.03.21-14.08.26:053][  0]LogInit:  - bVerifyPeer = true  - Libcurl will verify peer certificate
[2016.03.21-14.08.26:053][  0]LogInit:  - bUseHttpProxy = false  - Libcurl will NOT use HTTP proxy
[2016.03.21-14.08.26:053][  0]LogInit:  - bDontReuseConnections = false  - Libcurl will reuse connections
[2016.03.21-14.08.26:053][  0]LogInit:  - CertBundlePath = nullptr  - Libcurl will use whatever was configured at build time.
[2016.03.21-14.08.26:057][  0]LogInit: Presizing for 0 objects not considered by GC, pre-allocating 0 bytes.
[2016.03.21-14.08.26:063][  0]LogInit: Object subsystem initialized
[2016.03.21-14.08.26:064][  0]LogInit: Selected Device Profile: [Windows]
[2016.03.21-14.08.26:064][  0]LogInit: Applying CVar settings loaded from the selected device profile: [Windows]
[2016.03.21-14.08.26:071][  0]LogInit: Computer: PC1021500895
[2016.03.21-14.08.26:071][  0]LogInit: User: VR
[2016.03.21-14.08.26:071][  0]LogInit: CPU Page size=4096, Cores=4
[2016.03.21-14.08.26:071][  0]LogInit: High frequency timer resolution =3.507504 MHz
[2016.03.21-14.08.26:071][  0]LogMemory: Memory total: Physical=15.9GB (16GB approx)
[2016.03.21-14.08.26:071][  0]LogMemory: Platform Memory Stats for Windows
[2016.03.21-14.08.26:071][  0]LogMemory: Process Physical Memory: 53.21 MB used, 53.21 MB peak
[2016.03.21-14.08.26:071][  0]LogMemory: Process Virtual Memory: 55.15 MB used, 55.15 MB peak
[2016.03.21-14.08.26:071][  0]LogMemory: Physical Memory: 5039.40 MB used, 16261.17 MB total
[2016.03.21-14.08.26:071][  0]LogMemory: Virtual Memory: 346.75 MB used, 134217728.00 MB total
[2016.03.21-14.08.26:096][  0]LogTextLocalizationManager: No translations for ('de-DE') exist, falling back to 'en' for localization and internationalization data.
[2016.03.21-14.08.26:718][  0]LogD3D11RHI: Found D3D11 adapter 0: NVIDIA GeForce GTX 970 (Feature Level 11_0)
[2016.03.21-14.08.26:718][  0]LogD3D11RHI: Adapter has 3976MB of dedicated video memory, 0MB of dedicated system memory, and 8130MB of shared system memory, 1 output[s]
[2016.03.21-14.08.26:719][  0]LogD3D11RHI: Found D3D11 adapter 1: Microsoft Basic Render Driver (Feature Level 11_0)
[2016.03.21-14.08.26:719][  0]LogD3D11RHI: Adapter has 0MB of dedicated video memory, 0MB of dedicated system memory, and 256MB of shared system memory, 0 output[s]
[2016.03.21-14.08.26:719][  0]LogD3D11RHI: Chosen D3D11 Adapter Id = 0
[2016.03.21-14.08.26:723][  0]LogD3D11RHI: !Direct3DDevice
[2016.03.21-14.08.26:723][  0]LogRHI: Texture pool is 1361 MB (70% of 1945 MB)
[2016.03.21-14.08.26:730][  0]LogD3D11RHI: Async texture creation enabled
[2016.03.21-14.08.26:747][  0]LogShaderCompilers: Guid format shader working directory is 15 characters bigger than the processId version (../../../../../../UnrealProjects/GE_Project/Intermediate/Shaders/WorkingDirectory/9928/).
[2016.03.21-14.08.26:747][  0]LogShaderCompilers: Cleaned the shader compiler working directory '../../../../../../UnrealProjects/GE_Project/Intermediate/Shaders/tmp/EFB4B429410031FCD0D625A196C2D8E3/'.
[2016.03.21-14.08.26:747][  0]LogShaderCompilers:Display: Using Local Shader Compiler.
[2016.03.21-14.08.27:533][  0]LogTemp:Display: Loaded TP AllDesktopTargetPlatform
[2016.03.21-14.08.27:537][  0]LogTemp:Display: Loaded TP WindowsClientTargetPlatform
[2016.03.21-14.08.27:540][  0]LogTemp:Display: Loaded TP WindowsNoEditorTargetPlatform
[2016.03.21-14.08.27:543][  0]LogTemp:Display: Loaded TP WindowsServerTargetPlatform
[2016.03.21-14.08.27:547][  0]LogTemp:Display: Loaded TP WindowsTargetPlatform
[2016.03.21-14.08.27:549][  0]LogTemp:Display: Loaded TP AndroidTargetPlatform
[2016.03.21-14.08.27:552][  0]LogTemp:Display: Loaded TP Android_ASTCTargetPlatform
[2016.03.21-14.08.27:554][  0]LogTemp:Display: Loaded TP Android_ATCTargetPlatform
[2016.03.21-14.08.27:556][  0]LogTemp:Display: Loaded TP Android_DXTTargetPlatform
[2016.03.21-14.08.27:558][  0]LogTemp:Display: Loaded TP Android_ETC1TargetPlatform
[2016.03.21-14.08.27:561][  0]LogTemp:Display: Loaded TP Android_ETC2TargetPlatform
[2016.03.21-14.08.27:563][  0]LogTemp:Display: Loaded TP Android_PVRTCTargetPlatform
[2016.03.21-14.08.27:564][  0]LogTemp:Display: Loaded TP HTML5TargetPlatform
[2016.03.21-14.08.27:579][  0]LogTemp:Display: Loaded TP IOSTargetPlatform
[2016.03.21-14.08.27:581][  0]LogTemp:Display: Loaded TP LinuxNoEditorTargetPlatform
[2016.03.21-14.08.27:583][  0]LogTemp:Display: Loaded TP LinuxServerTargetPlatform
[2016.03.21-14.08.27:586][  0]LogTemp:Display: Loaded TP LinuxTargetPlatform
[2016.03.21-14.08.27:586][  0]LogTargetPlatformManager:Display: Building Assets For Windows
[2016.03.21-14.08.27:634][  0]LogDerivedDataCache:Display: Max Cache Size: 512 MB
[2016.03.21-14.08.27:669][  0]LogDerivedDataCache: Loaded boot cache 0.03s 41MB C:/Users/VR/AppData/Local/UnrealEngine/4.9/DerivedDataCache/Boot.ddc.
[2016.03.21-14.08.27:669][  0]LogDerivedDataCache:Display: Loaded Boot cache: C:/Users/VR/AppData/Local/UnrealEngine/4.9/DerivedDataCache/Boot.ddc
[2016.03.21-14.08.27:669][  0]LogDerivedDataCache: FDerivedDataBackendGraph:  Pak pak cache file ../../../../../../UnrealProjects/GE_Project/DerivedDataCache/DDC.ddp not found, will not use a pak cache.
[2016.03.21-14.08.27:669][  0]LogDerivedDataCache: Unable to find inner node Pak for hierarchical cache Hierarchy.
[2016.03.21-14.08.27:669][  0]LogDerivedDataCache: FDerivedDataBackendGraph:  CompressedPak pak cache file ../../../../../../UnrealProjects/GE_Project/DerivedDataCache/Compressed.ddp not found, will not use a pak cache.
[2016.03.21-14.08.27:669][  0]LogDerivedDataCache: Unable to find inner node CompressedPak for hierarchical cache Hierarchy.
[2016.03.21-14.08.27:781][  0]LogDerivedDataCache:Display: Pak cache opened for reading ../../../Engine/DerivedDataCache/Compressed.ddp.
[2016.03.21-14.08.27:793][  0]LogDerivedDataCache: Using Local data cache path C:/Users/VR/AppData/Local/UnrealEngine/Common/DerivedDataCache: Writable
[2016.03.21-14.08.27:939][  0]LogInit: Selected Device Profile: [Windows]
[2016.03.21-14.08.27:941][  0]LogContentStreaming: Texture pool size is 0.000000MB
[2016.03.21-14.08.28:026][  0]LogMeshUtilities: No automatic mesh reduction module available
[2016.03.21-14.08.28:026][  0]LogMeshUtilities: No automatic mesh merging module available
[2016.03.21-14.08.28:207][  0]LogInit: WinSock: version 1.1 (2.2), MaxSocks=32767, MaxUdp=65467
[2016.03.21-14.08.28:752][  0]UdpMessaging: Initializing bridge on interface 0.0.0.0:0 to multicast group 230.0.0.1:6666.
[2016.03.21-14.08.28:845][  0]LogAssetRegistry: FAssetRegistry took 0.0112 seconds to start up
[2016.03.21-14.08.28:955][  0]SourceControl: Info Source control is disabled
[2016.03.21-14.08.28:962][  0]SourceControl: Info Source control is disabled
[2016.03.21-14.08.28:968][  0]SourceControl: Info Source control is disabled
[2016.03.21-14.08.28:974][  0]SourceControl: Info Source control is disabled
[2016.03.21-14.08.29:053][  0]LogLinker:Warning: Asset '../../../Engine/Plugins/Runtime/LeapMotionController/Content/LM_PassthroughMaterial.uasset' has been saved with empty engine version. The asset will be loaded but may be incompatible.
[2016.03.21-14.08.29:098][  0]LogObj: 28449 objects as part of root set at end of initial load.
[2016.03.21-14.08.29:098][  0]LogUObjectAllocator: 6092384 out of 0 bytes used by permanent object pool.
[2016.03.21-14.08.29:142][  0]LogEngine: Initializing Engine...
[2016.03.21-14.08.29:143][  0]OCULUS: Info: 03/21/16 14:08:29: [CAPI] LibOVR module is located at C:\Windows\SYSTEM32\LibOVRRT64_0_7.dll

[2016.03.21-14.08.29:144][  0]LogHMD: Oculus plugin initialized. Version: 4.9.2-2707645+++depot+UE4-Releases+4.9, LibOVR: 0.7.0.0, built Sep 28 2015, 10:27:52
[2016.03.21-14.08.29:248][  0]LogAIModule: Creating AISystem for world NewWorld
[2016.03.21-14.08.29:258][  0]LogInit: XAudio2 using 'HP E221c-8 (NVIDIA High Definition Audio)' : 2 channels at 48 kHz using 16 bits per sample (channel mask 0x3)
[2016.03.21-14.08.29:275][  0]LogInit: FAudioDevice initialized.
[2016.03.21-14.08.29:293][  0]LogDerivedDataCache: Saved boot cache 0.02s 41MB C:/Users/VR/AppData/Local/UnrealEngine/4.9/DerivedDataCache/Boot.ddc.
[2016.03.21-14.08.29:298][  0]LogInit: Texture streaming: Enabled
[2016.03.21-14.08.29:301][  0]LogAnalytics: Creating configured Analytics provider AnalyticsET
[2016.03.21-14.08.29:301][  0]LogAnalytics: [UEEditor.Rocket.Release] APIServer = http://et2.epicgames.com/ET2/. AppVersion = 4.9.2-2707645+++depot+UE4-Releases+4.9
[2016.03.21-14.08.29:301][  0]LogAnalytics: [UEEditor.Rocket.Release] SetUserId 8c1436b7469470d4e6ebefb46ce7086e|0318ce7eb266467aa7a1e63543527494|c39e7128-8a93-45bc-b94e-b28d0faf1958
[2016.03.21-14.08.29:301][  0]LogAnalytics: [UEEditor.Rocket.Release] AnalyticsET::StartSession
[2016.03.21-14.08.29:312][  0]LogWindowsTextInputMethodSystem:Display: IME system now deactivated.
[2016.03.21-14.08.29:321][  0]LogInit: Transaction tracking system initialized
[2016.03.21-14.08.29:336][  0]BlueprintLog: New page: Editor Load
[2016.03.21-14.08.29:380][  0]LocalizationService: Info Localization service is disabled
[2016.03.21-14.08.29:426][  0]LogLinker:Warning: Can't find file '/Game/FirstPersonBP/FirstPersonOverview'
[2016.03.21-14.08.29:427][  0]LogLinker:Warning: Can't find file '/Game/FirstPersonBP/FirstPersonOverview'
[2016.03.21-14.08.29:427][  0]LogUObjectGlobals:Warning: Failed to find object 'Class /Game/FirstPersonBP/FirstPersonOverview.FirstPersonOverview_C'
[2016.03.21-14.08.29:435][  0]LogConsoleResponse:Display: 
[2016.03.21-14.08.29:521][  0]LogCook:Display: Done creating registry. It took  0.00s.
[2016.03.21-14.08.29:555][  0]LogFileCache: Scanning file cache for directory 'D:/UnrealProjects/GE_Project/Content/' took 0.01s
[2016.03.21-14.08.29:555][  0]SourceControl: Info Source control is disabled
[2016.03.21-14.08.29:555][  0]Cmd: MAP LOAD FILE="../../../../../../UnrealProjects/GE_Project/Content/StarterContent/Maps/Minimal_Default.umap" TEMPLATE=0 SHOWPROGRESS=1 FEATURELEVEL=3
[2016.03.21-14.08.29:555][  0]LightingResults: New page: Lighting Build
[2016.03.21-14.08.29:558][  0]MapCheck: New page: Map Check
[2016.03.21-14.08.29:558][  0]LightingResults: New page: Lighting Build
[2016.03.21-14.08.29:567][  0]LogParticles: Destroying 0 GPU particle simulations for FXSystem 0x0000010506ADC900
[2016.03.21-14.08.29:841][  0]LogAIModule: Creating AISystem for world Minimal_Default
[2016.03.21-14.08.29:847][  0]LogEditorServer: Finished looking for orphan Actors (0.000 secs)
[2016.03.21-14.08.29:847][  0]Cmd: MAP CHECKDEP NOCLEARLOG
[2016.03.21-14.08.29:884][  0]MapCheck: Info Map check complete: 0 Error(s), 0 Warning(s), took 36.636ms to complete.
[2016.03.21-14.08.29:884][  0]LogFileHelpers: Loading map 'Minimal_Default' took 0.329
[2016.03.21-14.08.29:995][  0]LogCollectionManager: Loaded 0 collections in 0.000961 seconds
[2016.03.21-14.08.30:035][  0]LogFileCache: Scanning file cache for directory 'D:/UnrealProjects/GE_Project/Saved/Collections/' took 0.01s
[2016.03.21-14.08.30:035][  0]LogFileCache: Scanning file cache for directory 'D:/UnrealProjects/GE_Project/Content/Developers/VR/Collections/' took 0.01s
[2016.03.21-14.08.30:035][  0]LogFileCache: Scanning file cache for directory 'D:/UnrealProjects/GE_Project/Content/Collections/' took 0.01s
[2016.03.21-14.08.30:035][  0]LogContentBrowser: Native class hierarchy populated in 0.0068 seconds. Added 1875 classes and 335 folders.
[2016.03.21-14.08.30:039][  0]LogCollectionManager: Rebuilt the GUID cache for 0 collections in 0.000003 seconds
[2016.03.21-14.08.30:045][  0]LogContentBrowser: Native class hierarchy updated for 'WidgetCarousel' in 0.0010 seconds. Added 0 classes and 0 folders.
[2016.03.21-14.08.30:077][  0]LogContentBrowser: Native class hierarchy updated for 'AddContentDialog' in 0.0012 seconds. Added 0 classes and 0 folders.
[2016.03.21-14.08.30:080][  0]LogContentBrowser: Native class hierarchy updated for 'SceneOutliner' in 0.0008 seconds. Added 1 classes and 2 folders.
[2016.03.21-14.08.30:128][  0]LogCrashTracker: Crashtracker disabled due to settings.
[2016.03.21-14.08.30:131][  0]LogUObjectGlobals:Warning: Failed to find object 'Class None.'
[2016.03.21-14.08.30:154][  0]LogLoad: Full Startup: 4.69 seconds (BP compile: 0.03 seconds)
[2016.03.21-14.08.30:224][  0]LogContentStreaming: Texture pool size now 1000 MB
[2016.03.21-14.08.30:346][  0]LogRenderer: Reallocating scene render targets to support 1216x576 (Frame:2).
[2016.03.21-14.08.30:501][  1]LogFileCache: Retrieving MD5 hashes for directory 'D:/UnrealProjects/GE_Project/Content/' took 0.33s
[2016.03.21-14.08.31:170][  3]LogAssetRegistry: Asset discovery search completed in 2.3375 seconds
[2016.03.21-14.08.31:170][  3]LogCollectionManager: Rebuilt the object cache for 0 collections in 0.000001 seconds (found 0 objects)
[2016.03.21-14.08.31:170][  3]LogCollectionManager: Fixed up redirectors for 0 collections in 0.000017 seconds (updated 0 objects)
[2016.03.21-14.08.36:202][509]LogBlueprint:Warning: [compiler Ue4ASP_Character] Warning Input Axis Event references unknown Axis 'LookUp' for  InputAxis LookUp 
[2016.03.21-14.08.36:202][509]LogBlueprint:Warning: [compiler Ue4ASP_Character] Warning Input Axis Event references unknown Axis 'Turn' for  InputAxis Turn 
[2016.03.21-14.08.36:202][509]LogBlueprint:Warning: [compiler Ue4ASP_Character] Warning Input Axis Event references unknown Axis 'MoveRight' for  InputAxis MoveRight 
[2016.03.21-14.08.36:202][509]LogBlueprint:Warning: [compiler Ue4ASP_Character] Warning Input Axis Event references unknown Axis 'MoveForward' for  InputAxis MoveForward 
[2016.03.21-14.08.36:204][509]LogBlueprint:Warning: [compiler Ue4ASP_Character] Warning [0010.74] Compile of Ue4ASP_Character successful, but with 4 Warning(s) [in 6 ms]
[2016.03.21-14.08.36:205][509]LogBlueprint:Warning: [compiler Ue4ASP_Character] Warning [0010.74] Compile of Ue4ASP_Character successful, but with 5 Warning(s) [in 0 ms]
[2016.03.21-14.08.36:205][509]LogBlueprint:Warning: [compiler Ue4ASP_Character] Warning [0010.74] Compile of Ue4ASP_Character successful, but with 6 Warning(s) [in 0 ms]
[2016.03.21-14.08.36:259][509]LogBlueprint:Warning: [compiler Ue4ASP_Character] Warning Input Axis Event references unknown Axis 'LookUp' for  InputAxis LookUp 
[2016.03.21-14.08.36:259][509]LogBlueprint:Warning: [compiler Ue4ASP_Character] Warning Input Axis Event references unknown Axis 'Turn' for  InputAxis Turn 
[2016.03.21-14.08.36:259][509]LogBlueprint:Warning: [compiler Ue4ASP_Character] Warning Input Axis Event references unknown Axis 'MoveRight' for  InputAxis MoveRight 
[2016.03.21-14.08.36:259][509]LogBlueprint:Warning: [compiler Ue4ASP_Character] Warning Input Axis Event references unknown Axis 'MoveForward' for  InputAxis MoveForward 
[2016.03.21-14.08.36:261][509]LogBlueprint:Warning: [compiler Ue4ASP_Character] Warning [0010.79] Compile of Ue4ASP_Character successful, but with 4 Warning(s) [in 5 ms]
[2016.03.21-14.08.36:261][509]LogBlueprint:Warning: [compiler Ue4ASP_Character] Warning [0010.79] Compile of Ue4ASP_Character successful, but with 5 Warning(s) [in 0 ms]
[2016.03.21-14.08.36:262][509]LogBlueprint:Warning: [compiler Ue4ASP_Character] Warning [0010.80] Compile of Ue4ASP_Character successful, but with 6 Warning(s) [in 0 ms]
[2016.03.21-14.08.36:687][509]LogAIModule: Creating AISystem for world MyFirstLevel
[2016.03.21-14.08.36:694][509]LogParticles:Warning: InitializeSystem called on an unregistered component. Template=/Game/Snow.Snow Component=/Game/MyFirstLevel.MyFirstLevel:PersistentLevel.Snow_2.ParticleSystemComponent0
[2016.03.21-14.08.36:694][509]LogParticles:Warning: InitializeSystem called on an unregistered component. Template=/Game/StarterContent/Particles/P_Fire.P_Fire Component=/Game/MyFirstLevel.MyFirstLevel:PersistentLevel.P_Fire_2.ParticleSystemComponent0
[2016.03.21-14.08.36:731][509]Cmd: MAP LOAD FILE="../../../../../../UnrealProjects/GE_Project/Content/MyFirstLevel.umap" TEMPLATE=0 SHOWPROGRESS=1 FEATURELEVEL=3
[2016.03.21-14.08.36:731][509]LightingResults: New page: Lighting Build
[2016.03.21-14.08.36:746][509]LoadErrors: New page: Loading map: MyFirstLevel.umap
[2016.03.21-14.08.36:746][509]MapCheck: New page: Map Check
[2016.03.21-14.08.36:746][509]LightingResults: New page: Lighting Build
[2016.03.21-14.08.36:756][509]LogParticles: Destroying 0 GPU particle simulations for FXSystem 0x0000008309447240
[2016.03.21-14.08.36:916][509]LogEditorServer: Finished looking for orphan Actors (0.000 secs)
[2016.03.21-14.08.36:960][509]Cmd: MAP CHECKDEP NOCLEARLOG
[2016.03.21-14.08.37:011][509]MapCheck: Info Map check complete: 0 Error(s), 0 Warning(s), took 49.672ms to complete.
[2016.03.21-14.08.37:011][509]LogFileHelpers: Loading map 'MyFirstLevel' took 0.281
[2016.03.21-14.08.37:039][510]Cmd: UpdateLandscapeEditorData -warnings
[2016.03.21-14.08.37:043][510]Cmd: UpdateLandscapeEditorData
[2016.03.21-14.08.38:256][647]LogPlayLevel: PlayLevel: No blueprints needed recompiling
[2016.03.21-14.08.38:257][647]LogHMD:Warning: HMD Oculus Rift DK2, res = 1920 x 1080
[2016.03.21-14.08.38:257][647]PIE: New page: PIE session: MyFirstLevel (Mar 21, 2016, 4:08:38 PM)
[2016.03.21-14.08.38:257][647]LogPlayLevel: Creating play world package: /Game/UEDPIE_0_MyFirstLevel
[2016.03.21-14.08.38:301][647]LogPlayLevel: PIE: StaticDuplicateObject took: (0.044110s)
[2016.03.21-14.08.38:302][647]LogAIModule: Creating AISystem for world MyFirstLevel
[2016.03.21-14.08.38:302][647]LogPlayLevel: PIE: World Init took: (0.000600s)
[2016.03.21-14.08.38:302][647]LogPlayLevel: PIE: Created PIE world by copying editor world from /Game/MyFirstLevel.MyFirstLevel to /Game/UEDPIE_0_MyFirstLevel.MyFirstLevel (0.044931s)
[2016.03.21-14.08.38:302][647]LogActorComponent: UnregisterComponent: (/Engine/Transient.CharMoveComp) Not registered. Aborting.
[2016.03.21-14.08.38:328][647]LogInit: XAudio2 using 'HP E221c-8 (NVIDIA High Definition Audio)' : 2 channels at 48 kHz using 16 bits per sample (channel mask 0x3)
[2016.03.21-14.08.38:339][647]LogInit: FAudioDevice initialized.
[2016.03.21-14.08.38:401][647]LogLinker:Warning: Can't find file '/Script/Kinect4Unreal'
[2016.03.21-14.08.38:401][647]LogLinker:Warning: Can't find file for asset '/Script/Kinect4Unreal' while loading ../../../../../../UnrealProjects/GE_Project/Content/BP_Avatar.uasset.
[2016.03.21-14.08.38:401][647]LoadErrors:Error: Error /Game/BP_Avatar : Can't find file for asset. /Script/Kinect4Unreal
[2016.03.21-14.08.38:401][647]LogLinker:Warning: Can't find file '/Script/Kinect4Unreal'
[2016.03.21-14.08.38:401][647]LogLinker:Warning: Can't find file for asset '/Script/Kinect4Unreal' while loading ../../../../../../UnrealProjects/GE_Project/Content/BP_Avatar.uasset.
[2016.03.21-14.08.38:402][647]LogLinker:Warning: Can't find file '/Script/Kinect4Unreal'
[2016.03.21-14.08.38:402][647]LogLinker:Warning: Can't find file for asset '/Script/Kinect4Unreal' while loading ../../../../../../UnrealProjects/GE_Project/Content/BP_Avatar.uasset.
[2016.03.21-14.08.38:402][647]LogLinker:Warning: Can't find file '/Script/Kinect4Unreal'
[2016.03.21-14.08.38:402][647]LogLinker:Warning: Can't find file for asset '/Script/Kinect4Unreal' while loading ../../../../../../UnrealProjects/GE_Project/Content/BP_Avatar.uasset.
[2016.03.21-14.08.38:402][647]LogLinker:Warning: Can't find file '/Script/Kinect4Unreal'
[2016.03.21-14.08.38:402][647]LogLinker:Warning: Can't find file for asset '/Script/Kinect4Unreal' while loading ../../../../../../UnrealProjects/GE_Project/Content/BP_Avatar.uasset.
[2016.03.21-14.08.38:402][647]LogLinker:Warning: Can't find file '/Script/Kinect4Unreal'
[2016.03.21-14.08.38:402][647]LogLinker:Warning: Can't find file for asset '/Script/Kinect4Unreal' while loading ../../../../../../UnrealProjects/GE_Project/Content/BP_Avatar.uasset.
[2016.03.21-14.08.38:402][647]LogLinker:Warning: Can't find file '/Script/Kinect4Unreal'
[2016.03.21-14.08.38:402][647]LogLinker:Warning: Can't find file for asset '/Script/Kinect4Unreal' while loading ../../../../../../UnrealProjects/GE_Project/Content/BP_Avatar.uasset.
[2016.03.21-14.08.38:402][647]LogLinker:Warning: Can't find file '/Script/Kinect4Unreal'
[2016.03.21-14.08.38:402][647]LogLinker:Warning: Can't find file for asset '/Script/Kinect4Unreal' while loading ../../../../../../UnrealProjects/GE_Project/Content/BP_Avatar.uasset.
[2016.03.21-14.08.38:403][647]LogLinker:Warning: Can't find file '/Script/Kinect4Unreal'
[2016.03.21-14.08.38:403][647]LogLinker:Warning: Can't find file for asset '/Script/Kinect4Unreal' while loading ../../../../../../UnrealProjects/GE_Project/Content/BP_Avatar.uasset.
[2016.03.21-14.08.38:404][647]LogLinker:Warning: Can't find file '/Script/Kinect4Unreal'
[2016.03.21-14.08.38:404][647]LoadErrors: Info Failed to load /Script/Kinect4Unreal.EBodyNumber Referenced by CallFunc_GetCenteredBody_CenteredBody
[2016.03.21-14.08.38:404][647]LogLinker:Warning: Can't find file for asset '/Script/Kinect4Unreal' while loading ../../../../../../UnrealProjects/GE_Project/Content/Blueprints/BP_TheBeginningGameMode.uasset.
[2016.03.21-14.08.38:404][647]LoadErrors:Error: Error /Game/Blueprints/BP_TheBeginningGameMode : Can't find file for asset. /Script/Kinect4Unreal
[2016.03.21-14.08.38:404][647]LogLinker:Warning: Can't find file '/Script/Kinect4Unreal'
[2016.03.21-14.08.38:404][647]LoadErrors: Info Failed to load /Script/Kinect4Unreal.EHandState Referenced by CallFunc_GetHandStateAsExecution_HandState
[2016.03.21-14.08.38:404][647]LogLinker:Warning: Can't find file for asset '/Script/Kinect4Unreal' while loading ../../../../../../UnrealProjects/GE_Project/Content/Blueprints/BP_TheBeginningGameMode.uasset.
[2016.03.21-14.08.38:405][647]LogLinker:Warning: Can't find file '/Script/Kinect4Unreal'
[2016.03.21-14.08.38:405][647]LoadErrors: Info Failed to load /Script/Kinect4Unreal.EHandState Referenced by CallFunc_GetHandStateAsExecution_HandState2
[2016.03.21-14.08.38:405][647]LogLinker:Warning: Can't find file for asset '/Script/Kinect4Unreal' while loading ../../../../../../UnrealProjects/GE_Project/Content/Blueprints/BP_TheBeginningGameMode.uasset.
[2016.03.21-14.08.38:405][647]LogLinker:Warning: Can't find file '/Script/Kinect4Unreal'
[2016.03.21-14.08.38:405][647]LogLinker:Warning: Can't find file for asset '/Script/Kinect4Unreal' while loading ../../../../../../UnrealProjects/GE_Project/Content/Blueprints/BP_TheBeginningGameMode.uasset.
[2016.03.21-14.08.38:405][647]LogLinker:Warning: Can't find file '/Script/Kinect4Unreal'
[2016.03.21-14.08.38:405][647]LogLinker:Warning: Can't find file for asset '/Script/Kinect4Unreal' while loading ../../../../../../UnrealProjects/GE_Project/Content/Blueprints/BP_TheBeginningGameMode.uasset.
[2016.03.21-14.08.38:405][647]LogLinker:Warning: Can't find file '/Script/Kinect4Unreal'
[2016.03.21-14.08.38:405][647]LogLinker:Warning: Can't find file for asset '/Script/Kinect4Unreal' while loading ../../../../../../UnrealProjects/GE_Project/Content/Blueprints/BP_TheBeginningGameMode.uasset.
[2016.03.21-14.08.38:405][647]LogLinker:Warning: Can't find file '/Script/Kinect4Unreal'
[2016.03.21-14.08.38:405][647]LogLinker:Warning: Can't find file for asset '/Script/Kinect4Unreal' while loading ../../../../../../UnrealProjects/GE_Project/Content/Blueprints/BP_TheBeginningGameMode.uasset.
[2016.03.21-14.08.38:405][647]LogLinker:Warning: Can't find file '/Script/Kinect4Unreal'
[2016.03.21-14.08.38:405][647]LogLinker:Warning: Can't find file for asset '/Script/Kinect4Unreal' while loading ../../../../../../UnrealProjects/GE_Project/Content/Blueprints/BP_TheBeginningGameMode.uasset.
[2016.03.21-14.08.38:405][647]LogLinker:Warning: Can't find file '/Script/Kinect4Unreal'
[2016.03.21-14.08.38:405][647]LogLinker:Warning: Can't find file for asset '/Script/Kinect4Unreal' while loading ../../../../../../UnrealProjects/GE_Project/Content/Blueprints/BP_TheBeginningGameMode.uasset.
[2016.03.21-14.08.38:405][647]LogLinker:Warning: Can't find file '/Script/Kinect4Unreal'
[2016.03.21-14.08.38:405][647]LogLinker:Warning: Can't find file for asset '/Script/Kinect4Unreal' while loading ../../../../../../UnrealProjects/GE_Project/Content/Blueprints/BP_TheBeginningGameMode.uasset.
[2016.03.21-14.08.38:405][647]LogLinker:Warning: Can't find file '/Script/Kinect4Unreal'
[2016.03.21-14.08.38:406][647]LogLinker:Warning: Can't find file for asset '/Script/Kinect4Unreal' while loading ../../../../../../UnrealProjects/GE_Project/Content/Blueprints/BP_TheBeginningGameMode.uasset.
[2016.03.21-14.08.38:406][647]LogLinker:Warning: Can't find file '/Script/Kinect4Unreal'
[2016.03.21-14.08.38:406][647]LogLinker:Warning: Can't find file for asset '/Script/Kinect4Unreal' while loading ../../../../../../UnrealProjects/GE_Project/Content/Blueprints/BP_TheBeginningGameMode.uasset.
[2016.03.21-14.08.38:406][647]LogLinker:Warning: Can't find file '/Script/Kinect4Unreal'
[2016.03.21-14.08.38:406][647]LogLinker:Warning: Can't find file for asset '/Script/Kinect4Unreal' while loading ../../../../../../UnrealProjects/GE_Project/Content/Blueprints/BP_TheBeginningGameMode.uasset.
[2016.03.21-14.08.38:410][647]LogLinker:Warning: Can't find file '/Script/Kinect4Unreal'
[2016.03.21-14.08.38:410][647]LoadErrors: Info Failed to load /Script/Kinect4Unreal.KinectInterfaceComponent Referenced by K2Node_CallFunction_3068
[2016.03.21-14.08.38:410][647]LogLinker:Warning: Can't find file for asset '/Script/Kinect4Unreal' while loading ../../../../../../UnrealProjects/GE_Project/Content/Blueprints/BP_TheBeginningGameMode.uasset.
[2016.03.21-14.08.38:411][647]LogLinker:Warning: Can't find file '/Script/Kinect4Unreal'
[2016.03.21-14.08.38:411][647]LoadErrors: Info Failed to load /Script/Kinect4Unreal.KinectInterfaceComponent Referenced by EdGraphPin_7448
[2016.03.21-14.08.38:411][647]LogLinker:Warning: Can't find file for asset '/Script/Kinect4Unreal' while loading ../../../../../../UnrealProjects/GE_Project/Content/Blueprints/BP_TheBeginningGameMode.uasset.
[2016.03.21-14.08.38:411][647]LogLinker:Warning: Can't find file '/Script/Kinect4Unreal'
[2016.03.21-14.08.38:411][647]LoadErrors: Info Failed to load /Script/Kinect4Unreal.EBodyNumber Referenced by EdGraphPin_7449
[2016.03.21-14.08.38:411][647]LogLinker:Warning: Can't find file for asset '/Script/Kinect4Unreal' while loading ../../../../../../UnrealProjects/GE_Project/Content/Blueprints/BP_TheBeginningGameMode.uasset.
[2016.03.21-14.08.38:411][647]LogLinker:Warning: Can't find file '/Script/Kinect4Unreal'
[2016.03.21-14.08.38:411][647]LoadErrors: Info Failed to load /Script/Kinect4Unreal.KinectInterfaceComponent Referenced by EdGraphPin_7068
[2016.03.21-14.08.38:411][647]LogLinker:Warning: Can't find file for asset '/Script/Kinect4Unreal' while loading ../../../../../../UnrealProjects/GE_Project/Content/Blueprints/BP_TheBeginningGameMode.uasset.
[2016.03.21-14.08.38:411][647]LogLinker:Warning: Can't find file '/Script/Kinect4Unreal'
[2016.03.21-14.08.38:411][647]LoadErrors: Info Failed to load /Script/Kinect4Unreal.KinectInterfaceComponent Referenced by K2Node_CallFunction_3502
[2016.03.21-14.08.38:411][647]LogLinker:Warning: Can't find file for asset '/Script/Kinect4Unreal' while loading ../../../../../../UnrealProjects/GE_Project/Content/Blueprints/BP_TheBeginningGameMode.uasset.
[2016.03.21-14.08.38:412][647]LogLinker:Warning: Can't find file '/Script/Kinect4Unreal'
[2016.03.21-14.08.38:412][647]LoadErrors: Info Failed to load /Script/Kinect4Unreal.KinectInterfaceComponent Referenced by EdGraphPin_7463
[2016.03.21-14.08.38:412][647]LogLinker:Warning: Can't find file for asset '/Script/Kinect4Unreal' while loading ../../../../../../UnrealProjects/GE_Project/Content/Blueprints/BP_TheBeginningGameMode.uasset.
[2016.03.21-14.08.38:412][647]LogLinker:Warning: Can't find file '/Script/Kinect4Unreal'
[2016.03.21-14.08.38:412][647]LoadErrors: Info Failed to load /Script/Kinect4Unreal.EKinectJoints Referenced by EdGraphPin_7464
[2016.03.21-14.08.38:412][647]LogLinker:Warning: Can't find file for asset '/Script/Kinect4Unreal' while loading ../../../../../../UnrealProjects/GE_Project/Content/Blueprints/BP_TheBeginningGameMode.uasset.
[2016.03.21-14.08.38:412][647]LogLinker:Warning: Can't find file '/Script/Kinect4Unreal'
[2016.03.21-14.08.38:412][647]LoadErrors: Info Failed to load /Script/Kinect4Unreal.EKinectJoints Referenced by EdGraphPin_7465
[2016.03.21-14.08.38:412][647]LogLinker:Warning: Can't find file for asset '/Script/Kinect4Unreal' while loading ../../../../../../UnrealProjects/GE_Project/Content/Blueprints/BP_TheBeginningGameMode.uasset.
[2016.03.21-14.08.38:412][647]LogLinker:Warning: Can't find file '/Script/Kinect4Unreal'
[2016.03.21-14.08.38:412][647]LoadErrors: Info Failed to load /Script/Kinect4Unreal.EBodyNumber Referenced by EdGraphPin_7466
[2016.03.21-14.08.38:412][647]LogLinker:Warning: Can't find file for asset '/Script/Kinect4Unreal' while loading ../../../../../../UnrealProjects/GE_Project/Content/Blueprints/BP_TheBeginningGameMode.uasset.
[2016.03.21-14.08.38:412][647]LogLinker:Warning: Can't find file '/Script/Kinect4Unreal'
[2016.03.21-14.08.38:412][647]LoadErrors: Info Failed to load /Script/Kinect4Unreal.KinectInterfaceComponent Referenced by EdGraphPin_7095
[2016.03.21-14.08.38:412][647]LogLinker:Warning: Can't find file for asset '/Script/Kinect4Unreal' while loading ../../../../../../UnrealProjects/GE_Project/Content/Blueprints/BP_TheBeginningGameMode.uasset.
[2016.03.21-14.08.38:412][647]LogLinker:Warning: Can't find file '/Script/Kinect4Unreal'
[2016.03.21-14.08.38:413][647]LoadErrors: Info Failed to load /Script/Kinect4Unreal.KinectInterfaceComponent Referenced by K2Node_CallFunction_3503
[2016.03.21-14.08.38:413][647]LogLinker:Warning: Can't find file for asset '/Script/Kinect4Unreal' while loading ../../../../../../UnrealProjects/GE_Project/Content/Blueprints/BP_TheBeginningGameMode.uasset.
[2016.03.21-14.08.38:413][647]LogLinker:Warning: Can't find file '/Script/Kinect4Unreal'
[2016.03.21-14.08.38:413][647]LoadErrors: Info Failed to load /Script/Kinect4Unreal.KinectInterfaceComponent Referenced by EdGraphPin_7484
[2016.03.21-14.08.38:413][647]LogLinker:Warning: Can't find file for asset '/Script/Kinect4Unreal' while loading ../../../../../../UnrealProjects/GE_Project/Content/Blueprints/BP_TheBeginningGameMode.uasset.
[2016.03.21-14.08.38:413][647]LogLinker:Warning: Can't find file '/Script/Kinect4Unreal'
[2016.03.21-14.08.38:414][647]LoadErrors: Info Failed to load /Script/Kinect4Unreal.EKinectJoints Referenced by EdGraphPin_7485
[2016.03.21-14.08.38:414][647]LogLinker:Warning: Can't find file for asset '/Script/Kinect4Unreal' while loading ../../../../../../UnrealProjects/GE_Project/Content/Blueprints/BP_TheBeginningGameMode.uasset.
[2016.03.21-14.08.38:414][647]LogLinker:Warning: Can't find file '/Script/Kinect4Unreal'
[2016.03.21-14.08.38:414][647]LoadErrors: Info Failed to load /Script/Kinect4Unreal.EKinectJoints Referenced by EdGraphPin_7486
[2016.03.21-14.08.38:414][647]LogLinker:Warning: Can't find file for asset '/Script/Kinect4Unreal' while loading ../../../../../../UnrealProjects/GE_Project/Content/Blueprints/BP_TheBeginningGameMode.uasset.
[2016.03.21-14.08.38:414][647]LogLinker:Warning: Can't find file '/Script/Kinect4Unreal'
[2016.03.21-14.08.38:414][647]LoadErrors: Info Failed to load /Script/Kinect4Unreal.EBodyNumber Referenced by EdGraphPin_7487
[2016.03.21-14.08.38:414][647]LogLinker:Warning: Can't find file for asset '/Script/Kinect4Unreal' while loading ../../../../../../UnrealProjects/GE_Project/Content/Blueprints/BP_TheBeginningGameMode.uasset.
[2016.03.21-14.08.38:415][647]LogLinker:Warning: Can't find file '/Script/Kinect4Unreal'
[2016.03.21-14.08.38:415][647]LoadErrors: Info Failed to load /Script/Kinect4Unreal.KinectInterfaceComponent Referenced by EdGraphPin_7122
[2016.03.21-14.08.38:415][647]LogLinker:Warning: Can't find file for asset '/Script/Kinect4Unreal' while loading ../../../../../../UnrealProjects/GE_Project/Content/Blueprints/BP_TheBeginningGameMode.uasset.
[2016.03.21-14.08.38:415][647]LogLinker:Warning: Can't find file '/Script/Kinect4Unreal'
[2016.03.21-14.08.38:415][647]LoadErrors: Info Failed to load /Script/Kinect4Unreal.KinectInterfaceComponent Referenced by K2Node_CallFunction_3504
[2016.03.21-14.08.38:415][647]LogLinker:Warning: Can't find file for asset '/Script/Kinect4Unreal' while loading ../../../../../../UnrealProjects/GE_Project/Content/Blueprints/BP_TheBeginningGameMode.uasset.
[2016.03.21-14.08.38:416][647]LogLinker:Warning: Can't find file '/Script/Kinect4Unreal'
[2016.03.21-14.08.38:416][647]LoadErrors: Info Failed to load /Script/Kinect4Unreal.KinectInterfaceComponent Referenced by EdGraphPin_7509
[2016.03.21-14.08.38:416][647]LogLinker:Warning: Can't find file for asset '/Script/Kinect4Unreal' while loading ../../../../../../UnrealProjects/GE_Project/Content/Blueprints/BP_TheBeginningGameMode.uasset.
[2016.03.21-14.08.38:416][647]LogLinker:Warning: Can't find file '/Script/Kinect4Unreal'
[2016.03.21-14.08.38:416][647]LoadErrors: Info Failed to load /Script/Kinect4Unreal.EHands Referenced by EdGraphPin_7510
[2016.03.21-14.08.38:416][647]LogLinker:Warning: Can't find file for asset '/Script/Kinect4Unreal' while loading ../../../../../../UnrealProjects/GE_Project/Content/Blueprints/BP_TheBeginningGameMode.uasset.
[2016.03.21-14.08.38:417][647]LogLinker:Warning: Can't find file '/Script/Kinect4Unreal'
[2016.03.21-14.08.38:417][647]LoadErrors: Info Failed to load /Script/Kinect4Unreal.EBodyNumber Referenced by EdGraphPin_7511
[2016.03.21-14.08.38:417][647]LogLinker:Warning: Can't find file for asset '/Script/Kinect4Unreal' while loading ../../../../../../UnrealProjects/GE_Project/Content/Blueprints/BP_TheBeginningGameMode.uasset.
[2016.03.21-14.08.38:417][647]LogLinker:Warning: Can't find file '/Script/Kinect4Unreal'
[2016.03.21-14.08.38:417][647]LoadErrors: Info Failed to load /Script/Kinect4Unreal.EHandState Referenced by EdGraphPin_7512
[2016.03.21-14.08.38:417][647]LogLinker:Warning: Can't find file for asset '/Script/Kinect4Unreal' while loading ../../../../../../UnrealProjects/GE_Project/Content/Blueprints/BP_TheBeginningGameMode.uasset.
[2016.03.21-14.08.38:417][647]LogLinker:Warning: Can't find file '/Script/Kinect4Unreal'
[2016.03.21-14.08.38:417][647]LoadErrors: Info Failed to load /Script/Kinect4Unreal.KinectInterfaceComponent Referenced by EdGraphPin_7158
[2016.03.21-14.08.38:418][647]LogLinker:Warning: Can't find file for asset '/Script/Kinect4Unreal' while loading ../../../../../../UnrealProjects/GE_Project/Content/Blueprints/BP_TheBeginningGameMode.uasset.
[2016.03.21-14.08.38:418][647]LogLinker:Warning: Can't find file '/Script/Kinect4Unreal'
[2016.03.21-14.08.38:418][647]LoadErrors: Info Failed to load /Script/Kinect4Unreal.KinectInterfaceComponent Referenced by K2Node_CallFunction_2942
[2016.03.21-14.08.38:418][647]LogLinker:Warning: Can't find file for asset '/Script/Kinect4Unreal' while loading ../../../../../../UnrealProjects/GE_Project/Content/Blueprints/BP_TheBeginningGameMode.uasset.
[2016.03.21-14.08.38:418][647]LogLinker:Warning: Can't find file '/Script/Kinect4Unreal'
[2016.03.21-14.08.38:418][647]LoadErrors: Info Failed to load /Script/Kinect4Unreal.KinectInterfaceComponent Referenced by EdGraphPin_7539
[2016.03.21-14.08.38:418][647]LogLinker:Warning: Can't find file for asset '/Script/Kinect4Unreal' while loading ../../../../../../UnrealProjects/GE_Project/Content/Blueprints/BP_TheBeginningGameMode.uasset.
[2016.03.21-14.08.38:419][647]LogLinker:Warning: Can't find file '/Script/Kinect4Unreal'
[2016.03.21-14.08.38:419][647]LoadErrors: Info Failed to load /Script/Kinect4Unreal.EHands Referenced by EdGraphPin_7540
[2016.03.21-14.08.38:419][647]LogLinker:Warning: Can't find file for asset '/Script/Kinect4Unreal' while loading ../../../../../../UnrealProjects/GE_Project/Content/Blueprints/BP_TheBeginningGameMode.uasset.
[2016.03.21-14.08.38:419][647]LogLinker:Warning: Can't find file '/Script/Kinect4Unreal'
[2016.03.21-14.08.38:419][647]LoadErrors: Info Failed to load /Script/Kinect4Unreal.EBodyNumber Referenced by EdGraphPin_7541
[2016.03.21-14.08.38:419][647]LogLinker:Warning: Can't find file for asset '/Script/Kinect4Unreal' while loading ../../../../../../UnrealProjects/GE_Project/Content/Blueprints/BP_TheBeginningGameMode.uasset.
[2016.03.21-14.08.38:419][647]LogLinker:Warning: Can't find file '/Script/Kinect4Unreal'
[2016.03.21-14.08.38:419][647]LoadErrors: Info Failed to load /Script/Kinect4Unreal.EHandState Referenced by EdGraphPin_7542
[2016.03.21-14.08.38:419][647]LogLinker:Warning: Can't find file for asset '/Script/Kinect4Unreal' while loading ../../../../../../UnrealProjects/GE_Project/Content/Blueprints/BP_TheBeginningGameMode.uasset.
[2016.03.21-14.08.38:419][647]LogLinker:Warning: Can't find file '/Script/Kinect4Unreal'
[2016.03.21-14.08.38:419][647]LoadErrors: Info Failed to load /Script/Kinect4Unreal.KinectInterfaceComponent Referenced by EdGraphPin_7194
[2016.03.21-14.08.38:419][647]LogLinker:Warning: Can't find file for asset '/Script/Kinect4Unreal' while loading ../../../../../../UnrealProjects/GE_Project/Content/Blueprints/BP_TheBeginningGameMode.uasset.
[2016.03.21-14.08.38:420][647]LogLinker:Warning: Can't find file '/Script/Kinect4Unreal'
[2016.03.21-14.08.38:420][647]LogLinker:Warning: Can't find file for asset '/Script/Kinect4Unreal' while loading ../../../../../../UnrealProjects/GE_Project/Content/Blueprints/BP_TheBeginningGameMode.uasset.
[2016.03.21-14.08.38:421][647]LogLinker:Warning: Can't find file '/Script/Kinect4Unreal'
[2016.03.21-14.08.38:421][647]LoadErrors: Info Failed to load /Script/Kinect4Unreal.KinectInterfaceComponent Referenced by SCS_Node_1
[2016.03.21-14.08.38:421][647]LogLinker:Warning: Can't find file for asset '/Script/Kinect4Unreal' while loading ../../../../../../UnrealProjects/GE_Project/Content/Blueprints/BP_TheBeginningGameMode.uasset.
[2016.03.21-14.08.38:426][647]LogBlueprint:Warning: [BP_Avatar] CreatePinForVariable: 'KinectInterface' variable not found. Base class was probably changed.
[2016.03.21-14.08.38:426][647]LogBlueprint:Warning: [BP_Avatar] CreatePinForVariable: 'KinectInterface' variable not found. Base class was probably changed.
[2016.03.21-14.08.38:426][647]LogBlueprint:Warning: [BP_Avatar] CreatePinForVariable: 'KinectInterface' variable not found. Base class was probably changed.
[2016.03.21-14.08.38:426][647]LogBlueprint:Warning: [BP_Avatar] CreatePinForVariable: 'KinectInterface' variable not found. Base class was probably changed.
[2016.03.21-14.08.38:426][647]LogBlueprint:Warning: [BP_Avatar] CreatePinForVariable: 'KinectInterface' variable not found. Base class was probably changed.
[2016.03.21-14.08.38:432][647]LogBlueprint:Warning: [compiler BP_Avatar] Warning Could not find a variable named "KinectInterface" in 'BP_Avatar_C'.
Make sure 'BP_Avatar_C' has been compiled for  Get KinectInterface 
[2016.03.21-14.08.38:432][647]LogBlueprint:Error: [compiler BP_Avatar] Error Could not find a function named "GetHandStateAsExecution" in 'BP_Avatar'.
Make sure 'BP_Avatar' has been compiled for  Get Hand State as Execution 
[2016.03.21-14.08.38:432][647]LogBlueprint:Warning: [compiler BP_Avatar] Warning Could not find a variable named "KinectInterface" in 'BP_Avatar_C'.
Make sure 'BP_Avatar_C' has been compiled for  Get KinectInterface 
[2016.03.21-14.08.38:432][647]LogBlueprint:Error: [compiler BP_Avatar] Error Could not find a function named "GetHandStateAsExecution" in 'BP_Avatar'.
Make sure 'BP_Avatar' has been compiled for  Get Hand State as Execution 
[2016.03.21-14.08.38:433][647]LogBlueprint:Warning: [compiler BP_Avatar] Warning Could not find a variable named "KinectInterface" in 'BP_Avatar_C'.
Make sure 'BP_Avatar_C' has been compiled for  Get KinectInterface 
[2016.03.21-14.08.38:433][647]LogBlueprint:Error: [compiler BP_Avatar] Error Could not find a function named "GetDistanceBetweenJoints" in 'BP_Avatar'.
Make sure 'BP_Avatar' has been compiled for  Get Distance Between Joints 
[2016.03.21-14.08.38:433][647]LogBlueprint:Warning: [compiler BP_Avatar] Warning Could not find a variable named "KinectInterface" in 'BP_Avatar_C'.
Make sure 'BP_Avatar_C' has been compiled for  Get KinectInterface 
[2016.03.21-14.08.38:433][647]LogBlueprint:Error: [compiler BP_Avatar] Error Could not find a function named "GetDistanceBetweenJoints" in 'BP_Avatar'.
Make sure 'BP_Avatar' has been compiled for  Get Distance Between Joints 
[2016.03.21-14.08.38:433][647]LogBlueprint:Warning: [compiler BP_Avatar] Warning Could not find a variable named "KinectInterface" in 'BP_Avatar_C'.
Make sure 'BP_Avatar_C' has been compiled for  Get KinectInterface 
[2016.03.21-14.08.38:433][647]LogBlueprint:Error: [compiler BP_Avatar] Error Could not find a function named "GetCenteredBody" in 'BP_Avatar'.
Make sure 'BP_Avatar' has been compiled for  Get Centered Body 
[2016.03.21-14.08.38:434][647]LogBlueprint:Error: [compiler BP_Avatar] Error The property associated with  Kinect Interface  could not be found
[2016.03.21-14.08.38:434][647]LogBlueprint:Error: [compiler BP_Avatar] Error The property associated with  Kinect Interface  could not be found
[2016.03.21-14.08.38:434][647]LogBlueprint:Error: [compiler BP_Avatar] Error The property associated with  Kinect Interface  could not be found
[2016.03.21-14.08.38:434][647]LogBlueprint:Error: [compiler BP_Avatar] Error The current value (AnkleLeft) of the ' Start Joint ' pin is invalid: Expected a valid unsigned number for a byte property
[2016.03.21-14.08.38:434][647]LogBlueprint:Error: [compiler BP_Avatar] Error The current value (AnkleRight) of the ' End Joint ' pin is invalid: Expected a valid unsigned number for a byte property
[2016.03.21-14.08.38:434][647]LogBlueprint:Error: [compiler BP_Avatar] Error The current value (Head) of the ' Start Joint ' pin is invalid: Expected a valid unsigned number for a byte property
[2016.03.21-14.08.38:434][647]LogBlueprint:Error: [compiler BP_Avatar] Error The current value (AnkleRight) of the ' End Joint ' pin is invalid: Expected a valid unsigned number for a byte property
[2016.03.21-14.08.38:434][647]LogBlueprint:Error: [compiler BP_Avatar] Error The property associated with  Kinect Interface  could not be found
[2016.03.21-14.08.38:435][647]LogBlueprint:Error: [compiler BP_Avatar] Error The property associated with  Kinect Interface  could not be found
[2016.03.21-14.08.38:435][647]LogBlueprint:Error: [compiler BP_Avatar] Error The current value (Right) of the ' Hand ' pin is invalid: Expected a valid unsigned number for a byte property
[2016.03.21-14.08.38:435][647]LogBlueprint:Error: [compiler BP_Avatar] Error The current value (Left) of the ' Hand ' pin is invalid: Expected a valid unsigned number for a byte property
[2016.03.21-14.08.38:439][647]LogBlueprint:Warning: [compiler BP_Avatar] Warning [0012.97] Compile of BP_Avatar failed. 16 Fatal Issue(s) 5 Warning(s) [in 12 ms]
[2016.03.21-14.08.38:439][647]LogBlueprint:Warning: [compiler BP_Avatar] Warning [0012.97] Compile of BP_Avatar failed. 16 Fatal Issue(s) 6 Warning(s) [in 0 ms]
[2016.03.21-14.08.38:439][647]LogBlueprint:Warning: [compiler BP_Avatar] Warning [0012.97] Compile of BP_Avatar failed. 16 Fatal Issue(s) 7 Warning(s) [in 0 ms]
[2016.03.21-14.08.38:441][647]LogLinker:Warning: Can't find file '/Script/Kinect4Unreal'
[2016.03.21-14.08.38:441][647]LogLinker:Warning: Can't find file for asset '/Script/Kinect4Unreal' while loading ../../../../../../UnrealProjects/GE_Project/Content/Blueprints/BP_TheBeginningGameMode.uasset.
[2016.03.21-14.08.38:441][647]LogLinker:Warning: Can't find file '/Script/Kinect4Unreal'
[2016.03.21-14.08.38:441][647]LogLinker:Warning: Can't find file for asset '/Script/Kinect4Unreal' while loading ../../../../../../UnrealProjects/GE_Project/Content/Blueprints/BP_TheBeginningGameMode.uasset.
[2016.03.21-14.08.38:456][647]LogWorld: Game class is 'BP_TheBeginningGameMode_C'
[2016.03.21-14.08.38:510][647]LogWorld: Bringing World /Game/UEDPIE_0_MyFirstLevel.MyFirstLevel up for play (max tick rate 0) at 2016.03.21-15.08.38
[2016.03.21-14.08.38:510][647]LogActor:Warning: GameSession /Game/UEDPIE_0_MyFirstLevel.MyFirstLevel:PersistentLevel.GameSession_0 has natively added scene component(s), but none of them were set as the actor's RootComponent - picking one arbitrarily
[2016.03.21-14.08.38:511][647]LogActor:Warning: GameNetworkManager /Game/UEDPIE_0_MyFirstLevel.MyFirstLevel:PersistentLevel.GameNetworkManager_0 has natively added scene component(s), but none of them were set as the actor's RootComponent - picking one arbitrarily
[2016.03.21-14.08.38:513][647]LogWorld: Bringing up level for play took: 0.056656
[2016.03.21-14.08.38:516][647]PIE: Info Play in editor start time for /Game/UEDPIE_0_MyFirstLevel 0.379
[2016.03.21-14.09.01:243][962]LogActorComponent: UnregisterComponent: (/Engine/Transient.CharMoveComp) Not registered. Aborting.
[2016.03.21-14.09.01:244][962]LogActorComponent: UnregisterComponent: (/Engine/Transient.ProjectileComp) Not registered. Aborting.
[2016.03.21-14.09.01:258][962]LogParticles: Destroying 0 GPU particle simulations for FXSystem 0x0000008285BCC720
[2016.03.21-14.09.24:235][522]Cmd: CAMERA ALIGN ACTIVEVIEWPORTONLY
[2016.03.21-14.09.24:235][522]Can't find target actor or component.
[2016.03.21-14.09.25:641][688]LogPlayLevel: PlayLevel: No blueprints needed recompiling
[2016.03.21-14.09.27:170][688]LogHMD:Warning: HMD Oculus Rift DK2, res = 1920 x 1080
[2016.03.21-14.09.27:170][688]PIE: New page: PIE session: MyFirstLevel (Mar 21, 2016, 4:09:27 PM)
[2016.03.21-14.09.27:170][688]LogPlayLevel: Creating play world package: /Game/UEDPIE_0_MyFirstLevel
[2016.03.21-14.09.27:196][688]LogPlayLevel: PIE: StaticDuplicateObject took: (0.025634s)
[2016.03.21-14.09.27:196][688]LogAIModule: Creating AISystem for world MyFirstLevel
[2016.03.21-14.09.27:196][688]LogPlayLevel: PIE: World Init took: (0.000451s)
[2016.03.21-14.09.27:197][688]LogPlayLevel: PIE: Created PIE world by copying editor world from /Game/MyFirstLevel.MyFirstLevel to /Game/UEDPIE_0_MyFirstLevel.MyFirstLevel (0.026268s)
[2016.03.21-14.09.27:197][688]LogActorComponent: UnregisterComponent: (/Engine/Transient.CharMoveComp) Not registered. Aborting.
[2016.03.21-14.09.27:197][688]LogActorComponent: UnregisterComponent: (/Engine/Transient.CharacterMovementComponent_0) Not registered. Aborting.
[2016.03.21-14.09.27:197][688]LogActorComponent: UnregisterComponent: (/Engine/Transient.ProjectileComp) Not registered. Aborting.
[2016.03.21-14.09.27:216][688]LogInit: XAudio2 using 'HP E221c-8 (NVIDIA High Definition Audio)' : 2 channels at 48 kHz using 16 bits per sample (channel mask 0x3)
[2016.03.21-14.09.27:226][688]LogInit: FAudioDevice initialized.
[2016.03.21-14.09.27:256][688]LogWorld: Game class is 'BP_TheBeginningGameMode_C'
[2016.03.21-14.09.27:309][688]LogWorld: Bringing World /Game/UEDPIE_0_MyFirstLevel.MyFirstLevel up for play (max tick rate 0) at 2016.03.21-15.09.27
[2016.03.21-14.09.27:309][688]LogActor:Warning: GameSession /Game/UEDPIE_0_MyFirstLevel.MyFirstLevel:PersistentLevel.GameSession_1 has natively added scene component(s), but none of them were set as the actor's RootComponent - picking one arbitrarily
[2016.03.21-14.09.27:310][688]LogActor:Warning: GameNetworkManager /Game/UEDPIE_0_MyFirstLevel.MyFirstLevel:PersistentLevel.GameNetworkManager_1 has natively added scene component(s), but none of them were set as the actor's RootComponent - picking one arbitrarily
[2016.03.21-14.09.27:311][688]LogWorld: Bringing up level for play took: 0.053623
[2016.03.21-14.09.27:313][688]PIE: Info Play in editor start time for /Game/UEDPIE_0_MyFirstLevel 1.176
[2016.03.21-14.09.43:536][907]LogParticles: Destroying 0 GPU particle simulations for FXSystem 0x00000082B8FB11C0
[2016.03.21-14.10.03:764][834]LogVSAccessor:Warning: Couldn't access Visual Studio
[2016.03.21-14.10.03:767][834]Recompiling TheBeginning...
[2016.03.21-14.10.03:767][834]Launching UnrealBuildTool... [D:/Programme/Epic Games/4.9/Engine/Binaries/DotNET/UnrealBuildTool.exe TheBeginning -ModuleWithSuffix TheBeginning 7224 Win64 Development -editorrecompile -canskiplink "D:/UnrealProjects/GE_Project/TheBeginning.uproject" -rocket  -rocket]
[2016.03.21-14.10.03:768][834]Warning: Starting HotReload took  0.0s.
[2016.03.21-14.10.17:652][479]CompilerResultsLog: New page: Compilation - Mar 21, 2016, 4:10:17 PM
[2016.03.21-14.10.17:652][479]CompilerResultsLog: Info Creating makefile for hot reloading TheBeginning (modules to compile have changed)
[2016.03.21-14.10.17:652][479]CompilerResultsLog: Info Compiling game modules for hot reload
[2016.03.21-14.10.17:652][479]CompilerResultsLog: Info Parsing headers for TheBeginningEditor
[2016.03.21-14.10.17:652][479]CompilerResultsLog: Info   Running UnrealHeaderTool "D:/UnrealProjects/GE_Project/TheBeginning.uproject" "D:\UnrealProjects\GE_Project\Intermediate\Build\Win64\TheBeginningEditor\Development\UnrealHeaderTool.manifest" -LogCmds="loginit warning, logexit warning, logdatabase error" -rocket -installed
[2016.03.21-14.10.17:652][479]CompilerResultsLog: Info Reflection code generated for TheBeginningEditor in 7,4363992 seconds
[2016.03.21-14.10.17:652][479]CompilerResultsLog: Info Performing 2 actions (4 in parallel)
[2016.03.21-14.10.17:652][479]CompilerResultsLog: Info Avatar.cpp
[2016.03.21-14.10.17:652][479]CompilerResultsLog: Info [2/2] Link UE4Editor-TheBeginning-7224.dll
[2016.03.21-14.10.17:652][479]CompilerResultsLog: Info    Creating library D:\UnrealProjects\GE_Project\Intermediate/Build/Win64\UE4Editor\Development\UE4Editor-TheBeginning-7224.lib and object D:\UnrealProjects\GE_Project\Intermediate/Build/Win64\UE4Editor\Development\UE4Editor-TheBeginning-7224.exp
[2016.03.21-14.10.17:652][479]CompilerResultsLog: Info -------- End Detailed Actions Stats -----------------------------------------------------------
[2016.03.21-14.10.17:652][479]CompilerResultsLog: Info Total build time: 13,86 seconds
[2016.03.21-14.10.17:652][479]LogMainFrame: MainFrame: Module compiling took 13.888 seconds
[2016.03.21-14.10.17:653][479]LogActorComponent: UnregisterComponent: (/Engine/Transient.CharMoveComp) Not registered. Aborting.
[2016.03.21-14.10.17:653][479]LogActorComponent: UnregisterComponent: (/Engine/Transient.CharacterMovementComponent_1) Not registered. Aborting.
[2016.03.21-14.10.17:653][479]LogActorComponent: UnregisterComponent: (/Engine/Transient.ProjectileComp) Not registered. Aborting.
[2016.03.21-14.10.17:716][479]LogContentBrowser: Native class hierarchy updated for 'TheBeginning' in 0.0009 seconds. Added 8 classes and 2 folders.
[2016.03.21-14.10.17:717][479]Warning: HotReload successful (5 functions remapped  0 scriptstructs remapped)
[2016.03.21-14.10.17:782][479]LogContentBrowser: Native class hierarchy populated in 0.0068 seconds. Added 1876 classes and 337 folders.
[2016.03.21-14.10.20:051][746]LogPlayLevel: PlayLevel: No blueprints needed recompiling
[2016.03.21-14.10.20:051][746]LogHMD:Warning: HMD Oculus Rift DK2, res = 1920 x 1080
[2016.03.21-14.10.20:051][746]PIE: New page: PIE session: MyFirstLevel (Mar 21, 2016, 4:10:20 PM)
[2016.03.21-14.10.20:051][746]LogPlayLevel: Creating play world package: /Game/UEDPIE_0_MyFirstLevel
[2016.03.21-14.10.20:078][746]LogPlayLevel: PIE: StaticDuplicateObject took: (0.026832s)
[2016.03.21-14.10.20:078][746]LogAIModule: Creating AISystem for world MyFirstLevel
[2016.03.21-14.10.20:079][746]LogPlayLevel: PIE: World Init took: (0.000463s)
[2016.03.21-14.10.20:079][746]LogPlayLevel: PIE: Created PIE world by copying editor world from /Game/MyFirstLevel.MyFirstLevel to /Game/UEDPIE_0_MyFirstLevel.MyFirstLevel (0.027451s)
[2016.03.21-14.10.20:098][746]LogInit: XAudio2 using 'HP E221c-8 (NVIDIA High Definition Audio)' : 2 channels at 48 kHz using 16 bits per sample (channel mask 0x3)
[2016.03.21-14.10.20:107][746]LogInit: FAudioDevice initialized.
[2016.03.21-14.10.20:141][746]LogWorld: Game class is 'BP_TheBeginningGameMode_C'
[2016.03.21-14.10.20:200][746]LogWorld: Bringing World /Game/UEDPIE_0_MyFirstLevel.MyFirstLevel up for play (max tick rate 0) at 2016.03.21-15.10.20
[2016.03.21-14.10.20:200][746]LogActor:Warning: GameSession /Game/UEDPIE_0_MyFirstLevel.MyFirstLevel:PersistentLevel.GameSession_2 has natively added scene component(s), but none of them were set as the actor's RootComponent - picking one arbitrarily
[2016.03.21-14.10.20:200][746]LogActor:Warning: GameNetworkManager /Game/UEDPIE_0_MyFirstLevel.MyFirstLevel:PersistentLevel.GameNetworkManager_2 has natively added scene component(s), but none of them were set as the actor's RootComponent - picking one arbitrarily
[2016.03.21-14.10.20:202][746]LogWorld: Bringing up level for play took: 0.060327
[2016.03.21-14.10.20:204][746]PIE: Info Play in editor start time for /Game/UEDPIE_0_MyFirstLevel 0.067
[2016.03.21-14.10.29:408][508]LogParticles: Destroying 0 GPU particle simulations for FXSystem 0x0000008282B83920
[2016.03.21-14.11.02:175][261]LogLinker:Warning: Asset '../../../Engine/Content/ArtTools/RenderToTexture/Macros/RenderToTextureMacros.uasset' has been saved with empty engine version. The asset will be loaded but may be incompatible.
[2016.03.21-14.11.02:568][261]LogContentBrowser: Native class hierarchy updated for 'BlueprintGraph' in 0.0011 seconds. Added 107 classes and 0 folders.
[2016.03.21-14.13.07:132][168]BlueprintLog: New page: Compile BP_Avatar
[2016.03.21-14.13.07:147][168]LogBlueprint:Warning: [compiler BP_Avatar] Warning Could not find a variable named "KinectInterface" in 'BP_Avatar_C'.
Make sure 'BP_Avatar_C' has been compiled for  Get KinectInterface 
[2016.03.21-14.13.07:147][168]LogBlueprint:Error: [compiler BP_Avatar] Error Could not find a function named "GetHandStateAsExecution" in 'BP_Avatar'.
Make sure 'BP_Avatar' has been compiled for  Get Hand State as Execution 
[2016.03.21-14.13.07:147][168]LogBlueprint:Warning: [compiler BP_Avatar] Warning Could not find a variable named "KinectInterface" in 'BP_Avatar_C'.
Make sure 'BP_Avatar_C' has been compiled for  Get KinectInterface 
[2016.03.21-14.13.07:147][168]LogBlueprint:Error: [compiler BP_Avatar] Error Could not find a function named "GetHandStateAsExecution" in 'BP_Avatar'.
Make sure 'BP_Avatar' has been compiled for  Get Hand State as Execution 
[2016.03.21-14.13.07:147][168]LogBlueprint:Warning: [compiler BP_Avatar] Warning Could not find a variable named "KinectInterface" in 'BP_Avatar_C'.
Make sure 'BP_Avatar_C' has been compiled for  Get KinectInterface 
[2016.03.21-14.13.07:147][168]LogBlueprint:Error: [compiler BP_Avatar] Error Could not find a function named "GetDistanceBetweenJoints" in 'BP_Avatar'.
Make sure 'BP_Avatar' has been compiled for  Get Distance Between Joints 
[2016.03.21-14.13.07:147][168]LogBlueprint:Warning: [compiler BP_Avatar] Warning Could not find a variable named "KinectInterface" in 'BP_Avatar_C'.
Make sure 'BP_Avatar_C' has been compiled for  Get KinectInterface 
[2016.03.21-14.13.07:147][168]LogBlueprint:Error: [compiler BP_Avatar] Error Could not find a function named "GetDistanceBetweenJoints" in 'BP_Avatar'.
Make sure 'BP_Avatar' has been compiled for  Get Distance Between Joints 
[2016.03.21-14.13.07:147][168]LogBlueprint:Warning: [compiler BP_Avatar] Warning Could not find a variable named "KinectInterface" in 'BP_Avatar_C'.
Make sure 'BP_Avatar_C' has been compiled for  Get KinectInterface 
[2016.03.21-14.13.07:148][168]LogBlueprint:Error: [compiler BP_Avatar] Error Could not find a function named "GetCenteredBody" in 'BP_Avatar'.
Make sure 'BP_Avatar' has been compiled for  Get Centered Body 
[2016.03.21-14.13.07:148][168]LogBlueprint:Error: [compiler BP_Avatar] Error The property associated with  Kinect Interface  could not be found
[2016.03.21-14.13.07:148][168]LogBlueprint:Error: [compiler BP_Avatar] Error The property associated with  Kinect Interface  could not be found
[2016.03.21-14.13.07:148][168]LogBlueprint:Error: [compiler BP_Avatar] Error The property associated with  Kinect Interface  could not be found
[2016.03.21-14.13.07:148][168]LogBlueprint:Error: [compiler BP_Avatar] Error The current value (AnkleLeft) of the ' Start Joint ' pin is invalid: Expected a valid unsigned number for a byte property
[2016.03.21-14.13.07:149][168]LogBlueprint:Error: [compiler BP_Avatar] Error The current value (AnkleRight) of the ' End Joint ' pin is invalid: Expected a valid unsigned number for a byte property
[2016.03.21-14.13.07:149][168]LogBlueprint:Error: [compiler BP_Avatar] Error The current value (Head) of the ' Start Joint ' pin is invalid: Expected a valid unsigned number for a byte property
[2016.03.21-14.13.07:149][168]LogBlueprint:Error: [compiler BP_Avatar] Error The current value (AnkleRight) of the ' End Joint ' pin is invalid: Expected a valid unsigned number for a byte property
[2016.03.21-14.13.07:149][168]LogBlueprint:Error: [compiler BP_Avatar] Error The property associated with  Kinect Interface  could not be found
[2016.03.21-14.13.07:149][168]LogBlueprint:Error: [compiler BP_Avatar] Error The property associated with  Kinect Interface  could not be found
[2016.03.21-14.13.07:149][168]LogBlueprint:Error: [compiler BP_Avatar] Error The current value (Right) of the ' Hand ' pin is invalid: Expected a valid unsigned number for a byte property
[2016.03.21-14.13.07:149][168]LogBlueprint:Error: [compiler BP_Avatar] Error The current value (Left) of the ' Hand ' pin is invalid: Expected a valid unsigned number for a byte property
[2016.03.21-14.13.07:218][168]LogActorComponent: UnregisterComponent: (/Engine/Transient.CharMoveComp) Not registered. Aborting.
[2016.03.21-14.13.07:219][168]LogActorComponent: UnregisterComponent: (/Engine/Transient.CharacterMovementComponent_2) Not registered. Aborting.
[2016.03.21-14.13.07:219][168]LogActorComponent: UnregisterComponent: (/Engine/Transient.ProjectileComp) Not registered. Aborting.
[2016.03.21-14.13.07:245][168]LogBlueprint:Warning: [compiler BP_Avatar] Warning [0281.78] Compile of BP_Avatar failed. 16 Fatal Issue(s) 5 Warning(s) [in 113 ms]
[2016.03.21-14.13.07:245][168]BlueprintEditorCompileResults:Warning: Warning Could not find a variable named "KinectInterface" in 'BP_Avatar_C'.
Make sure 'BP_Avatar_C' has been compiled for  Get KinectInterface 
[2016.03.21-14.13.07:245][168]BlueprintEditorCompileResults:Error: Error Could not find a function named "GetHandStateAsExecution" in 'BP_Avatar'.
Make sure 'BP_Avatar' has been compiled for  Get Hand State as Execution 
[2016.03.21-14.13.07:245][168]BlueprintEditorCompileResults:Warning: Warning Could not find a variable named "KinectInterface" in 'BP_Avatar_C'.
Make sure 'BP_Avatar_C' has been compiled for  Get KinectInterface 
[2016.03.21-14.13.07:245][168]BlueprintEditorCompileResults:Error: Error Could not find a function named "GetHandStateAsExecution" in 'BP_Avatar'.
Make sure 'BP_Avatar' has been compiled for  Get Hand State as Execution 
[2016.03.21-14.13.07:245][168]BlueprintEditorCompileResults:Warning: Warning Could not find a variable named "KinectInterface" in 'BP_Avatar_C'.
Make sure 'BP_Avatar_C' has been compiled for  Get KinectInterface 
[2016.03.21-14.13.07:245][168]BlueprintEditorCompileResults:Error: Error Could not find a function named "GetDistanceBetweenJoints" in 'BP_Avatar'.
Make sure 'BP_Avatar' has been compiled for  Get Distance Between Joints 
[2016.03.21-14.13.07:245][168]BlueprintEditorCompileResults:Warning: Warning Could not find a variable named "KinectInterface" in 'BP_Avatar_C'.
Make sure 'BP_Avatar_C' has been compiled for  Get KinectInterface 
[2016.03.21-14.13.07:245][168]BlueprintEditorCompileResults:Error: Error Could not find a function named "GetDistanceBetweenJoints" in 'BP_Avatar'.
Make sure 'BP_Avatar' has been compiled for  Get Distance Between Joints 
[2016.03.21-14.13.07:245][168]BlueprintEditorCompileResults:Warning: Warning Could not find a variable named "KinectInterface" in 'BP_Avatar_C'.
Make sure 'BP_Avatar_C' has been compiled for  Get KinectInterface 
[2016.03.21-14.13.07:245][168]BlueprintEditorCompileResults:Error: Error Could not find a function named "GetCenteredBody" in 'BP_Avatar'.
Make sure 'BP_Avatar' has been compiled for  Get Centered Body 
[2016.03.21-14.13.07:245][168]BlueprintEditorCompileResults:Error: Error The property associated with  Kinect Interface  could not be found
[2016.03.21-14.13.07:245][168]BlueprintEditorCompileResults:Error: Error The property associated with  Kinect Interface  could not be found
[2016.03.21-14.13.07:245][168]BlueprintEditorCompileResults:Error: Error The property associated with  Kinect Interface  could not be found
[2016.03.21-14.13.07:245][168]BlueprintEditorCompileResults:Error: Error The current value (AnkleLeft) of the ' Start Joint ' pin is invalid: Expected a valid unsigned number for a byte property
[2016.03.21-14.13.07:245][168]BlueprintEditorCompileResults:Error: Error The current value (AnkleRight) of the ' End Joint ' pin is invalid: Expected a valid unsigned number for a byte property
[2016.03.21-14.13.07:245][168]BlueprintEditorCompileResults:Error: Error The current value (Head) of the ' Start Joint ' pin is invalid: Expected a valid unsigned number for a byte property
[2016.03.21-14.13.07:245][168]BlueprintEditorCompileResults:Error: Error The current value (AnkleRight) of the ' End Joint ' pin is invalid: Expected a valid unsigned number for a byte property
[2016.03.21-14.13.07:245][168]BlueprintEditorCompileResults:Error: Error The property associated with  Kinect Interface  could not be found
[2016.03.21-14.13.07:245][168]BlueprintEditorCompileResults:Error: Error The property associated with  Kinect Interface  could not be found
[2016.03.21-14.13.07:246][168]BlueprintEditorCompileResults:Error: Error The current value (Right) of the ' Hand ' pin is invalid: Expected a valid unsigned number for a byte property
[2016.03.21-14.13.07:246][168]BlueprintEditorCompileResults:Error: Error The current value (Left) of the ' Hand ' pin is invalid: Expected a valid unsigned number for a byte property
[2016.03.21-14.13.07:246][168]BlueprintEditorCompileResults:Warning: Warning [0281.78] Compile of BP_Avatar failed. 16 Fatal Issue(s) 5 Warning(s) [in 113 ms]
[2016.03.21-14.13.16:436][766]LogActorComponent: UnregisterComponent: (/Engine/Transient.CharMoveComp) Not registered. Aborting.
[2016.03.21-14.13.16:482][766]Cmd: OBJ SAVEPACKAGE PACKAGE="/Game/BP_Avatar" FILE="../../../../../../UnrealProjects/GE_Project/Content/BP_Avatar.uasset" SILENT=true
[2016.03.21-14.13.16:554][766]LogSavePackage: Save=56.989815ms
[2016.03.21-14.13.16:554][766]LogSavePackage: Moving '../../../../../../UnrealProjects/GE_Project/Saved/BP_AvatarF8F393F1484043692C2F48994DE49C42.tmp' to '../../../../../../UnrealProjects/GE_Project/Content/BP_Avatar.uasset'
[2016.03.21-14.13.16:556][766]LogSavePackage: Total save time: 71.792364ms
[2016.03.21-14.13.16:556][766]LogSavePackage:Warning: Finished SavePackage ../../../../../../UnrealProjects/GE_Project/Content/BP_Avatar.uasset
[2016.03.21-14.13.29:960][353]Cmd: CLOSE_SLATE_MAINFRAME
[2016.03.21-14.13.29:960][353]LogActorComponent: UnregisterComponent: (/Engine/Transient.CharMoveComp) Not registered. Aborting.
[2016.03.21-14.13.30:161][353]LogWindowsTextInputMethodSystem:Display: IME system now deactivated.
[2016.03.21-14.13.30:392][354]Cmd: QUIT_EDITOR
[2016.03.21-14.13.31:241][354]LogHMD: Oculus shutdown.
[2016.03.21-14.13.31:345][354]LogExit: Preparing to exit.
[2016.03.21-14.13.32:048][354]LogExit: Editor shut down
[2016.03.21-14.13.32:048][354]LogExit: Transaction tracking system shut down
[2016.03.21-14.13.32:050][354]LogParticles: Destroying 0 GPU particle simulations for FXSystem 0x00000082AE2274C0
[2016.03.21-14.13.32:050][354]LogParticles: Destroying 0 GPU particle simulations for FXSystem 0x00000082AE227920
[2016.03.21-14.13.32:050][354]LogParticles: Destroying 0 GPU particle simulations for FXSystem 0x0000008283DC7880
[2016.03.21-14.13.32:052][354]LogParticles: Destroying 0 GPU particle simulations for FXSystem 0x0000008285BCE480
[2016.03.21-14.13.32:053][354]LogParticles: Destroying 0 GPU particle simulations for FXSystem 0x000000830A19AAC0
[2016.03.21-14.13.32:057][354]LogParticles: Destroying 0 GPU particle simulations for FXSystem 0x000000828411D6C0
[2016.03.21-14.13.32:203][354]LogExit: Object subsystem successfully closed.
[2016.03.21-14.13.32:221][354]LogD3D11RHI: Shutdown
[2016.03.21-14.13.32:221][354]LogD3D11RHI: CleanupD3DDevice
[2016.03.21-14.13.32:274][354]LogD3D11RHI: ~FD3D11DynamicRHI
[2016.03.21-14.13.32:283][354]LogModuleManager: Shutting down and abandoning module BlueprintGraph (199)
[2016.03.21-14.13.32:283][354]LogModuleManager: Shutting down and abandoning module CrashTracker (198)
[2016.03.21-14.13.32:283][354]LogModuleManager: Shutting down and abandoning module SceneOutliner (197)
[2016.03.21-14.13.32:283][354]LogModuleManager: Shutting down and abandoning module SuperSearch (196)
[2016.03.21-14.13.32:283][354]LogModuleManager: Shutting down and abandoning module WidgetCarousel (195)
[2016.03.21-14.13.32:283][354]LogModuleManager: Shutting down and abandoning module AddContentDialog (194)
[2016.03.21-14.13.32:284][354]LogModuleManager: Shutting down and abandoning module EditorWidgets (193)
[2016.03.21-14.13.32:284][354]LogModuleManager: Shutting down and abandoning module CollectionManager (192)
[2016.03.21-14.13.32:285][354]LogModuleManager: Shutting down and abandoning module StatsViewer (191)
[2016.03.21-14.13.32:285][354]LogModuleManager: Shutting down and abandoning module FoliageEdit (190)
[2016.03.21-14.13.32:285][354]LogModuleManager: Shutting down and abandoning module LandscapeEditor (189)
[2016.03.21-14.13.32:285][354]LogModuleManager: Shutting down and abandoning module ActorPickerMode (188)
[2016.03.21-14.13.32:285][354]LogModuleManager: Shutting down and abandoning module GeometryMode (187)
[2016.03.21-14.13.32:285][354]LogModuleManager: Shutting down and abandoning module TextureAlignMode (186)
[2016.03.21-14.13.32:285][354]LogModuleManager: Shutting down and abandoning module BspMode (185)
[2016.03.21-14.13.32:285][354]LogModuleManager: Shutting down and abandoning module PlacementMode (184)
[2016.03.21-14.13.32:285][354]LogModuleManager: Shutting down and abandoning module AutomationWorker (183)
[2016.03.21-14.13.32:285][354]LogModuleManager: Shutting down and abandoning module CharacterAI (182)
[2016.03.21-14.13.32:285][354]LogModuleManager: Shutting down and abandoning module SmartSnapping (181)
[2016.03.21-14.13.32:285][354]LogModuleManager: Shutting down and abandoning module ViewportSnapping (180)
[2016.03.21-14.13.32:285][354]LogModuleManager: Shutting down and abandoning module LogVisualizer (179)
[2016.03.21-14.13.32:285][354]LogModuleManager: Shutting down and abandoning module GameProjectGeneration (178)
[2016.03.21-14.13.32:285][354]LogModuleManager: Shutting down and abandoning module IntroTutorials (177)
[2016.03.21-14.13.32:285][354]LogModuleManager: Shutting down and abandoning module EditorLiveStreaming (176)
[2016.03.21-14.13.32:285][354]LogModuleManager: Shutting down and abandoning module IOSPlatformEditor (175)
[2016.03.21-14.13.32:285][354]LogModuleManager: Shutting down and abandoning module HTML5PlatformEditor (174)
[2016.03.21-14.13.32:285][354]LogModuleManager: Shutting down and abandoning module AndroidDeviceDetection (173)
[2016.03.21-14.13.32:609][354]LogModuleManager: Shutting down and abandoning module AndroidPlatformEditor (172)
[2016.03.21-14.13.32:609][354]LogModuleManager: Shutting down and abandoning module IOSRuntimeSettings (171)
[2016.03.21-14.13.32:609][354]LogModuleManager: Shutting down and abandoning module AndroidRuntimeSettings (170)
[2016.03.21-14.13.32:609][354]LogModuleManager: Shutting down and abandoning module MergeActors (169)
[2016.03.21-14.13.32:609][354]LogModuleManager: Shutting down and abandoning module SizeMap (168)
[2016.03.21-14.13.32:609][354]LogModuleManager: Shutting down and abandoning module TreeMap (167)
[2016.03.21-14.13.32:609][354]LogModuleManager: Shutting down and abandoning module ReferenceViewer (166)
[2016.03.21-14.13.32:609][354]LogModuleManager: Shutting down and abandoning module LocalizationService (165)
[2016.03.21-14.13.32:609][354]LogModuleManager: Shutting down and abandoning module LocalizationDashboard (164)
[2016.03.21-14.13.32:609][354]LogModuleManager: Shutting down and abandoning module HardwareTargeting (163)
[2016.03.21-14.13.32:609][354]LogModuleManager: Shutting down and abandoning module DeviceProfileEditor (162)
[2016.03.21-14.13.32:609][354]LogModuleManager: Shutting down and abandoning module UndoHistory (161)
[2016.03.21-14.13.32:609][354]LogModuleManager: Shutting down and abandoning module GameplayTagsEditor (160)
[2016.03.21-14.13.32:609][354]LogModuleManager: Shutting down and abandoning module UserFeedback (159)
[2016.03.21-14.13.32:609][354]LogModuleManager: Shutting down and abandoning module XmlParser (158)
[2016.03.21-14.13.32:609][354]LogModuleManager: Shutting down and abandoning module Blutility (157)
[2016.03.21-14.13.32:609][354]LogModuleManager: Shutting down and abandoning module ProjectTargetPlatformEditor (156)
[2016.03.21-14.13.32:609][354]LogModuleManager: Shutting down and abandoning module ProjectSettingsViewer (155)
[2016.03.21-14.13.32:609][354]LogModuleManager: Shutting down and abandoning module InputBindingEditor (154)
[2016.03.21-14.13.32:609][354]LogModuleManager: Shutting down and abandoning module EditorSettingsViewer (153)
[2016.03.21-14.13.32:609][354]LogModuleManager: Shutting down and abandoning module SettingsEditor (152)
[2016.03.21-14.13.32:609][354]LogModuleManager: Shutting down and abandoning module ProjectLauncher (151)
[2016.03.21-14.13.32:609][354]LogModuleManager: Shutting down and abandoning module SessionFrontend (150)
[2016.03.21-14.13.32:609][354]LogModuleManager: Shutting down and abandoning module ProfilerClient (149)
[2016.03.21-14.13.32:609][354]LogModuleManager: Shutting down and abandoning module TargetDeviceServices (148)
[2016.03.21-14.13.32:609][354]LogModuleManager: Shutting down and abandoning module DeviceManager (147)
[2016.03.21-14.13.32:609][354]LogModuleManager: Shutting down and abandoning module AutomationController (146)
[2016.03.21-14.13.32:609][354]LogModuleManager: Shutting down and abandoning module AutomationWindow (145)
[2016.03.21-14.13.32:609][354]LogModuleManager: Shutting down and abandoning module Layers (144)
[2016.03.21-14.13.32:609][354]LogModuleManager: Shutting down and abandoning module ComponentVisualizers (143)
[2016.03.21-14.13.32:609][354]LogModuleManager: Shutting down and abandoning module DetailCustomizations (142)
[2016.03.21-14.13.32:609][354]LogModuleManager: Shutting down and abandoning module PackagesDialog (141)
[2016.03.21-14.13.32:610][354]LogModuleManager: Shutting down and abandoning module Persona (140)
[2016.03.21-14.13.32:610][354]LogModuleManager: Shutting down and abandoning module Kismet (139)
[2016.03.21-14.13.32:610][354]LogModuleManager: Shutting down and abandoning module GraphEditor (138)
[2016.03.21-14.13.32:610][354]LogModuleManager: Shutting down and abandoning module ClassViewer (137)
[2016.03.21-14.13.32:610][354]LogModuleManager: Shutting down and abandoning module Toolbox (136)
[2016.03.21-14.13.32:610][354]LogModuleManager: Shutting down and abandoning module ModuleUI (135)
[2016.03.21-14.13.32:610][354]LogModuleManager: Shutting down and abandoning module MovieSceneTools (134)
[2016.03.21-14.13.32:610][354]LogModuleManager: Shutting down and abandoning module OutputLog (133)
[2016.03.21-14.13.32:610][354]LogModuleManager: Shutting down and abandoning module GammaUI (132)
[2016.03.21-14.13.32:610][354]LogModuleManager: Shutting down and abandoning module Documentation (131)
[2016.03.21-14.13.32:610][354]LogModuleManager: Shutting down and abandoning module GameLiveStreaming (130)
[2016.03.21-14.13.32:610][354]LogModuleManager: Shutting down and abandoning module StreamingPauseRendering (129)
[2016.03.21-14.13.32:610][354]LogModuleManager: Shutting down and abandoning module AnalyticsET (128)
[2016.03.21-14.13.32:610][354]LogModuleManager: Shutting down and abandoning module Analytics (127)
[2016.03.21-14.13.32:610][354]LogModuleManager: Shutting down and abandoning module AITestSuite (126)
[2016.03.21-14.13.32:610][354]LogModuleManager: Shutting down and abandoning module GameplayDebugger (125)
[2016.03.21-14.13.32:610][354]LogModuleManager: Shutting down and abandoning module AIModule (124)
[2016.03.21-14.13.32:610][354]LogModuleManager: Shutting down and abandoning module ProfilerService (123)
[2016.03.21-14.13.32:851][354]LogModuleManager: Shutting down and abandoning module TaskGraph (122)
[2016.03.21-14.13.32:851][354]LogModuleManager: Shutting down and abandoning module SlateRemote (121)
[2016.03.21-14.13.32:851][354]LogModuleManager: Shutting down and abandoning module SteamVRController (120)
[2016.03.21-14.13.32:851][354]LogModuleManager: Shutting down and abandoning module SteamVR (119)
[2016.03.21-14.13.32:851][354]LogModuleManager: Shutting down and abandoning module ProceduralMeshComponent (118)
[2016.03.21-14.13.32:851][354]LogModuleManager: Shutting down and abandoning module OculusRift (117)
[2016.03.21-14.13.32:851][354]LogModuleManager: Shutting down and abandoning module OculusLibrary (116)
[2016.03.21-14.13.32:851][354]LogModuleManager: Shutting down and abandoning module LeapMotionController (115)
[2016.03.21-14.13.32:860][354]LogModuleManager: Shutting down and abandoning module CustomMeshComponent (114)
[2016.03.21-14.13.32:860][354]LogModuleManager: Shutting down and abandoning module CableComponent (113)
[2016.03.21-14.13.32:860][354]LogModuleManager: Shutting down and abandoning module ArchVisCharacter (112)
[2016.03.21-14.13.32:860][354]LogModuleManager: Shutting down and abandoning module MessagingDebugger (111)
[2016.03.21-14.13.32:860][354]LogModuleManager: Shutting down and abandoning module MediaPlayerEditor (110)
[2016.03.21-14.13.32:860][354]LogModuleManager: Shutting down and abandoning module HTML5Networking (109)
[2016.03.21-14.13.32:860][354]LogModuleManager: Shutting down and abandoning module SpeedTreeImporter (108)
[2016.03.21-14.13.32:860][354]LogModuleManager: Shutting down and abandoning module PluginBrowser (107)
[2016.03.21-14.13.32:860][354]LogModuleManager: Shutting down and abandoning module EpicSurvey (106)
[2016.03.21-14.13.32:860][354]LogModuleManager: Shutting down and abandoning module DesktopPlatform (105)
[2016.03.21-14.13.32:860][354]LogModuleManager: Shutting down and abandoning module VisualStudioSourceCodeAccess (104)
[2016.03.21-14.13.32:860][354]LogModuleManager: Shutting down and abandoning module UObjectPlugin (103)
[2016.03.21-14.13.32:860][354]LogModuleManager: Shutting down and abandoning module SubversionSourceControl (102)
[2016.03.21-14.13.32:860][354]LogModuleManager: Shutting down and abandoning module PerforceSourceControl (101)
[2016.03.21-14.13.32:860][354]LogModuleManager: Shutting down and abandoning module SourceControl (100)
[2016.03.21-14.13.32:860][354]LogModuleManager: Shutting down and abandoning module GitSourceControl (99)
[2016.03.21-14.13.32:860][354]LogModuleManager: Shutting down and abandoning module LightPropagationVolumeEditor (98)
[2016.03.21-14.13.32:860][354]LogModuleManager: Shutting down and abandoning module PaperTiledImporter (97)
[2016.03.21-14.13.32:860][354]LogModuleManager: Shutting down and abandoning module PaperSpriteSheetImporter (96)
[2016.03.21-14.13.32:860][354]LogModuleManager: Shutting down and abandoning module MeshPaint (95)
[2016.03.21-14.13.32:860][354]LogModuleManager: Shutting down and abandoning module SlateReflector (94)
[2016.03.21-14.13.32:860][354]LogModuleManager: Shutting down and abandoning module HotReload (93)
[2016.03.21-14.13.32:860][354]LogModuleManager: Shutting down and abandoning module MainFrame (92)
[2016.03.21-14.13.32:860][354]LogModuleManager: Shutting down and abandoning module LevelEditor (91)
[2016.03.21-14.13.32:861][354]LogModuleManager: Shutting down and abandoning module DirectoryWatcher (90)
[2016.03.21-14.13.32:862][354]LogModuleManager: Shutting down and abandoning module AssetRegistry (89)
[2016.03.21-14.13.32:904][354]LogModuleManager: Shutting down and abandoning module ContentBrowser (88)
[2016.03.21-14.13.32:905][354]LogModuleManager: Shutting down and abandoning module Paper2DEditor (87)
[2016.03.21-14.13.32:905][354]LogModuleManager: Shutting down and abandoning module TheBeginning (86)
[2016.03.21-14.13.32:905][354]LogModuleManager: Shutting down and abandoning module UdpMessaging (85)
[2016.03.21-14.13.33:006][354]LogModuleManager: Shutting down and abandoning module LightPropagationVolumeRuntime (84)
[2016.03.21-14.13.33:006][354]LogModuleManager: Shutting down and abandoning module Paper2D (83)
[2016.03.21-14.13.33:006][354]LogModuleManager: Shutting down and abandoning module WindowsMoviePlayer (82)
[2016.03.21-14.13.33:010][354]LogModuleManager: Shutting down and abandoning module Media (81)
[2016.03.21-14.13.33:010][354]LogModuleManager: Shutting down and abandoning module WmfMedia (80)
[2016.03.21-14.13.33:010][354]LogModuleManager: Shutting down and abandoning module OnlineBlueprintSupport (79)
[2016.03.21-14.13.33:010][354]LogModuleManager: Shutting down and abandoning module GameplayTasksEditor (78)
[2016.03.21-14.13.33:010][354]LogModuleManager: Shutting down and abandoning module PropertyEditor (77)
[2016.03.21-14.13.33:010][354]LogModuleManager: Shutting down and abandoning module BehaviorTreeEditor (76)
[2016.03.21-14.13.33:010][354]LogModuleManager: Shutting down and abandoning module FunctionalTesting (75)
[2016.03.21-14.13.33:010][354]LogModuleManager: Shutting down and abandoning module CollisionAnalyzer (74)
[2016.03.21-14.13.33:010][354]LogModuleManager: Shutting down and abandoning module WorkspaceMenuStructure (73)
[2016.03.21-14.13.33:010][354]LogModuleManager: Shutting down and abandoning module MessageLog (72)
[2016.03.21-14.13.33:010][354]LogModuleManager: Shutting down and abandoning module Sequencer (71)
[2016.03.21-14.13.33:010][354]LogModuleManager: Shutting down and abandoning module AssetTools (70)
[2016.03.21-14.13.33:010][354]LogModuleManager: Shutting down and abandoning module UMGEditor (69)
[2016.03.21-14.13.33:010][354]LogModuleManager: Shutting down and abandoning module UMG (68)
[2016.03.21-14.13.33:010][354]LogModuleManager: Shutting down and abandoning module Slate (67)
[2016.03.21-14.13.33:010][354]LogModuleManager: Shutting down and abandoning module EditorStyle (66)
[2016.03.21-14.13.33:012][354]LogModuleManager: Shutting down and abandoning module SessionServices (65)
[2016.03.21-14.13.33:012][354]LogModuleManager: Shutting down and abandoning module SourceCodeAccess (64)
[2016.03.21-14.13.33:012][354]LogModuleManager: Shutting down and abandoning module HeadMountedDisplay (63)
[2016.03.21-14.13.33:012][354]LogModuleManager: Shutting down and abandoning module XAudio2 (62)
[2016.03.21-14.13.33:012][354]LogModuleManager: Shutting down and abandoning module Networking (60)
[2016.03.21-14.13.33:012][354]LogModuleManager: Shutting down and abandoning module Core (59)
[2016.03.21-14.13.33:012][354]LogModuleManager: Shutting down and abandoning module KismetCompiler (58)
[2016.03.21-14.13.33:012][354]LogModuleManager: Shutting down and abandoning module PhysXFormats (57)
[2016.03.21-14.13.33:012][354]LogModuleManager: Shutting down and abandoning module MeshUtilities (56)
[2016.03.21-14.13.33:012][354]LogModuleManager: Shutting down and abandoning module CookingStats (55)
[2016.03.21-14.13.33:015][354]LogModuleManager: Shutting down and abandoning module DerivedDataCache (54)
[2016.03.21-14.13.33:041][354]LogDerivedDataCache: Shutdown
[2016.03.21-14.13.33:041][354]LogModuleManager: Shutting down and abandoning module ShaderFormatOpenGL (53)
[2016.03.21-14.13.33:041][354]LogModuleManager: Shutting down and abandoning module ShaderFormatD3D (52)
[2016.03.21-14.13.33:041][354]LogModuleManager: Shutting down and abandoning module MetalShaderFormat (51)
[2016.03.21-14.13.33:041][354]LogModuleManager: Shutting down and abandoning module TextureFormatUncompressed (50)
[2016.03.21-14.13.33:041][354]LogModuleManager: Shutting down and abandoning module TextureFormatPVR (49)
[2016.03.21-14.13.33:041][354]LogModuleManager: Shutting down and abandoning module TextureFormatIntelISPCTexComp (48)
[2016.03.21-14.13.33:041][354]LogModuleManager: Shutting down and abandoning module TextureFormatDXT (47)
[2016.03.21-14.13.33:041][354]LogModuleManager: Shutting down and abandoning module ImageWrapper (46)
[2016.03.21-14.13.33:041][354]LogModuleManager: Shutting down and abandoning module TextureFormatASTC (45)
[2016.03.21-14.13.33:041][354]LogModuleManager: Shutting down and abandoning module TextureFormatAndroid (44)
[2016.03.21-14.13.33:041][354]LogModuleManager: Shutting down and abandoning module AudioFormatOpus (43)
[2016.03.21-14.13.33:041][354]LogModuleManager: Shutting down and abandoning module AudioFormatOgg (42)
[2016.03.21-14.13.33:041][354]LogModuleManager: Shutting down and abandoning module AudioFormatADPCM (41)
[2016.03.21-14.13.33:041][354]LogModuleManager: Shutting down and abandoning module LinuxTargetPlatform (40)
[2016.03.21-14.13.33:041][354]LogModuleManager: Shutting down and abandoning module LinuxServerTargetPlatform (39)
[2016.03.21-14.13.33:041][354]LogModuleManager: Shutting down and abandoning module LinuxNoEditorTargetPlatform (38)
[2016.03.21-14.13.33:041][354]LogModuleManager: Shutting down and abandoning module Messaging (37)
[2016.03.21-14.13.33:041][354]LogModuleManager: Shutting down and abandoning module IOSTargetPlatform (36)
[2016.03.21-14.13.33:041][354]LogModuleManager: Shutting down and abandoning module HTML5TargetPlatform (35)
[2016.03.21-14.13.33:041][354]LogModuleManager: Shutting down and abandoning module Android_PVRTCTargetPlatform (34)
[2016.03.21-14.13.33:041][354]LogModuleManager: Shutting down and abandoning module Android_ETC2TargetPlatform (33)
[2016.03.21-14.13.33:041][354]LogModuleManager: Shutting down and abandoning module Android_ETC1TargetPlatform (32)
[2016.03.21-14.13.33:041][354]LogModuleManager: Shutting down and abandoning module Android_DXTTargetPlatform (31)
[2016.03.21-14.13.33:041][354]LogModuleManager: Shutting down and abandoning module Android_ATCTargetPlatform (30)
[2016.03.21-14.13.33:041][354]LogModuleManager: Shutting down and abandoning module Android_ASTCTargetPlatform (29)
[2016.03.21-14.13.33:041][354]LogModuleManager: Shutting down and abandoning module AndroidTargetPlatform (28)
[2016.03.21-14.13.33:041][354]LogModuleManager: Shutting down and abandoning module WindowsTargetPlatform (27)
[2016.03.21-14.13.33:041][354]LogModuleManager: Shutting down and abandoning module WindowsServerTargetPlatform (26)
[2016.03.21-14.13.33:041][354]LogModuleManager: Shutting down and abandoning module WindowsNoEditorTargetPlatform (25)
[2016.03.21-14.13.33:041][354]LogModuleManager: Shutting down and abandoning module WindowsClientTargetPlatform (24)
[2016.03.21-14.13.33:041][354]LogModuleManager: Shutting down and abandoning module AllDesktopTargetPlatform (23)
[2016.03.21-14.13.33:041][354]LogModuleManager: Shutting down and abandoning module TargetPlatform (22)
[2016.03.21-14.13.33:041][354]LogModuleManager: Shutting down and abandoning module InputCore (21)
[2016.03.21-14.13.33:041][354]LogModuleManager: Shutting down and abandoning module Settings (20)
[2016.03.21-14.13.33:041][354]LogModuleManager: Shutting down and abandoning module OnlineSubsystem (18)
[2016.03.21-14.13.33:041][354]LogModuleManager: Shutting down and abandoning module HTTP (17)
[2016.03.21-14.13.35:044][354]LogModuleManager: Shutting down and abandoning module XMPP (16)
[2016.03.21-14.13.35:044][354]LogModuleManager: Shutting down and abandoning module ExampleDeviceProfileSelector (15)
[2016.03.21-14.13.35:044][354]LogModuleManager: Shutting down and abandoning module TextureCompressor (14)
[2016.03.21-14.13.35:044][354]LogModuleManager: Shutting down and abandoning module ShaderCore (13)
[2016.03.21-14.13.35:044][354]LogModuleManager: Shutting down and abandoning module Landscape (12)
[2016.03.21-14.13.35:044][354]LogModuleManager: Shutting down and abandoning module SlateRHIRenderer (11)
[2016.03.21-14.13.35:045][354]LogModuleManager: Shutting down and abandoning module OpenGLDrv (10)
[2016.03.21-14.13.35:045][354]LogModuleManager: Shutting down and abandoning module D3D11RHI (9)
[2016.03.21-14.13.35:045][354]LogModuleManager: Shutting down and abandoning module AnimGraphRuntime (8)
[2016.03.21-14.13.35:045][354]LogModuleManager: Shutting down and abandoning module Renderer (7)
[2016.03.21-14.13.35:045][354]LogModuleManager: Shutting down and abandoning module Engine (6)
[2016.03.21-14.13.35:045][354]LogModuleManager: Shutting down and abandoning module CoreUObject (5)
[2016.03.21-14.13.35:045][354]LogModuleManager: Shutting down and abandoning module NetworkFile (4)
[2016.03.21-14.13.35:045][354]LogModuleManager: Shutting down and abandoning module StreamingFile (3)
[2016.03.21-14.13.35:045][354]LogModuleManager: Shutting down and abandoning module SandboxFile (2)
[2016.03.21-14.13.35:045][354]LogModuleManager: Shutting down and abandoning module PakFile (1)
[2016.03.21-14.13.35:045][354]LogExit: Exiting.
[2016.03.21-14.13.35:047][354]Log file closed, 03/21/16 15:13:35
