[2016.03.06-15.46.00:983][  0]Log file open, 03/06/16 16:46:00
[2016.03.06-15.46.00:983][  0]LogInit:Display: Running engine for game: TheBeginning
[2016.03.06-15.46.00:983][  0]LogInit:Display: RandInit(1311016499) SRandInit(1311016500).
[2016.03.06-15.46.00:983][  0]LogTaskGraph: Started task graph with 4 named threads and 7 total threads.
[2016.03.06-15.46.00:983][  0]LogStats: Stats thread started at 1.716497
[2016.03.06-15.46.00:983][  0]LogInit: Version: 4.9.2-2707645+++depot+UE4-Releases+4.9
[2016.03.06-15.46.00:983][  0]LogInit: API Version: 2672455
[2016.03.06-15.46.00:983][  0]LogInit: Compiled (64-bit): Sep 28 2015 10:25:44
[2016.03.06-15.46.00:983][  0]LogInit: Compiled with Visual C++: 18.00.21005.01
[2016.03.06-15.46.00:983][  0]LogInit: Build Configuration: Development
[2016.03.06-15.46.00:983][  0]LogInit: Branch Name: ++depot+UE4-Releases+4.9
[2016.03.06-15.46.00:983][  0]LogInit: Command line:  
[2016.03.06-15.46.00:983][  0]LogInit: Base directory: D:/Programme/Epic Games/4.9/Engine/Binaries/Win64/
[2016.03.06-15.46.00:983][  0]LogInit: Rocket: 1
[2016.03.06-15.46.01:057][  0]LogInit: Using libcurl 7.41.0
[2016.03.06-15.46.01:057][  0]LogInit:  - built for x86_64-pc-win32
[2016.03.06-15.46.01:057][  0]LogInit:  - supports SSL with WinSSL
[2016.03.06-15.46.01:057][  0]LogInit:  - other features:
[2016.03.06-15.46.01:057][  0]LogInit:      CURL_VERSION_SSL
[2016.03.06-15.46.01:057][  0]LogInit:      CURL_VERSION_IPV6
[2016.03.06-15.46.01:057][  0]LogInit:      CURL_VERSION_ASYNCHDNS
[2016.03.06-15.46.01:057][  0]LogInit:      CURL_VERSION_LARGEFILE
[2016.03.06-15.46.01:057][  0]LogInit:      CURL_VERSION_IDN
[2016.03.06-15.46.01:058][  0]LogInit:  CurlRequestOptions (configurable via config and command line):
[2016.03.06-15.46.01:058][  0]LogInit:  - bVerifyPeer = true  - Libcurl will verify peer certificate
[2016.03.06-15.46.01:058][  0]LogInit:  - bUseHttpProxy = false  - Libcurl will NOT use HTTP proxy
[2016.03.06-15.46.01:058][  0]LogInit:  - bDontReuseConnections = false  - Libcurl will reuse connections
[2016.03.06-15.46.01:058][  0]LogInit:  - CertBundlePath = nullptr  - Libcurl will use whatever was configured at build time.
[2016.03.06-15.46.01:150][  0]LogInit: Presizing for 0 objects not considered by GC, pre-allocating 0 bytes.
[2016.03.06-15.46.01:308][  0]LogInit: Object subsystem initialized
[2016.03.06-15.46.01:453][  0]LogInit: Selected Device Profile: [Windows]
[2016.03.06-15.46.01:453][  0]LogInit: Applying CVar settings loaded from the selected device profile: [Windows]
[2016.03.06-15.46.01:526][  0]LogInit: Computer: PC1021500895
[2016.03.06-15.46.01:526][  0]LogInit: User: VR
[2016.03.06-15.46.01:526][  0]LogInit: CPU Page size=4096, Cores=4
[2016.03.06-15.46.01:530][  0]LogInit: High frequency timer resolution =3.507503 MHz
[2016.03.06-15.46.01:531][  0]LogMemory: Memory total: Physical=15.9GB (16GB approx)
[2016.03.06-15.46.01:531][  0]LogMemory: Platform Memory Stats for Windows
[2016.03.06-15.46.01:531][  0]LogMemory: Process Physical Memory: 53.13 MB used, 53.13 MB peak
[2016.03.06-15.46.01:531][  0]LogMemory: Process Virtual Memory: 55.16 MB used, 55.16 MB peak
[2016.03.06-15.46.01:531][  0]LogMemory: Physical Memory: 2698.99 MB used, 16261.17 MB total
[2016.03.06-15.46.01:531][  0]LogMemory: Virtual Memory: 346.75 MB used, 134217728.00 MB total
[2016.03.06-15.46.02:267][  0]LogTextLocalizationManager: No translations for ('de-DE') exist, falling back to 'en' for localization and internationalization data.
[2016.03.06-15.46.03:275][  0]LogD3D11RHI: Found D3D11 adapter 0: NVIDIA GeForce GTX 970 (Feature Level 11_0)
[2016.03.06-15.46.03:275][  0]LogD3D11RHI: Adapter has 3976MB of dedicated video memory, 0MB of dedicated system memory, and 8130MB of shared system memory, 1 output[s]
[2016.03.06-15.46.03:275][  0]LogD3D11RHI: Found D3D11 adapter 1: Microsoft Basic Render Driver (Feature Level 11_0)
[2016.03.06-15.46.03:275][  0]LogD3D11RHI: Adapter has 0MB of dedicated video memory, 0MB of dedicated system memory, and 256MB of shared system memory, 0 output[s]
[2016.03.06-15.46.03:275][  0]LogD3D11RHI: Chosen D3D11 Adapter Id = 0
[2016.03.06-15.46.03:278][  0]LogD3D11RHI: !Direct3DDevice
[2016.03.06-15.46.03:278][  0]LogRHI: Texture pool is 1361 MB (70% of 1945 MB)
[2016.03.06-15.46.03:286][  0]LogD3D11RHI: Async texture creation enabled
[2016.03.06-15.46.03:503][  0]LogShaderCompilers: Guid format shader working directory is 15 characters bigger than the processId version (../../../../../../UnrealProjects/GE_Project/Intermediate/Shaders/WorkingDirectory/8740/).
[2016.03.06-15.46.03:503][  0]LogShaderCompilers: Cleaned the shader compiler working directory '../../../../../../UnrealProjects/GE_Project/Intermediate/Shaders/tmp/714FC2E341447EF4F6FDE383AAC09FBD/'.
[2016.03.06-15.46.03:503][  0]LogShaderCompilers:Display: Using Local Shader Compiler.
[2016.03.06-15.46.05:649][  0]LogTemp:Display: Loaded TP AllDesktopTargetPlatform
[2016.03.06-15.46.05:652][  0]LogTemp:Display: Loaded TP WindowsClientTargetPlatform
[2016.03.06-15.46.05:655][  0]LogTemp:Display: Loaded TP WindowsNoEditorTargetPlatform
[2016.03.06-15.46.05:658][  0]LogTemp:Display: Loaded TP WindowsServerTargetPlatform
[2016.03.06-15.46.05:661][  0]LogTemp:Display: Loaded TP WindowsTargetPlatform
[2016.03.06-15.46.05:676][  0]LogTemp:Display: Loaded TP AndroidTargetPlatform
[2016.03.06-15.46.05:679][  0]LogTemp:Display: Loaded TP Android_ASTCTargetPlatform
[2016.03.06-15.46.05:681][  0]LogTemp:Display: Loaded TP Android_ATCTargetPlatform
[2016.03.06-15.46.05:684][  0]LogTemp:Display: Loaded TP Android_DXTTargetPlatform
[2016.03.06-15.46.05:687][  0]LogTemp:Display: Loaded TP Android_ETC1TargetPlatform
[2016.03.06-15.46.05:689][  0]LogTemp:Display: Loaded TP Android_ETC2TargetPlatform
[2016.03.06-15.46.05:692][  0]LogTemp:Display: Loaded TP Android_PVRTCTargetPlatform
[2016.03.06-15.46.05:692][  0]LogTemp:Display: Loaded TP HTML5TargetPlatform
[2016.03.06-15.46.05:767][  0]LogTemp:Display: Loaded TP IOSTargetPlatform
[2016.03.06-15.46.05:770][  0]LogTemp:Display: Loaded TP LinuxNoEditorTargetPlatform
[2016.03.06-15.46.05:773][  0]LogTemp:Display: Loaded TP LinuxServerTargetPlatform
[2016.03.06-15.46.05:777][  0]LogTemp:Display: Loaded TP LinuxTargetPlatform
[2016.03.06-15.46.05:778][  0]LogTargetPlatformManager:Display: Building Assets For Windows
[2016.03.06-15.46.06:257][  0]LogDerivedDataCache:Display: Max Cache Size: 512 MB
[2016.03.06-15.46.06:416][  0]LogDerivedDataCache: Loaded boot cache 0.16s 41MB C:/Users/VR/AppData/Local/UnrealEngine/4.9/DerivedDataCache/Boot.ddc.
[2016.03.06-15.46.06:416][  0]LogDerivedDataCache:Display: Loaded Boot cache: C:/Users/VR/AppData/Local/UnrealEngine/4.9/DerivedDataCache/Boot.ddc
[2016.03.06-15.46.06:416][  0]LogDerivedDataCache: FDerivedDataBackendGraph:  Pak pak cache file ../../../../../../UnrealProjects/GE_Project/DerivedDataCache/DDC.ddp not found, will not use a pak cache.
[2016.03.06-15.46.06:416][  0]LogDerivedDataCache: Unable to find inner node Pak for hierarchical cache Hierarchy.
[2016.03.06-15.46.06:416][  0]LogDerivedDataCache: FDerivedDataBackendGraph:  CompressedPak pak cache file ../../../../../../UnrealProjects/GE_Project/DerivedDataCache/Compressed.ddp not found, will not use a pak cache.
[2016.03.06-15.46.06:416][  0]LogDerivedDataCache: Unable to find inner node CompressedPak for hierarchical cache Hierarchy.
[2016.03.06-15.46.06:576][  0]LogDerivedDataCache:Display: Pak cache opened for reading ../../../Engine/DerivedDataCache/Compressed.ddp.
[2016.03.06-15.46.06:590][  0]LogDerivedDataCache: Using Local data cache path C:/Users/VR/AppData/Local/UnrealEngine/Common/DerivedDataCache: Writable
[2016.03.06-15.46.12:282][  0]LogInit: Selected Device Profile: [Windows]
[2016.03.06-15.46.12:331][  0]LogContentStreaming: Texture pool size is 0.000000MB
[2016.03.06-15.46.13:029][  0]LogMeshUtilities: No automatic mesh reduction module available
[2016.03.06-15.46.13:029][  0]LogMeshUtilities: No automatic mesh merging module available
[2016.03.06-15.46.14:905][  0]LogInit: WinSock: version 1.1 (2.2), MaxSocks=32767, MaxUdp=65467
[2016.03.06-15.46.23:432][  0]UdpMessaging: Initializing bridge on interface 0.0.0.0:0 to multicast group 230.0.0.1:6666.
[2016.03.06-15.46.23:770][  0]LogAssetRegistry: FAssetRegistry took 0.0132 seconds to start up
[2016.03.06-15.46.25:267][  0]SourceControl: Info Source control is disabled
[2016.03.06-15.46.25:311][  0]SourceControl: Info Source control is disabled
[2016.03.06-15.46.25:376][  0]SourceControl: Info Source control is disabled
[2016.03.06-15.46.25:396][  0]SourceControl: Info Source control is disabled
[2016.03.06-15.46.26:159][  0]LogLinker:Warning: Asset '../../../Engine/Plugins/Runtime/LeapMotionController/Content/LM_PassthroughMaterial.uasset' has been saved with empty engine version. The asset will be loaded but may be incompatible.
[2016.03.06-15.46.26:364][  0]LeapPluginLog: Using LeapPlugin version 0.9.6
[2016.03.06-15.46.26:368][  0]LogObj: 29222 objects as part of root set at end of initial load.
[2016.03.06-15.46.26:368][  0]LogUObjectAllocator: 6223848 out of 0 bytes used by permanent object pool.
[2016.03.06-15.46.26:805][  0]LogEngine: Initializing Engine...
[2016.03.06-15.46.26:859][  0]OCULUS: Info: 03/06/16 15:46:26: [CAPI] LibOVR module is located at C:\Windows\SYSTEM32\LibOVRRT64_0_7.dll

[2016.03.06-15.46.26:866][  0]LogHMD: Oculus plugin initialized. Version: 4.9.2-2707645+++depot+UE4-Releases+4.9, LibOVR: 0.7.0.0, built Sep 28 2015, 10:27:52
[2016.03.06-15.46.27:343][  0]LogAIModule: Creating AISystem for world NewWorld
[2016.03.06-15.46.27:454][  0]LogInit: XAudio2 using 'Speakers (Realtek High Definition Audio)' : 2 channels at 48 kHz using 32 bits per sample (channel mask 0x3)
[2016.03.06-15.46.27:634][  0]LogInit: FAudioDevice initialized.
[2016.03.06-15.46.27:653][  0]LogDerivedDataCache: Saved boot cache 0.02s 41MB C:/Users/VR/AppData/Local/UnrealEngine/4.9/DerivedDataCache/Boot.ddc.
[2016.03.06-15.46.27:656][  0]LogInit: Texture streaming: Enabled
[2016.03.06-15.46.27:680][  0]LogAnalytics: Creating configured Analytics provider AnalyticsET
[2016.03.06-15.46.27:689][  0]LogAnalytics: [UEEditor.Rocket.Release] APIServer = http://et2.epicgames.com/ET2/. AppVersion = 4.9.2-2707645+++depot+UE4-Releases+4.9
[2016.03.06-15.46.27:689][  0]LogAnalytics: [UEEditor.Rocket.Release] SetUserId 8c1436b7469470d4e6ebefb46ce7086e|0318ce7eb266467aa7a1e63543527494|c39e7128-8a93-45bc-b94e-b28d0faf1958
[2016.03.06-15.46.27:689][  0]LogAnalytics: [UEEditor.Rocket.Release] AnalyticsET::StartSession
[2016.03.06-15.46.27:917][  0]LogInit: Transaction tracking system initialized
[2016.03.06-15.46.28:307][  0]BlueprintLog: New page: Editor Load
[2016.03.06-15.46.29:811][  0]LocalizationService: Info Localization service is disabled
[2016.03.06-15.46.30:364][  0]LogLinker:Warning: Can't find file '/Game/FirstPersonBP/FirstPersonOverview'
[2016.03.06-15.46.30:364][  0]LogLinker:Warning: Can't find file '/Game/FirstPersonBP/FirstPersonOverview'
[2016.03.06-15.46.30:383][  0]LogUObjectGlobals:Warning: Failed to find object 'Class /Game/FirstPersonBP/FirstPersonOverview.FirstPersonOverview_C'
[2016.03.06-15.46.30:723][  0]LogConsoleResponse:Display: 
[2016.03.06-15.46.32:841][  0]LogFileCache: Scanning file cache for directory 'D:/UnrealProjects/GE_Project/Content/' took 0.01s
[2016.03.06-15.46.32:841][  0]LogCook:Display: Done creating registry. It took  0.00s.
[2016.03.06-15.46.33:846][  0]SourceControl: Info Source control is disabled
[2016.03.06-15.46.33:942][  0]Cmd: MAP LOAD FILE="../../../../../../UnrealProjects/GE_Project/Content/StarterContent/Maps/Minimal_Default.umap" TEMPLATE=0 SHOWPROGRESS=1 FEATURELEVEL=3
[2016.03.06-15.46.34:009][  0]LightingResults: New page: Lighting Build
[2016.03.06-15.46.34:232][  0]MapCheck: New page: Map Check
[2016.03.06-15.46.34:232][  0]LightingResults: New page: Lighting Build
[2016.03.06-15.46.34:640][  0]LogParticles: Destroying 0 GPU particle simulations for FXSystem 0x00000058CE724C20
[2016.03.06-15.46.36:714][  0]LogAIModule: Creating AISystem for world Minimal_Default
[2016.03.06-15.46.37:356][  0]LogEditorServer: Finished looking for orphan Actors (0.000 secs)
[2016.03.06-15.46.37:419][  0]Cmd: MAP CHECKDEP NOCLEARLOG
[2016.03.06-15.46.37:510][  0]MapCheck: Info Map check complete: 0 Error(s), 0 Warning(s), took 91.507ms to complete.
[2016.03.06-15.46.37:529][  0]LogFileHelpers: Loading map 'Minimal_Default' took 3.634
[2016.03.06-15.46.39:670][  0]LogCollectionManager: Loaded 0 collections in 0.001039 seconds
[2016.03.06-15.46.39:852][  0]LogFileCache: Scanning file cache for directory 'D:/UnrealProjects/GE_Project/Saved/Collections/' took 0.01s
[2016.03.06-15.46.39:852][  0]LogFileCache: Scanning file cache for directory 'D:/UnrealProjects/GE_Project/Content/Developers/VR/Collections/' took 0.01s
[2016.03.06-15.46.39:852][  0]LogFileCache: Scanning file cache for directory 'D:/UnrealProjects/GE_Project/Content/Collections/' took 0.01s
[2016.03.06-15.46.39:852][  0]LogContentBrowser: Native class hierarchy populated in 0.0781 seconds. Added 1916 classes and 347 folders.
[2016.03.06-15.46.39:939][  0]LogCollectionManager: Rebuilt the GUID cache for 0 collections in 0.000003 seconds
[2016.03.06-15.46.40:035][  0]LogContentBrowser: Native class hierarchy updated for 'WidgetCarousel' in 0.0008 seconds. Added 0 classes and 0 folders.
[2016.03.06-15.46.42:018][  0]LogContentBrowser: Native class hierarchy updated for 'AddContentDialog' in 0.0010 seconds. Added 0 classes and 0 folders.
[2016.03.06-15.46.42:060][  0]LogContentBrowser: Native class hierarchy updated for 'SceneOutliner' in 0.0010 seconds. Added 1 classes and 2 folders.
[2016.03.06-15.46.43:589][  0]LogCrashTracker: Crashtracker disabled due to settings.
[2016.03.06-15.46.43:776][  0]LogUObjectGlobals:Warning: Failed to find object 'Class None.'
[2016.03.06-15.46.43:860][  0]LogLoad: Full Startup: 47.59 seconds (BP compile: 0.34 seconds)
[2016.03.06-15.46.44:584][  0]LogContentStreaming: Texture pool size now 1000 MB
[2016.03.06-15.46.45:540][  0]LogRenderer: Reallocating scene render targets to support 1216x576 (Frame:2).
[2016.03.06-15.46.48:089][  5]LogAssetRegistry: Asset discovery search completed in 24.3300 seconds
[2016.03.06-15.46.48:089][  5]LogCollectionManager: Rebuilt the object cache for 0 collections in 0.000001 seconds (found 0 objects)
[2016.03.06-15.46.48:095][  5]LogCollectionManager: Fixed up redirectors for 0 collections in 0.000023 seconds (updated 0 objects)
[2016.03.06-15.46.51:748][ 90]LogFileCache: Retrieving MD5 hashes for directory 'D:/UnrealProjects/GE_Project/Content/' took 7.79s
[2016.03.06-15.46.52:283][127]LogLinker:Warning: Asset '../../../Engine/Content/ArtTools/RenderToTexture/Macros/RenderToTextureMacros.uasset' has been saved with empty engine version. The asset will be loaded but may be incompatible.
[2016.03.06-15.46.53:001][127]LogContentBrowser: Native class hierarchy updated for 'BlueprintGraph' in 0.0011 seconds. Added 107 classes and 0 folders.
[2016.03.06-15.49.14:396][936]Cmd: TRANSACTION UNDO
[2016.03.06-15.49.14:397][936]LogEditorTransaction: Undo Edit Color and Opacity
[2016.03.06-15.49.33:340][443]BlueprintLog: New page: Compile MainMenu
[2016.03.06-15.49.33:628][443]BlueprintEditorCompileResults: Info [0217.36] Compile of MainMenu successful! [in 287 ms]
[2016.03.06-15.49.34:200][485]Cmd: OBJ SAVEPACKAGE PACKAGE="/Game/Blueprints/MainMenu" FILE="../../../../../../UnrealProjects/GE_Project/Content/Blueprints/MainMenu.uasset" SILENT=true
[2016.03.06-15.49.34:335][485]LogSavePackage: Save=31.389282ms
[2016.03.06-15.49.34:335][485]LogSavePackage: Moving '../../../../../../UnrealProjects/GE_Project/Saved/MainMenu5C5001AB4C935E487119409280018DBD.tmp' to '../../../../../../UnrealProjects/GE_Project/Content/Blueprints/MainMenu.uasset'
[2016.03.06-15.49.34:337][485]LogSavePackage: Total save time: 134.862609ms
[2016.03.06-15.49.34:337][485]LogSavePackage:Warning: Finished SavePackage ../../../../../../UnrealProjects/GE_Project/Content/Blueprints/MainMenu.uasset
[2016.03.06-15.49.43:118][441]Cmd: MAP LOAD FILE="../../../../../../UnrealProjects/GE_Project/Content/MyFirstLevel.umap" TEMPLATE=0 SHOWPROGRESS=1 FEATURELEVEL=3
[2016.03.06-15.49.43:130][441]LightingResults: New page: Lighting Build
[2016.03.06-15.49.43:146][441]LoadErrors: New page: Loading map: MyFirstLevel.umap
[2016.03.06-15.49.43:168][441]MapCheck: New page: Map Check
[2016.03.06-15.49.43:168][441]LightingResults: New page: Lighting Build
[2016.03.06-15.49.43:209][441]LogParticles: Destroying 0 GPU particle simulations for FXSystem 0x00000058BB90B420
[2016.03.06-15.49.43:535][441]LogBlueprint:Warning: [compiler Ue4ASP_Character] Warning Input Axis Event references unknown Axis 'LookUp' for  InputAxis LookUp 
[2016.03.06-15.49.43:536][441]LogBlueprint:Warning: [compiler Ue4ASP_Character] Warning Input Axis Event references unknown Axis 'Turn' for  InputAxis Turn 
[2016.03.06-15.49.43:536][441]LogBlueprint:Warning: [compiler Ue4ASP_Character] Warning Input Axis Event references unknown Axis 'MoveRight' for  InputAxis MoveRight 
[2016.03.06-15.49.43:536][441]LogBlueprint:Warning: [compiler Ue4ASP_Character] Warning Input Axis Event references unknown Axis 'MoveForward' for  InputAxis MoveForward 
[2016.03.06-15.49.43:538][441]LogBlueprint:Warning: [compiler Ue4ASP_Character] Warning [0227.27] Compile of Ue4ASP_Character successful, but with 4 Warning(s) [in 5 ms]
[2016.03.06-15.49.43:538][441]LogBlueprint:Warning: [compiler Ue4ASP_Character] Warning [0227.27] Compile of Ue4ASP_Character successful, but with 5 Warning(s) [in 0 ms]
[2016.03.06-15.49.43:538][441]LogBlueprint:Warning: [compiler Ue4ASP_Character] Warning [0227.27] Compile of Ue4ASP_Character successful, but with 6 Warning(s) [in 0 ms]
[2016.03.06-15.49.43:609][441]LogBlueprint:Warning: [compiler Ue4ASP_Character] Warning Input Axis Event references unknown Axis 'LookUp' for  InputAxis LookUp 
[2016.03.06-15.49.43:610][441]LogBlueprint:Warning: [compiler Ue4ASP_Character] Warning Input Axis Event references unknown Axis 'Turn' for  InputAxis Turn 
[2016.03.06-15.49.43:610][441]LogBlueprint:Warning: [compiler Ue4ASP_Character] Warning Input Axis Event references unknown Axis 'MoveRight' for  InputAxis MoveRight 
[2016.03.06-15.49.43:610][441]LogBlueprint:Warning: [compiler Ue4ASP_Character] Warning Input Axis Event references unknown Axis 'MoveForward' for  InputAxis MoveForward 
[2016.03.06-15.49.43:612][441]LogBlueprint:Warning: [compiler Ue4ASP_Character] Warning [0227.34] Compile of Ue4ASP_Character successful, but with 4 Warning(s) [in 5 ms]
[2016.03.06-15.49.43:612][441]LogBlueprint:Warning: [compiler Ue4ASP_Character] Warning [0227.34] Compile of Ue4ASP_Character successful, but with 5 Warning(s) [in 0 ms]
[2016.03.06-15.49.43:612][441]LogBlueprint:Warning: [compiler Ue4ASP_Character] Warning [0227.34] Compile of Ue4ASP_Character successful, but with 6 Warning(s) [in 0 ms]
[2016.03.06-15.49.45:780][441]LogAIModule: Creating AISystem for world MyFirstLevel
[2016.03.06-15.49.47:071][441]LogEditorServer: Finished looking for orphan Actors (0.000 secs)
[2016.03.06-15.49.47:115][441]Cmd: MAP CHECKDEP NOCLEARLOG
[2016.03.06-15.49.47:164][441]MapCheck: Info Map check complete: 0 Error(s), 0 Warning(s), took 48.852ms to complete.
[2016.03.06-15.49.47:164][441]LogFileHelpers: Loading map 'MyFirstLevel' took 4.048
[2016.03.06-15.49.47:222][442]Cmd: UpdateLandscapeEditorData -warnings
[2016.03.06-15.49.48:749][602]LogBlueprintUserMessages: Early PlayInEditor Detection: Level '/Game/MyFirstLevel.MyFirstLevel:PersistentLevel' has LevelScriptBlueprint '/Game/MyFirstLevel.MyFirstLevel:PersistentLevel.MyFirstLevel' with GeneratedClass '/Game/MyFirstLevel.MyFirstLevel_C' with ClassGeneratedBy '/Game/MyFirstLevel.MyFirstLevel:PersistentLevel.MyFirstLevel'
[2016.03.06-15.49.48:749][602]LogPlayLevel: PlayLevel: No blueprints needed recompiling
[2016.03.06-15.49.48:750][602]LogHMD:Warning: HMD Oculus Rift DK2, res = 1920 x 1080
[2016.03.06-15.49.48:758][602]PIE: New page: PIE session: MyFirstLevel (Mar 6, 2016, 5:49:48 PM)
[2016.03.06-15.49.48:758][602]LogPlayLevel: Creating play world package: /Game/UEDPIE_0_MyFirstLevel
[2016.03.06-15.49.48:799][602]LogPlayLevel: PIE: StaticDuplicateObject took: (0.040856s)
[2016.03.06-15.49.48:799][602]LogAIModule: Creating AISystem for world MyFirstLevel
[2016.03.06-15.49.48:799][602]LogPlayLevel: PIE: World Init took: (0.000454s)
[2016.03.06-15.49.48:800][602]LogPlayLevel: PIE: Created PIE world by copying editor world from /Game/MyFirstLevel.MyFirstLevel to /Game/UEDPIE_0_MyFirstLevel.MyFirstLevel (0.041555s)
[2016.03.06-15.49.48:838][602]LogInit: XAudio2 using 'Speakers (Realtek High Definition Audio)' : 2 channels at 48 kHz using 32 bits per sample (channel mask 0x3)
[2016.03.06-15.49.48:845][602]LogInit: FAudioDevice initialized.
[2016.03.06-15.49.49:054][602]LogWorld: Game class is 'BP_TheBeginningGameMode_C'
[2016.03.06-15.49.49:104][602]LogWorld: Bringing World /Game/UEDPIE_0_MyFirstLevel.MyFirstLevel up for play (max tick rate 0) at 2016.03.06-16.49.49
[2016.03.06-15.49.49:104][602]LogActor:Warning: GameSession /Game/UEDPIE_0_MyFirstLevel.MyFirstLevel:PersistentLevel.GameSession_0 has natively added scene component(s), but none of them were set as the actor's RootComponent - picking one arbitrarily
[2016.03.06-15.49.49:104][602]LogActor:Warning: GameNetworkManager /Game/UEDPIE_0_MyFirstLevel.MyFirstLevel:PersistentLevel.GameNetworkManager_0 has natively added scene component(s), but none of them were set as the actor's RootComponent - picking one arbitrarily
[2016.03.06-15.49.49:153][602]LogWorld: Bringing up level for play took: 0.097445
[2016.03.06-15.49.49:259][602]PIE: Info Play in editor start time for /Game/UEDPIE_0_MyFirstLevel 1.124
[2016.03.06-15.49.49:259][602]LogBlueprintUserMessages: Late PlayInEditor Detection: Level '/Game/MyFirstLevel.MyFirstLevel:PersistentLevel' has LevelScriptBlueprint '/Game/MyFirstLevel.MyFirstLevel:PersistentLevel.MyFirstLevel' with GeneratedClass '/Game/MyFirstLevel.MyFirstLevel_C' with ClassGeneratedBy '/Game/MyFirstLevel.MyFirstLevel:PersistentLevel.MyFirstLevel'
[2016.03.06-15.50.10:346][103]LogBlueprintUserMessages: Early EndPlayMap Detection: Level '/Game/MyFirstLevel.MyFirstLevel:PersistentLevel' has LevelScriptBlueprint '/Game/MyFirstLevel.MyFirstLevel:PersistentLevel.MyFirstLevel' with GeneratedClass '/Game/MyFirstLevel.MyFirstLevel_C' with ClassGeneratedBy '/Game/MyFirstLevel.MyFirstLevel:PersistentLevel.MyFirstLevel'
[2016.03.06-15.50.10:455][103]LogBlueprintUserMessages: Late EndPlayMap Detection: Level '/Game/MyFirstLevel.MyFirstLevel:PersistentLevel' has LevelScriptBlueprint '/Game/MyFirstLevel.MyFirstLevel:PersistentLevel.MyFirstLevel' with GeneratedClass '/Game/MyFirstLevel.MyFirstLevel_C' with ClassGeneratedBy '/Game/MyFirstLevel.MyFirstLevel:PersistentLevel.MyFirstLevel'
[2016.03.06-15.50.10:488][103]LogParticles: Destroying 0 GPU particle simulations for FXSystem 0x00000058E13240E0
[2016.03.06-16.05.38:979][920]LogBlueprintUserMessages: Early PlayInEditor Detection: Level '/Game/MyFirstLevel.MyFirstLevel:PersistentLevel' has LevelScriptBlueprint '/Game/MyFirstLevel.MyFirstLevel:PersistentLevel.MyFirstLevel' with GeneratedClass '/Game/MyFirstLevel.MyFirstLevel_C' with ClassGeneratedBy '/Game/MyFirstLevel.MyFirstLevel:PersistentLevel.MyFirstLevel'
[2016.03.06-16.05.38:979][920]LogPlayLevel: PlayLevel: No blueprints needed recompiling
[2016.03.06-16.05.38:979][920]LogHMD:Warning: HMD Oculus Rift DK2, res = 1920 x 1080
[2016.03.06-16.05.38:980][920]PIE: New page: PIE session: MyFirstLevel (Mar 6, 2016, 6:05:38 PM)
[2016.03.06-16.05.38:980][920]LogPlayLevel: Creating play world package: /Game/UEDPIE_0_MyFirstLevel
[2016.03.06-16.05.39:010][920]LogPlayLevel: PIE: StaticDuplicateObject took: (0.029943s)
[2016.03.06-16.05.39:010][920]LogAIModule: Creating AISystem for world MyFirstLevel
[2016.03.06-16.05.39:010][920]LogPlayLevel: PIE: World Init took: (0.000613s)
[2016.03.06-16.05.39:010][920]LogPlayLevel: PIE: Created PIE world by copying editor world from /Game/MyFirstLevel.MyFirstLevel to /Game/UEDPIE_0_MyFirstLevel.MyFirstLevel (0.030722s)
[2016.03.06-16.05.39:044][920]LogInit: XAudio2 using 'Speakers (Realtek High Definition Audio)' : 2 channels at 48 kHz using 32 bits per sample (channel mask 0x3)
[2016.03.06-16.05.39:050][920]LogInit: FAudioDevice initialized.
[2016.03.06-16.05.39:084][920]LogWorld: Game class is 'BP_TheBeginningGameMode_C'
[2016.03.06-16.05.39:136][920]LogWorld: Bringing World /Game/UEDPIE_0_MyFirstLevel.MyFirstLevel up for play (max tick rate 0) at 2016.03.06-17.05.39
[2016.03.06-16.05.39:136][920]LogActor:Warning: GameSession /Game/UEDPIE_0_MyFirstLevel.MyFirstLevel:PersistentLevel.GameSession_1 has natively added scene component(s), but none of them were set as the actor's RootComponent - picking one arbitrarily
[2016.03.06-16.05.39:137][920]LogActor:Warning: GameNetworkManager /Game/UEDPIE_0_MyFirstLevel.MyFirstLevel:PersistentLevel.GameNetworkManager_1 has natively added scene component(s), but none of them were set as the actor's RootComponent - picking one arbitrarily
[2016.03.06-16.05.39:138][920]LogWorld: Bringing up level for play took: 0.052875
[2016.03.06-16.05.39:164][920]PIE: Info Play in editor start time for /Game/UEDPIE_0_MyFirstLevel 1.03
[2016.03.06-16.05.39:164][920]LogBlueprintUserMessages: Late PlayInEditor Detection: Level '/Game/MyFirstLevel.MyFirstLevel:PersistentLevel' has LevelScriptBlueprint '/Game/MyFirstLevel.MyFirstLevel:PersistentLevel.MyFirstLevel' with GeneratedClass '/Game/MyFirstLevel.MyFirstLevel_C' with ClassGeneratedBy '/Game/MyFirstLevel.MyFirstLevel:PersistentLevel.MyFirstLevel'
[2016.03.06-16.05.42:472][311]LogBlueprintUserMessages: Early EndPlayMap Detection: Level '/Game/MyFirstLevel.MyFirstLevel:PersistentLevel' has LevelScriptBlueprint '/Game/MyFirstLevel.MyFirstLevel:PersistentLevel.MyFirstLevel' with GeneratedClass '/Game/MyFirstLevel.MyFirstLevel_C' with ClassGeneratedBy '/Game/MyFirstLevel.MyFirstLevel:PersistentLevel.MyFirstLevel'
[2016.03.06-16.05.42:515][311]LogBlueprintUserMessages: Late EndPlayMap Detection: Level '/Game/MyFirstLevel.MyFirstLevel:PersistentLevel' has LevelScriptBlueprint '/Game/MyFirstLevel.MyFirstLevel:PersistentLevel.MyFirstLevel' with GeneratedClass '/Game/MyFirstLevel.MyFirstLevel_C' with ClassGeneratedBy '/Game/MyFirstLevel.MyFirstLevel:PersistentLevel.MyFirstLevel'
[2016.03.06-16.05.42:578][312]LogParticles: Destroying 0 GPU particle simulations for FXSystem 0x0000005890754FE0
[2016.03.06-16.05.43:221][386]LogBlueprintUserMessages: Early PlayInEditor Detection: Level '/Game/MyFirstLevel.MyFirstLevel:PersistentLevel' has LevelScriptBlueprint '/Game/MyFirstLevel.MyFirstLevel:PersistentLevel.MyFirstLevel' with GeneratedClass '/Game/MyFirstLevel.MyFirstLevel_C' with ClassGeneratedBy '/Game/MyFirstLevel.MyFirstLevel:PersistentLevel.MyFirstLevel'
[2016.03.06-16.05.43:221][386]LogPlayLevel: PlayLevel: No blueprints needed recompiling
[2016.03.06-16.05.43:222][386]LogHMD:Warning: HMD Oculus Rift DK2, res = 1920 x 1080
[2016.03.06-16.05.43:222][386]PIE: New page: PIE session: MyFirstLevel (Mar 6, 2016, 6:05:43 PM)
[2016.03.06-16.05.43:222][386]LogPlayLevel: Creating play world package: /Game/UEDPIE_0_MyFirstLevel
[2016.03.06-16.05.43:250][386]LogPlayLevel: PIE: StaticDuplicateObject took: (0.027790s)
[2016.03.06-16.05.43:250][386]LogAIModule: Creating AISystem for world MyFirstLevel
[2016.03.06-16.05.43:250][386]LogPlayLevel: PIE: World Init took: (0.000451s)
[2016.03.06-16.05.43:250][386]LogPlayLevel: PIE: Created PIE world by copying editor world from /Game/MyFirstLevel.MyFirstLevel to /Game/UEDPIE_0_MyFirstLevel.MyFirstLevel (0.028403s)
[2016.03.06-16.05.43:284][386]LogInit: XAudio2 using 'Speakers (Realtek High Definition Audio)' : 2 channels at 48 kHz using 32 bits per sample (channel mask 0x3)
[2016.03.06-16.05.43:290][386]LogInit: FAudioDevice initialized.
[2016.03.06-16.05.43:321][386]LogWorld: Game class is 'BP_TheBeginningGameMode_C'
[2016.03.06-16.05.43:374][386]LogWorld: Bringing World /Game/UEDPIE_0_MyFirstLevel.MyFirstLevel up for play (max tick rate 0) at 2016.03.06-17.05.43
[2016.03.06-16.05.43:374][386]LogActor:Warning: GameSession /Game/UEDPIE_0_MyFirstLevel.MyFirstLevel:PersistentLevel.GameSession_2 has natively added scene component(s), but none of them were set as the actor's RootComponent - picking one arbitrarily
[2016.03.06-16.05.43:374][386]LogActor:Warning: GameNetworkManager /Game/UEDPIE_0_MyFirstLevel.MyFirstLevel:PersistentLevel.GameNetworkManager_2 has natively added scene component(s), but none of them were set as the actor's RootComponent - picking one arbitrarily
[2016.03.06-16.05.43:376][386]LogWorld: Bringing up level for play took: 0.053164
[2016.03.06-16.05.43:388][386]PIE: Info Play in editor start time for /Game/UEDPIE_0_MyFirstLevel -0.746
[2016.03.06-16.05.43:388][386]LogBlueprintUserMessages: Late PlayInEditor Detection: Level '/Game/MyFirstLevel.MyFirstLevel:PersistentLevel' has LevelScriptBlueprint '/Game/MyFirstLevel.MyFirstLevel:PersistentLevel.MyFirstLevel' with GeneratedClass '/Game/MyFirstLevel.MyFirstLevel_C' with ClassGeneratedBy '/Game/MyFirstLevel.MyFirstLevel:PersistentLevel.MyFirstLevel'
[2016.03.06-16.05.51:474][348]LogBlueprintUserMessages: Early EndPlayMap Detection: Level '/Game/MyFirstLevel.MyFirstLevel:PersistentLevel' has LevelScriptBlueprint '/Game/MyFirstLevel.MyFirstLevel:PersistentLevel.MyFirstLevel' with GeneratedClass '/Game/MyFirstLevel.MyFirstLevel_C' with ClassGeneratedBy '/Game/MyFirstLevel.MyFirstLevel:PersistentLevel.MyFirstLevel'
[2016.03.06-16.05.51:513][348]LogBlueprintUserMessages: Late EndPlayMap Detection: Level '/Game/MyFirstLevel.MyFirstLevel:PersistentLevel' has LevelScriptBlueprint '/Game/MyFirstLevel.MyFirstLevel:PersistentLevel.MyFirstLevel' with GeneratedClass '/Game/MyFirstLevel.MyFirstLevel_C' with ClassGeneratedBy '/Game/MyFirstLevel.MyFirstLevel:PersistentLevel.MyFirstLevel'
[2016.03.06-16.05.51:576][349]LogParticles: Destroying 0 GPU particle simulations for FXSystem 0x00000058F825F420
[2016.03.06-16.09.14:478][300]LogFactory: FactoryCreateBinary: Texture with ReimportTextureFactory (0 0 C:\Users\VR\Desktop\backgroundMenu.jpg)
[2016.03.06-16.09.14:490][300]LogTexture:Display: Building textures: backgroundMenu (BGRA8)
[2016.03.06-16.09.40:770][789]BlueprintLog: New page: Compile MainMenu
[2016.03.06-16.09.40:890][789]LogActorComponent: UnregisterComponent: (/Engine/Transient.CharMoveComp) Not registered. Aborting.
[2016.03.06-16.09.40:890][789]LogActorComponent: UnregisterComponent: (/Engine/Transient.CharacterMovementComponent_0) Not registered. Aborting.
[2016.03.06-16.09.40:890][789]LogActorComponent: UnregisterComponent: (/Engine/Transient.CharacterMovementComponent_1) Not registered. Aborting.
[2016.03.06-16.09.40:890][789]LogActorComponent: UnregisterComponent: (/Engine/Transient.KinectInterface_GEN_VARIABLE) Not registered. Aborting.
[2016.03.06-16.09.41:045][789]BlueprintEditorCompileResults: Info [1424.78] Compile of MainMenu successful! [in 275 ms]
[2016.03.06-16.09.41:855][837]Cmd: OBJ SAVEPACKAGE PACKAGE="/Game/Blueprints/MainMenu" FILE="../../../../../../UnrealProjects/GE_Project/Content/Blueprints/MainMenu.uasset" SILENT=true
[2016.03.06-16.09.41:893][837]LogSavePackage: Save=24.733835ms
[2016.03.06-16.09.41:893][837]LogSavePackage: Moving '../../../../../../UnrealProjects/GE_Project/Saved/MainMenuDF5AE6234738891632B754A3DAAFE278.tmp' to '../../../../../../UnrealProjects/GE_Project/Content/Blueprints/MainMenu.uasset'
[2016.03.06-16.09.41:894][837]LogSavePackage: Total save time: 37.854850ms
[2016.03.06-16.09.41:894][837]LogSavePackage:Warning: Finished SavePackage ../../../../../../UnrealProjects/GE_Project/Content/Blueprints/MainMenu.uasset
[2016.03.06-16.09.44:815][ 85]LogBlueprintUserMessages: Early PlayInEditor Detection: Level '/Game/MyFirstLevel.MyFirstLevel:PersistentLevel' has LevelScriptBlueprint '/Game/MyFirstLevel.MyFirstLevel:PersistentLevel.MyFirstLevel' with GeneratedClass '/Game/MyFirstLevel.MyFirstLevel_C' with ClassGeneratedBy '/Game/MyFirstLevel.MyFirstLevel:PersistentLevel.MyFirstLevel'
[2016.03.06-16.09.44:815][ 85]LogPlayLevel: PlayLevel: No blueprints needed recompiling
[2016.03.06-16.09.44:816][ 85]LogHMD:Warning: HMD Oculus Rift DK2, res = 1920 x 1080
[2016.03.06-16.09.44:816][ 85]PIE: New page: PIE session: MyFirstLevel (Mar 6, 2016, 6:09:44 PM)
[2016.03.06-16.09.44:816][ 85]LogPlayLevel: Creating play world package: /Game/UEDPIE_0_MyFirstLevel
[2016.03.06-16.09.44:843][ 85]LogPlayLevel: PIE: StaticDuplicateObject took: (0.027132s)
[2016.03.06-16.09.44:844][ 85]LogAIModule: Creating AISystem for world MyFirstLevel
[2016.03.06-16.09.44:844][ 85]LogPlayLevel: PIE: World Init took: (0.000560s)
[2016.03.06-16.09.44:844][ 85]LogPlayLevel: PIE: Created PIE world by copying editor world from /Game/MyFirstLevel.MyFirstLevel to /Game/UEDPIE_0_MyFirstLevel.MyFirstLevel (0.027855s)
[2016.03.06-16.09.44:881][ 85]LogInit: XAudio2 using 'Speakers (Realtek High Definition Audio)' : 2 channels at 48 kHz using 32 bits per sample (channel mask 0x3)
[2016.03.06-16.09.44:887][ 85]LogInit: FAudioDevice initialized.
[2016.03.06-16.09.44:924][ 85]LogWorld: Game class is 'BP_TheBeginningGameMode_C'
[2016.03.06-16.09.44:980][ 85]LogWorld: Bringing World /Game/UEDPIE_0_MyFirstLevel.MyFirstLevel up for play (max tick rate 0) at 2016.03.06-17.09.44
[2016.03.06-16.09.44:980][ 85]LogActor:Warning: GameSession /Game/UEDPIE_0_MyFirstLevel.MyFirstLevel:PersistentLevel.GameSession_3 has natively added scene component(s), but none of them were set as the actor's RootComponent - picking one arbitrarily
[2016.03.06-16.09.44:980][ 85]LogActor:Warning: GameNetworkManager /Game/UEDPIE_0_MyFirstLevel.MyFirstLevel:PersistentLevel.GameNetworkManager_3 has natively added scene component(s), but none of them were set as the actor's RootComponent - picking one arbitrarily
[2016.03.06-16.09.44:982][ 85]LogWorld: Bringing up level for play took: 0.057149
[2016.03.06-16.09.45:015][ 85]PIE: Info Play in editor start time for /Game/UEDPIE_0_MyFirstLevel 0.881
[2016.03.06-16.09.45:015][ 85]LogBlueprintUserMessages: Late PlayInEditor Detection: Level '/Game/MyFirstLevel.MyFirstLevel:PersistentLevel' has LevelScriptBlueprint '/Game/MyFirstLevel.MyFirstLevel:PersistentLevel.MyFirstLevel' with GeneratedClass '/Game/MyFirstLevel.MyFirstLevel_C' with ClassGeneratedBy '/Game/MyFirstLevel.MyFirstLevel:PersistentLevel.MyFirstLevel'
[2016.03.06-16.09.52:217][869]LogBlueprintUserMessages: Early EndPlayMap Detection: Level '/Game/MyFirstLevel.MyFirstLevel:PersistentLevel' has LevelScriptBlueprint '/Game/MyFirstLevel.MyFirstLevel:PersistentLevel.MyFirstLevel' with GeneratedClass '/Game/MyFirstLevel.MyFirstLevel_C' with ClassGeneratedBy '/Game/MyFirstLevel.MyFirstLevel:PersistentLevel.MyFirstLevel'
[2016.03.06-16.09.52:258][869]LogBlueprintUserMessages: Late EndPlayMap Detection: Level '/Game/MyFirstLevel.MyFirstLevel:PersistentLevel' has LevelScriptBlueprint '/Game/MyFirstLevel.MyFirstLevel:PersistentLevel.MyFirstLevel' with GeneratedClass '/Game/MyFirstLevel.MyFirstLevel_C' with ClassGeneratedBy '/Game/MyFirstLevel.MyFirstLevel:PersistentLevel.MyFirstLevel'
[2016.03.06-16.09.52:328][870]LogParticles: Destroying 0 GPU particle simulations for FXSystem 0x00000058907204A0
[2016.03.06-16.10.19:337][ 69]LogFileHelpers: Editor autosave (incl. sublevels) for '/Game/MyFirstLevel' took 0.022
[2016.03.06-16.10.19:355][ 69]OBJ SavePackage: Generating thumbnails for [1] asset(s) in package [/Game/StarterContent/Materials/backgroundMenu] ([1] browsable assets)...
[2016.03.06-16.10.19:360][ 69]OBJ SavePackage:     Rendered thumbnail for [Texture2D /Game/StarterContent/Materials/backgroundMenu.backgroundMenu]
[2016.03.06-16.10.19:360][ 69]OBJ SavePackage: Finished generating thumbnails for package [/Game/StarterContent/Materials/backgroundMenu]
[2016.03.06-16.10.19:370][ 69]LogSavePackage: Save=7.878824ms
[2016.03.06-16.10.19:370][ 69]LogSavePackage: Moving '../../../../../../UnrealProjects/GE_Project/Saved/backgroundMenu_Auto1202FECC54E4FA0A123C83DA9B6139029.tmp' to '../../../../../../UnrealProjects/GE_Project/Saved/Autosaves/Game/StarterContent/Materials/backgroundMenu_Auto1.uasset'
[2016.03.06-16.10.19:371][ 69]LogSavePackage: Total save time: 8.592151ms
[2016.03.06-16.10.19:371][ 69]LogSavePackage:Warning: Finished SavePackage ../../../../../../UnrealProjects/GE_Project/Saved/Autosaves/Game/StarterContent/Materials/backgroundMenu_Auto1.uasset
[2016.03.06-16.10.19:371][ 69]LogFileHelpers: Auto-saving content packages took 0.034
[2016.03.06-16.15.59:305][887]LogBlueprintUserMessages: Early PlayInEditor Detection: Level '/Game/MyFirstLevel.MyFirstLevel:PersistentLevel' has LevelScriptBlueprint '/Game/MyFirstLevel.MyFirstLevel:PersistentLevel.MyFirstLevel' with GeneratedClass '/Game/MyFirstLevel.MyFirstLevel_C' with ClassGeneratedBy '/Game/MyFirstLevel.MyFirstLevel:PersistentLevel.MyFirstLevel'
[2016.03.06-16.15.59:305][887]BlueprintLog: New page: Pre-Play auto-recompile
[2016.03.06-16.15.59:309][887]LogPlayLevel: [PlayLevel] Compiling MainMenu before play...
[2016.03.06-16.15.59:356][887]LogPlayLevel: PlayLevel: Blueprint regeneration took 51 ms (2 blueprints)
[2016.03.06-16.15.59:357][887]LogPlayLevel: [PlayLevel] Compiling MyFirstLevel before play...
[2016.03.06-16.15.59:394][887]LogPlayLevel: PlayLevel: Blueprint regeneration took 89 ms (2 blueprints)
[2016.03.06-16.15.59:421][887]LogHMD:Warning: HMD Oculus Rift DK2, res = 1920 x 1080
[2016.03.06-16.15.59:421][887]PIE: New page: PIE session: MyFirstLevel (Mar 6, 2016, 6:15:59 PM)
[2016.03.06-16.15.59:421][887]LogPlayLevel: Creating play world package: /Game/UEDPIE_0_MyFirstLevel
[2016.03.06-16.15.59:449][887]LogPlayLevel: PIE: StaticDuplicateObject took: (0.027925s)
[2016.03.06-16.15.59:450][887]LogAIModule: Creating AISystem for world MyFirstLevel
[2016.03.06-16.15.59:450][887]LogPlayLevel: PIE: World Init took: (0.000597s)
[2016.03.06-16.15.59:450][887]LogPlayLevel: PIE: Created PIE world by copying editor world from /Game/MyFirstLevel.MyFirstLevel to /Game/UEDPIE_0_MyFirstLevel.MyFirstLevel (0.028684s)
[2016.03.06-16.15.59:482][887]LogInit: XAudio2 using 'Speakers (Realtek High Definition Audio)' : 2 channels at 48 kHz using 32 bits per sample (channel mask 0x3)
[2016.03.06-16.15.59:488][887]LogInit: FAudioDevice initialized.
[2016.03.06-16.15.59:519][887]LogWorld: Game class is 'BP_TheBeginningGameMode_C'
[2016.03.06-16.15.59:569][887]LogWorld: Bringing World /Game/UEDPIE_0_MyFirstLevel.MyFirstLevel up for play (max tick rate 0) at 2016.03.06-17.15.59
[2016.03.06-16.15.59:569][887]LogActor:Warning: GameSession /Game/UEDPIE_0_MyFirstLevel.MyFirstLevel:PersistentLevel.GameSession_4 has natively added scene component(s), but none of them were set as the actor's RootComponent - picking one arbitrarily
[2016.03.06-16.15.59:569][887]LogActor:Warning: GameNetworkManager /Game/UEDPIE_0_MyFirstLevel.MyFirstLevel:PersistentLevel.GameNetworkManager_4 has natively added scene component(s), but none of them were set as the actor's RootComponent - picking one arbitrarily
[2016.03.06-16.15.59:571][887]LogWorld: Bringing up level for play took: 0.051228
[2016.03.06-16.15.59:587][887]PIE: Info Play in editor start time for /Game/UEDPIE_0_MyFirstLevel -0.547
[2016.03.06-16.15.59:587][887]LogBlueprintUserMessages: Late PlayInEditor Detection: Level '/Game/MyFirstLevel.MyFirstLevel:PersistentLevel' has LevelScriptBlueprint '/Game/MyFirstLevel.MyFirstLevel:PersistentLevel.MyFirstLevel' with GeneratedClass '/Game/MyFirstLevel.MyFirstLevel_C' with ClassGeneratedBy '/Game/MyFirstLevel.MyFirstLevel:PersistentLevel.MyFirstLevel'
[2016.03.06-16.16.03:200][292]LogBlueprintUserMessages: Early EndPlayMap Detection: Level '/Game/MyFirstLevel.MyFirstLevel:PersistentLevel' has LevelScriptBlueprint '/Game/MyFirstLevel.MyFirstLevel:PersistentLevel.MyFirstLevel' with GeneratedClass '/Game/MyFirstLevel.MyFirstLevel_C' with ClassGeneratedBy '/Game/MyFirstLevel.MyFirstLevel:PersistentLevel.MyFirstLevel'
[2016.03.06-16.16.03:250][292]LogBlueprintUserMessages: Late EndPlayMap Detection: Level '/Game/MyFirstLevel.MyFirstLevel:PersistentLevel' has LevelScriptBlueprint '/Game/MyFirstLevel.MyFirstLevel:PersistentLevel.MyFirstLevel' with GeneratedClass '/Game/MyFirstLevel.MyFirstLevel_C' with ClassGeneratedBy '/Game/MyFirstLevel.MyFirstLevel:PersistentLevel.MyFirstLevel'
[2016.03.06-16.16.03:319][293]LogParticles: Destroying 0 GPU particle simulations for FXSystem 0x000000590D1EAE80
[2016.03.06-16.16.03:814][349]LogBlueprintUserMessages: Early PlayInEditor Detection: Level '/Game/MyFirstLevel.MyFirstLevel:PersistentLevel' has LevelScriptBlueprint '/Game/MyFirstLevel.MyFirstLevel:PersistentLevel.MyFirstLevel' with GeneratedClass '/Game/MyFirstLevel.MyFirstLevel_C' with ClassGeneratedBy '/Game/MyFirstLevel.MyFirstLevel:PersistentLevel.MyFirstLevel'
[2016.03.06-16.16.03:814][349]LogPlayLevel: PlayLevel: No blueprints needed recompiling
[2016.03.06-16.16.03:815][349]LogHMD:Warning: HMD Oculus Rift DK2, res = 1920 x 1080
[2016.03.06-16.16.03:815][349]PIE: New page: PIE session: MyFirstLevel (Mar 6, 2016, 6:16:03 PM)
[2016.03.06-16.16.03:815][349]LogPlayLevel: Creating play world package: /Game/UEDPIE_0_MyFirstLevel
[2016.03.06-16.16.03:843][349]LogPlayLevel: PIE: StaticDuplicateObject took: (0.028356s)
[2016.03.06-16.16.03:844][349]LogAIModule: Creating AISystem for world MyFirstLevel
[2016.03.06-16.16.03:844][349]LogPlayLevel: PIE: World Init took: (0.000513s)
[2016.03.06-16.16.03:844][349]LogPlayLevel: PIE: Created PIE world by copying editor world from /Game/MyFirstLevel.MyFirstLevel to /Game/UEDPIE_0_MyFirstLevel.MyFirstLevel (0.029078s)
[2016.03.06-16.16.03:877][349]LogInit: XAudio2 using 'Speakers (Realtek High Definition Audio)' : 2 channels at 48 kHz using 32 bits per sample (channel mask 0x3)
[2016.03.06-16.16.03:883][349]LogInit: FAudioDevice initialized.
[2016.03.06-16.16.03:918][349]LogWorld: Game class is 'BP_TheBeginningGameMode_C'
[2016.03.06-16.16.03:969][349]LogWorld: Bringing World /Game/UEDPIE_0_MyFirstLevel.MyFirstLevel up for play (max tick rate 0) at 2016.03.06-17.16.03
[2016.03.06-16.16.03:969][349]LogActor:Warning: GameSession /Game/UEDPIE_0_MyFirstLevel.MyFirstLevel:PersistentLevel.GameSession_5 has natively added scene component(s), but none of them were set as the actor's RootComponent - picking one arbitrarily
[2016.03.06-16.16.03:969][349]LogActor:Warning: GameNetworkManager /Game/UEDPIE_0_MyFirstLevel.MyFirstLevel:PersistentLevel.GameNetworkManager_5 has natively added scene component(s), but none of them were set as the actor's RootComponent - picking one arbitrarily
[2016.03.06-16.16.03:971][349]LogWorld: Bringing up level for play took: 0.051828
[2016.03.06-16.16.03:984][349]PIE: Info Play in editor start time for /Game/UEDPIE_0_MyFirstLevel -0.15
[2016.03.06-16.16.03:985][349]LogBlueprintUserMessages: Late PlayInEditor Detection: Level '/Game/MyFirstLevel.MyFirstLevel:PersistentLevel' has LevelScriptBlueprint '/Game/MyFirstLevel.MyFirstLevel:PersistentLevel.MyFirstLevel' with GeneratedClass '/Game/MyFirstLevel.MyFirstLevel_C' with ClassGeneratedBy '/Game/MyFirstLevel.MyFirstLevel:PersistentLevel.MyFirstLevel'
[2016.03.06-16.16.08:069][807]LogBlueprintUserMessages: Early EndPlayMap Detection: Level '/Game/MyFirstLevel.MyFirstLevel:PersistentLevel' has LevelScriptBlueprint '/Game/MyFirstLevel.MyFirstLevel:PersistentLevel.MyFirstLevel' with GeneratedClass '/Game/MyFirstLevel.MyFirstLevel_C' with ClassGeneratedBy '/Game/MyFirstLevel.MyFirstLevel:PersistentLevel.MyFirstLevel'
[2016.03.06-16.16.08:116][807]LogBlueprintUserMessages: Late EndPlayMap Detection: Level '/Game/MyFirstLevel.MyFirstLevel:PersistentLevel' has LevelScriptBlueprint '/Game/MyFirstLevel.MyFirstLevel:PersistentLevel.MyFirstLevel' with GeneratedClass '/Game/MyFirstLevel.MyFirstLevel_C' with ClassGeneratedBy '/Game/MyFirstLevel.MyFirstLevel:PersistentLevel.MyFirstLevel'
[2016.03.06-16.16.08:145][807]LogParticles: Destroying 0 GPU particle simulations for FXSystem 0x00000058FD7D1120
[2016.03.06-16.20.28:315][856]LogFileHelpers: Editor autosave (incl. sublevels) for '/Game/MyFirstLevel' took 0.025
[2016.03.06-16.20.28:319][856]OBJ SavePackage: Generating thumbnails for [0] asset(s) in package [/Game/Blueprints/MainMenu] ([1] browsable assets)...
[2016.03.06-16.20.28:319][856]OBJ SavePackage: Finished generating thumbnails for package [/Game/Blueprints/MainMenu]
[2016.03.06-16.20.28:319][856]Cmd: OBJ SAVEPACKAGE PACKAGE="/Game/Blueprints/MainMenu" FILE="../../../../../../UnrealProjects/GE_Project/Saved/Autosaves/Game/Blueprints/MainMenu_Auto2.uasset" SILENT=false AUTOSAVING=true
[2016.03.06-16.20.28:359][856]LogSavePackage: Save=25.469116ms
[2016.03.06-16.20.28:359][856]LogSavePackage: Moving '../../../../../../UnrealProjects/GE_Project/Saved/MainMenu_Auto2DB7CED454751B46B6FB900A2047A7C3D.tmp' to '../../../../../../UnrealProjects/GE_Project/Saved/Autosaves/Game/Blueprints/MainMenu_Auto2.uasset'
[2016.03.06-16.20.28:359][856]LogSavePackage: Total save time: 38.214363ms
[2016.03.06-16.20.28:359][856]LogSavePackage:Warning: Finished SavePackage ../../../../../../UnrealProjects/GE_Project/Saved/Autosaves/Game/Blueprints/MainMenu_Auto2.uasset
[2016.03.06-16.20.28:359][856]LogFileHelpers: Auto-saving content packages took 0.044
[2016.03.06-16.41.23:843][457]BlueprintLog: New page: Compile MainMenu
[2016.03.06-16.41.24:155][457]BlueprintEditorCompileResults: Info [3327.89] Compile of MainMenu successful! [in 312 ms]
[2016.03.06-16.41.24:878][502]Cmd: OBJ SAVEPACKAGE PACKAGE="/Game/Blueprints/MainMenu" FILE="../../../../../../UnrealProjects/GE_Project/Content/Blueprints/MainMenu.uasset" SILENT=true
[2016.03.06-16.41.24:922][502]LogSavePackage: Save=30.587572ms
[2016.03.06-16.41.24:922][502]LogSavePackage: Moving '../../../../../../UnrealProjects/GE_Project/Saved/MainMenuDF494E3D4C2A8B887A7BF795F32E139D.tmp' to '../../../../../../UnrealProjects/GE_Project/Content/Blueprints/MainMenu.uasset'
[2016.03.06-16.41.24:925][502]LogSavePackage: Total save time: 44.519991ms
[2016.03.06-16.41.24:925][502]LogSavePackage:Warning: Finished SavePackage ../../../../../../UnrealProjects/GE_Project/Content/Blueprints/MainMenu.uasset
[2016.03.06-17.04.11:347][291]LogFactory: FactoryCreateBinary: Texture with ReimportTextureFactory (0 0 F:\._backgroundMenu.jpg)
[2016.03.06-17.04.11:364][291]Error: Texture import failed
[2016.03.06-17.04.18:129][291]LogAssetTools:Warning: Failed to import 'F:\._backgroundMenu.jpg'. Failed to create asset '/Game/StarterContent/Materials/__backgroundMenu'
[2016.03.06-17.04.33:663][621]LogFactory: FactoryCreateBinary: Texture with ReimportTextureFactory (0 0 F:\._background_Menu.jpg)
[2016.03.06-17.04.33:663][621]Error: Texture import failed
[2016.03.06-17.04.35:882][621]LogAssetTools:Warning: Failed to import 'F:\._background_Menu.jpg'. Failed to create asset '/Game/StarterContent/Materials/__background_Menu'
[2016.03.06-17.05.05:268][868]LogContentBrowser: Native class hierarchy updated for 'TextureEditor' in 0.0010 seconds. Added 1 classes and 2 folders.
[2016.03.06-17.13.43:366][410]LogFactory: FactoryCreateBinary: Texture with ReimportTextureFactory (0 0 C:\Users\VR\Desktop\backgroundMenu 2.jpg)
[2016.03.06-17.13.43:371][410]LogTexture:Display: Building textures: backgroundMenu_2 (BGRA8)
[2016.03.06-17.14.01:038][ 43]BlueprintLog: New page: Compile MainMenu
[2016.03.06-17.14.01:229][ 43]BlueprintEditorCompileResults: Info [5284.96] Compile of MainMenu successful! [in 190 ms]
[2016.03.06-17.14.02:151][ 96]Cmd: OBJ SAVEPACKAGE PACKAGE="/Game/Blueprints/MainMenu" FILE="../../../../../../UnrealProjects/GE_Project/Content/Blueprints/MainMenu.uasset" SILENT=true
[2016.03.06-17.14.02:190][ 96]LogSavePackage: Save=26.461845ms
[2016.03.06-17.14.02:190][ 96]LogSavePackage: Moving '../../../../../../UnrealProjects/GE_Project/Saved/MainMenu1C927F1E4DB8E9FBD957D4A07BAF145D.tmp' to '../../../../../../UnrealProjects/GE_Project/Content/Blueprints/MainMenu.uasset'
[2016.03.06-17.14.02:192][ 96]LogSavePackage: Total save time: 39.763328ms
[2016.03.06-17.14.02:192][ 96]LogSavePackage:Warning: Finished SavePackage ../../../../../../UnrealProjects/GE_Project/Content/Blueprints/MainMenu.uasset
[2016.03.06-17.14.29:832][430]LogFileHelpers: Editor autosave (incl. sublevels) for '/Game/MyFirstLevel' took 0.022
[2016.03.06-17.14.29:836][430]OBJ SavePackage: Generating thumbnails for [1] asset(s) in package [/Game/StarterContent/Materials/backgroundMenu_2] ([1] browsable assets)...
[2016.03.06-17.14.29:841][430]OBJ SavePackage:     Rendered thumbnail for [Texture2D /Game/StarterContent/Materials/backgroundMenu_2.backgroundMenu_2]
[2016.03.06-17.14.29:841][430]OBJ SavePackage: Finished generating thumbnails for package [/Game/StarterContent/Materials/backgroundMenu_2]
[2016.03.06-17.14.29:850][430]LogSavePackage: Save=8.160506ms
[2016.03.06-17.14.29:850][430]LogSavePackage: Moving '../../../../../../UnrealProjects/GE_Project/Saved/backgroundMenu_2_Auto3B948791D4B1086ED2FF0C4BB9913C273.tmp' to '../../../../../../UnrealProjects/GE_Project/Saved/Autosaves/Game/StarterContent/Materials/backgroundMenu_2_Auto3.uasset'
[2016.03.06-17.14.29:851][430]LogSavePackage: Total save time: 8.731853ms
[2016.03.06-17.14.29:851][430]LogSavePackage:Warning: Finished SavePackage ../../../../../../UnrealProjects/GE_Project/Saved/Autosaves/Game/StarterContent/Materials/backgroundMenu_2_Auto3.uasset
[2016.03.06-17.14.29:851][430]LogFileHelpers: Auto-saving content packages took 0.018
[2016.03.06-17.24.06:241][342]LogEditorViewport: Clicking on Actor (LMB): BP_Sky_Sphere_C (BP_Sky_Sphere2)
[2016.03.06-17.24.16:731][570]LogBlueprintUserMessages: Early PlayInEditor Detection: Level '/Game/MyFirstLevel.MyFirstLevel:PersistentLevel' has LevelScriptBlueprint '/Game/MyFirstLevel.MyFirstLevel:PersistentLevel.MyFirstLevel' with GeneratedClass '/Game/MyFirstLevel.MyFirstLevel_C' with ClassGeneratedBy '/Game/MyFirstLevel.MyFirstLevel:PersistentLevel.MyFirstLevel'
[2016.03.06-17.24.16:731][570]LogPlayLevel: PlayLevel: No blueprints needed recompiling
[2016.03.06-17.24.16:732][570]LogHMD:Warning: HMD Oculus Rift DK2, res = 1920 x 1080
[2016.03.06-17.24.16:733][570]PIE: New page: PIE session: MyFirstLevel (Mar 6, 2016, 7:24:16 PM)
[2016.03.06-17.24.16:733][570]LogPlayLevel: Creating play world package: /Game/UEDPIE_0_MyFirstLevel
[2016.03.06-17.24.16:763][570]LogPlayLevel: PIE: StaticDuplicateObject took: (0.030039s)
[2016.03.06-17.24.16:763][570]LogAIModule: Creating AISystem for world MyFirstLevel
[2016.03.06-17.24.16:763][570]LogPlayLevel: PIE: World Init took: (0.000729s)
[2016.03.06-17.24.16:764][570]LogPlayLevel: PIE: Created PIE world by copying editor world from /Game/MyFirstLevel.MyFirstLevel to /Game/UEDPIE_0_MyFirstLevel.MyFirstLevel (0.030980s)
[2016.03.06-17.24.16:797][570]LogInit: XAudio2 using 'Speakers (Realtek High Definition Audio)' : 2 channels at 48 kHz using 32 bits per sample (channel mask 0x3)
[2016.03.06-17.24.16:803][570]LogInit: FAudioDevice initialized.
[2016.03.06-17.24.16:837][570]LogWorld: Game class is 'BP_TheBeginningGameMode_C'
[2016.03.06-17.24.16:889][570]LogWorld: Bringing World /Game/UEDPIE_0_MyFirstLevel.MyFirstLevel up for play (max tick rate 0) at 2016.03.06-18.24.16
[2016.03.06-17.24.16:889][570]LogActor:Warning: GameSession /Game/UEDPIE_0_MyFirstLevel.MyFirstLevel:PersistentLevel.GameSession_6 has natively added scene component(s), but none of them were set as the actor's RootComponent - picking one arbitrarily
[2016.03.06-17.24.16:889][570]LogActor:Warning: GameNetworkManager /Game/UEDPIE_0_MyFirstLevel.MyFirstLevel:PersistentLevel.GameNetworkManager_6 has natively added scene component(s), but none of them were set as the actor's RootComponent - picking one arbitrarily
[2016.03.06-17.24.16:890][570]LogWorld: Bringing up level for play took: 0.052645
[2016.03.06-17.24.16:935][570]PIE: Info Play in editor start time for /Game/UEDPIE_0_MyFirstLevel 0.801
[2016.03.06-17.24.16:936][570]LogBlueprintUserMessages: Late PlayInEditor Detection: Level '/Game/MyFirstLevel.MyFirstLevel:PersistentLevel' has LevelScriptBlueprint '/Game/MyFirstLevel.MyFirstLevel:PersistentLevel.MyFirstLevel' with GeneratedClass '/Game/MyFirstLevel.MyFirstLevel_C' with ClassGeneratedBy '/Game/MyFirstLevel.MyFirstLevel:PersistentLevel.MyFirstLevel'
[2016.03.06-17.24.34:565][387]LogBlueprintUserMessages: Early EndPlayMap Detection: Level '/Game/MyFirstLevel.MyFirstLevel:PersistentLevel' has LevelScriptBlueprint '/Game/MyFirstLevel.MyFirstLevel:PersistentLevel.MyFirstLevel' with GeneratedClass '/Game/MyFirstLevel.MyFirstLevel_C' with ClassGeneratedBy '/Game/MyFirstLevel.MyFirstLevel:PersistentLevel.MyFirstLevel'
[2016.03.06-17.24.34:668][387]LogBlueprintUserMessages: Late EndPlayMap Detection: Level '/Game/MyFirstLevel.MyFirstLevel:PersistentLevel' has LevelScriptBlueprint '/Game/MyFirstLevel.MyFirstLevel:PersistentLevel.MyFirstLevel' with GeneratedClass '/Game/MyFirstLevel.MyFirstLevel_C' with ClassGeneratedBy '/Game/MyFirstLevel.MyFirstLevel:PersistentLevel.MyFirstLevel'
[2016.03.06-17.24.34:706][387]LogParticles: Destroying 0 GPU particle simulations for FXSystem 0x000000588E6C5120
[2016.03.06-17.24.37:400][694]LogBlueprintUserMessages: Early PlayInEditor Detection: Level '/Game/MyFirstLevel.MyFirstLevel:PersistentLevel' has LevelScriptBlueprint '/Game/MyFirstLevel.MyFirstLevel:PersistentLevel.MyFirstLevel' with GeneratedClass '/Game/MyFirstLevel.MyFirstLevel_C' with ClassGeneratedBy '/Game/MyFirstLevel.MyFirstLevel:PersistentLevel.MyFirstLevel'
[2016.03.06-17.24.37:400][694]LogPlayLevel: PlayLevel: No blueprints needed recompiling
[2016.03.06-17.24.37:400][694]LogHMD:Warning: HMD Oculus Rift DK2, res = 1920 x 1080
[2016.03.06-17.24.37:400][694]PIE: New page: PIE session: MyFirstLevel (Mar 6, 2016, 7:24:37 PM)
[2016.03.06-17.24.37:400][694]LogPlayLevel: Creating play world package: /Game/UEDPIE_0_MyFirstLevel
[2016.03.06-17.24.37:428][694]LogPlayLevel: PIE: StaticDuplicateObject took: (0.026681s)
[2016.03.06-17.24.37:428][694]LogAIModule: Creating AISystem for world MyFirstLevel
[2016.03.06-17.24.37:428][694]LogPlayLevel: PIE: World Init took: (0.000464s)
[2016.03.06-17.24.37:428][694]LogPlayLevel: PIE: Created PIE world by copying editor world from /Game/MyFirstLevel.MyFirstLevel to /Game/UEDPIE_0_MyFirstLevel.MyFirstLevel (0.027299s)
[2016.03.06-17.24.37:462][694]LogInit: XAudio2 using 'Speakers (Realtek High Definition Audio)' : 2 channels at 48 kHz using 32 bits per sample (channel mask 0x3)
[2016.03.06-17.24.37:468][694]LogInit: FAudioDevice initialized.
[2016.03.06-17.24.37:500][694]LogWorld: Game class is 'BP_TheBeginningGameMode_C'
[2016.03.06-17.24.37:552][694]LogWorld: Bringing World /Game/UEDPIE_0_MyFirstLevel.MyFirstLevel up for play (max tick rate 0) at 2016.03.06-18.24.37
[2016.03.06-17.24.37:552][694]LogActor:Warning: GameSession /Game/UEDPIE_0_MyFirstLevel.MyFirstLevel:PersistentLevel.GameSession_7 has natively added scene component(s), but none of them were set as the actor's RootComponent - picking one arbitrarily
[2016.03.06-17.24.37:552][694]LogActor:Warning: GameNetworkManager /Game/UEDPIE_0_MyFirstLevel.MyFirstLevel:PersistentLevel.GameNetworkManager_7 has natively added scene component(s), but none of them were set as the actor's RootComponent - picking one arbitrarily
[2016.03.06-17.24.37:554][694]LogWorld: Bringing up level for play took: 0.053015
[2016.03.06-17.24.37:566][694]PIE: Info Play in editor start time for /Game/UEDPIE_0_MyFirstLevel -0.568
[2016.03.06-17.24.37:567][694]LogBlueprintUserMessages: Late PlayInEditor Detection: Level '/Game/MyFirstLevel.MyFirstLevel:PersistentLevel' has LevelScriptBlueprint '/Game/MyFirstLevel.MyFirstLevel:PersistentLevel.MyFirstLevel' with GeneratedClass '/Game/MyFirstLevel.MyFirstLevel_C' with ClassGeneratedBy '/Game/MyFirstLevel.MyFirstLevel:PersistentLevel.MyFirstLevel'
[2016.03.06-17.24.58:276][891]LogBlueprintUserMessages: Early EndPlayMap Detection: Level '/Game/MyFirstLevel.MyFirstLevel:PersistentLevel' has LevelScriptBlueprint '/Game/MyFirstLevel.MyFirstLevel:PersistentLevel.MyFirstLevel' with GeneratedClass '/Game/MyFirstLevel.MyFirstLevel_C' with ClassGeneratedBy '/Game/MyFirstLevel.MyFirstLevel:PersistentLevel.MyFirstLevel'
[2016.03.06-17.24.58:359][891]LogBlueprintUserMessages: Late EndPlayMap Detection: Level '/Game/MyFirstLevel.MyFirstLevel:PersistentLevel' has LevelScriptBlueprint '/Game/MyFirstLevel.MyFirstLevel:PersistentLevel.MyFirstLevel' with GeneratedClass '/Game/MyFirstLevel.MyFirstLevel_C' with ClassGeneratedBy '/Game/MyFirstLevel.MyFirstLevel:PersistentLevel.MyFirstLevel'
[2016.03.06-17.24.58:400][891]LogParticles: Destroying 0 GPU particle simulations for FXSystem 0x000000588A9AAFC0
[2016.03.06-17.25.00:628][143]LogBlueprintUserMessages: Early PlayInEditor Detection: Level '/Game/MyFirstLevel.MyFirstLevel:PersistentLevel' has LevelScriptBlueprint '/Game/MyFirstLevel.MyFirstLevel:PersistentLevel.MyFirstLevel' with GeneratedClass '/Game/MyFirstLevel.MyFirstLevel_C' with ClassGeneratedBy '/Game/MyFirstLevel.MyFirstLevel:PersistentLevel.MyFirstLevel'
[2016.03.06-17.25.00:628][143]LogPlayLevel: PlayLevel: No blueprints needed recompiling
[2016.03.06-17.25.00:628][143]LogHMD:Warning: HMD Oculus Rift DK2, res = 1920 x 1080
[2016.03.06-17.25.00:629][143]PIE: New page: PIE session: MyFirstLevel (Mar 6, 2016, 7:25:00 PM)
[2016.03.06-17.25.00:629][143]LogPlayLevel: Creating play world package: /Game/UEDPIE_0_MyFirstLevel
[2016.03.06-17.25.00:657][143]LogPlayLevel: PIE: StaticDuplicateObject took: (0.028452s)
[2016.03.06-17.25.00:658][143]LogAIModule: Creating AISystem for world MyFirstLevel
[2016.03.06-17.25.00:658][143]LogPlayLevel: PIE: World Init took: (0.000527s)
[2016.03.06-17.25.00:658][143]LogPlayLevel: PIE: Created PIE world by copying editor world from /Game/MyFirstLevel.MyFirstLevel to /Game/UEDPIE_0_MyFirstLevel.MyFirstLevel (0.029144s)
[2016.03.06-17.25.00:691][143]LogInit: XAudio2 using 'Speakers (Realtek High Definition Audio)' : 2 channels at 48 kHz using 32 bits per sample (channel mask 0x3)
[2016.03.06-17.25.00:697][143]LogInit: FAudioDevice initialized.
[2016.03.06-17.25.00:732][143]LogWorld: Game class is 'BP_TheBeginningGameMode_C'
[2016.03.06-17.25.00:784][143]LogWorld: Bringing World /Game/UEDPIE_0_MyFirstLevel.MyFirstLevel up for play (max tick rate 0) at 2016.03.06-18.25.00
[2016.03.06-17.25.00:784][143]LogActor:Warning: GameSession /Game/UEDPIE_0_MyFirstLevel.MyFirstLevel:PersistentLevel.GameSession_8 has natively added scene component(s), but none of them were set as the actor's RootComponent - picking one arbitrarily
[2016.03.06-17.25.00:784][143]LogActor:Warning: GameNetworkManager /Game/UEDPIE_0_MyFirstLevel.MyFirstLevel:PersistentLevel.GameNetworkManager_8 has natively added scene component(s), but none of them were set as the actor's RootComponent - picking one arbitrarily
[2016.03.06-17.25.00:786][143]LogWorld: Bringing up level for play took: 0.052921
[2016.03.06-17.25.00:799][143]PIE: Info Play in editor start time for /Game/UEDPIE_0_MyFirstLevel 0.665
[2016.03.06-17.25.00:799][143]LogBlueprintUserMessages: Late PlayInEditor Detection: Level '/Game/MyFirstLevel.MyFirstLevel:PersistentLevel' has LevelScriptBlueprint '/Game/MyFirstLevel.MyFirstLevel:PersistentLevel.MyFirstLevel' with GeneratedClass '/Game/MyFirstLevel.MyFirstLevel_C' with ClassGeneratedBy '/Game/MyFirstLevel.MyFirstLevel:PersistentLevel.MyFirstLevel'
[2016.03.06-17.25.05:456][632]LogBlueprintUserMessages: Early EndPlayMap Detection: Level '/Game/MyFirstLevel.MyFirstLevel:PersistentLevel' has LevelScriptBlueprint '/Game/MyFirstLevel.MyFirstLevel:PersistentLevel.MyFirstLevel' with GeneratedClass '/Game/MyFirstLevel.MyFirstLevel_C' with ClassGeneratedBy '/Game/MyFirstLevel.MyFirstLevel:PersistentLevel.MyFirstLevel'
[2016.03.06-17.25.05:546][632]LogBlueprintUserMessages: Late EndPlayMap Detection: Level '/Game/MyFirstLevel.MyFirstLevel:PersistentLevel' has LevelScriptBlueprint '/Game/MyFirstLevel.MyFirstLevel:PersistentLevel.MyFirstLevel' with GeneratedClass '/Game/MyFirstLevel.MyFirstLevel_C' with ClassGeneratedBy '/Game/MyFirstLevel.MyFirstLevel:PersistentLevel.MyFirstLevel'
[2016.03.06-17.25.05:586][632]LogParticles: Destroying 0 GPU particle simulations for FXSystem 0x0000005889929DA0
[2016.03.06-17.25.29:582][930]LogBlueprintUserMessages: Early PlayInEditor Detection: Level '/Game/MyFirstLevel.MyFirstLevel:PersistentLevel' has LevelScriptBlueprint '/Game/MyFirstLevel.MyFirstLevel:PersistentLevel.MyFirstLevel' with GeneratedClass '/Game/MyFirstLevel.MyFirstLevel_C' with ClassGeneratedBy '/Game/MyFirstLevel.MyFirstLevel:PersistentLevel.MyFirstLevel'
[2016.03.06-17.25.29:582][930]LogPlayLevel: PlayLevel: No blueprints needed recompiling
[2016.03.06-17.25.29:583][930]LogHMD:Warning: HMD Oculus Rift DK2, res = 1920 x 1080
[2016.03.06-17.25.29:583][930]PIE: New page: PIE session: MyFirstLevel (Mar 6, 2016, 7:25:29 PM)
[2016.03.06-17.25.29:583][930]LogPlayLevel: Creating play world package: /Game/UEDPIE_0_MyFirstLevel
[2016.03.06-17.25.29:611][930]LogPlayLevel: PIE: StaticDuplicateObject took: (0.027540s)
[2016.03.06-17.25.29:611][930]LogAIModule: Creating AISystem for world MyFirstLevel
[2016.03.06-17.25.29:611][930]LogPlayLevel: PIE: World Init took: (0.000485s)
[2016.03.06-17.25.29:611][930]LogPlayLevel: PIE: Created PIE world by copying editor world from /Game/MyFirstLevel.MyFirstLevel to /Game/UEDPIE_0_MyFirstLevel.MyFirstLevel (0.028182s)
[2016.03.06-17.25.29:645][930]LogInit: XAudio2 using 'Speakers (Realtek High Definition Audio)' : 2 channels at 48 kHz using 32 bits per sample (channel mask 0x3)
[2016.03.06-17.25.29:651][930]LogInit: FAudioDevice initialized.
[2016.03.06-17.25.29:686][930]LogWorld: Game class is 'BP_TheBeginningGameMode_C'
[2016.03.06-17.25.29:736][930]LogWorld: Bringing World /Game/UEDPIE_0_MyFirstLevel.MyFirstLevel up for play (max tick rate 0) at 2016.03.06-18.25.29
[2016.03.06-17.25.29:736][930]LogActor:Warning: GameSession /Game/UEDPIE_0_MyFirstLevel.MyFirstLevel:PersistentLevel.GameSession_9 has natively added scene component(s), but none of them were set as the actor's RootComponent - picking one arbitrarily
[2016.03.06-17.25.29:737][930]LogActor:Warning: GameNetworkManager /Game/UEDPIE_0_MyFirstLevel.MyFirstLevel:PersistentLevel.GameNetworkManager_9 has natively added scene component(s), but none of them were set as the actor's RootComponent - picking one arbitrarily
[2016.03.06-17.25.29:738][930]LogWorld: Bringing up level for play took: 0.051161
[2016.03.06-17.25.29:751][930]PIE: Info Play in editor start time for /Game/UEDPIE_0_MyFirstLevel -0.383
[2016.03.06-17.25.29:751][930]LogBlueprintUserMessages: Late PlayInEditor Detection: Level '/Game/MyFirstLevel.MyFirstLevel:PersistentLevel' has LevelScriptBlueprint '/Game/MyFirstLevel.MyFirstLevel:PersistentLevel.MyFirstLevel' with GeneratedClass '/Game/MyFirstLevel.MyFirstLevel_C' with ClassGeneratedBy '/Game/MyFirstLevel.MyFirstLevel:PersistentLevel.MyFirstLevel'
[2016.03.06-17.25.37:578][745]LogBlueprintUserMessages: Early EndPlayMap Detection: Level '/Game/MyFirstLevel.MyFirstLevel:PersistentLevel' has LevelScriptBlueprint '/Game/MyFirstLevel.MyFirstLevel:PersistentLevel.MyFirstLevel' with GeneratedClass '/Game/MyFirstLevel.MyFirstLevel_C' with ClassGeneratedBy '/Game/MyFirstLevel.MyFirstLevel:PersistentLevel.MyFirstLevel'
[2016.03.06-17.25.37:660][745]LogBlueprintUserMessages: Late EndPlayMap Detection: Level '/Game/MyFirstLevel.MyFirstLevel:PersistentLevel' has LevelScriptBlueprint '/Game/MyFirstLevel.MyFirstLevel:PersistentLevel.MyFirstLevel' with GeneratedClass '/Game/MyFirstLevel.MyFirstLevel_C' with ClassGeneratedBy '/Game/MyFirstLevel.MyFirstLevel:PersistentLevel.MyFirstLevel'
[2016.03.06-17.25.37:701][745]LogParticles: Destroying 0 GPU particle simulations for FXSystem 0x000000590C6EFBA0
[2016.03.06-17.25.48:233][831]LogEditorViewport: Clicking on Actor (context menu): BP_Sky_Sphere_C (BP_Sky_Sphere2)
[2016.03.06-17.25.58:981][878]LogBlueprintUserMessages: Early PlayInEditor Detection: Level '/Game/MyFirstLevel.MyFirstLevel:PersistentLevel' has LevelScriptBlueprint '/Game/MyFirstLevel.MyFirstLevel:PersistentLevel.MyFirstLevel' with GeneratedClass '/Game/MyFirstLevel.MyFirstLevel_C' with ClassGeneratedBy '/Game/MyFirstLevel.MyFirstLevel:PersistentLevel.MyFirstLevel'
[2016.03.06-17.25.58:982][878]LogPlayLevel: PlayLevel: No blueprints needed recompiling
[2016.03.06-17.25.58:982][878]LogHMD:Warning: HMD Oculus Rift DK2, res = 1920 x 1080
[2016.03.06-17.25.58:982][878]PIE: New page: PIE session: MyFirstLevel (Mar 6, 2016, 7:25:58 PM)
[2016.03.06-17.25.58:982][878]LogPlayLevel: Creating play world package: /Game/UEDPIE_0_MyFirstLevel
[2016.03.06-17.25.59:011][878]LogPlayLevel: PIE: StaticDuplicateObject took: (0.029083s)
[2016.03.06-17.25.59:012][878]LogAIModule: Creating AISystem for world MyFirstLevel
[2016.03.06-17.25.59:012][878]LogPlayLevel: PIE: World Init took: (0.000587s)
[2016.03.06-17.25.59:012][878]LogPlayLevel: PIE: Created PIE world by copying editor world from /Game/MyFirstLevel.MyFirstLevel to /Game/UEDPIE_0_MyFirstLevel.MyFirstLevel (0.029910s)
[2016.03.06-17.25.59:046][878]LogInit: XAudio2 using 'Speakers (Realtek High Definition Audio)' : 2 channels at 48 kHz using 32 bits per sample (channel mask 0x3)
[2016.03.06-17.25.59:051][878]LogInit: FAudioDevice initialized.
[2016.03.06-17.25.59:081][878]LogWorld: Game class is 'BP_TheBeginningGameMode_C'
[2016.03.06-17.25.59:132][878]LogWorld: Bringing World /Game/UEDPIE_0_MyFirstLevel.MyFirstLevel up for play (max tick rate 0) at 2016.03.06-18.25.59
[2016.03.06-17.25.59:132][878]LogActor:Warning: GameSession /Game/UEDPIE_0_MyFirstLevel.MyFirstLevel:PersistentLevel.GameSession_10 has natively added scene component(s), but none of them were set as the actor's RootComponent - picking one arbitrarily
[2016.03.06-17.25.59:132][878]LogActor:Warning: GameNetworkManager /Game/UEDPIE_0_MyFirstLevel.MyFirstLevel:PersistentLevel.GameNetworkManager_10 has natively added scene component(s), but none of them were set as the actor's RootComponent - picking one arbitrarily
[2016.03.06-17.25.59:134][878]LogWorld: Bringing up level for play took: 0.052354
[2016.03.06-17.25.59:150][878]PIE: Info Play in editor start time for /Game/UEDPIE_0_MyFirstLevel 1.015
[2016.03.06-17.25.59:150][878]LogBlueprintUserMessages: Late PlayInEditor Detection: Level '/Game/MyFirstLevel.MyFirstLevel:PersistentLevel' has LevelScriptBlueprint '/Game/MyFirstLevel.MyFirstLevel:PersistentLevel.MyFirstLevel' with GeneratedClass '/Game/MyFirstLevel.MyFirstLevel_C' with ClassGeneratedBy '/Game/MyFirstLevel.MyFirstLevel:PersistentLevel.MyFirstLevel'
[2016.03.06-17.26.21:529][661]LogBlueprintUserMessages: Early EndPlayMap Detection: Level '/Game/MyFirstLevel.MyFirstLevel:PersistentLevel' has LevelScriptBlueprint '/Game/MyFirstLevel.MyFirstLevel:PersistentLevel.MyFirstLevel' with GeneratedClass '/Game/MyFirstLevel.MyFirstLevel_C' with ClassGeneratedBy '/Game/MyFirstLevel.MyFirstLevel:PersistentLevel.MyFirstLevel'
[2016.03.06-17.26.21:626][661]LogBlueprintUserMessages: Late EndPlayMap Detection: Level '/Game/MyFirstLevel.MyFirstLevel:PersistentLevel' has LevelScriptBlueprint '/Game/MyFirstLevel.MyFirstLevel:PersistentLevel.MyFirstLevel' with GeneratedClass '/Game/MyFirstLevel.MyFirstLevel_C' with ClassGeneratedBy '/Game/MyFirstLevel.MyFirstLevel:PersistentLevel.MyFirstLevel'
[2016.03.06-17.26.21:665][661]LogParticles: Destroying 0 GPU particle simulations for FXSystem 0x00000058FD689580
[2016.03.06-17.26.34:559][818]Cmd: OBJ SAVEPACKAGE PACKAGE="/Game/StarterContent/Materials/backgroundMenu" FILE="../../../../../../UnrealProjects/GE_Project/Content/StarterContent/Materials/backgroundMenu.uasset" SILENT=true
[2016.03.06-17.26.34:588][818]LogSavePackage: Save=26.574745ms
[2016.03.06-17.26.34:588][818]LogSavePackage: Moving '../../../../../../UnrealProjects/GE_Project/Saved/backgroundMenu2E7CDAD14725BBCD990914B7501A2DF9.tmp' to '../../../../../../UnrealProjects/GE_Project/Content/StarterContent/Materials/backgroundMenu.uasset'
[2016.03.06-17.26.34:590][818]LogSavePackage: Total save time: 28.965905ms
[2016.03.06-17.26.34:590][818]LogSavePackage:Warning: Finished SavePackage ../../../../../../UnrealProjects/GE_Project/Content/StarterContent/Materials/backgroundMenu.uasset
[2016.03.06-17.26.34:601][818]Cmd: OBJ SAVEPACKAGE PACKAGE="/Game/StarterContent/Materials/backgroundMenu_2" FILE="../../../../../../UnrealProjects/GE_Project/Content/StarterContent/Materials/backgroundMenu_2.uasset" SILENT=true
[2016.03.06-17.26.34:630][818]LogSavePackage: Save=27.561487ms
[2016.03.06-17.26.34:630][818]LogSavePackage: Moving '../../../../../../UnrealProjects/GE_Project/Saved/backgroundMenu_207C39D8F41B5DDA7657259B47E7649DC.tmp' to '../../../../../../UnrealProjects/GE_Project/Content/StarterContent/Materials/backgroundMenu_2.uasset'
[2016.03.06-17.26.34:632][818]LogSavePackage: Total save time: 29.962912ms
[2016.03.06-17.26.34:632][818]LogSavePackage:Warning: Finished SavePackage ../../../../../../UnrealProjects/GE_Project/Content/StarterContent/Materials/backgroundMenu_2.uasset
[2016.03.06-17.26.34:828][818]LogWindowsTextInputMethodSystem:Display: IME system now deactivated.
[2016.03.06-17.26.34:831][818]LogWindowsTextInputMethodSystem:Display: IME system now deactivated.
[2016.03.06-17.26.35:071][819]Cmd: QUIT_EDITOR
[2016.03.06-17.26.35:534][819]LogHMD: Oculus shutdown.
[2016.03.06-17.26.35:637][819]LogExit: Preparing to exit.
[2016.03.06-17.26.36:690][819]LogExit: Editor shut down
[2016.03.06-17.26.36:690][819]LogExit: Transaction tracking system shut down
[2016.03.06-17.26.36:692][819]LogParticles: Destroying 0 GPU particle simulations for FXSystem 0x00000058BBFAFA60
[2016.03.06-17.26.36:692][819]LogParticles: Destroying 0 GPU particle simulations for FXSystem 0x00000058DEBF1E40
[2016.03.06-17.26.36:723][819]LogParticles: Destroying 0 GPU particle simulations for FXSystem 0x00000058EF499120
[2016.03.06-17.26.36:723][819]LogParticles: Destroying 0 GPU particle simulations for FXSystem 0x00000058EE1749A0
[2016.03.06-17.26.36:724][819]LogParticles: Destroying 0 GPU particle simulations for FXSystem 0x00000058EE174EA0
[2016.03.06-17.26.36:730][819]LogParticles: Destroying 0 GPU particle simulations for FXSystem 0x00000058927E1620
[2016.03.06-17.26.36:732][819]LogParticles: Destroying 0 GPU particle simulations for FXSystem 0x000000588D81B2E0
[2016.03.06-17.26.36:865][819]LogParticles: Destroying 0 GPU particle simulations for FXSystem 0x00000058BBFAE980
[2016.03.06-17.26.36:865][819]LogParticles: Destroying 0 GPU particle simulations for FXSystem 0x00000058BBFAC0E0
[2016.03.06-17.26.36:865][819]LogParticles: Destroying 0 GPU particle simulations for FXSystem 0x00000058920D3C40
[2016.03.06-17.26.36:865][819]LeapPluginLog: LeapController::CleanupEventData Delete Called
[2016.03.06-17.26.37:026][819]LogExit: Object subsystem successfully closed.
[2016.03.06-17.26.37:074][819]LogD3D11RHI: Shutdown
[2016.03.06-17.26.37:074][819]LogD3D11RHI: CleanupD3DDevice
[2016.03.06-17.26.37:150][819]LogD3D11RHI: ~FD3D11DynamicRHI
[2016.03.06-17.26.37:299][819]LogModuleManager: Shutting down and abandoning module TextureEditor (203)
[2016.03.06-17.26.37:300][819]LogModuleManager: Shutting down and abandoning module SequencerWidgets (202)
[2016.03.06-17.26.37:300][819]LogModuleManager: Shutting down and abandoning module BlueprintGraph (201)
[2016.03.06-17.26.37:300][819]LogModuleManager: Shutting down and abandoning module CrashTracker (200)
[2016.03.06-17.26.37:300][819]LogModuleManager: Shutting down and abandoning module SceneOutliner (199)
[2016.03.06-17.26.37:300][819]LogModuleManager: Shutting down and abandoning module SuperSearch (198)
[2016.03.06-17.26.37:300][819]LogModuleManager: Shutting down and abandoning module WidgetCarousel (197)
[2016.03.06-17.26.37:300][819]LogModuleManager: Shutting down and abandoning module AddContentDialog (196)
[2016.03.06-17.26.37:308][819]LogModuleManager: Shutting down and abandoning module EditorWidgets (195)
[2016.03.06-17.26.37:308][819]LogModuleManager: Shutting down and abandoning module CollectionManager (194)
[2016.03.06-17.26.37:308][819]LogModuleManager: Shutting down and abandoning module StatsViewer (193)
[2016.03.06-17.26.37:308][819]LogModuleManager: Shutting down and abandoning module FoliageEdit (192)
[2016.03.06-17.26.37:308][819]LogModuleManager: Shutting down and abandoning module LandscapeEditor (191)
[2016.03.06-17.26.37:309][819]LogModuleManager: Shutting down and abandoning module ActorPickerMode (190)
[2016.03.06-17.26.37:309][819]LogModuleManager: Shutting down and abandoning module GeometryMode (189)
[2016.03.06-17.26.37:309][819]LogModuleManager: Shutting down and abandoning module TextureAlignMode (188)
[2016.03.06-17.26.37:309][819]LogModuleManager: Shutting down and abandoning module BspMode (187)
[2016.03.06-17.26.37:309][819]LogModuleManager: Shutting down and abandoning module PlacementMode (186)
[2016.03.06-17.26.37:309][819]LogModuleManager: Shutting down and abandoning module AutomationWorker (185)
[2016.03.06-17.26.37:309][819]LogModuleManager: Shutting down and abandoning module CharacterAI (184)
[2016.03.06-17.26.37:309][819]LogModuleManager: Shutting down and abandoning module SmartSnapping (183)
[2016.03.06-17.26.37:309][819]LogModuleManager: Shutting down and abandoning module ViewportSnapping (182)
[2016.03.06-17.26.37:309][819]LogModuleManager: Shutting down and abandoning module LogVisualizer (181)
[2016.03.06-17.26.37:309][819]LogModuleManager: Shutting down and abandoning module GameProjectGeneration (180)
[2016.03.06-17.26.37:321][819]LogModuleManager: Shutting down and abandoning module IntroTutorials (179)
[2016.03.06-17.26.37:321][819]LogModuleManager: Shutting down and abandoning module EditorLiveStreaming (178)
[2016.03.06-17.26.37:321][819]LogModuleManager: Shutting down and abandoning module IOSPlatformEditor (177)
[2016.03.06-17.26.37:321][819]LogModuleManager: Shutting down and abandoning module HTML5PlatformEditor (176)
[2016.03.06-17.26.37:321][819]LogModuleManager: Shutting down and abandoning module AndroidDeviceDetection (175)
[2016.03.06-17.26.37:473][819]LogModuleManager: Shutting down and abandoning module AndroidPlatformEditor (174)
[2016.03.06-17.26.37:473][819]LogModuleManager: Shutting down and abandoning module IOSRuntimeSettings (173)
[2016.03.06-17.26.37:473][819]LogModuleManager: Shutting down and abandoning module AndroidRuntimeSettings (172)
[2016.03.06-17.26.37:473][819]LogModuleManager: Shutting down and abandoning module MergeActors (171)
[2016.03.06-17.26.37:483][819]LogModuleManager: Shutting down and abandoning module SizeMap (170)
[2016.03.06-17.26.37:483][819]LogModuleManager: Shutting down and abandoning module TreeMap (169)
[2016.03.06-17.26.37:483][819]LogModuleManager: Shutting down and abandoning module ReferenceViewer (168)
[2016.03.06-17.26.37:483][819]LogModuleManager: Shutting down and abandoning module LocalizationService (167)
[2016.03.06-17.26.37:483][819]LogModuleManager: Shutting down and abandoning module LocalizationDashboard (166)
[2016.03.06-17.26.37:491][819]LogModuleManager: Shutting down and abandoning module HardwareTargeting (165)
[2016.03.06-17.26.37:491][819]LogModuleManager: Shutting down and abandoning module DeviceProfileEditor (164)
[2016.03.06-17.26.37:491][819]LogModuleManager: Shutting down and abandoning module UndoHistory (163)
[2016.03.06-17.26.37:491][819]LogModuleManager: Shutting down and abandoning module GameplayTagsEditor (162)
[2016.03.06-17.26.37:491][819]LogModuleManager: Shutting down and abandoning module UserFeedback (161)
[2016.03.06-17.26.37:491][819]LogModuleManager: Shutting down and abandoning module XmlParser (160)
[2016.03.06-17.26.37:491][819]LogModuleManager: Shutting down and abandoning module Blutility (159)
[2016.03.06-17.26.37:491][819]LogModuleManager: Shutting down and abandoning module ProjectTargetPlatformEditor (158)
[2016.03.06-17.26.37:491][819]LogModuleManager: Shutting down and abandoning module ProjectSettingsViewer (157)
[2016.03.06-17.26.37:491][819]LogModuleManager: Shutting down and abandoning module InputBindingEditor (156)
[2016.03.06-17.26.37:499][819]LogModuleManager: Shutting down and abandoning module EditorSettingsViewer (155)
[2016.03.06-17.26.37:499][819]LogModuleManager: Shutting down and abandoning module SettingsEditor (154)
[2016.03.06-17.26.37:499][819]LogModuleManager: Shutting down and abandoning module ProjectLauncher (153)
[2016.03.06-17.26.37:499][819]LogModuleManager: Shutting down and abandoning module SessionFrontend (152)
[2016.03.06-17.26.37:499][819]LogModuleManager: Shutting down and abandoning module ProfilerClient (151)
[2016.03.06-17.26.37:503][819]LogModuleManager: Shutting down and abandoning module TargetDeviceServices (150)
[2016.03.06-17.26.37:503][819]LogModuleManager: Shutting down and abandoning module DeviceManager (149)
[2016.03.06-17.26.37:503][819]LogModuleManager: Shutting down and abandoning module AutomationController (148)
[2016.03.06-17.26.37:503][819]LogModuleManager: Shutting down and abandoning module AutomationWindow (147)
[2016.03.06-17.26.37:511][819]LogModuleManager: Shutting down and abandoning module Layers (146)
[2016.03.06-17.26.37:515][819]LogModuleManager: Shutting down and abandoning module ComponentVisualizers (145)
[2016.03.06-17.26.37:515][819]LogModuleManager: Shutting down and abandoning module DetailCustomizations (144)
[2016.03.06-17.26.37:515][819]LogModuleManager: Shutting down and abandoning module PackagesDialog (143)
[2016.03.06-17.26.37:515][819]LogModuleManager: Shutting down and abandoning module Persona (142)
[2016.03.06-17.26.37:520][819]LogModuleManager: Shutting down and abandoning module Kismet (141)
[2016.03.06-17.26.37:520][819]LogModuleManager: Shutting down and abandoning module GraphEditor (140)
[2016.03.06-17.26.37:521][819]LogModuleManager: Shutting down and abandoning module ClassViewer (139)
[2016.03.06-17.26.37:521][819]LogModuleManager: Shutting down and abandoning module Toolbox (138)
[2016.03.06-17.26.37:521][819]LogModuleManager: Shutting down and abandoning module ModuleUI (137)
[2016.03.06-17.26.37:530][819]LogModuleManager: Shutting down and abandoning module MovieSceneTools (136)
[2016.03.06-17.26.37:530][819]LogModuleManager: Shutting down and abandoning module OutputLog (135)
[2016.03.06-17.26.37:530][819]LogModuleManager: Shutting down and abandoning module GammaUI (134)
[2016.03.06-17.26.37:534][819]LogModuleManager: Shutting down and abandoning module Documentation (133)
[2016.03.06-17.26.37:534][819]LogModuleManager: Shutting down and abandoning module GameLiveStreaming (132)
[2016.03.06-17.26.37:534][819]LogModuleManager: Shutting down and abandoning module StreamingPauseRendering (131)
[2016.03.06-17.26.37:534][819]LogModuleManager: Shutting down and abandoning module AnalyticsET (130)
[2016.03.06-17.26.37:534][819]LogModuleManager: Shutting down and abandoning module Analytics (129)
[2016.03.06-17.26.37:534][819]LogModuleManager: Shutting down and abandoning module AITestSuite (128)
[2016.03.06-17.26.37:534][819]LogModuleManager: Shutting down and abandoning module GameplayDebugger (127)
[2016.03.06-17.26.37:534][819]LogModuleManager: Shutting down and abandoning module AIModule (126)
[2016.03.06-17.26.37:534][819]LogModuleManager: Shutting down and abandoning module ProfilerService (125)
[2016.03.06-17.26.37:599][819]LogModuleManager: Shutting down and abandoning module TaskGraph (124)
[2016.03.06-17.26.37:599][819]LogModuleManager: Shutting down and abandoning module LeapMotion (123)
[2016.03.06-17.26.37:608][819]LogModuleManager: Shutting down and abandoning module SlateRemote (122)
[2016.03.06-17.26.37:608][819]LogModuleManager: Shutting down and abandoning module SteamVRController (121)
[2016.03.06-17.26.37:608][819]LogModuleManager: Shutting down and abandoning module SteamVR (120)
[2016.03.06-17.26.37:608][819]LogModuleManager: Shutting down and abandoning module ProceduralMeshComponent (119)
[2016.03.06-17.26.37:608][819]LogModuleManager: Shutting down and abandoning module OculusRift (118)
[2016.03.06-17.26.37:608][819]LogModuleManager: Shutting down and abandoning module OculusLibrary (117)
[2016.03.06-17.26.37:608][819]LogModuleManager: Shutting down and abandoning module LeapMotionController (116)
[2016.03.06-17.26.37:627][819]LogModuleManager: Shutting down and abandoning module CustomMeshComponent (115)
[2016.03.06-17.26.37:632][819]LogModuleManager: Shutting down and abandoning module CableComponent (114)
[2016.03.06-17.26.37:632][819]LogModuleManager: Shutting down and abandoning module ArchVisCharacter (113)
[2016.03.06-17.26.37:632][819]LogModuleManager: Shutting down and abandoning module MessagingDebugger (112)
[2016.03.06-17.26.37:639][819]LogModuleManager: Shutting down and abandoning module MediaPlayerEditor (111)
[2016.03.06-17.26.37:639][819]LogModuleManager: Shutting down and abandoning module HTML5Networking (110)
[2016.03.06-17.26.37:639][819]LogModuleManager: Shutting down and abandoning module SpeedTreeImporter (109)
[2016.03.06-17.26.37:639][819]LogModuleManager: Shutting down and abandoning module PluginBrowser (108)
[2016.03.06-17.26.37:639][819]LogModuleManager: Shutting down and abandoning module EpicSurvey (107)
[2016.03.06-17.26.37:639][819]LogModuleManager: Shutting down and abandoning module DesktopPlatform (106)
[2016.03.06-17.26.37:639][819]LogModuleManager: Shutting down and abandoning module VisualStudioSourceCodeAccess (105)
[2016.03.06-17.26.37:639][819]LogModuleManager: Shutting down and abandoning module UObjectPlugin (104)
[2016.03.06-17.26.37:639][819]LogModuleManager: Shutting down and abandoning module SubversionSourceControl (103)
[2016.03.06-17.26.37:639][819]LogModuleManager: Shutting down and abandoning module PerforceSourceControl (102)
[2016.03.06-17.26.37:639][819]LogModuleManager: Shutting down and abandoning module SourceControl (101)
[2016.03.06-17.26.37:639][819]LogModuleManager: Shutting down and abandoning module GitSourceControl (100)
[2016.03.06-17.26.37:639][819]LogModuleManager: Shutting down and abandoning module LightPropagationVolumeEditor (99)
[2016.03.06-17.26.37:639][819]LogModuleManager: Shutting down and abandoning module PaperTiledImporter (98)
[2016.03.06-17.26.37:639][819]LogModuleManager: Shutting down and abandoning module PaperSpriteSheetImporter (97)
[2016.03.06-17.26.37:639][819]LogModuleManager: Shutting down and abandoning module MeshPaint (96)
[2016.03.06-17.26.37:639][819]LogModuleManager: Shutting down and abandoning module SlateReflector (95)
[2016.03.06-17.26.37:644][819]LogModuleManager: Shutting down and abandoning module HotReload (94)
[2016.03.06-17.26.37:644][819]LogModuleManager: Shutting down and abandoning module MainFrame (93)
[2016.03.06-17.26.37:644][819]LogModuleManager: Shutting down and abandoning module LevelEditor (92)
[2016.03.06-17.26.37:649][819]LogModuleManager: Shutting down and abandoning module DirectoryWatcher (91)
[2016.03.06-17.26.37:651][819]LogModuleManager: Shutting down and abandoning module AssetRegistry (90)
[2016.03.06-17.26.37:749][819]LogModuleManager: Shutting down and abandoning module ContentBrowser (89)
[2016.03.06-17.26.37:750][819]LogModuleManager: Shutting down and abandoning module Paper2DEditor (88)
[2016.03.06-17.26.37:759][819]LogModuleManager: Shutting down and abandoning module TheBeginning (87)
[2016.03.06-17.26.37:759][819]LogModuleManager: Shutting down and abandoning module Kinect4Unreal (86)
[2016.03.06-17.26.37:759][819]LogModuleManager: Shutting down and abandoning module UdpMessaging (85)
[2016.03.06-17.26.37:860][819]LogModuleManager: Shutting down and abandoning module LightPropagationVolumeRuntime (84)
[2016.03.06-17.26.37:860][819]LogModuleManager: Shutting down and abandoning module Paper2D (83)
[2016.03.06-17.26.37:860][819]LogModuleManager: Shutting down and abandoning module WindowsMoviePlayer (82)
[2016.03.06-17.26.37:863][819]LogModuleManager: Shutting down and abandoning module Media (81)
[2016.03.06-17.26.37:863][819]LogModuleManager: Shutting down and abandoning module WmfMedia (80)
[2016.03.06-17.26.37:863][819]LogModuleManager: Shutting down and abandoning module OnlineBlueprintSupport (79)
[2016.03.06-17.26.37:863][819]LogModuleManager: Shutting down and abandoning module GameplayTasksEditor (78)
[2016.03.06-17.26.37:863][819]LogModuleManager: Shutting down and abandoning module PropertyEditor (77)
[2016.03.06-17.26.37:863][819]LogModuleManager: Shutting down and abandoning module BehaviorTreeEditor (76)
[2016.03.06-17.26.37:863][819]LogModuleManager: Shutting down and abandoning module FunctionalTesting (75)
[2016.03.06-17.26.37:863][819]LogModuleManager: Shutting down and abandoning module CollisionAnalyzer (74)
[2016.03.06-17.26.37:863][819]LogModuleManager: Shutting down and abandoning module WorkspaceMenuStructure (73)
[2016.03.06-17.26.37:863][819]LogModuleManager: Shutting down and abandoning module MessageLog (72)
[2016.03.06-17.26.37:863][819]LogModuleManager: Shutting down and abandoning module Sequencer (71)
[2016.03.06-17.26.37:863][819]LogModuleManager: Shutting down and abandoning module AssetTools (70)
[2016.03.06-17.26.37:872][819]LogModuleManager: Shutting down and abandoning module UMGEditor (69)
[2016.03.06-17.26.37:872][819]LogModuleManager: Shutting down and abandoning module UMG (68)
[2016.03.06-17.26.37:872][819]LogModuleManager: Shutting down and abandoning module Slate (67)
[2016.03.06-17.26.37:872][819]LogModuleManager: Shutting down and abandoning module EditorStyle (66)
[2016.03.06-17.26.37:873][819]LogModuleManager: Shutting down and abandoning module SessionServices (65)
[2016.03.06-17.26.37:873][819]LogModuleManager: Shutting down and abandoning module SourceCodeAccess (64)
[2016.03.06-17.26.37:873][819]LogModuleManager: Shutting down and abandoning module HeadMountedDisplay (63)
[2016.03.06-17.26.37:873][819]LogModuleManager: Shutting down and abandoning module XAudio2 (62)
[2016.03.06-17.26.37:873][819]LogModuleManager: Shutting down and abandoning module Networking (60)
[2016.03.06-17.26.37:873][819]LogModuleManager: Shutting down and abandoning module Core (59)
[2016.03.06-17.26.37:873][819]LogModuleManager: Shutting down and abandoning module KismetCompiler (58)
[2016.03.06-17.26.37:874][819]LogModuleManager: Shutting down and abandoning module PhysXFormats (57)
[2016.03.06-17.26.37:874][819]LogModuleManager: Shutting down and abandoning module MeshUtilities (56)
[2016.03.06-17.26.37:882][819]LogModuleManager: Shutting down and abandoning module CookingStats (55)
[2016.03.06-17.26.37:886][819]LogModuleManager: Shutting down and abandoning module DerivedDataCache (54)
[2016.03.06-17.26.37:931][819]LogDerivedDataCache: Shutdown
[2016.03.06-17.26.37:931][819]LogModuleManager: Shutting down and abandoning module ShaderFormatOpenGL (53)
[2016.03.06-17.26.37:943][819]LogModuleManager: Shutting down and abandoning module ShaderFormatD3D (52)
[2016.03.06-17.26.37:943][819]LogModuleManager: Shutting down and abandoning module MetalShaderFormat (51)
[2016.03.06-17.26.37:962][819]LogModuleManager: Shutting down and abandoning module TextureFormatUncompressed (50)
[2016.03.06-17.26.37:962][819]LogModuleManager: Shutting down and abandoning module TextureFormatPVR (49)
[2016.03.06-17.26.37:962][819]LogModuleManager: Shutting down and abandoning module TextureFormatIntelISPCTexComp (48)
[2016.03.06-17.26.37:962][819]LogModuleManager: Shutting down and abandoning module TextureFormatDXT (47)
[2016.03.06-17.26.37:962][819]LogModuleManager: Shutting down and abandoning module ImageWrapper (46)
[2016.03.06-17.26.37:962][819]LogModuleManager: Shutting down and abandoning module TextureFormatASTC (45)
[2016.03.06-17.26.37:962][819]LogModuleManager: Shutting down and abandoning module TextureFormatAndroid (44)
[2016.03.06-17.26.37:962][819]LogModuleManager: Shutting down and abandoning module AudioFormatOpus (43)
[2016.03.06-17.26.37:962][819]LogModuleManager: Shutting down and abandoning module AudioFormatOgg (42)
[2016.03.06-17.26.37:962][819]LogModuleManager: Shutting down and abandoning module AudioFormatADPCM (41)
[2016.03.06-17.26.37:962][819]LogModuleManager: Shutting down and abandoning module LinuxTargetPlatform (40)
[2016.03.06-17.26.37:962][819]LogModuleManager: Shutting down and abandoning module LinuxServerTargetPlatform (39)
[2016.03.06-17.26.37:962][819]LogModuleManager: Shutting down and abandoning module LinuxNoEditorTargetPlatform (38)
[2016.03.06-17.26.37:962][819]LogModuleManager: Shutting down and abandoning module Messaging (37)
[2016.03.06-17.26.37:962][819]LogModuleManager: Shutting down and abandoning module IOSTargetPlatform (36)
[2016.03.06-17.26.37:962][819]LogModuleManager: Shutting down and abandoning module HTML5TargetPlatform (35)
[2016.03.06-17.26.37:962][819]LogModuleManager: Shutting down and abandoning module Android_PVRTCTargetPlatform (34)
[2016.03.06-17.26.37:962][819]LogModuleManager: Shutting down and abandoning module Android_ETC2TargetPlatform (33)
[2016.03.06-17.26.37:962][819]LogModuleManager: Shutting down and abandoning module Android_ETC1TargetPlatform (32)
[2016.03.06-17.26.37:962][819]Log