[2016.03.29-19.15.39:827][  0]Log file open, 03/29/16 21:15:39
[2016.03.29-19.15.39:827][  0]LogInit:Display: Running engine for game: TheBeginning
[2016.03.29-19.15.39:827][  0]LogInit:Display: RandInit(1751135371) SRandInit(1751135372).
[2016.03.29-19.15.39:827][  0]LogTaskGraph: Started task graph with 4 named threads and 7 total threads.
[2016.03.29-19.15.39:827][  0]LogStats: Stats thread started at 0.163133
[2016.03.29-19.15.39:827][  0]LogInit: Version: 4.9.2-2707645+++depot+UE4-Releases+4.9
[2016.03.29-19.15.39:827][  0]LogInit: API Version: 2672455
[2016.03.29-19.15.39:827][  0]LogInit: Compiled (64-bit): Sep 28 2015 10:25:44
[2016.03.29-19.15.39:827][  0]LogInit: Compiled with Visual C++: 18.00.21005.01
[2016.03.29-19.15.39:827][  0]LogInit: Build Configuration: Development
[2016.03.29-19.15.39:827][  0]LogInit: Branch Name: ++depot+UE4-Releases+4.9
[2016.03.29-19.15.39:827][  0]LogInit: Command line:  
[2016.03.29-19.15.39:827][  0]LogInit: Base directory: C:/Program Files (x86)/Epic Games/4.9/Engine/Binaries/Win64/
[2016.03.29-19.15.39:827][  0]LogInit: Rocket: 1
[2016.03.29-19.15.39:859][  0]LogInit: Using libcurl 7.41.0
[2016.03.29-19.15.39:859][  0]LogInit:  - built for x86_64-pc-win32
[2016.03.29-19.15.39:859][  0]LogInit:  - supports SSL with WinSSL
[2016.03.29-19.15.39:859][  0]LogInit:  - other features:
[2016.03.29-19.15.39:859][  0]LogInit:      CURL_VERSION_SSL
[2016.03.29-19.15.39:859][  0]LogInit:      CURL_VERSION_IPV6
[2016.03.29-19.15.39:859][  0]LogInit:      CURL_VERSION_ASYNCHDNS
[2016.03.29-19.15.39:859][  0]LogInit:      CURL_VERSION_LARGEFILE
[2016.03.29-19.15.39:859][  0]LogInit:      CURL_VERSION_IDN
[2016.03.29-19.15.39:874][  0]LogInit:  CurlRequestOptions (configurable via config and command line):
[2016.03.29-19.15.39:874][  0]LogInit:  - bVerifyPeer = true  - Libcurl will verify peer certificate
[2016.03.29-19.15.39:874][  0]LogInit:  - bUseHttpProxy = false  - Libcurl will NOT use HTTP proxy
[2016.03.29-19.15.39:874][  0]LogInit:  - bDontReuseConnections = false  - Libcurl will reuse connections
[2016.03.29-19.15.39:874][  0]LogInit:  - CertBundlePath = nullptr  - Libcurl will use whatever was configured at build time.
[2016.03.29-19.15.39:905][  0]LogInit: Presizing for 0 objects not considered by GC, pre-allocating 0 bytes.
[2016.03.29-19.15.39:905][  0]LogInit: Object subsystem initialized
[2016.03.29-19.15.39:905][  0]LogInit: Selected Device Profile: [Windows]
[2016.03.29-19.15.39:905][  0]LogInit: Applying CVar settings loaded from the selected device profile: [Windows]
[2016.03.29-19.15.39:932][  0]LogInit: Computer: DESKTOP-I563IRF
[2016.03.29-19.15.39:932][  0]LogInit: User: CaptainAmerica
[2016.03.29-19.15.39:932][  0]LogInit: CPU Page size=4096, Cores=4
[2016.03.29-19.15.39:932][  0]LogInit: High frequency timer resolution =2.531247 MHz
[2016.03.29-19.15.39:932][  0]LogMemory: Memory total: Physical=15.8GB (16GB approx)
[2016.03.29-19.15.39:932][  0]LogMemory: Platform Memory Stats for Windows
[2016.03.29-19.15.39:932][  0]LogMemory: Process Physical Memory: 55.45 MB used, 55.45 MB peak
[2016.03.29-19.15.39:932][  0]LogMemory: Process Virtual Memory: 55.41 MB used, 55.41 MB peak
[2016.03.29-19.15.39:932][  0]LogMemory: Physical Memory: 2935.72 MB used, 16205.89 MB total
[2016.03.29-19.15.39:932][  0]LogMemory: Virtual Memory: 369.27 MB used, 134217728.00 MB total
[2016.03.29-19.15.40:484][  0]LogTextLocalizationManager: No translations for ('de-DE') exist, falling back to 'en' for localization and internationalization data.
[2016.03.29-19.15.41:710][  0]LogD3D11RHI: Found D3D11 adapter 0: NVIDIA GeForce GTX 970M    (Feature Level 11_0)
[2016.03.29-19.15.41:710][  0]LogD3D11RHI: Adapter has 2988MB of dedicated video memory, 0MB of dedicated system memory, and 8102MB of shared system memory, 1 output[s]
[2016.03.29-19.15.41:715][  0]LogD3D11RHI: Found D3D11 adapter 1: Intel(R) HD Graphics 530 (Feature Level 11_0)
[2016.03.29-19.15.41:715][  0]LogD3D11RHI: Adapter has 128MB of dedicated video memory, 0MB of dedicated system memory, and 8102MB of shared system memory, 0 output[s]
[2016.03.29-19.15.41:716][  0]LogD3D11RHI: Found D3D11 adapter 2: Microsoft Basic Render Driver (Feature Level 11_0)
[2016.03.29-19.15.41:716][  0]LogD3D11RHI: Adapter has 0MB of dedicated video memory, 0MB of dedicated system memory, and 8102MB of shared system memory, 0 output[s]
[2016.03.29-19.15.41:716][  0]LogD3D11RHI: Chosen D3D11 Adapter Id = 0
[2016.03.29-19.15.41:720][  0]LogD3D11RHI: !Direct3DDevice
[2016.03.29-19.15.41:720][  0]LogRHI: Texture pool is 1361 MB (70% of 1945 MB)
[2016.03.29-19.15.41:732][  0]LogD3D11RHI: Async texture creation enabled
[2016.03.29-19.15.41:768][  0]LogShaderCompilers: Guid format shader working directory is 16 characters bigger than the processId version (../../../../../../Users/CaptainAmerica/Desktop/Uni/GE_Project/Intermediate/Shaders/WorkingDirectory/792/).
[2016.03.29-19.15.41:768][  0]LogShaderCompilers: Cleaned the shader compiler working directory '../../../../../../Users/CaptainAmerica/Desktop/Uni/GE_Project/Intermediate/Shaders/tmp/DB8F71994FA2CDE87FD6F28CD0BA67E0/'.
[2016.03.29-19.15.41:768][  0]LogShaderCompilers:Display: Using Local Shader Compiler.
[2016.03.29-19.15.43:797][  0]LogTemp:Display: Loaded TP AllDesktopTargetPlatform
[2016.03.29-19.15.43:801][  0]LogTemp:Display: Loaded TP WindowsClientTargetPlatform
[2016.03.29-19.15.43:807][  0]LogTemp:Display: Loaded TP WindowsNoEditorTargetPlatform
[2016.03.29-19.15.43:813][  0]LogTemp:Display: Loaded TP WindowsServerTargetPlatform
[2016.03.29-19.15.43:817][  0]LogTemp:Display: Loaded TP WindowsTargetPlatform
[2016.03.29-19.15.43:823][  0]LogTemp:Display: Loaded TP AndroidTargetPlatform
[2016.03.29-19.15.43:827][  0]LogTemp:Display: Loaded TP Android_ASTCTargetPlatform
[2016.03.29-19.15.43:830][  0]LogTemp:Display: Loaded TP Android_ATCTargetPlatform
[2016.03.29-19.15.43:834][  0]LogTemp:Display: Loaded TP Android_DXTTargetPlatform
[2016.03.29-19.15.43:837][  0]LogTemp:Display: Loaded TP Android_ETC1TargetPlatform
[2016.03.29-19.15.43:841][  0]LogTemp:Display: Loaded TP Android_ETC2TargetPlatform
[2016.03.29-19.15.43:845][  0]LogTemp:Display: Loaded TP Android_PVRTCTargetPlatform
[2016.03.29-19.15.43:846][  0]LogTemp:Display: Loaded TP HTML5TargetPlatform
[2016.03.29-19.15.43:889][  0]LogTemp:Display: Loaded TP IOSTargetPlatform
[2016.03.29-19.15.43:894][  0]LogTemp:Display: Loaded TP LinuxNoEditorTargetPlatform
[2016.03.29-19.15.43:898][  0]LogTemp:Display: Loaded TP LinuxServerTargetPlatform
[2016.03.29-19.15.43:905][  0]LogTemp:Display: Loaded TP LinuxTargetPlatform
[2016.03.29-19.15.43:905][  0]LogTargetPlatformManager:Display: Building Assets For Windows
[2016.03.29-19.15.44:208][  0]LogDerivedDataCache:Display: Max Cache Size: 512 MB
[2016.03.29-19.15.44:395][  0]LogDerivedDataCache: Loaded boot cache 0.19s 41MB C:/Users/CaptainAmerica/AppData/Local/UnrealEngine/4.9/DerivedDataCache/Boot.ddc.
[2016.03.29-19.15.44:395][  0]LogDerivedDataCache:Display: Loaded Boot cache: C:/Users/CaptainAmerica/AppData/Local/UnrealEngine/4.9/DerivedDataCache/Boot.ddc
[2016.03.29-19.15.44:396][  0]LogDerivedDataCache: FDerivedDataBackendGraph:  Pak pak cache file ../../../../../../Users/CaptainAmerica/Desktop/Uni/GE_Project/DerivedDataCache/DDC.ddp not found, will not use a pak cache.
[2016.03.29-19.15.44:396][  0]LogDerivedDataCache: Unable to find inner node Pak for hierarchical cache Hierarchy.
[2016.03.29-19.15.44:396][  0]LogDerivedDataCache: FDerivedDataBackendGraph:  CompressedPak pak cache file ../../../../../../Users/CaptainAmerica/Desktop/Uni/GE_Project/DerivedDataCache/Compressed.ddp not found, will not use a pak cache.
[2016.03.29-19.15.44:396][  0]LogDerivedDataCache: Unable to find inner node CompressedPak for hierarchical cache Hierarchy.
[2016.03.29-19.15.44:543][  0]LogDerivedDataCache:Display: Pak cache opened for reading ../../../Engine/DerivedDataCache/Compressed.ddp.
[2016.03.29-19.15.44:556][  0]LogDerivedDataCache: Using Local data cache path C:/Users/CaptainAmerica/AppData/Local/UnrealEngine/Common/DerivedDataCache: Writable
[2016.03.29-19.15.47:106][  0]LogInit: Selected Device Profile: [Windows]
[2016.03.29-19.15.47:116][  0]LogContentStreaming: Texture pool size is 0.000000MB
[2016.03.29-19.15.47:335][  0]LogMeshUtilities: No automatic mesh reduction module available
[2016.03.29-19.15.47:335][  0]LogMeshUtilities: No automatic mesh merging module available
[2016.03.29-19.15.47:963][  0]LogInit: WinSock: version 1.1 (2.2), MaxSocks=32767, MaxUdp=65467
[2016.03.29-19.15.50:134][  0]UdpMessaging: Initializing bridge on interface 0.0.0.0:0 to multicast group 230.0.0.1:6666.
[2016.03.29-19.15.50:298][  0]LogAssetRegistry: FAssetRegistry took 0.0129 seconds to start up
[2016.03.29-19.15.50:621][  0]SourceControl: Info Source control is disabled
[2016.03.29-19.15.50:622][  0]SourceControl: Info Source control is disabled
[2016.03.29-19.15.50:637][  0]SourceControl: Info Source control is disabled
[2016.03.29-19.15.50:650][  0]SourceControl: Info Source control is disabled
[2016.03.29-19.15.50:867][  0]LogLinker:Warning: Asset '../../../Engine/Plugins/Runtime/LeapMotionController/Content/LM_PassthroughMaterial.uasset' has been saved with empty engine version. The asset will be loaded but may be incompatible.
[2016.03.29-19.15.50:989][  0]LogObj: 28450 objects as part of root set at end of initial load.
[2016.03.29-19.15.50:989][  0]LogUObjectAllocator: 6092552 out of 0 bytes used by permanent object pool.
[2016.03.29-19.15.51:089][  0]LogEngine: Initializing Engine...
[2016.03.29-19.15.51:093][  0]LogHMD: Can't find Oculus library dev build: is proper Runtime installed? Version: 0.7.0.0
[2016.03.29-19.15.51:103][  0]LogHMD: SteamVR failed to initialize.  Err: 110
[2016.03.29-19.15.51:340][  0]LogAIModule: Creating AISystem for world NewWorld
[2016.03.29-19.15.51:354][  0]LogInit: XAudio2 using 'Lautsprecher (Realtek High Definition Audio)' : 2 channels at 48 kHz using 32 bits per sample (channel mask 0x3)
[2016.03.29-19.15.51:377][  0]LogInit: FAudioDevice initialized.
[2016.03.29-19.15.51:395][  0]LogDerivedDataCache: Saved boot cache 0.02s 41MB C:/Users/CaptainAmerica/AppData/Local/UnrealEngine/4.9/DerivedDataCache/Boot.ddc.
[2016.03.29-19.15.51:400][  0]LogInit: Texture streaming: Enabled
[2016.03.29-19.15.51:409][  0]LogAnalytics: Creating configured Analytics provider AnalyticsET
[2016.03.29-19.15.51:411][  0]LogAnalytics: [UEEditor.Rocket.Release] APIServer = http://et2.epicgames.com/ET2/. AppVersion = 4.9.2-2707645+++depot+UE4-Releases+4.9
[2016.03.29-19.15.51:411][  0]LogAnalytics: [UEEditor.Rocket.Release] SetUserId cf13bd144fda46388eb9608560661132|81f01d6b67df48cfa9231b1643757103|89657b24-a756-40fe-95bd-5a575f0e3948
[2016.03.29-19.15.51:411][  0]LogAnalytics: [UEEditor.Rocket.Release] AnalyticsET::StartSession
[2016.03.29-19.15.51:447][  0]LogInit: Transaction tracking system initialized
[2016.03.29-19.15.51:574][  0]BlueprintLog: New page: Editor Load
[2016.03.29-19.15.51:745][  0]LocalizationService: Info Localization service is disabled
[2016.03.29-19.15.51:861][  0]LogConsoleResponse:Display: 
[2016.03.29-19.15.52:135][  0]LogCook:Display: Done creating registry. It took  0.00s.
[2016.03.29-19.15.52:231][  0]LogFileCache: Scanning file cache for directory 'C:/Users/CaptainAmerica/Desktop/Uni/GE_Project/Content/' took 0.01s
[2016.03.29-19.15.52:231][  0]SourceControl: Info Source control is disabled
[2016.03.29-19.15.52:232][  0]Cmd: MAP LOAD FILE="../../../../../../Users/CaptainAmerica/Desktop/Uni/GE_Project/Content/StarterContent/Maps/Minimal_Default.umap" TEMPLATE=0 SHOWPROGRESS=1 FEATURELEVEL=3
[2016.03.29-19.15.52:233][  0]LightingResults: New page: Lighting Build
[2016.03.29-19.15.52:240][  0]MapCheck: New page: Map Check
[2016.03.29-19.15.52:240][  0]LightingResults: New page: Lighting Build
[2016.03.29-19.15.52:258][  0]LogParticles: Destroying 0 GPU particle simulations for FXSystem 0x00000211D582A160
[2016.03.29-19.15.52:730][  0]LogAIModule: Creating AISystem for world Minimal_Default
[2016.03.29-19.15.52:768][  0]LogEditorServer: Finished looking for orphan Actors (0.000 secs)
[2016.03.29-19.15.52:771][  0]Cmd: MAP CHECKDEP NOCLEARLOG
[2016.03.29-19.15.52:816][  0]MapCheck: Info Map check complete: 0 Error(s), 0 Warning(s), took 45.273ms to complete.
[2016.03.29-19.15.52:817][  0]LogFileHelpers: Loading map 'Minimal_Default' took 0.585
[2016.03.29-19.15.52:974][  0]LogCollectionManager: Loaded 0 collections in 0.002778 seconds
[2016.03.29-19.15.53:026][  0]LogFileCache: Scanning file cache for directory 'C:/Users/CaptainAmerica/Desktop/Uni/GE_Project/Saved/Collections/' took 0.01s
[2016.03.29-19.15.53:026][  0]LogFileCache: Scanning file cache for directory 'C:/Users/CaptainAmerica/Desktop/Uni/GE_Project/Content/Developers/CaptainAmerica/Collections/' took 0.01s
[2016.03.29-19.15.53:026][  0]LogFileCache: Scanning file cache for directory 'C:/Users/CaptainAmerica/Desktop/Uni/GE_Project/Content/Collections/' took 0.01s
[2016.03.29-19.15.53:026][  0]LogContentBrowser: Native class hierarchy populated in 0.0121 seconds. Added 1875 classes and 335 folders.
[2016.03.29-19.15.53:039][  0]LogCollectionManager: Rebuilt the GUID cache for 0 collections in 0.000002 seconds
[2016.03.29-19.15.53:057][  0]LogContentBrowser: Native class hierarchy updated for 'WidgetCarousel' in 0.0013 seconds. Added 0 classes and 0 folders.
[2016.03.29-19.15.53:348][  0]LogContentBrowser: Native class hierarchy updated for 'AddContentDialog' in 0.0010 seconds. Added 0 classes and 0 folders.
[2016.03.29-19.15.53:358][  0]LogContentBrowser: Native class hierarchy updated for 'SceneOutliner' in 0.0010 seconds. Added 1 classes and 2 folders.
[2016.03.29-19.15.53:422][  0]LogCrashTracker: Crashtracker disabled due to settings.
[2016.03.29-19.15.53:434][  0]LogUObjectGlobals:Warning: Failed to find object 'Class None.'
[2016.03.29-19.15.53:458][  0]LogLoad: Full Startup: 15.25 seconds (BP compile: 0.08 seconds)
[2016.03.29-19.15.53:909][  0]LogContentStreaming: Texture pool size now 1000 MB
[2016.03.29-19.15.54:081][  0]LogRenderer: Reallocating scene render targets to support 964x436 (Frame:2).
[2016.03.29-19.15.54:165][  1]LogFileCache: Retrieving MD5 hashes for directory 'C:/Users/CaptainAmerica/Desktop/Uni/GE_Project/Content/' took 0.35s
[2016.03.29-19.15.54:839][  3]LogAssetRegistry: Asset discovery search completed in 4.5524 seconds
[2016.03.29-19.15.54:839][  3]LogCollectionManager: Rebuilt the object cache for 0 collections in 0.000000 seconds (found 0 objects)
[2016.03.29-19.15.54:839][  3]LogCollectionManager: Fixed up redirectors for 0 collections in 0.000025 seconds (updated 0 objects)
[2016.03.29-19.16.07:435][580]LogBlueprint:Warning: [compiler Ue4ASP_Character] Warning Input Axis Event references unknown Axis 'LookUp' for  InputAxis LookUp 
[2016.03.29-19.16.07:435][580]LogBlueprint:Warning: [compiler Ue4ASP_Character] Warning Input Axis Event references unknown Axis 'Turn' for  InputAxis Turn 
[2016.03.29-19.16.07:435][580]LogBlueprint:Warning: [compiler Ue4ASP_Character] Warning Input Axis Event references unknown Axis 'MoveRight' for  InputAxis MoveRight 
[2016.03.29-19.16.07:435][580]LogBlueprint:Warning: [compiler Ue4ASP_Character] Warning Input Axis Event references unknown Axis 'MoveForward' for  InputAxis MoveForward 
[2016.03.29-19.16.07:439][580]LogBlueprint:Warning: [compiler Ue4ASP_Character] Warning [0029.23] Compile of Ue4ASP_Character successful, but with 4 Warning(s) [in 8 ms]
[2016.03.29-19.16.07:439][580]LogBlueprint:Warning: [compiler Ue4ASP_Character] Warning [0029.23] Compile of Ue4ASP_Character successful, but with 5 Warning(s) [in 0 ms]
[2016.03.29-19.16.07:439][580]LogBlueprint:Warning: [compiler Ue4ASP_Character] Warning [0029.23] Compile of Ue4ASP_Character successful, but with 6 Warning(s) [in 0 ms]
[2016.03.29-19.16.07:510][580]LogBlueprint:Warning: [compiler Ue4ASP_Character] Warning Input Axis Event references unknown Axis 'LookUp' for  InputAxis LookUp 
[2016.03.29-19.16.07:510][580]LogBlueprint:Warning: [compiler Ue4ASP_Character] Warning Input Axis Event references unknown Axis 'Turn' for  InputAxis Turn 
[2016.03.29-19.16.07:510][580]LogBlueprint:Warning: [compiler Ue4ASP_Character] Warning Input Axis Event references unknown Axis 'MoveRight' for  InputAxis MoveRight 
[2016.03.29-19.16.07:511][580]LogBlueprint:Warning: [compiler Ue4ASP_Character] Warning Input Axis Event references unknown Axis 'MoveForward' for  InputAxis MoveForward 
[2016.03.29-19.16.07:513][580]LogBlueprint:Warning: [compiler Ue4ASP_Character] Warning [0029.30] Compile of Ue4ASP_Character successful, but with 4 Warning(s) [in 7 ms]
[2016.03.29-19.16.07:513][580]LogBlueprint:Warning: [compiler Ue4ASP_Character] Warning [0029.30] Compile of Ue4ASP_Character successful, but with 5 Warning(s) [in 0 ms]
[2016.03.29-19.16.07:514][580]LogBlueprint:Warning: [compiler Ue4ASP_Character] Warning [0029.30] Compile of Ue4ASP_Character successful, but with 6 Warning(s) [in 0 ms]
[2016.03.29-19.16.07:577][580]LogBlueprint:Warning: [BP_Avatar] CreatePinForVariable: 'KinectInterface' variable not found. Base class was probably changed.
[2016.03.29-19.16.07:577][580]LogBlueprint:Warning: [BP_Avatar] CreatePinForVariable: 'KinectInterface' variable not found. Base class was probably changed.
[2016.03.29-19.16.07:577][580]LogBlueprint:Warning: [BP_Avatar] CreatePinForVariable: 'KinectInterface' variable not found. Base class was probably changed.
[2016.03.29-19.16.07:577][580]LogBlueprint:Warning: [BP_Avatar] CreatePinForVariable: 'KinectInterface' variable not found. Base class was probably changed.
[2016.03.29-19.16.07:578][580]LogBlueprint:Warning: [BP_Avatar] CreatePinForVariable: 'KinectInterface' variable not found. Base class was probably changed.
[2016.03.29-19.16.07:585][580]LogBlueprint:Warning: [compiler BP_Avatar] Warning Could not find a variable named "KinectInterface" in 'BP_Avatar_C'.
Make sure 'BP_Avatar_C' has been compiled for  Get KinectInterface 
[2016.03.29-19.16.07:585][580]LogBlueprint:Error: [compiler BP_Avatar] Error Could not find a function named "GetHandStateAsExecution" in 'BP_Avatar'.
Make sure 'BP_Avatar' has been compiled for  Get Hand State as Execution 
[2016.03.29-19.16.07:585][580]LogBlueprint:Warning: [compiler BP_Avatar] Warning Could not find a variable named "KinectInterface" in 'BP_Avatar_C'.
Make sure 'BP_Avatar_C' has been compiled for  Get KinectInterface 
[2016.03.29-19.16.07:585][580]LogBlueprint:Error: [compiler BP_Avatar] Error Could not find a function named "GetHandStateAsExecution" in 'BP_Avatar'.
Make sure 'BP_Avatar' has been compiled for  Get Hand State as Execution 
[2016.03.29-19.16.07:585][580]LogBlueprint:Warning: [compiler BP_Avatar] Warning Could not find a variable named "KinectInterface" in 'BP_Avatar_C'.
Make sure 'BP_Avatar_C' has been compiled for  Get KinectInterface 
[2016.03.29-19.16.07:585][580]LogBlueprint:Error: [compiler BP_Avatar] Error Could not find a function named "GetDistanceBetweenJoints" in 'BP_Avatar'.
Make sure 'BP_Avatar' has been compiled for  Get Distance Between Joints 
[2016.03.29-19.16.07:585][580]LogBlueprint:Warning: [compiler BP_Avatar] Warning Could not find a variable named "KinectInterface" in 'BP_Avatar_C'.
Make sure 'BP_Avatar_C' has been compiled for  Get KinectInterface 
[2016.03.29-19.16.07:585][580]LogBlueprint:Error: [compiler BP_Avatar] Error Could not find a function named "GetDistanceBetweenJoints" in 'BP_Avatar'.
Make sure 'BP_Avatar' has been compiled for  Get Distance Between Joints 
[2016.03.29-19.16.07:586][580]LogBlueprint:Warning: [compiler BP_Avatar] Warning Could not find a variable named "KinectInterface" in 'BP_Avatar_C'.
Make sure 'BP_Avatar_C' has been compiled for  Get KinectInterface 
[2016.03.29-19.16.07:586][580]LogBlueprint:Error: [compiler BP_Avatar] Error Could not find a function named "GetCenteredBody" in 'BP_Avatar'.
Make sure 'BP_Avatar' has been compiled for  Get Centered Body 
[2016.03.29-19.16.07:587][580]LogBlueprint:Error: [compiler BP_Avatar] Error The property associated with  Kinect Interface  could not be found
[2016.03.29-19.16.07:587][580]LogBlueprint:Error: [compiler BP_Avatar] Error The property associated with  Kinect Interface  could not be found
[2016.03.29-19.16.07:587][580]LogBlueprint:Error: [compiler BP_Avatar] Error The property associated with  Kinect Interface  could not be found
[2016.03.29-19.16.07:587][580]LogBlueprint:Error: [compiler BP_Avatar] Error The current value (AnkleLeft) of the ' Start Joint ' pin is invalid: Expected a valid unsigned number for a byte property
[2016.03.29-19.16.07:588][580]LogBlueprint:Error: [compiler BP_Avatar] Error The current value (AnkleRight) of the ' End Joint ' pin is invalid: Expected a valid unsigned number for a byte property
[2016.03.29-19.16.07:588][580]LogBlueprint:Error: [compiler BP_Avatar] Error The current value (Head) of the ' Start Joint ' pin is invalid: Expected a valid unsigned number for a byte property
[2016.03.29-19.16.07:588][580]LogBlueprint:Error: [compiler BP_Avatar] Error The current value (AnkleRight) of the ' End Joint ' pin is invalid: Expected a valid unsigned number for a byte property
[2016.03.29-19.16.07:588][580]LogBlueprint:Error: [compiler BP_Avatar] Error The property associated with  Kinect Interface  could not be found
[2016.03.29-19.16.07:588][580]LogBlueprint:Error: [compiler BP_Avatar] Error The property associated with  Kinect Interface  could not be found
[2016.03.29-19.16.07:588][580]LogBlueprint:Error: [compiler BP_Avatar] Error The current value (Right) of the ' Hand ' pin is invalid: Expected a valid unsigned number for a byte property
[2016.03.29-19.16.07:588][580]LogBlueprint:Error: [compiler BP_Avatar] Error The current value (Left) of the ' Hand ' pin is invalid: Expected a valid unsigned number for a byte property
[2016.03.29-19.16.07:594][580]LogBlueprint:Warning: [compiler BP_Avatar] Warning [0029.38] Compile of BP_Avatar failed. 16 Fatal Issue(s) 5 Warning(s) [in 16 ms]
[2016.03.29-19.16.07:594][580]LogBlueprint:Warning: [compiler BP_Avatar] Warning [0029.38] Compile of BP_Avatar failed. 16 Fatal Issue(s) 6 Warning(s) [in 0 ms]
[2016.03.29-19.16.07:595][580]LogBlueprint:Warning: [compiler BP_Avatar] Warning [0029.38] Compile of BP_Avatar failed. 16 Fatal Issue(s) 7 Warning(s) [in 0 ms]
[2016.03.29-19.16.07:834][580]LogLinker:Warning: Asset '../../../Engine/Content/ArtTools/RenderToTexture/Macros/RenderToTextureMacros.uasset' has been saved with empty engine version. The asset will be loaded but may be incompatible.
[2016.03.29-19.16.08:357][580]LogContentBrowser: Native class hierarchy updated for 'BlueprintGraph' in 0.0013 seconds. Added 107 classes and 0 folders.
[2016.03.29-19.17.05:997][217]LogActorComponent: UnregisterComponent: (/Engine/Transient.ProjectileComp) Not registered. Aborting.
[2016.03.29-19.17.05:997][217]LogActorComponent: UnregisterComponent: (/Engine/Transient.CharMoveComp) Not registered. Aborting.
[2016.03.29-19.20.33:423][911]LogActorComponent: UnregisterComponent: (/Engine/Transient.CharacterMovementComponent_0) Not registered. Aborting.
[2016.03.29-19.20.33:424][911]LogActorComponent: UnregisterComponent: (/Engine/Transient.ProjectileMovementComponent_0) Not registered. Aborting.
[2016.03.29-19.20.35:382][911]LogWindowsTextInputMethodSystem:Display: IME system now deactivated.
[2016.03.29-19.20.35:649][912]Cmd: QUIT_EDITOR
[2016.03.29-19.20.35:903][912]LogExit: Preparing to exit.
[2016.03.29-19.20.36:320][912]LogExit: Editor shut down
[2016.03.29-19.20.36:320][912]LogExit: Transaction tracking system shut down
[2016.03.29-19.20.36:322][912]LogParticles: Destroying 0 GPU particle simulations for FXSystem 0x00000211C9B53380
[2016.03.29-19.20.36:323][912]LogParticles: Destroying 0 GPU particle simulations for FXSystem 0x00000211E379A980
[2016.03.29-19.20.36:324][912]LogParticles: Destroying 0 GPU particle simulations for FXSystem 0x00000211E5DB1940
[2016.03.29-19.20.36:327][912]LogParticles: Destroying 0 GPU particle simulations for FXSystem 0x0000021181EB5080
[2016.03.29-19.20.36:473][912]LogExit: Object subsystem successfully closed.
[2016.03.29-19.20.36:485][912]LogD3D11RHI: Shutdown
[2016.03.29-19.20.36:485][912]LogD3D11RHI: CleanupD3DDevice
[2016.03.29-19.20.36:578][912]LogD3D11RHI: ~FD3D11DynamicRHI
[2016.03.29-19.20.36:594][912]LogModuleManager: Shutting down and abandoning module BlueprintGraph (199)
[2016.03.29-19.20.36:594][912]LogModuleManager: Shutting down and abandoning module CrashTracker (198)
[2016.03.29-19.20.36:594][912]LogModuleManager: Shutting down and abandoning module SceneOutliner (197)
[2016.03.29-19.20.36:594][912]LogModuleManager: Shutting down and abandoning module SuperSearch (196)
[2016.03.29-19.20.36:594][912]LogModuleManager: Shutting down and abandoning module WidgetCarousel (195)
[2016.03.29-19.20.36:594][912]LogModuleManager: Shutting down and abandoning module AddContentDialog (194)
[2016.03.29-19.20.36:595][912]LogModuleManager: Shutting down and abandoning module EditorWidgets (193)
[2016.03.29-19.20.36:595][912]LogModuleManager: Shutting down and abandoning module CollectionManager (192)
[2016.03.29-19.20.36:595][912]LogModuleManager: Shutting down and abandoning module StatsViewer (191)
[2016.03.29-19.20.36:595][912]LogModuleManager: Shutting down and abandoning module FoliageEdit (190)
[2016.03.29-19.20.36:595][912]LogModuleManager: Shutting down and abandoning module LandscapeEditor (189)
[2016.03.29-19.20.36:595][912]LogModuleManager: Shutting down and abandoning module ActorPickerMode (188)
[2016.03.29-19.20.36:595][912]LogModuleManager: Shutting down and abandoning module GeometryMode (187)
[2016.03.29-19.20.36:595][912]LogModuleManager: Shutting down and abandoning module TextureAlignMode (186)
[2016.03.29-19.20.36:595][912]LogModuleManager: Shutting down and abandoning module BspMode (185)
[2016.03.29-19.20.36:595][912]LogModuleManager: Shutting down and abandoning module PlacementMode (184)
[2016.03.29-19.20.36:595][912]LogModuleManager: Shutting down and abandoning module AutomationWorker (183)
[2016.03.29-19.20.36:595][912]LogModuleManager: Shutting down and abandoning module CharacterAI (182)
[2016.03.29-19.20.36:595][912]LogModuleManager: Shutting down and abandoning module SmartSnapping (181)
[2016.03.29-19.20.36:595][912]LogModuleManager: Shutting down and abandoning module ViewportSnapping (180)
[2016.03.29-19.20.36:595][912]LogModuleManager: Shutting down and abandoning module LogVisualizer (179)
[2016.03.29-19.20.36:595][912]LogModuleManager: Shutting down and abandoning module GameProjectGeneration (178)
[2016.03.29-19.20.36:595][912]LogModuleManager: Shutting down and abandoning module IntroTutorials (177)
[2016.03.29-19.20.36:596][912]LogModuleManager: Shutting down and abandoning module EditorLiveStreaming (176)
[2016.03.29-19.20.36:596][912]LogModuleManager: Shutting down and abandoning module IOSPlatformEditor (175)
[2016.03.29-19.20.36:596][912]LogModuleManager: Shutting down and abandoning module HTML5PlatformEditor (174)
[2016.03.29-19.20.36:596][912]LogModuleManager: Shutting down and abandoning module AndroidDeviceDetection (173)
[2016.03.29-19.20.36:875][912]LogModuleManager: Shutting down and abandoning module AndroidPlatformEditor (172)
[2016.03.29-19.20.36:875][912]LogModuleManager: Shutting down and abandoning module IOSRuntimeSettings (171)
[2016.03.29-19.20.36:875][912]LogModuleManager: Shutting down and abandoning module AndroidRuntimeSettings (170)
[2016.03.29-19.20.36:875][912]LogModuleManager: Shutting down and abandoning module MergeActors (169)
[2016.03.29-19.20.36:875][912]LogModuleManager: Shutting down and abandoning module SizeMap (168)
[2016.03.29-19.20.36:875][912]LogModuleManager: Shutting down and abandoning module TreeMap (167)
[2016.03.29-19.20.36:875][912]LogModuleManager: Shutting down and abandoning module ReferenceViewer (166)
[2016.03.29-19.20.36:875][912]LogModuleManager: Shutting down and abandoning module LocalizationService (165)
[2016.03.29-19.20.36:875][912]LogModuleManager: Shutting down and abandoning module LocalizationDashboard (164)
[2016.03.29-19.20.36:875][912]LogModuleManager: Shutting down and abandoning module HardwareTargeting (163)
[2016.03.29-19.20.36:875][912]LogModuleManager: Shutting down and abandoning module DeviceProfileEditor (162)
[2016.03.29-19.20.36:875][912]LogModuleManager: Shutting down and abandoning module UndoHistory (161)
[2016.03.29-19.20.36:875][912]LogModuleManager: Shutting down and abandoning module GameplayTagsEditor (160)
[2016.03.29-19.20.36:875][912]LogModuleManager: Shutting down and abandoning module UserFeedback (159)
[2016.03.29-19.20.36:875][912]LogModuleManager: Shutting down and abandoning module XmlParser (158)
[2016.03.29-19.20.36:875][912]LogModuleManager: Shutting down and abandoning module Blutility (157)
[2016.03.29-19.20.36:875][912]LogModuleManager: Shutting down and abandoning module ProjectTargetPlatformEditor (156)
[2016.03.29-19.20.36:875][912]LogModuleManager: Shutting down and abandoning module ProjectSettingsViewer (155)
[2016.03.29-19.20.36:875][912]LogModuleManager: Shutting down and abandoning module InputBindingEditor (154)
[2016.03.29-19.20.36:875][912]LogModuleManager: Shutting down and abandoning module EditorSettingsViewer (153)
[2016.03.29-19.20.36:875][912]LogModuleManager: Shutting down and abandoning module SettingsEditor (152)
[2016.03.29-19.20.36:875][912]LogModuleManager: Shutting down and abandoning module ProjectLauncher (151)
[2016.03.29-19.20.36:875][912]LogModuleManager: Shutting down and abandoning module SessionFrontend (150)
[2016.03.29-19.20.36:875][912]LogModuleManager: Shutting down and abandoning module ProfilerClient (149)
[2016.03.29-19.20.36:875][912]LogModuleManager: Shutting down and abandoning module TargetDeviceServices (148)
[2016.03.29-19.20.36:875][912]LogModuleManager: Shutting down and abandoning module DeviceManager (147)
[2016.03.29-19.20.36:875][912]LogModuleManager: Shutting down and abandoning module AutomationController (146)
[2016.03.29-19.20.36:875][912]LogModuleManager: Shutting down and abandoning module AutomationWindow (145)
[2016.03.29-19.20.36:875][912]LogModuleManager: Shutting down and abandoning module Layers (144)
[2016.03.29-19.20.36:876][912]LogModuleManager: Shutting down and abandoning module ComponentVisualizers (143)
[2016.03.29-19.20.36:876][912]LogModuleManager: Shutting down and abandoning module DetailCustomizations (142)
[2016.03.29-19.20.36:876][912]LogModuleManager: Shutting down and abandoning module PackagesDialog (141)
[2016.03.29-19.20.36:876][912]LogModuleManager: Shutting down and abandoning module Persona (140)
[2016.03.29-19.20.36:876][912]LogModuleManager: Shutting down and abandoning module Kismet (139)
[2016.03.29-19.20.36:876][912]LogModuleManager: Shutting down and abandoning module GraphEditor (138)
[2016.03.29-19.20.36:876][912]LogModuleManager: Shutting down and abandoning module ClassViewer (137)
[2016.03.29-19.20.36:876][912]LogModuleManager: Shutting down and abandoning module Toolbox (136)
[2016.03.29-19.20.36:876][912]LogModuleManager: Shutting down and abandoning module ModuleUI (135)
[2016.03.29-19.20.36:876][912]LogModuleManager: Shutting down and abandoning module MovieSceneTools (134)
[2016.03.29-19.20.36:876][912]LogModuleManager: Shutting down and abandoning module OutputLog (133)
[2016.03.29-19.20.36:876][912]LogModuleManager: Shutting down and abandoning module GammaUI (132)
[2016.03.29-19.20.36:876][912]LogModuleManager: Shutting down and abandoning module Documentation (131)
[2016.03.29-19.20.36:876][912]LogModuleManager: Shutting down and abandoning module GameLiveStreaming (130)
[2016.03.29-19.20.36:876][912]LogModuleManager: Shutting down and abandoning module StreamingPauseRendering (129)
[2016.03.29-19.20.36:876][912]LogModuleManager: Shutting down and abandoning module AnalyticsET (128)
[2016.03.29-19.20.36:876][912]LogModuleManager: Shutting down and abandoning module Analytics (127)
[2016.03.29-19.20.36:876][912]LogModuleManager: Shutting down and abandoning module AITestSuite (126)
[2016.03.29-19.20.36:876][912]LogModuleManager: Shutting down and abandoning module GameplayDebugger (125)
[2016.03.29-19.20.36:876][912]LogModuleManager: Shutting down and abandoning module AIModule (124)
[2016.03.29-19.20.36:876][912]LogModuleManager: Shutting down and abandoning module ProfilerService (123)
[2016.03.29-19.20.37:024][912]LogModuleManager: Shutting down and abandoning module TaskGraph (122)
[2016.03.29-19.20.37:024][912]LogModuleManager: Shutting down and abandoning module SlateRemote (121)
[2016.03.29-19.20.37:024][912]LogModuleManager: Shutting down and abandoning module SteamVRController (120)
[2016.03.29-19.20.37:024][912]LogModuleManager: Shutting down and abandoning module SteamVR (119)
[2016.03.29-19.20.37:024][912]LogModuleManager: Shutting down and abandoning module ProceduralMeshComponent (118)
[2016.03.29-19.20.37:024][912]LogModuleManager: Shutting down and abandoning module OculusRift (117)
[2016.03.29-19.20.37:024][912]LogModuleManager: Shutting down and abandoning module OculusLibrary (116)
[2016.03.29-19.20.37:024][912]LogModuleManager: Shutting down and abandoning module LeapMotionController (115)
[2016.03.29-19.20.37:036][912]LogModuleManager: Shutting down and abandoning module CustomMeshComponent (114)
[2016.03.29-19.20.37:036][912]LogModuleManager: Shutting down and abandoning module CableComponent (113)
[2016.03.29-19.20.37:036][912]LogModuleManager: Shutting down and abandoning module ArchVisCharacter (112)
[2016.03.29-19.20.37:036][912]LogModuleManager: Shutting down and abandoning module MessagingDebugger (111)
[2016.03.29-19.20.37:036][912]LogModuleManager: Shutting down and abandoning module MediaPlayerEditor (110)
[2016.03.29-19.20.37:036][912]LogModuleManager: Shutting down and abandoning module HTML5Networking (109)
[2016.03.29-19.20.37:036][912]LogModuleManager: Shutting down and abandoning module SpeedTreeImporter (108)
[2016.03.29-19.20.37:036][912]LogModuleManager: Shutting down and abandoning module PluginBrowser (107)
[2016.03.29-19.20.37:036][912]LogModuleManager: Shutting down and abandoning module EpicSurvey (106)
[2016.03.29-19.20.37:036][912]LogModuleManager: Shutting down and abandoning module DesktopPlatform (105)
[2016.03.29-19.20.37:036][912]LogModuleManager: Shutting down and abandoning module VisualStudioSourceCodeAccess (104)
[2016.03.29-19.20.37:036][912]LogModuleManager: Shutting down and abandoning module UObjectPlugin (103)
[2016.03.29-19.20.37:036][912]LogModuleManager: Shutting down and abandoning module SubversionSourceControl (102)
[2016.03.29-19.20.37:036][912]LogModuleManager: Shutting down and abandoning module PerforceSourceControl (101)
[2016.03.29-19.20.37:036][912]LogModuleManager: Shutting down and abandoning module SourceControl (100)
[2016.03.29-19.20.37:036][912]LogModuleManager: Shutting down and abandoning module GitSourceControl (99)
[2016.03.29-19.20.37:036][912]LogModuleManager: Shutting down and abandoning module LightPropagationVolumeEditor (98)
[2016.03.29-19.20.37:036][912]LogModuleManager: Shutting down and abandoning module PaperTiledImporter (97)
[2016.03.29-19.20.37:036][912]LogModuleManager: Shutting down and abandoning module PaperSpriteSheetImporter (96)
[2016.03.29-19.20.37:036][912]LogModuleManager: Shutting down and abandoning module MeshPaint (95)
[2016.03.29-19.20.37:036][912]LogModuleManager: Shutting down and abandoning module SlateReflector (94)
[2016.03.29-19.20.37:036][912]LogModuleManager: Shutting down and abandoning module HotReload (93)
[2016.03.29-19.20.37:036][912]LogModuleManager: Shutting down and abandoning module MainFrame (92)
[2016.03.29-19.20.37:036][912]LogModuleManager: Shutting down and abandoning module LevelEditor (91)
[2016.03.29-19.20.37:037][912]LogModuleManager: Shutting down and abandoning module DirectoryWatcher (90)
[2016.03.29-19.20.37:037][912]LogModuleManager: Shutting down and abandoning module AssetRegistry (89)
[2016.03.29-19.20.37:096][912]LogModuleManager: Shutting down and abandoning module ContentBrowser (88)
[2016.03.29-19.20.37:096][912]LogModuleManager: Shutting down and abandoning module Paper2DEditor (87)
[2016.03.29-19.20.37:096][912]LogModuleManager: Shutting down and abandoning module TheBeginning (86)
[2016.03.29-19.20.37:096][912]LogModuleManager: Shutting down and abandoning module UdpMessaging (85)
[2016.03.29-19.20.37:197][912]LogModuleManager: Shutting down and abandoning module LightPropagationVolumeRuntime (84)
[2016.03.29-19.20.37:197][912]LogModuleManager: Shutting down and abandoning module Paper2D (83)
[2016.03.29-19.20.37:197][912]LogModuleManager: Shutting down and abandoning module WindowsMoviePlayer (82)
[2016.03.29-19.20.37:200][912]LogModuleManager: Shutting down and abandoning module Media (81)
[2016.03.29-19.20.37:200][912]LogModuleManager: Shutting down and abandoning module WmfMedia (80)
[2016.03.29-19.20.37:201][912]LogModuleManager: Shutting down and abandoning module OnlineBlueprintSupport (79)
[2016.03.29-19.20.37:201][912]LogModuleManager: Shutting down and abandoning module GameplayTasksEditor (78)
[2016.03.29-19.20.37:201][912]LogModuleManager: Shutting down and abandoning module PropertyEditor (77)
[2016.03.29-19.20.37:201][912]LogModuleManager: Shutting down and abandoning module BehaviorTreeEditor (76)
[2016.03.29-19.20.37:201][912]LogModuleManager: Shutting down and abandoning module FunctionalTesting (75)
[2016.03.29-19.20.37:201][912]LogModuleManager: Shutting down and abandoning module CollisionAnalyzer (74)
[2016.03.29-19.20.37:201][912]LogModuleManager: Shutting down and abandoning module WorkspaceMenuStructure (73)
[2016.03.29-19.20.37:201][912]LogModuleManager: Shutting down and abandoning module MessageLog (72)
[2016.03.29-19.20.37:201][912]LogModuleManager: Shutting down and abandoning module Sequencer (71)
[2016.03.29-19.20.37:201][912]LogModuleManager: Shutting down and abandoning module AssetTools (70)
[2016.03.29-19.20.37:201][912]LogModuleManager: Shutting down and abandoning module UMGEditor (69)
[2016.03.29-19.20.37:201][912]LogModuleManager: Shutting down and abandoning module UMG (68)
[2016.03.29-19.20.37:201][912]LogModuleManager: Shutting down and abandoning module Slate (67)
[2016.03.29-19.20.37:201][912]LogModuleManager: Shutting down and abandoning module EditorStyle (66)
[2016.03.29-19.20.37:203][912]LogModuleManager: Shutting down and abandoning module SessionServices (65)
[2016.03.29-19.20.37:203][912]LogModuleManager: Shutting down and abandoning module SourceCodeAccess (64)
[2016.03.29-19.20.37:203][912]LogModuleManager: Shutting down and abandoning module HeadMountedDisplay (63)
[2016.03.29-19.20.37:203][912]LogModuleManager: Shutting down and abandoning module XAudio2 (62)
[2016.03.29-19.20.37:203][912]LogModuleManager: Shutting down and abandoning module Networking (60)
[2016.03.29-19.20.37:203][912]LogModuleManager: Shutting down and abandoning module Core (59)
[2016.03.29-19.20.37:203][912]LogModuleManager: Shutting down and abandoning module KismetCompiler (58)
[2016.03.29-19.20.37:203][912]LogModuleManager: Shutting down and abandoning module PhysXFormats (57)
[2016.03.29-19.20.37:203][912]LogModuleManager: Shutting down and abandoning module MeshUtilities (56)
[2016.03.29-19.20.37:203][912]LogModuleManager: Shutting down and abandoning module CookingStats (55)
[2016.03.29-19.20.37:203][912]LogModuleManager: Shutting down and abandoning module DerivedDataCache (54)
[2016.03.29-19.20.37:255][912]LogDerivedDataCache: Shutdown
[2016.03.29-19.20.37:255][912]LogModuleManager: Shutting down and abandoning module ShaderFormatOpenGL (53)
[2016.03.29-19.20.37:255][912]LogModuleManager: Shutting down and abandoning module ShaderFormatD3D (52)
[2016.03.29-19.20.37:255][912]LogModuleManager: Shutting down and abandoning module MetalShaderFormat (51)
[2016.03.29-19.20.37:255][912]LogModuleManager: Shutting down and abandoning module TextureFormatUncompressed (50)
[2016.03.29-19.20.37:255][912]LogModuleManager: Shutting down and abandoning module TextureFormatPVR (49)
[2016.03.29-19.20.37:255][912]LogModuleManager: Shutting down and abandoning module TextureFormatIntelISPCTexComp (48)
[2016.03.29-19.20.37:255][912]LogModuleManager: Shutting down and abandoning module TextureFormatDXT (47)
[2016.03.29-19.20.37:255][912]LogModuleManager: Shutting down and abandoning module ImageWrapper (46)
[2016.03.29-19.20.37:255][912]LogModuleManager: Shutting down and abandoning module TextureFormatASTC (45)
[2016.03.29-19.20.37:255][912]LogModuleManager: Shutting down and abandoning module TextureFormatAndroid (44)
[2016.03.29-19.20.37:255][912]LogModuleManager: Shutting down and abandoning module AudioFormatOpus (43)
[2016.03.29-19.20.37:255][912]LogModuleManager: Shutting down and abandoning module AudioFormatOgg (42)
[2016.03.29-19.20.37:255][912]LogModuleManager: Shutting down and abandoning module AudioFormatADPCM (41)
[2016.03.29-19.20.37:255][912]LogModuleManager: Shutting down and abandoning module LinuxTargetPlatform (40)
[2016.03.29-19.20.37:255][912]LogModuleManager: Shutting down and abandoning module LinuxServerTargetPlatform (39)
[2016.03.29-19.20.37:255][912]LogModuleManager: Shutting down and abandoning module LinuxNoEditorTargetPlatform (38)
[2016.03.29-19.20.37:255][912]LogModuleManager: Shutting down and abandoning module Messaging (37)
[2016.03.29-19.20.37:255][912]LogModuleManager: Shutting down and abandoning module IOSTargetPlatform (36)
[2016.03.29-19.20.37:255][912]LogModuleManager: Shutting down and abandoning module HTML5TargetPlatform (35)
[2016.03.29-19.20.37:255][912]LogModuleManager: Shutting down and abandoning module Android_PVRTCTargetPlatform (34)
[2016.03.29-19.20.37:255][912]LogModuleManager: Shutting down and abandoning module Android_ETC2TargetPlatform (33)
[2016.03.29-19.20.37:255][912]LogModuleManager: Shutting down and abandoning module Android_ETC1TargetPlatform (32)
[2016.03.29-19.20.37:255][912]LogModuleManager: Shutting down and abandoning module Android_DXTTargetPlatform (31)
[2016.03.29-19.20.37:255][912]LogModuleManager: Shutting down and abandoning module Android_ATCTargetPlatform (30)
[2016.03.29-19.20.37:255][912]LogModuleManager: Shutting down and abandoning module Android_ASTCTargetPlatform (29)
[2016.03.29-19.20.37:255][912]LogModuleManager: Shutting down and abandoning module AndroidTargetPlatform (28)
[2016.03.29-19.20.37:255][912]LogModuleManager: Shutting down and abandoning module WindowsTargetPlatform (27)
[2016.03.29-19.20.37:255][912]LogModuleManager: Shutting down and abandoning module WindowsServerTargetPlatform (26)
[2016.03.29-19.20.37:255][912]LogModuleManager: Shutting down and abandoning module WindowsNoEditorTargetPlatform (25)
[2016.03.29-19.20.37:255][912]LogModuleManager: Shutting down and abandoning module WindowsClientTargetPlatform (24)
[2016.03.29-19.20.37:255][912]LogModuleManager: Shutting down and abandoning module AllDesktopTargetPlatform (23)
[2016.03.29-19.20.37:255][912]LogModuleManager: Shutting down and abandoning module TargetPlatform (22)
[2016.03.29-19.20.37:255][912]LogModuleManager: Shutting down and abandoning module InputCore (21)
[2016.03.29-19.20.37:255][912]LogModuleManager: Shutting down and abandoning module Settings (20)
[2016.03.29-19.20.37:255][912]LogModuleManager: Shutting down and abandoning module OnlineSubsystem (18)
[2016.03.29-19.20.37:255][912]LogModuleManager: Shutting down and abandoning module HTTP (17)
[2016.03.29-19.20.39:257][912]LogModuleManager: Shutting down and abandoning module XMPP (16)
[2016.03.29-19.20.39:257][912]LogModuleManager: Shutting down and abandoning module ExampleDeviceProfileSelector (15)
[2016.03.29-19.20.39:257][912]LogModuleManager: Shutting down and abandoning module TextureCompressor (14)
[2016.03.29-19.20.39:257][912]LogModuleManager: Shutting down and abandoning module ShaderCore (13)
[2016.03.29-19.20.39:257][912]LogModuleManager: Shutting down and abandoning module Landscape (12)
[2016.03.29-19.20.39:257][912]LogModuleManager: Shutting down and abandoning module SlateRHIRenderer (11)
[2016.03.29-19.20.39:258][912]LogModuleManager: Shutting down and abandoning module OpenGLDrv (10)
[2016.03.29-19.20.39:258][912]LogModuleManager: Shutting down and abandoning module D3D11RHI (9)
[2016.03.29-19.20.39:258][912]LogModuleManager: Shutting down and abandoning module AnimGraphRuntime (8)
[2016.03.29-19.20.39:258][912]LogModuleManager: Shutting down and abandoning module Renderer (7)
[2016.03.29-19.20.39:258][912]LogModuleManager: Shutting down and abandoning module Engine (6)
[2016.03.29-19.20.39:258][912]LogModuleManager: Shutting down and abandoning module CoreUObject (5)
[2016.03.29-19.20.39:258][912]LogModuleManager: Shutting down and abandoning module NetworkFile (4)
[2016.03.29-19.20.39:258][912]LogModuleManager: Shutting down and abandoning module StreamingFile (3)
[2016.03.29-19.20.39:258][912]LogModuleManager: Shutting down and abandoning module SandboxFile (2)
[2016.03.29-19.20.39:258][912]LogModuleManager: Shutting down and abandoning module PakFile (1)
[2016.03.29-19.20.39:259][912]LogExit: Exiting.
[2016.03.29-19.20.39:260][912]Log file closed, 03/29/16 21:20:39
