[2016.03.17-10.00.50:389][  0]Log file open, 03/17/16 11:00:50
[2016.03.17-10.00.50:389][  0]LogInit:Display: Running engine for game: TheBeginning
[2016.03.17-10.00.50:389][  0]LogInit:Display: RandInit(247824761) SRandInit(247824761).
[2016.03.17-10.00.50:389][  0]LogTaskGraph: Started task graph with 4 named threads and 7 total threads.
[2016.03.17-10.00.50:389][  0]LogStats: Stats thread started at 0.065325
[2016.03.17-10.00.50:389][  0]LogInit: Version: 4.9.2-2707645+++depot+UE4-Releases+4.9
[2016.03.17-10.00.50:389][  0]LogInit: API Version: 2672455
[2016.03.17-10.00.50:389][  0]LogInit: Compiled (64-bit): Sep 28 2015 10:25:44
[2016.03.17-10.00.50:389][  0]LogInit: Compiled with Visual C++: 18.00.21005.01
[2016.03.17-10.00.50:389][  0]LogInit: Build Configuration: Development
[2016.03.17-10.00.50:389][  0]LogInit: Branch Name: ++depot+UE4-Releases+4.9
[2016.03.17-10.00.50:389][  0]LogInit: Command line:  
[2016.03.17-10.00.50:389][  0]LogInit: Base directory: D:/Programme/Epic Games/4.9/Engine/Binaries/Win64/
[2016.03.17-10.00.50:389][  0]LogInit: Rocket: 1
[2016.03.17-10.00.50:394][  0]LogInit: Using libcurl 7.41.0
[2016.03.17-10.00.50:394][  0]LogInit:  - built for x86_64-pc-win32
[2016.03.17-10.00.50:394][  0]LogInit:  - supports SSL with WinSSL
[2016.03.17-10.00.50:394][  0]LogInit:  - other features:
[2016.03.17-10.00.50:394][  0]LogInit:      CURL_VERSION_SSL
[2016.03.17-10.00.50:394][  0]LogInit:      CURL_VERSION_IPV6
[2016.03.17-10.00.50:394][  0]LogInit:      CURL_VERSION_ASYNCHDNS
[2016.03.17-10.00.50:394][  0]LogInit:      CURL_VERSION_LARGEFILE
[2016.03.17-10.00.50:394][  0]LogInit:      CURL_VERSION_IDN
[2016.03.17-10.00.50:394][  0]LogInit:  CurlRequestOptions (configurable via config and command line):
[2016.03.17-10.00.50:394][  0]LogInit:  - bVerifyPeer = true  - Libcurl will verify peer certificate
[2016.03.17-10.00.50:394][  0]LogInit:  - bUseHttpProxy = false  - Libcurl will NOT use HTTP proxy
[2016.03.17-10.00.50:394][  0]LogInit:  - bDontReuseConnections = false  - Libcurl will reuse connections
[2016.03.17-10.00.50:394][  0]LogInit:  - CertBundlePath = nullptr  - Libcurl will use whatever was configured at build time.
[2016.03.17-10.00.50:398][  0]LogInit: Presizing for 0 objects not considered by GC, pre-allocating 0 bytes.
[2016.03.17-10.00.50:404][  0]LogInit: Object subsystem initialized
[2016.03.17-10.00.50:405][  0]LogInit: Selected Device Profile: [Windows]
[2016.03.17-10.00.50:405][  0]LogInit: Applying CVar settings loaded from the selected device profile: [Windows]
[2016.03.17-10.00.50:413][  0]LogInit: Computer: PC1021500895
[2016.03.17-10.00.50:413][  0]LogInit: User: VR
[2016.03.17-10.00.50:413][  0]LogInit: CPU Page size=4096, Cores=4
[2016.03.17-10.00.50:413][  0]LogInit: High frequency timer resolution =3.507505 MHz
[2016.03.17-10.00.50:413][  0]LogMemory: Memory total: Physical=15.9GB (16GB approx)
[2016.03.17-10.00.50:413][  0]LogMemory: Platform Memory Stats for Windows
[2016.03.17-10.00.50:413][  0]LogMemory: Process Physical Memory: 53.18 MB used, 53.18 MB peak
[2016.03.17-10.00.50:413][  0]LogMemory: Process Virtual Memory: 55.14 MB used, 55.14 MB peak
[2016.03.17-10.00.50:413][  0]LogMemory: Physical Memory: 2621.90 MB used, 16261.17 MB total
[2016.03.17-10.00.50:413][  0]LogMemory: Virtual Memory: 346.75 MB used, 134217728.00 MB total
[2016.03.17-10.00.50:438][  0]LogTextLocalizationManager: No translations for ('de-DE') exist, falling back to 'en' for localization and internationalization data.
[2016.03.17-10.00.50:963][  0]LogD3D11RHI: Found D3D11 adapter 0: NVIDIA GeForce GTX 970 (Feature Level 11_0)
[2016.03.17-10.00.50:963][  0]LogD3D11RHI: Adapter has 3976MB of dedicated video memory, 0MB of dedicated system memory, and 8130MB of shared system memory, 1 output[s]
[2016.03.17-10.00.50:964][  0]LogD3D11RHI: Found D3D11 adapter 1: Microsoft Basic Render Driver (Feature Level 11_0)
[2016.03.17-10.00.50:964][  0]LogD3D11RHI: Adapter has 0MB of dedicated video memory, 0MB of dedicated system memory, and 256MB of shared system memory, 0 output[s]
[2016.03.17-10.00.50:964][  0]LogD3D11RHI: Chosen D3D11 Adapter Id = 0
[2016.03.17-10.00.50:967][  0]LogD3D11RHI: !Direct3DDevice
[2016.03.17-10.00.50:967][  0]LogRHI: Texture pool is 1361 MB (70% of 1945 MB)
[2016.03.17-10.00.50:975][  0]LogD3D11RHI: Async texture creation enabled
[2016.03.17-10.00.50:991][  0]LogShaderCompilers: Guid format shader working directory is 15 characters bigger than the processId version (../../../../../../UnrealProjects/GE_Project/Intermediate/Shaders/WorkingDirectory/2320/).
[2016.03.17-10.00.50:991][  0]LogShaderCompilers: Cleaned the shader compiler working directory '../../../../../../UnrealProjects/GE_Project/Intermediate/Shaders/tmp/849E65034498D0556B7ECA9DEF7E6034/'.
[2016.03.17-10.00.50:991][  0]LogShaderCompilers:Display: Using Local Shader Compiler.
[2016.03.17-10.00.51:782][  0]LogTemp:Display: Loaded TP AllDesktopTargetPlatform
[2016.03.17-10.00.51:785][  0]LogTemp:Display: Loaded TP WindowsClientTargetPlatform
[2016.03.17-10.00.51:789][  0]LogTemp:Display: Loaded TP WindowsNoEditorTargetPlatform
[2016.03.17-10.00.51:792][  0]LogTemp:Display: Loaded TP WindowsServerTargetPlatform
[2016.03.17-10.00.51:795][  0]LogTemp:Display: Loaded TP WindowsTargetPlatform
[2016.03.17-10.00.51:797][  0]LogTemp:Display: Loaded TP AndroidTargetPlatform
[2016.03.17-10.00.51:799][  0]LogTemp:Display: Loaded TP Android_ASTCTargetPlatform
[2016.03.17-10.00.51:801][  0]LogTemp:Display: Loaded TP Android_ATCTargetPlatform
[2016.03.17-10.00.51:804][  0]LogTemp:Display: Loaded TP Android_DXTTargetPlatform
[2016.03.17-10.00.51:807][  0]LogTemp:Display: Loaded TP Android_ETC1TargetPlatform
[2016.03.17-10.00.51:809][  0]LogTemp:Display: Loaded TP Android_ETC2TargetPlatform
[2016.03.17-10.00.51:811][  0]LogTemp:Display: Loaded TP Android_PVRTCTargetPlatform
[2016.03.17-10.00.51:812][  0]LogTemp:Display: Loaded TP HTML5TargetPlatform
[2016.03.17-10.00.51:827][  0]LogTemp:Display: Loaded TP IOSTargetPlatform
[2016.03.17-10.00.51:829][  0]LogTemp:Display: Loaded TP LinuxNoEditorTargetPlatform
[2016.03.17-10.00.51:832][  0]LogTemp:Display: Loaded TP LinuxServerTargetPlatform
[2016.03.17-10.00.51:834][  0]LogTemp:Display: Loaded TP LinuxTargetPlatform
[2016.03.17-10.00.51:834][  0]LogTargetPlatformManager:Display: Building Assets For Windows
[2016.03.17-10.00.51:884][  0]LogDerivedDataCache:Display: Max Cache Size: 512 MB
[2016.03.17-10.00.51:921][  0]LogDerivedDataCache: Loaded boot cache 0.04s 41MB C:/Users/VR/AppData/Local/UnrealEngine/4.9/DerivedDataCache/Boot.ddc.
[2016.03.17-10.00.51:921][  0]LogDerivedDataCache:Display: Loaded Boot cache: C:/Users/VR/AppData/Local/UnrealEngine/4.9/DerivedDataCache/Boot.ddc
[2016.03.17-10.00.51:921][  0]LogDerivedDataCache: FDerivedDataBackendGraph:  Pak pak cache file ../../../../../../UnrealProjects/GE_Project/DerivedDataCache/DDC.ddp not found, will not use a pak cache.
[2016.03.17-10.00.51:921][  0]LogDerivedDataCache: Unable to find inner node Pak for hierarchical cache Hierarchy.
[2016.03.17-10.00.51:921][  0]LogDerivedDataCache: FDerivedDataBackendGraph:  CompressedPak pak cache file ../../../../../../UnrealProjects/GE_Project/DerivedDataCache/Compressed.ddp not found, will not use a pak cache.
[2016.03.17-10.00.51:921][  0]LogDerivedDataCache: Unable to find inner node CompressedPak for hierarchical cache Hierarchy.
[2016.03.17-10.00.52:036][  0]LogDerivedDataCache:Display: Pak cache opened for reading ../../../Engine/DerivedDataCache/Compressed.ddp.
[2016.03.17-10.00.52:048][  0]LogDerivedDataCache: Using Local data cache path C:/Users/VR/AppData/Local/UnrealEngine/Common/DerivedDataCache: Writable
[2016.03.17-10.00.52:183][  0]LogInit: Selected Device Profile: [Windows]
[2016.03.17-10.00.52:185][  0]LogContentStreaming: Texture pool size is 0.000000MB
[2016.03.17-10.00.52:271][  0]LogMeshUtilities: No automatic mesh reduction module available
[2016.03.17-10.00.52:271][  0]LogMeshUtilities: No automatic mesh merging module available
[2016.03.17-10.00.52:442][  0]LogInit: WinSock: version 1.1 (2.2), MaxSocks=32767, MaxUdp=65467
[2016.03.17-10.00.52:955][  0]UdpMessaging: Initializing bridge on interface 0.0.0.0:0 to multicast group 230.0.0.1:6666.
[2016.03.17-10.00.53:070][  0]LogAssetRegistry: FAssetRegistry took 0.0112 seconds to start up
[2016.03.17-10.00.53:176][  0]SourceControl: Info Source control is disabled
[2016.03.17-10.00.53:181][  0]SourceControl: Info Source control is disabled
[2016.03.17-10.00.53:187][  0]SourceControl: Info Source control is disabled
[2016.03.17-10.00.53:192][  0]SourceControl: Info Source control is disabled
[2016.03.17-10.00.53:791][  0]LogLinker:Warning: Asset '../../../Engine/Plugins/Runtime/LeapMotionController/Content/LM_PassthroughMaterial.uasset' has been saved with empty engine version. The asset will be loaded but may be incompatible.
[2016.03.17-10.00.54:034][  0]LeapPluginLog: Using LeapPlugin version 0.9.6
[2016.03.17-10.00.54:039][  0]LogObj: 29249 objects as part of root set at end of initial load.
[2016.03.17-10.00.54:039][  0]LogUObjectAllocator: 6234272 out of 0 bytes used by permanent object pool.
[2016.03.17-10.00.54:571][  0]LogEngine: Initializing Engine...
[2016.03.17-10.00.54:591][  0]LogHMD: Can't find Oculus library dev build: is proper Runtime installed? Version: 0.7.0.0
[2016.03.17-10.01.00:253][  0]LogHMD: SteamVR failed to initialize.  Err: 301
[2016.03.17-10.01.00:933][  0]LogAIModule: Creating AISystem for world NewWorld
[2016.03.17-10.01.01:061][  0]LogInit: XAudio2 using 'Speakers (Realtek High Definition Audio)' : 2 channels at 48 kHz using 32 bits per sample (channel mask 0x3)
[2016.03.17-10.01.01:189][  0]LogInit: FAudioDevice initialized.
[2016.03.17-10.01.01:193][  0]LogDerivedDataCache:Error: Could not save memory cache C:/Users/VR/AppData/Local/UnrealEngine/4.9/DerivedDataCache/Boot.ddc.
[2016.03.17-10.01.01:197][  0]LogInit: Texture streaming: Enabled
[2016.03.17-10.01.01:220][  0]LogAnalytics: Creating configured Analytics provider AnalyticsET
[2016.03.17-10.01.01:228][  0]LogAnalytics: [UEEditor.Rocket.Release] APIServer = http://et2.epicgames.com/ET2/. AppVersion = 4.9.2-2707645+++depot+UE4-Releases+4.9
[2016.03.17-10.01.01:228][  0]LogAnalytics: [UEEditor.Rocket.Release] SetUserId 8c1436b7469470d4e6ebefb46ce7086e|0318ce7eb266467aa7a1e63543527494|c39e7128-8a93-45bc-b94e-b28d0faf1958
[2016.03.17-10.01.01:234][  0]LogAnalytics: [UEEditor.Rocket.Release] AnalyticsET::StartSession
[2016.03.17-10.01.01:285][  0]LogWindowsTextInputMethodSystem:Display: IME system now deactivated.
[2016.03.17-10.01.01:457][  0]LogInit: Transaction tracking system initialized
[2016.03.17-10.01.01:912][  0]BlueprintLog: New page: Editor Load
[2016.03.17-10.01.03:415][  0]LocalizationService: Info Localization service is disabled
[2016.03.17-10.01.04:012][  0]LogLinker:Warning: Can't find file '/Game/FirstPersonBP/FirstPersonOverview'
[2016.03.17-10.01.04:012][  0]LogLinker:Warning: Can't find file '/Game/FirstPersonBP/FirstPersonOverview'
[2016.03.17-10.01.04:031][  0]LogUObjectGlobals:Warning: Failed to find object 'Class /Game/FirstPersonBP/FirstPersonOverview.FirstPersonOverview_C'
[2016.03.17-10.01.04:289][  0]LogConsoleResponse:Display: 
[2016.03.17-10.01.07:138][  0]LogFileCache: Scanning file cache for directory 'D:/UnrealProjects/GE_Project/Content/' took 0.06s
[2016.03.17-10.01.07:138][  0]LogCook:Display: Done creating registry. It took  0.00s.
[2016.03.17-10.01.07:834][  0]SourceControl: Info Source control is disabled
[2016.03.17-10.01.07:882][  0]Cmd: MAP LOAD FILE="../../../../../../UnrealProjects/GE_Project/Content/StarterContent/Maps/Minimal_Default.umap" TEMPLATE=0 SHOWPROGRESS=1 FEATURELEVEL=3
[2016.03.17-10.01.08:027][  0]LightingResults: New page: Lighting Build
[2016.03.17-10.01.08:254][  0]MapCheck: New page: Map Check
[2016.03.17-10.01.08:254][  0]LightingResults: New page: Lighting Build
[2016.03.17-10.01.08:605][  0]LogParticles: Destroying 0 GPU particle simulations for FXSystem 0x0000005D33968400
[2016.03.17-10.01.12:037][  0]LogAIModule: Creating AISystem for world Minimal_Default
[2016.03.17-10.01.12:730][  0]LogEditorServer: Finished looking for orphan Actors (0.000 secs)
[2016.03.17-10.01.12:784][  0]Cmd: MAP CHECKDEP NOCLEARLOG
[2016.03.17-10.01.12:851][  0]MapCheck: Info Map check complete: 0 Error(s), 0 Warning(s), took 66.599ms to complete.
[2016.03.17-10.01.12:861][  0]LogFileHelpers: Loading map 'Minimal_Default' took 5.009
[2016.03.17-10.01.14:429][  0]LogCollectionManager: Loaded 0 collections in 0.001623 seconds
[2016.03.17-10.01.14:526][  0]LogFileCache: Scanning file cache for directory 'D:/UnrealProjects/GE_Project/Saved/Collections/' took 0.01s
[2016.03.17-10.01.14:526][  0]LogFileCache: Scanning file cache for directory 'D:/UnrealProjects/GE_Project/Content/Developers/VR/Collections/' took 0.01s
[2016.03.17-10.01.14:526][  0]LogFileCache: Scanning file cache for directory 'D:/UnrealProjects/GE_Project/Content/Collections/' took 0.01s
[2016.03.17-10.01.14:526][  0]LogContentBrowser: Native class hierarchy populated in 0.0491 seconds. Added 1918 classes and 347 folders.
[2016.03.17-10.01.14:605][  0]LogCollectionManager: Rebuilt the GUID cache for 0 collections in 0.000002 seconds
[2016.03.17-10.01.14:693][  0]LogContentBrowser: Native class hierarchy updated for 'WidgetCarousel' in 0.0015 seconds. Added 0 classes and 0 folders.
[2016.03.17-10.01.17:175][  0]LogContentBrowser: Native class hierarchy updated for 'AddContentDialog' in 0.0012 seconds. Added 0 classes and 0 folders.
[2016.03.17-10.01.17:258][  0]LogContentBrowser: Native class hierarchy updated for 'SceneOutliner' in 0.0015 seconds. Added 1 classes and 2 folders.
[2016.03.17-10.01.17:926][  0]LogCrashTracker: Crashtracker disabled due to settings.
[2016.03.17-10.01.17:993][  0]LogUObjectGlobals:Warning: Failed to find object 'Class None.'
[2016.03.17-10.01.18:041][  0]LogLoad: Full Startup: 28.27 seconds (BP compile: 0.14 seconds)
[2016.03.17-10.01.18:463][  0]LogContentStreaming: Texture pool size now 1000 MB
[2016.03.17-10.01.19:265][  0]LogRenderer: Reallocating scene render targets to support 1216x576 (Frame:2).
[2016.03.17-10.01.20:071][  1]LogFileCache: Retrieving MD5 hashes for directory 'D:/UnrealProjects/GE_Project/Content/' took 1.98s
[2016.03.17-10.01.20:366][  4]LogAssetRegistry: Asset discovery search completed in 27.3084 seconds
[2016.03.17-10.01.20:367][  4]LogCollectionManager: Rebuilt the object cache for 0 collections in 0.000001 seconds (found 0 objects)
[2016.03.17-10.01.20:401][  4]LogCollectionManager: Fixed up redirectors for 0 collections in 0.000040 seconds (updated 0 objects)
[2016.03.17-10.01.24:074][235]Cmd: MAP LOAD FILE="../../../../../../UnrealProjects/GE_Project/Content/MyFirstLevel.umap" TEMPLATE=0 SHOWPROGRESS=1 FEATURELEVEL=3
[2016.03.17-10.01.24:087][235]LightingResults: New page: Lighting Build
[2016.03.17-10.01.24:104][235]LoadErrors: New page: Loading map: MyFirstLevel.umap
[2016.03.17-10.01.24:127][235]MapCheck: New page: Map Check
[2016.03.17-10.01.24:127][235]LightingResults: New page: Lighting Build
[2016.03.17-10.01.24:170][235]LogParticles: Destroying 0 GPU particle simulations for FXSystem 0x0000005D1BD67380
[2016.03.17-10.01.24:744][235]LogBlueprint:Warning: [compiler Ue4ASP_Character] Warning Input Axis Event references unknown Axis 'LookUp' for  InputAxis LookUp 
[2016.03.17-10.01.24:744][235]LogBlueprint:Warning: [compiler Ue4ASP_Character] Warning Input Axis Event references unknown Axis 'Turn' for  InputAxis Turn 
[2016.03.17-10.01.24:744][235]LogBlueprint:Warning: [compiler Ue4ASP_Character] Warning Input Axis Event references unknown Axis 'MoveRight' for  InputAxis MoveRight 
[2016.03.17-10.01.24:745][235]LogBlueprint:Warning: [compiler Ue4ASP_Character] Warning Input Axis Event references unknown Axis 'MoveForward' for  InputAxis MoveForward 
[2016.03.17-10.01.24:747][235]LogBlueprint:Warning: [compiler Ue4ASP_Character] Warning [0034.98] Compile of Ue4ASP_Character successful, but with 4 Warning(s) [in 5 ms]
[2016.03.17-10.01.24:747][235]LogBlueprint:Warning: [compiler Ue4ASP_Character] Warning [0034.98] Compile of Ue4ASP_Character successful, but with 5 Warning(s) [in 0 ms]
[2016.03.17-10.01.24:747][235]LogBlueprint:Warning: [compiler Ue4ASP_Character] Warning [0034.98] Compile of Ue4ASP_Character successful, but with 6 Warning(s) [in 0 ms]
[2016.03.17-10.01.24:880][235]LogBlueprint:Warning: [compiler Ue4ASP_Character] Warning Input Axis Event references unknown Axis 'LookUp' for  InputAxis LookUp 
[2016.03.17-10.01.24:880][235]LogBlueprint:Warning: [compiler Ue4ASP_Character] Warning Input Axis Event references unknown Axis 'Turn' for  InputAxis Turn 
[2016.03.17-10.01.24:880][235]LogBlueprint:Warning: [compiler Ue4ASP_Character] Warning Input Axis Event references unknown Axis 'MoveRight' for  InputAxis MoveRight 
[2016.03.17-10.01.24:880][235]LogBlueprint:Warning: [compiler Ue4ASP_Character] Warning Input Axis Event references unknown Axis 'MoveForward' for  InputAxis MoveForward 
[2016.03.17-10.01.24:882][235]LogBlueprint:Warning: [compiler Ue4ASP_Character] Warning [0035.12] Compile of Ue4ASP_Character successful, but with 4 Warning(s) [in 5 ms]
[2016.03.17-10.01.24:882][235]LogBlueprint:Warning: [compiler Ue4ASP_Character] Warning [0035.12] Compile of Ue4ASP_Character successful, but with 5 Warning(s) [in 0 ms]
[2016.03.17-10.01.24:883][235]LogBlueprint:Warning: [compiler Ue4ASP_Character] Warning [0035.12] Compile of Ue4ASP_Character successful, but with 6 Warning(s) [in 0 ms]
[2016.03.17-10.01.27:710][235]LogAIModule: Creating AISystem for world MyFirstLevel
[2016.03.17-10.01.29:021][235]LogEditorServer: Finished looking for orphan Actors (0.000 secs)
[2016.03.17-10.01.29:072][235]Cmd: MAP CHECKDEP NOCLEARLOG
[2016.03.17-10.01.29:125][235]MapCheck: Info Map check complete: 0 Error(s), 0 Warning(s), took 53.553ms to complete.
[2016.03.17-10.01.29:125][235]LogFileHelpers: Loading map 'MyFirstLevel' took 5.053
[2016.03.17-10.01.29:174][236]Cmd: UpdateLandscapeEditorData -warnings
[2016.03.17-10.01.31:710][519]LogBlueprint:Warning: [BP_Avatar] CreatePinForVariable: 'KinectInterface' variable not found. Base class was probably changed.
[2016.03.17-10.01.31:710][519]LogBlueprint:Warning: [BP_Avatar] CreatePinForVariable: 'KinectInterface' variable not found. Base class was probably changed.
[2016.03.17-10.01.31:710][519]LogBlueprint:Warning: [BP_Avatar] CreatePinForVariable: 'KinectInterface' variable not found. Base class was probably changed.
[2016.03.17-10.01.31:710][519]LogBlueprint:Warning: [BP_Avatar] CreatePinForVariable: 'KinectInterface' variable not found. Base class was probably changed.
[2016.03.17-10.01.31:711][519]LogBlueprint:Warning: [BP_Avatar] CreatePinForVariable: 'KinectInterface' variable not found. Base class was probably changed.
[2016.03.17-10.01.31:711][519]LogBlueprint:Warning: [BP_Avatar] CreatePinForVariable: 'KinectInterface' variable not found. Base class was probably changed.
[2016.03.17-10.01.31:711][519]LogBlueprint:Warning: [BP_Avatar] CreatePinForVariable: 'KinectInterface' variable not found. Base class was probably changed.
[2016.03.17-10.01.31:718][519]LogBlueprint:Error: [compiler BP_Avatar] Error Could not find a function named "GetHandStateAsExecution" in 'BP_Avatar'.
Make sure 'BP_Avatar' has been compiled for  Get Hand State as Execution 
[2016.03.17-10.01.31:718][519]LogBlueprint:Warning: [compiler BP_Avatar] Warning Could not find a variable named "KinectInterface" in 'BP_Avatar_C'.
Make sure 'BP_Avatar_C' has been compiled for  Get KinectInterface 
[2016.03.17-10.01.31:718][519]LogBlueprint:Warning: [compiler BP_Avatar] Warning Could not find a variable named "KinectInterface" in 'BP_Avatar_C'.
Make sure 'BP_Avatar_C' has been compiled for  Get KinectInterface 
[2016.03.17-10.01.31:718][519]LogBlueprint:Error: [compiler BP_Avatar] Error Could not find a function named "GetDistanceBetweenJoints" in 'BP_Avatar'.
Make sure 'BP_Avatar' has been compiled for  Get Distance Between Joints 
[2016.03.17-10.01.31:719][519]LogBlueprint:Warning: [compiler BP_Avatar] Warning Could not find a variable named "KinectInterface" in 'BP_Avatar_C'.
Make sure 'BP_Avatar_C' has been compiled for  Get KinectInterface 
[2016.03.17-10.01.31:719][519]LogBlueprint:Error: [compiler BP_Avatar] Error Could not find a function named "GetDistanceBetweenJoints" in 'BP_Avatar'.
Make sure 'BP_Avatar' has been compiled for  Get Distance Between Joints 
[2016.03.17-10.01.31:719][519]LogBlueprint:Warning: [compiler BP_Avatar] Warning Could not find a variable named "KinectInterface" in 'BP_Avatar_C'.
Make sure 'BP_Avatar_C' has been compiled for  Get KinectInterface 
[2016.03.17-10.01.31:719][519]LogBlueprint:Error: [compiler BP_Avatar] Error Could not find a function named "GetCenteredBody" in 'BP_Avatar'.
Make sure 'BP_Avatar' has been compiled for  Get Centered Body 
[2016.03.17-10.01.31:719][519]LogBlueprint:Warning: [compiler BP_Avatar] Warning Could not find a variable named "KinectInterface" in 'BP_Avatar_C'.
Make sure 'BP_Avatar_C' has been compiled for  Get KinectInterface 
[2016.03.17-10.01.31:719][519]LogBlueprint:Error: [compiler BP_Avatar] Error Could not find a function named "GetHandStateAsExecution" in 'BP_Avatar'.
Make sure 'BP_Avatar' has been compiled for  Get Hand State as Execution 
[2016.03.17-10.01.31:719][519]LogBlueprint:Warning: [compiler BP_Avatar] Warning Could not find a variable named "KinectInterface" in 'BP_Avatar_C'.
Make sure 'BP_Avatar_C' has been compiled for  Get KinectInterface 
[2016.03.17-10.01.31:719][519]LogBlueprint:Error: [compiler BP_Avatar] Error Could not find a function named "GetHandStateAsExecution" in 'BP_Avatar'.
Make sure 'BP_Avatar' has been compiled for  Get Hand State as Execution 
[2016.03.17-10.01.31:719][519]LogBlueprint:Warning: [compiler BP_Avatar] Warning Could not find a variable named "KinectInterface" in 'BP_Avatar_C'.
Make sure 'BP_Avatar_C' has been compiled for  Get KinectInterface 
[2016.03.17-10.01.31:719][519]LogBlueprint:Error: [compiler BP_Avatar] Error Could not find a function named "GetCenteredBody" in 'BP_Avatar'.
Make sure 'BP_Avatar' has been compiled for  Get Centered Body 
[2016.03.17-10.01.31:734][519]LogBlueprint:Error: [compiler BP_Avatar] Error The property associated with  Kinect Interface  could not be found
[2016.03.17-10.01.31:734][519]LogBlueprint:Error: [compiler BP_Avatar] Error The property associated with  Kinect Interface  could not be found
[2016.03.17-10.01.31:734][519]LogBlueprint:Error: [compiler BP_Avatar] Error The current value (AnkleRight) of the ' Start Joint ' pin is invalid: Expected a valid unsigned number for a byte property
[2016.03.17-10.01.31:734][519]LogBlueprint:Error: [compiler BP_Avatar] Error The current value (AnkleLeft) of the ' End Joint ' pin is invalid: Expected a valid unsigned number for a byte property
[2016.03.17-10.01.31:734][519]LogBlueprint:Error: [compiler BP_Avatar] Error The property associated with  Kinect Interface  could not be found
[2016.03.17-10.01.31:735][519]LogBlueprint:Error: [compiler BP_Avatar] Error The current value (Head) of the ' Start Joint ' pin is invalid: Expected a valid unsigned number for a byte property
[2016.03.17-10.01.31:735][519]LogBlueprint:Error: [compiler BP_Avatar] Error The current value (AnkleRight) of the ' End Joint ' pin is invalid: Expected a valid unsigned number for a byte property
[2016.03.17-10.01.31:735][519]LogBlueprint:Error: [compiler BP_Avatar] Error The property associated with  Kinect Interface  could not be found
[2016.03.17-10.01.31:735][519]LogBlueprint:Error: [compiler BP_Avatar] Error The current value (Right) of the ' Hand ' pin is invalid: Expected a valid unsigned number for a byte property
[2016.03.17-10.01.31:741][519]LogBlueprint:Warning: [compiler BP_Avatar] Warning [0041.97] Compile of BP_Avatar failed. 16 Fatal Issue(s) 7 Warning(s) [in 28 ms]
[2016.03.17-10.01.31:741][519]LogBlueprint:Warning: [compiler BP_Avatar] Warning [0041.97] Compile of BP_Avatar failed. 16 Fatal Issue(s) 8 Warning(s) [in 0 ms]
[2016.03.17-10.01.31:741][519]LogBlueprint:Warning: [compiler BP_Avatar] Warning [0041.97] Compile of BP_Avatar failed. 16 Fatal Issue(s) 9 Warning(s) [in 0 ms]
[2016.03.17-10.01.31:897][519]LogLinker:Warning: Asset '../../../Engine/Content/ArtTools/RenderToTexture/Macros/RenderToTextureMacros.uasset' has been saved with empty engine version. The asset will be loaded but may be incompatible.
[2016.03.17-10.01.32:591][519]LogContentBrowser: Native class hierarchy updated for 'BlueprintGraph' in 0.0017 seconds. Added 107 classes and 0 folders.
[2016.03.17-10.02.18:535][484]LogBlueprintUserMessages: Early PlayInEditor Detection: Level '/Game/MyFirstLevel.MyFirstLevel:PersistentLevel' has LevelScriptBlueprint '/Game/MyFirstLevel.MyFirstLevel:PersistentLevel.MyFirstLevel' with GeneratedClass '/Game/MyFirstLevel.MyFirstLevel_C' with ClassGeneratedBy '/Game/MyFirstLevel.MyFirstLevel:PersistentLevel.MyFirstLevel'
[2016.03.17-10.02.18:535][484]LogPlayLevel: PlayLevel: No blueprints needed recompiling
[2016.03.17-10.02.54:599][564]LogEditorViewport: Clicking on Actor (LMB): BP_Sky_Sphere_C (BP_Sky_Sphere2)
[2016.03.17-10.03.04:501][695]LogSlate:Warning: Prevented a slow task dialog from being summoned while a context menu was open
[2016.03.17-10.03.05:141][695]LogCrashTracker: 


[2016.03.17-10.03.05:172][695]LogCrashTracker: 


[2016.03.17-10.03.05:172][695]LogWindows: === Critical error: ===
Fatal error!



[2016.03.17-10.03.05:286][695]LogExit: Executing StaticShutdownAfterError
[2016.03.17-10.03.05:295][695]LogOutputDevice:Warning: 

Script Stack:
PickUpItem.Prox

[2016.03.17-10.03.05:298][695]LogPhysics:Warning: PHYSX: ..\..\PhysX\src\NpScene.cpp (2946) 8 : PxScene::unlockWrite() called without matching call to PxScene::lockWrite(), behaviour will be undefined.
[2016.03.17-10.03.05:298][695]LogPhysics:Warning: PHYSX: ..\..\PhysX\src\NpScene.cpp (2946) 8 : PxScene::unlockWrite() called without matching call to PxScene::lockWrite(), behaviour will be undefined.
[2016.03.17-10.03.05:298][695]LogPhysics:Warning: PHYSX: ..\..\PhysX\src\NpScene.cpp (2946) 8 : PxScene::unlockWrite() called without matching call to PxScene::lockWrite(), behaviour will be undefined.
[2016.03.17-10.03.05:299][695]LogPhysics:Warning: PHYSX: ..\..\PhysX\src\NpScene.cpp (2946) 8 : PxScene::unlockWrite() called without matching call to PxScene::lockWrite(), behaviour will be undefined.
[2016.03.17-10.03.05:299][695]LogPhysics:Warning: PHYSX: ..\..\PhysX\src\NpScene.cpp (2946) 8 : PxScene::unlockWrite() called without matching call to PxScene::lockWrite(), behaviour will be undefined.
[2016.03.17-10.03.05:299][695]LogPhysics:Warning: PHYSX: ..\..\PhysX\src\NpScene.cpp (2946) 8 : PxScene::unlockWrite() called without matching call to PxScene::lockWrite(), behaviour will be undefined.
[2016.03.17-10.03.05:299][695]LogPhysics:Warning: PHYSX: ..\..\PhysX\src\NpScene.cpp (2946) 8 : PxScene::unlockWrite() called without matching call to PxScene::lockWrite(), behaviour will be undefined.
[2016.03.17-10.03.05:299][695]LogPhysics:Warning: PHYSX: ..\..\PhysX\src\NpScene.cpp (2946) 8 : PxScene::unlockWrite() called without matching call to PxScene::lockWrite(), behaviour will be undefined.
[2016.03.17-10.03.05:299][695]LogWindows: FPlatformMisc::RequestExit(1)
[2016.03.17-10.03.05:299][695]Log file closed, 03/17/16 11:03:05
