[2016.03.17-11.43.53:057][  0]Log file open, 03/17/16 12:43:53
[2016.03.17-11.43.53:057][  0]LogInit:Display: Running engine for game: TheBeginning
[2016.03.17-11.43.53:057][  0]LogInit:Display: RandInit(-1621222173) SRandInit(-1621222172).
[2016.03.17-11.43.53:057][  0]LogTaskGraph: Started task graph with 4 named threads and 7 total threads.
[2016.03.17-11.43.53:057][  0]LogStats: Stats thread started at 0.066496
[2016.03.17-11.43.53:057][  0]LogInit: Version: 4.9.2-2707645+++depot+UE4-Releases+4.9
[2016.03.17-11.43.53:057][  0]LogInit: API Version: 2672455
[2016.03.17-11.43.53:057][  0]LogInit: Compiled (64-bit): Sep 28 2015 10:25:44
[2016.03.17-11.43.53:057][  0]LogInit: Compiled with Visual C++: 18.00.21005.01
[2016.03.17-11.43.53:057][  0]LogInit: Build Configuration: Development
[2016.03.17-11.43.53:057][  0]LogInit: Branch Name: ++depot+UE4-Releases+4.9
[2016.03.17-11.43.53:057][  0]LogInit: Command line:  
[2016.03.17-11.43.53:057][  0]LogInit: Base directory: D:/Programme/Epic Games/4.9/Engine/Binaries/Win64/
[2016.03.17-11.43.53:057][  0]LogInit: Rocket: 1
[2016.03.17-11.43.53:062][  0]LogInit: Using libcurl 7.41.0
[2016.03.17-11.43.53:062][  0]LogInit:  - built for x86_64-pc-win32
[2016.03.17-11.43.53:062][  0]LogInit:  - supports SSL with WinSSL
[2016.03.17-11.43.53:062][  0]LogInit:  - other features:
[2016.03.17-11.43.53:062][  0]LogInit:      CURL_VERSION_SSL
[2016.03.17-11.43.53:062][  0]LogInit:      CURL_VERSION_IPV6
[2016.03.17-11.43.53:063][  0]LogInit:      CURL_VERSION_ASYNCHDNS
[2016.03.17-11.43.53:063][  0]LogInit:      CURL_VERSION_LARGEFILE
[2016.03.17-11.43.53:063][  0]LogInit:      CURL_VERSION_IDN
[2016.03.17-11.43.53:063][  0]LogInit:  CurlRequestOptions (configurable via config and command line):
[2016.03.17-11.43.53:063][  0]LogInit:  - bVerifyPeer = true  - Libcurl will verify peer certificate
[2016.03.17-11.43.53:063][  0]LogInit:  - bUseHttpProxy = false  - Libcurl will NOT use HTTP proxy
[2016.03.17-11.43.53:063][  0]LogInit:  - bDontReuseConnections = false  - Libcurl will reuse connections
[2016.03.17-11.43.53:063][  0]LogInit:  - CertBundlePath = nullptr  - Libcurl will use whatever was configured at build time.
[2016.03.17-11.43.53:067][  0]LogInit: Presizing for 0 objects not considered by GC, pre-allocating 0 bytes.
[2016.03.17-11.43.53:073][  0]LogInit: Object subsystem initialized
[2016.03.17-11.43.53:074][  0]LogInit: Selected Device Profile: [Windows]
[2016.03.17-11.43.53:074][  0]LogInit: Applying CVar settings loaded from the selected device profile: [Windows]
[2016.03.17-11.43.53:081][  0]LogInit: Computer: PC1021500895
[2016.03.17-11.43.53:081][  0]LogInit: User: VR
[2016.03.17-11.43.53:081][  0]LogInit: CPU Page size=4096, Cores=4
[2016.03.17-11.43.53:081][  0]LogInit: High frequency timer resolution =3.507508 MHz
[2016.03.17-11.43.53:081][  0]LogMemory: Memory total: Physical=15.9GB (16GB approx)
[2016.03.17-11.43.53:081][  0]LogMemory: Platform Memory Stats for Windows
[2016.03.17-11.43.53:081][  0]LogMemory: Process Physical Memory: 53.21 MB used, 53.21 MB peak
[2016.03.17-11.43.53:081][  0]LogMemory: Process Virtual Memory: 55.14 MB used, 55.14 MB peak
[2016.03.17-11.43.53:081][  0]LogMemory: Physical Memory: 3836.67 MB used, 16261.17 MB total
[2016.03.17-11.43.53:081][  0]LogMemory: Virtual Memory: 346.75 MB used, 134217728.00 MB total
[2016.03.17-11.43.53:109][  0]LogTextLocalizationManager: No translations for ('de-DE') exist, falling back to 'en' for localization and internationalization data.
[2016.03.17-11.43.53:756][  0]LogD3D11RHI: Found D3D11 adapter 0: NVIDIA GeForce GTX 970 (Feature Level 11_0)
[2016.03.17-11.43.53:756][  0]LogD3D11RHI: Adapter has 3976MB of dedicated video memory, 0MB of dedicated system memory, and 8130MB of shared system memory, 1 output[s]
[2016.03.17-11.43.53:757][  0]LogD3D11RHI: Found D3D11 adapter 1: Microsoft Basic Render Driver (Feature Level 11_0)
[2016.03.17-11.43.53:757][  0]LogD3D11RHI: Adapter has 0MB of dedicated video memory, 0MB of dedicated system memory, and 256MB of shared system memory, 0 output[s]
[2016.03.17-11.43.53:757][  0]LogD3D11RHI: Chosen D3D11 Adapter Id = 0
[2016.03.17-11.43.53:760][  0]LogD3D11RHI: !Direct3DDevice
[2016.03.17-11.43.53:760][  0]LogRHI: Texture pool is 1361 MB (70% of 1945 MB)
[2016.03.17-11.43.53:768][  0]LogD3D11RHI: Async texture creation enabled
[2016.03.17-11.43.53:785][  0]LogShaderCompilers: Guid format shader working directory is 15 characters bigger than the processId version (../../../../../../UnrealProjects/GE_Project/Intermediate/Shaders/WorkingDirectory/3892/).
[2016.03.17-11.43.53:785][  0]LogShaderCompilers: Cleaned the shader compiler working directory '../../../../../../UnrealProjects/GE_Project/Intermediate/Shaders/tmp/E964B9B94FECC1A2ABD3E49DAC1353CE/'.
[2016.03.17-11.43.53:785][  0]LogShaderCompilers:Display: Using Local Shader Compiler.
[2016.03.17-11.43.54:593][  0]LogTemp:Display: Loaded TP AllDesktopTargetPlatform
[2016.03.17-11.43.54:596][  0]LogTemp:Display: Loaded TP WindowsClientTargetPlatform
[2016.03.17-11.43.54:600][  0]LogTemp:Display: Loaded TP WindowsNoEditorTargetPlatform
[2016.03.17-11.43.54:603][  0]LogTemp:Display: Loaded TP WindowsServerTargetPlatform
[2016.03.17-11.43.54:606][  0]LogTemp:Display: Loaded TP WindowsTargetPlatform
[2016.03.17-11.43.54:609][  0]LogTemp:Display: Loaded TP AndroidTargetPlatform
[2016.03.17-11.43.54:611][  0]LogTemp:Display: Loaded TP Android_ASTCTargetPlatform
[2016.03.17-11.43.54:613][  0]LogTemp:Display: Loaded TP Android_ATCTargetPlatform
[2016.03.17-11.43.54:615][  0]LogTemp:Display: Loaded TP Android_DXTTargetPlatform
[2016.03.17-11.43.54:618][  0]LogTemp:Display: Loaded TP Android_ETC1TargetPlatform
[2016.03.17-11.43.54:621][  0]LogTemp:Display: Loaded TP Android_ETC2TargetPlatform
[2016.03.17-11.43.54:624][  0]LogTemp:Display: Loaded TP Android_PVRTCTargetPlatform
[2016.03.17-11.43.54:625][  0]LogTemp:Display: Loaded TP HTML5TargetPlatform
[2016.03.17-11.43.54:640][  0]LogTemp:Display: Loaded TP IOSTargetPlatform
[2016.03.17-11.43.54:642][  0]LogTemp:Display: Loaded TP LinuxNoEditorTargetPlatform
[2016.03.17-11.43.54:645][  0]LogTemp:Display: Loaded TP LinuxServerTargetPlatform
[2016.03.17-11.43.54:647][  0]LogTemp:Display: Loaded TP LinuxTargetPlatform
[2016.03.17-11.43.54:647][  0]LogTargetPlatformManager:Display: Building Assets For Windows
[2016.03.17-11.43.54:698][  0]LogDerivedDataCache:Display: Max Cache Size: 512 MB
[2016.03.17-11.43.54:736][  0]LogDerivedDataCache: Loaded boot cache 0.04s 41MB C:/Users/VR/AppData/Local/UnrealEngine/4.9/DerivedDataCache/Boot.ddc.
[2016.03.17-11.43.54:736][  0]LogDerivedDataCache:Display: Loaded Boot cache: C:/Users/VR/AppData/Local/UnrealEngine/4.9/DerivedDataCache/Boot.ddc
[2016.03.17-11.43.54:736][  0]LogDerivedDataCache: FDerivedDataBackendGraph:  Pak pak cache file ../../../../../../UnrealProjects/GE_Project/DerivedDataCache/DDC.ddp not found, will not use a pak cache.
[2016.03.17-11.43.54:736][  0]LogDerivedDataCache: Unable to find inner node Pak for hierarchical cache Hierarchy.
[2016.03.17-11.43.54:736][  0]LogDerivedDataCache: FDerivedDataBackendGraph:  CompressedPak pak cache file ../../../../../../UnrealProjects/GE_Project/DerivedDataCache/Compressed.ddp not found, will not use a pak cache.
[2016.03.17-11.43.54:736][  0]LogDerivedDataCache: Unable to find inner node CompressedPak for hierarchical cache Hierarchy.
[2016.03.17-11.43.54:857][  0]LogDerivedDataCache:Display: Pak cache opened for reading ../../../Engine/DerivedDataCache/Compressed.ddp.
[2016.03.17-11.43.54:869][  0]LogDerivedDataCache: Using Local data cache path C:/Users/VR/AppData/Local/UnrealEngine/Common/DerivedDataCache: Writable
[2016.03.17-11.43.55:006][  0]LogInit: Selected Device Profile: [Windows]
[2016.03.17-11.43.55:008][  0]LogContentStreaming: Texture pool size is 0.000000MB
[2016.03.17-11.43.55:103][  0]LogMeshUtilities: No automatic mesh reduction module available
[2016.03.17-11.43.55:103][  0]LogMeshUtilities: No automatic mesh merging module available
[2016.03.17-11.43.55:293][  0]LogInit: WinSock: version 1.1 (2.2), MaxSocks=32767, MaxUdp=65467
[2016.03.17-11.43.55:832][  0]UdpMessaging: Initializing bridge on interface 0.0.0.0:0 to multicast group 230.0.0.1:6666.
[2016.03.17-11.43.55:951][  0]LogAssetRegistry: FAssetRegistry took 0.0114 seconds to start up
[2016.03.17-11.43.56:070][  0]SourceControl: Info Source control is disabled
[2016.03.17-11.43.56:076][  0]SourceControl: Info Source control is disabled
[2016.03.17-11.43.56:082][  0]SourceControl: Info Source control is disabled
[2016.03.17-11.43.56:092][  0]SourceControl: Info Source control is disabled
[2016.03.17-11.43.56:178][  0]LogLinker:Warning: Asset '../../../Engine/Plugins/Runtime/LeapMotionController/Content/LM_PassthroughMaterial.uasset' has been saved with empty engine version. The asset will be loaded but may be incompatible.
[2016.03.17-11.43.56:231][  0]LeapPluginLog: Using LeapPlugin version 0.9.6
[2016.03.17-11.43.56:235][  0]LogObj: 29249 objects as part of root set at end of initial load.
[2016.03.17-11.43.56:235][  0]LogUObjectAllocator: 6234272 out of 0 bytes used by permanent object pool.
[2016.03.17-11.43.56:281][  0]LogEngine: Initializing Engine...
[2016.03.17-11.43.56:283][  0]LogHMD: Can't find Oculus library dev build: is proper Runtime installed? Version: 0.7.0.0
[2016.03.17-11.43.56:663][  0]LogHMD: SteamVR initialized.  Driver: oculus  Display: 207KGV03FJGR
[2016.03.17-11.43.56:769][  0]LogAIModule: Creating AISystem for world NewWorld
[2016.03.17-11.43.56:783][  0]LogInit: XAudio2 using 'Speakers (Realtek High Definition Audio)' : 2 channels at 48 kHz using 32 bits per sample (channel mask 0x3)
[2016.03.17-11.43.56:792][  0]LogInit: FAudioDevice initialized.
[2016.03.17-11.43.56:811][  0]LogDerivedDataCache: Saved boot cache 0.02s 41MB C:/Users/VR/AppData/Local/UnrealEngine/4.9/DerivedDataCache/Boot.ddc.
[2016.03.17-11.43.56:815][  0]LogInit: Texture streaming: Enabled
[2016.03.17-11.43.56:819][  0]LogAnalytics: Creating configured Analytics provider AnalyticsET
[2016.03.17-11.43.56:819][  0]LogAnalytics: [UEEditor.Rocket.Release] APIServer = http://et2.epicgames.com/ET2/. AppVersion = 4.9.2-2707645+++depot+UE4-Releases+4.9
[2016.03.17-11.43.56:819][  0]LogAnalytics: [UEEditor.Rocket.Release] SetUserId 8c1436b7469470d4e6ebefb46ce7086e|0318ce7eb266467aa7a1e63543527494|c39e7128-8a93-45bc-b94e-b28d0faf1958
[2016.03.17-11.43.56:819][  0]LogAnalytics: [UEEditor.Rocket.Release] AnalyticsET::StartSession
[2016.03.17-11.43.56:827][  0]LogWindowsTextInputMethodSystem:Display: IME system now deactivated.
[2016.03.17-11.43.56:838][  0]LogInit: Transaction tracking system initialized
[2016.03.17-11.43.56:857][  0]BlueprintLog: New page: Editor Load
[2016.03.17-11.43.56:905][  0]LocalizationService: Info Localization service is disabled
[2016.03.17-11.43.56:954][  0]LogLinker:Warning: Can't find file '/Game/FirstPersonBP/FirstPersonOverview'
[2016.03.17-11.43.56:954][  0]LogLinker:Warning: Can't find file '/Game/FirstPersonBP/FirstPersonOverview'
[2016.03.17-11.43.56:954][  0]LogUObjectGlobals:Warning: Failed to find object 'Class /Game/FirstPersonBP/FirstPersonOverview.FirstPersonOverview_C'
[2016.03.17-11.43.56:964][  0]LogConsoleResponse:Display: 
[2016.03.17-11.43.57:062][  0]LogCook:Display: Done creating registry. It took  0.00s.
[2016.03.17-11.43.57:069][  0]LogFileCache: Scanning file cache for directory 'D:/UnrealProjects/GE_Project/Content/' took 0.01s
[2016.03.17-11.43.57:101][  0]SourceControl: Info Source control is disabled
[2016.03.17-11.43.57:101][  0]Cmd: MAP LOAD FILE="../../../../../../UnrealProjects/GE_Project/Content/StarterContent/Maps/Minimal_Default.umap" TEMPLATE=0 SHOWPROGRESS=1 FEATURELEVEL=3
[2016.03.17-11.43.57:101][  0]LightingResults: New page: Lighting Build
[2016.03.17-11.43.57:103][  0]MapCheck: New page: Map Check
[2016.03.17-11.43.57:103][  0]LightingResults: New page: Lighting Build
[2016.03.17-11.43.57:113][  0]LogParticles: Destroying 0 GPU particle simulations for FXSystem 0x0000001B11D04400
[2016.03.17-11.43.57:445][  0]LogAIModule: Creating AISystem for world Minimal_Default
[2016.03.17-11.43.57:451][  0]LogEditorServer: Finished looking for orphan Actors (0.000 secs)
[2016.03.17-11.43.57:451][  0]Cmd: MAP CHECKDEP NOCLEARLOG
[2016.03.17-11.43.57:488][  0]MapCheck: Info Map check complete: 0 Error(s), 0 Warning(s), took 36.089ms to complete.
[2016.03.17-11.43.57:488][  0]LogFileHelpers: Loading map 'Minimal_Default' took 0.387
[2016.03.17-11.43.57:588][  0]LogCollectionManager: Loaded 0 collections in 0.001263 seconds
[2016.03.17-11.43.57:629][  0]LogFileCache: Scanning file cache for directory 'D:/UnrealProjects/GE_Project/Saved/Collections/' took 0.01s
[2016.03.17-11.43.57:629][  0]LogFileCache: Scanning file cache for directory 'D:/UnrealProjects/GE_Project/Content/Developers/VR/Collections/' took 0.01s
[2016.03.17-11.43.57:629][  0]LogFileCache: Scanning file cache for directory 'D:/UnrealProjects/GE_Project/Content/Collections/' took 0.01s
[2016.03.17-11.43.57:629][  0]LogContentBrowser: Native class hierarchy populated in 0.0068 seconds. Added 1918 classes and 347 folders.
[2016.03.17-11.43.57:633][  0]LogCollectionManager: Rebuilt the GUID cache for 0 collections in 0.000003 seconds
[2016.03.17-11.43.57:637][  0]LogContentBrowser: Native class hierarchy updated for 'WidgetCarousel' in 0.0011 seconds. Added 0 classes and 0 folders.
[2016.03.17-11.43.57:670][  0]LogContentBrowser: Native class hierarchy updated for 'AddContentDialog' in 0.0011 seconds. Added 0 classes and 0 folders.
[2016.03.17-11.43.57:674][  0]LogContentBrowser: Native class hierarchy updated for 'SceneOutliner' in 0.0011 seconds. Added 1 classes and 2 folders.
[2016.03.17-11.43.57:725][  0]LogCrashTracker: Crashtracker disabled due to settings.
[2016.03.17-11.43.57:729][  0]LogUObjectGlobals:Warning: Failed to find object 'Class None.'
[2016.03.17-11.43.57:751][  0]LogLoad: Full Startup: 5.32 seconds (BP compile: 0.03 seconds)
[2016.03.17-11.43.57:834][  0]LogContentStreaming: Texture pool size now 1000 MB
[2016.03.17-11.43.57:948][  0]LogRenderer: Reallocating scene render targets to support 1216x576 (Frame:2).
[2016.03.17-11.43.58:102][  1]LogFileCache: Retrieving MD5 hashes for directory 'D:/UnrealProjects/GE_Project/Content/' took 0.33s
[2016.03.17-11.43.58:779][  3]LogAssetRegistry: Asset discovery search completed in 2.8392 seconds
[2016.03.17-11.43.58:779][  3]LogCollectionManager: Rebuilt the object cache for 0 collections in 0.000001 seconds (found 0 objects)
[2016.03.17-11.43.58:779][  3]LogCollectionManager: Fixed up redirectors for 0 collections in 0.000017 seconds (updated 0 objects)
[2016.03.17-11.44.03:479][463]LogBlueprint:Warning: [compiler Ue4ASP_Character] Warning Input Axis Event references unknown Axis 'LookUp' for  InputAxis LookUp 
[2016.03.17-11.44.03:479][463]LogBlueprint:Warning: [compiler Ue4ASP_Character] Warning Input Axis Event references unknown Axis 'Turn' for  InputAxis Turn 
[2016.03.17-11.44.03:479][463]LogBlueprint:Warning: [compiler Ue4ASP_Character] Warning Input Axis Event references unknown Axis 'MoveRight' for  InputAxis MoveRight 
[2016.03.17-11.44.03:480][463]LogBlueprint:Warning: [compiler Ue4ASP_Character] Warning Input Axis Event references unknown Axis 'MoveForward' for  InputAxis MoveForward 
[2016.03.17-11.44.03:482][463]LogBlueprint:Warning: [compiler Ue4ASP_Character] Warning [0011.05] Compile of Ue4ASP_Character successful, but with 4 Warning(s) [in 6 ms]
[2016.03.17-11.44.03:482][463]LogBlueprint:Warning: [compiler Ue4ASP_Character] Warning [0011.05] Compile of Ue4ASP_Character successful, but with 5 Warning(s) [in 0 ms]
[2016.03.17-11.44.03:482][463]LogBlueprint:Warning: [compiler Ue4ASP_Character] Warning [0011.05] Compile of Ue4ASP_Character successful, but with 6 Warning(s) [in 0 ms]
[2016.03.17-11.44.03:545][463]LogBlueprint:Warning: [compiler Ue4ASP_Character] Warning Input Axis Event references unknown Axis 'LookUp' for  InputAxis LookUp 
[2016.03.17-11.44.03:545][463]LogBlueprint:Warning: [compiler Ue4ASP_Character] Warning Input Axis Event references unknown Axis 'Turn' for  InputAxis Turn 
[2016.03.17-11.44.03:546][463]LogBlueprint:Warning: [compiler Ue4ASP_Character] Warning Input Axis Event references unknown Axis 'MoveRight' for  InputAxis MoveRight 
[2016.03.17-11.44.03:546][463]LogBlueprint:Warning: [compiler Ue4ASP_Character] Warning Input Axis Event references unknown Axis 'MoveForward' for  InputAxis MoveForward 
[2016.03.17-11.44.03:548][463]LogBlueprint:Warning: [compiler Ue4ASP_Character] Warning [0011.12] Compile of Ue4ASP_Character successful, but with 4 Warning(s) [in 5 ms]
[2016.03.17-11.44.03:548][463]LogBlueprint:Warning: [compiler Ue4ASP_Character] Warning [0011.12] Compile of Ue4ASP_Character successful, but with 5 Warning(s) [in 0 ms]
[2016.03.17-11.44.03:548][463]LogBlueprint:Warning: [compiler Ue4ASP_Character] Warning [0011.12] Compile of Ue4ASP_Character successful, but with 6 Warning(s) [in 0 ms]
[2016.03.17-11.44.03:663][463]LogBlueprint:Error: [compiler MyFirstLevel] Error Spawn node  Create Widget  must have a class specified.
[2016.03.17-11.44.03:664][463]LogBlueprint:Warning: [compiler MyFirstLevel] Warning [0011.23] Compile of MyFirstLevel failed. 1 Fatal Issue(s) 0 Warning(s) [in 2 ms]
[2016.03.17-11.44.03:664][463]LogBlueprint:Warning: [compiler MyFirstLevel] Warning [0011.23] Compile of MyFirstLevel failed. 1 Fatal Issue(s) 1 Warning(s) [in 0 ms]
[2016.03.17-11.44.03:664][463]LogBlueprint:Warning: [compiler MyFirstLevel] Warning [0011.23] Compile of MyFirstLevel failed. 1 Fatal Issue(s) 2 Warning(s) [in 0 ms]
[2016.03.17-11.44.04:014][463]LogAIModule: Creating AISystem for world MyFirstLevel
[2016.03.17-11.44.04:022][463]LogParticles:Warning: InitializeSystem called on an unregistered component. Template=/Game/Snow.Snow Component=/Game/MyFirstLevel.MyFirstLevel:PersistentLevel.Snow_2.ParticleSystemComponent0
[2016.03.17-11.44.04:023][463]LogParticles:Warning: InitializeSystem called on an unregistered component. Template=/Game/StarterContent/Particles/P_Fire.P_Fire Component=/Game/MyFirstLevel.MyFirstLevel:PersistentLevel.P_Fire_2.ParticleSystemComponent0
[2016.03.17-11.44.04:064][463]Cmd: MAP LOAD FILE="../../../../../../UnrealProjects/GE_Project/Content/MyFirstLevel.umap" TEMPLATE=0 SHOWPROGRESS=1 FEATURELEVEL=3
[2016.03.17-11.44.04:064][463]LightingResults: New page: Lighting Build
[2016.03.17-11.44.04:079][463]LoadErrors: New page: Loading map: MyFirstLevel.umap
[2016.03.17-11.44.04:079][463]MapCheck: New page: Map Check
[2016.03.17-11.44.04:079][463]LightingResults: New page: Lighting Build
[2016.03.17-11.44.04:092][463]LogParticles: Destroying 0 GPU particle simulations for FXSystem 0x0000001B7D145EE0
[2016.03.17-11.44.04:270][463]LogEditorServer: Finished looking for orphan Actors (0.000 secs)
[2016.03.17-11.44.04:319][463]Cmd: MAP CHECKDEP NOCLEARLOG
[2016.03.17-11.44.04:370][463]MapCheck: Info Map check complete: 0 Error(s), 0 Warning(s), took 51.305ms to complete.
[2016.03.17-11.44.04:370][463]LogFileHelpers: Loading map 'MyFirstLevel' took 0.308
[2016.03.17-11.44.04:403][464]Cmd: UpdateLandscapeEditorData -warnings
[2016.03.17-11.44.04:409][464]Cmd: UpdateLandscapeEditorData
[2016.03.17-11.44.06:435][690]LogBlueprintUserMessages: Early PlayInEditor Detection: Level '/Game/MyFirstLevel.MyFirstLevel:PersistentLevel' has LevelScriptBlueprint '/Game/MyFirstLevel.MyFirstLevel:PersistentLevel.MyFirstLevel' with GeneratedClass '/Game/MyFirstLevel.MyFirstLevel_C' with ClassGeneratedBy '/Game/MyFirstLevel.MyFirstLevel:PersistentLevel.MyFirstLevel'
[2016.03.17-11.44.06:435][690]BlueprintLog: New page: Pre-Play auto-recompile
[2016.03.17-11.44.06:435][690]LogPlayLevel: [PlayLevel] Compiling MyFirstLevel before play...
[2016.03.17-11.44.06:502][690]LogBlueprint:Error: [compiler MyFirstLevel] Error Spawn node  Create Widget  must have a class specified.
[2016.03.17-11.44.06:557][690]LogBlueprint:Warning: [compiler MyFirstLevel] Warning [0014.13] Compile of MyFirstLevel failed. 1 Fatal Issue(s) 0 Warning(s) [in 119 ms]
[2016.03.17-11.44.06:558][690]LogBlueprint:Warning: [compiler MyFirstLevel] Warning [0014.13] Compile of MyFirstLevel failed. 1 Fatal Issue(s) 1 Warning(s) [in 0 ms]
[2016.03.17-11.44.06:558][690]LogBlueprint:Warning: [compiler MyFirstLevel] Warning [0014.13] Compile of MyFirstLevel failed. 1 Fatal Issue(s) 2 Warning(s) [in 0 ms]
[2016.03.17-11.44.06:558][690]LogBlueprint:Warning: [compiler MyFirstLevel] Warning [0014.13] Compile of MyFirstLevel failed. 1 Fatal Issue(s) 3 Warning(s) [in 0 ms]
[2016.03.17-11.44.06:558][690]LogBlueprint:Warning: [compiler MyFirstLevel] Warning [0014.13] Compile of MyFirstLevel failed. 1 Fatal Issue(s) 4 Warning(s) [in 0 ms]
[2016.03.17-11.44.06:558][690]LogBlueprint:Warning: [compiler MyFirstLevel] Warning [0014.13] Compile of MyFirstLevel failed. 1 Fatal Issue(s) 5 Warning(s) [in 0 ms]
[2016.03.17-11.44.06:559][690]LogPlayLevel: PlayLevel: Blueprint regeneration took 123 ms (1 blueprints)
[2016.03.17-11.44.06:559][690]LogActorComponent: UnregisterComponent: (/Engine/Transient.CharMoveComp) Not registered. Aborting.
[2016.03.17-11.44.06:572][690]BlueprintLog: Info Blueprint MyFirstLevel failed to compile
[2016.03.17-11.44.07:744][690]PIE: New page: PIE session: MyFirstLevel (Mar 17, 2016, 1:44:07 PM)
[2016.03.17-11.44.07:744][690]LogPlayLevel: Creating play world package: /Game/UEDPIE_0_MyFirstLevel
[2016.03.17-11.44.07:773][690]LogPlayLevel: PIE: StaticDuplicateObject took: (0.028726s)
[2016.03.17-11.44.07:773][690]LogAIModule: Creating AISystem for world MyFirstLevel
[2016.03.17-11.44.07:773][690]LogPlayLevel: PIE: World Init took: (0.000622s)
[2016.03.17-11.44.07:773][690]LogPlayLevel: PIE: Created PIE world by copying editor world from /Game/MyFirstLevel.MyFirstLevel to /Game/UEDPIE_0_MyFirstLevel.MyFirstLevel (0.029574s)
[2016.03.17-11.44.07:799][690]LogInit: XAudio2 using 'Speakers (Realtek High Definition Audio)' : 2 channels at 48 kHz using 32 bits per sample (channel mask 0x3)
[2016.03.17-11.44.07:804][690]LogInit: FAudioDevice initialized.
[2016.03.17-11.44.07:904][690]LogWorld: Game class is 'GamePadGameMode_C'
[2016.03.17-11.44.07:962][690]LogWorld: Bringing World /Game/UEDPIE_0_MyFirstLevel.MyFirstLevel up for play (max tick rate 0) at 2016.03.17-12.44.07
[2016.03.17-11.44.07:962][690]LogActor:Warning: GameSession /Game/UEDPIE_0_MyFirstLevel.MyFirstLevel:PersistentLevel.GameSession_0 has natively added scene component(s), but none of them were set as the actor's RootComponent - picking one arbitrarily
[2016.03.17-11.44.07:963][690]LogActor:Warning: GameNetworkManager /Game/UEDPIE_0_MyFirstLevel.MyFirstLevel:PersistentLevel.GameNetworkManager_0 has natively added scene component(s), but none of them were set as the actor's RootComponent - picking one arbitrarily
[2016.03.17-11.44.07:965][690]LogWorld: Bringing up level for play took: 0.060305
[2016.03.17-11.44.08:037][690]PIE: Info Play in editor start time for /Game/UEDPIE_0_MyFirstLevel 1.905
[2016.03.17-11.44.08:038][690]LogBlueprintUserMessages: Late PlayInEditor Detection: Level '/Game/MyFirstLevel.MyFirstLevel:PersistentLevel' has LevelScriptBlueprint '/Game/MyFirstLevel.MyFirstLevel:PersistentLevel.MyFirstLevel' with GeneratedClass '/Game/MyFirstLevel.MyFirstLevel_C' with ClassGeneratedBy '/Game/MyFirstLevel.MyFirstLevel:PersistentLevel.MyFirstLevel'
[2016.03.17-11.44.08:064][691]LogRenderer: Reallocating scene render targets to support 1648x780 (Frame:153).
[2016.03.17-11.44.45:027][119]LogCharacterMovement: BP_Avatar_C_0 is stuck and failed to move!
[2016.03.17-11.44.45:035][120]LogCharacterMovement: BP_Avatar_C_0 is stuck and failed to move!
[2016.03.17-11.44.45:043][121]LogCharacterMovement: BP_Avatar_C_0 is stuck and failed to move!
[2016.03.17-11.44.45:052][122]LogCharacterMovement: BP_Avatar_C_0 is stuck and failed to move!
[2016.03.17-11.44.45:060][123]LogCharacterMovement: BP_Avatar_C_0 is stuck and failed to move!
[2016.03.17-11.44.45:068][124]LogCharacterMovement: BP_Avatar_C_0 is stuck and failed to move!
[2016.03.17-11.44.45:076][125]LogCharacterMovement: BP_Avatar_C_0 is stuck and failed to move!
[2016.03.17-11.44.45:085][126]LogCharacterMovement: BP_Avatar_C_0 is stuck and failed to move!
[2016.03.17-11.44.45:093][127]LogCharacterMovement: BP_Avatar_C_0 is stuck and failed to move!
[2016.03.17-11.44.45:101][128]LogCharacterMovement: BP_Avatar_C_0 is stuck and failed to move!
[2016.03.17-11.44.45:110][129]LogCharacterMovement: BP_Avatar_C_0 is stuck and failed to move!
[2016.03.17-11.44.45:118][130]LogCharacterMovement: BP_Avatar_C_0 is stuck and failed to move!
[2016.03.17-11.44.45:127][131]LogCharacterMovement: BP_Avatar_C_0 is stuck and failed to move!
[2016.03.17-11.44.45:135][132]LogCharacterMovement: BP_Avatar_C_0 is stuck and failed to move!
[2016.03.17-11.44.45:143][133]LogCharacterMovement: BP_Avatar_C_0 is stuck and failed to move!
[2016.03.17-11.44.45:152][134]LogCharacterMovement: BP_Avatar_C_0 is stuck and failed to move!
[2016.03.17-11.44.45:160][135]LogCharacterMovement: BP_Avatar_C_0 is stuck and failed to move!
[2016.03.17-11.44.45:168][136]LogCharacterMovement: BP_Avatar_C_0 is stuck and failed to move!
[2016.03.17-11.44.45:176][137]LogCharacterMovement: BP_Avatar_C_0 is stuck and failed to move!
[2016.03.17-11.44.45:185][138]LogCharacterMovement: BP_Avatar_C_0 is stuck and failed to move!
[2016.03.17-11.44.45:193][139]LogCharacterMovement: BP_Avatar_C_0 is stuck and failed to move!
[2016.03.17-11.44.45:201][140]LogCharacterMovement: BP_Avatar_C_0 is stuck and failed to move!
[2016.03.17-11.44.45:210][141]LogCharacterMovement: BP_Avatar_C_0 is stuck and failed to move!
[2016.03.17-11.44.45:218][142]LogCharacterMovement: BP_Avatar_C_0 is stuck and failed to move!
[2016.03.17-11.44.45:226][143]LogCharacterMovement: BP_Avatar_C_0 is stuck and failed to move!
[2016.03.17-11.44.45:235][144]LogCharacterMovement: BP_Avatar_C_0 is stuck and failed to move!
[2016.03.17-11.44.45:243][145]LogCharacterMovement: BP_Avatar_C_0 is stuck and failed to move!
[2016.03.17-11.44.45:251][146]LogCharacterMovement: BP_Avatar_C_0 is stuck and failed to move!
[2016.03.17-11.44.45:260][147]LogCharacterMovement: BP_Avatar_C_0 is stuck and failed to move!
[2016.03.17-11.44.45:268][148]LogCharacterMovement: BP_Avatar_C_0 is stuck and failed to move!
[2016.03.17-11.44.45:276][149]LogCharacterMovement: BP_Avatar_C_0 is stuck and failed to move!
[2016.03.17-11.44.45:285][150]LogCharacterMovement: BP_Avatar_C_0 is stuck and failed to move!
[2016.03.17-11.44.45:293][151]LogCharacterMovement: BP_Avatar_C_0 is stuck and failed to move!
[2016.03.17-11.44.45:301][152]LogCharacterMovement: BP_Avatar_C_0 is stuck and failed to move!
[2016.03.17-11.44.45:310][153]LogCharacterMovement: BP_Avatar_C_0 is stuck and failed to move!
[2016.03.17-11.44.45:318][154]LogCharacterMovement: BP_Avatar_C_0 is stuck and failed to move!
[2016.03.17-11.44.45:326][155]LogCharacterMovement: BP_Avatar_C_0 is stuck and failed to move!
[2016.03.17-11.44.45:334][156]LogCharacterMovement: BP_Avatar_C_0 is stuck and failed to move!
[2016.03.17-11.44.45:343][157]LogCharacterMovement: BP_Avatar_C_0 is stuck and failed to move!
[2016.03.17-11.44.45:351][158]LogCharacterMovement: BP_Avatar_C_0 is stuck and failed to move!
[2016.03.17-11.44.45:360][159]LogCharacterMovement: BP_Avatar_C_0 is stuck and failed to move!
[2016.03.17-11.44.45:368][160]LogCharacterMovement: BP_Avatar_C_0 is stuck and failed to move!
[2016.03.17-11.44.45:376][161]LogCharacterMovement: BP_Avatar_C_0 is stuck and failed to move!
[2016.03.17-11.44.45:384][162]LogCharacterMovement: BP_Avatar_C_0 is stuck and failed to move!
[2016.03.17-11.44.45:393][163]LogCharacterMovement: BP_Avatar_C_0 is stuck and failed to move!
[2016.03.17-11.44.45:401][164]LogCharacterMovement: BP_Avatar_C_0 is stuck and failed to move!
[2016.03.17-11.44.45:409][165]LogCharacterMovement: BP_Avatar_C_0 is stuck and failed to move!
[2016.03.17-11.44.45:418][166]LogCharacterMovement: BP_Avatar_C_0 is stuck and failed to move!
[2016.03.17-11.44.45:426][167]LogCharacterMovement: BP_Avatar_C_0 is stuck and failed to move!
[2016.03.17-11.44.45:434][168]LogCharacterMovement: BP_Avatar_C_0 is stuck and failed to move!
[2016.03.17-11.44.45:443][169]LogCharacterMovement: BP_Avatar_C_0 is stuck and failed to move!
[2016.03.17-11.44.45:451][170]LogCharacterMovement: BP_Avatar_C_0 is stuck and failed to move!
[2016.03.17-11.44.45:460][171]LogCharacterMovement: BP_Avatar_C_0 is stuck and failed to move!
[2016.03.17-11.44.50:752][806]LogBlueprintUserMessages: Early EndPlayMap Detection: Level '/Game/MyFirstLevel.MyFirstLevel:PersistentLevel' has LevelScriptBlueprint '/Game/MyFirstLevel.MyFirstLevel:PersistentLevel.MyFirstLevel' with GeneratedClass '/Game/MyFirstLevel.MyFirstLevel_C' with ClassGeneratedBy '/Game/MyFirstLevel.MyFirstLevel:PersistentLevel.MyFirstLevel'
[2016.03.17-11.44.50:790][806]LogBlueprintUserMessages: Late EndPlayMap Detection: Level '/Game/MyFirstLevel.MyFirstLevel:PersistentLevel' has LevelScriptBlueprint '/Game/MyFirstLevel.MyFirstLevel:PersistentLevel.MyFirstLevel' with GeneratedClass '/Game/MyFirstLevel.MyFirstLevel_C' with ClassGeneratedBy '/Game/MyFirstLevel.MyFirstLevel:PersistentLevel.MyFirstLevel'
[2016.03.17-11.44.50:791][806]LogActorComponent: UnregisterComponent: (/Engine/Transient.CharMoveComp) Not registered. Aborting.
[2016.03.17-11.44.50:791][806]LogActorComponent: UnregisterComponent: (/Engine/Transient.KinectInterface_GEN_VARIABLE) Not registered. Aborting.
[2016.03.17-11.44.50:821][806]LogParticles: Destroying 0 GPU particle simulations for FXSystem 0x0000001B22B85580
[2016.03.17-11.44.56:644][497]LogBlueprintUserMessages: Early PlayInEditor Detection: Level '/Game/MyFirstLevel.MyFirstLevel:PersistentLevel' has LevelScriptBlueprint '/Game/MyFirstLevel.MyFirstLevel:PersistentLevel.MyFirstLevel' with GeneratedClass '/Game/MyFirstLevel.MyFirstLevel_C' with ClassGeneratedBy '/Game/MyFirstLevel.MyFirstLevel:PersistentLevel.MyFirstLevel'
[2016.03.17-11.44.56:644][497]BlueprintLog: New page: Pre-Play auto-recompile
[2016.03.17-11.44.56:644][497]LogPlayLevel: [PlayLevel] Compiling MyFirstLevel before play...
[2016.03.17-11.44.56:648][497]LogBlueprint:Error: [compiler MyFirstLevel] Error Spawn node  Create Widget  must have a class specified.
[2016.03.17-11.44.56:700][497]LogBlueprint:Warning: [compiler MyFirstLevel] Warning [0064.27] Compile of MyFirstLevel failed. 1 Fatal Issue(s) 0 Warning(s) [in 54 ms]
[2016.03.17-11.44.56:700][497]LogBlueprint:Warning: [compiler MyFirstLevel] Warning [0064.27] Compile of MyFirstLevel failed. 1 Fatal Issue(s) 1 Warning(s) [in 0 ms]
[2016.03.17-11.44.56:700][497]LogBlueprint:Warning: [compiler MyFirstLevel] Warning [0064.27] Compile of MyFirstLevel failed. 1 Fatal Issue(s) 2 Warning(s) [in 0 ms]
[2016.03.17-11.44.56:700][497]LogBlueprint:Warning: [compiler MyFirstLevel] Warning [0064.27] Compile of MyFirstLevel failed. 1 Fatal Issue(s) 3 Warning(s) [in 0 ms]
[2016.03.17-11.44.56:700][497]LogBlueprint:Warning: [compiler MyFirstLevel] Warning [0064.27] Compile of MyFirstLevel failed. 1 Fatal Issue(s) 4 Warning(s) [in 0 ms]
[2016.03.17-11.44.56:700][497]LogBlueprint:Warning: [compiler MyFirstLevel] Warning [0064.27] Compile of MyFirstLevel failed. 1 Fatal Issue(s) 5 Warning(s) [in 0 ms]
[2016.03.17-11.44.56:701][497]LogPlayLevel: PlayLevel: Blueprint regeneration took 56 ms (1 blueprints)
[2016.03.17-11.44.56:713][497]BlueprintLog: Info Blueprint MyFirstLevel failed to compile
[2016.03.17-11.44.58:009][497]PIE: New page: PIE session: MyFirstLevel (Mar 17, 2016, 1:44:58 PM)
[2016.03.17-11.44.58:009][497]LogPlayLevel: Creating play world package: /Game/UEDPIE_0_MyFirstLevel
[2016.03.17-11.44.58:042][497]LogPlayLevel: PIE: StaticDuplicateObject took: (0.033725s)
[2016.03.17-11.44.58:043][497]LogAIModule: Creating AISystem for world MyFirstLevel
[2016.03.17-11.44.58:043][497]LogPlayLevel: PIE: World Init took: (0.000494s)
[2016.03.17-11.44.58:043][497]LogPlayLevel: PIE: Created PIE world by copying editor world from /Game/MyFirstLevel.MyFirstLevel to /Game/UEDPIE_0_MyFirstLevel.MyFirstLevel (0.034395s)
[2016.03.17-11.44.58:067][497]LogInit: XAudio2 using 'Speakers (Realtek High Definition Audio)' : 2 channels at 48 kHz using 32 bits per sample (channel mask 0x3)
[2016.03.17-11.44.58:073][497]LogInit: FAudioDevice initialized.
[2016.03.17-11.44.58:109][497]LogWorld: Game class is 'GamePadGameMode_C'
[2016.03.17-11.44.58:166][497]LogWorld: Bringing World /Game/UEDPIE_0_MyFirstLevel.MyFirstLevel up for play (max tick rate 0) at 2016.03.17-12.44.58
[2016.03.17-11.44.58:166][497]LogActor:Warning: GameSession /Game/UEDPIE_0_MyFirstLevel.MyFirstLevel:PersistentLevel.GameSession_1 has natively added scene component(s), but none of them were set as the actor's RootComponent - picking one arbitrarily
[2016.03.17-11.44.58:166][497]LogActor:Warning: GameNetworkManager /Game/UEDPIE_0_MyFirstLevel.MyFirstLevel:PersistentLevel.GameNetworkManager_1 has natively added scene component(s), but none of them were set as the actor's RootComponent - picking one arbitrarily
[2016.03.17-11.44.58:168][497]LogWorld: Bringing up level for play took: 0.057951
[2016.03.17-11.44.58:186][497]PIE: Info Play in editor start time for /Game/UEDPIE_0_MyFirstLevel 2.053
[2016.03.17-11.44.58:186][497]LogBlueprintUserMessages: Late PlayInEditor Detection: Level '/Game/MyFirstLevel.MyFirstLevel:PersistentLevel' has LevelScriptBlueprint '/Game/MyFirstLevel.MyFirstLevel:PersistentLevel.MyFirstLevel' with GeneratedClass '/Game/MyFirstLevel.MyFirstLevel_C' with ClassGeneratedBy '/Game/MyFirstLevel.MyFirstLevel:PersistentLevel.MyFirstLevel'
[2016.03.17-11.45.28:852][171]LogBlueprintUserMessages: Early EndPlayMap Detection: Level '/Game/MyFirstLevel.MyFirstLevel:PersistentLevel' has LevelScriptBlueprint '/Game/MyFirstLevel.MyFirstLevel:PersistentLevel.MyFirstLevel' with GeneratedClass '/Game/MyFirstLevel.MyFirstLevel_C' with ClassGeneratedBy '/Game/MyFirstLevel.MyFirstLevel:PersistentLevel.MyFirstLevel'
[2016.03.17-11.45.28:886][171]LogBlueprintUserMessages: Late EndPlayMap Detection: Level '/Game/MyFirstLevel.MyFirstLevel:PersistentLevel' has LevelScriptBlueprint '/Game/MyFirstLevel.MyFirstLevel:PersistentLevel.MyFirstLevel' with GeneratedClass '/Game/MyFirstLevel.MyFirstLevel_C' with ClassGeneratedBy '/Game/MyFirstLevel.MyFirstLevel:PersistentLevel.MyFirstLevel'
[2016.03.17-11.45.28:913][171]LogParticles: Destroying 0 GPU particle simulations for FXSystem 0x0000001B3084FCE0
[2016.03.17-11.45.35:392][921]LogBlueprintUserMessages: Early PlayInEditor Detection: Level '/Game/MyFirstLevel.MyFirstLevel:PersistentLevel' has LevelScriptBlueprint '/Game/MyFirstLevel.MyFirstLevel:PersistentLevel.MyFirstLevel' with GeneratedClass '/Game/MyFirstLevel.MyFirstLevel_C' with ClassGeneratedBy '/Game/MyFirstLevel.MyFirstLevel:PersistentLevel.MyFirstLevel'
[2016.03.17-11.45.35:392][921]BlueprintLog: New page: Pre-Play auto-recompile
[2016.03.17-11.45.35:392][921]LogPlayLevel: [PlayLevel] Compiling MyFirstLevel before play...
[2016.03.17-11.45.35:395][921]LogBlueprint:Error: [compiler MyFirstLevel] Error Spawn node  Create Widget  must have a class specified.
[2016.03.17-11.45.35:444][921]LogBlueprint:Warning: [compiler MyFirstLevel] Warning [0103.01] Compile of MyFirstLevel failed. 1 Fatal Issue(s) 0 Warning(s) [in 50 ms]
[2016.03.17-11.45.35:444][921]LogBlueprint:Warning: [compiler MyFirstLevel] Warning [0103.01] Compile of MyFirstLevel failed. 1 Fatal Issue(s) 1 Warning(s) [in 0 ms]
[2016.03.17-11.45.35:444][921]LogBlueprint:Warning: [compiler MyFirstLevel] Warning [0103.01] Compile of MyFirstLevel failed. 1 Fatal Issue(s) 2 Warning(s) [in 0 ms]
[2016.03.17-11.45.35:444][921]LogBlueprint:Warning: [compiler MyFirstLevel] Warning [0103.01] Compile of MyFirstLevel failed. 1 Fatal Issue(s) 3 Warning(s) [in 0 ms]
[2016.03.17-11.45.35:444][921]LogBlueprint:Warning: [compiler MyFirstLevel] Warning [0103.01] Compile of MyFirstLevel failed. 1 Fatal Issue(s) 4 Warning(s) [in 0 ms]
[2016.03.17-11.45.35:444][921]LogBlueprint:Warning: [compiler MyFirstLevel] Warning [0103.01] Compile of MyFirstLevel failed. 1 Fatal Issue(s) 5 Warning(s) [in 0 ms]
[2016.03.17-11.45.35:446][921]LogPlayLevel: PlayLevel: Blueprint regeneration took 54 ms (1 blueprints)
[2016.03.17-11.45.35:461][921]BlueprintLog: Info Blueprint MyFirstLevel failed to compile
[2016.03.17-11.45.36:594][921]PIE: New page: PIE session: MyFirstLevel (Mar 17, 2016, 1:45:36 P