[2016.03.23-18.37.17:595][  0]Log file open, 03/23/16 19:37:17
[2016.03.23-18.37.17:595][  0]LogInit:Display: Running engine for game: TheBeginning
[2016.03.23-18.37.17:595][  0]LogInit:Display: RandInit(71527485) SRandInit(71527485).
[2016.03.23-18.37.17:595][  0]LogTaskGraph: Started task graph with 4 named threads and 7 total threads.
[2016.03.23-18.37.17:595][  0]LogStats: Stats thread started at 0.076528
[2016.03.23-18.37.17:595][  0]LogInit: Version: 4.9.2-2707645+++depot+UE4-Releases+4.9
[2016.03.23-18.37.17:595][  0]LogInit: API Version: 2672455
[2016.03.23-18.37.17:595][  0]LogInit: Compiled (64-bit): Sep 28 2015 10:25:44
[2016.03.23-18.37.17:595][  0]LogInit: Compiled with Visual C++: 18.00.21005.01
[2016.03.23-18.37.17:595][  0]LogInit: Build Configuration: Development
[2016.03.23-18.37.17:595][  0]LogInit: Branch Name: ++depot+UE4-Releases+4.9
[2016.03.23-18.37.17:595][  0]LogInit: Command line:  
[2016.03.23-18.37.17:595][  0]LogInit: Base directory: C:/Program Files (x86)/Epic Games/4.9/Engine/Binaries/Win64/
[2016.03.23-18.37.17:595][  0]LogInit: Rocket: 1
[2016.03.23-18.37.17:605][  0]LogInit: Using libcurl 7.41.0
[2016.03.23-18.37.17:605][  0]LogInit:  - built for x86_64-pc-win32
[2016.03.23-18.37.17:605][  0]LogInit:  - supports SSL with WinSSL
[2016.03.23-18.37.17:605][  0]LogInit:  - other features:
[2016.03.23-18.37.17:605][  0]LogInit:      CURL_VERSION_SSL
[2016.03.23-18.37.17:605][  0]LogInit:      CURL_VERSION_IPV6
[2016.03.23-18.37.17:605][  0]LogInit:      CURL_VERSION_ASYNCHDNS
[2016.03.23-18.37.17:605][  0]LogInit:      CURL_VERSION_LARGEFILE
[2016.03.23-18.37.17:605][  0]LogInit:      CURL_VERSION_IDN
[2016.03.23-18.37.17:605][  0]LogInit:  CurlRequestOptions (configurable via config and command line):
[2016.03.23-18.37.17:605][  0]LogInit:  - bVerifyPeer = true  - Libcurl will verify peer certificate
[2016.03.23-18.37.17:605][  0]LogInit:  - bUseHttpProxy = false  - Libcurl will NOT use HTTP proxy
[2016.03.23-18.37.17:605][  0]LogInit:  - bDontReuseConnections = false  - Libcurl will reuse connections
[2016.03.23-18.37.17:605][  0]LogInit:  - CertBundlePath = nullptr  - Libcurl will use whatever was configured at build time.
[2016.03.23-18.37.17:613][  0]LogInit: Presizing for 0 objects not considered by GC, pre-allocating 0 bytes.
[2016.03.23-18.37.17:619][  0]LogInit: Object subsystem initialized
[2016.03.23-18.37.17:621][  0]LogInit: Selected Device Profile: [Windows]
[2016.03.23-18.37.17:621][  0]LogInit: Applying CVar settings loaded from the selected device profile: [Windows]
[2016.03.23-18.37.17:630][  0]LogInit: Computer: DESKTOP-I563IRF
[2016.03.23-18.37.17:630][  0]LogInit: User: CaptainAmerica
[2016.03.23-18.37.17:630][  0]LogInit: CPU Page size=4096, Cores=4
[2016.03.23-18.37.17:630][  0]LogInit: High frequency timer resolution =2.531254 MHz
[2016.03.23-18.37.17:630][  0]LogMemory: Memory total: Physical=15.8GB (16GB approx)
[2016.03.23-18.37.17:630][  0]LogMemory: Platform Memory Stats for Windows
[2016.03.23-18.37.17:630][  0]LogMemory: Process Physical Memory: 54.85 MB used, 54.85 MB peak
[2016.03.23-18.37.17:630][  0]LogMemory: Process Virtual Memory: 55.43 MB used, 55.43 MB peak
[2016.03.23-18.37.17:630][  0]LogMemory: Physical Memory: 3283.98 MB used, 16205.89 MB total
[2016.03.23-18.37.17:630][  0]LogMemory: Virtual Memory: 368.80 MB used, 134217728.00 MB total
[2016.03.23-18.37.18:017][  0]LogTextLocalizationManager: No translations for ('de-DE') exist, falling back to 'en' for localization and internationalization data.
[2016.03.23-18.37.19:126][  0]LogD3D11RHI: Found D3D11 adapter 0: NVIDIA GeForce GTX 970M    (Feature Level 11_0)
[2016.03.23-18.37.19:126][  0]LogD3D11RHI: Adapter has 2988MB of dedicated video memory, 0MB of dedicated system memory, and 8102MB of shared system memory, 1 output[s]
[2016.03.23-18.37.19:131][  0]LogD3D11RHI: Found D3D11 adapter 1: Intel(R) HD Graphics 530 (Feature Level 11_0)
[2016.03.23-18.37.19:131][  0]LogD3D11RHI: Adapter has 128MB of dedicated video memory, 0MB of dedicated system memory, and 8102MB of shared system memory, 0 output[s]
[2016.03.23-18.37.19:137][  0]LogD3D11RHI: Found D3D11 adapter 2: Microsoft Basic Render Driver (Feature Level 11_0)
[2016.03.23-18.37.19:137][  0]LogD3D11RHI: Adapter has 0MB of dedicated video memory, 0MB of dedicated system memory, and 8102MB of shared system memory, 0 output[s]
[2016.03.23-18.37.19:137][  0]LogD3D11RHI: Chosen D3D11 Adapter Id = 0
[2016.03.23-18.37.19:141][  0]LogD3D11RHI: !Direct3DDevice
[2016.03.23-18.37.19:141][  0]LogRHI: Texture pool is 1361 MB (70% of 1945 MB)
[2016.03.23-18.37.19:153][  0]LogD3D11RHI: Async texture creation enabled
[2016.03.23-18.37.19:171][  0]LogShaderCompilers: Guid format shader working directory is 15 characters bigger than the processId version (../../../../../../Users/CaptainAmerica/Desktop/Uni/GE_Project/Intermediate/Shaders/WorkingDirectory/1312/).
[2016.03.23-18.37.19:171][  0]LogShaderCompilers: Cleaned the shader compiler working directory '../../../../../../Users/CaptainAmerica/Desktop/Uni/GE_Project/Intermediate/Shaders/tmp/039840A945BFB97C6432708E464C7A73/'.
[2016.03.23-18.37.19:171][  0]LogShaderCompilers:Display: Using Local Shader Compiler.
[2016.03.23-18.37.20:126][  0]LogTemp:Display: Loaded TP AllDesktopTargetPlatform
[2016.03.23-18.37.20:131][  0]LogTemp:Display: Loaded TP WindowsClientTargetPlatform
[2016.03.23-18.37.20:136][  0]LogTemp:Display: Loaded TP WindowsNoEditorTargetPlatform
[2016.03.23-18.37.20:142][  0]LogTemp:Display: Loaded TP WindowsServerTargetPlatform
[2016.03.23-18.37.20:147][  0]LogTemp:Display: Loaded TP WindowsTargetPlatform
[2016.03.23-18.37.20:150][  0]LogTemp:Display: Loaded TP AndroidTargetPlatform
[2016.03.23-18.37.20:153][  0]LogTemp:Display: Loaded TP Android_ASTCTargetPlatform
[2016.03.23-18.37.20:157][  0]LogTemp:Display: Loaded TP Android_ATCTargetPlatform
[2016.03.23-18.37.20:160][  0]LogTemp:Display: Loaded TP Android_DXTTargetPlatform
[2016.03.23-18.37.20:163][  0]LogTemp:Display: Loaded TP Android_ETC1TargetPlatform
[2016.03.23-18.37.20:166][  0]LogTemp:Display: Loaded TP Android_ETC2TargetPlatform
[2016.03.23-18.37.20:169][  0]LogTemp:Display: Loaded TP Android_PVRTCTargetPlatform
[2016.03.23-18.37.20:170][  0]LogTemp:Display: Loaded TP HTML5TargetPlatform
[2016.03.23-18.37.20:187][  0]LogTemp:Display: Loaded TP IOSTargetPlatform
[2016.03.23-18.37.20:190][  0]LogTemp:Display: Loaded TP LinuxNoEditorTargetPlatform
[2016.03.23-18.37.20:193][  0]LogTemp:Display: Loaded TP LinuxServerTargetPlatform
[2016.03.23-18.37.20:196][  0]LogTemp:Display: Loaded TP LinuxTargetPlatform
[2016.03.23-18.37.20:196][  0]LogTargetPlatformManager:Display: Building Assets For Windows
[2016.03.23-18.37.20:279][  0]LogDerivedDataCache:Display: Max Cache Size: 512 MB
[2016.03.23-18.37.20:318][  0]LogDerivedDataCache: Loaded boot cache 0.04s 41MB C:/Users/CaptainAmerica/AppData/Local/UnrealEngine/4.9/DerivedDataCache/Boot.ddc.
[2016.03.23-18.37.20:318][  0]LogDerivedDataCache:Display: Loaded Boot cache: C:/Users/CaptainAmerica/AppData/Local/UnrealEngine/4.9/DerivedDataCache/Boot.ddc
[2016.03.23-18.37.20:318][  0]LogDerivedDataCache: FDerivedDataBackendGraph:  Pak pak cache file ../../../../../../Users/CaptainAmerica/Desktop/Uni/GE_Project/DerivedDataCache/DDC.ddp not found, will not use a pak cache.
[2016.03.23-18.37.20:318][  0]LogDerivedDataCache: Unable to find inner node Pak for hierarchical cache Hierarchy.
[2016.03.23-18.37.20:318][  0]LogDerivedDataCache: FDerivedDataBackendGraph:  CompressedPak pak cache file ../../../../../../Users/CaptainAmerica/Desktop/Uni/GE_Project/DerivedDataCache/Compressed.ddp not found, will not use a pak cache.
[2016.03.23-18.37.20:318][  0]LogDerivedDataCache: Unable to find inner node CompressedPak for hierarchical cache Hierarchy.
[2016.03.23-18.37.20:456][  0]LogDerivedDataCache:Display: Pak cache opened for reading ../../../Engine/DerivedDataCache/Compressed.ddp.
[2016.03.23-18.37.20:467][  0]LogDerivedDataCache: Using Local data cache path C:/Users/CaptainAmerica/AppData/Local/UnrealEngine/Common/DerivedDataCache: Writable
[2016.03.23-18.37.20:621][  0]LogInit: Selected Device Profile: [Windows]
[2016.03.23-18.37.20:623][  0]LogContentStreaming: Texture pool size is 0.000000MB
[2016.03.23-18.37.20:730][  0]LogMeshUtilities: No automatic mesh reduction module available
[2016.03.23-18.37.20:730][  0]LogMeshUtilities: No automatic mesh merging module available
[2016.03.23-18.37.20:953][  0]LogInit: WinSock: version 1.1 (2.2), MaxSocks=32767, MaxUdp=65467
[2016.03.23-18.37.21:601][  0]UdpMessaging: Initializing bridge on interface 0.0.0.0:0 to multicast group 230.0.0.1:6666.
[2016.03.23-18.37.21:702][  0]LogAssetRegistry: FAssetRegistry took 0.0107 seconds to start up
[2016.03.23-18.37.21:856][  0]SourceControl: Info Source control is disabled
[2016.03.23-18.37.21:857][  0]SourceControl: Info Source control is disabled
[2016.03.23-18.37.21:867][  0]SourceControl: Info Source control is disabled
[2016.03.23-18.37.21:880][  0]SourceControl: Info Source control is disabled
[2016.03.23-18.37.22:009][  0]LogLinker:Warning: Asset '../../../Engine/Plugins/Runtime/LeapMotionController/Content/LM_PassthroughMaterial.uasset' has been saved with empty engine version. The asset will be loaded but may be incompatible.
[2016.03.23-18.37.22:079][  0]LogObj: 28450 objects as part of root set at end of initial load.
[2016.03.23-18.37.22:079][  0]LogUObjectAllocator: 6092552 out of 0 bytes used by permanent object pool.
[2016.03.23-18.37.22:137][  0]LogEngine: Initializing Engine...
[2016.03.23-18.37.22:139][  0]LogHMD: Can't find Oculus library dev build: is proper Runtime installed? Version: 0.7.0.0
[2016.03.23-18.37.22:140][  0]LogHMD: SteamVR failed to initialize.  Err: 110
[2016.03.23-18.37.22:264][  0]LogAIModule: Creating AISystem for world NewWorld
[2016.03.23-18.37.22:268][  0]LogInit: XAudio2 using 'Lautsprecher (Realtek High Definition Audio)' : 2 channels at 48 kHz using 32 bits per sample (channel mask 0x3)
[2016.03.23-18.37.22:289][  0]LogInit: FAudioDevice initialized.
[2016.03.23-18.37.22:307][  0]LogDerivedDataCache: Saved boot cache 0.02s 41MB C:/Users/CaptainAmerica/AppData/Local/UnrealEngine/4.9/DerivedDataCache/Boot.ddc.
[2016.03.23-18.37.22:311][  0]LogInit: Texture streaming: Enabled
[2016.03.23-18.37.22:318][  0]LogAnalytics: Creating configured Analytics provider AnalyticsET
[2016.03.23-18.37.22:318][  0]LogAnalytics: [UEEditor.Rocket.Release] APIServer = http://et2.epicgames.com/ET2/. AppVersion = 4.9.2-2707645+++depot+UE4-Releases+4.9
[2016.03.23-18.37.22:318][  0]LogAnalytics: [UEEditor.Rocket.Release] SetUserId cf13bd144fda46388eb9608560661132|81f01d6b67df48cfa9231b1643757103|89657b24-a756-40fe-95bd-5a575f0e3948
[2016.03.23-18.37.22:318][  0]LogAnalytics: [UEEditor.Rocket.Release] AnalyticsET::StartSession
[2016.03.23-18.37.22:347][  0]LogInit: Transaction tracking system initialized
[2016.03.23-18.37.22:376][  0]BlueprintLog: New page: Editor Load
[2016.03.23-18.37.22:457][  0]LocalizationService: Info Localization service is disabled
[2016.03.23-18.37.22:528][  0]LogConsoleResponse:Display: 
[2016.03.23-18.37.22:635][  0]LogCook:Display: Done creating registry. It took  0.00s.
[2016.03.23-18.37.22:694][  0]LogFileCache: Scanning file cache for directory 'C:/Users/CaptainAmerica/Desktop/Uni/GE_Project/Content/' took 0.01s
[2016.03.23-18.37.22:694][  0]SourceControl: Info Source control is disabled
[2016.03.23-18.37.22:694][  0]Cmd: MAP LOAD FILE="../../../../../../Users/CaptainAmerica/Desktop/Uni/GE_Project/Content/StarterContent/Maps/Minimal_Default.umap" TEMPLATE=0 SHOWPROGRESS=1 FEATURELEVEL=3
[2016.03.23-18.37.22:694][  0]LightingResults: New page: Lighting Build
[2016.03.23-18.37.22:697][  0]MapCheck: New page: Map Check
[2016.03.23-18.37.22:697][  0]LightingResults: New page: Lighting Build
[2016.03.23-18.37.22:708][  0]LogParticles: Destroying 0 GPU particle simulations for FXSystem 0x0000021ABD6BA160
[2016.03.23-18.37.23:060][  0]LogAIModule: Creating AISystem for world Minimal_Default
[2016.03.23-18.37.23:066][  0]LogEditorServer: Finished looking for orphan Actors (0.000 secs)
[2016.03.23-18.37.23:066][  0]Cmd: MAP CHECKDEP NOCLEARLOG
[2016.03.23-18.37.23:105][  0]MapCheck: Info Map check complete: 0 Error(s), 0 Warning(s), took 38.704ms to complete.
[2016.03.23-18.37.23:105][  0]LogFileHelpers: Loading map 'Minimal_Default' took 0.411
[2016.03.23-18.37.23:209][  0]LogCollectionManager: Loaded 0 collections in 0.002052 seconds
[2016.03.23-18.37.23:249][  0]LogFileCache: Scanning file cache for directory 'C:/Users/CaptainAmerica/Desktop/Uni/GE_Project/Saved/Collections/' took 0.01s
[2016.03.23-18.37.23:249][  0]LogFileCache: Scanning file cache for directory 'C:/Users/CaptainAmerica/Desktop/Uni/GE_Project/Content/Developers/CaptainAmerica/Collections/' took 0.01s
[2016.03.23-18.37.23:249][  0]LogFileCache: Scanning file cache for directory 'C:/Users/CaptainAmerica/Desktop/Uni/GE_Project/Content/Collections/' took 0.01s
[2016.03.23-18.37.23:249][  0]LogContentBrowser: Native class hierarchy populated in 0.0071 seconds. Added 1875 classes and 335 folders.
[2016.03.23-18.37.23:254][  0]LogCollectionManager: Rebuilt the GUID cache for 0 collections in 0.000002 seconds
[2016.03.23-18.37.23:264][  0]LogContentBrowser: Native class hierarchy updated for 'WidgetCarousel' in 0.0010 seconds. Added 0 classes and 0 folders.
[2016.03.23-18.37.23:299][  0]LogContentBrowser: Native class hierarchy updated for 'AddContentDialog' in 0.0010 seconds. Added 0 classes and 0 folders.
[2016.03.23-18.37.23:303][  0]LogContentBrowser: Native class hierarchy updated for 'SceneOutliner' in 0.0009 seconds. Added 1 classes and 2 folders.
[2016.03.23-18.37.23:325][  0]LogCrashTracker: Crashtracker disabled due to settings.
[2016.03.23-18.37.23:329][  0]LogUObjectGlobals:Warning: Failed to find object 'Class None.'
[2016.03.23-18.37.23:351][  0]LogLoad: Full Startup: 6.60 seconds (BP compile: 0.04 seconds)
[2016.03.23-18.37.23:737][  0]LogContentStreaming: Texture pool size now 1000 MB
[2016.03.23-18.37.23:856][  0]LogRenderer: Reallocating scene render targets to support 964x436 (Frame:2).
[2016.03.23-18.37.24:697][  3]LogAssetRegistry: Asset discovery search completed in 3.0061 seconds
[2016.03.23-18.37.24:697][  3]LogCollectionManager: Rebuilt the object cache for 0 collections in 0.000000 seconds (found 0 objects)
[2016.03.23-18.37.24:697][  3]LogCollectionManager: Fixed up redirectors for 0 collections in 0.000018 seconds (updated 0 objects)
[2016.03.23-18.37.29:356][ 17]LogFileCache: Retrieving MD5 hashes for directory 'C:/Users/CaptainAmerica/Desktop/Uni/GE_Project/Content/' took 5.65s
[2016.03.23-18.37.35:684][411]LogBlueprint:Warning: [compiler Ue4ASP_Character] Warning Input Axis Event references unknown Axis 'LookUp' for  InputAxis LookUp 
[2016.03.23-18.37.35:684][411]LogBlueprint:Warning: [compiler Ue4ASP_Character] Warning Input Axis Event references unknown Axis 'Turn' for  InputAxis Turn 
[2016.03.23-18.37.35:684][411]LogBlueprint:Warning: [compiler Ue4ASP_Character] Warning Input Axis Event references unknown Axis 'MoveRight' for  InputAxis MoveRight 
[2016.03.23-18.37.35:684][411]LogBlueprint:Warning: [compiler Ue4ASP_Character] Warning Input Axis Event references unknown Axis 'MoveForward' for  InputAxis MoveForward 
[2016.03.23-18.37.35:687][411]LogBlueprint:Warning: [compiler Ue4ASP_Character] Warning [0018.94] Compile of Ue4ASP_Character successful, but with 4 Warning(s) [in 7 ms]
[2016.03.23-18.37.35:687][411]LogBlueprint:Warning: [compiler Ue4ASP_Character] Warning [0018.94] Compile of Ue4ASP_Character successful, but with 5 Warning(s) [in 0 ms]
[2016.03.23-18.37.35:687][411]LogBlueprint:Warning: [compiler Ue4ASP_Character] Warning [0018.94] Compile of Ue4ASP_Character successful, but with 6 Warning(s) [in 0 ms]
[2016.03.23-18.37.35:747][411]LogBlueprint:Warning: [compiler Ue4ASP_Character] Warning Input Axis Event references unknown Axis 'LookUp' for  InputAxis LookUp 
[2016.03.23-18.37.35:747][411]LogBlueprint:Warning: [compiler Ue4ASP_Character] Warning Input Axis Event references unknown Axis 'Turn' for  InputAxis Turn 
[2016.03.23-18.37.35:748][411]LogBlueprint:Warning: [compiler Ue4ASP_Character] Warning Input Axis Event references unknown Axis 'MoveRight' for  InputAxis MoveRight 
[2016.03.23-18.37.35:748][411]LogBlueprint:Warning: [compiler Ue4ASP_Character] Warning Input Axis Event references unknown Axis 'MoveForward' for  InputAxis MoveForward 
[2016.03.23-18.37.35:750][411]LogBlueprint:Warning: [compiler Ue4ASP_Character] Warning [0019.00] Compile of Ue4ASP_Character successful, but with 4 Warning(s) [in 7 ms]
[2016.03.23-18.37.35:750][411]LogBlueprint:Warning: [compiler Ue4ASP_Character] Warning [0019.00] Compile of Ue4ASP_Character successful, but with 5 Warning(s) [in 0 ms]
[2016.03.23-18.37.35:751][411]LogBlueprint:Warning: [compiler Ue4ASP_Character] Warning [0019.00] Compile of Ue4ASP_Character successful, but with 6 Warning(s) [in 0 ms]
[2016.03.23-18.37.36:250][411]LogAIModule: Creating AISystem for world MyFirstLevel
[2016.03.23-18.37.36:259][411]LogParticles:Warning: InitializeSystem called on an unregistered component. Template=/Game/Snow.Snow Component=/Game/MyFirstLevel.MyFirstLevel:PersistentLevel.Snow_2.ParticleSystemComponent0
[2016.03.23-18.37.36:260][411]LogParticles:Warning: InitializeSystem called on an unregistered component. Template=/Game/StarterContent/Particles/P_Fire.P_Fire Component=/Game/MyFirstLevel.MyFirstLevel:PersistentLevel.P_Fire_2.ParticleSystemComponent0
[2016.03.23-18.37.36:303][411]Cmd: MAP LOAD FILE="../../../../../../Users/CaptainAmerica/Desktop/Uni/GE_Project/Content/MyFirstLevel.umap" TEMPLATE=0 SHOWPROGRESS=1 FEATURELEVEL=3
[2016.03.23-18.37.36:303][411]LightingResults: New page: Lighting Build
[2016.03.23-18.37.36:324][411]LoadErrors: New page: Loading map: MyFirstLevel.umap
[2016.03.23-18.37.36:324][411]MapCheck: New page: Map Check
[2016.03.23-18.37.36:324][411]LightingResults: New page: Lighting Build
[2016.03.23-18.37.36:334][411]LogParticles: Destroying 0 GPU particle simulations for FXSystem 0x0000021AB09AB380
[2016.03.23-18.37.36:466][411]LogEditorServer: Finished looking for orphan Actors (0.000 secs)
[2016.03.23-18.37.36:522][411]Cmd: MAP CHECKDEP NOCLEARLOG
[2016.03.23-18.37.36:592][411]MapCheck: Info Map check complete: 0 Error(s), 0 Warning(s), took 70.548ms to complete.
[2016.03.23-18.37.36:592][411]LogFileHelpers: Loading map 'MyFirstLevel' took 0.291
[2016.03.23-18.37.36:618][412]Cmd: UpdateLandscapeEditorData -warnings
[2016.03.23-18.37.36:624][412]Cmd: UpdateLandscapeEditorData
[2016.03.23-18.37.46:758][385]LogLinker:Warning: Asset '../../../Engine/Content/ArtTools/RenderToTexture/Macros/RenderToTextureMacros.uasset' has been saved with empty engine version. The asset will be loaded but may be incompatible.
[2016.03.23-18.37.47:246][385]LogContentBrowser: Native class hierarchy updated for 'BlueprintGraph' in 0.0013 seconds. Added 107 classes and 0 folders.
[2016.03.23-18.37.47:768][385]LogCrashTracker: 


[2016.03.23-18.37.47:768][385]LogCrashTracker: 


[2016.03.23-18.37.47:768][385]LogWindows: === Critical error: ===
Fatal error!



[2016.03.23-18.37.47:919][385]LogExit: Executing StaticShutdownAfterError
[2016.03.23-18.37.47:922][385]LogOutputDevice:Warning: 

Script Stack:
PickUpItem.Prox

[2016.03.23-18.37.47:925][385]LogPhysics:Warning: PHYSX: ..\..\PhysX\src\NpScene.cpp (2946) 8 : PxScene::unlockWrite() called without matching call to PxScene::lockWrite(), behaviour will be undefined.
[2016.03.23-18.37.47:925][385]LogPhysics:Warning: PHYSX: ..\..\PhysX\src\NpScene.cpp (2946) 8 : PxScene::unlockWrite() called without matching call to PxScene::lockWrite(), behaviour will be undefined.
[2016.03.23-18.37.47:925][385]LogPhysics:Warning: PHYSX: ..\..\PhysX\src\NpScene.cpp (2946) 8 : PxScene::unlockWrite() called without matching call to PxScene::lockWrite(), behaviour will be undefined.
[2016.03.23-18.37.47:925][385]LogPhysics:Warning: PHYSX: ..\..\PhysX\src\NpScene.cpp (2946) 8 : PxScene::unlockWrite() called without matching call to PxScene::lockWrite(), behaviour will be undefined.
[2016.03.23-18.37.47:925][385]LogWindows: FPlatformMisc::RequestExit(1)
[2016.03.23-18.37.47:925][385]Log file closed, 03/23/16 19:37:47
