[2016.03.23-19.00.18:923][  0]Log file open, 03/23/16 20:00:18
[2016.03.23-19.00.18:923][  0]LogInit:Display: Running engine for game: TheBeginning
[2016.03.23-19.00.18:923][  0]LogInit:Display: RandInit(-726796930) SRandInit(-726796929).
[2016.03.23-19.00.18:923][  0]LogTaskGraph: Started task graph with 4 named threads and 7 total threads.
[2016.03.23-19.00.18:923][  0]LogStats: Stats thread started at 0.077140
[2016.03.23-19.00.18:923][  0]LogInit: Version: 4.9.2-2707645+++depot+UE4-Releases+4.9
[2016.03.23-19.00.18:923][  0]LogInit: API Version: 2672455
[2016.03.23-19.00.18:923][  0]LogInit: Compiled (64-bit): Sep 28 2015 10:25:44
[2016.03.23-19.00.18:923][  0]LogInit: Compiled with Visual C++: 18.00.21005.01
[2016.03.23-19.00.18:923][  0]LogInit: Build Configuration: Development
[2016.03.23-19.00.18:923][  0]LogInit: Branch Name: ++depot+UE4-Releases+4.9
[2016.03.23-19.00.18:923][  0]LogInit: Command line:  
[2016.03.23-19.00.18:923][  0]LogInit: Base directory: C:/Program Files (x86)/Epic Games/4.9/Engine/Binaries/Win64/
[2016.03.23-19.00.18:923][  0]LogInit: Rocket: 1
[2016.03.23-19.00.18:933][  0]LogInit: Using libcurl 7.41.0
[2016.03.23-19.00.18:934][  0]LogInit:  - built for x86_64-pc-win32
[2016.03.23-19.00.18:934][  0]LogInit:  - supports SSL with WinSSL
[2016.03.23-19.00.18:934][  0]LogInit:  - other features:
[2016.03.23-19.00.18:934][  0]LogInit:      CURL_VERSION_SSL
[2016.03.23-19.00.18:934][  0]LogInit:      CURL_VERSION_IPV6
[2016.03.23-19.00.18:934][  0]LogInit:      CURL_VERSION_ASYNCHDNS
[2016.03.23-19.00.18:934][  0]LogInit:      CURL_VERSION_LARGEFILE
[2016.03.23-19.00.18:934][  0]LogInit:      CURL_VERSION_IDN
[2016.03.23-19.00.18:934][  0]LogInit:  CurlRequestOptions (configurable via config and command line):
[2016.03.23-19.00.18:934][  0]LogInit:  - bVerifyPeer = true  - Libcurl will verify peer certificate
[2016.03.23-19.00.18:934][  0]LogInit:  - bUseHttpProxy = false  - Libcurl will NOT use HTTP proxy
[2016.03.23-19.00.18:934][  0]LogInit:  - bDontReuseConnections = false  - Libcurl will reuse connections
[2016.03.23-19.00.18:934][  0]LogInit:  - CertBundlePath = nullptr  - Libcurl will use whatever was configured at build time.
[2016.03.23-19.00.18:941][  0]LogInit: Presizing for 0 objects not considered by GC, pre-allocating 0 bytes.
[2016.03.23-19.00.18:947][  0]LogInit: Object subsystem initialized
[2016.03.23-19.00.18:948][  0]LogInit: Selected Device Profile: [Windows]
[2016.03.23-19.00.18:948][  0]LogInit: Applying CVar settings loaded from the selected device profile: [Windows]
[2016.03.23-19.00.18:957][  0]LogInit: Computer: DESKTOP-I563IRF
[2016.03.23-19.00.18:957][  0]LogInit: User: CaptainAmerica
[2016.03.23-19.00.18:957][  0]LogInit: CPU Page size=4096, Cores=4
[2016.03.23-19.00.18:957][  0]LogInit: High frequency timer resolution =2.531254 MHz
[2016.03.23-19.00.18:957][  0]LogMemory: Memory total: Physical=15.8GB (16GB approx)
[2016.03.23-19.00.18:957][  0]LogMemory: Platform Memory Stats for Windows
[2016.03.23-19.00.18:957][  0]LogMemory: Process Physical Memory: 54.84 MB used, 54.84 MB peak
[2016.03.23-19.00.18:957][  0]LogMemory: Process Virtual Memory: 55.39 MB used, 55.39 MB peak
[2016.03.23-19.00.18:957][  0]LogMemory: Physical Memory: 3135.14 MB used, 16205.89 MB total
[2016.03.23-19.00.18:957][  0]LogMemory: Virtual Memory: 368.80 MB used, 134217728.00 MB total
[2016.03.23-19.00.19:337][  0]LogTextLocalizationManager: No translations for ('de-DE') exist, falling back to 'en' for localization and internationalization data.
[2016.03.23-19.00.20:432][  0]LogD3D11RHI: Found D3D11 adapter 0: NVIDIA GeForce GTX 970M    (Feature Level 11_0)
[2016.03.23-19.00.20:432][  0]LogD3D11RHI: Adapter has 2988MB of dedicated video memory, 0MB of dedicated system memory, and 8102MB of shared system memory, 1 output[s]
[2016.03.23-19.00.20:437][  0]LogD3D11RHI: Found D3D11 adapter 1: Intel(R) HD Graphics 530 (Feature Level 11_0)
[2016.03.23-19.00.20:437][  0]LogD3D11RHI: Adapter has 128MB of dedicated video memory, 0MB of dedicated system memory, and 8102MB of shared system memory, 0 output[s]
[2016.03.23-19.00.20:438][  0]LogD3D11RHI: Found D3D11 adapter 2: Microsoft Basic Render Driver (Feature Level 11_0)
[2016.03.23-19.00.20:438][  0]LogD3D11RHI: Adapter has 0MB of dedicated video memory, 0MB of dedicated system memory, and 8102MB of shared system memory, 0 output[s]
[2016.03.23-19.00.20:438][  0]LogD3D11RHI: Chosen D3D11 Adapter Id = 0
[2016.03.23-19.00.20:442][  0]LogD3D11RHI: !Direct3DDevice
[2016.03.23-19.00.20:442][  0]LogRHI: Texture pool is 1361 MB (70% of 1945 MB)
[2016.03.23-19.00.20:454][  0]LogD3D11RHI: Async texture creation enabled
[2016.03.23-19.00.20:466][  0]LogShaderCompilers: Guid format shader working directory is 15 characters bigger than the processId version (../../../../../../Users/CaptainAmerica/Desktop/Uni/GE_Project/Intermediate/Shaders/WorkingDirectory/3252/).
[2016.03.23-19.00.20:467][  0]LogShaderCompilers: Cleaned the shader compiler working directory '../../../../../../Users/CaptainAmerica/Desktop/Uni/GE_Project/Intermediate/Shaders/tmp/0E4F82ED47D437D79DAC9AB29BE870FB/'.
[2016.03.23-19.00.20:467][  0]LogShaderCompilers:Display: Using Local Shader Compiler.
[2016.03.23-19.00.21:369][  0]LogTemp:Display: Loaded TP AllDesktopTargetPlatform
[2016.03.23-19.00.21:373][  0]LogTemp:Display: Loaded TP WindowsClientTargetPlatform
[2016.03.23-19.00.21:378][  0]LogTemp:Display: Loaded TP WindowsNoEditorTargetPlatform
[2016.03.23-19.00.21:383][  0]LogTemp:Display: Loaded TP WindowsServerTargetPlatform
[2016.03.23-19.00.21:388][  0]LogTemp:Display: Loaded TP WindowsTargetPlatform
[2016.03.23-19.00.21:391][  0]LogTemp:Display: Loaded TP AndroidTargetPlatform
[2016.03.23-19.00.21:394][  0]LogTemp:Display: Loaded TP Android_ASTCTargetPlatform
[2016.03.23-19.00.21:397][  0]LogTemp:Display: Loaded TP Android_ATCTargetPlatform
[2016.03.23-19.00.21:401][  0]LogTemp:Display: Loaded TP Android_DXTTargetPlatform
[2016.03.23-19.00.21:404][  0]LogTemp:Display: Loaded TP Android_ETC1TargetPlatform
[2016.03.23-19.00.21:407][  0]LogTemp:Display: Loaded TP Android_ETC2TargetPlatform
[2016.03.23-19.00.21:410][  0]LogTemp:Display: Loaded TP Android_PVRTCTargetPlatform
[2016.03.23-19.00.21:411][  0]LogTemp:Display: Loaded TP HTML5TargetPlatform
[2016.03.23-19.00.21:428][  0]LogTemp:Display: Loaded TP IOSTargetPlatform
[2016.03.23-19.00.21:431][  0]LogTemp:Display: Loaded TP LinuxNoEditorTargetPlatform
[2016.03.23-19.00.21:433][  0]LogTemp:Display: Loaded TP LinuxServerTargetPlatform
[2016.03.23-19.00.21:437][  0]LogTemp:Display: Loaded TP LinuxTargetPlatform
[2016.03.23-19.00.21:437][  0]LogTargetPlatformManager:Display: Building Assets For Windows
[2016.03.23-19.00.21:513][  0]LogDerivedDataCache:Display: Max Cache Size: 512 MB
[2016.03.23-19.00.21:549][  0]LogDerivedDataCache: Loaded boot cache 0.04s 41MB C:/Users/CaptainAmerica/AppData/Local/UnrealEngine/4.9/DerivedDataCache/Boot.ddc.
[2016.03.23-19.00.21:549][  0]LogDerivedDataCache:Display: Loaded Boot cache: C:/Users/CaptainAmerica/AppData/Local/UnrealEngine/4.9/DerivedDataCache/Boot.ddc
[2016.03.23-19.00.21:549][  0]LogDerivedDataCache: FDerivedDataBackendGraph:  Pak pak cache file ../../../../../../Users/CaptainAmerica/Desktop/Uni/GE_Project/DerivedDataCache/DDC.ddp not found, will not use a pak cache.
[2016.03.23-19.00.21:549][  0]LogDerivedDataCache: Unable to find inner node Pak for hierarchical cache Hierarchy.
[2016.03.23-19.00.21:549][  0]LogDerivedDataCache: FDerivedDataBackendGraph:  CompressedPak pak cache file ../../../../../../Users/CaptainAmerica/Desktop/Uni/GE_Project/DerivedDataCache/Compressed.ddp not found, will not use a pak cache.
[2016.03.23-19.00.21:549][  0]LogDerivedDataCache: Unable to find inner node CompressedPak for hierarchical cache Hierarchy.
[2016.03.23-19.00.21:672][  0]LogDerivedDataCache:Display: Pak cache opened for reading ../../../Engine/DerivedDataCache/Compressed.ddp.
[2016.03.23-19.00.21:684][  0]LogDerivedDataCache: Using Local data cache path C:/Users/CaptainAmerica/AppData/Local/UnrealEngine/Common/DerivedDataCache: Writable
[2016.03.23-19.00.21:828][  0]LogInit: Selected Device Profile: [Windows]
[2016.03.23-19.00.21:831][  0]LogContentStreaming: Texture pool size is 0.000000MB
[2016.03.23-19.00.21:937][  0]LogMeshUtilities: No automatic mesh reduction module available
[2016.03.23-19.00.21:937][  0]LogMeshUtilities: No automatic mesh merging module available
[2016.03.23-19.00.22:141][  0]LogInit: WinSock: version 1.1 (2.2), MaxSocks=32767, MaxUdp=65467
[2016.03.23-19.00.22:739][  0]UdpMessaging: Initializing bridge on interface 0.0.0.0:0 to multicast group 230.0.0.1:6666.
[2016.03.23-19.00.22:840][  0]LogAssetRegistry: FAssetRegistry took 0.0110 seconds to start up
[2016.03.23-19.00.22:988][  0]SourceControl: Info Source control is disabled
[2016.03.23-19.00.22:988][  0]SourceControl: Info Source control is disabled
[2016.03.23-19.00.22:998][  0]SourceControl: Info Source control is disabled
[2016.03.23-19.00.23:008][  0]SourceControl: Info Source control is disabled
[2016.03.23-19.00.23:128][  0]LogLinker:Warning: Asset '../../../Engine/Plugins/Runtime/LeapMotionController/Content/LM_PassthroughMaterial.uasset' has been saved with empty engine version. The asset will be loaded but may be incompatible.
[2016.03.23-19.00.23:194][  0]LogObj: 28450 objects as part of root set at end of initial load.
[2016.03.23-19.00.23:194][  0]LogUObjectAllocator: 6092552 out of 0 bytes used by permanent object pool.
[2016.03.23-19.00.23:251][  0]LogEngine: Initializing Engine...
[2016.03.23-19.00.23:254][  0]LogHMD: Can't find Oculus library dev build: is proper Runtime installed? Version: 0.7.0.0
[2016.03.23-19.00.23:254][  0]LogHMD: SteamVR failed to initialize.  Err: 110
[2016.03.23-19.00.23:372][  0]LogAIModule: Creating AISystem for world NewWorld
[2016.03.23-19.00.23:377][  0]LogInit: XAudio2 using 'Lautsprecher (Realtek High Definition Audio)' : 2 channels at 48 kHz using 32 bits per sample (channel mask 0x3)
[2016.03.23-19.00.23:399][  0]LogInit: FAudioDevice initialized.
[2016.03.23-19.00.23:416][  0]LogDerivedDataCache: Saved boot cache 0.02s 41MB C:/Users/CaptainAmerica/AppData/Local/UnrealEngine/4.9/DerivedDataCache/Boot.ddc.
[2016.03.23-19.00.23:420][  0]LogInit: Texture streaming: Enabled
[2016.03.23-19.00.23:426][  0]LogAnalytics: Creating configured Analytics provider AnalyticsET
[2016.03.23-19.00.23:426][  0]LogAnalytics: [UEEditor.Rocket.Release] APIServer = http://et2.epicgames.com/ET2/. AppVersion = 4.9.2-2707645+++depot+UE4-Releases+4.9
[2016.03.23-19.00.23:426][  0]LogAnalytics: [UEEditor.Rocket.Release] SetUserId cf13bd144fda46388eb9608560661132|81f01d6b67df48cfa9231b1643757103|89657b24-a756-40fe-95bd-5a575f0e3948
[2016.03.23-19.00.23:426][  0]LogAnalytics: [UEEditor.Rocket.Release] AnalyticsET::StartSession
[2016.03.23-19.00.23:454][  0]LogInit: Transaction tracking system initialized
[2016.03.23-19.00.23:481][  0]BlueprintLog: New page: Editor Load
[2016.03.23-19.00.23:566][  0]LocalizationService: Info Localization service is disabled
[2016.03.23-19.00.23:644][  0]LogConsoleResponse:Display: 
[2016.03.23-19.00.23:738][  0]LogCook:Display: Done creating registry. It took  0.00s.
[2016.03.23-19.00.23:792][  0]LogFileCache: Scanning file cache for directory 'C:/Users/CaptainAmerica/Desktop/Uni/GE_Project/Content/' took 0.01s
[2016.03.23-19.00.23:792][  0]SourceControl: Info Source control is disabled
[2016.03.23-19.00.23:792][  0]Cmd: MAP LOAD FILE="../../../../../../Users/CaptainAmerica/Desktop/Uni/GE_Project/Content/StarterContent/Maps/Minimal_Default.umap" TEMPLATE=0 SHOWPROGRESS=1 FEATURELEVEL=3
[2016.03.23-19.00.23:793][  0]LightingResults: New page: Lighting Build
[2016.03.23-19.00.23:796][  0]MapCheck: New page: Map Check
[2016.03.23-19.00.23:796][  0]LightingResults: New page: Lighting Build
[2016.03.23-19.00.23:804][  0]LogParticles: Destroying 0 GPU particle simulations for FXSystem 0x000001E8D0A32160
[2016.03.23-19.00.24:151][  0]LogAIModule: Creating AISystem for world Minimal_Default
[2016.03.23-19.00.24:157][  0]LogEditorServer: Finished looking for orphan Actors (0.000 secs)
[2016.03.23-19.00.24:157][  0]Cmd: MAP CHECKDEP NOCLEARLOG
[2016.03.23-19.00.24:196][  0]MapCheck: Info Map check complete: 0 Error(s), 0 Warning(s), took 39.091ms to complete.
[2016.03.23-19.00.24:196][  0]LogFileHelpers: Loading map 'Minimal_Default' took 0.404
[2016.03.23-19.00.24:295][  0]LogCollectionManager: Loaded 0 collections in 0.002339 seconds
[2016.03.23-19.00.24:335][  0]LogFileCache: Scanning file cache for directory 'C:/Users/CaptainAmerica/Desktop/Uni/GE_Project/Saved/Collections/' took 0.01s
[2016.03.23-19.00.24:335][  0]LogFileCache: Scanning file cache for directory 'C:/Users/CaptainAmerica/Desktop/Uni/GE_Project/Content/Developers/CaptainAmerica/Collections/' took 0.01s
[2016.03.23-19.00.24:335][  0]LogFileCache: Scanning file cache for directory 'C:/Users/CaptainAmerica/Desktop/Uni/GE_Project/Content/Collections/' took 0.01s
[2016.03.23-19.00.24:335][  0]LogContentBrowser: Native class hierarchy populated in 0.0073 seconds. Added 1875 classes and 335 folders.
[2016.03.23-19.00.24:340][  0]LogCollectionManager: Rebuilt the GUID cache for 0 collections in 0.000002 seconds
[2016.03.23-19.00.24:351][  0]LogContentBrowser: Native class hierarchy updated for 'WidgetCarousel' in 0.0010 seconds. Added 0 classes and 0 folders.
[2016.03.23-19.00.24:387][  0]LogContentBrowser: Native class hierarchy updated for 'AddContentDialog' in 0.0011 seconds. Added 0 classes and 0 folders.
[2016.03.23-19.00.24:391][  0]LogContentBrowser: Native class hierarchy updated for 'SceneOutliner' in 0.0010 seconds. Added 1 classes and 2 folders.
[2016.03.23-19.00.24:413][  0]LogCrashTracker: Crashtracker disabled due to settings.
[2016.03.23-19.00.24:417][  0]LogUObjectGlobals:Warning: Failed to find object 'Class None.'
[2016.03.23-19.00.24:439][  0]LogLoad: Full Startup: 6.30 seconds (BP compile: 0.04 seconds)
[2016.03.23-19.00.24:512][  0]LogContentStreaming: Texture pool size now 1000 MB
[2016.03.23-19.00.24:650][  0]LogRenderer: Reallocating scene render targets to support 964x436 (Frame:2).
[2016.03.23-19.00.24:795][  3]LogAssetRegistry: Asset discovery search completed in 1.9667 seconds
[2016.03.23-19.00.24:795][  3]LogCollectionManager: Rebuilt the object cache for 0 collections in 0.000000 seconds (found 0 objects)
[2016.03.23-19.00.24:795][  3]LogCollectionManager: Fixed up redirectors for 0 collections in 0.000019 seconds (updated 0 objects)
[2016.03.23-19.00.29:743][536]LogBlueprint:Warning: [compiler Ue4ASP_Character] Warning Input Axis Event references unknown Axis 'LookUp' for  InputAxis LookUp 
[2016.03.23-19.00.29:743][536]LogBlueprint:Warning: [compiler Ue4ASP_Character] Warning Input Axis Event references unknown Axis 'Turn' for  InputAxis Turn 
[2016.03.23-19.00.29:743][536]LogBlueprint:Warning: [compiler Ue4ASP_Character] Warning Input Axis Event references unknown Axis 'MoveRight' for  InputAxis MoveRight 
[2016.03.23-19.00.29:743][536]LogBlueprint:Warning: [compiler Ue4ASP_Character] Warning Input Axis Event references unknown Axis 'MoveForward' for  InputAxis MoveForward 
[2016.03.23-19.00.29:746][536]LogBlueprint:Warning: [compiler Ue4ASP_Character] Warning [0011.61] Compile of Ue4ASP_Character successful, but with 4 Warning(s) [in 6 ms]
[2016.03.23-19.00.29:746][536]LogBlueprint:Warning: [compiler Ue4ASP_Character] Warning [0011.61] Compile of Ue4ASP_Character successful, but with 5 Warning(s) [in 0 ms]
[2016.03.23-19.00.29:746][536]LogBlueprint:Warning: [compiler Ue4ASP_Character] Warning [0011.61] Compile of Ue4ASP_Character successful, but with 6 Warning(s) [in 0 ms]
[2016.03.23-19.00.29:805][536]LogBlueprint:Warning: [compiler Ue4ASP_Character] Warning Input Axis Event references unknown Axis 'LookUp' for  InputAxis LookUp 
[2016.03.23-19.00.29:806][536]LogBlueprint:Warning: [compiler Ue4ASP_Character] Warning Input Axis Event references unknown Axis 'Turn' for  InputAxis Turn 
[2016.03.23-19.00.29:806][536]LogBlueprint:Warning: [compiler Ue4ASP_Character] Warning Input Axis Event references unknown Axis 'MoveRight' for  InputAxis MoveRight 
[2016.03.23-19.00.29:806][536]LogBlueprint:Warning: [compiler Ue4ASP_Character] Warning Input Axis Event references unknown Axis 'MoveForward' for  InputAxis MoveForward 
[2016.03.23-19.00.29:809][536]LogBlueprint:Warning: [compiler Ue4ASP_Character] Warning [0011.67] Compile of Ue4ASP_Character successful, but with 4 Warning(s) [in 6 ms]
[2016.03.23-19.00.29:809][536]LogBlueprint:Warning: [compiler Ue4ASP_Character] Warning [0011.67] Compile of Ue4ASP_Character successful, but with 5 Warning(s) [in 0 ms]
[2016.03.23-19.00.29:809][536]LogBlueprint:Warning: [compiler Ue4ASP_Character] Warning [0011.67] Compile of Ue4ASP_Character successful, but with 6 Warning(s) [in 0 ms]
[2016.03.23-19.00.29:867][536]LogBlueprint:Warning: [BP_Avatar] CreatePinForVariable: 'KinectInterface' variable not found. Base class was probably changed.
[2016.03.23-19.00.29:867][536]LogBlueprint:Warning: [BP_Avatar] CreatePinForVariable: 'KinectInterface' variable not found. Base class was probably changed.
[2016.03.23-19.00.29:867][536]LogBlueprint:Warning: [BP_Avatar] CreatePinForVariable: 'KinectInterface' variable not found. Base class was probably changed.
[2016.03.23-19.00.29:867][536]LogBlueprint:Warning: [BP_Avatar] CreatePinForVariable: 'KinectInterface' variable not found. Base class was probably changed.
[2016.03.23-19.00.29:868][536]LogBlueprint:Warning: [BP_Avatar] CreatePinForVariable: 'KinectInterface' variable not found. Base class was probably changed.
[2016.03.23-19.00.29:874][536]LogBlueprint:Warning: [compiler BP_Avatar] Warning Could not find a variable named "KinectInterface" in 'BP_Avatar_C'.
Make sure 'BP_Avatar_C' has been compiled for  Get KinectInterface 
[2016.03.23-19.00.29:874][536]LogBlueprint:Error: [compiler BP_Avatar] Error Could not find a function named "GetHandStateAsExecution" in 'BP_Avatar'.
Make sure 'BP_Avatar' has been compiled for  Get Hand State as Execution 
[2016.03.23-19.00.29:874][536]LogBlueprint:Warning: [compiler BP_Avatar] Warning Could not find a variable named "KinectInterface" in 'BP_Avatar_C'.
Make sure 'BP_Avatar_C' has been compiled for  Get KinectInterface 
[2016.03.23-19.00.29:875][536]LogBlueprint:Error: [compiler BP_Avatar] Error Could not find a function named "GetHandStateAsExecution" in 'BP_Avatar'.
Make sure 'BP_Avatar' has been compiled for  Get Hand State as Execution 
[2016.03.23-19.00.29:875][536]LogBlueprint:Warning: [compiler BP_Avatar] Warning Could not find a variable named "KinectInterface" in 'BP_Avatar_C'.
Make sure 'BP_Avatar_C' has been compiled for  Get KinectInterface 
[2016.03.23-19.00.29:875][536]LogBlueprint:Error: [compiler BP_Avatar] Error Could not find a function named "GetDistanceBetweenJoints" in 'BP_Avatar'.
Make sure 'BP_Avatar' has been compiled for  Get Distance Between Joints 
[2016.03.23-19.00.29:875][536]LogBlueprint:Warning: [compiler BP_Avatar] Warning Could not find a variable named "KinectInterface" in 'BP_Avatar_C'.
Make sure 'BP_Avatar_C' has been compiled for  Get KinectInterface 
[2016.03.23-19.00.29:875][536]LogBlueprint:Error: [compiler BP_Avatar] Error Could not find a function named "GetDistanceBetweenJoints" in 'BP_Avatar'.
Make sure 'BP_Avatar' has been compiled for  Get Distance Between Joints 
[2016.03.23-19.00.29:875][536]LogBlueprint:Warning: [compiler BP_Avatar] Warning Could not find a variable named "KinectInterface" in 'BP_Avatar_C'.
Make sure 'BP_Avatar_C' has been compiled for  Get KinectInterface 
[2016.03.23-19.00.29:875][536]LogBlueprint:Error: [compiler BP_Avatar] Error Could not find a function named "GetCenteredBody" in 'BP_Avatar'.
Make sure 'BP_Avatar' has been compiled for  Get Centered Body 
[2016.03.23-19.00.29:876][536]LogBlueprint:Error: [compiler BP_Avatar] Error The property associated with  Kinect Interface  could not be found
[2016.03.23-19.00.29:876][536]LogBlueprint:Error: [compiler BP_Avatar] Error The property associated with  Kinect Interface  could not be found
[2016.03.23-19.00.29:876][536]LogBlueprint:Error: [compiler BP_Avatar] Error The property associated with  Kinect Interface  could not be found
[2016.03.23-19.00.29:876][536]LogBlueprint:Error: [compiler BP_Avatar] Error The current value (AnkleLeft) of the ' Start Joint ' pin is invalid: Expected a valid unsigned number for a byte property
[2016.03.23-19.00.29:876][536]LogBlueprint:Error: [compiler BP_Avatar] Error The current value (AnkleRight) of the ' End Joint ' pin is invalid: Expected a valid unsigned number for a byte property
[2016.03.23-19.00.29:877][536]LogBlueprint:Error: [compiler BP_Avatar] Error The current value (Head) of the ' Start Joint ' pin is invalid: Expected a valid unsigned number for a byte property
[2016.03.23-19.00.29:877][536]LogBlueprint:Error: [compiler BP_Avatar] Error The current value (AnkleRight) of the ' End Joint ' pin is invalid: Expected a valid unsigned number for a byte property
[2016.03.23-19.00.29:877][536]LogBlueprint:Error: [compiler BP_Avatar] Error The property associated with  Kinect Interface  could not be found
[2016.03.23-19.00.29:877][536]LogBlueprint:Error: [compiler BP_Avatar] Error The property associated with  Kinect Interface  could not be found
[2016.03.23-19.00.29:877][536]LogBlueprint:Error: [compiler BP_Avatar] Error The current value (Right) of the ' Hand ' pin is invalid: Expected a valid unsigned number for a byte property
[2016.03.23-19.00.29:877][536]LogBlueprint:Error: [compiler BP_Avatar] Error The current value (Left) of the ' Hand ' pin is invalid: Expected a valid unsigned number for a byte property
[2016.03.23-19.00.29:883][536]LogBlueprint:Warning: [compiler BP_Avatar] Warning [0011.75] Compile of BP_Avatar failed. 16 Fatal Issue(s) 5 Warning(s) [in 14 ms]
[2016.03.23-19.00.29:883][536]LogBlueprint:Warning: [compiler BP_Avatar] Warning [0011.75] Compile of BP_Avatar failed. 16 Fatal Issue(s) 6 Warning(s) [in 0 ms]
[2016.03.23-19.00.29:883][536]LogBlueprint:Warning: [compiler BP_Avatar] Warning [0011.75] Compile of BP_Avatar failed. 16 Fatal Issue(s) 7 Warning(s) [in 0 ms]
[2016.03.23-19.00.30:017][536]LogLinker:Warning: Asset '../../../Engine/Content/ArtTools/RenderToTexture/Macros/RenderToTextureMacros.uasset' has been saved with empty engine version. The asset will be loaded but may be incompatible.
[2016.03.23-19.00.30:503][536]LogContentBrowser: Native class hierarchy updated for 'BlueprintGraph' in 0.0014 seconds. Added 107 classes and 0 folders.
[2016.03.23-19.00.30:897][536]LogFileCache: Retrieving MD5 hashes for directory 'C:/Users/CaptainAmerica/Desktop/Uni/GE_Project/Content/' took 6.44s
[2016.03.23-19.00.34:305][745]LogActorComponent: UnregisterComponent: (/Engine/Transient.ProjectileComp) Not registered. Aborting.
[2016.03.23-19.00.34:305][745]LogActorComponent: UnregisterComponent: (/Engine/Transient.CharMoveComp) Not registered. Aborting.
[2016.03.23-19.00.50:599][ 48]LogActorComponent: UnregisterComponent: (/Engine/Transient.CharacterMovementComponent_0) Not registered. Aborting.
[2016.03.23-19.01.10:925][991]LogActorComponent: UnregisterComponent: (/Engine/Transient.CharacterMovementComponent_1) Not registered. Aborting.
[2016.03.23-19.01.15:808][367]LogActorComponent: UnregisterComponent: (/Engine/Transient.CharacterMovementComponent_2) Not registered. Aborting.
[2016.03.23-19.01.19:362][652]LogEditorTransaction: Undo Attach Component
[2016.03.23-19.01.38:138][210]LogActorComponent: UnregisterComponent: (/Engine/Transient.CharacterMovementComponent_3) Not registered. Aborting.
[2016.03.23-19.02.49:403][ 74]LogActorComponent: UnregisterComponent: (/Engine/Transient.CharacterMovementComponent_4) Not registered. Aborting.
[2016.03.23-19.10.25:219][854]LogActorComponent: UnregisterComponent: (/Engine/Transient.CharacterMovementComponent_5) Not registered. Aborting.
[2016.03.23-19.10.25:271][854]LogFileHelpers: Editor autosave (incl. sublevels) for '/Game/StarterContent/Maps/Minimal_Default' took 0.052
[2016.03.23-19.10.25:275][854]OBJ SavePackage: Generating thumbnails for [1] asset(s) in package [/Game/BP_Avatar] ([1] browsable assets)...
[2016.03.23-19.10.25:311][854]OBJ SavePackage:     Rendered thumbnail for [Blueprint /Game/BP_Avatar.BP_Avatar]
[2016.03.23-19.10.25:311][854]OBJ SavePackage: Finished generating thumbnails for package [/Game/BP_Avatar]
[2016.03.23-19.10.25:311][854]Cmd: OBJ SAVEPACKAGE PACKAGE="/Game/BP_Avatar" FILE="../../../../../../Users/CaptainAmerica/Desktop/Uni/GE_Project/Saved/Autosaves/Game/BP_Avatar_Auto1.uasset" SILENT=false AUTOSAVING=true
[2016.03.23-19.10.25:407][854]LogSavePackage: Save=74.564621ms
[2016.03.23-19.10.25:407][854]LogSavePackage: Moving '../../../../../../Users/CaptainAmerica/Desktop/Uni/GE_Project/Saved/BP_Avatar_Auto19E0A5D3D440D95FF4DD711845049C398.tmp' to '../../../../../../Users/CaptainAmerica/Desktop/Uni/GE_Project/Saved/Autosaves/Game/BP_Avatar_Auto1.uasset'
[2016.03.23-19.10.25:409][854]LogSavePackage: Total save time: 96.009724ms
[2016.03.23-19.10.25:410][854]LogSavePackage:Warning: Finished SavePackage ../../../../../../Users/CaptainAmerica/Desktop/Uni/GE_Project/Saved/Autosaves/Game/BP_Avatar_Auto1.uasset
[2016.03.23-19.10.25:410][854]LogFileHelpers: Auto-saving content packages took 0.138
[2016.03.23-19.14.40:519][383]LogHotReload: New module detected: UE4Editor-TheBeginning-7327.dll
[2016.03.23-19.14.41:200][386]LogHotReload: Starting Hot-Reload from IDE
[2016.03.23-19.14.41:248][386]LogActorComponent: UnregisterComponent: (/Engine/Transient.CharMoveComp) Not registered. Aborting.
[2016.03.23-19.14.41:316][386]LogClass: Could not find existing class PickUpItem in package /Script/TheBeginning for HotReload, assuming new class
[2016.03.23-19.14.41:316][386]LogClass: Function Prox is new.
[2016.03.23-19.14.41:324][386]LogHotReload: Re-instancing PickUpItem after hot-reload.
[2016.03.23-19.14.41:357][386]LogContentBrowser: Native class hierarchy updated for 'TheBeginning' in 0.0011 seconds. Added 8 classes and 2 folders.
[2016.03.23-19.14.41:359][386]Warning: HotReload successful (4 functions remapped  0 scriptstructs remapped)
[2016.03.23-19.14.41:809][386]LogContentBrowser: Native class hierarchy populated in 0.0078 seconds. Added 1876 classes and 337 folders.
[2016.03.23-19.15.13:153][480]LogHotReload: New module detected: UE4Editor-TheBeginning-2906.dll
[2016.03.23-19.15.14:167][484]LogHotReload: Starting Hot-Reload from IDE
[2016.03.23-19.15.14:276][484]LogClass: Could not find existing class PickUpItem in package /Script/TheBeginning for HotReload, assuming new class
[2016.03.23-19.15.14:276][484]LogClass: Function Prox is new.
[2016.03.23-19.15.14:284][484]LogHotReload: Re-instancing PickUpItem after hot-reload.
[2016.03.23-19.15.14:319][484]LogContentBrowser: Native class hierarchy updated for 'TheBeginning' in 0.0012 seconds. Added 8 classes and 2 folders.
[2016.03.23-19.15.14:323][484]Warning: HotReload successful (4 functions remapped  0 scriptstructs remapped)
[2016.03.23-19.15.14:755][484]LogContentBrowser: Native class hierarchy populated in 0.0071 seconds. Added 1876 classes and 337 folders.
[2016.03.23-19.16.21:432][684]LogHotReload: New module detected: UE4Editor-TheBeginning-6755.dll
[2016.03.23-19.16.22:112][687]LogHotReload: Starting Hot-Reload from IDE
[2016.03.23-19.16.22:242][687]LogContentBrowser: Native class hierarchy updated for 'TheBeginning' in 0.0012 seconds. Added 8 classes and 2 folders.
[2016.03.23-19.16.22:244][687]Warning: HotReload successful (5 functions remapped  0 scriptstructs remapped)
[2016.03.23-19.16.22:694][687]LogContentBrowser: Native class hierarchy populated in 0.0075 seconds. Added 1876 classes and 337 folders.
[2016.03.23-19.16.31:180][887]Recompiling TheBeginning...
[2016.03.23-19.16.31:180][887]Launching UnrealBuildTool... [C:/Program Files (x86)/Epic Games/4.9/Engine/Binaries/DotNET/UnrealBuildTool.exe TheBeginning -ModuleWithSuffix TheBeginning 6092 Win64 Development -editorrecompile -canskiplink "C:/Users/CaptainAmerica/Desktop/Uni/GE_Project/TheBeginning.uproject" -rocket  -rocket]
[2016.03.23-19.16.31:182][887]Warning: Starting HotReload took  0.0s.
[2016.03.23-19.16.33:643][997]LogAIModule: Creating AISystem for world MyFirstLevel
[2016.03.23-19.16.33:651][997]LogParticles:Warning: InitializeSystem called on an unregistered component. Template=/Game/Snow.Snow Component=/Game/MyFirstLevel.MyFirstLevel:PersistentLevel.Snow_2.ParticleSystemComponent0
[2016.03.23-19.16.33:651][997]LogParticles:Warning: InitializeSystem called on an unregistered component. Template=/Game/StarterContent/Particles/P_Fire.P_Fire Component=/Game/MyFirstLevel.MyFirstLevel:PersistentLevel.P_Fire_2.ParticleSystemComponent0
[2016.03.23-19.16.33:675][997]LogActorComponent: UnregisterComponent: (/Engine/Transient.ProjectileComp) Not registered. Aborting.
[2016.03.23-19.16.33:675][997]LogActorComponent: UnregisterComponent: (/Engine/Transient.CharMoveComp) Not registered. Aborting.
[2016.03.23-19.16.38:388][997]Cmd: MAP LOAD FILE="../../../../../../Users/CaptainAmerica/Desktop/Uni/GE_Project/Content/MyFirstLevel.umap" TEMPLATE=0 SHOWPROGRESS=1 FEATURELEVEL=3
[2016.03.23-19.16.38:389][997]LightingResults: New page: Lighting Build
[2016.03.23-19.16.38:407][997]LoadErrors: New page: Loading map: MyFirstLevel.umap
[2016.03.23-19.16.38:407][997]MapCheck: New page: Map Check
[2016.03.23-19.16.38:407][997]LightingResults: New page: Lighting Build
[2016.03.23-19.16.38:434][997]LogParticles: Destroying 0 GPU particle simulations for FXSystem 0x000001E8C375F2E0
[2016.03.23-19.16.38:579][997]LogEditorServer: Finished looking for orphan Actors (0.000 secs)
[2016.03.23-19.16.38:635][997]Cmd: MAP CHECKDEP NOCLEARLOG
[2016.03.23-19.16.38:701][997]MapCheck: Info Map check complete: 0 Error(s), 0 Warning(s), took 66.008ms to complete.
[2016.03.23-19.16.38:701][997]LogFileHelpers: Loading map 'MyFirstLevel' took 0.315
[2016.03.23-19.16.38:727][997]CompilerResultsLog: New page: Compilation - Mar 23, 2016, 9:16:38 PM
[2016.03.23-19.16.38:728][997]CompilerResultsLog: Info Creating makefile for hot reloading TheBeginning (modules to compile have changed)
[2016.03.23-19.16.38:728][997]CompilerResultsLog: Info Compiling game modules for hot reload
[2016.03.23-19.16.38:728][997]CompilerResultsLog: Info Target is up to date.
[2016.03.23-19.16.38:728][997]LogMainFrame: MainFrame: Module compiling took 7.551 seconds
[2016.03.23-19.16.38:762][998]Cmd: UpdateLandscapeEditorData -warnings
[2016.03.23-19.16.38:769][998]Cmd: UpdateLandscapeEditorData
[2016.03.23-19.16.53:384][852]LogActorComponent: UnregisterComponent: (/Engine/Transient.CharMoveComp) Not registered. Aborting.
[2016.03.23-19.16.53:384][852]LogActorComponent: UnregisterComponent: (/Engine/Transient.ProjectileComp) Not registered. Aborting.
[2016.03.23-19.16.53:384][852]LogActorComponent: UnregisterComponent: (/Engine/Transient.CharacterMovementComponent_6) Not registered. Aborting.
[2016.03.23-19.16.53:463][852]Cmd: OBJ SAVEPACKAGE PACKAGE="/Game/BP_Avatar" FILE="../../../../../../Users/CaptainAmerica/Desktop/Uni/GE_Project/Content/BP_Avatar.uasset" SILENT=true
[2016.03.23-19.16.53:547][852]LogSavePackage: Save=64.518616ms
[2016.03.23-19.16.53:547][852]LogSavePackage: Moving '../../../../../../Users/CaptainAmerica/Desktop/Uni/GE_Project/Saved/BP_Avatar8C5079584177A9E2A00C4FBD7396F5BA.tmp' to '../../../../../../Users/CaptainAmerica/Desktop/Uni/GE_Project/Content/BP_Avatar.uasset'
[2016.03.23-19.16.53:553][852]LogSavePackage: Total save time: 88.349488ms
[2016.03.23-19.16.53:553][852]LogSavePackage:Warning: Finished SavePackage ../../../../../../Users/CaptainAmerica/Desktop/Uni/GE_Project/Content/BP_Avatar.uasset
[2016.03.23-19.16.57:722][ 70]LogCrashTracker: 


[2016.03.23-19.16.57:722][ 70]LogCrashTracker: 


[2016.03.23-19.16.57:722][ 70]LogWindows: === Critical error: ===
Fatal error!



[2016.03.23-19.16.57:846][ 70]LogExit: Executing StaticShutdownAfterError
[2016.03.23-19.16.57:851][ 70]LogOutputDevice:Warning: 

Script Stack:
PickUpItem.Prox

[2016.03.23-19.16.57:855][ 70]LogPhysics:Warning: PHYSX: ..\..\PhysX\src\NpScene.cpp (2946) 8 : PxScene::unlockWrite() called without matching call to PxScene::lockWrite(), behaviour will be undefined.
[2016.03.23-19.16.57:855][ 70]LogPhysics:Warning: PHYSX: ..\..\PhysX\src\NpScene.cpp (2946) 8 : PxScene::unlockWrite() called without matching call to PxScene::lockWrite(), behaviour will be undefined.
[2016.03.23-19.16.57:855][ 70]LogPhysics:Warning: PHYSX: ..\..\PhysX\src\NpScene.cpp (2946) 8 : PxScene::unlockWrite() called without matching call to PxScene::lockWrite(), behaviour will be undefined.
[2016.03.23-19.16.57:855][ 70]LogPhysics:Warning: PHYSX: ..\..\PhysX\src\NpScene.cpp (2946) 8 : PxScene::unlockWrite() called without matching call to PxScene::lockWrite(), behaviour will be undefined.
[2016.03.23-19.16.57:855][ 70]LogPhysics:Warning: PHYSX: ..\..\PhysX\src\NpScene.cpp (2946) 8 : PxScene::unlockWrite() called without matching call to PxScene::lockWrite(), behaviour will be undefined.
[2016.03.23-19.16.57:855][ 70]LogPhysics:Warning: PHYSX: ..\..\PhysX\src\NpScene.cpp (2946) 8 : PxScene::unlockWrite() called without matching call to PxScene::lockWrite(), behaviour will be undefined.
[2016.03.23-19.16.57:855][ 70]LogWindows: FPlatformMisc::RequestExit(1)
[2016.03.23-19.16.57:855][ 70]Log file closed, 03/23/16 20:16:57
