[2016.01.27-14.58.22:128][  0]Log file open, 01/27/16 15:58:22
[2016.01.27-14.58.22:128][  0]LogInit:Display: Running engine for game: TheBeginning
[2016.01.27-14.58.22:128][  0]LogInit:Display: RandInit(1370660845) SRandInit(1370660845).
[2016.01.27-14.58.22:128][  0]LogTaskGraph: Started task graph with 4 named threads and 5 total threads.
[2016.01.27-14.58.22:128][  0]LogStats: Stats thread started at 0.073092
[2016.01.27-14.58.22:128][  0]LogInit: Version: 4.9.2-2707645+++depot+UE4-Releases+4.9
[2016.01.27-14.58.22:128][  0]LogInit: API Version: 2672455
[2016.01.27-14.58.22:128][  0]LogInit: Compiled (64-bit): Sep 28 2015 10:25:44
[2016.01.27-14.58.22:128][  0]LogInit: Compiled with Visual C++: 18.00.21005.01
[2016.01.27-14.58.22:128][  0]LogInit: Build Configuration: Development
[2016.01.27-14.58.22:128][  0]LogInit: Branch Name: ++depot+UE4-Releases+4.9
[2016.01.27-14.58.22:128][  0]LogInit: Command line:  
[2016.01.27-14.58.22:128][  0]LogInit: Base directory: C:/Program Files/Epic Games/4.9/Engine/Binaries/Win64/
[2016.01.27-14.58.22:128][  0]LogInit: Rocket: 1
[2016.01.27-14.58.22:163][  0]LogInit: Using libcurl 7.41.0
[2016.01.27-14.58.22:163][  0]LogInit:  - built for x86_64-pc-win32
[2016.01.27-14.58.22:163][  0]LogInit:  - supports SSL with WinSSL
[2016.01.27-14.58.22:163][  0]LogInit:  - other features:
[2016.01.27-14.58.22:163][  0]LogInit:      CURL_VERSION_SSL
[2016.01.27-14.58.22:163][  0]LogInit:      CURL_VERSION_IPV6
[2016.01.27-14.58.22:163][  0]LogInit:      CURL_VERSION_ASYNCHDNS
[2016.01.27-14.58.22:163][  0]LogInit:      CURL_VERSION_LARGEFILE
[2016.01.27-14.58.22:163][  0]LogInit:      CURL_VERSION_IDN
[2016.01.27-14.58.22:163][  0]LogInit:  CurlRequestOptions (configurable via config and command line):
[2016.01.27-14.58.22:163][  0]LogInit:  - bVerifyPeer = true  - Libcurl will verify peer certificate
[2016.01.27-14.58.22:163][  0]LogInit:  - bUseHttpProxy = false  - Libcurl will NOT use HTTP proxy
[2016.01.27-14.58.22:163][  0]LogInit:  - bDontReuseConnections = false  - Libcurl will reuse connections
[2016.01.27-14.58.22:163][  0]LogInit:  - CertBundlePath = nullptr  - Libcurl will use whatever was configured at build time.
[2016.01.27-14.58.22:173][  0]LogInit: Presizing for 0 objects not considered by GC, pre-allocating 0 bytes.
[2016.01.27-14.58.22:181][  0]LogInit: Object subsystem initialized
[2016.01.27-14.58.22:182][  0]LogInit: Selected Device Profile: [Windows]
[2016.01.27-14.58.22:182][  0]LogInit: Applying CVar settings loaded from the selected device profile: [Windows]
[2016.01.27-14.58.22:199][  0]LogInit: Computer: CPT
[2016.01.27-14.58.22:199][  0]LogInit: User: Martin
[2016.01.27-14.58.22:199][  0]LogInit: CPU Page size=4096, Cores=2
[2016.01.27-14.58.22:199][  0]LogInit: High frequency timer resolution =2.240904 MHz
[2016.01.27-14.58.22:199][  0]LogMemory: Memory total: Physical=3.9GB (4GB approx)
[2016.01.27-14.58.22:199][  0]LogMemory: Platform Memory Stats for Windows
[2016.01.27-14.58.22:199][  0]LogMemory: Process Physical Memory: 52.37 MB used, 52.37 MB peak
[2016.01.27-14.58.22:199][  0]LogMemory: Process Virtual Memory: 56.94 MB used, 56.94 MB peak
[2016.01.27-14.58.22:199][  0]LogMemory: Physical Memory: 1845.89 MB used, 4002.88 MB total
[2016.01.27-14.58.22:199][  0]LogMemory: Virtual Memory: 347.57 MB used, 134217728.00 MB total
[2016.01.27-14.58.22:310][  0]LogTextLocalizationManager: No translations for ('de-DE') exist, falling back to 'en' for localization and internationalization data.
[2016.01.27-14.58.23:299][  0]LogD3D11RHI: Found D3D11 adapter 0: Intel(R) HD Graphics Family (Feature Level 11_0)
[2016.01.27-14.58.23:299][  0]LogD3D11RHI: Adapter has 0MB of dedicated video memory, 0MB of dedicated system memory, and 1792MB of shared system memory, 1 output[s]
[2016.01.27-14.58.23:301][  0]LogD3D11RHI: Found D3D11 adapter 1: Microsoft Basic Render Driver (Feature Level 11_0)
[2016.01.27-14.58.23:301][  0]LogD3D11RHI: Adapter has 0MB of dedicated video memory, 0MB of dedicated system memory, and 256MB of shared system memory, 0 output[s]
[2016.01.27-14.58.23:301][  0]LogD3D11RHI: Chosen D3D11 Adapter Id = 0
[2016.01.27-14.58.23:305][  0]LogD3D11RHI: !Direct3DDevice
[2016.01.27-14.58.23:305][  0]LogRHI: Texture pool is 627 MB (70% of 896 MB)
[2016.01.27-14.58.23:312][  0]LogD3D11RHI: Async texture creation enabled
[2016.01.27-14.58.23:319][  0]LogShaderCompilers: Guid format shader working directory is 15 characters bigger than the processId version (../../../../../../Users/Martin/Desktop/Uni/GE_Project/Intermediate/Shaders/WorkingDirectory/1432/).
[2016.01.27-14.58.23:319][  0]LogShaderCompilers: Cleaned the shader compiler working directory '../../../../../../Users/Martin/Desktop/Uni/GE_Project/Intermediate/Shaders/tmp/F948548B4515E3F6D52582A72AF97C56/'.
[2016.01.27-14.58.23:319][  0]LogShaderCompilers:Display: Using Local Shader Compiler.
[2016.01.27-14.58.25:219][  0]LogTemp:Display: Loaded TP AllDesktopTargetPlatform
[2016.01.27-14.58.25:229][  0]LogTemp:Display: Loaded TP WindowsClientTargetPlatform
[2016.01.27-14.58.25:238][  0]LogTemp:Display: Loaded TP WindowsNoEditorTargetPlatform
[2016.01.27-14.58.25:247][  0]LogTemp:Display: Loaded TP WindowsServerTargetPlatform
[2016.01.27-14.58.25:257][  0]LogTemp:Display: Loaded TP WindowsTargetPlatform
[2016.01.27-14.58.25:268][  0]LogTemp:Display: Loaded TP AndroidTargetPlatform
[2016.01.27-14.58.25:275][  0]LogTemp:Display: Loaded TP Android_ASTCTargetPlatform
[2016.01.27-14.58.25:282][  0]LogTemp:Display: Loaded TP Android_ATCTargetPlatform
[2016.01.27-14.58.25:290][  0]LogTemp:Display: Loaded TP Android_DXTTargetPlatform
[2016.01.27-14.58.25:298][  0]LogTemp:Display: Loaded TP Android_ETC1TargetPlatform
[2016.01.27-14.58.25:305][  0]LogTemp:Display: Loaded TP Android_ETC2TargetPlatform
[2016.01.27-14.58.25:312][  0]LogTemp:Display: Loaded TP Android_PVRTCTargetPlatform
[2016.01.27-14.58.25:316][  0]LogTemp:Display: Loaded TP HTML5TargetPlatform
[2016.01.27-14.58.25:348][  0]LogTemp:Display: Loaded TP IOSTargetPlatform
[2016.01.27-14.58.25:356][  0]LogTemp:Display: Loaded TP LinuxNoEditorTargetPlatform
[2016.01.27-14.58.25:362][  0]LogTemp:Display: Loaded TP LinuxServerTargetPlatform
[2016.01.27-14.58.25:372][  0]LogTemp:Display: Loaded TP LinuxTargetPlatform
[2016.01.27-14.58.25:372][  0]LogTargetPlatformManager:Display: Building Assets For Windows
[2016.01.27-14.58.25:603][  0]LogDerivedDataCache:Display: Max Cache Size: 512 MB
[2016.01.27-14.58.25:789][  0]LogDerivedDataCache: Loaded boot cache 0.18s 41MB C:/Users/Martin/AppData/Local/UnrealEngine/4.9/DerivedDataCache/Boot.ddc.
[2016.01.27-14.58.25:789][  0]LogDerivedDataCache:Display: Loaded Boot cache: C:/Users/Martin/AppData/Local/UnrealEngine/4.9/DerivedDataCache/Boot.ddc
[2016.01.27-14.58.25:790][  0]LogDerivedDataCache: FDerivedDataBackendGraph:  Pak pak cache file ../../../../../../Users/Martin/Desktop/Uni/GE_Project/DerivedDataCache/DDC.ddp not found, will not use a pak cache.
[2016.01.27-14.58.25:790][  0]LogDerivedDataCache: Unable to find inner node Pak for hierarchical cache Hierarchy.
[2016.01.27-14.58.25:790][  0]LogDerivedDataCache: FDerivedDataBackendGraph:  CompressedPak pak cache file ../../../../../../Users/Martin/Desktop/Uni/GE_Project/DerivedDataCache/Compressed.ddp not found, will not use a pak cache.
[2016.01.27-14.58.25:790][  0]LogDerivedDataCache: Unable to find inner node CompressedPak for hierarchical cache Hierarchy.
[2016.01.27-14.58.25:980][  0]LogDerivedDataCache:Display: Pak cache opened for reading ../../../Engine/DerivedDataCache/Compressed.ddp.
[2016.01.27-14.58.25:994][  0]LogDerivedDataCache: Using Local data cache path C:/Users/Martin/AppData/Local/UnrealEngine/Common/DerivedDataCache: Writable
[2016.01.27-14.58.27:300][  0]LogInit: Selected Device Profile: [Windows]
[2016.01.27-14.58.27:315][  0]LogContentStreaming: Texture pool size is 0.000000MB
[2016.01.27-14.58.27:609][  0]LogMeshUtilities: No automatic mesh reduction module available
[2016.01.27-14.58.27:609][  0]LogMeshUtilities: No automatic mesh merging module available
[2016.01.27-14.58.28:319][  0]LogInit: WinSock: version 1.1 (2.2), MaxSocks=32767, MaxUdp=65467
[2016.01.27-14.58.33:826][  0]UdpMessaging: Initializing bridge on interface 0.0.0.0:0 to multicast group 230.0.0.1:6666.
[2016.01.27-14.58.34:128][  0]LogAssetRegistry: FAssetRegistry took 0.0137 seconds to start up
[2016.01.27-14.58.34:548][  0]SourceControl: Info Source control is disabled
[2016.01.27-14.58.34:564][  0]SourceControl: Info Source control is disabled
[2016.01.27-14.58.34:596][  0]SourceControl: Info Source control is disabled
[2016.01.27-14.58.34:627][  0]SourceControl: Info Source control is disabled
[2016.01.27-14.58.35:114][  0]LogLinker:Warning: Asset '../../../Engine/Plugins/Runtime/LeapMotionController/Content/LM_PassthroughMaterial.uasset' has been saved with empty engine version. The asset will be loaded but may be incompatible.
[2016.01.27-14.58.35:349][  0]LeapPluginLog: Using LeapPlugin version 0.9.6
[2016.01.27-14.58.35:356][  0]LogObj: 29066 objects as part of root set at end of initial load.
[2016.01.27-14.58.35:356][  0]LogUObjectAllocator: 6193320 out of 0 bytes used by permanent object pool.
[2016.01.27-14.58.35:496][  0]LogEngine: Initializing Engine...
[2016.01.27-14.58.35:511][  0]LogHMD: Can't find Oculus library dev build: is proper Runtime installed? Version: 0.7.0.0
[2016.01.27-14.58.35:525][  0]LogHMD: SteamVR failed to initialize.  Err: 110
[2016.01.27-14.58.35:769][  0]LogAIModule: Creating AISystem for world NewWorld
[2016.01.27-14.58.35:793][  0]LogInit: XAudio2 using 'Lautsprecher/Kopfhörer (Realtek High Definition Audio)' : 2 channels at 44.1 kHz using 16 bits per sample (channel mask 0x3)
[2016.01.27-14.58.35:821][  0]LogInit: FAudioDevice initialized.
[2016.01.27-14.58.35:856][  0]LogDerivedDataCache: Saved boot cache 0.03s 41MB C:/Users/Martin/AppData/Local/UnrealEngine/4.9/DerivedDataCache/Boot.ddc.
[2016.01.27-14.58.35:860][  0]LogInit: Texture streaming: Enabled
[2016.01.27-14.58.35:870][  0]LogAnalytics: Creating configured Analytics provider AnalyticsET
[2016.01.27-14.58.35:870][  0]LogAnalytics: [UEEditor.Rocket.Release] APIServer = http://et2.epicgames.com/ET2/. AppVersion = 4.9.2-2707645+++depot+UE4-Releases+4.9
[2016.01.27-14.58.35:871][  0]LogAnalytics: [UEEditor.Rocket.Release] SetUserId 367b6b074558a321ab68ca91f2a3f4db|81f01d6b67df48cfa9231b1643757103|3d0c64b6-e6bd-4413-84d0-216f80d00fa1
[2016.01.27-14.58.35:871][  0]LogAnalytics: [UEEditor.Rocket.Release] AnalyticsET::StartSession
[2016.01.27-14.58.35:889][  0]LogWindowsTextInputMethodSystem:Display: IME system now deactivated.
[2016.01.27-14.58.35:889][  0]LogWindowsTextInputMethodSystem:Display: IME system now deactivated.
[2016.01.27-14.58.35:936][  0]LogInit: Transaction tracking system initialized
[2016.01.27-14.58.36:023][  0]BlueprintLog: New page: Editor Load
[2016.01.27-14.58.36:503][  0]LocalizationService: Info Localization service is disabled
[2016.01.27-14.58.36:907][  0]LogConsoleResponse:Display: 
[2016.01.27-14.58.37:160][  0]LogCook:Display: Done creating registry. It took  0.00s.
[2016.01.27-14.58.37:362][  0]LogFileCache: Scanning file cache for directory 'C:/Users/Martin/Desktop/Uni/GE_Project/Content/' took 0.02s
[2016.01.27-14.58.37:362][  0]SourceControl: Info Source control is disabled
[2016.01.27-14.58.37:365][  0]Cmd: MAP LOAD FILE="../../../../../../Users/Martin/Desktop/Uni/GE_Project/Content/StarterContent/Maps/Minimal_Default.umap" TEMPLATE=0 SHOWPROGRESS=1 FEATURELEVEL=3
[2016.01.27-14.58.37:367][  0]LightingResults: New page: Lighting Build
[2016.01.27-14.58.37:379][  0]MapCheck: New page: Map Check
[2016.01.27-14.58.37:379][  0]LightingResults: New page: Lighting Build
[2016.01.27-14.58.37:416][  0]LogParticles: Destroying 0 GPU particle simulations for FXSystem 0x000000090CF33420
[2016.01.27-14.58.38:168][  0]LogAIModule: Creating AISystem for world Minimal_Default
[2016.01.27-14.58.38:199][  0]LogEditorServer: Finished looking for orphan Actors (0.000 secs)
[2016.01.27-14.58.38:202][  0]Cmd: MAP CHECKDEP NOCLEARLOG
[2016.01.27-14.58.38:364][  0]MapCheck: Info Map check complete: 0 Error(s), 0 Warning(s), took 161.739ms to complete.
[2016.01.27-14.58.38:364][  0]LogFileHelpers: Loading map 'Minimal_Default' took 1.000
[2016.01.27-14.58.38:565][  0]LogCollectionManager: Loaded 0 collections in 0.004497 seconds
[2016.01.27-14.58.38:623][  0]LogFileCache: Scanning file cache for directory 'C:/Users/Martin/Desktop/Uni/GE_Project/Saved/Collections/' took 0.01s
[2016.01.27-14.58.38:623][  0]LogFileCache: Scanning file cache for directory 'C:/Users/Martin/Desktop/Uni/GE_Project/Content/Developers/Martin/Collections/' took 0.01s
[2016.01.27-14.58.38:623][  0]LogFileCache: Scanning file cache for directory 'C:/Users/Martin/Desktop/Uni/GE_Project/Content/Collections/' took 0.01s
[2016.01.27-14.58.38:623][  0]LogContentBrowser: Native class hierarchy populated in 0.0148 seconds. Added 1901 classes and 339 folders.
[2016.01.27-14.58.38:638][  0]LogCollectionManager: Rebuilt the GUID cache for 0 collections in 0.000003 seconds
[2016.01.27-14.58.38:658][  0]LogContentBrowser: Native class hierarchy updated for 'WidgetCarousel' in 0.0024 seconds. Added 0 classes and 0 folders.
[2016.01.27-14.58.38:921][  0]LogContentBrowser: Native class hierarchy updated for 'AddContentDialog' in 0.0025 seconds. Added 0 classes and 0 folders.
[2016.01.27-14.58.38:934][  0]LogContentBrowser: Native class hierarchy updated for 'SceneOutliner' in 0.0025 seconds. Added 1 classes and 2 folders.
[2016.01.27-14.58.39:102][  0]LogCrashTracker: Crashtracker disabled due to settings.
[2016.01.27-14.58.39:150][  0]LogUObjectGlobals:Warning: Failed to find object 'Class None.'
[2016.01.27-14.58.39:183][  0]LogLoad: Full Startup: 18.70 seconds (BP compile: 0.11 seconds)
[2016.01.27-14.58.39:314][  0]LogContentStreaming: Texture pool size now 200 MB
[2016.01.27-14.58.39:522][  0]LogRenderer: Reallocating scene render targets to support 1212x568 (Frame:2).
[2016.01.27-14.58.41:604][  5]LogAssetRegistry: Asset discovery search completed in 7.4887 seconds
[2016.01.27-14.58.41:605][  5]LogCollectionManager: Rebuilt the object cache for 0 collections in 0.000002 seconds (found 0 objects)
[2016.01.27-14.58.41:605][  5]LogCollectionManager: Fixed up redirectors for 0 collections in 0.000080 seconds (updated 0 objects)
[2016.01.27-14.58.56:928][297]LogBlueprint:Warning: [compiler Ue4ASP_Character] Warning Input Axis Event references unknown Axis 'LookUp' for  InputAxis LookUp 
[2016.01.27-14.58.56:928][297]LogBlueprint:Warning: [compiler Ue4ASP_Character] Warning Input Axis Event references unknown Axis 'Turn' for  InputAxis Turn 
[2016.01.27-14.58.56:928][297]LogBlueprint:Warning: [compiler Ue4ASP_Character] Warning Input Axis Event references unknown Axis 'MoveRight' for  InputAxis MoveRight 
[2016.01.27-14.58.56:929][297]LogBlueprint:Warning: [compiler Ue4ASP_Character] Warning Input Axis Event references unknown Axis 'MoveForward' for  InputAxis MoveForward 
[2016.01.27-14.58.56:934][297]LogBlueprint:Warning: [compiler Ue4ASP_Character] Warning [0036.45] Compile of Ue4ASP_Character successful, but with 4 Warning(s) [in 15 ms]
[2016.01.27-14.58.56:934][297]LogBlueprint:Warning: [compiler Ue4ASP_Character] Warning [0036.45] Compile of Ue4ASP_Character successful, but with 5 Warning(s) [in 0 ms]
[2016.01.27-14.58.56:934][297]LogBlueprint:Warning: [compiler Ue4ASP_Character] Warning [0036.45] Compile of Ue4ASP_Character successful, but with 6 Warning(s) [in 0 ms]
[2016.01.27-14.58.57:064][297]LogBlueprint:Warning: [compiler Ue4ASP_Character] Warning Input Axis Event references unknown Axis 'LookUp' for  InputAxis LookUp 
[2016.01.27-14.58.57:064][297]LogBlueprint:Warning: [compiler Ue4ASP_Character] Warning Input Axis Event references unknown Axis 'Turn' for  InputAxis Turn 
[2016.01.27-14.58.57:065][297]LogBlueprint:Warning: [compiler Ue4ASP_Character] Warning Input Axis Event references unknown Axis 'MoveRight' for  InputAxis MoveRight 
[2016.01.27-14.58.57:065][297]LogBlueprint:Warning: [compiler Ue4ASP_Character] Warning Input Axis Event references unknown Axis 'MoveForward' for  InputAxis MoveForward 
[2016.01.27-14.58.57:068][297]LogBlueprint:Warning: [compiler Ue4ASP_Character] Warning [0036.59] Compile of Ue4ASP_Character successful, but with 4 Warning(s) [in 12 ms]
[2016.01.27-14.58.57:068][297]LogBlueprint:Warning: [compiler Ue4ASP_Character] Warning [0036.59] Compile of Ue4ASP_Character successful, but with 5 Warning(s) [in 0 ms]
[2016.01.27-14.58.57:070][297]LogBlueprint:Warning: [compiler Ue4ASP_Character] Warning [0036.59] Compile of Ue4ASP_Character successful, but with 6 Warning(s) [in 1 ms]
[2016.01.27-14.59.05:870][781]LogActorComponent: UnregisterComponent: (/Engine/Transient.CharMoveComp) Not registered. Aborting.
[2016.01.27-14.59.05:872][781]LogActorComponent: UnregisterComponent: (/Engine/Transient.ProjectileComp) Not registered. Aborting.
[2016.01.27-14.59.05:934][781]Cmd: MAP LOAD FILE="../../../../../../Users/Martin/Desktop/Uni/GE_Project/Content/MyFirstLevel.umap" TEMPLATE=0 SHOWPROGRESS=1 FEATURELEVEL=3
[2016.01.27-14.59.05:967][781]LightingResults: New page: Lighting Build
[2016.01.27-14.59.05:993][781]LoadErrors: New page: Loading map: MyFirstLevel.umap
[2016.01.27-14.59.06:002][781]MapCheck: New page: Map Check
[2016.01.27-14.59.06:002][781]LightingResults: New page: Lighting Build
[2016.01.27-14.59.06:028][781]LogParticles: Destroying 0 GPU particle simulations for FXSystem 0x000000097C6FAA20
[2016.01.27-14.59.06:336][781]LogAIModule: Creating AISystem for world MyFirstLevel
[2016.01.27-14.59.06:487][781]LogEditorServer: Finished looking for orphan Actors (0.000 secs)
[2016.01.27-14.59.06:545][781]Cmd: MAP CHECKDEP NOCLEARLOG
[2016.01.27-14.59.06:668][781]MapCheck: Info Map check complete: 0 Error(s), 0 Warning(s), took 122.051ms to complete.
[2016.01.27-14.59.06:668][781]LogFileHelpers: Loading map 'MyFirstLevel' took 0.736
[2016.01.27-14.59.06:751][782]Cmd: UpdateLandscapeEditorData -warnings
[2016.01.27-14.59.24:109][598]LogEditorViewport: Clicking on Actor (context menu): BP_PickUpItem_C (BP_PickUpItem3)
[2016.01.27-14.59.25:046][645]LogEditorViewport: Clicking on Actor (LMB): BP_PickUpItem_C (BP_PickUpItem3)
[2016.01.27-14.59.25:877][691]Cmd: EDIT COPY
[2016.01.27-14.59.28:421][832]Cmd: EDIT PASTE
[2016.01.27-15.00.11:427][582]Cmd: DELETE
[2016.01.27-15.00.11:427][582]Cmd: ACTOR DELETE
[2016.01.27-15.00.11:429][582]LogEditorActor: Deleted Actor: BP_PickUpItem_C
[2016.01.27-15.00.11:430][582]LogActorComponent: UnregisterComponent: (/Engine/Transient.CharMoveComp) Not registered. Aborting.
[2016.01.27-15.00.11:431][582]LogActorComponent: UnregisterComponent: (/Engine/Transient.CharacterMovementComponent_0) Not registered. Aborting.
[2016.01.27-15.00.11:432][582]LogActorComponent: UnregisterComponent: (/Engine/Transient.ProjectileComp) Not registered. Aborting.
[2016.01.27-15.00.11:465][582]LogEditorActor: Deleted 1 Actors (0.038 secs)
[2016.01.27-15.00.18:042][851]LogEditorViewport: Clicking on Actor (LMB): BP_PickUpItem_C (BP_PickUpItem3)
[2016.01.27-15.00.19:208][918]Cmd: EDIT COPY
[2016.01.27-15.00.19:787][952]Cmd: EDIT PASTE
[2016.01.27-15.01.29:949][732]Cmd: OBJ SAVEPACKAGE PACKAGE="/Game/MyFirstLevel" FILE="../../../../../../Users/Martin/Desktop/Uni/GE_Project/Content/MyFirstLevel.umap" SILENT=true AUTOSAVING=false KEEPDIRTY=false
[2016.01.27-15.01.30:204][732]LogSavePackage: Save=191.743607ms
[2016.01.27-15.01.30:204][732]LogSavePackage: Moving '../../../../../../Users/Martin/Desktop/Uni/GE_Project/Saved/MyFirstLevelD3EC03904B359EB0AAA666A2B05EA1F0.tmp' to '../../../../../../Users/Martin/Desktop/Uni/GE_Project/Content/MyFirstLevel.umap'
[2016.01.27-15.01.30:212][732]LogSavePackage: Total save time: 227.483194ms
[2016.01.27-15.01.30:212][732]LogSavePackage:Warning: Finished SavePackage ../../../../../../Users/Martin/Desktop/Uni/GE_Project/Content/MyFirstLevel.umap
[2016.01.27-15.01.30:331][732]LogFileHelpers: Saving map 'MyFirstLevel' took 0.524
[2016.01.27-15.01.32:997][871]LogPlayLevel: PlayLevel: No blueprints needed recompiling
[2016.01.27-15.01.33:000][871]PIE: New page: PIE session: MyFirstLevel (Jan 27, 2016, 5:01:32 PM)
[2016.01.27-15.01.33:001][871]LogPlayLevel: Creating play world package: /Game/UEDPIE_0_MyFirstLevel
[2016.01.27-15.01.33:045][871]LogPlayLevel: PIE: StaticDuplicateObject took: (0.043945s)
[2016.01.27-15.01.33:047][871]LogAIModule: Creating AISystem for world MyFirstLevel
[2016.01.27-15.01.33:047][871]LogPlayLevel: PIE: World Init took: (0.002166s)
[2016.01.27-15.01.33:048][871]LogPlayLevel: PIE: Created PIE world by copying editor world from /Game/MyFirstLevel.MyFirstLevel to /Game/UEDPIE_0_MyFirstLevel.MyFirstLevel (0.046981s)
[2016.01.27-15.01.33:150][871]LogInit: XAudio2 using 'Lautsprecher/Kopfhörer (Realtek High Definition Audio)' : 2 channels at 44.1 kHz using 16 bits per sample (channel mask 0x3)
[2016.01.27-15.01.33:161][871]LogInit: FAudioDevice initialized.
[2016.01.27-15.01.33:238][871]LogWorld: Game class is 'BP_TheBeginningGameMode_C'
[2016.01.27-15.01.33:297][871]LogWorld: Bringing World /Game/UEDPIE_0_MyFirstLevel.MyFirstLevel up for play (max tick rate 60) at 2016.01.27-16.01.33
[2016.01.27-15.01.33:297][871]LogActor:Warning: GameSession /Game/UEDPIE_0_MyFirstLevel.MyFirstLevel:PersistentLevel.GameSession_0 has natively added scene component(s), but none of them were set as the actor's RootComponent - picking one arbitrarily
[2016.01.27-15.01.33:297][871]LogActor:Warning: GameNetworkManager /Game/UEDPIE_0_MyFirstLevel.MyFirstLevel:PersistentLevel.GameNetworkManager_0 has natively added scene component(s), but none of them were set as the actor's RootComponent - picking one arbitrarily
[2016.01.27-15.01.33:323][871]LogWorld: Bringing up level for play took: 0.070329
[2016.01.27-15.01.33:354][871]PIE: Info Play in editor start time for /Game/UEDPIE_0_MyFirstLevel 0.976
[2016.01.27-15.01.47:364][372]LogParticles: Destroying 0 GPU particle simulations for FXSystem 0x0000000914CBFA60
[2016.01.27-15.02.07:087][124]LogPlayLevel: PlayLevel: No blueprints needed recompiling
[2016.01.27-15.02.07:088][124]PIE: New page: PIE session: MyFirstLevel (Jan 27, 2016, 5:02:07 PM)
[2016.01.27-15.02.07:088][124]LogPlayLevel: Creating play world package: /Game/UEDPIE_0_MyFirstLevel
[2016.01.27-15.02.07:109][124]LogPlayLevel: PIE: StaticDuplicateObject took: (0.020882s)
[2016.01.27-15.02.07:110][124]LogAIModule: Creating AISystem for world MyFirstLevel
[2016.01.27-15.02.07:110][124]LogPlayLevel: PIE: World Init took: (0.001457s)
[2016.01.27-15.02.07:110][124]LogPlayLevel: PIE: Created PIE world by copying editor world from /Game/MyFirstLevel.MyFirstLevel to /Game/UEDPIE_0_MyFirstLevel.MyFirstLevel (0.022769s)
[2016.01.27-15.02.07:158][124]LogInit: XAudio2 using 'Lautsprecher/Kopfhörer (Realtek High Definition Audio)' : 2 channels at 44.1 kHz using 16 bits per sample (channel mask 0x3)
[2016.01.27-15.02.07:163][124]LogInit: FAudioDevice initialized.
[2016.01.27-15.02.07:204][124]LogWorld: Game class is 'BP_TheBeginningGameMode_C'
[2016.01.27-15.02.07:247][124]LogWorld: Bringing World /Game/UEDPIE_0_MyFirstLevel.MyFirstLevel up for play (max tick rate 60) at 2016.01.27-16.02.07
[2016.01.27-15.02.07:248][124]LogActor:Warning: GameSession /Game/UEDPIE_0_MyFirstLevel.MyFirstLevel:PersistentLevel.GameSession_1 has natively added scene component(s), but none of them were set as the actor's RootComponent - picking one arbitrarily
[2016.01.27-15.02.07:248][124]LogActor:Warning: GameNetworkManager /Game/UEDPIE_0_MyFirstLevel.MyFirstLevel:PersistentLevel.GameNetworkManager_1 has natively added scene component(s), but none of them were set as the actor's RootComponent - picking one arbitrarily
[2016.01.27-15.02.07:249][124]LogWorld: Bringing up level for play took: 0.045014
[2016.01.27-15.02.07:255][124]PIE: Info Play in editor start time for /Game/UEDPIE_0_MyFirstLevel 0.878
[2016.01.27-15.02.45:683][554]LogParticles: Destroying 0 GPU particle simulations for FXSystem 0x0000000923B61940
[2016.01.27-15.02.49:359][733]Cmd: OBJ SAVEPACKAGE PACKAGE="/Game/MyFirstLevel" FILE="../../../../../../Users/Martin/Desktop/Uni/GE_Project/Content/MyFirstLevel.umap" SILENT=true AUTOSAVING=false KEEPDIRTY=false
[2016.01.27-15