[2016.03.17-10.03.11:530][  0]Log file open, 03/17/16 11:03:11
[2016.03.17-10.03.11:530][  0]LogInit:Display: Running engine for game: TheBeginning
[2016.03.17-10.03.11:530][  0]LogInit:Display: RandInit(742953869) SRandInit(742953870).
[2016.03.17-10.03.11:530][  0]LogTaskGraph: Started task graph with 4 named threads and 7 total threads.
[2016.03.17-10.03.11:530][  0]LogStats: Stats thread started at 0.065538
[2016.03.17-10.03.11:530][  0]LogInit: Version: 4.9.2-2707645+++depot+UE4-Releases+4.9
[2016.03.17-10.03.11:530][  0]LogInit: API Version: 2672455
[2016.03.17-10.03.11:530][  0]LogInit: Compiled (64-bit): Sep 28 2015 10:25:44
[2016.03.17-10.03.11:530][  0]LogInit: Compiled with Visual C++: 18.00.21005.01
[2016.03.17-10.03.11:530][  0]LogInit: Build Configuration: Development
[2016.03.17-10.03.11:530][  0]LogInit: Branch Name: ++depot+UE4-Releases+4.9
[2016.03.17-10.03.11:530][  0]LogInit: Command line:  
[2016.03.17-10.03.11:530][  0]LogInit: Base directory: D:/Programme/Epic Games/4.9/Engine/Binaries/Win64/
[2016.03.17-10.03.11:530][  0]LogInit: Rocket: 1
[2016.03.17-10.03.11:535][  0]LogInit: Using libcurl 7.41.0
[2016.03.17-10.03.11:535][  0]LogInit:  - built for x86_64-pc-win32
[2016.03.17-10.03.11:535][  0]LogInit:  - supports SSL with WinSSL
[2016.03.17-10.03.11:535][  0]LogInit:  - other features:
[2016.03.17-10.03.11:535][  0]LogInit:      CURL_VERSION_SSL
[2016.03.17-10.03.11:535][  0]LogInit:      CURL_VERSION_IPV6
[2016.03.17-10.03.11:535][  0]LogInit:      CURL_VERSION_ASYNCHDNS
[2016.03.17-10.03.11:535][  0]LogInit:      CURL_VERSION_LARGEFILE
[2016.03.17-10.03.11:535][  0]LogInit:      CURL_VERSION_IDN
[2016.03.17-10.03.11:535][  0]LogInit:  CurlRequestOptions (configurable via config and command line):
[2016.03.17-10.03.11:535][  0]LogInit:  - bVerifyPeer = true  - Libcurl will verify peer certificate
[2016.03.17-10.03.11:535][  0]LogInit:  - bUseHttpProxy = false  - Libcurl will NOT use HTTP proxy
[2016.03.17-10.03.11:535][  0]LogInit:  - bDontReuseConnections = false  - Libcurl will reuse connections
[2016.03.17-10.03.11:535][  0]LogInit:  - CertBundlePath = nullptr  - Libcurl will use whatever was configured at build time.
[2016.03.17-10.03.11:540][  0]LogInit: Presizing for 0 objects not considered by GC, pre-allocating 0 bytes.
[2016.03.17-10.03.11:545][  0]LogInit: Object subsystem initialized
[2016.03.17-10.03.11:546][  0]LogInit: Selected Device Profile: [Windows]
[2016.03.17-10.03.11:546][  0]LogInit: Applying CVar settings loaded from the selected device profile: [Windows]
[2016.03.17-10.03.11:554][  0]LogInit: Computer: PC1021500895
[2016.03.17-10.03.11:554][  0]LogInit: User: VR
[2016.03.17-10.03.11:554][  0]LogInit: CPU Page size=4096, Cores=4
[2016.03.17-10.03.11:554][  0]LogInit: High frequency timer resolution =3.507505 MHz
[2016.03.17-10.03.11:554][  0]LogMemory: Memory total: Physical=15.9GB (16GB approx)
[2016.03.17-10.03.11:554][  0]LogMemory: Platform Memory Stats for Windows
[2016.03.17-10.03.11:554][  0]LogMemory: Process Physical Memory: 53.16 MB used, 53.16 MB peak
[2016.03.17-10.03.11:554][  0]LogMemory: Process Virtual Memory: 55.14 MB used, 55.14 MB peak
[2016.03.17-10.03.11:554][  0]LogMemory: Physical Memory: 3196.63 MB used, 16261.17 MB total
[2016.03.17-10.03.11:554][  0]LogMemory: Virtual Memory: 346.75 MB used, 134217728.00 MB total
[2016.03.17-10.03.11:579][  0]LogTextLocalizationManager: No translations for ('de-DE') exist, falling back to 'en' for localization and internationalization data.
[2016.03.17-10.03.12:218][  0]LogD3D11RHI: Found D3D11 adapter 0: NVIDIA GeForce GTX 970 (Feature Level 11_0)
[2016.03.17-10.03.12:218][  0]LogD3D11RHI: Adapter has 3976MB of dedicated video memory, 0MB of dedicated system memory, and 8130MB of shared system memory, 1 output[s]
[2016.03.17-10.03.12:219][  0]LogD3D11RHI: Found D3D11 adapter 1: Microsoft Basic Render Driver (Feature Level 11_0)
[2016.03.17-10.03.12:219][  0]LogD3D11RHI: Adapter has 0MB of dedicated video memory, 0MB of dedicated system memory, and 256MB of shared system memory, 0 output[s]
[2016.03.17-10.03.12:219][  0]LogD3D11RHI: Chosen D3D11 Adapter Id = 0
[2016.03.17-10.03.12:223][  0]LogD3D11RHI: !Direct3DDevice
[2016.03.17-10.03.12:223][  0]LogRHI: Texture pool is 1361 MB (70% of 1945 MB)
[2016.03.17-10.03.12:230][  0]LogD3D11RHI: Async texture creation enabled
[2016.03.17-10.03.12:246][  0]LogShaderCompilers: Guid format shader working directory is 15 characters bigger than the processId version (../../../../../../UnrealProjects/GE_Project/Intermediate/Shaders/WorkingDirectory/6676/).
[2016.03.17-10.03.12:246][  0]LogShaderCompilers: Cleaned the shader compiler working directory '../../../../../../UnrealProjects/GE_Project/Intermediate/Shaders/tmp/F0BDC34C46D0DDF25730849E58CF2EEE/'.
[2016.03.17-10.03.12:246][  0]LogShaderCompilers:Display: Using Local Shader Compiler.
[2016.03.17-10.03.13:028][  0]LogTemp:Display: Loaded TP AllDesktopTargetPlatform
[2016.03.17-10.03.13:031][  0]LogTemp:Display: Loaded TP WindowsClientTargetPlatform
[2016.03.17-10.03.13:035][  0]LogTemp:Display: Loaded TP WindowsNoEditorTargetPlatform
[2016.03.17-10.03.13:038][  0]LogTemp:Display: Loaded TP WindowsServerTargetPlatform
[2016.03.17-10.03.13:041][  0]LogTemp:Display: Loaded TP WindowsTargetPlatform
[2016.03.17-10.03.13:044][  0]LogTemp:Display: Loaded TP AndroidTargetPlatform
[2016.03.17-10.03.13:046][  0]LogTemp:Display: Loaded TP Android_ASTCTargetPlatform
[2016.03.17-10.03.13:049][  0]LogTemp:Display: Loaded TP Android_ATCTargetPlatform
[2016.03.17-10.03.13:051][  0]LogTemp:Display: Loaded TP Android_DXTTargetPlatform
[2016.03.17-10.03.13:053][  0]LogTemp:Display: Loaded TP Android_ETC1TargetPlatform
[2016.03.17-10.03.13:056][  0]LogTemp:Display: Loaded TP Android_ETC2TargetPlatform
[2016.03.17-10.03.13:058][  0]LogTemp:Display: Loaded TP Android_PVRTCTargetPlatform
[2016.03.17-10.03.13:059][  0]LogTemp:Display: Loaded TP HTML5TargetPlatform
[2016.03.17-10.03.13:074][  0]LogTemp:Display: Loaded TP IOSTargetPlatform
[2016.03.17-10.03.13:076][  0]LogTemp:Display: Loaded TP LinuxNoEditorTargetPlatform
[2016.03.17-10.03.13:078][  0]LogTemp:Display: Loaded TP LinuxServerTargetPlatform
[2016.03.17-10.03.13:081][  0]LogTemp:Display: Loaded TP LinuxTargetPlatform
[2016.03.17-10.03.13:081][  0]LogTargetPlatformManager:Display: Building Assets For Windows
[2016.03.17-10.03.13:130][  0]LogDerivedDataCache:Display: Max Cache Size: 512 MB
[2016.03.17-10.03.13:165][  0]LogDerivedDataCache: Loaded boot cache 0.04s 41MB C:/Users/VR/AppData/Local/UnrealEngine/4.9/DerivedDataCache/Boot.ddc.
[2016.03.17-10.03.13:165][  0]LogDerivedDataCache:Display: Loaded Boot cache: C:/Users/VR/AppData/Local/UnrealEngine/4.9/DerivedDataCache/Boot.ddc
[2016.03.17-10.03.13:166][  0]LogDerivedDataCache: FDerivedDataBackendGraph:  Pak pak cache file ../../../../../../UnrealProjects/GE_Project/DerivedDataCache/DDC.ddp not found, will not use a pak cache.
[2016.03.17-10.03.13:166][  0]LogDerivedDataCache: Unable to find inner node Pak for hierarchical cache Hierarchy.
[2016.03.17-10.03.13:166][  0]LogDerivedDataCache: FDerivedDataBackendGraph:  CompressedPak pak cache file ../../../../../../UnrealProjects/GE_Project/DerivedDataCache/Compressed.ddp not found, will not use a pak cache.
[2016.03.17-10.03.13:166][  0]LogDerivedDataCache: Unable to find inner node CompressedPak for hierarchical cache Hierarchy.
[2016.03.17-10.03.13:280][  0]LogDerivedDataCache:Display: Pak cache opened for reading ../../../Engine/DerivedDataCache/Compressed.ddp.
[2016.03.17-10.03.13:292][  0]LogDerivedDataCache: Using Local data cache path C:/Users/VR/AppData/Local/UnrealEngine/Common/DerivedDataCache: Writable
[2016.03.17-10.03.13:450][  0]LogInit: Selected Device Profile: [Windows]
[2016.03.17-10.03.13:452][  0]LogContentStreaming: Texture pool size is 0.000000MB
[2016.03.17-10.03.13:541][  0]LogMeshUtilities: No automatic mesh reduction module available
[2016.03.17-10.03.13:541][  0]LogMeshUtilities: No automatic mesh merging module available
[2016.03.17-10.03.13:713][  0]LogInit: WinSock: version 1.1 (2.2), MaxSocks=32767, MaxUdp=65467
[2016.03.17-10.03.14:225][  0]UdpMessaging: Initializing bridge on interface 0.0.0.0:0 to multicast group 230.0.0.1:6666.
[2016.03.17-10.03.14:344][  0]LogAssetRegistry: FAssetRegistry took 0.0104 seconds to start up
[2016.03.17-10.03.14:454][  0]SourceControl: Info Source control is disabled
[2016.03.17-10.03.14:460][  0]SourceControl: Info Source control is disabled
[2016.03.17-10.03.14:469][  0]SourceControl: Info Source control is disabled
[2016.03.17-10.03.14:478][  0]SourceControl: Info Source control is disabled
[2016.03.17-10.03.14:562][  0]LogLinker:Warning: Asset '../../../Engine/Plugins/Runtime/LeapMotionController/Content/LM_PassthroughMaterial.uasset' has been saved with empty engine version. The asset will be loaded but may be incompatible.
[2016.03.17-10.03.14:613][  0]LeapPluginLog: Using LeapPlugin version 0.9.6
[2016.03.17-10.03.14:619][  0]LogObj: 29249 objects as part of root set at end of initial load.
[2016.03.17-10.03.14:619][  0]LogUObjectAllocator: 6234272 out of 0 bytes used by permanent object pool.
[2016.03.17-10.03.14:667][  0]LogEngine: Initializing Engine...
[2016.03.17-10.03.14:669][  0]LogHMD: Can't find Oculus library dev build: is proper Runtime installed? Version: 0.7.0.0
[2016.03.17-10.03.14:922][  0]LogHMD: SteamVR initialized.  Driver: oculus  Display: 207KGV03FJGR
[2016.03.17-10.03.15:023][  0]LogAIModule: Creating AISystem for world NewWorld
[2016.03.17-10.03.15:040][  0]LogInit: XAudio2 using 'Speakers (Realtek High Definition Audio)' : 2 channels at 48 kHz using 32 bits per sample (channel mask 0x3)
[2016.03.17-10.03.15:150][  0]LogInit: FAudioDevice initialized.
[2016.03.17-10.03.15:167][  0]LogDerivedDataCache: Saved boot cache 0.02s 41MB C:/Users/VR/AppData/Local/UnrealEngine/4.9/DerivedDataCache/Boot.ddc.
[2016.03.17-10.03.15:170][  0]LogInit: Texture streaming: Enabled
[2016.03.17-10.03.15:173][  0]LogAnalytics: Creating configured Analytics provider AnalyticsET
[2016.03.17-10.03.15:173][  0]LogAnalytics: [UEEditor.Rocket.Release] APIServer = http://et2.epicgames.com/ET2/. AppVersion = 4.9.2-2707645+++depot+UE4-Releases+4.9
[2016.03.17-10.03.15:173][  0]LogAnalytics: [UEEditor.Rocket.Release] SetUserId 8c1436b7469470d4e6ebefb46ce7086e|0318ce7eb266467aa7a1e63543527494|c39e7128-8a93-45bc-b94e-b28d0faf1958
[2016.03.17-10.03.15:173][  0]LogAnalytics: [UEEditor.Rocket.Release] AnalyticsET::StartSession
[2016.03.17-10.03.15:181][  0]LogWindowsTextInputMethodSystem:Display: IME system now deactivated.
[2016.03.17-10.03.15:190][  0]LogInit: Transaction tracking system initialized
[2016.03.17-10.03.15:207][  0]BlueprintLog: New page: Editor Load
[2016.03.17-10.03.15:256][  0]LocalizationService: Info Localization service is disabled
[2016.03.17-10.03.15:299][  0]LogLinker:Warning: Can't find file '/Game/FirstPersonBP/FirstPersonOverview'
[2016.03.17-10.03.15:299][  0]LogLinker:Warning: Can't find file '/Game/FirstPersonBP/FirstPersonOverview'
[2016.03.17-10.03.15:299][  0]LogUObjectGlobals:Warning: Failed to find object 'Class /Game/FirstPersonBP/FirstPersonOverview.FirstPersonOverview_C'
[2016.03.17-10.03.15:307][  0]LogConsoleResponse:Display: 
[2016.03.17-10.03.15:397][  0]LogCook:Display: Done creating registry. It took  0.00s.
[2016.03.17-10.03.15:430][  0]LogFileCache: Scanning file cache for directory 'D:/UnrealProjects/GE_Project/Content/' took 0.01s
[2016.03.17-10.03.15:430][  0]SourceControl: Info Source control is disabled
[2016.03.17-10.03.15:431][  0]Cmd: MAP LOAD FILE="../../../../../../UnrealProjects/GE_Project/Content/StarterContent/Maps/Minimal_Default.umap" TEMPLATE=0 SHOWPROGRESS=1 FEATURELEVEL=3
[2016.03.17-10.03.15:431][  0]LightingResults: New page: Lighting Build
[2016.03.17-10.03.15:433][  0]MapCheck: New page: Map Check
[2016.03.17-10.03.15:433][  0]LightingResults: New page: Lighting Build
[2016.03.17-10.03.15:443][  0]LogParticles: Destroying 0 GPU particle simulations for FXSystem 0x000000AC5C574400
[2016.03.17-10.03.15:772][  0]LogAIModule: Creating AISystem for world Minimal_Default
[2016.03.17-10.03.15:777][  0]LogEditorServer: Finished looking for orphan Actors (0.000 secs)
[2016.03.17-10.03.15:778][  0]Cmd: MAP CHECKDEP NOCLEARLOG
[2016.03.17-10.03.15:815][  0]MapCheck: Info Map check complete: 0 Error(s), 0 Warning(s), took 37.317ms to complete.
[2016.03.17-10.03.15:815][  0]LogFileHelpers: Loading map 'Minimal_Default' took 0.385
[2016.03.17-10.03.15:909][  0]LogCollectionManager: Loaded 0 collections in 0.000994 seconds
[2016.03.17-10.03.15:949][  0]LogFileCache: Scanning file cache for directory 'D:/UnrealProjects/GE_Project/Saved/Collections/' took 0.01s
[2016.03.17-10.03.15:949][  0]LogFileCache: Scanning file cache for directory 'D:/UnrealProjects/GE_Project/Content/Developers/VR/Collections/' took 0.01s
[2016.03.17-10.03.15:949][  0]LogFileCache: Scanning file cache for directory 'D:/UnrealProjects/GE_Project/Content/Collections/' took 0.01s
[2016.03.17-10.03.15:949][  0]LogContentBrowser: Native class hierarchy populated in 0.0063 seconds. Added 1918 classes and 347 folders.
[2016.03.17-10.03.15:953][  0]LogCollectionManager: Rebuilt the GUID cache for 0 collections in 0.000003 seconds
[2016.03.17-10.03.15:957][  0]LogContentBrowser: Native class hierarchy updated for 'WidgetCarousel' in 0.0009 seconds. Added 0 classes and 0 folders.
[2016.03.17-10.03.15:990][  0]LogContentBrowser: Native class hierarchy updated for 'AddContentDialog' in 0.0009 seconds. Added 0 classes and 0 folders.
[2016.03.17-10.03.15:993][  0]LogContentBrowser: Native class hierarchy updated for 'SceneOutliner' in 0.0009 seconds. Added 1 classes and 2 folders.
[2016.03.17-10.03.16:036][  0]LogCrashTracker: Crashtracker disabled due to settings.
[2016.03.17-10.03.16:040][  0]LogUObjectGlobals:Warning: Failed to find object 'Class None.'
[2016.03.17-10.03.16:062][  0]LogLoad: Full Startup: 5.13 seconds (BP compile: 0.04 seconds)
[2016.03.17-10.03.16:130][  0]LogContentStreaming: Texture pool size now 1000 MB
[2016.03.17-10.03.16:237][  0]LogRenderer: Reallocating scene render targets to support 1216x576 (Frame:2).
[2016.03.17-10.03.16:436][  3]LogAssetRegistry: Asset discovery search completed in 2.1018 seconds
[2016.03.17-10.03.16:436][  3]LogCollectionManager: Rebuilt the object cache for 0 collections in 0.000000 seconds (found 0 objects)
[2016.03.17-10.03.16:436][  3]LogCollectionManager: Fixed up redirectors for 0 collections in 0.000017 seconds (updated 0 objects)
[2016.03.17-10.03.21:599][444]LogFileCache: Retrieving MD5 hashes for directory 'D:/UnrealProjects/GE_Project/Content/' took 5.52s
[2016.03.17-10.03.28:846][106]LogBlueprint:Warning: [compiler Ue4ASP_Character] Warning Input Axis Event references unknown Axis 'LookUp' for  InputAxis LookUp 
[2016.03.17-10.03.28:846][106]LogBlueprint:Warning: [compiler Ue4ASP_Character] Warning Input Axis Event references unknown Axis 'Turn' for  InputAxis Turn 
[2016.03.17-10.03.28:846][106]LogBlueprint:Warning: [compiler Ue4ASP_Character] Warning Input Axis Event references unknown Axis 'MoveRight' for  InputAxis MoveRight 
[2016.03.17-10.03.28:846][106]LogBlueprint:Warning: [compiler Ue4ASP_Character] Warning Input Axis Event references unknown Axis 'MoveForward' for  InputAxis MoveForward 
[2016.03.17-10.03.28:849][106]LogBlueprint:Warning: [compiler Ue4ASP_Character] Warning [0017.92] Compile of Ue4ASP_Character successful, but with 4 Warning(s) [in 7 ms]
[2016.03.17-10.03.28:849][106]LogBlueprint:Warning: [compiler Ue4ASP_Character] Warning [0017.92] Compile of Ue4ASP_Character successful, but with 5 Warning(s) [in 0 ms]
[2016.03.17-10.03.28:849][106]LogBlueprint:Warning: [compiler Ue4ASP_Character] Warning [0017.92] Compile of Ue4ASP_Character successful, but with 6 Warning(s) [in 0 ms]
[2016.03.17-10.03.28:904][106]LogBlueprint:Warning: [compiler Ue4ASP_Character] Warning Input Axis Event references unknown Axis 'LookUp' for  InputAxis LookUp 
[2016.03.17-10.03.28:904][106]LogBlueprint:Warning: [compiler Ue4ASP_Character] Warning Input Axis Event references unknown Axis 'Turn' for  InputAxis Turn 
[2016.03.17-10.03.28:904][106]LogBlueprint:Warning: [compiler Ue4ASP_Character] Warning Input Axis Event references unknown Axis 'MoveRight' for  InputAxis MoveRight 
[2016.03.17-10.03.28:904][106]LogBlueprint:Warning: [compiler Ue4ASP_Character] Warning Input Axis Event references unknown Axis 'MoveForward' for  InputAxis MoveForward 
[2016.03.17-10.03.28:906][106]LogBlueprint:Warning: [compiler Ue4ASP_Character] Warning [0017.98] Compile of Ue4ASP_Character successful, but with 4 Warning(s) [in 5 ms]
[2016.03.17-10.03.28:907][106]LogBlueprint:Warning: [compiler Ue4ASP_Character] Warning [0017.98] Compile of Ue4ASP_Character successful, but with 5 Warning(s) [in 0 ms]
[2016.03.17-10.03.28:907][106]LogBlueprint:Warning: [compiler Ue4ASP_Character] Warning [0017.98] Compile of Ue4ASP_Character successful, but with 6 Warning(s) [in 0 ms]
[2016.03.17-10.03.28:949][106]LogBlueprint:Warning: [BP_Avatar] CreatePinForVariable: 'KinectInterface' variable not found. Base class was probably changed.
[2016.03.17-10.03.28:949][106]LogBlueprint:Warning: [BP_Avatar] CreatePinForVariable: 'KinectInterface' variable not found. Base class was probably changed.
[2016.03.17-10.03.28:949][106]LogBlueprint:Warning: [BP_Avatar] CreatePinForVariable: 'KinectInterface' variable not found. Base class was probably changed.
[2016.03.17-10.03.28:949][106]LogBlueprint:Warning: [BP_Avatar] CreatePinForVariable: 'KinectInterface' variable not found. Base class was probably changed.
[2016.03.17-10.03.28:949][106]LogBlueprint:Warning: [BP_Avatar] CreatePinForVariable: 'KinectInterface' variable not found. Base class was probably changed.
[2016.03.17-10.03.28:950][106]LogBlueprint:Warning: [BP_Avatar] CreatePinForVariable: 'KinectInterface' variable not found. Base class was probably changed.
[2016.03.17-10.03.28:950][106]LogBlueprint:Warning: [BP_Avatar] CreatePinForVariable: 'KinectInterface' variable not found. Base class was probably changed.
[2016.03.17-10.03.28:957][106]LogBlueprint:Error: [compiler BP_Avatar] Error Could not find a function named "GetHandStateAsExecution" in 'BP_Avatar'.
Make sure 'BP_Avatar' has been compiled for  Get Hand State as Execution 
[2016.03.17-10.03.28:957][106]LogBlueprint:Warning: [compiler BP_Avatar] Warning Could not find a variable named "KinectInterface" in 'BP_Avatar_C'.
Make sure 'BP_Avatar_C' has been compiled for  Get KinectInterface 
[2016.03.17-10.03.28:957][106]LogBlueprint:Warning: [compiler BP_Avatar] Warning Could not find a variable named "KinectInterface" in 'BP_Avatar_C'.
Make sure 'BP_Avatar_C' has been compiled for  Get KinectInterface 
[2016.03.17-10.03.28:957][106]LogBlueprint:Error: [compiler BP_Avatar] Error Could not find a function named "GetDistanceBetweenJoints" in 'BP_Avatar'.
Make sure 'BP_Avatar' has been compiled for  Get Distance Between Joints 
[2016.03.17-10.03.28:957][106]LogBlueprint:Warning: [compiler BP_Avatar] Warning Could not find a variable named "KinectInterface" in 'BP_Avatar_C'.
Make sure 'BP_Avatar_C' has been compiled for  Get KinectInterface 
[2016.03.17-10.03.28:957][106]LogBlueprint:Error: [compiler BP_Avatar] Error Could not find a function named "GetDistanceBetweenJoints" in 'BP_Avatar'.
Make sure 'BP_Avatar' has been compiled for  Get Distance Between Joints 
[2016.03.17-10.03.28:957][106]LogBlueprint:Warning: [compiler BP_Avatar] Warning Could not find a variable named "KinectInterface" in 'BP_Avatar_C'.
Make sure 'BP_Avatar_C' has been compiled for  Get KinectInterface 
[2016.03.17-10.03.28:957][106]LogBlueprint:Error: [compiler BP_Avatar] Error Could not find a function named "GetCenteredBody" in 'BP_Avatar'.
Make sure 'BP_Avatar' has been compiled for  Get Centered Body 
[2016.03.17-10.03.28:958][106]LogBlueprint:Warning: [compiler BP_Avatar] Warning Could not find a variable named "KinectInterface" in 'BP_Avatar_C'.
Make sure 'BP_Avatar_C' has been compiled for  Get KinectInterface 
[2016.03.17-10.03.28:958][106]LogBlueprint:Error: [compiler BP_Avatar] Error Could not find a function named "GetHandStateAsExecution" in 'BP_Avatar'.
Make sure 'BP_Avatar' has been compiled for  Get Hand State as Execution 
[2016.03.17-10.03.28:958][106]LogBlueprint:Warning: [compiler BP_Avatar] Warning Could not find a variable named "KinectInterface" in 'BP_Avatar_C'.
Make sure 'BP_Avatar_C' has been compiled for  Get KinectInterface 
[2016.03.17-10.03.28:958][106]LogBlueprint:Error: [compiler BP_Avatar] Error Could not find a function named "GetHandStateAsExecution" in 'BP_Avatar'.
Make sure 'BP_Avatar' has been compiled for  Get Hand State as Execution 
[2016.03.17-10.03.28:958][106]LogBlueprint:Warning: [compiler BP_Avatar] Warning Could not find a variable named "KinectInterface" in 'BP_Avatar_C'.
Make sure 'BP_Avatar_C' has been compiled for  Get KinectInterface 
[2016.03.17-10.03.28:958][106]LogBlueprint:Error: [compiler BP_Avatar] Error Could not find a function named "GetCenteredBody" in 'BP_Avatar'.
Make sure 'BP_Avatar' has been compiled for  Get Centered Body 
[2016.03.17-10.03.28:958][106]LogBlueprint:Error: [compiler BP_Avatar] Error The property associated with  Kinect Interface  could not be found
[2016.03.17-10.03.28:959][106]LogBlueprint:Error: [compiler BP_Avatar] Error The property associated with  Kinect Interface  could not be found
[2016.03.17-10.03.28:959][106]LogBlueprint:Error: [compiler BP_Avatar] Error The current value (AnkleRight) of the ' Start Joint ' pin is invalid: Expected a valid unsigned number for a byte property
[2016.03.17-10.03.28:959][106]LogBlueprint:Error: [compiler BP_Avatar] Error The current value (AnkleLeft) of the ' End Joint ' pin is invalid: Expected a valid unsigned number for a byte property
[2016.03.17-10.03.28:959][106]LogBlueprint:Error: [compiler BP_Avatar] Error The property associated with  Kinect Interface  could not be found
[2016.03.17-10.03.28:959][106]LogBlueprint:Error: [compiler BP_Avatar] Error The current value (Head) of the ' Start Joint ' pin is invalid: Expected a valid unsigned number for a byte property
[2016.03.17-10.03.28:959][106]LogBlueprint:Error: [compiler BP_Avatar] Error The current value (AnkleRight) of the ' End Joint ' pin is invalid: Expected a valid unsigned number for a byte property
[2016.03.17-10.03.28:960][106]LogBlueprint:Error: [compiler BP_Avatar] Error The property associated with  Kinect Interface  could not be found
[2016.03.17-10.03.28:960][106]LogBlueprint:Error: [compiler BP_Avatar] Error The current value (Right) of the ' Hand ' pin is invalid: Expected a valid unsigned number for a byte property
[2016.03.17-10.03.28:968][106]LogBlueprint:Warning: [compiler BP_Avatar] Warning [0018.04] Compile of BP_Avatar failed. 16 Fatal Issue(s) 7 Warning(s) [in 16 ms]
[2016.03.17-10.03.28:968][106]LogBlueprint:Warning: [compiler BP_Avatar] Warning [0018.04] Compile of BP_Avatar failed. 16 Fatal Issue(s) 8 Warning(s) [in 0 ms]
[2016.03.17-10.03.28:968][106]LogBlueprint:Warning: [compiler BP_Avatar] Warning [0018.04] Compile of BP_Avatar failed. 16 Fatal Issue(s) 9 Warning(s) [in 0 ms]
[2016.03.17-10.03.29:065][106]LogLinker:Warning: Asset '../../../Engine/Content/ArtTools/RenderToTexture/Macros/RenderToTextureMacros.uasset' has been saved with empty engine version. The asset will be loaded but may be incompatible.
[2016.03.17-10.03.29:493][106]LogContentBrowser: Native class hierarchy updated for 'BlueprintGraph' in 0.0012 seconds. Added 107 classes and 0 folders.
[2016.03.17-10.03.36:004][285]LogAIModule: Creating AISystem for world MyFirstLevel
[2016.03.17-10.03.36:015][285]LogParticles:Warning: InitializeSystem called on an unregistered component. Template=/Game/Snow.Snow Component=/Game/MyFirstLevel.MyFirstLevel:PersistentLevel.Snow_2.ParticleSystemComponent0
[2016.03.17-10.03.36:016][285]LogParticles:Warning: InitializeSystem called on an unregistered component. Template=/Game/StarterContent/Particles/P_Fire.P_Fire Component=/Game/MyFirstLevel.MyFirstLevel:PersistentLevel.P_Fire_2.ParticleSystemComponent0
[2016.03.17-10.03.36:023][285]LogActorComponent: UnregisterComponent: (/Engine/Transient.CharMoveComp) Not registered. Aborting.
[2016.03.17-10.03.36:072][285]Cmd: MAP LOAD FILE="../../../../../../UnrealProjects/GE_Project/Content/MyFirstLevel.umap" TEMPLATE=0 SHOWPROGRESS=1 FEATURELEVEL=3
[2016.03.17-10.03.36:072][285]LightingResults: New page: Lighting Build
[2016.03.17-10.03.36:087][285]LoadErrors: New page: Loading map: MyFirstLevel.umap
[2016.03.17-10.03.36:087][285]MapCheck: New page: Map Check
[2016.03.17-10.03.36:087][285]LightingResults: New page: Lighting Build
[2016.03.17-10.03.36:105][285]LogParticles: Destroying 0 GPU particle simulations for FXSystem 0x000000AC4A05B560
[2016.03.17-10.03.36:280][285]LogEditorServer: Finished looking for orphan Actors (0.000 secs)
[2016.03.17-10.03.36:327][285]Cmd: MAP CHECKDEP NOCLEARLOG
[2016.03.17-10.03.36:384][285]MapCheck: Info Map check complete: 0 Error(s), 0 Warning(s), took 56.964ms to complete.
[2016.03.17-10.03.36:384][285]LogFileHelpers: Loading map 'MyFirstLevel' took 0.313
[2016.03.17-10.03.36:405][286]Cmd: UpdateLandscapeEditorData -warnings
[2016.03.17-10.03.36:412][286]Cmd: UpdateLandscapeEditorData
[2016.03.17-10.03.42:934][ 37]LogContentBrowser: Native class hierarchy updated for 'Cascade' in 0.0009 seconds. Added 2 classes and 2 folders.
[2016.03.17-10.03.50:955][722]LogCascade: Quitting Cascade. FXSystem=0x000000AC2DFDE340
[2016.03.17-10.03.55:138][149]LogMaterial: Missing cached shader map for material Snow_M, compiling. 
[2016.03.17-10.03.55:273][149]LogMaterial: Missing cached shader map for material Snow_M, compiling. 
[2016.03.17-10.03.55:276][149]LogMaterial: 0.000082 seconds spent updating 1 materials, 1 interfaces, 0 instances, 0 with static permutations.
[2016.03.17-10.03.57:447][327]MaterialEditorStats: Info Base pass shader without light map: 19 instructions
[2016.03.17-10.03.57:447][327]MaterialEditorStats: Info Vertex shader: 70 instructions
[2016.03.17-10.03.57:447][327]MaterialEditorStats: Info Texture samplers: 3/16
[2016.03.17-10.04.25:251][415]LogMaterial: Missing cached shader map for material dynamicSnow, compiling. 
[2016.03.17-10.04.25:341][415]LogMaterial: Missing cached shader map for material dynamicSnow, compiling. 
[2016.03.17-10.04.25:348][415]LogMaterial: 0.000086 seconds spent updating 1 materials, 1 interfaces, 0 instances, 0 with static permutations.
[2016.03.17-10.04.25:377][415]LogMaterial: Missing cached shader map for material FMatExpressionPreview MaterialExpressionLinearInterpolate_1, compiling. 
[2016.03.17-10.04.25:380][415]LogMaterial: Missing cached shader map for material FMatExpressionPreview MaterialExpressionTextureSample_4, compiling. 
[2016.03.17-10.04.25:383][415]LogMaterial: Missing cached shader map for material FMatExpressionPreview MaterialExpressionTextureSample_2, compiling. 
[2016.03.17-10.04.25:387][415]LogMaterial: Missing cached shader map for material FMatExpressionPreview MaterialExpressionMultiply_0, compiling. 
[2016.03.17-10.04.25:390][415]LogMaterial: Missing cached shader map for material FMatExpressionPreview MaterialExpressionMultiply_1, compiling. 
[2016.03.17-10.04.25:394][415]LogMaterial: Missing cached shader map for material FMatExpressionPreview MaterialExpressionAdd_0, compiling. 
[2016.03.17-10.04.25:397][415]LogMaterial: Missing cached shader map for material FMatExpressionPreview MaterialExpressionTextureSample_3, compiling. 
[2016.03.17-10.04.25:400][415]LogMaterial: Missing cached shader map for material FMatExpressionPreview MaterialExpressionPower_0, compiling. 
[2016.03.17-10.04.26:895][554]MaterialEditorStats: Info Base pass shader with static lighting: 96 instructions
[2016.03.17-10.04.26:895][554]MaterialEditorStats: Info Base pass shader with only dynamic lighting: 64 instructions
[2016.03.17-10.04.26:895][554]MaterialEditorStats: Info Vertex shader: 34 instructions
[2016.03.17-10.04.26:895][554]MaterialEditorStats: Info Texture samplers: 4/16
[2016.03.17-10.04.32:609][733]LogEditorViewport: Clicking on Actor (context menu): Landscape (Landscape5)
[2016.03.17-10.04.49:720][733]LogEditorViewport: Clicking on Actor (LMB): Landscape (Landscape5)
[2016.03.17-10.04.51:764][972]LogVSAccessor:Warning: Couldn't access Visual Studio
[2016.03.17-10.04.51:776][972]Recompiling Kinect4Unreal...
[2016.03.17-10.04.51:776][972]Recompiling TheBeginning...
[2016.03.17-10.04.51:776][972]Launching UnrealBuildTool... [D:/Programme/Epic Games/4.9/Engine/Binaries/DotNET/UnrealBuildTool.exe TheBeginning -ModuleWithSuffix Kinect4Unreal 8220 -ModuleWithSuffix TheBeginning 8745 Win64 Development -editorrecompile -canskiplink "D:/UnrealProjects/GE_Project/TheBeginning.uproject" -rocket  -rocket]
[2016.03.17-10.04.51:777][972]Warning: Starting HotReload took  0.0s.
[2016.03.17-10.04.53:778][187]CompilerResultsLog: New page: Compilation - Mar 17, 2016, 12:04:53 PM
[2016.03.17-10.04.53:778][187]CompilerResultsLog: Info Creating makefile for hot reloading TheBeginning (.uproject file is newer)
[2016.03.17-10.04.53:778][187]CompilerResultsLog: Info Compiling game modules for hot reload
[2016.03.17-10.04.53:778][187]CompilerResultsLog: Info ERROR: Couldn't find module rules file for module 'Kinect4Unreal'.
[2016.03.17-10.04.53:778][187]LogMainFrame: MainFrame: Module compiling took 2.013 seconds
[2016.03.17-10.04.53:778][187]Warning: HotReload failed, recompile failed
[2016.03.17-10.05.12:698][146]Cmd: CLOSE_SLATE_MAINFRAME
[2016.03.17-10.05.12:698][146]LogActorComponent: UnregisterComponent: (/Engine/Transient.CharMoveComp) Not registered. Aborting.
[2016.03.17-10.05.12:698][146]LogActorComponent: UnregisterComponent: (/Engine/Transient.CharacterMovementComponent_0) Not registered. Aborting.
[2016.03.17-10.05.12:720][146]LogParticles: Destroying 0 GPU particle simulations for FXSystem 0x000000AC13CC5940
[2016.03.17-10.05.12:722][146]LogParticles: Destroying 0 GPU particle simulations for FXSystem 0x000000AC2DE6B740
[2016.03.17-10.05.12:723][146]LogParticles: Destroying 0 GPU particle simulations for FXSystem 0x000000AC2DFDE340
[2016.03.17-10.05.12:725][146]LogParticles: Destroying 0 GPU particle simulations for FXSystem 0x000000AC7E174CC0
[2016.03.17-10.05.12:727][146]LogParticles: Destroying 0 GPU particle simulations for FXSystem 0x000000AC14304E00
[2016.03.17-10.05.12:728][146]LogParticles: Destroying 0 GPU particle simulations for FXSystem 0x000000AC2DE68C20
[2016.03.17-10.05.12:729][146]LogParticles: Destroying 0 GPU particle simulations for FXSystem 0x000000AC3C8898A0
[2016.03.17-10.05.12:866][146]LogWindowsTextInputMethodSystem:Display: IME system now deactivated.
[2016.03.17-10.05.13:115][147]Cmd: QUIT_EDITOR
[2016.03.17-10.05.15:133][147]LogExit: Preparing to exit.
[2016.03.17-10.05.15:427][147]LogExit: Editor shut down
[2016.03.17-10.05.15:427][147]LogExit: Transaction tracking system shut down
[2016.03.17-10.05.15:428][147]LogParticles: Destroying 0 GPU particle simulations for FXSystem 0x000000AC1F7F5580
[2016.03.17-10.05.15:428][147]LogParticles: Destroying 0 GPU particle simulations for FXSystem 0x000000AC1F7F5620
[2016.03.17-10.05.15:428][147]LogParticles: Destroying 0 GPU particle simulations for FXSystem 0x000000AC70143880
[2016.03.17-10.05.15:431][147]LogParticles: Destroying 0 GPU particle simulations for FXSystem 0x000000AC144579C0
[2016.03.17-10.05.15:433][147]LogParticles: Destroying 0 GPU particle simulations for FXSystem 0x000000AC4A28C5E0
[2016.03.17-10.05.15:449][147]LeapPluginLog: LeapController::CleanupEventData Delete Called
[2016.03.17-10.05.15:619][147]LogExit: Object subsystem successfully closed.
[2016.03.17-10.05.15:636][147]LogD3D11RHI: Shutdown
[2016.03.17-10.05.15:636][147]LogD3D11RHI: CleanupD3DDevice
[2016.03.17-10.05.15:689][147]LogD3D11RHI: ~FD3D11DynamicRHI
[2016.03.17-10.05.15:924][147]LogCrashTracker: 


[2016.03.17-10.05.15:924][147]LogCrashTracker: 


[2016.03.17-10.05.15:924][147]LogWindows: === Critical error: ===
Fatal error!



