[2016.01.29-09.39.00:477][  0]Log file open, 01/29/16 10:39:00
[2016.01.29-09.39.00:477][  0]LogInit:Display: Running engine for game: TheBeginning
[2016.01.29-09.39.00:477][  0]LogInit:Display: RandInit(1144291008) SRandInit(1144291008).
[2016.01.29-09.39.00:477][  0]LogTaskGraph: Started task graph with 4 named threads and 7 total threads.
[2016.01.29-09.39.00:477][  0]LogStats: Stats thread started at 0.085616
[2016.01.29-09.39.00:477][  0]LogInit: Version: 4.9.2-2707645+++depot+UE4-Releases+4.9
[2016.01.29-09.39.00:477][  0]LogInit: API Version: 2672455
[2016.01.29-09.39.00:477][  0]LogInit: Compiled (64-bit): Sep 28 2015 10:25:44
[2016.01.29-09.39.00:477][  0]LogInit: Compiled with Visual C++: 18.00.21005.01
[2016.01.29-09.39.00:477][  0]LogInit: Build Configuration: Development
[2016.01.29-09.39.00:477][  0]LogInit: Branch Name: ++depot+UE4-Releases+4.9
[2016.01.29-09.39.00:477][  0]LogInit: Command line:  
[2016.01.29-09.39.00:477][  0]LogInit: Base directory: D:/Programme/Epic Games/4.9/Engine/Binaries/Win64/
[2016.01.29-09.39.00:477][  0]LogInit: Rocket: 1
[2016.01.29-09.39.00:482][  0]LogInit: Using libcurl 7.41.0
[2016.01.29-09.39.00:482][  0]LogInit:  - built for x86_64-pc-win32
[2016.01.29-09.39.00:482][  0]LogInit:  - supports SSL with WinSSL
[2016.01.29-09.39.00:482][  0]LogInit:  - other features:
[2016.01.29-09.39.00:482][  0]LogInit:      CURL_VERSION_SSL
[2016.01.29-09.39.00:482][  0]LogInit:      CURL_VERSION_IPV6
[2016.01.29-09.39.00:482][  0]LogInit:      CURL_VERSION_ASYNCHDNS
[2016.01.29-09.39.00:482][  0]LogInit:      CURL_VERSION_LARGEFILE
[2016.01.29-09.39.00:482][  0]LogInit:      CURL_VERSION_IDN
[2016.01.29-09.39.00:482][  0]LogInit:  CurlRequestOptions (configurable via config and command line):
[2016.01.29-09.39.00:482][  0]LogInit:  - bVerifyPeer = true  - Libcurl will verify peer certificate
[2016.01.29-09.39.00:482][  0]LogInit:  - bUseHttpProxy = false  - Libcurl will NOT use HTTP proxy
[2016.01.29-09.39.00:482][  0]LogInit:  - bDontReuseConnections = false  - Libcurl will reuse connections
[2016.01.29-09.39.00:482][  0]LogInit:  - CertBundlePath = nullptr  - Libcurl will use whatever was configured at build time.
[2016.01.29-09.39.00:486][  0]LogInit: Presizing for 0 objects not considered by GC, pre-allocating 0 bytes.
[2016.01.29-09.39.00:492][  0]LogInit: Object subsystem initialized
[2016.01.29-09.39.00:493][  0]LogInit: Selected Device Profile: [Windows]
[2016.01.29-09.39.00:493][  0]LogInit: Applying CVar settings loaded from the selected device profile: [Windows]
[2016.01.29-09.39.00:502][  0]LogInit: Computer: PC1021500895
[2016.01.29-09.39.00:502][  0]LogInit: User: VR
[2016.01.29-09.39.00:502][  0]LogInit: CPU Page size=4096, Cores=4
[2016.01.29-09.39.00:502][  0]LogInit: High frequency timer resolution =3.507505 MHz
[2016.01.29-09.39.00:502][  0]LogMemory: Memory total: Physical=15.9GB (16GB approx)
[2016.01.29-09.39.00:502][  0]LogMemory: Platform Memory Stats for Windows
[2016.01.29-09.39.00:502][  0]LogMemory: Process Physical Memory: 52.66 MB used, 52.66 MB peak
[2016.01.29-09.39.00:502][  0]LogMemory: Process Virtual Memory: 56.09 MB used, 56.09 MB peak
[2016.01.29-09.39.00:502][  0]LogMemory: Physical Memory: 4955.49 MB used, 16261.17 MB total
[2016.01.29-09.39.00:502][  0]LogMemory: Virtual Memory: 350.48 MB used, 134217728.00 MB total
[2016.01.29-09.39.00:544][  0]LogTextLocalizationManager: No translations for ('de-DE') exist, falling back to 'en' for localization and internationalization data.
[2016.01.29-09.39.01:082][  0]LogD3D11RHI: Found D3D11 adapter 0: NVIDIA GeForce GTX 970 (Feature Level 11_0)
[2016.01.29-09.39.01:082][  0]LogD3D11RHI: Adapter has 3976MB of dedicated video memory, 0MB of dedicated system memory, and 8130MB of shared system memory, 1 output[s]
[2016.01.29-09.39.01:083][  0]LogD3D11RHI: Found D3D11 adapter 1: Microsoft Basic Render Driver (Feature Level 11_0)
[2016.01.29-09.39.01:083][  0]LogD3D11RHI: Adapter has 0MB of dedicated video memory, 0MB of dedicated system memory, and 256MB of shared system memory, 0 output[s]
[2016.01.29-09.39.01:083][  0]LogD3D11RHI: Chosen D3D11 Adapter Id = 0
[2016.01.29-09.39.01:087][  0]LogD3D11RHI: !Direct3DDevice
[2016.01.29-09.39.01:087][  0]LogRHI: Texture pool is 1361 MB (70% of 1945 MB)
[2016.01.29-09.39.01:096][  0]LogD3D11RHI: Async texture creation enabled
[2016.01.29-09.39.01:111][  0]LogShaderCompilers: Guid format shader working directory is 15 characters bigger than the processId version (../../../../../../UnrealProjects/GE_Project/Intermediate/Shaders/WorkingDirectory/8028/).
[2016.01.29-09.39.01:111][  0]LogShaderCompilers: Cleaned the shader compiler working directory '../../../../../../UnrealProjects/GE_Project/Intermediate/Shaders/tmp/95CA0A804BB61E9E40AD29B34EA36FEA/'.
[2016.01.29-09.39.01:111][  0]LogShaderCompilers:Display: Using Local Shader Compiler.
[2016.01.29-09.39.01:896][  0]LogTemp:Display: Loaded TP AllDesktopTargetPlatform
[2016.01.29-09.39.01:899][  0]LogTemp:Display: Loaded TP WindowsClientTargetPlatform
[2016.01.29-09.39.01:903][  0]LogTemp:Display: Loaded TP WindowsNoEditorTargetPlatform
[2016.01.29-09.39.01:906][  0]LogTemp:Display: Loaded TP WindowsServerTargetPlatform
[2016.01.29-09.39.01:910][  0]LogTemp:Display: Loaded TP WindowsTargetPlatform
[2016.01.29-09.39.01:912][  0]LogTemp:Display: Loaded TP AndroidTargetPlatform
[2016.01.29-09.39.01:914][  0]LogTemp:Display: Loaded TP Android_ASTCTargetPlatform
[2016.01.29-09.39.01:917][  0]LogTemp:Display: Loaded TP Android_ATCTargetPlatform
[2016.01.29-09.39.01:919][  0]LogTemp:Display: Loaded TP Android_DXTTargetPlatform
[2016.01.29-09.39.01:921][  0]LogTemp:Display: Loaded TP Android_ETC1TargetPlatform
[2016.01.29-09.39.01:923][  0]LogTemp:Display: Loaded TP Android_ETC2TargetPlatform
[2016.01.29-09.39.01:926][  0]LogTemp:Display: Loaded TP Android_PVRTCTargetPlatform
[2016.01.29-09.39.01:926][  0]LogTemp:Display: Loaded TP HTML5TargetPlatform
[2016.01.29-09.39.01:941][  0]LogTemp:Display: Loaded TP IOSTargetPlatform
[2016.01.29-09.39.01:943][  0]LogTemp:Display: Loaded TP LinuxNoEditorTargetPlatform
[2016.01.29-09.39.01:946][  0]LogTemp:Display: Loaded TP LinuxServerTargetPlatform
[2016.01.29-09.39.01:949][  0]LogTemp:Display: Loaded TP LinuxTargetPlatform
[2016.01.29-09.39.01:949][  0]LogTargetPlatformManager:Display: Building Assets For Windows
[2016.01.29-09.39.01:998][  0]LogDerivedDataCache:Display: Max Cache Size: 512 MB
[2016.01.29-09.39.02:033][  0]LogDerivedDataCache: Loaded boot cache 0.04s 41MB C:/Users/VR/AppData/Local/UnrealEngine/4.9/DerivedDataCache/Boot.ddc.
[2016.01.29-09.39.02:033][  0]LogDerivedDataCache:Display: Loaded Boot cache: C:/Users/VR/AppData/Local/UnrealEngine/4.9/DerivedDataCache/Boot.ddc
[2016.01.29-09.39.02:033][  0]LogDerivedDataCache: FDerivedDataBackendGraph:  Pak pak cache file ../../../../../../UnrealProjects/GE_Project/DerivedDataCache/DDC.ddp not found, will not use a pak cache.
[2016.01.29-09.39.02:033][  0]LogDerivedDataCache: Unable to find inner node Pak for hierarchical cache Hierarchy.
[2016.01.29-09.39.02:033][  0]LogDerivedDataCache: FDerivedDataBackendGraph:  CompressedPak pak cache file ../../../../../../UnrealProjects/GE_Project/DerivedDataCache/Compressed.ddp not found, will not use a pak cache.
[2016.01.29-09.39.02:033][  0]LogDerivedDataCache: Unable to find inner node CompressedPak for hierarchical cache Hierarchy.
[2016.01.29-09.39.02:148][  0]LogDerivedDataCache:Display: Pak cache opened for reading ../../../Engine/DerivedDataCache/Compressed.ddp.
[2016.01.29-09.39.02:160][  0]LogDerivedDataCache: Using Local data cache path C:/Users/VR/AppData/Local/UnrealEngine/Common/DerivedDataCache: Writable
[2016.01.29-09.39.02:290][  0]LogInit: Selected Device Profile: [Windows]
[2016.01.29-09.39.02:291][  0]LogContentStreaming: Texture pool size is 0.000000MB
[2016.01.29-09.39.02:382][  0]LogMeshUtilities: No automatic mesh reduction module available
[2016.01.29-09.39.02:382][  0]LogMeshUtilities: No automatic mesh merging module available
[2016.01.29-09.39.02:564][  0]LogInit: WinSock: version 1.1 (2.2), MaxSocks=32767, MaxUdp=65467
[2016.01.29-09.39.03:086][  0]UdpMessaging: Initializing bridge on interface 0.0.0.0:0 to multicast group 230.0.0.1:6666.
[2016.01.29-09.39.03:180][  0]LogAssetRegistry: FAssetRegistry took 0.0112 seconds to start up
[2016.01.29-09.39.03:295][  0]SourceControl: Info Source control is disabled
[2016.01.29-09.39.03:302][  0]SourceControl: Info Source control is disabled
[2016.01.29-09.39.03:307][  0]SourceControl: Info Source control is disabled
[2016.01.29-09.39.03:313][  0]SourceControl: Info Source control is disabled
[2016.01.29-09.39.03:392][  0]LogLinker:Warning: Asset '../../../Engine/Plugins/Runtime/LeapMotionController/Content/LM_PassthroughMaterial.uasset' has been saved with empty engine version. The asset will be loaded but may be incompatible.
[2016.01.29-09.39.03:455][  0]LeapPluginLog: Using LeapPlugin version 0.9.6
[2016.01.29-09.39.03:459][  0]LogObj: 29039 objects as part of root set at end of initial load.
[2016.01.29-09.39.03:459][  0]LogUObjectAllocator: 6182880 out of 0 bytes used by permanent object pool.
[2016.01.29-09.39.03:506][  0]LogEngine: Initializing Engine...
[2016.01.29-09.39.03:508][  0]LogHMD: Can't find Oculus library dev build: is proper Runtime installed? Version: 0.7.0.0
[2016.01.29-09.39.03:884][  0]LogHMD: SteamVR initialized.  Driver: oculus  Display: 207KGV03FJGR
[2016.01.29-09.39.03:991][  0]LogAIModule: Creating AISystem for world NewWorld
[2016.01.29-09.39.03:994][  0]LogInit: XAudio2 using 'HP E221c-8 (NVIDIA High Definition Audio)' : 2 channels at 48 kHz using 16 bits per sample (channel mask 0x3)
[2016.01.29-09.39.04:002][  0]LogInit: FAudioDevice initialized.
[2016.01.29-09.39.04:019][  0]LogDerivedDataCache: Saved boot cache 0.02s 41MB C:/Users/VR/AppData/Local/UnrealEngine/4.9/DerivedDataCache/Boot.ddc.
[2016.01.29-09.39.04:023][  0]LogInit: Texture streaming: Enabled
[2016.01.29-09.39.04:026][  0]LogAnalytics: Creating configured Analytics provider AnalyticsET
[2016.01.29-09.39.04:026][  0]LogAnalytics: [UEEditor.Rocket.Release] APIServer = http://et2.epicgames.com/ET2/. AppVersion = 4.9.2-2707645+++depot+UE4-Releases+4.9
[2016.01.29-09.39.04:026][  0]LogAnalytics: [UEEditor.Rocket.Release] SetUserId 8c1436b7469470d4e6ebefb46ce7086e|15a5252fe37a4825a673547b0b937ab6|c39e7128-8a93-45bc-b94e-b28d0faf1958
[2016.01.29-09.39.04:026][  0]LogAnalytics: [UEEditor.Rocket.Release] AnalyticsET::StartSession
[2016.01.29-09.39.04:033][  0]LogWindowsTextInputMethodSystem:Display: IME system now deactivated.
[2016.01.29-09.39.04:045][  0]LogInit: Transaction tracking system initialized
[2016.01.29-09.39.04:062][  0]BlueprintLog: New page: Editor Load
[2016.01.29-09.39.04:111][  0]LocalizationService: Info Localization service is disabled
[2016.01.29-09.39.04:152][  0]LogLinker:Warning: Can't find file '/Game/FirstPersonBP/FirstPersonOverview'
[2016.01.29-09.39.04:152][  0]LogLinker:Warning: Can't find file '/Game/FirstPersonBP/FirstPersonOverview'
[2016.01.29-09.39.04:152][  0]LogUObjectGlobals:Warning: Failed to find object 'Class /Game/FirstPersonBP/FirstPersonOverview.FirstPersonOverview_C'
[2016.01.29-09.39.04:161][  0]LogConsoleResponse:Display: 
[2016.01.29-09.39.04:261][  0]LogCook:Display: Done creating registry. It took  0.00s.
[2016.01.29-09.39.04:290][  0]LogFileCache: Scanning file cache for directory 'D:/UnrealProjects/GE_Project/Content/' took 0.01s
[2016.01.29-09.39.04:293][  0]SourceControl: Info Source control is disabled
[2016.01.29-09.39.04:293][  0]Cmd: MAP LOAD FILE="../../../../../../UnrealProjects/GE_Project/Content/StarterContent/Maps/Minimal_Default.umap" TEMPLATE=0 SHOWPROGRESS=1 FEATURELEVEL=3
[2016.01.29-09.39.04:294][  0]LightingResults: New page: Lighting Build
[2016.01.29-09.39.04:295][  0]MapCheck: New page: Map Check
[2016.01.29-09.39.04:295][  0]LightingResults: New page: Lighting Build
[2016.01.29-09.39.04:305][  0]LogParticles: Destroying 0 GPU particle simulations for FXSystem 0x0000001ABA9C8400
[2016.01.29-09.39.04:636][  0]LogAIModule: Creating AISystem for world Minimal_Default
[2016.01.29-09.39.04:641][  0]LogEditorServer: Finished looking for orphan Actors (0.000 secs)
[2016.01.29-09.39.04:641][  0]Cmd: MAP CHECKDEP NOCLEARLOG
[2016.01.29-09.39.04:676][  0]MapCheck: Info Map check complete: 0 Error(s), 0 Warning(s), took 34.88ms to complete.
[2016.01.29-09.39.04:676][  0]LogFileHelpers: Loading map 'Minimal_Default' took 0.382
[2016.01.29-09.39.04:785][  0]LogCollectionManager: Loaded 0 collections in 0.001116 seconds
[2016.01.29-09.39.04:825][  0]LogFileCache: Scanning file cache for directory 'D:/UnrealProjects/GE_Project/Saved/Collections/' took 0.01s
[2016.01.29-09.39.04:825][  0]LogFileCache: Scanning file cache for directory 'D:/UnrealProjects/GE_Project/Content/Developers/VR/Collections/' took 0.01s
[2016.01.29-09.39.04:825][  0]LogFileCache: Scanning file cache for directory 'D:/UnrealProjects/GE_Project/Content/Collections/' took 0.01s
[2016.01.29-09.39.04:825][  0]LogContentBrowser: Native class hierarchy populated in 0.0068 seconds. Added 1899 classes and 339 folders.
[2016.01.29-09.39.04:828][  0]LogCollectionManager: Rebuilt the GUID cache for 0 collections in 0.000002 seconds
[2016.01.29-09.39.04:833][  0]LogContentBrowser: Native class hierarchy updated for 'WidgetCarousel' in 0.0008 seconds. Added 0 classes and 0 folders.
[2016.01.29-09.39.04:864][  0]LogContentBrowser: Native class hierarchy updated for 'AddContentDialog' in 0.0009 seconds. Added 0 classes and 0 folders.
[2016.01.29-09.39.04:867][  0]LogContentBrowser: Native class hierarchy updated for 'SceneOutliner' in 0.0008 seconds. Added 1 classes and 2 folders.
[2016.01.29-09.39.04:911][  0]LogCrashTracker: Crashtracker disabled due to settings.
[2016.01.29-09.39.04:923][  0]LogUObjectGlobals:Warning: Failed to find object 'Class None.'
[2016.01.29-09.39.04:945][  0]LogLoad: Full Startup: 5.10 seconds (BP compile: 0.03 seconds)
[2016.01.29-09.39.05:002][  0]LogContentStreaming: Texture pool size now 1000 MB
[2016.01.29-09.39.05:105][  0]LogRenderer: Reallocating scene render targets to support 1216x576 (Frame:2).
[2016.01.29-09.39.05:972][  3]LogAssetRegistry: Asset discovery search completed in 2.8038 seconds
[2016.01.29-09.39.05:972][  3]LogCollectionManager: Rebuilt the object cache for 0 collections in 0.000001 seconds (found 0 objects)
[2016.01.29-09.39.05:972][  3]LogCollectionManager: Fixed up redirectors for 0 collections in 0.000016 seconds (updated 0 objects)
[2016.01.29-09.39.12:545][618]LogBlueprint:Warning: [compiler Ue4ASP_Character] Warning Input Axis Event references unknown Axis 'LookUp' for  InputAxis LookUp 
[2016.01.29-09.39.12:545][618]LogBlueprint:Warning: [compiler Ue4ASP_Character] Warning Input Axis Event references unknown Axis 'Turn' for  InputAxis Turn 
[2016.01.29-09.39.12:546][618]LogBlueprint:Warning: [compiler Ue4ASP_Character] Warning Input Axis Event references unknown Axis 'MoveRight' for  InputAxis MoveRight 
[2016.01.29-09.39.12:546][618]LogBlueprint:Warning: [compiler Ue4ASP_Character] Warning Input Axis Event references unknown Axis 'MoveForward' for  InputAxis MoveForward 
[2016.01.29-09.39.12:548][618]LogBlueprint:Warning: [compiler Ue4ASP_Character] Warning [0012.71] Compile of Ue4ASP_Character successful, but with 4 Warning(s) [in 6 ms]
[2016.01.29-09.39.12:548][618]LogBlueprint:Warning: [compiler Ue4ASP_Character] Warning [0012.71] Compile of Ue4ASP_Character successful, but with 5 Warning(s) [in 0 ms]
[2016.01.29-09.39.12:548][618]LogBlueprint:Warning: [compiler Ue4ASP_Character] Warning [0012.71] Compile of Ue4ASP_Character successful, but with 6 Warning(s) [in 0 ms]
[2016.01.29-09.39.12:604][618]LogBlueprint:Warning: [compiler Ue4ASP_Character] Warning Input Axis Event references unknown Axis 'LookUp' for  InputAxis LookUp 
[2016.01.29-09.39.12:605][618]LogBlueprint:Warning: [compiler Ue4ASP_Character] Warning Input Axis Event references unknown Axis 'Turn' for  InputAxis Turn 
[2016.01.29-09.39.12:605][618]LogBlueprint:Warning: [compiler Ue4ASP_Character] Warning Input Axis Event references unknown Axis 'MoveRight' for  InputAxis MoveRight 
[2016.01.29-09.39.12:605][618]LogBlueprint:Warning: [compiler Ue4ASP_Character] Warning Input Axis Event references unknown Axis 'MoveForward' for  InputAxis MoveForward 
[2016.01.29-09.39.12:607][618]LogBlueprint:Warning: [compiler Ue4ASP_Character] Warning [0012.77] Compile of Ue4ASP_Character successful, but with 4 Warning(s) [in 6 ms]
[2016.01.29-09.39.12:607][618]LogBlueprint:Warning: [compiler Ue4ASP_Character] Warning [0012.77] Compile of Ue4ASP_Character successful, but with 5 Warning(s) [in 0 ms]
[2016.01.29-09.39.12:607][618]LogBlueprint:Warning: [compiler Ue4ASP_Character] Warning [0012.77] Compile of Ue4ASP_Character successful, but with 6 Warning(s) [in 0 ms]
[2016.01.29-09.39.12:794][618]LogAIModule: Creating AISystem for world MyFirstLevel
[2016.01.29-09.39.12:826][618]Cmd: MAP LOAD FILE="../../../../../../UnrealProjects/GE_Project/Content/MyFirstLevel.umap" TEMPLATE=0 SHOWPROGRESS=1 FEATURELEVEL=3
[2016.01.29-09.39.12:826][618]LightingResults: New page: Lighting Build
[2016.01.29-09.39.12:840][618]LoadErrors: New page: Loading map: MyFirstLevel.umap
[2016.01.29-09.39.12:841][618]MapCheck: New page: Map Check
[2016.01.29-09.39.12:841][618]LightingResults: New page: Lighting Build
[2016.01.29-09.39.12:849][618]LogParticles: Destroying 0 GPU particle simulations for FXSystem 0x0000001AA6BC3F60
[2016.01.29-09.39.12:903][618]LogEditorServer: Finished looking for orphan Actors (0.000 secs)
[2016.01.29-09.39.12:942][618]Cmd: MAP CHECKDEP NOCLEARLOG
[2016.01.29-09.39.12:983][618]MapCheck: Info Map check complete: 0 Error(s), 0 Warning(s), took 41.313ms to complete.
[2016.01.29-09.39.12:983][618]LogFileHelpers: Loading map 'MyFirstLevel' took 0.157
[2016.01.29-09.39.13:013][619]Cmd: UpdateLandscapeEditorData -warnings
[2016.01.29-09.39.13:014][619]Cmd: UpdateLandscapeEditorData
[2016.01.29-09.39.15:174][870]LogVSAccessor:Warning: Couldn't access Visual Studio
[2016.01.29-09.39.15:177][870]Recompiling TheBeginning...
[2016.01.29-09.39.15:177][870]Launching UnrealBuildTool... [D:/Programme/Epic Games/4.9/Engine/Binaries/DotNET/UnrealBuildTool.exe TheBeginning -ModuleWithSuffix TheBeginning 8564 Win64 Development -editorrecompile -canskiplink "D:/UnrealProjects/GE_Project/TheBeginning.uproject" -rocket  -rocket]
[2016.01.29-09.39.15:178][870]Warning: Starting HotReload took  0.0s.
[2016.01.29-09.40.22:343][943]CompilerResultsLog: New page: Compilation - Jan 29, 2016, 11:40:22 AM
[2016.01.29-09.40.22:343][943]CompilerResultsLog: Info Creating makefile for hot reloading TheBeginning (.uproject file is newer)
[2016.01.29-09.40.22:343][943]CompilerResultsLog: Info Compiling game modules for hot reload
[2016.01.29-09.40.22:343][943]CompilerResultsLog: Info Parsing headers for TheBeginningEditor
[2016.01.29-09.40.22:343][943]CompilerResultsLog: Info   Running UnrealHeaderTool "D:/UnrealProjects/GE_Project/TheBeginning.uproject" "D:\UnrealProjects\GE_Project\Intermediate\Build\Win64\TheBeginningEditor\Development\UnrealHeaderTool.manifest" -LogCmds="loginit warning, logexit warning, logdatabase error" -rocket -installed
[2016.01.29-09.40.22:343][943]CompilerResultsLog: Info Reflection code generated for TheBeginningEditor in 8,8153778 seconds
[2016.01.29-09.40.22:343][943]CompilerResultsLog: Info Performing 14 actions (4 in parallel)
[2016.01.29-09.40.22:343][943]CompilerResultsLog: Info [3/14] Resource ModuleVersionResource.rc.inl
[2016.01.29-09.40.22:343][943]CompilerResultsLog: Info [2/14] Resource PCLaunch.rc
[2016.01.29-09.40.22:343][943]CompilerResultsLog: Info PCH.TheBeginning.h.cpp
[2016.01.29-09.40.22:343][943]CompilerResultsLog: Info Avatar.cpp
[2016.01.29-09.40.22:343][943]CompilerResultsLog: Info FirstPersonProjectile.cpp
[2016.01.29-09.40.22:343][943]CompilerResultsLog: Info Monster.cpp
[2016.01.29-09.40.22:343][943]CompilerResultsLog: Info MeleeWeapon.cpp
[2016.01.29-09.40.22:343][943]CompilerResultsLog: Info NPC.cpp
[2016.01.29-09.40.22:343][943]CompilerResultsLog: Info MyHUD.cpp
[2016.01.29-09.40.22:343][943]CompilerResultsLog: Info PickUpItem.cpp
[2016.01.29-09.40.22:343][943]CompilerResultsLog: Info TheBeginning.cpp
[2016.01.29-09.40.22:343][943]CompilerResultsLog: Info TheBeginningGameMode.cpp
[2016.01.29-09.40.22:344][943]CompilerResultsLog: Info TheBeginning.generated.cpp
[2016.01.29-09.40.22:344][943]CompilerResultsLog: Info [14/14] Link UE4Editor-TheBeginning-8564.dll
[2016.01.29-09.40.22:344][943]CompilerResultsLog: Info    Creating library D:\UnrealProjects\GE_Project\Intermediate/Build/Win64\UE4Editor\Development\UE4Editor-TheBeginning-8564.lib and object D:\UnrealProjects\GE_Project\Intermediate/Build/Win64\UE4Editor\Development\UE4Editor-TheBeginning-8564.exp
[2016.01.29-09.40.22:344][943]CompilerResultsLog: Info -------- End Detailed Actions Stats -----------------------------------------------------------
[2016.01.29-09.40.22:344][943]CompilerResultsLog: Info Total build time: 66,91 seconds
[2016.01.29-09.40.22:344][943]LogMainFrame: MainFrame: Module compiling took 67.169 seconds
[2016.01.29-09.40.22:344][943]LogActorComponent: UnregisterComponent: (/Engine/Transient.CharMoveComp) Not registered. Aborting.
[2016.01.29-09.40.22:376][943]LogClass: Could not find existing class Avatar in package /Script/TheBeginning for HotReload, assuming new class
[2016.01.29-09.40.22:376][943]LogClass: Could not find existing class FirstPersonProjectile in package /Script/TheBeginning for HotReload, assuming new class
[2016.01.29-09.40.22:376][943]LogClass: Function OnHit is new.
[2016.01.29-09.40.22:376][943]LogClass: Could not find existing class MeleeWeapon in package /Script/TheBeginning for HotReload, assuming new class
[2016.01.29-09.40.22:376][943]LogClass: Function Prox is new.
[2016.01.29-09.40.22:383][943]LogHotReload: Re-instancing Avatar after hot-reload.
[2016.01.29-09.40.22:427][943]LogHotReload: Re-instancing NPC after hot-reload.
[2016.01.29-09.40.22:496][943]LogContentBrowser: Native class hierarchy updated for 'TheBeginning' in 0.0011 seconds. Added 8 classes and 2 folders.
[2016.01.29-09.40.22:497][943]Warning: HotReload successful (2 functions remapped  0 scriptstructs remapped)
[2016.01.29-09.40.22:559][943]LogContentBrowser: Native class hierarchy populated in 0.0078 seconds. Added 1902 classes and 341 folders.
[2016.01.29-09.41.20:250][386]LogPlayLevel: PlayLevel: No blueprints needed recompiling
[2016.01.29-09.41.20:250][386]PIE: New page: PIE session: MyFirstLevel (Jan 29, 2016, 11:41:20 AM)
[2016.01.29-09.41.20:251][386]LogPlayLevel: Creating play world package: /Game/UEDPIE_0_MyFirstLevel
[2016.01.29-09.41.20:260][386]LogPlayLevel: PIE: StaticDuplicateObject took: (0.009147s)
[2016.01.29-09.41.20:260][386]LogAIModule: Creating AISystem for world MyFirstLevel
[2016.01.29-09.41.20:260][386]LogPlayLevel: PIE: World Init took: (0.000589s)
[2016.01.29-09.41.20:260][386]LogPlayLevel: PIE: Created PIE world by copying editor world from /Game/MyFirstLevel.MyFirstLevel to /Game/UEDPIE_0_MyFirstLevel.MyFirstLevel (0.009945s)
[2016.01.29-09.41.20:261][386]LogActorComponent: UnregisterComponent: (/Engine/Transient.CharMoveComp) Not registered. Aborting.
[2016.01.29-09.41.20:275][386]LogInit: XAudio2 using 'HP E221c-8 (NVIDIA High Definition Audio)' : 2 channels at 48 kHz using 16 bits per sample (channel mask 0x3)
[2016.01.29-09.41.20:278][386]LogInit: FAudioDevice initialized.
[2016.01.29-09.41.20:331][386]LogLinker:Warning: Can't find file '/Script/Kinect4Unreal'
[2016.01.29-09.41.20:331][386]LogLinker:Warning: Can't find file for asset '/Script/Kinect4Unreal' while loading ../../../../../../UnrealProjects/GE_Project/Content/BP_Avatar.uasset.
[2016.01.29-09.41.20:331][386]LoadErrors:Error: Error /Game/BP_Avatar : Can't find file for asset. /Script/Kinect4Unreal
[2016.01.29-09.41.20:331][386]LogLinker:Warning: Can't find file '/Script/Kinect4Unreal'
[2016.01.29-09.41.20:331][386]LogLinker:Warning: Can't find file for asset '/Script/Kinect4Unreal' while loading ../../../../../../UnrealProjects/GE_Project/Content/BP_Avatar.uasset.
[2016.01.29-09.41.20:332][386]LogLinker:Warning: Can't find file '/Script/Kinect4Unreal'
[2016.01.29-09.41.20:332][386]LogLinker:Warning: Can't find file for asset '/Script/Kinect4Unreal' while loading ../../../../../../UnrealProjects/GE_Project/Content/BP_Avatar.uasset.
[2016.01.29-09.41.20:332][386]LogLinker:Warning: Can't find file '/Script/Kinect4Unreal'
[2016.01.29-09.41.20:332][386]LogLinker:Warning: Can't find file for asset '/Script/Kinect4Unreal' while loading ../../../../../../UnrealProjects/GE_Project/Content/BP_Avatar.uasset.
[2016.01.29-09.41.20:332][386]LogLinker:Warning: Can't find file '/Script/Kinect4Unreal'
[2016.01.29-09.41.20:332][386]LogLinker:Warning: Can't find file for asset '/Script/Kinect4Unreal' while loading ../../../../../../UnrealProjects/GE_Project/Content/BP_Avatar.uasset.
[2016.01.29-09.41.20:332][386]LogLinker:Warning: Can't find file '/Script/Kinect4Unreal'
[2016.01.29-09.41.20:332][386]LogLinker:Warning: Can't find file for asset '/Script/Kinect4Unreal' while loading ../../../../../../UnrealProjects/GE_Project/Content/BP_Avatar.uasset.
[2016.01.29-09.41.20:332][386]LogLinker:Warning: Can't find file '/Script/Kinect4Unreal'
[2016.01.29-09.41.20:332][386]LogLinker:Warning: Can't find file for asset '/Script/Kinect4Unreal' while loading ../../../../../../UnrealProjects/GE_Project/Content/BP_Avatar.uasset.
[2016.01.29-09.41.20:333][386]LogLinker:Warning: Can't find file '/Script/Kinect4Unreal'
[2016.01.29-09.41.20:333][386]LoadErrors: Info Failed to load /Script/Kinect4Unreal.EBodyNumber Referenced by CallFunc_GetCenteredBody_CenteredBody
[2016.01.29-09.41.20:333][386]LogLinker:Warning: Can't find file for asset '/Script/Kinect4Unreal' while loading ../../../../../../UnrealProjects/GE_Project/Content/Blueprints/BP_TheBeginningGameMode.uasset.
[2016.01.29-09.41.20:333][386]LoadErrors:Error: Error /Game/Blueprints/BP_TheBeginningGameMode : Can't find file for asset. /Script/Kinect4Unreal
[2016.01.29-09.41.20:333][386]LogLinker:Warning: Can't find file '/Script/Kinect4Unreal'
[2016.01.29-09.41.20:333][386]LoadErrors: Info Failed to load /Script/Kinect4Unreal.EHandState Referenced by CallFunc_GetHandStateAsExecution_HandState
[2016.01.29-09.41.20:333][386]LogLinker:Warning: Can't find file for asset '/Script/Kinect4Unreal' while loading ../../../../../../UnrealProjects/GE_Project/Content/Blueprints/BP_TheBeginningGameMode.uasset.
[2016.01.29-09.41.20:333][386]LogLinker:Warning: Can't find file '/Script/Kinect4Unreal'
[2016.01.29-09.41.20:333][386]LogLinker:Warning: Can't find file for asset '/Script/Kinect4Unreal' while loading ../../../../../../UnrealProjects/GE_Project/Content/Blueprints/BP_TheBeginningGameMode.uasset.
[2016.01.29-09.41.20:334][386]LogLinker:Warning: Can't find file '/Script/Kinect4Unreal'
[2016.01.29-09.41.20:334][386]LogLinker:Warning: Can't find file for asset '/Script/Kinect4Unreal' while loading ../../../../../../UnrealProjects/GE_Project/Content/Blueprints/BP_TheBeginningGameMode.uasset.
[2016.01.29-09.41.20:334][386]LogLinker:Warning: Can't find file '/Script/Kinect4Unreal'
[2016.01.29-09.41.20:334][386]LogLinker:Warning: Can't find file for asset '/Script/Kinect4Unreal' while loading ../../../../../../UnrealProjects/GE_Project/Content/Blueprints/BP_TheBeginningGameMode.uasset.
[2016.01.29-09.41.20:334][386]LogLinker:Warning: Can't find file '/Script/Kinect4Unreal'
[2016.01.29-09.41.20:334][386]LogLinker:Warning: Can't find file for asset '/Script/Kinect4Unreal' while loading ../../../../../../UnrealProjects/GE_Project/Content/Blueprints/BP_TheBeginningGameMode.uasset.
[2016.01.29-09.41.20:334][386]LogLinker:Warning: Can't find file '/Script/Kinect4Unreal'
[2016.01.29-09.41.20:334][386]LogLinker:Warning: Can't find file for asset '/Script/Kinect4Unreal' while loading ../../../../../../UnrealProjects/GE_Project/Content/Blueprints/BP_TheBeginningGameMode.uasset.
[2016.01.29-09.41.20:334][386]LogLinker:Warning: Can't find file '/Script/Kinect4Unreal'
[2016.01.29-09.41.20:334][386]LogLinker:Warning: Can't find file for asset '/Script/Kinect4Unreal' while loading ../../../../../../UnrealProjects/GE_Project/Content/Blueprints/BP_TheBeginningGameMode.uasset.
[2016.01.29-09.41.20:334][386]LogLinker:Warning: Can't find file '/Script/Kinect4Unreal'
[2016.01.29-09.41.20:334][386]LogLinker:Warning: Can't find file for asset '/Script/Kinect4Unreal' while loading ../../../../../../UnrealProjects/GE_Project/Content/Blueprints/BP_TheBeginningGameMode.uasset.
[2016.01.29-09.41.20:334][386]LogLinker:Warning: Can't find file '/Script/Kinect4Unreal'
[2016.01.29-09.41.20:334][386]LogLinker:Warning: Can't find file for asset '/Script/Kinect4Unreal' while loading ../../../../../../UnrealProjects/GE_Project/Content/Blueprints/BP_TheBeginningGameMode.uasset.
[2016.01.29-09.41.20:336][386]LogLinker:Warning: Can't find file '/Script/Kinect4Unreal'
[2016.01.29-09.41.20:336][386]LoadErrors: Info Failed to load /Script/Kinect4Unreal.KinectInterfaceComponent Referenced by K2Node_CallFunction_2547
[2016.01.29-09.41.20:336][386]LogLinker:Warning: Can't find file for asset '/Script/Kinect4Unreal' while loading ../../../../../../UnrealProjects/GE_Project/Content/Blueprints/BP_TheBeginningGameMode.uasset.
[2016.01.29-09.41.20:336][386]LogLinker:Warning: Can't find file '/Script/Kinect4Unreal'
[2016.01.29-09.41.20:336][386]LoadErrors: Info Failed to load /Script/Kinect4Unreal.KinectInterfaceComponent Referenced by EdGraphPin_6898
[2016.01.29-09.41.20:336][386]LogLinker:Warning: Can't find file for asset '/Script/Kinect4Unreal' while loading ../../../../../../UnrealProjects/GE_Project/Content/Blueprints/BP_TheBeginningGameMode.uasset.
[2016.01.29-09.41.20:336][386]LogLinker:Warning: Can't find file '/Script/Kinect4Unreal'
[2016.01.29-09.41.20:336][386]LoadErrors: Info Failed to load /Script/Kinect4Unreal.EBodyNumber Referenced by EdGraphPin_6899
[2016.01.29-09.41.20:336][386]LogLinker:Warning: Can't find file for asset '/Script/Kinect4Unreal' while loading ../../../../../../UnrealProjects/GE_Project/Content/Blueprints/BP_TheBeginningGameMode.uasset.
[2016.01.29-09.41.20:336][386]LogLinker:Warning: Can't find file '/Script/Kinect4Unreal'
[2016.01.29-09.41.20:337][386]LoadErrors: Info Failed to load /Script/Kinect4Unreal.KinectInterfaceComponent Referenced by EdGraphPin_6786
[2016.01.29-09.41.20:337][386]LogLinker:Warning: Can't find file for asset '/Script/Kinect4Unreal' while loading ../../../../../../UnrealProjects/GE_Project/Content/Blueprints/BP_TheBeginningGameMode.uasset.
[2016.01.29-09.41.20:337][386]LogLinker:Warning: Can't find file '/Script/Kinect4Unreal'
[2016.01.29-09.41.20:337][386]LoadErrors: Info Failed to load /Script/Kinect4Unreal.KinectInterfaceComponent Referenced by K2Node_CallFunction_2548
[2016.01.29-09.41.20:337][386]LogLinker:Warning: Can't find file for asset '/Script/Kinect4Unreal' while loading ../../../../../../UnrealProjects/GE_Project/Content/Blueprints/BP_TheBeginningGameMode.uasset.
[2016.01.29-09.41.20:337][386]LogLinker:Warning: Can't find file '/Script/Kinect4Unreal'
[2016.01.29-09.41.20:337][386]LoadErrors: Info Failed to load /Script/Kinect4Unreal.KinectInterfaceComponent Referenced by EdGraphPin_6917
[2016.01.29-09.41.20:337][386]LogLinker:Warning: Can't find file for asset '/Script/Kinect4Unreal' while loading ../../../../../../UnrealProjects/GE_Project/Content/Blueprints/BP_TheBeginningGameMode.uasset.
[2016.01.29-09.41.20:337][386]LogLinker:Warning: Can't find file '/Script/Kinect4Unreal'
[2016.01.29-09.41.20:337][386]LoadErrors: Info Failed to load /Script/Kinect4Unreal.EHands Referenced by EdGraphPin_6918
[2016.01.29-09.41.20:337][386]LogLinker:Warning: Can't find file for asset '/Script/Kinect4Unreal' while loading ../../../../../../UnrealProjects/GE_Project/Content/Blueprints/BP_TheBeginningGameMode.uasset.
[2016.01.29-09.41.20:338][386]LogLinker:Warning: Can't find file '/Script/Kinect4Unreal'
[2016.01.29-09.41.20:338][386]LoadErrors: Info Failed to load /Script/Kinect4Unreal.EBodyNumber Referenced by EdGraphPin_6919
[2016.01.29-09.41.20:338][386]LogLinker:Warning: Can't find file for asset '/Script/Kinect4Unreal' while loading ../../../../../../UnrealProjects/GE_Project/Content/Blueprints/BP_TheBeginningGameMode.uasset.
[2016.01.29-09.41.20:338][386]LogLinker:Warning: Can't find file '/Script/Kinect4Unreal'
[2016.01.29-09.41.20:338][386]LoadErrors: Info Failed to load /Script/Kinect4Unreal.EHandState Referenced by EdGraphPin_6920
[2016.01.29-09.41.20:338][386]LogLinker:Warning: Can't find file for asset '/Script/Kinect4Unreal' while loading ../../../../../../UnrealProjects/GE_Project/Content/Blueprints/BP_TheBeginningGameMode.uasset.
[2016.01.29-09.41.20:338][386]LogLinker:Warning: Can't find file '/Script/Kinect4Unreal'
[2016.01.29-09.41.20:338][386]LoadErrors: Info Failed to load /Script/Kinect4Unreal.KinectInterfaceComponent Referenced by EdGraphPin_6822
[2016.01.29-09.41.20:338][386]LogLinker:Warning: Can't find file for asset '/Script/Kinect4Unreal' while loading ../../../../../../UnrealProjects/GE_Project/Content/Blueprints/BP_TheBeginningGameMode.uasset.
[2016.01.29-09.41.20:339][386]LogLinker:Warning: Can't find file '/Script/Kinect4Unreal'
[2016.01.29-09.41.20:339][386]LogLinker:Warning: Can't find file for asset '/Script/Kinect4Unreal' while loading ../../../../../../UnrealProjects/GE_Project/Content/Blueprints/BP_TheBeginningGameMode.uasset.
[2016.01.29-09.41.20:339][386]LogLinker:Warning: Can't find file '/Script/Kinect4Unreal'
[2016.01.29-09.41.20:339][386]LoadErrors: Info Failed to load /Script/Kinect4Unreal.KinectInterfaceComponent Referenced by SCS_Node_1
[2016.01.29-09.41.20:339][386]LogLinker:Warning: Can't find file for asset '/Script/Kinect4Unreal' while loading ../../../../../../UnrealProjects/GE_Project/Content/Blueprints/BP_TheBeginningGameMode.uasset.
[2016.01.29-09.41.20:341][386]LogBlueprint:Warning: [BP_Avatar] CreatePinForVariable: 'KinectInterface' variable not found. Base class was probably changed.
[2016.01.29-09.41.20:341][386]LogBlueprint:Warning: [BP_Avatar] CreatePinForVariable: 'KinectInterface' variable not found. Base class was probably changed.
[2016.01.29-09.41.20:343][386]LogBlueprint:Warning: [compiler BP_Avatar] Warning Could not find a variable named "KinectInterface" in 'BP_Avatar_C'.
Make sure 'BP_Avatar_C' has been compiled for  Get KinectInterface 
[2016.01.29-09.41.20:343][386]LogBlueprint:Error: [compiler BP_Avatar] Error Could not find a function named "GetHandStateAsExecution" in 'BP_Avatar'.
Make sure 'BP_Avatar' has been compiled for  Get Hand State as Execution 
[2016.01.29-09.41.20:343][386]LogBlueprint:Warning: [compiler BP_Avatar] Warning Could not find a variable named "KinectInterface" in 'BP_Avatar_C'.
Make sure 'BP_Avatar_C' has been compiled for  Get KinectInterface 
[2016.01.29-09.41.20:343][386]LogBlueprint:Error: [compiler BP_Avatar] Error Could not find a function named "GetCenteredBody" in 'BP_Avatar'.
Make sure 'BP_Avatar' has been compiled for  Get Centered Body 
[2016.01.29-09.41.20:343][386]LogBlueprint:Error: [compiler BP_Avatar] Error The property associated with  Kinect Interface  could not be found
[2016.01.29-09.41.20:344][386]LogBlueprint:Error: [compiler BP_Avatar] Error The property associated with  Kinect Interface  could not be found
[2016.01.29-09.41.20:344][386]LogBlueprint:Error: [compiler BP_Avatar] Error The current value (Right) of the ' Hand ' pin is invalid: Expected a valid unsigned number for a byte property
[2016.01.29-09.41.20:346][386]LogBlueprint:Warning: [compiler BP_Avatar] Warning [0140.50] Compile of BP_Avatar failed. 5 Fatal Issue(s) 2 Warning(s) [in 3 ms]
[2016.01.29-09.41.20:346][386]LogBlueprint:Warning: [compiler BP_Avatar] Warning [0140.50] Compile of BP_Avatar failed. 5 Fatal Issue(s) 3 Warning(s) [in 0 ms]
[2016.01.29-09.41.20:346][386]LogBlueprint:Warning: [compiler BP_Avatar] Warning [0140.50] Compile of BP_Avatar failed. 5 Fatal Issue(s) 4 Warning(s) [in 0 ms]
[2016.01.29-09.41.20:346][386]LogLinker:Warning: Can't find file '/Script/Kinect4Unreal'
[2016.01.29-09.41.20:346][386]LogLinker:Warning: Can't find file for asset '/Script/Kinect4Unreal' while loading ../../../../../../UnrealProjects/GE_Project/Content/Blueprints/BP_TheBeginningGameMode.uasset.
[2016.01.29-09.41.20:346][386]LogLinker:Warning: Can't find file '/Script/Kinect4Unreal'
[2016.01.29-09.41.20:346][386]LogLinker:Warning: Can't find file for asset '/Script/Kinect4Unreal' while loading ../../../../../../UnrealProjects/GE_Project/Content/Blueprints/BP_TheBeginningGameMode.uasset.
[2016.01.29-09.41.20:382][386]LogWorld: Game class is 'BP_TheBeginningGameMode_C'
[2016.01.29-09.41.42:106][386]LogOutputDevice: === Handled error: ===

Ensure condition failed: false [File:D:\BuildFarm\buildmachine_++depot+UE4-Releases+4.9\Engine\Source\Runtime\Engine\Private\Components\SceneComponent.cpp] [Line: 1200]
Template Mismatch during attachment. Attaching instanced component to template component. Parent 'CollisionCylinder' Self 'Proximity Sphere'
Stack: 
UE4Editor-Core.dll!FWindowsPlatformStackWalk::StackWalkAndDump() [d:\buildfarm\buildmachine_++depot+ue4-releases+4.9\engine\source\runtime\core\private\windows\windowsplatformstackwalk.cpp:175]
UE4Editor-Core.dll!FDebug::EnsureFailed() [d:\buildfarm\buildmachine_++depot+ue4-releases+4.9\engine\source\runtime\core\private\misc\outputdevice.cpp:258]
UE4Editor-Core.dll!FDebug::OptionallyLogFormattedEnsureMessageReturningFalse() [d:\buildfarm\buildmachine_++depot+ue4-releases+4.9\engine\source\runtime\core\private\misc\outputdevice.cpp:368]
UE4Editor-Engine.dll!USceneComponent::AttachTo() [d:\buildfarm\buildmachine_++depot+ue4-releases+4.9\engine\source\runtime\engine\private\components\scenecomponent.cpp:1200]
UE4Editor-Engine.dll!USceneComponent::OnRegister() [d:\buildfarm\buildmachine_++depot+ue4-releases+4.9\engine\source\runtime\engine\private\components\scenecomponent.cpp:370]
UE4Editor-Engine.dll!UPrimitiveComponent::OnRegister() [d:\buildfarm\buildmachine_++depot+ue4-releases+4.9\engine\source\runtime\engine\private\components\primitivecomponent.cpp:389]
UE4Editor-Engine.dll!UActorComponent::ExecuteRegisterEvents() [d:\buildfarm\buildmachine_++depot+ue4-releases+4.9\engine\source\runtime\engine\private\components\actorcomponent.cpp:1040]
UE4Editor-Engine.dll!UActorComponent::RegisterComponentWithWorld() [d:\buildfarm\buildmachine_++depot+ue4-releases+4.9\engine\source\runtime\engine\private\components\actorcomponent.cpp:825]
UE4Editor-Engine.dll!AActor::IncrementalRegisterComponents() [d:\buildfarm\buildmachine_++depot+ue4-releases+4.9\engine\source\runtime\engine\private\actor.cpp:3656]
UE4Editor-Engine.dll!ULevel::IncrementalUpdateComponents() [d:\buildfarm\buildmachine_++depot+ue4-releases+4.9\engine\source\runtime\engine\private\level.cpp:755]
UE4Editor-Engine.dll!UWorld::UpdateWorldComponents() [d:\buildfarm\buildmachine_++depot+ue4-releases+4.9\engine\source\runtime\engine\private\world.cpp:1290]
UE4Editor-Engine.dll!UWorld::InitializeActorsForPlay() [d:\buildfarm\buildmachine_++depot+ue4-releases+4.9\engine\source\runtime\engine\private\world.cpp:2939]
UE4Editor-Engine.dll!UGameInstance::StartPIEGameInstance() [d:\buildfarm\buildmachine_++depot+ue4-releases+4.9\engine\source\runtime\engine\private\gameinstance.cpp:250]
UE4Editor-UnrealEd.dll!UEditorEngine::CreatePIEGameInstance() [d:\buildfarm\buildmachine_++depot+ue4-releases+4.9\engine\source\editor\unrealed\private\playlevel.cpp:3137]
UE4Editor-UnrealEd.dll!UEditorEngine::PlayInEditor() [d:\buildfarm\buildmachine_++depot+ue4-releases+4.9\engine\source\editor\unrealed\private\playlevel.cpp:2385]
UE4Editor-UnrealEd.dll!UEditorEngine::StartQueuedPlayMapRequest() [d:\buildfarm\buildmachine_++depot+ue4-releases+4.9\engine\source\editor\unrealed\private\playlevel.cpp:1066]
UE4Editor-UnrealEd.dll!UEditorEngine::Tick() [d:\buildfarm\buildmachine_++depot+ue4-releases+4.9\engine\source\editor\unrealed\private\editorengine.cpp:1244]
UE4Editor-UnrealEd.dll!UUnrealEdEngine::Tick() [d:\buildfarm\buildmachine_++depot+ue4-releases+4.9\engine\source\editor\unrealed\private\unrealedengine.cpp:366]
UE4Editor.exe!FEngineLoop::Tick() [d:\buildfarm\buildmachine_++depot+ue4-releases+4.9\engine\source\runtime\launch\private\launchengineloop.cpp:2428]
UE4Editor.exe!GuardedMain() [d:\buildfarm\buildmachine_++depot+ue4-releases+4.9\engine\source\runtime\launch\private\launch.cpp:142]
UE4Editor.exe!GuardedMainWrapper() [d:\buildfarm\buildmachine_++depot+ue4-releases+4.9\engine\source\runtime\launch\private\windows\launchwindows.cpp:126]
UE4Editor.exe!WinMain() [d:\buildfarm\buildmachine_++depot+ue4-releases+4.9\engine\source\runtime\launch\private\windows\launchwindows.cpp:200]
UE4Editor.exe!__tmainCRTStartup() [f:\dd\vctools\crt\crtw32\dllstuff\crtexe.c:618]
KERNEL32.DLL
ntdll.dll
ntdll.dll

[2016.01.29-09.41.42:388][386]LogWorld: Bringing World /Game/UEDPIE_0_MyFirstLevel.MyFirstLevel up for play (max tick rate 3) at 2016.01.29-10.41.42
[2016.01.29-09.41.42:388][386]LogActor:Warning: GameSession /Game/UEDPIE_0_MyFirstLevel.MyFirstLevel:PersistentLevel.GameSession_0 has natively added scene component(s), but none of them were set as the actor's RootComponent - picking one arbitrarily
[2016.01.29-09.41.42:388][386]LogActor:Warning: GameNetworkManager /Game/UEDPIE_0_MyFirstLevel.MyFirstLevel:PersistentLevel.GameNetworkManager_0 has natively added scene component(s), but none of them were set as the actor's RootComponent - picking one arbitrarily
[2016.01.29-09.41.42:390][386]LogWorld: Bringing up level for play took: 22.006114
[2016.01.29-09.41.42:392][386]PIE: Info Play in editor start time for /Game/UEDPIE_0_MyFirstLevel 21.258
[2016.01.29-09.41.42:415][387]LogRenderer: Reallocating scene render targets to support 1648x780 (Frame:362).
[2016.01.29-09.42.11:845][ 28]LogActorComponent: UnregisterComponent: (/Engine/Transient.CharMoveComp) Not registered. Aborting.
[2016.01.29-09.42.11:859][ 28]LogParticles: Destroying 0 GPU particle simulations for FXSystem 0x0000001A99471B20
[2016.01.29-09.42.20:543][ 43]LogPlayLevel: PlayLevel: No blueprints needed recompiling
[2016.01.29-09.42.25:014][ 43]PIE: New page: PIE session: MyFirstLevel (Jan 29, 2016, 11:42:25 AM)
[2016.01.29-09.42.25:014][ 43]LogPlayLevel: Creating play world package: /Game/UEDPIE_0_MyFirstLevel
[2016.01.29-09.42.25:021][ 43]LogPlayLevel: PIE: StaticDuplicateObject took: (0.006956s)
[2016.01.29-09.42.25:021][ 43]LogAIModule: Creating AISystem for world MyFirstLevel
[2016.01.29-09.42.25:021][ 43]LogPlayLevel: PIE: World Init took: (0.000477s)
[2016.01.29-09.42.25:022][ 43]LogPlayLevel: PIE: Created PIE world by copying editor world from /Game/MyFirstLevel.MyFirstLevel to /Game/UEDPIE_0_MyFirstLevel.MyFirstLevel (0.007587s)
[2016.01.29-09.42.25:032][ 43]LogInit: XAudio2 using 'HP E221c-8 (NVIDIA High Definition Audio)' : 2 channels at 48 kHz using 16 bits per sample (channel mask 0x3)
[2016.01.29-09.42.25:034][ 43]LogInit: FAudioDevice initialized.
[2016.01.29-09.42.25:069][ 43]LogWorld: Game class is 'BP_TheBeginningGameMode_C'
[2016.01.29-09.42.25:085][ 43]LogWorld: Bringing World /Game/UEDPIE_0_MyFirstLevel.MyFirstLevel up for play (max tick rate 0) at 2016.01.29-10.42.25
[2016.01.29-09.42.25:085][ 43]LogActor:Warning: GameSession /Game/UEDPIE_0_MyFirstLevel.MyFirstLevel:PersistentLevel.GameSession_1 has natively added scene component(s), but none of them were set as the actor's RootComponent - picking one arbitrarily
[2016.01.29-09.42.25:085][ 43]LogActor:Warning: GameNetworkManager /Game/UEDPIE_0_MyFirstLevel.MyFirstLevel:PersistentLevel.GameNetworkManager_1 has natively added scene component(s), but none of them were set as the actor's RootComponent - picking one arbitrarily
[2016.01.29-09.42.25:086][ 43]LogWorld: Bringing up level for play took: 0.016214
[2016.01.29-09.42.25:088][ 43]PIE: Info Play in editor start time for /Game/UEDPIE_0_MyFirstLevel 3.954
[2016.01.29-09.42.26:381][192]LogParticles: Destroying 0 GPU particle simulations for FXSystem 0x0000001AE8D7B600
[2016.01.29-09.42.27:133][276]LogLinker:Warning: Asset '../../../Engine/Content/ArtTools/RenderToTexture/Macros/RenderToTextureMacros.uasset' has been saved with empty engine version. The asset will be loaded but may be incompatible.
[2016.01.29-09.42.27:562][276]LogContentBrowser: Native class hierarchy updated for 'BlueprintGraph' in 0.0017 seconds. Added 107 classes and 0 folders.
[2016.01.29-09.43.14:155][466]LogActorComponent: UnregisterComponent: (/Engine/Transient.CharMoveComp) Not registered. Aborting.
[2016.01.29-09.43.14:156][466]LogActorComponent: UnregisterComponent: (/Engine/Transient.CharacterMovementComponent_0) Not registered. Aborting.
[2016.01.29-09.43.37:407][684]LogActorComponent: UnregisterComponent: (/Engine/Transient.CharacterMovementComponent_1) Not registered. Aborting.
[2016.01.29-09.43.39:503][914]LogEditorTransaction: Undo Collapses selected nodes into a single node
[2016.01.29-09.43.39:522][914]LogActorComponent: UnregisterComponent: (/Engine/Transient.CharacterMovementComponent_2) Not registered. Aborting.
[2016.01.29-09.43.59:511][  6]LogActorComponent: UnregisterComponent: (/Engine/Transient.CharacterMovementComponent_3) Not registered. Aborting.
[2016.01.29-09.44.01:327][195]BlueprintLog: New page: Compile BP_Avatar
[2016.01.29-09.44.01:366][195]LogActorComponent: UnregisterComponent: (/Engine/Transient.CharacterMovementComponent_4) Not registered. Aborting.
[2016.01.29-09.44.01:394][195]BlueprintEditorCompileResults: Info [0301.55] Compile of BP_Avatar successful! [in 67 ms]
[2016.01.29-09.44.01:908][251]Cmd: OBJ SAVEPACKAGE PACKAGE="/Game/BP_Avatar" FILE="../../../../../../UnrealProjects/GE_Project/Content/BP_Avatar.uasset" SILENT=true
[2016.01.29-09.44.01:937][251]LogSavePackage: Save=19.993130ms
[2016.01.29-09.44.01:937][251]LogSavePackage: Moving '../../../../../../UnrealProjects/GE_Project/Saved/BP_Avatar8AE2CC0B4499A325353774A736676C96.tmp' to '../../../../../../UnrealProjects/GE_Project/Content/BP_Avatar.uasset'
[2016.01.29-09.44.01:939][251]LogSavePackage: Total save time: 29.230751ms
[2016.01.29-09.44.01:939][251]LogSavePackage:Warning: Finished SavePackage ../../../../../../UnrealProjects/GE_Project/Content/BP_Avatar.uasset
[2016.01.29-09.44.03:579][436]LogPlayLevel: PlayLevel: No blueprints needed recompiling
[2016.01.29-09.44.03:579][436]PIE: New page: PIE session: MyFirstLevel (Jan 29, 2016, 11:44:03 AM)
[2016.01.29-09.44.03:579][436]LogPlayLevel: Creating play world package: /Game/UEDPIE_0_MyFirstLevel
[2016.01.29-09.44.03:586][436]LogPlayLevel: PIE: StaticDuplicateObject took: (0.007059s)
[2016.01.29-09.44.03:586][436]LogAIModule: Creating AISystem for world MyFirstLevel
[2016.01.29-09.44.03:586][436]LogPlayLevel: PIE: World Init took: (0.000473s)
[2016.01.29-09.44.03:586][436]LogPlayLevel: PIE: Created PIE world by copying editor world from /Game/MyFirstLevel.MyFirstLevel to /Game/UEDPIE_0_MyFirstLevel.MyFirstLevel (0.007678s)
[2016.01.29-09.44.03:586][436]LogActorComponent: UnregisterComponent: (/Engine/Transient.CharMoveComp) Not registered. Aborting.
[2016.01.29-09.44.03:610][436]LogInit: XAudio2 using 'HP E221c-8 (NVIDIA High Definition Audio)' : 2 channels at 48 kHz using 16 bits per sample (channel mask 0x3)
[2016.01.29-09.44.03:613][436]LogInit: FAudioDevice initialized.
[2016.01.29-09.44.03:647][436]LogWorld: Game class is 'BP_TheBeginningGameMode_C'
[2016.01.29-09.44.03:659][436]LogWorld: Bringing World /Game/UEDPIE_0_MyFirstLevel.MyFirstLevel up for play (max tick rate 0) at 2016.01.29-10.44.03
[2016.01.29-09.44.03:659][436]LogActor:Warning: GameSession /Game/UEDPIE_0_MyFirstLevel.MyFirstLevel:PersistentLevel.GameSession_2 has natively added scene component(s), but none of them were set as the actor's RootComponent - picking one arbitrarily
[2016.01.29-09.44.03:659][436]LogActor:Warning: GameNetworkManager /Game/UEDPIE_0_MyFirstLevel.MyFirstLevel:PersistentLevel.GameNetworkManager_2 has natively added scene component(s), but none of them were set as the actor's RootComponent - picking one arbitrarily
[2016.01.29-09.44.03:660][436]LogWorld: Bringing up level for play took: 0.012250
[2016.01.29-09.44.03:662][436]PIE: Info Play in editor start time for /Game/UEDPIE_0_MyFirstLevel 0.528
[2016.01.29-09.44.10:435][241]LogParticles: Destroying 0 GPU particle simulations for FXSystem 0x0000001AE60E2AC0
[2016.01.29-09.44.11:324][345]LogVSAccessor:Warning: Couldn't access Visual Studio
[2016.01.29-09.44.11:327][345]Recompiling TheBeginning...
[2016.01.29-09.44.11:327][345]Launching UnrealBuildTool... [D:/Programme/Epic Games/4.9/Engine/Binaries/DotNET/UnrealBuildTool.exe TheBeginning -ModuleWithSuffix TheBeginning 3678 Win64 Development -editorrecompile -canskiplink "D:/UnrealProjects/GE_Project/TheBeginning.uproject" -rocket  -rocket]
[2016.01.29-09.44.11:328][345]Warning: Starting HotReload took  0.0s.
[2016.01.29-09.44.11:867][390]CompilerResultsLog: New page: Compilation - Jan 29, 2016, 11:44:11 AM
[2016.01.29-09.44.11:867][390]CompilerResultsLog: Info Compiling game modules for hot reload
[2016.01.29-09.44.11:867][390]CompilerResultsLog: Info Target is up to date.
[2016.01.29-09.44.11:867][390]LogMainFrame: MainFrame: Module compiling took 0.543 seconds
[2016.01.29-09.44.13:959][639]LogPlayLevel: PlayLevel: No blueprints needed recompiling
[2016.01.29-09.44.13:959][639]PIE: New page: PIE session: MyFirstLevel (Jan 29, 2016, 11:44:13 AM)
[2016.01.29-09.44.13:959][639]LogPlayLevel: Creating play world package: /Game/UEDPIE_0_MyFirstLevel
[2016.01.29-09.44.13:966][639]LogPlayLevel: PIE: StaticDuplicateObject took: (0.006955s)
[2016.01.29-09.44.13:966][639]LogAIModule: Creating AISystem for world MyFirstLevel
[2016.01.29-09.44.13:966][639]LogPlayLevel: PIE: World Init took: (0.000510s)
[2016.01.29-09.44.13:966][639]LogPlayLevel: PIE: Created PIE world by copying editor world from /Game/MyFirstLevel.MyFirstLevel to /Game/UEDPIE_0_MyFirstLevel.MyFirstLevel (0.007619s)
[2016.01.29-09.44.13:990][639]LogInit: XAudio2 using 'HP E221c-8 (NVIDIA High Definition Audio)' : 2 channels at 48 kHz using 16 bits per sample (channel mask 0x3)
[2016.01.29-09.44.13:993][639]LogInit: FAudioDevice initialized.
[2016.01.29-09.44.14:027][639]LogWorld: Game class is 'BP_TheBeginningGameMode_C'
[2016.01.29-09.44.14:040][639]LogWorld: Bringing World /Game/UEDPIE_0_MyFirstLevel.MyFirstLevel up for play (max tick rate 0) at 2016.01.29-10.44.14
[2016.01.29-09.44.14:040][639]LogActor:Warning: GameSession /Game/UEDPIE_0_MyFirstLevel.MyFirstLevel:PersistentLevel.GameSession_3 has natively added scene component(s), but none of them were set as the actor's RootComponent - picking one arbitrarily
[2016.01.29-09.44.14:040][639]LogActor:Warning: GameNetworkManager /Game/UEDPIE_0_MyFirstLevel.MyFirstLevel:PersistentLevel.GameNetworkManager_3 has natively added scene component(s), but none of them were set as the actor's RootComponent - picking one arbitrarily
[2016.01.29-09.44.14:041][639]LogWorld: Bringing up level for play took: 0.012816
[2016.01.29-09.44.14:043][639]PIE: Info Play in editor start time for /Game/UEDPIE_0_MyFirstLevel 0.909
[2016.01.29-09.44.22:318][624]LogParticles: Destroying 0 GPU particle simulations for FXSystem 0x0000001AE8D79800
[2016.01.29-09.44.34:550][857]LogUObjectHash:Warning: Ambiguous search, could be K2Node_CallFunction /Game/BP_Avatar.BP_Avatar:EventGraph.K2Node_CallFunction_2547 or K2Node_CallFunction /Engine/Transient.PROTO_BP_Blueprint_0:UserConstructionScript.K2Node_CallFunction_2547
[2016.01.29-09.44.34:550][857]LogProperty:Warning: ObjectProperty /Script/Engine.EdGraphPin:LinkedTo.LinkedTo: unresolved reference to 'EdGraphPin'K2Node_CallFunction_2547.EdGraphPin_6896''
[2016.01.29-09.44.34:551][857]LogUObjectHash:Warning: Ambiguous search, could be K2Node_CallFunction /Game/BP_Avatar.BP_Avatar:EventGraph.K2Node_CallFunction_2548 or K2Node_CallFunction /Engine/Transient.PROTO_BP_Blueprint_0:UserConstructionScript.K2Node_CallFunction_2548
[2016.01.29-09.44.34:551][857]LogProperty:Warning: ObjectProperty /Script/Engine.EdGraphPin:LinkedTo.LinkedTo: unresolved reference to 'EdGraphPin'K2Node_CallFunction_2548.EdGraphPin_6919''
[2016.01.29-09.44.34:551][857]LogUObjectHash:Warning: Ambiguous search, could be K2Node_VariableGet /Engine/EngineSky/BP_Sky_Sphere.BP_Sky_Sphere:UserConstructionScript.K2Node_VariableGet_95 or K2Node_VariableGet /Game/BP_Avatar.BP_Avatar:EventGraph.K2Node_VariableGet_95
[2016.01.29-09.44.34:551][857]LogUObjectHash:Warning: Ambiguous search, could be K2Node_VariableGet /Engine/EngineSky/BP_Sky_Sphere.BP_Sky_Sphere:UserConstructionScript.K2Node_VariableGet_95 or K2Node_VariableGet /Engine/Transient.PROTO_BP_Blueprint_0:UserConstructionScript.K2Node_VariableGet_95
[2016.01.29-09.44.34:551][857]LogProperty:Warning: ObjectProperty /Script/Engine.EdGraphPin:LinkedTo.LinkedTo: unresolved reference to 'EdGraphPin'K2Node_VariableGet_95.EdGraphPin_6820''
[2016.01.29-09.44.34:551][857]LogUObjectHash:Warning: Ambiguous search, could be K2Node_CallFunction /Game/BP_Avatar.BP_Avatar:EventGraph.K2Node_CallFunction_2548 or K2Node_CallFunction /Engine/Transient.PROTO_BP_Blueprint_0:UserConstructionScript.K2Node_CallFunction_2548
[2016.01.29-09.44.34:551][857]LogProperty:Warning: ObjectProperty /Script/Engine.EdGraphPin:LinkedTo.LinkedTo: unresolved reference to 'EdGraphPin'K2Node_CallFunction_2548.EdGraphPin_6916''
[2016.01.29-09.44.34:551][857]LogProperty:Warning: ObjectProperty /Script/Engine.EdGraphPin:LinkedTo.LinkedTo: unresolved reference to 'EdGraphPin'K2Node_CallFunction_2547.EdGraphPin_6898''
[2016.01.29-09.44.34:551][857]LogUObjectHash:Warning: Ambiguous search, could be K2Node_VariableGet /Game/BP_Avatar.BP_Avatar:EventGraph.K2Node_VariableGet_99 or K2Node_VariableGet /Engine/Transient.PROTO_BP_Blueprint_0:UserConstructionScript.K2Node_VariableGet_99
[2016.01.29-09.44.34:551][857]LogProperty:Warning: ObjectProperty /Script/Engine.EdGraphPin:LinkedTo.LinkedTo: unresolved reference to 'EdGraphPin'K2Node_VariableGet_99.EdGraphPin_6826''
[2016.01.29-09.44.34:551][857]LogUObjectHash:Warning: Ambiguous search, could be K2Node_CallFunction /Game/BP_Avatar.BP_Avatar:EventGraph.K2Node_CallFunction_2549 or K2Node_CallFunction /Engine/Transient.PROTO_BP_Blueprint_0:UserConstructionScript.K2Node_CallFunction_2549
[2016.01.29-09.44.34:552][857]LogProperty:Warning: ObjectProperty /Script/Engine.EdGraphPin:LinkedTo.LinkedTo: unresolved reference to 'EdGraphPin'K2Node_CallFunction_2549.EdGraphPin_6914''
[2016.01.29-09.44.34:552][857]LogProperty:Warning: ObjectProperty /Script/Engine.EdGraphPin:LinkedTo.LinkedTo: unresolved reference to 'EdGraphPin'K2Node_CallFunction_2547.EdGraphPin_6899''
[2016.01.29-09.44.34:552][857]LogProperty:Warning: ObjectProperty /Script/Engine.EdGraphPin:LinkedTo.LinkedTo: unresolved reference to 'EdGraphPin'K2Node_CallFunction_2547.EdGraphPin_6897''
[2016.01.29-09.44.34:552][857]LogProperty:Warning: ObjectProperty /Script/Engine.EdGraphPin:LinkedTo.LinkedTo: unresolved reference to 'EdGraphPin'K2Node_CallFunction_2548.EdGraphPin_6917''
[2016.01.29-09.44.34:552][857]LogProperty:Warning: ObjectProperty /Script/Engine.EdGraphPin:LinkedTo.LinkedTo: unresolved reference to 'EdGraphPin'K2Node_CallFunction_2587.EdGraphPin_6937''
[2016.01.29-09.44.34:552][857]LogUObjectHash:Warning: Ambiguous search, could be K2Node_VariableGet /Game/BP_Avatar.BP_Avatar:EventGraph.K2Node_VariableGet_100 or K2Node_VariableGet /Engine/Transient.PROTO_BP_Blueprint_0:UserConstructionScript.K2Node_VariableGet_100
[2016.01.29-09.44.34:552][857]LogProperty:Warning: ObjectProperty /Script/Engine.EdGraphPin:LinkedTo.LinkedTo: unresolved reference to 'EdGraphPin'K2Node_VariableGet_100.EdGraphPin_6853''
[2016.01.29-09.44.34:552][857]LogProperty:Warning: ObjectProperty /Script/Engine.EdGraphPin:LinkedTo.LinkedTo: unresolved reference to 'EdGraphPin'K2Node_CallFunction_2548.EdGraphPin_6913''
[2016.01.29-09.44.34:553][857]LogBlueprint:Warning: [BP_Avatar] CreatePinForVariable: 'KinectInterface' variable not found. Base class was probably changed.
[2016.01.29-09.44.34:553][857]LogBlueprint:Warning: [BP_Avatar] CreatePinForVariable: 'KinectInterface' variable not found. Base class was probably changed.
[2016.01.29-09.44.34:557][857]LogActorComponent: UnregisterComponent: (/Engine/Transient.CharMoveComp) Not registered. Aborting.
[2016.01.29-09.44.34:557][857]LogActorComponent: UnregisterComponent: (/Engine/Transient.CharacterMovementComponent_5) Not registered. Aborting.
[2016.01.29-09.44.46:017][201]LogActorComponent: UnregisterComponent: (/Engine/Transient.CharacterMovementComponent_6) Not registered. Aborting.
[2016.01.29-09.44.51:793][870]Cmd: CLOSE_SLATE_MAINFRAME
[2016.01.29-09.44.51:794][870]LogActorComponent: UnregisterComponent: (/Engine/Transient.CharacterMovementComponent_7) Not registered. Aborting.
[2016.01.29-09.44.55:049][870]LogWindowsTextInputMethodSystem:Display: IME system now deactivated.
[2016.01.29-09.44.55:292][871]Cmd: QUIT_EDITOR
[2016.01.29-09.44.57:359][871]LogExit: Preparing to exit.
[2016.01.29-09.44.58:582][871]LogExit: Editor shut down
[2016.01.29-09.44.58:582][871]LogExit: Transaction tracking system shut down
[2016.01.29-09.44.58:583][871]LogParticles: Destroying 0 GPU particle simulations for FXSystem 0x0000001AA6D8AAC0
[2016.01.29-09.44.58:583][871]LogParticles: Destroying 0 GPU particle simulations for FXSystem 0x0000001AE6AB7C40
[2016.01.29-09.44.58:583][871]LogParticles: Destroying 0 GPU particle simulations for FXSystem 0x0000001AC85BF880
[2016.01.29-09.44.58:585][871]LogParticles: Destroying 0 GPU particle simulations for FXSystem 0x0000001AD65A5F80
[2016.01.29-09.44.58:585][871]LogParticles: Destroying 0 GPU particle simulations for FXSystem 0x0000001AC75934C0
[2016.01.29-09.44.58:586][871]LogParticles: Destroying 0 GPU particle simulations for FXSystem 0x0000001AC86099E0
[2016.01.29-09.44.58:588][871]LogParticles: Destroying 0 GPU particle simulations for FXSystem 0x0000001ADA34E5C0
[2016.01.29-09.44.58:588][871]LogParticles: Destroying 0 GPU particle simulations for FXSystem 0x0000001ADA34E3E0
[2016.01.29-09.44.58:589][871]LogParticles: Destroying 0 GPU particle simulations for FXSystem 0x0000001AC70CAC00
[2016.01.29-09.44.58:602][871]LeapPluginLog: LeapController::CleanupEventData Delete Called
[2016.01.29-09.44.58:762][871]LogExit: Object subsystem successfully closed.
[2016.01.29-09.44.58:772][871]LogD3D11RHI: Shutdown
[2016.01.29-09.44.58:772][871]LogD3D11RHI: CleanupD3DDevice
[2016.01.29-09.44.58:824][871]LogD3D11RHI: ~FD3D11DynamicRHI
[2016.01.29-09.44.59:053][871]LogCrashTracker: 


[2016.01.29-09.44.59:053][871]LogCrashTracker: 


[2016.01.29-09.44.59:053][871]LogWindows: === Critical error: ===


