[2016.01.04-16.51.19:677][  0]Log file open, 01/04/16 17:51:19
[2016.01.04-16.51.19:677][  0]LogInit:Display: Running engine for game: TheBeginning
[2016.01.04-16.51.19:677][  0]LogInit:Display: RandInit(979782456) SRandInit(979782457).
[2016.01.04-16.51.19:677][  0]LogTaskGraph: Started task graph with 4 named threads and 5 total threads.
[2016.01.04-16.51.19:677][  0]LogStats: Stats thread started at 0.283314
[2016.01.04-16.51.19:677][  0]LogInit: Version: 4.9.2-2707645+++depot+UE4-Releases+4.9
[2016.01.04-16.51.19:677][  0]LogInit: API Version: 2672455
[2016.01.04-16.51.19:677][  0]LogInit: Compiled (64-bit): Sep 28 2015 10:25:44
[2016.01.04-16.51.19:677][  0]LogInit: Compiled with Visual C++: 18.00.21005.01
[2016.01.04-16.51.19:677][  0]LogInit: Build Configuration: Development
[2016.01.04-16.51.19:677][  0]LogInit: Branch Name: ++depot+UE4-Releases+4.9
[2016.01.04-16.51.19:677][  0]LogInit: Command line:  
[2016.01.04-16.51.19:677][  0]LogInit: Base directory: C:/Program Files/Epic Games/4.9/Engine/Binaries/Win64/
[2016.01.04-16.51.19:677][  0]LogInit: Rocket: 1
[2016.01.04-16.51.19:743][  0]LogInit: Using libcurl 7.41.0
[2016.01.04-16.51.19:743][  0]LogInit:  - built for x86_64-pc-win32
[2016.01.04-16.51.19:743][  0]LogInit:  - supports SSL with WinSSL
[2016.01.04-16.51.19:743][  0]LogInit:  - other features:
[2016.01.04-16.51.19:744][  0]LogInit:      CURL_VERSION_SSL
[2016.01.04-16.51.19:744][  0]LogInit:      CURL_VERSION_IPV6
[2016.01.04-16.51.19:744][  0]LogInit:      CURL_VERSION_ASYNCHDNS
[2016.01.04-16.51.19:744][  0]LogInit:      CURL_VERSION_LARGEFILE
[2016.01.04-16.51.19:744][  0]LogInit:      CURL_VERSION_IDN
[2016.01.04-16.51.19:744][  0]LogInit:  CurlRequestOptions (configurable via config and command line):
[2016.01.04-16.51.19:744][  0]LogInit:  - bVerifyPeer = true  - Libcurl will verify peer certificate
[2016.01.04-16.51.19:744][  0]LogInit:  - bUseHttpProxy = false  - Libcurl will NOT use HTTP proxy
[2016.01.04-16.51.19:744][  0]LogInit:  - bDontReuseConnections = false  - Libcurl will reuse connections
[2016.01.04-16.51.19:744][  0]LogInit:  - CertBundlePath = nullptr  - Libcurl will use whatever was configured at build time.
[2016.01.04-16.51.19:791][  0]LogInit: Presizing for 0 objects not considered by GC, pre-allocating 0 bytes.
[2016.01.04-16.51.19:831][  0]LogInit: Object subsystem initialized
[2016.01.04-16.51.19:840][  0]LogInit: Selected Device Profile: [Windows]
[2016.01.04-16.51.19:840][  0]LogInit: Applying CVar settings loaded from the selected device profile: [Windows]
[2016.01.04-16.51.19:917][  0]LogInit: Computer: CPT
[2016.01.04-16.51.19:917][  0]LogInit: User: Martin
[2016.01.04-16.51.19:917][  0]LogInit: CPU Page size=4096, Cores=2
[2016.01.04-16.51.19:917][  0]LogInit: High frequency timer resolution =2.240910 MHz
[2016.01.04-16.51.19:917][  0]LogMemory: Memory total: Physical=3.9GB (4GB approx)
[2016.01.04-16.51.19:917][  0]LogMemory: Platform Memory Stats for Windows
[2016.01.04-16.51.19:917][  0]LogMemory: Process Physical Memory: 52.43 MB used, 52.43 MB peak
[2016.01.04-16.51.19:917][  0]LogMemory: Process Virtual Memory: 57.00 MB used, 57.00 MB peak
[2016.01.04-16.51.19:917][  0]LogMemory: Physical Memory: 2208.29 MB used, 4002.88 MB total
[2016.01.04-16.51.19:917][  0]LogMemory: Virtual Memory: 347.57 MB used, 134217728.00 MB total
[2016.01.04-16.51.20:303][  0]LogTextLocalizationManager: No translations for ('de-DE') exist, falling back to 'en' for localization and internationalization data.
[2016.01.04-16.51.24:413][  0]LogD3D11RHI: Found D3D11 adapter 0: Intel(R) HD Graphics Family (Feature Level 11_0)
[2016.01.04-16.51.24:413][  0]LogD3D11RHI: Adapter has 0MB of dedicated video memory, 0MB of dedicated system memory, and 1792MB of shared system memory, 1 output[s]
[2016.01.04-16.51.24:420][  0]LogD3D11RHI: Found D3D11 adapter 1: Microsoft Basic Render Driver (Feature Level 11_0)
[2016.01.04-16.51.24:420][  0]LogD3D11RHI: Adapter has 0MB of dedicated video memory, 0MB of dedicated system memory, and 256MB of shared system memory, 0 output[s]
[2016.01.04-16.51.24:421][  0]LogD3D11RHI: Chosen D3D11 Adapter Id = 0
[2016.01.04-16.51.24:434][  0]LogD3D11RHI: !Direct3DDevice
[2016.01.04-16.51.24:434][  0]LogRHI: Texture pool is 627 MB (70% of 896 MB)
[2016.01.04-16.51.24:460][  0]LogD3D11RHI: Async texture creation enabled
[2016.01.04-16.51.24:484][  0]LogShaderCompilers: Guid format shader working directory is 15 characters bigger than the processId version (../../../../../../Users/Martin/Documents/Unreal Projects/TheBeginning/Intermediate/Shaders/WorkingDirectory/1912/).
[2016.01.04-16.51.24:485][  0]LogShaderCompilers: Cleaned the shader compiler working directory '../../../../../../Users/Martin/Documents/Unreal Projects/TheBeginning/Intermediate/Shaders/tmp/3FD3828646477EE1E1EAA18363F55427/'.
[2016.01.04-16.51.24:485][  0]LogShaderCompilers:Display: Using Local Shader Compiler.
[2016.01.04-16.51.32:961][  0]LogTemp:Display: Loaded TP AllDesktopTargetPlatform
[2016.01.04-16.51.32:999][  0]LogTemp:Display: Loaded TP WindowsClientTargetPlatform
[2016.01.04-16.51.33:037][  0]LogTemp:Display: Loaded TP WindowsNoEditorTargetPlatform
[2016.01.04-16.51.33:078][  0]LogTemp:Display: Loaded TP WindowsServerTargetPlatform
[2016.01.04-16.51.33:118][  0]LogTemp:Display: Loaded TP WindowsTargetPlatform
[2016.01.04-16.51.33:156][  0]LogTemp:Display: Loaded TP AndroidTargetPlatform
[2016.01.04-16.51.33:185][  0]LogTemp:Display: Loaded TP Android_ASTCTargetPlatform
[2016.01.04-16.51.33:213][  0]LogTemp:Display: Loaded TP Android_ATCTargetPlatform
[2016.01.04-16.51.33:238][  0]LogTemp:Display: Loaded TP Android_DXTTargetPlatform
[2016.01.04-16.51.33:264][  0]LogTemp:Display: Loaded TP Android_ETC1TargetPlatform
[2016.01.04-16.51.33:289][  0]LogTemp:Display: Loaded TP Android_ETC2TargetPlatform
[2016.01.04-16.51.33:311][  0]LogTemp:Display: Loaded TP Android_PVRTCTargetPlatform
[2016.01.04-16.51.33:317][  0]LogTemp:Display: Loaded TP HTML5TargetPlatform
[2016.01.04-16.51.33:384][  0]LogTemp:Display: Loaded TP IOSTargetPlatform
[2016.01.04-16.51.33:405][  0]LogTemp:Display: Loaded TP LinuxNoEditorTargetPlatform
[2016.01.04-16.51.33:431][  0]LogTemp:Display: Loaded TP LinuxServerTargetPlatform
[2016.01.04-16.51.33:467][  0]LogTemp:Display: Loaded TP LinuxTargetPlatform
[2016.01.04-16.51.33:467][  0]LogTargetPlatformManager:Display: Building Assets For Windows
[2016.01.04-16.51.34:268][  0]LogDerivedDataCache:Display: Max Cache Size: 512 MB
[2016.01.04-16.51.34:588][  0]LogDerivedDataCache: Loaded boot cache 0.32s 41MB C:/Users/Martin/AppData/Local/UnrealEngine/4.9/DerivedDataCache/Boot.ddc.
[2016.01.04-16.51.34:588][  0]LogDerivedDataCache:Display: Loaded Boot cache: C:/Users/Martin/AppData/Local/UnrealEngine/4.9/DerivedDataCache/Boot.ddc
[2016.01.04-16.51.34:589][  0]LogDerivedDataCache: FDerivedDataBackendGraph:  Pak pak cache file ../../../../../../Users/Martin/Documents/Unreal Projects/TheBeginning/DerivedDataCache/DDC.ddp not found, will not use a pak cache.
[2016.01.04-16.51.34:589][  0]LogDerivedDataCache: Unable to find inner node Pak for hierarchical cache Hierarchy.
[2016.01.04-16.51.34:590][  0]LogDerivedDataCache: FDerivedDataBackendGraph:  CompressedPak pak cache file ../../../../../../Users/Martin/Documents/Unreal Projects/TheBeginning/DerivedDataCache/Compressed.ddp not found, will not use a pak cache.
[2016.01.04-16.51.34:590][  0]LogDerivedDataCache: Unable to find inner node CompressedPak for hierarchical cache Hierarchy.
[2016.01.04-16.51.35:397][  0]LogDerivedDataCache:Display: Pak cache opened for reading ../../../Engine/DerivedDataCache/Compressed.ddp.
[2016.01.04-16.51.35:415][  0]LogDerivedDataCache: Using Local data cache path C:/Users/Martin/AppData/Local/UnrealEngine/Common/DerivedDataCache: Writable
[2016.01.04-16.51.38:010][  0]LogInit: Selected Device Profile: [Windows]
[2016.01.04-16.51.38:033][  0]LogContentStreaming: Texture pool size is 0.000000MB
[2016.01.04-16.51.38:975][  0]LogMeshUtilities: No automatic mesh reduction module available
[2016.01.04-16.51.38:975][  0]LogMeshUtilities: No automatic mesh merging module available
[2016.01.04-16.51.42:933][  0]LogInit: WinSock: version 1.1 (2.2), MaxSocks=32767, MaxUdp=65467
[2016.01.04-16.51.58:934][  0]UdpMessaging: Initializing bridge on interface 0.0.0.0:0 to multicast group 230.0.0.1:6666.
[2016.01.04-16.51.59:575][  0]LogAssetRegistry: FAssetRegistry took 0.0135 seconds to start up
[2016.01.04-16.52.00:927][  0]SourceControl: Info Source control is disabled
[2016.01.04-16.52.00:978][  0]SourceControl: Info Source control is disabled
[2016.01.04-16.52.01:090][  0]SourceControl: Info Source control is disabled
[2016.01.04-16.52.01:204][  0]SourceControl: Info Source control is disabled
[2016.01.04-16.52.02:796][  0]LogLinker:Warning: Asset '../../../Engine/Plugins/Runtime/LeapMotionController/Content/LM_PassthroughMaterial.uasset' has been saved with empty engine version. The asset will be loaded but may be incompatible.
[2016.01.04-16.52.03:482][  0]LogObj: 28434 objects as part of root set at end of initial load.
[2016.01.04-16.52.03:482][  0]LogUObjectAllocator: 6087440 out of 0 bytes used by permanent object pool.
[2016.01.04-16.52.03:822][  0]LogEngine: Initializing Engine...
[2016.01.04-16.52.03:878][  0]LogHMD: Can't find Oculus library dev build: is proper Runtime installed? Version: 0.7.0.0
[2016.01.04-16.52.03:923][  0]LogHMD: SteamVR failed to initialize.  Err: 110
[2016.01.04-16.52.04:656][  0]LogAIModule: Creating AISystem for world NewWorld
[2016.01.04-16.52.04:719][  0]LogInit: XAudio2 using 'Lautsprecher/Kopfhörer (Realtek High Definition Audio)' : 2 channels at 44.1 kHz using 16 bits per sample (channel mask 0x3)
[2016.01.04-16.52.05:187][  0]LogInit: FAudioDevice initialized.
[2016.01.04-16.52.05:268][  0]LogDerivedDataCache: Saved boot cache 0.08s 41MB C:/Users/Martin/AppData/Local/UnrealEngine/4.9/DerivedDataCache/Boot.ddc.
[2016.01.04-16.52.05:282][  0]LogInit: Texture streaming: Enabled
[2016.01.04-16.52.05:321][  0]LogAnalytics: Creating configured Analytics provider AnalyticsET
[2016.01.04-16.52.05:321][  0]LogAnalytics: [UEEditor.Rocket.Release] APIServer = http://et2.epicgames.com/ET2/. AppVersion = 4.9.2-2707645+++depot+UE4-Releases+4.9
[2016.01.04-16.52.05:322][  0]LogAnalytics: [UEEditor.Rocket.Release] SetUserId 367b6b074558a321ab68ca91f2a3f4db|81f01d6b67df48cfa9231b1643757103|3d0c64b6-e6bd-4413-84d0-216f80d00fa1
[2016.01.04-16.52.05:323][  0]LogAnalytics: [UEEditor.Rocket.Release] AnalyticsET::StartSession
[2016.01.04-16.52.05:380][  0]LogWindowsTextInputMethodSystem:Display: IME system now deactivated.
[2016.01.04-16.52.05:381][  0]LogWindowsTextInputMethodSystem:Display: IME system now deactivated.
[2016.01.04-16.52.05:513][  0]LogInit: Transaction tracking system initialized
[2016.01.04-16.52.05:746][  0]BlueprintLog: New page: Editor Load
[2016.01.04-16.52.06:510][  0]LocalizationService: Info Localization service is disabled
[2016.01.04-16.52.07:904][  0]LogConsoleResponse:Display: 
[2016.01.04-16.52.08:748][  0]LogCook:Display: Done creating registry. It took  0.00s.
[2016.01.04-16.52.09:280][  0]LogFileCache: Scanning file cache for directory 'C:/Users/Martin/Documents/Unreal Projects/TheBeginning/Content/' took 0.04s
[2016.01.04-16.52.09:337][  0]SourceControl: Info Source control is disabled
[2016.01.04-16.52.09:342][  0]Cmd: MAP LOAD FILE="../../../../../../Users/Martin/Documents/Unreal Projects/TheBeginning/Content/StarterContent/Maps/Minimal_Default.umap" TEMPLATE=0 SHOWPROGRESS=1 FEATURELEVEL=3
[2016.01.04-16.52.09:350][  0]LightingResults: New page: Lighting Build
[2016.01.04-16.52.09:388][  0]MapCheck: New page: Map Check
[2016.01.04-16.52.09:388][  0]LightingResults: New page: Lighting Build
[2016.01.04-16.52.09:528][  0]LogParticles: Destroying 0 GPU particle simulations for FXSystem 0x0000001BA5A26160
[2016.01.04-16.52.12:096][  0]LogAIModule: Creating AISystem for world Minimal_Default
[2016.01.04-16.52.12:307][  0]LogEditorServer: Finished looking for orphan Actors (0.044 secs)
[2016.01.04-16.52.12:356][  0]Cmd: MAP CHECKDEP NOCLEARLOG
[2016.01.04-16.52.12:838][  0]MapCheck: Info Map check complete: 0 Error(s), 0 Warning(s), took 480.621ms to complete.
[2016.01.04-16.52.12:839][  0]LogFileHelpers: Loading map 'Minimal_Default' took 3.499
[2016.01.04-16.52.13:364][  0]LogCollectionManager: Loaded 0 collections in 0.014878 seconds
[2016.01.04-16.52.13:490][  0]LogFileCache: Scanning file cache for directory 'C:/Users/Martin/Documents/Unreal Projects/TheBeginning/Saved/Collections/' took 0.01s
[2016.01.04-16.52.13:490][  0]LogFileCache: Scanning file cache for directory 'C:/Users/Martin/Documents/Unreal Projects/TheBeginning/Content/Developers/Martin/Collections/' took 0.01s
[2016.01.04-16.52.13:490][  0]LogFileCache: Scanning file cache for directory 'C:/Users/Martin/Documents/Unreal Projects/TheBeginning/Content/Collections/' took 0.01s
[2016.01.04-16.52.13:490][  0]LogContentBrowser: Native class hierarchy populated in 0.0608 seconds. Added 1874 classes and 335 folders.
[2016.01.04-16.52.13:529][  0]LogCollectionManager: Rebuilt the GUID cache for 0 collections in 0.000011 seconds
[2016.01.04-16.52.13:594][  0]LogContentBrowser: Native class hierarchy updated for 'WidgetCarousel' in 0.0122 seconds. Added 0 classes and 0 folders.
[2016.01.04-16.52.14:404][  0]LogContentBrowser: Native class hierarchy updated for 'AddContentDialog' in 0.0118 seconds. Added 0 classes and 0 folders.
[2016.01.04-16.52.14:447][  0]LogContentBrowser: Native class hierarchy updated for 'SceneOutliner' in 0.0118 seconds. Added 1 classes and 2 folders.
[2016.01.04-16.52.14:650][  0]LogCrashTracker: Crashtracker disabled due to settings.
[2016.01.04-16.52.14:692][  0]LogUObjectGlobals:Warning: Failed to find object 'Class None.'
[2016.01.04-16.52.14:748][  0]LogLoad: Full Startup: 60.16 seconds (BP compile: 0.65 seconds)
[2016.01.04-16.52.15:001][  0]LogContentStreaming: Texture pool size now 200 MB
[2016.01.04-16.52.15:577][  0]LogRenderer: Reallocating scene render targets to support 1212x568 (Frame:2).
[2016.01.04-16.52.20:254][ 15]LogAssetRegistry: Asset discovery search completed in 20.6907 seconds
[2016.01.04-16.52.20:255][ 15]LogCollectionManager: Rebuilt the object cache for 0 collections in 0.000005 seconds (found 0 objects)
[2016.01.04-16.52.20:256][ 15]LogCollectionManager: Fixed up redirectors for 0 collections in 0.001611 seconds (updated 0 objects)
[2016.01.04-16.52.45:331][411]Cmd: MAP LOAD FILE="../../../../../../Users/Martin/Documents/Unreal Projects/TheBeginning/Content/Untitled.umap" TEMPLATE=0 SHOWPROGRESS=1 FEATURELEVEL=3
[2016.01.04-16.52.45:382][411]LightingResults: New page: Lighting Build
[2016.01.04-16.52.45:517][411]LoadErrors: New page: Loading map: Untitled.umap
[2016.01.04-16.52.45:527][411]MapCheck: New page: Map Check
[2016.01.04-16.52.45:527][411]LightingResults: New page: Lighting Build
[2016.01.04-16.52.45:631][411]LogParticles: Destroying 0 GPU particle simulations for FXSystem 0x0000001B95F42DE0
[2016.01.04-16.52.46:303][411]LogBlueprint:Warning: [compiler Ue4ASP_Character] Warning InputAction Event references unknown Action 'Crouch' for  InputAction Crouch 
[2016.01.04-16.52.46:304][411]LogBlueprint:Warning: [compiler Ue4ASP_Character] Warning Input Axis Event references unknown Axis 'LookUp' for  InputAxis LookUp 
[2016.01.04-16.52.46:305][411]LogBlueprint:Warning: [compiler Ue4ASP_Character] Warning Input Axis Event references unknown Axis 'Turn' for  InputAxis Turn 
[2016.01.04-16.52.46:306][411]LogBlueprint:Warning: [compiler Ue4ASP_Character] Warning Input Axis Event references unknown Axis 'MoveRight' for  InputAxis MoveRight 
[2016.01.04-16.52.46:308][411]LogBlueprint:Warning: [compiler Ue4ASP_Character] Warning Input Axis Event references unknown Axis 'MoveForward' for  InputAxis MoveForward 
[2016.01.04-16.52.46:326][411]LogBlueprint:Warning: [compiler Ue4ASP_Character] Warning [0091.74] Compile of Ue4ASP_Character successful, but with 5 Warning(s) [in 59 ms]
[2016.01.04-16.52.46:327][411]LogBlueprint:Warning: [compiler Ue4ASP_Character] Warning [0091.74] Compile of Ue4ASP_Character successful, but with 6 Warning(s) [in 0 ms]
[2016.01.04-16.52.46:327][411]LogBlueprint:Warning: [compiler Ue4ASP_Character] Warning [0091.74] Compile of Ue4ASP_Character successful, but with 7 Warning(s) [in 0 ms]
[2016.01.04-16.52.46:836][411]LogBlueprint:Warning: [compiler Ue4ASP_Character] Warning InputAction Event references unknown Action 'Crouch' for  InputAction Crouch 
[2016.01.04-16.52.46:838][411]LogBlueprint:Warning: [compiler Ue4ASP_Character] Warning Input Axis Event references unknown Axis 'LookUp' for  InputAxis LookUp 
[2016.01.04-16.52.46:839][411]LogBlueprint:Warning: [compiler Ue4ASP_Character] Warning Input Axis Event references unknown Axis 'Turn' for  InputAxis Turn 
[2016.01.04-16.52.46:840][411]LogBlueprint:Warning: [compiler Ue4ASP_Character] Warning Input Axis Event references unknown Axis 'MoveRight' for  InputAxis MoveRight 
[2016.01.04-16.52.46:842][411]LogBlueprint:Warning: [compiler Ue4ASP_Character] Warning Input Axis Event references unknown Axis 'MoveForward' for  InputAxis MoveForward 
[2016.01.04-16.52.46:858][411]LogBlueprint:Warning: [compiler Ue4ASP_Character] Warning [0092.27] Compile of Ue4ASP_Character successful, but with 5 Warning(s) [in 59 ms]
[2016.01.04-16.52.46:858][411]LogBlueprint:Warning: [compiler Ue4ASP_Character] Warning [0092.27] Compile of Ue4ASP_Character successful, but with 6 Warning(s) [in 0 ms]
[2016.01.04-16.52.46:861][411]LogBlueprint:Warning: [compiler Ue4ASP_Character] Warning [0092.27] Compile of Ue4ASP_Character successful, but with 7 Warning(s) [in 1 ms]
[2016.01.04-16.52.48:113][411]LogAIModule: Creating AISystem for world Untitled
[2016.01.04-16.52.48:824][411]LogEditorServer: Finished looking for orphan Actors (0.000 secs)
[2016.01.04-16.52.49:072][411]Cmd: MAP CHECKDEP NOCLEARLOG
[2016.01.04-16.52.49:626][411]MapCheck: Info Map check complete: 0 Error(s), 0 Warning(s), took 552.617ms to complete.
[2016.01.04-16.52.49:626][411]LogFileHelpers: Loading map 'Untitled' took 4.302
[2016.01.04-16.52.49:770][412]Cmd: UpdateLandscapeEditorData -warnings
[2016.01.04-16.52.57:110][565]LogActorComponent: UnregisterComponent: (/Engine/Transient.CharMoveComp) Not registered. Aborting.
[2016.01.04-16.52.57:276][565]Cmd: MAP LOAD FILE="../../../../../../Users/Martin/Documents/Unreal Projects/TheBeginning/Content/MyFirstLevel.umap" TEMPLATE=0 SHOWPROGRESS=1 FEATURELEVEL=3
[2016.01.04-16.52.57:323][565]LightingResults: New page: Lighting Build
[2016.01.04-16.52.57:465][565]LoadErrors: New page: Loading map: MyFirstLevel.umap
[2016.01.04-16.52.57:473][565]MapCheck: New page: Map Check
[2016.01.04-16.52.57:473][565]LightingResults: New page: Lighting Build
[2016.01.04-16.52.57:585][565]LogParticles: Destroying 0 GPU particle simulations for FXSystem 0x0000001BB8E2DDA0
[2016.01.04-16.52.57:988][565]LogAIModule: Creating AISystem for world MyFirstLevel
[2016.01.04-16.52.58:600][565]LogEditorServer: Finished looking for orphan Actors (0.000 secs)
[2016.01.04-16.52.58:847][565]Cmd: MAP CHECKDEP NOCLEARLOG
[2016.01.04-16.52.59:413][565]MapCheck: Info Map check complete: 0 Error(s), 0 Warning(s), took 565.51ms to complete.
[2016.01.04-16.52.59:413][565]LogFileHelpers: Loading map 'MyFirstLevel' took 2.142
[2016.01.04-16.52.59:508][566]Cmd: UpdateLandscapeEditorData
[2016.01.04-16.52.59:514][566]Cmd: UpdateLandscapeEditorData -warnings
[2016.01.04-16.53.46:275][491]Cmd: DELETE
[2016.01.04-16.53.46:275][491]Cmd: ACTOR DELETE
[2016.01.04-16.53.46:281][491]LogEditorActor: Deleted Actor: AtmosphericFog
[2016.01.04-16.53.46:283][491]LogActorComponent: UnregisterComponent: (/Engine/Transient.CharMoveComp) Not registered. Aborting.
[2016.01.04-16.53.46:391][491]LogEditorActor: Deleted 1 Actors (0.114 secs)
[2016.01.04-16.53.50:122][554]LogTexture:Display: Building textures: Texture2D_2 (G8)
[2016.01.04-16.53.52:691][601]LogActorComponent: UnregisterComponent: (/Engine/Transient.SphereBrushComponent) Not registered. Aborting.
[2016.01.04-16.54.05:843][832]Cmd: DELETE
[2016.01.04-16.54.05:843][832]Cmd: ACTOR DELETE
[2016.01.04-16.54.05:846][832]LogEditorActor: Deleted Actor: SkyLight
[2016.01.04-16.54.05:847][832]LogActorComponent: UnregisterComponent: (/Engine/Transient.CharMoveComp) Not registered. Aborting.
[2016.01.04-16.54.05:975][832]LogEditorActor: Deleted 1 Actors (0.130 secs)
[2016.01.04-16.55.09:464][605]LogActorComponent: UnregisterComponent: (/Engine/Transient.CharMoveComp) Not registered. Aborting.
[2016.01.04-16.55.09:464][605]LogActorComponent: UnregisterComponent: (/Engine/Transient.MovementComponent0) Not registered. Aborting.
[2016.01.04-16.55.11:270][605]Cmd: MAP LOAD FILE="../../../../../../Users/Martin/Documents/Unreal Projects/TheBeginning/Content/Untitled.umap" TEMPLATE=0 SHOWPROGRESS=1 FEATURELEVEL=3
[2016.01.04-16.55.11:312][605]LightingResults: New page: Lighting Build
[2016.01.04-16.55.11:432][605]LoadErrors: New page: Loading map: Untitled.umap
[2016.01.04-16.55.11:437][605]MapCheck: New page: Map Check
[2016.01.04-16.55.11:437][605]LightingResults: New page: Lighting Build
[2016.01.04-16.55.11:529][605]LogParticles: Destroying 0 GPU particle simulations for FXSystem 0x0000001BB25AB880
[2016.01.04-16.55.11:689][605]LogAIModule: Creating AISystem for world Untitled
[2016.01.04-16.55.11:906][605]LogEditorServer: Finished looking for orphan Actors (0.000 secs)
[2016.01.04-16.55.12:127][605]Cmd: MAP CHECKDEP NOCLEARLOG
[2016.01.04-16.55.12:729][605]MapCheck: Info Map check complete: 0 Error(s), 0 Warning(s), took 602.127ms to complete.
[2016.01.04-16.55.12:729][605]LogFileHelpers: Loading map 'Untitled' took 1.481
[2016.01.04-16.55.12:807][606]Cmd: UpdateLandscapeEditorData
[2016.01.04-16.55.12:817][606]Cmd: UpdateLandscapeEditorData -warnings
[2016.01.04-16.56.03:509][472]LogActorComponent: UnregisterComponent: (/Engine/Transient.CharMoveComp) Not registered. Aborting.
[2016.01.04-16.56.03:510][472]LogActorComponent: UnregisterComponent: (/Engine/Transient.CharacterMovementComponent_0) Not registered. Aborting.
[2016.01.04-16.56.03:512][472]LogActorComponent: UnregisterComponent: (/Engine/Transient.MovementComponent0) Not registered. Aborting.
[2016.01.04-16.56.03:633][472]Cmd: MAP LOAD FILE="../../../../../../Users/Martin/Documents/Unreal Projects/TheBeginning/Content/MyFirstLevel.umap" TEMPLATE=0 SHOWPROGRESS=1 FEATURELEVEL=3
[2016.01.04-16.56.03:673][472]LightingResults: New page: Lighting Build
[2016.01.04-16.56.03:784][472]LoadErrors: New page: Loading map: MyFirstLevel.umap
[2016.01.04-16.56.03:788][472]MapCheck: New page: Map Check
[2016.01.04-16.56.03:788][472]LightingResults: New page: Lighting Build
[2016.01.04-16.56.03:887][472]LogParticles: Destroying 0 GPU particle simulations for FXSystem 0x0000001BBACCEF20
[2016.01.04-16.56.04:023][472]LogAIModule: Creating AISystem for world MyFirstLevel
[2016.01.04-16.56.04:252][472]LogEditorServer: Finished looking for orphan Actors (0.000 secs)
[2016.01.04-16.56.04:482][472]Cmd: MAP CHECKDEP NOCLEARLOG
[2016.01.04-16.56.05:008][472]MapCheck: Info Map check complete: 0 Error(s), 0 Warning(s), took 525.95ms to complete.
[2016.01.04-16.56.05:008][472]LogFileHelpers: Loading map 'MyFirstLevel' took 1.397
[2016.01.04-16.56.05:081][473]Cmd: UpdateLandscapeEditorData
[2016.01.04-16.56.05:086][473]Cmd: UpdateLandscapeEditorData -warnings
[2016.01.04-16.58.43:196][341]LogTexture:Display: Building textures: Texture2D_3 (G8)
[2016.01.04-16.58.54:388][515]LogActorComponent: UnregisterComponent: (/Engine/Transient.SphereBrushComponent) Not registered. Aborting.
[2016.01.04-17.01.07:970][692]LogPlayLevel: PlayLevel: No blueprints needed recompiling
[2016.01.04-17.01.07:975][692]PIE: New page: PIE session: MyFirstLevel (Jan 4, 2016, 7:01:07 PM)
[2016.01.04-17.01.07:976][692]LogPlayLevel: Creating play world package: /Game/UEDPIE_0_MyFirstLevel
[2016.01.04-17.01.08:024][692]LogPlayLevel: PIE: StaticDuplicateObject took: (0.047794s)
[2016.01.04-17.01.08:026][692]LogAIModule: Creating AISystem for world MyFirstLevel
[2016.01.04-17.01.08:027][692]LogPlayLevel: PIE: World Init took: (0.002987s)
[2016.01.04-17.01.08:028][692]LogPlayLevel: PIE: Created PIE world by copying editor world from /Game/MyFirstLevel.MyFirstLevel to /Game/UEDPIE_0_MyFirstLevel.MyFirstLevel (0.052296s)
[2016.01.04-17.01.08:029][692]LogActorComponent: UnregisterComponent: (/Engine/Transient.CharMoveComp) Not registered. Aborting.
[2016.01.04-17.01.08:172][692]LogInit: XAudio2 using 'Lautsprecher/Kopfhörer (Realtek High Definition Audio)' : 2 channels at 44.1 kHz using 16 bits per sample (channel mask 0x3)
[2016.01.04-17.01.08:187][692]LogAudio:Warning: CreateMasteringVoice error: Unhandled error code -2004287465
[2016.01.04-17.01.08:187][692]LogInit:Warning: Failed to create the mastering voice for XAudio2
[2016.01.04-17.01.08:464][692]LogWorld: Game class is 'BP_TheBeginningGameMode_C'
[2016.01.04-17.01.08:649][692]LogWorld: Bringing World /Game/UEDPIE_0_MyFirstLevel.MyFirstLevel up for play (max tick rate 0) at 2016.01.04-18.01.08
[2016.01.04-17.01.08:649][692]LogActor:Warning: GameSession /Game/UEDPIE_0_MyFirstLevel.MyFirstLevel:PersistentLevel.GameSession_0 has natively added scene component(s), but none of them were set as the actor's RootComponent - picking one arbitrarily
[2016.01.04-17.01.08:651][692]LogActor:Warning: GameNetworkManager /Game/UEDPIE_0_MyFirstLevel.MyFirstLevel:PersistentLevel.GameNetworkManager_0 has natively added scene component(s), but none of them were set as the actor's RootComponent - picking one arbitrarily
[2016.01.04-17.01.08:659][692]LogWorld: Bringing up level for play took: 0.180399
[2016.01.04-17.01.08:703][692]PIE: Info Play in editor start time for /Game/UEDPIE_0_MyFirstLevel 0.763
[2016.01.04-17.02.08:523][ 62]LogActorComponent: UnregisterComponent: (/Engine/Transient.CharMoveComp) Not registered. Aborting.
[2016.01.04-17.03.03:056][285]LogParticles: Destroying 0 GPU particle simulations for FXSystem 0x0000001B894E44A0
[2016.01.04-17.03.54:682][ 24]LogEditorViewport: Clicking on Actor (LMB): Landscape (Landscape5)
[2016.01.04-17.04.20:316][338]LogEditorViewport: Clicking on Actor (LMB): Landscape (Landscape5)
[2016.01.04-17.06.48:946][179]LogActorFactory: Actor Factory created SM_Couch
[2016.01.04-17.06.55:418][263]LogActorFactory: Actor Factory created SM_Couch
[2016.01.04-17.07.20:014][581]LogPlayLevel: PlayLevel: No blueprints needed recompiling
[2016.01.04-17.07.20:014][581]PIE: New page: PIE session: MyFirstLevel (Jan 4, 2016, 7:07:20 PM)
[2016.01.04-17.07.20:015][581]LogPlayLevel: Creating play world package: /Game/UEDPIE_0_MyFirstLevel
[2016.01.04-17.07.20:065][581]LogPlayLevel: PIE: StaticDuplicateObject took: (0.050335s)
[2016.01.04-17.07.20:069][581]LogAIModule: Creating AISystem for world MyFirstLevel
[2016.01.04-17.07.20:069][581]LogPlayLevel: PIE: World Init took: (0.004220s)
[2016.01.04-17.07.20:070][581]LogPlayLevel: PIE: Created PIE world by copying editor world from /Game/MyFirstLevel.MyFirstLevel to /Game/UEDPIE_0_MyFirstLevel.MyFirstLevel (0.055410s)
[2016.01.04-17.07.20:070][581]LogActorComponent: UnregisterComponent: (/Engine/Transient.CharMoveComp) Not registered. Aborting.
[2016.01.04-17.07.20:070][581]LogActorComponent: UnregisterComponent: (/Engine/Transient.CharacterMovementComponent_1) Not registered. Aborting.
[2016.01.04-17.07.20:213][581]LogInit: XAudio2 using 'Lautsprecher/Kopfhörer (Realtek High Definition Audio)' : 2 channels at 44.1 kHz using 16 bits per sample (channel mask 0x3)
[2016.01.04-17.07.20:237][581]LogInit: FAudioDevice initialized.
[2016.01.04-17.07.20:321][581]LogWorld: Game class is 'BP_TheBeginningGameMode_C'
[2016.01.04-17.07.20:502][581]LogWorld: Bringing World /Game/UEDPIE_0_MyFirstLevel.MyFirstLevel up for play (max tick rate 60) at 2016.01.04-18.07.20
[2016.01.04-17.07.20:502][581]LogActor:Warning: GameSession /Game/UEDPIE_0_MyFirstLevel.MyFirstLevel:PersistentLevel.GameSession_1 has natively added scene component(s), but none of them were set as the actor's RootComponent - picking one arbitrarily
[2016.01.04-17.07.20:504][581]LogActor:Warning: GameNetworkManager /Game/UEDPIE_0_MyFirstLevel.MyFirstLevel:PersistentLevel.GameNetworkManager_1 has natively added scene component(s), but none of them were set as the actor's RootComponent - picking one arbitrarily
[2016.01.04-17.07.20:507][581]LogWorld: Bringing up level for play took: 0.181798
[2016.01.04-17.07.20:526][581]PIE: Info Play in editor start time for /Game/UEDPIE_0_MyFirstLevel 0.586
[2016.01.04-17.07.39:500][  4]LogParticles: Destroying 0 GPU particle simulations for FXSystem 0x0000001BB9386A20
[2016.01.04-17.07.46:202][ 97]Cmd: DELETE
[2016.01.04-17.07.46:203][ 97]Cmd: ACTOR DELETE
[2016.01.04-17.07.46:206][ 97]LogEditorActor: Deleted Actor: StaticMeshActor
[2016.01.04-17.07.46:316][ 97]LogEditorActor: Deleted 1 Actors (0.113 secs)
[2016.01.04-17.07.48:391][120]LogActorFactory: Actor Factory created SM_CornerFrame
[2016.01.04-17.07.51:952][163]LogActorFactory: Actor Factory created SM_WindowFrame
[2016.01.04-17.07.54:404][195]LogActorFactory: Actor Factory created SM_WindowFrame
[2016.01.04-17.08.06:903][347]LogActorFactory: Actor Factory created SM_WindowFrame
[2016.01.04-17.08.16:621][472]LogActorFactory: Actor Factory created SM_WindowFrame
[2016.01.04-17.08.27:446][609]LogActorFactory: Actor Factory created SM_WindowFrame
[2016.01.04-17.08.41:090][785]LogActorFactory: Actor Factory created SM_WindowFrame
[2016.01.04-17.08.47:460][867]LogPlayLevel: PlayLevel: No blueprints needed recompiling
[2016.01.04-17.08.47:460][867]PIE: New page: PIE session: MyFirstLevel (Jan 4, 2016, 7:08:47 PM)
[2016.01.04-17.08.47:460][867]LogPlayLevel: Creating play world package: /Game/UEDPIE_0_MyFirstLevel
[2016.01.04-17.08.47:509][867]LogPlayLevel: PIE: StaticDuplicateObject took: (0.048362s)
[2016.01.04-17.08.47:511][867]LogAIModule: Creating AISystem for world MyFirstLevel
[2016.01.04-17.08.47:512][867]LogPlayLevel: PIE: World Init took: (0.003155s)
[2016.01.04-17.08.47:513][867]LogPlayLevel: PIE: Created PIE world by copying editor world from /Game/MyFirstLevel.MyFirstLevel to /Game/UEDPIE_0_MyFirstLevel.MyFirstLevel (0.052321s)
[2016.01.04-17.08.47:513][867]LogActorComponent: UnregisterComponent: (/Engine/Transient.CharMoveComp) Not registered. Aborting.
[2016.01.04-17.08.47:663][867]LogInit: XAudio2 using 'Lautsprecher/Kopfhörer (Realtek High Definition Audio)' : 2 channels at 44.1 kHz using 16 bits per sample (channel mask 0x3)
[2016.01.04-17.08.47:670][867]LogAudio:Warning: CreateMasteringVoice error: Unhandled error code -2004287465
[2016.01.04-17.08.47:670][867]LogInit:Warning: Failed to create the mastering voice for XAudio2
[2016.01.04-17.08.47:763][867]LogWorld: Game class is 'BP_TheBeginningGameMode_C'
[2016.01.04-17.08.47:924][867]LogWorld: Bringing World /Game/UEDPIE_0_MyFirstLevel.MyFirstLevel up for play (max tick rate 60) at 2016.01.04-18.08.47
[2016.01.04-17.08.47:924][867]LogActor:Warning: GameSession /Game/UEDPIE_0_MyFirstLevel.MyFirstLevel:PersistentLevel.GameSession_2 has natively added scene component(s), but none of them were set as the actor's RootComponent - picking one arbitrarily
[2016.01.04-17.08.47:927][867]LogActor:Warning: GameNetworkManager /Game/UEDPIE_0_MyFirstLevel.MyFirstLevel:PersistentLevel.GameNetworkManager_2 has natively added scene component(s), but none of them were set as the actor's RootComponent - picking one arbitrarily
[2016.01.04-17.08.47:930][867]LogWorld: Bringing up level for play took: 0.163878
[2016.01.04-17.08.47:946][867]PIE: Info Play in editor start time for /Game/UEDPIE_0_MyFirstLevel 0.005
[2016.01.04-17.09.15:781][399]LogParticles: Destroying 0 GPU particle simulations for FXSystem 0x0000001BB9381F80
[2016.01.04-17.09.58:419][811]LogEditorViewport: Clicking on Actor (LMB): StaticMeshActor (SM_WindowFrame)
[2016.01.04-17.10.06:004][944]LogPlayLevel: PlayLevel: No blueprints needed recompiling
[2016.01.04-17.10.06:005][944]PIE: New page: PIE session: MyFirstLevel (Jan 4, 2016, 7:10:06 PM)
[2016.01.04-17.10.06:005][944]LogPlayLevel: Creating play world package: /Game/UEDPIE_0_MyFirstLevel
[2016.01.04-17.10.06:054][944]LogPlayLevel: PIE: StaticDuplicateObject took: (0.048573s)
[2016.01.04-17.10.06:056][944]LogAIModule: Creating AISystem for world MyFirstLevel
[2016.01.04-17.10.06:057][944]LogPlayLevel: PIE: World Init took: (0.002987s)
[2016.01.04-17.10.06:057][944]LogPlayLevel: PIE: Created PIE world by copying editor world from /Game/MyFirstLevel.MyFirstLevel to /Game/UEDPIE_0_MyFirstLevel.MyFirstLevel (0.052426s)
[2016.01.04-17.10.06:202][944]LogInit: XAudio2 using 'Lautsprecher/Kopfhörer (Realtek High Definition Audio)' : 2 channels at 44.1 kHz using 16 bits per sample (channel mask 0x3)
[2016.01.04-17.10.06:211][944]LogAudio:Warning: CreateMasteringVoice error: Unhandled error code -2004287465
[2016.01.04-17.10.06:211][944]LogInit:Warning: Failed to create the mastering voice for XAudio2
[2016.01.04-17.10.06:296][944]LogWorld: Game class is 'BP_TheBeginningGameMode_C'
[2016.01.04-17.10.06:455][944]LogWorld: Bringing World /Game/UEDPIE_0_MyFirstLevel.MyFirstLevel up for play (max tick rate 60) at 2016.01.04-18.10.06
[2016.01.04-17.10.06:455][944]LogActor:Warning: GameSession /Game/UEDPIE_0_MyFirstLevel.MyFirstLevel:PersistentLevel.GameSession_3 has natively added scene component(s), but none of them were set as the actor's RootComponent - picking one arbitrarily
[2016.01.04-17.10.06:456][944]LogActor:Warning: GameNetworkManager /Game/UEDPIE_0_MyFirstLevel.MyFirstLevel:PersistentLevel.GameNetworkManager_3 has natively added scene component(s), but none of them were set as the actor's RootComponent - picking one arbitrarily
[2016.01.04-17.10.06:459][944]LogWorld: Bringing up level for play took: 0.159618
[2016.01.04-17.10.06:475][944]PIE: Info Play in editor start time for /Game/UEDPIE_0_MyFirstLevel 0.535
[2016.01.04-17.10.22:295][302]LogParticles: Destroying 0 GPU particle simulations for FXSystem 0x0000001BA74E1E40
[2016.01.04-17.10.24:751][336]LogEditorViewport: Clicking on Actor (LMB): StaticMeshActor (SM_WindowFrame2)
[2016.01.04-17.10.31:539][423]LogEditorViewport: Clicking on Actor (LMB): StaticMeshActor (SM_WindowFrame3)
[2016.01.04-17.10.39:237][521]LogPlayLevel: PlayLevel: No blueprints needed recompiling
[2016.01.04-17.10.39:238][521]PIE: New page: PIE session: MyFirstLevel (Jan 4, 2016, 7:10:39 PM)
[2016.01.04-17.10.39:238][521]LogPlayLevel: Creating play world package: /Game/UEDPIE_0_MyFirstLevel
[2016.01.04-17.10.39:291][521]LogPlayLevel: PIE: StaticDuplicateObject took: (0.053119s)
[2016.01.04-17.10.39:294][521]LogAIModule: Creating AISystem for world MyFirstLevel
[2016.01.04-17.10.39:295][521]LogPlayLevel: PIE: World Init took: (0.003072s)
[2016.01.04-17.10.39:295][521]LogPlayLevel: PIE: Created PIE world by copying editor world from /Game/MyFirstLevel.MyFirstLevel to /Game/UEDPIE_0_MyFirstLevel.MyFirstLevel (0.056990s)
[2016.01.04-17.10.39:437][521]LogInit: XAudio2 using 'Lautsprecher/Kopfhörer (Realtek High Definition Audio)' : 2 channels at 44.1 kHz using 16 bits per sample (channel mask 0x3)
[2016.01.04-17.10.39:444][521]LogAudio:Warning: CreateMasteringVoice error: Unhandled error code -2004287465
[2016.01.04-17.10.39:444][521]LogInit:Warning: Failed to create the mastering voice for XAudio2
[2016.01.04-17.10.39:528][521]LogWorld: Game class is 'BP_TheBeginningGameMode_C'
[2016.01.04-17.10.39:699][521]LogWorld: Bringing World /Game/UEDPIE_0_MyFirstLevel.MyFirstLevel up for play (max tick rate 60) at 2016.01.04-18.10.39
[2016.01.04-17.10.39:699][521]LogActor:Warning: GameSession /Game/UEDPIE_0_MyFirstLevel.MyFirstLevel:PersistentLevel.GameSession_4 has natively added scene component(s), but none of them were set as the actor's RootComponent - picking one arbitrarily
[2016.01.04-17.10.39:701][521]LogActor:Warning: GameNetworkManager /Game/UEDPIE_0_MyFirstLevel.MyFirstLevel:PersistentLevel.GameNetworkManager_4 has natively added scene component(s), but none of them were set as the actor's RootComponent - picking one arbitrarily
[2016.01.04-17.10.39:704][521]LogWorld: Bringing up level for play took: 0.173352
[2016.01.04-17.10.39:721][521]PIE: Info Play in editor start time for /Game/UEDPIE_0_MyFirstLevel -0.219
[2016.01.04-17.11.05:396][117]LogParticles: Destroying 0 GPU particle simulations for FXSystem 0x0000001BBAAF49A0
[2016.01.04-17.11.29:010][421]LogPlayLevel: PlayLevel: No blueprints needed recompiling
[2016.01.04-17.11.29:010][421]PIE: New page: PIE session: MyFirstLevel (Jan 4, 2016, 7:11:29 PM)
[2016.01.04-17.11.29:011][421]LogPlayLevel: Creating play world package: /Game/UEDPIE_0_MyFirstLevel
[2016.01.04-17.11.29:063][421]LogPlayLevel: PIE: StaticDuplicateObject took: (0.051942s)
[2016.01.04-17.11.29:067][421]LogAIModule: Creating AISystem for world MyFirstLevel
[2016.01.04-17.11.29:068][421]LogPlayLevel: PIE: World Init took: (0.005152s)
[2016.01.04-17.11.29:068][421]LogPlayLevel: PIE: Created PIE world by copying editor world from /Game/MyFirstLevel.MyFirstLevel to /Game/UEDPIE_0_MyFirstLevel.MyFirstLevel (0.057864s)
[2016.01.04-17.11.29:210][421]LogInit: XAudio2 using 'Lautsprecher/Kopfhörer (Realtek High Definition Audio)' : 2 channels at 44.1 kHz using 16 bits per sample (channel mask 0x3)
[2016.01.04-17.11.29:219][421]LogAudio:Warning: CreateMasteringVoice error: Unhandled error code -2004287465
[2016.01.04-17.11.29:219][421]LogInit:Warning: Failed to create the mastering voice for XAudio2
[2016.01.04-17.11.29:295][421]LogWorld: Game class is 'BP_TheBeginningGameMode_C'
[2016.01.04-17.11.29:455][421]LogWorld: Bringing World /Game/UEDPIE_0_MyFirstLevel.MyFirstLevel up for play (max tick rate 60) at 2016.01.04-18.11.29
[2016.01.04-17.11.29:455][421]LogActor:Warning: GameSession /Game/UEDPIE_0_MyFirstLevel.MyFirstLevel:PersistentLevel.GameSession_5 has natively added scene component(s), but none of them were set as the actor's RootComponent - picking one arbitrarily
[2016.01.04-17.11.29:456][421]LogActor:Warning: GameNetworkManager /Game/UEDPIE_0_MyFirstLevel.MyFirstLevel:PersistentLevel.GameNetworkManager_5 has natively added scene component(s), but none of them were set as the actor's RootComponent - picking one arbitrarily
[2016.01.04-17.11.29:459][421]LogWorld: Bringing up level for play took: 0.160866
[2016.01.04-17.11.29:474][421]PIE: Info Play in editor start time for /Game/UEDPIE_0_MyFirstLevel -0.466
[2016.01.04-17.11.35:252][544]LogParticles: Destroying 0 GPU particle simulations for FXSystem 0x0000001BB9B6F560
[2016.01.04-17.11.55:424][663]LogPlayLevel: PlayLevel: No blueprints needed recompiling
[2016.01.04-17.11.55:425][663]PIE: New page: PIE session: MyFirstLevel (Jan 4, 2016, 7:11:55 PM)
[2016.01.04-17.11.55:425][663]LogPlayLevel: Creating play world package: /Game/UEDPIE_0_MyFirstLevel
[2016.01.04-17.11.55:464][663]LogPlayLevel: PIE: StaticDuplicateObject took: (0.039339s)
[2016.01.04-17.11.55:467][663]LogAIModule: Creating AISystem for world MyFirstLevel
[2016.01.04-17.11.55:468][663]LogPlayLevel: PIE: World Init took: (0.003046s)
[2016.01.04-17.11.55:468][663]LogPlayLevel: PIE: Created PIE world by copying editor world from /Game/MyFirstLevel.MyFirstLevel to /Game/UEDPIE_0_MyFirstLevel.MyFirstLevel (0.043214s)
[2016.01.04-17.11.55:468][663]LogActorComponent: UnregisterComponent: (/Engine/Transient.CharMoveComp) Not registered. Aborting.
[2016.01.04-17.11.55:603][663]LogInit: XAudio2 using 'Lautsprecher/Kopfhörer (Realtek High Definition Audio)' : 2 channels at 44.1 kHz using 16 bits per sample (channel mask 0x3)
[2016.01.04-17.11.55:609][663]LogAudio:Warning: CreateMasteringVoice error: Unhandled error code -2004287465
[2016.01.04-17.11.55:609][663]LogInit:Warning: Failed to create the mastering voice for XAudio2
[2016.01.04-17.11.55:695][663]LogWorld: Game class is 'BP_TheBeginningGameMode_C'
[2016.01.04-17.11.55:858][663]LogWorld: Bringing World /Game/UEDPIE_0_MyFirstLevel.MyFirstLevel up for play (max tick rate 60) at 2016.01.04-18.11.55
[2016.01.04-17.11.55:858][663]LogActor:Warning: GameSession /Game/UEDPIE_0_MyFirstLevel.MyFirstLevel:PersistentLevel.GameSession_6 has natively added scene component(s), but none of them were set as the actor's RootComponent - picking one arbitrarily
[2016.01.04-17.11.55:860][663]LogActor:Warning: GameNetworkManager /Game/UEDPIE_0_MyFirstLevel.MyFirstLevel:PersistentLevel.GameNetworkManager_6 has natively added scene component(s), but none of them were set as the actor's RootComponent - picking one arbitrarily
[2016.01.04-17.11.55:862][663]LogWorld: Bringing up level for play took: 0.163947
[2016.01.04-17.11.55:880][663]PIE: Info Play in editor start time for /Game/UEDPIE_0_MyFirstLevel -0.06
[2016.01.04-17.12.05:434][736]LogParticles: Destroying 0 GPU particle simulations for FXSystem 0x0000001BC01A34C0
[2016.01.04-17.12.10:282][762]LogEditorViewport: Clicking on Actor (LMB): StaticMeshActor (SM_WindowFrame)
[2016.01.04-17.12.32:834][ 30]LogEditorViewport: Clicking on Actor (LMB): Landscape (Landscape5)
[2016.01.04-17.12.34:302][ 53]LogEditorViewport: Clicking on Actor (LMB): StaticMeshActor (SM_WindowFrame)
[2016.01.04-17.12.44:260][197]LogEditorViewport: Clicking on Actor (LMB): PointLight (PointLight2)
[2016.01.04-17.12.46:408][224]Cmd: DELETE
[2016.01.04-17.12.46:408][224]Cmd: ACTOR DELETE
[2016.01.04-17.12.46:411][224]LogEditorActor: Deleted Actor: PointLight
[2016.01.04-17.12.46:598][224]LogEditorActor: Deleted 1 Actors (0.190 secs)
[2016.01.04-17.12.51:801][295]LogPlayLevel: PlayLevel: No blueprints needed recompiling
[2016.01.04-17.12.51:802][295]PIE: New page: PIE session: MyFirstLevel (Jan 4, 2016, 7:12:51 PM)
[2016.01.04-17.12.51:802][295]LogPlayLevel: Creating play world package: /Game/UEDPIE_0_MyFirstLevel
[2016.01.04-17.12.51:858][295]LogPlayLevel: PIE: StaticDuplicateObject took: (0.055489s)
[2016.01.04-17.12.51:860][295]LogAIModule: Creating AISystem for world MyFirstLevel
[2016.01.04-17.12.51:861][295]LogPlayLevel: PIE: World Init took: (0.003170s)
[2016.01.04-17.12.51:861][295]LogPlayLevel: PIE: Created PIE world by copying editor world from /Game/MyFirstLevel.MyFirstLevel to /Game/UEDPIE_0_MyFirstLevel.MyFirstLevel (0.059456s)
[2016.01.04-17.12.51:987][295]LogInit: XAudio2 using 'Lautsprecher/Kopfhörer (Realtek High Definition Audio)' : 2 channels at 44.1 kHz using 16 bits per sample (channel mask 0x3)
[2016.01.04-17.12.51:994][295]LogAudio:Warning: CreateMasteringVoice error: Unhandled error code -2004287465
[2016.01.04-17.12.51:994][295]LogInit:Warning: Failed to create the mastering voice for XAudio2
[2016.01.04-17.12.52:078][295]LogWorld: Game class is 'BP_TheBeginningGameMode_C'
[2016.01.04-17.12.52:237][295]LogWorld: Bringing World /Game/UEDPIE_0_MyFirstLevel.MyFirstLevel up for play (max tick rate 60) at 2016.01.04-18.12.52
[2016.01.04-17.12.52:237][295]LogActor:Warning: GameSession /Game/UEDPIE_0_MyFirstLevel.MyFirstLevel:PersistentLevel.GameSession_7 has natively added scene component(s), but none of them were set as the actor's RootComponent - picking one arbitrarily
[2016.01.04-17.12.52:238][295]LogActor:Warning: GameNetworkManager /Game/UEDPIE_0_MyFirstLevel.MyFirstLevel:PersistentLevel.GameNetworkManager_7 has natively added scene component(s), but none of them were set as the actor's RootComponent - picking one arbitrarily
[2016.01.04-17.12.52:240][295]LogWorld: Bringing up level for play took: 0.159778
[2016.01.04-17.12.52:257][295]PIE: Info Play in editor start time for /Game/UEDPIE_0_MyFirstLevel 0.317
[2016.01.04-17.13.45:883][541]LogParticles: Destroying 0 GPU particle simulations for FXSystem 0x0000001BC27456C0
[2016.01.04-17.15.31:892][919]LogEditorViewport: Clicking on Actor (LMB): Landscape (Landscape5)
[2016.01.04-17.15.33:304][936]LogEditorViewport: Clicking on Actor (LMB): Landscape (Landscape5)
[2016.01.04-17.15.34:522][952]LogEditorViewport: Clicking on Actor (LMB): Landscape (Landscape5)
[2016.01.04-17.15.35:519][964]LogEditorViewport: Clicking on Actor (LMB): Landscape (Landscape5)
[2016.01.04-17.15.36:332][974]LogEditorViewport: Clicking on Actor (LMB): Landscape (Landscape5)
[2016.01.04-17.15.37:093][984]LogEditorViewport: Clicking on Actor (LMB): StaticMeshActor (SM_WindowFrame2)
[2016.01.04-17.15.40:194][  0]LogEditorViewport: Clicking on Actor (LMB): Landscape (Landscape5)
[2016.01.04-17.17.13:615][ 55]LogPlayLevel: PlayLevel: No blueprints needed recompiling
[2016.01.04-17.17.13:616][ 55]PIE: New page: PIE session: MyFirstLevel (Jan 4, 2016, 7:17:13 PM)
[2016.01.04-17.17.13:616][ 55]LogPlayLevel: Creating play world package: /Game/UEDPIE_0_MyFirstLevel
[2016.01.04-17.17.13:673][ 55]LogPlayLevel: PIE: StaticDuplicateObject took: (0.056468s)
[2016.01.04-17.17.13:676][ 55]LogAIModule: Creating AISystem for world MyFirstLevel
[2016.01.04-17.17.13:677][ 55]LogPlayLevel: PIE: World Init took: (0.003513s)
[2016.01.04-17.17.13:677][ 55]LogPlayLevel: PIE: Created PIE world by copying editor world from /Game/MyFirstLevel.MyFirstLevel to /Game/UEDPIE_0_MyFirstLevel.MyFirstLevel (0.060888s)
[2016.01.04-17.17.13:677][ 55]LogActorComponent: UnregisterComponent: (/Engine/Transient.CharMoveComp) Not registered. Aborting.
[2016.01.04-17.17.13:682][ 55]LogActorComponent: UnregisterComponent: (/Engine/Transient.CharacterMovementComponent_2) Not registered. Aborting.
[2016.01.04-17.17.13:682][ 55]LogActorComponent: UnregisterComponent: (/Engine/Transient.CharacterMovementComponent_3) Not registered. Aborting.
[2016.01.04-17.17.13:824][ 55]LogInit: XAudio2 using 'Lautsprecher/Kopfhörer (Realtek High Definition Audio)' : 2 channels at 44.1 kHz using 16 bits per sample (channel mask 0x3)
[2016.01.04-17.17.13:831][ 55]LogAudio:Warning: CreateMasteringVoice error: Unhandled error code -2004287465
[2016.01.04-17.17.13:831][ 55]LogInit:Warning: Failed to create the mastering voice for XAudio2
[2016.01.04-17.17.13:921][ 55]LogWorld: Game class is 'BP_TheBeginningGameMode_C'
[2016.01.04-17.17.14:093][ 55]LogWorld: Bringing World /Game/UEDPIE_0_MyFirstLevel.MyFirstLevel up for play (max tick rate 60) at 2016.01.04-18.17.14
[2016.01.04-17.17.14:093][ 55]LogActor:Warning: GameSession /Game/UEDPIE_0_MyFirstLevel.MyFirstLevel:PersistentLevel.GameSession_8 has natively added scene component(s), but none of them were set as the actor's RootComponent - picking one arbitrarily
[2016.01.04-17.17.14:095][ 55]LogActor:Warning: GameNetworkManager /Game/UEDPIE_0_MyFirstLevel.MyFirstLevel:PersistentLevel.GameNetworkManager_8 has natively added scene component(s), but none of them were set as the actor's RootComponent - picking one arbitrarily
[2016.01.04-17.17.14:099][ 55]LogWorld: Bringing up level for play took: 0.175332
[2016.01.04-17.17.14:115][ 55]PIE: Info Play in editor start time for /Game/UEDPIE_0_MyFirstLevel 0.175
[2016.01.04-17.17.31:838][477]LogParticles: Destroying 0 GPU particle simulations for FXSystem 0x0000001BAE512CA0
[2016.01.04-17.17.35:085][523]LogEditorViewport: Clicking on Actor (LMB): BP_PickUpItem_C (BP_PickUpItem2)
[2016.01.04-17.17.41:014][603]LogPlayLevel: PlayLevel: No blueprints needed recompiling
[2016.01.04-17.17.41:015][603]PIE: New page: PIE session: MyFirstLevel (Jan 4, 2016, 7:17:41 PM)
[2016.01.04-17.17.41:015][603]LogPlayLevel: Creating play world package: /Game/UEDPIE_0_MyFirstLevel
[2016.01.04-17.17.41:067][603]LogPlayLevel: PIE: StaticDuplicateObject took: (0.052156s)
[2016.01.04-17.17.41:069][603]LogAIModule: Creating AISystem for world MyFirstLevel
[2016.01.04-17.17.41:070][603]LogPlayLevel: PIE: World Init took: (0.002435s)
[2016.01.04-17.17.41:070][603]LogPlayLevel: PIE: Created PIE world by copying editor world from /Game/MyFirstLevel.MyFirstLevel to /Game/UEDPIE_0_MyFirstLevel.MyFirstLevel (0.055343s)
[2016.01.04-17.17.41:208][603]LogInit: XAudio2 using 'Lautsprecher/Kopfhörer (Realtek High Definition Audio)' : 2 channels at 44.1 kHz using 16 bits per sample (channel mask 0x3)
[2016.01.04-17.17.41:214][603]LogAudio:Warning: CreateMasteringVoice error: Unhandled error code -2004287465
[2016.01.04-17.17.41:214][603]LogInit:Warning: Failed to create the mastering voice for XAudio2
[2016.01.04-17.17.41:299][603]LogWorld: Game class is 'BP_TheBeginningGameMode_C'
[2016.01.04-17.17.41:456][603]LogWorld: Bringing World /Game/UEDPIE_0_MyFirstLevel.MyFirstLevel up for play (max tick rate 60) at 2016.01.04-18.17.41
[2016.01.04-17.17.41:457][603]LogActor:Warning: GameSession /Game/UEDPIE_0_MyFirstLevel.MyFirstLevel:PersistentLevel.GameSession_9 has natively added scene component(s), but none of them were set as the actor's RootComponent - picking one arbitrarily
[2016.01.04-17.17.41:458][603]LogActor:Warning: GameNetworkManager /Game/UEDPIE_0_MyFirstLevel.MyFirstLevel:PersistentLevel.GameNetworkManager_9 has natively added scene component(s), but none of them were set as the actor's RootComponent - picking one arbitrarily
[2016.01.04-17.17.41:461][603]LogWorld: Bringing up level for play took: 0.159603
[2016.01.04-17.17.41:476][603]PIE: Info Play in editor start time for /Game/UEDPIE_0_MyFirstLevel -0.464
[2016.01.04-17.17.46:899][729]LogParticles: Destroying 0 GPU particle simulations for FXSystem 0x0000001BC1D66CA0
[2016.01.04-17.18.24:091][237]LogPlayLevel: PlayLevel: No blueprints needed recompiling
[2016.01.04-17.18.24:092][237]PIE: New page: PIE session: MyFirstLevel (Jan 4, 2016, 7:18:24 PM)
[2016.01.04-17.18.24:092][237]LogPlayLevel: Creating play world package: /Game/UEDPIE_0_MyFirstLevel
[2016.01.04-17.18.24:142][237]LogPlayLevel: PIE: StaticDuplicateObject took: (0.050031s)
[2016.01.04-17.18.24:145][237]LogAIModule: Creating AISystem for world MyFirstLevel
[2016.01.04-17.18.24:147][237]LogPlayLevel: PIE: World Init took: (0.004912s)
[2016.01.04-17.18.24:148][237]LogPlayLevel: PIE: Created PIE world by copying editor world from /Game/MyFirstLevel.MyFirstLevel to /Game/UEDPIE_0_MyFirstLevel.MyFirstLevel (0.055852s)
[2016.01.04-17.18.24:292][237]LogInit: XAudio2 using 'Lautsprecher/Kopfhörer (Realtek High Definition Audio)' : 2 channels at 44.1 kHz using 16 bits per sample (channel mask 0x3)
[2016.01.04-17.18.24:301][237]LogAudio:Warning: CreateMasteringVoice error: Unhandled error code -2004287465
[2016.01.04-17.18.24:301][237]LogInit:Warning: Failed to create the mastering voice for XAudio2
[2016.01.04-17.18.24:392][237]LogWorld: Game class is 'BP_TheBeginningGameMode_C'
[2016.01.04-17.18.24:551][237]LogWorld: Bringing World /Game/UEDPIE_0_MyFirstLevel.MyFirstLevel up for play (max tick rate 60) at 2016.01.04-18.18.24
[2016.01.04-17.18.24:551][237]LogActor:Warning: GameSession /Game/UEDPIE_0_MyFirstLevel.MyFirstLevel:PersistentLevel.GameSession_10 has natively added scene component(s), but none of them were set as the actor's RootComponent - picking one arbitrarily
[2016.01.04-17.18.24:553][237]LogActor:Warning: GameNetworkManager /Game/UEDPIE_0_MyFirstLevel.MyFirstLevel:PersistentLevel.GameNetworkManager_10 has natively added scene component(s), but none of them were set as the actor's RootComponent - picking one arbitrarily
[2016.01.04-17.18.24:555][237]LogWorld: Bringing up level for play took: 0.159735
[2016.01.04-17.18.24:572][237]PIE: Info Play in editor start time for /Game/UEDPIE_0_MyFirstLevel 0.631
[2016.01.04-17.18.27:007][292]LogParticles: Destroying 0 GPU particle simulations for FXSystem 0x0000001BBF1A2660
[2016.01.04-17.18.35:743][414]LogPlayLevel: PlayLevel: No blueprints needed recompiling
[2016.01.04-17.18.35:744][414]PIE: New page: PIE session: MyFirstLevel (Jan 4, 2016, 7:18:35 PM)
[2016.01.04-17.18.35:744][414]LogPlayLevel: Creating play world package: /Game/UEDPIE_0_MyFirstLevel
[2016.01.04-17.18.35:794][414]LogPlayLevel: PIE: StaticDuplicateObject took: (0.048989s)
[2016.01.04-17.18.35:796][414]LogAIModule: Creating AISystem for world MyFirstLevel
[2016.01.04-17.18.35:797][414]LogPlayLevel: PIE: World Init took: (0.002652s)
[2016.01.04-17.18.35:798][414]LogPlayLevel: PIE: Created PIE world by copying editor world from /Game/MyFirstLevel.MyFirstLevel to /Game/UEDPIE_0_MyFirstLevel.MyFirstLevel (0.052832s)
[2016.01.04-17.18.35:941][414]LogInit: XAudio2 using 'Lautsprecher/Kopfhörer (Realtek High Definition Audio)' : 2 channels at 44.1 kHz using 16 bits per sample (channel mask 0x3)
[2016.01.04-17.18.35:949][414]LogAudio:Warning: CreateMasteringVoice error: Unhandled error code -2004287465
[2016.01.04-17.18.35:949][414]LogInit:Warning: Failed to create the mastering voice for XAudio2
[2016.01.04-17.18.36:029][414]LogWorld: Game class is 'BP_TheBeginningGameMode_C'
[2016.01.04-17.18.36:201][414]LogWorld: Bringing World /Game/UEDPIE_0_MyFirstLevel.MyFirstLevel up for play (max tick rate 60) at 2016.01.04-18.18.36
[2016.01.04-17.18.36:201][414]LogActor:Warning: GameSession /Game/UEDPIE_0_MyFirstLevel.MyFirstLevel:PersistentLevel.GameSession_11 has natively added scene component(s), but none of them were set as the actor's RootComponent - picking one arbitrarily
[2016.01.04-17.18.36:202][414]LogActor:Warning: GameNetworkManager /Game/UEDPIE_0_MyFirstLevel.MyFirstLevel:PersistentLevel.GameNetworkManager_11 has natively added scene component(s), but none of them were set as the actor's RootComponent - picking one arbitrarily
[2016.01.04-17.18.36:205][414]LogWorld: Bringing up level for play took: 0.173588
[2016.01.04-17.18.36:224][414]PIE: Info Play in editor start time for /Game/UEDPIE_0_MyFirstLevel 0.283
[2016.01.04-17.18.36:285][415]LogCharacterMovement:Warning: GetSimulationTimeStep() - Max iterations 8 hit while remaining time 0.064112 > MaxSimulationTimeStep (0.050) for 'BP_Avatar_C_11'
[2016.01.04-17.18.39:184][482]LogParticles: Destroying 0 GPU particle simulations for FXSystem 0x0000001BC06AC680
[2016.01.04-17.18.52:792][664]LogPlayLevel: PlayLevel: No blueprints needed recompiling
[2016.01.04-17.18.52:793][664]PIE: New page: PIE session: MyFirstLevel (Jan 4, 2016, 7:18:52 PM)
[2016.01.04-17.18.52:793][664]LogPlayLevel: Creating play world package: /Game/UEDPIE_0_MyFirstLevel
[2016.01.04-17.18.52:846][664]LogPlayLevel: PIE: StaticDuplicateObject took: (0.053251s)
[2016.01.04-17.18.52:849][664]LogAIModule: Creating AISystem for world MyFirstLevel
[2016.01.04-17.18.52:849][664]LogPlayLevel: PIE: World Init took: (0.002860s)
[2016.01.04-17.18.52:850][664]LogPlayLevel: PIE: Created PIE world by copying editor world from /Game/MyFirstLevel.MyFirstLevel to /Game/UEDPIE_0_MyFirstLevel.MyFirstLevel (0.056959s)
[2016.01.04-17.18.52:850][664]LogActorComponent: UnregisterComponent: (/Engine/Transient.CharMoveComp) Not registered. Aborting.
[2016.01.04-17.18.52:850][664]LogActorComponent: UnregisterComponent: (/Engine/Transient.CharacterMovementComponent_4) Not registered. Aborting.
[2016.01.04-17.18.52:994][664]LogInit: XAudio2 using 'Lautsprecher/Kopfhörer (Realtek High Definition Audio)' : 2 channels at 44.1 kHz using 16 bits per sample (channel mask 0x3)
[2016.01.04-17.18.53:001][664]LogAudio:Warning: CreateMasteringVoice error: Unhandled error code -2004287465
[2016.01.04-17.18.53:001][664]LogInit:Warning: Failed to create the mastering voice for XAudio2
[2016.01.04-17.18.53:085][664]LogWorld: Game class is 'BP_TheBeginningGameMode_C'
[2016.01.04-17.18.53:248][664]LogWorld: Bringing World /Game/UEDPIE_0_MyFirstLevel.MyFirstLevel up for play (max tick rate 60) at 2016.01.04-18.18.53
[2016.01.04-17.18.53:249][664]LogActor:Warning: GameSession /Game/UEDPIE_0_MyFirstLevel.MyFirstLevel:PersistentLevel.GameSession_12 has natively added scene component(s), but none of them were set as the actor's RootComponent - picking one arbitrarily
[2016.01.04-17.18.53:250][664]LogActor:Warning: GameNetworkManager /Game/UEDPIE_0_MyFirstLevel.MyFirstLevel:PersistentLevel.GameNetworkManager_12 has natively added scene component(s), but none of them were set as the actor's RootComponent - picking one arbitrarily
[2016.01.04-17.18.53:254][664]LogWorld: Bringing up level for play took: 0.165909
[2016.01.04-17.18.53:271][664]PIE: Info Play in editor start time for /Game/UEDPIE_0_MyFirstLevel 1.331
[2016.01.04-17.18.53:318][665]LogCharacterMovement:Warning: GetSimulationTimeStep() - Max iterations 8 hit while remaining time 0.090615 > MaxSimulationTimeStep (0.050) for 'BP_Avatar_C_12'
[2016.01.04-17.18.56:427][738]LogParticles: Destroying 0 GPU particle simulations for FXSystem 0x0000001BBF1A1080
[2016.01.04-17.19.14:116][965]LogSavePackage: Save=739.585266ms
[2016.01.04-17.19.14:116][965]LogSavePackage: Moving '../../../../../../Users/Martin/Documents/Unreal Projects/TheBeginning/Saved/MyFirstLevel_Auto1D9BFBAE04134B905FF6A9FAF7B4D09A9.tmp' to '../../../../../../Users/Martin/Documents/Unreal Projects/TheBeginning/Saved/Autosaves/Game/MyFirstLevel_Auto1.umap'
[2016.01.04-17.19.14:125][965]LogSavePackage: Total save time: 869.159404ms
[2016.01.04-17.19.14:125][965]LogSavePackage:Warning: Finished SavePackage ../../../../../../Users/Martin/Documents/Unreal Projects/TheBeginning/Saved/Autosaves/Game/MyFirstLevel_Auto1.umap
[2016.01.04-17.19.14:133][965]LogFileHelpers: Editor autosave (incl. sublevels) for '/Game/MyFirstLevel' took 1.001
[2016.01.04-17.19.14:133][965]LogFileHelpers: Editor autosave (incl. sublevels) for all levels took 1.001
[2016.01.04-17.28.10:735][698]LogPlayLevel: PlayLevel: No blueprints needed recompiling
[2016.01.04-17.28.10:736][698]PIE: New page: PIE session: MyFirstLevel (Jan 4, 2016, 7:28:10 PM)
[2016.01.04-17.28.10:736][698]LogPlayLevel: Creating play world package: /Game/UEDPIE_0_MyFirstLevel
[2016.01.04-17.28.10:797][698]LogPlayLevel: PIE: StaticDuplicateObject took: (0.061107s)
[2016.01.04-17.28.10:801][698]LogAIModule: Creating AISystem for world MyFirstLevel
[2016.01.04-17.28.10:802][698]LogPlayLevel: PIE: World Init took: (0.004233s)
[2016.01.04-17.28.10:802][698]LogPlayLevel: PIE: Created PIE world by copying editor world from /Game/MyFirstLevel.MyFirstLevel to /Game/UEDPIE_0_MyFirstLevel.MyFirstLevel (0.066189s)
[2016.01.04-17.28.10:945][698]LogInit: XAudio2 using 'Lautsprecher/Kopfhörer (Realtek High Definition Audio)' : 2 channels at 44.1 kHz using 16 bits per sample (channel mask 0x3)
[2016.01.04-17.28.10:953][698]LogAudio:Warning: CreateMasteringVoice error: Unhandled error code -2004287465
[2016.01.04-17.28.10:953][698]LogInit:Warning: Failed to create the mastering voice for XAudio2
[2016.01.04-17.28.11:046][698]LogWorld: Game class is 'BP_TheBeginningGameMode_C'
[2016.01.04-17.28.11:224][698]LogWorld: Bringing World /Game/UEDPIE_0_MyFirstLevel.MyFirstLevel up for play (max tick rate 60) at 2016.01.04-18.28.11
[2016.01.04-17.28.11:224][698]LogActor:Warning: GameSession /Game/UEDPIE_0_MyFirstLevel.MyFirstLevel:PersistentLevel.GameSession_13 has natively added scene component(s), but none of them were set as the actor's RootComponent - picking one arbitrarily
[2016.01.04-17.28.11:226][698]LogActor:Warning: GameNetworkManager /Game/UEDPIE_0_MyFirstLevel.MyFirstLevel:PersistentLevel.GameNetworkManager_13 has natively added scene component(s), but none of them were set as the actor's RootComponent - picking one arbitrarily
[2016.01.04-17.28.11:228][698]LogWorld: Bringing up level for play took: 0.180029
[2016.01.04-17.28.11:249][698]PIE: Info Play in editor start time for /Game/UEDPIE_0_MyFirstLevel 1.309
[2016.01.04-17.28.11:421][699]LogCharacterMovement:Warning: GetSimulationTimeStep() - Max iterations 8 hit while remaining time 0.092603 > MaxSimulationTimeStep (0.050) for 'BP_Avatar_C_13'
[2016.01.04-17.28.32:151][196]LogParticles: Destroying 0 GPU particle simulations for FXSystem 0x0000001BB9385260
[2016.01.04-17.28.33:401][215]LogEditorViewport: Clicking on Actor (LMB): BP_PickUpItem_C (BP_PickUpItem2)
[2016.01.04-17.28.53:247][490]LogEditorViewport: Clicking on Component (LMB): StaticMeshComponent (Mesh)
[2016.01.04-17.29.22:519][918]LogPlayLevel: PlayLevel: No blueprints needed recompiling
[2016.01.04-17.29.22:520][918]PIE: New page: PIE session: MyFirstLevel (Jan 4, 2016, 7:29:22 PM)
[2016.01.04-17.29.22:520][918]LogPlayLevel: Creating play world package: /Game/UEDPIE_0_MyFirstLevel
[2016.01.04-17.29.22:573][918]LogPlayLevel: PIE: StaticDuplicateObject took: (0.052522s)
[2016.01.04-17.29.22:575][918]LogAIModule: Creating AISystem for world MyFirstLevel
[2016.01.04-17.29.22:576][918]LogPlayLevel: PIE: World Init took: (0.003045s)
[2016.01.04-17.29.22:576][918]LogPlayLevel: PIE: Created PIE world by copying editor world from /Game/MyFirstLevel.MyFirstLevel to /Game/UEDPIE_0_MyFirstLevel.MyFirstLevel (0.056352s)
[2016.01.04-17.29.22:720][918]LogInit: XAudio2 using 'Lautsprecher/Kopfhörer (Realtek High Definition Audio)' : 2 channels at 44.1 kHz using 16 bits per sample (channel mask 0x3)
[2016.01.04-17.29.22:727][918]LogAudio:Warning: CreateMasteringVoice error: Unhandled error code -2004287465
[2016.01.04-17.29.22:727][918]LogInit:Warning: Failed to create the mastering voice for XAudio2
[2016.01.04-17.29.22:813][918]LogWorld: Game class is 'BP_TheBeginningGameMode_C'
[2016.01.04-17.29.22:971][918]LogWorld: Bringing World /Game/UEDPIE_0_MyFirstLevel.MyFirstLevel up for play (max tick rate 60) at 2016.01.04-18.29.22
[2016.01.04-17.29.22:972][918]LogActor:Warning: GameSession /Game/UEDPIE_0_MyFirstLevel.MyFirstLevel:PersistentLevel.GameSession_14 has natively added scene component(s), but none of them were set as the actor's RootComponent - picking one arbitrarily
[2016.01.04-17.29.22:973][918]LogActor:Warning: GameNetworkManager /Game/UEDPIE_0_MyFirstLevel.MyFirstLevel:PersistentLevel.GameNetworkManager_14 has natively added scene component(s), but none of them were set as the actor's RootComponent - picking one arbitrarily
[2016.01.04-17.29.22:975][918]LogWorld: Bringing up level for play took: 0.159549
[2016.01.04-17.29.22:991][918]PIE: Info Play in editor start time for /Game/UEDPIE_0_MyFirstLevel 1.051
[2016.01.04-17.29.55:180][697]LogParticles: Destroying 0 GPU particle simulations for FXSystem 0x0000001BB9C4AFC0
[2016.01.04-17.32.03:768][468]LogPlayLevel: PlayLevel: No blueprints needed recompiling
[2016.01.04-17.32.03:768][468]PIE: New page: PIE session: MyFirstLevel (Jan 4, 2016, 7:32:03 PM)
[2016.01.04-17.32.03:769][468]LogPlayLevel: Creating play world package: /Game/UEDPIE_0_MyFirstLevel
[2016.01.04-17.32.03:822][468]LogPlayLevel: PIE: StaticDuplicateObject took: (0.053571s)
[2016.01.04-17.32.03:825][468]LogAIModule: Creating AISystem for world MyFirstLevel
[2016.01.04-17.32.03:826][468]LogPlayLevel: PIE: World Init took: (0.003520s)
[2016.01.04-17.32.03:827][468]LogPlayLevel: PIE: Created PIE world by copying editor world from /Game/MyFirstLevel.MyFirstLevel to /Game/UEDPIE_0_MyFirstLevel.MyFirstLevel (0.058004s)
[2016.01.04-17.32.03:827][468]LogActorComponent: UnregisterComponent: (/Engine/Transient.CharMoveComp) Not registered. Aborting.
[2016.01.04-17.32.03:827][468]LogActorComponent: UnregisterComponent: (/Engine/Transient.CharacterMovementComponent_5) Not registered. Aborting.
[2016.01.04-17.32.03:978][468]LogInit: XAudio2 using 'Lautsprecher/Kopfhörer (Realtek High Definition Audio)' : 2 channels at 44.1 kHz using 16 bits per sample (channel mask 0x3)
[2016.01.04-17.32.03:985][468]LogAudio:Warning: CreateMasteringVoice error: Unhandled error code -2004287465
[2016.01.04-17.32.03:985][468]LogInit:Warning: Failed to create the mastering voice for XAudio2
[2016.01.04-17.32.04:069][468]LogWorld: Game class is 'BP_TheBeginningGameMode_C'
[2016.01.04-17.32.04:236][468]LogWorld: Bringing World /Game/UEDPIE_0_MyFirstLevel.MyFirstLevel up for play (max tick rate 60) at 2016.01.04-18.32.04
[2016.01.04-17.32.04:237][468]LogActor:Warning: GameSession /Game/UEDPIE_0_MyFirstLevel.MyFirstLevel:PersistentLevel.GameSession_15 has natively added scene component(s), but none of them were set as the actor's RootComponent - picking one arbitrarily
[2016.01.04-17.32.04:238][468]LogActor:Warning: GameNetworkManager /Game/UEDPIE_0_MyFirstLevel.MyFirstLevel:PersistentLevel.GameNetworkManager_15 has natively added scene component(s), but none of them were set as the actor's RootComponent - picking one arbitrarily
[2016.01.04-17.32.04:241][468]LogWorld: Bringing up level for play took: 0.169311
[2016.01.04-17.32.04:257][468]PIE: Info Play in editor start time for /Game/UEDPIE_0_MyFirstLevel 0.317
[2016.01.04-17.32.29:040][ 46]LogParticles: Destroying 0 GPU particle simulations for FXSystem 0x0000001BBE450EA0
[2016.01.04-17.33.03:973][437]LogActorComponent: UnregisterComponent: (/Engine/Transient.CharMoveComp) Not registered. Aborting.
[2016.01.04-17.33.03:974][437]LogActorComponent: UnregisterComponent: (/Engine/Transient.CharacterMovementComponent_6) Not registered. Aborting.
[2016.01.04-17.33.04:917][437]LogSavePackage: Save=703.504395ms
[2016.01.04-17.33.04:917][437]LogSavePackage: Moving '../../../../../../Users/Martin/Documents/Unreal Projects/TheBeginning/Saved/MyFirstLevel_Auto21A53913148D25E9D8AC841BB51535C26.tmp' to '../../../../../../Users/Martin/Documents/Unreal Projects/TheBeginning/Saved/Autosaves/Game/MyFirstLevel_Auto2.umap'
[2016.01.04-17.33.04:928][437]LogSavePackage: Total save time: 827.634308ms
[2016.01.04-17.33.04:928][437]LogSavePackage:Warning: Finished SavePackage ../../../../../../Users/Martin/Documents/Unreal Projects/TheBeginning/Saved/Autosaves/Game/MyFirstLevel_Auto2.umap
[2016.01.04-17.33.04:939][437]LogFileHelpers: Editor autosave (incl. sublevels) for '/Game/MyFirstLevel' took 0.965
[2016.01.04-17.33.04:939][437]LogFileHelpers: Editor autosave (incl. sublevels) for all levels took 0.965
[2016.01.04-17.37.06:142][185]LogActorComponent: UnregisterComponent: (/Engine/Transient.CharMoveComp) Not registered. Aborting.
[2016.01.04-17.37.06:143][185]LogActorComponent: UnregisterComponent: (/Engine/Transient.CharacterMovementComponent_7) Not registered. Aborting.
[2016.01.04-17.37.07:032][185]Cmd: OBJ SAVEPACKAGE PACKAGE="/Game/MyFirstLevel" FILE="../../../../../../Users/Martin/Documents/Unreal Projects/TheBeginning/Content/MyFirstLevel.umap" SILENT=true AUTOSAVING=false KEEPDIRTY=false
[2016.01.04-17.37.08:053][185]LogSavePackage: Save=811.166443ms
[2016.01.04-17.37.08:053][185]LogSavePackage: Moving '../../../../../../Users/Martin/Documents/Unreal Projects/TheBeginning/Saved/MyFirstLevelE294BC3447D5C44AA7EAACBEEC5B1E98.tmp' to '../../../../../../Users/Martin/Documents/Unreal Projects/TheBeginning/Content/MyFirstLevel.umap'
[2016.01.04-17.37.08:073][185]LogSavePackage: Total save time: 918.390743ms
[2016.01.04-17.37.08:073][185]LogSavePackage:Warning: Finished SavePackage ../../../../../../Users/Martin/Documents/Unreal Projects/TheBeginning/Content/MyFirstLevel.umap
[2016.01.04-17.37.08:341][185]LogFileHelpers: Saving map 'MyFirstLevel' took 1.994
[2016.01.04-17.37.09:739][200]LogWindowsTextInputMethodSystem:Display: IME system now deactivated.
[2016.01.04-17.37.09:739][200]LogWindowsTextInputMethodSystem:Display: IME system now deactivated.
[2016.01.04-17.37.10:856][201]Cmd: QUIT_EDITOR
[2016.01.04-17.37.12:798][201]LogExit: Preparing to exit.
[2016.01.04-17.37.13:404][201]LogExit: Editor shut down
[2016.01.04-17.37.13:405][201]LogExit: Transaction tracking system shut down
[2016.01.04-17.37.13:410][201]LogParticles: Destroying 0 GPU particle simulations for FXSystem 0x0000001BADF0A2A0
[2016.01.04-17.37.13:411][201]LogParticles: Destroying 0 GPU particle simulations for FXSystem 0x0000001BAED06520
[2016.01.04-17.37.13:412][201]LogParticles: Destroying 0 GPU particle simulations for FXSystem 0x0000001BBAAF60C0
[2016.01.04-17.37.13:413][201]LogParticles: Destroying 0 GPU particle simulations for FXSystem 0x0000001BB8E2C680
[2016.01.04-17.37.13:415][201]LogParticles: Destroying 0 GPU particle simulations for FXSystem 0x0000001BB9B1F380
[2016.01.04-17.37.14:172][201]LogParticles: Destroying 0 GPU particle simulations for FXSystem 0x0000001BBAE128E0
[2016.01.04-17.37.14:172][201]LogExit: Object subsystem successfully closed.
[2016.01.04-17.37.14:224][201]LogD3D11RHI: Shutdown
[2016.01.04-17.37.14:224][201]LogD3D11RHI: CleanupD3DDevice
[2016.01.04-17.37.14:564][201]LogD3D11RHI: ~FD3D11DynamicRHI
[2016.01.04-17.37.14:809][201]LogModuleManager: Shutting down and abandoning module CrashTracker (198)
[2016.01.04-17.37.14:809][201]LogModuleManager: Shutting down and abandoning module SceneOutliner (197)
[2016.01.04-17.37.14:809][201]LogModuleManager: Shutting down and abandoning module SuperSearch (196)
[2016.01.04-17.37.14:809][201]LogModuleManager: Shutting down and abandoning module WidgetCarousel (195)
[2016.01.04-17.37.14:809][201]LogModuleManager: Shutting down and abandoning module AddContentDialog (194)
[2016.01.04-17.37.14:820][201]LogModuleManager: Shutting down and abandoning module EditorWidgets (193)
[2016.01.04-17.37.14:820][201]LogModuleManager: Shutting down and abandoning module CollectionManager (192)
[2016.01.04-17.37.14:821][201]LogModuleManager: Shutting down and abandoning module StatsViewer (191)
[2016.01.04-17.37.14:822][201]LogModuleManager: Shutting down and abandoning module FoliageEdit (190)
[2016.01.04-17.37.14:822][201]LogModuleManager: Shutting down and abandoning module LandscapeEditor (189)
[2016.01.04-17.37.14:825][201]LogModuleManager: Shutting down and abandoning module ActorPickerMode (188)
[2016.01.04-17.37.14:825][201]LogModuleManager: Shutting down and abandoning module GeometryMode (187)
[2016.01.04-17.37.14:825][201]LogModuleManager: Shutting down and abandoning module TextureAlignMode (186)
[2016.01.04-17.37.14:825][201]LogModuleManager: Shutting down and abandoning module BspMode (185)
[2016.01.04-17.37.14:825][201]LogModuleManager: Shutting down and abandoning module PlacementMode (184)
[2016.01.04-17.37.14:825][201]LogModuleManager: Shutting down and abandoning module AutomationWorker (183)
[2016.01.04-17.37.14:825][201]LogModuleManager: Shutting down and abandoning module CharacterAI (182)
[2016.01.04-17.37.14:826][201]LogModuleManager: Shutting down and abandoning module SmartSnapping (181)
[2016.01.04-17.37.14:826][201]LogModuleManager: Shutting down and abandoning module ViewportSnapping (180)
[2016.01.04-17.37.14:826][201]LogModuleManager: Shutting down and abandoning module LogVisualizer (179)
[2016.01.04-17.37.14:828][201]LogModuleManager: Shutting down and abandoning module GameProjectGeneration (178)
[2016.01.04-17.37.14:828][201]LogModuleManager: Shutting down and abandoning module IntroTutorials (177)
[2016.01.04-17.37.14:830][201]LogModuleManager: Shutting down and abandoning module EditorLiveStreaming (176)
[2016.01.04-17.37.14:830][201]LogModuleManager: Shutting down and abandoning module IOSPlatformEditor (175)
[2016.01.04-17.37.14:831][201]LogModuleManager: Shutting down and abandoning module HTML5PlatformEditor (174)
[2016.01.04-17.37.14:831][201]LogModuleManager: Shutting down and abandoning module AndroidDeviceDetection (173)
[2016.01.04-17.37.14:855][201]LogModuleManager: Shutting down and abandoning module AndroidPlatformEditor (172)
[2016.01.04-17.37.14:855][201]LogModuleManager: Shutting down and abandoning module IOSRuntimeSettings (171)
[2016.01.04-17.37.14:855][201]LogModuleManager: Shutting down and abandoning module AndroidRuntimeSettings (170)
[2016.01.04-17.37.14:855][201]LogModuleManager: Shutting down and abandoning module MergeActors (169)
[2016.01.04-17.37.14:856][201]LogModuleManager: Shutting down and abandoning module SizeMap (168)
[2016.01.04-17.37.14:856][201]LogModuleManager: Shutting down and abandoning module TreeMap (167)
[2016.01.04-17.37.14:857][201]LogModuleManager: Shutting down and abandoning module ReferenceViewer (166)
[2016.01.04-17.37.14:857][201]LogModuleManager: Shutting down and abandoning module LocalizationService (165)
[2016.01.04-17.37.14:857][201]LogModuleManager: Shutting down and abandoning module LocalizationDashboard (164)
[2016.01.04-17.37.14:859][201]LogModuleManager: Shutting down and abandoning module HardwareTargeting (163)
[2016.01.04-17.37.14:859][201]LogModuleManager: Shutting down and abandoning module DeviceProfileEditor (162)
[2016.01.04-17.37.14:859][201]LogModuleManager: Shutting down and abandoning module UndoHistory (161)
[2016.01.04-17.37.14:860][201]LogModuleManager: Shutting down and abandoning module GameplayTagsEditor (160)
[2016.01.04-17.37.14:860][201]LogModuleManager: Shutting down and abandoning module UserFeedback (159)
[2016.01.04-17.37.14:860][201]LogModuleManager: Shutting down and abandoning module XmlParser (158)
[2016.01.04-17.37.14:860][201]LogModuleManager: Shutting down and abandoning module Blutility (157)
[2016.01.04-17.37.14:860][201]LogModuleManager: Shutting down and abandoning module ProjectTargetPlatformEditor (156)
[2016.01.04-17.37.14:861][201]LogModuleManager: Shutting down and abandoning module ProjectSettingsViewer (155)
[2016.01.04-17.37.14:861][201]LogModuleManager: Shutting down and abandoning module InputBindingEditor (154)
[2016.01.04-17.37.14:862][201]LogModuleManager: Shutting down and abandoning module EditorSettingsViewer (153)
[2016.01.04-17.37.14:862][201]LogModuleManager: Shutting down and abandoning module SettingsEditor (152)
[2016.01.04-17.37.14:863][201]LogModuleManager: Shutting down and abandoning module ProjectLauncher (151)
[2016.01.04-17.37.14:864][201]LogModuleManager: Shutting down and abandoning module SessionFrontend (150)
[2016.01.04-17.37.14:865][201]LogModuleManager: Shutting down and abandoning module ProfilerClient (149)
[2016.01.04-17.37.14:865][201]LogModuleManager: Shutting down and abandoning module TargetDeviceServices (148)
[2016.01.04-17.37.14:865][201]LogModuleManager: Shutting down and abandoning module DeviceManager (147)
[2016.01.04-17.37.14:866][201]LogModuleManager: Shutting down and abandoning module AutomationController (146)
[2016.01.04-17.37.14:867][201]LogModuleManager: Shutting down and abandoning module AutomationWindow (145)
[2016.01.04-17.37.14:868][201]LogModuleManager: Shutting down and abandoning module Layers (144)
[2016.01.04-17.37.14:870][201]LogModuleManager: Shutting down and abandoning module ComponentVisualizers (143)
[2016.01.04-17.37.14:870][201]LogModuleManager: Shutting down and abandoning module DetailCustomizations (142)
[2016.01.04-17.37.14:872][201]LogModuleManager: Shutting down and abandoning module PackagesDialog (141)
[2016.01.04-17.37.14:872][201]LogModuleManager: Shutting down and abandoning module Persona (140)
[2016.01.04-17.37.14:873][201]LogModuleManager: Shutting down and abandoning module Kismet (139)
[2016.01.04-17.37.14:876][201]LogModuleManager: Shutting down and abandoning module GraphEditor (138)
[2016.01.04-17.37.14:878][201]LogModuleManager: Shutting down and abandoning module ClassViewer (137)
[2016.01.04-17.37.14:879][201]LogModuleManager: Shutting down and abandoning module Toolbox (136)
[2016.01.04-17.37.14:879][201]LogModuleManager: Shutting down and abandoning module ModuleUI (135)
[2016.01.04-17.37.14:879][201]LogModuleManager: Shutting down and abandoning module MovieSceneTools (134)
[2016.01.04-17.37.14:879][201]LogModuleManager: Shutting down and abandoning module OutputLog (133)
[2016.01.04-17.37.14:880][201]LogModuleManager: Shutting down and abandoning module GammaUI (132)
[2016.01.04-17.37.14:881][201]LogModuleManager: Shutting down and abandoning module Documentation (131)
[2016.01.04-17.37.14:881][201]LogModuleManager: Shutting down and abandoning module GameLiveStreaming (130)
[2016.01.04-17.37.14:881][201]LogModuleManager: Shutting down and abandoning module StreamingPauseRendering (129)
[2016.01.04-17.37.14:882][201]LogModuleManager: Shutting down and abandoning module AnalyticsET (128)
[2016.01.04-17.37.14:882][201]LogModuleManager: Shutting down and abandoning module Analytics (127)
[2016.01.04-17.37.14:882][201]LogModuleManager: Shutting down and abandoning module AITestSuite (126)
[2016.01.04-17.37.14:882][201]LogModuleManager: Shutting down and abandoning module GameplayDebugger (125)
[2016.01.04-17.37.14:882][201]LogModuleManager: Shutting down and abandoning module AIModule (124)
[2016.01.04-17.37.14:882][201]LogModuleManager: Shutting down and abandoning module ProfilerService (123)
[2016.01.04-17.37.15:080][201]LogModuleManager: Shutting down and abandoning module TaskGraph (122)
[2016.01.04-17.37.15:082][201]LogModuleManager: Shutting down and abandoning module SlateRemote (121)
[2016.01.04-17.37.15:082][201]LogModuleManager: Shutting down and abandoning module SteamVRController (120)
[2016.01.04-17.37.15:082][201]LogModuleManager: Shutting down and abandoning module SteamVR (119)
[2016.01.04-17.37.15:082][201]LogModuleManager: Shutting down and abandoning module ProceduralMeshComponent (118)
[2016.01.04-17.37.15:082][201]LogModuleManager: Shutting down and abandoning module OculusRift (117)
[2016.01.04-17.37.15:082][201]LogModuleManager: Shutting down and abandoning module OculusLibrary (116)
[2016.01.04-17.37.15:082][201]LogModuleManager: Shutting down and abandoning module LeapMotionController (115)
[2016.01.04-17.37.15:110][201]LogModuleManager: Shutting down and abandoning module CustomMeshComponent (114)
[2016.01.04-17.37.15:111][201]LogModuleManager: Shutting down and abandoning module CableComponent (113)
[2016.01.04-17.37.15:111][201]LogModuleManager: Shutting down and abandoning module ArchVisCharacter (112)
[2016.01.04-17.37.15:111][201]LogModuleManager: Shutting down and abandoning module MessagingDebugger (111)
[2016.01.04-17.37.15:113][201]LogModuleManager: Shutting down and abandoning module MediaPlayerEditor (110)
[2016.01.04-17.37.15:114][201]LogModuleManager: Shutting down and abandoning module HTML5Networking (109)
[2016.01.04-17.37.15:114][201]LogModuleManager: Shutting down and abandoning module SpeedTreeImporter (108)
[2016.01.04-17.37.15:114][201]LogModuleManager: Shutting down and abandoning module PluginBrowser (107)
[2016.01.04-17.37.15:116][201]LogModuleManager: Shutting down and abandoning module EpicSurvey (106)
[2016.01.04-17.37.15:116][201]LogModuleManager: Shutting down and abandoning module DesktopPlatform (105)
[2016.01.04-17.37.15:117][201]LogModuleManager: Shutting down and abandoning module VisualStudioSourceCodeAccess (104)
[2016.01.04-17.37.15:117][201]LogModuleManager: Shutting down and abandoning module UObjectPlugin (103)
[2016.01.04-17.37.15:118][201]LogModuleManager: Shutting down and abandoning module SubversionSourceControl (102)
[2016.01.04-17.37.15:119][201]LogModuleManager: Shutting down and abandoning module PerforceSourceControl (101)
[2016.01.04-17.37.15:121][201]LogModuleManager: Shutting down and abandoning module SourceControl (100)
[2016.01.04-17.37.15:121][201]LogModuleManager: Shutting down and abandoning module GitSourceControl (99)
[2016.01.04-17.37.15:121][201]LogModuleManager: Shutting down and abandoning module LightPropagationVolumeEditor (98)
[2016.01.04-17.37.15:121][201]LogModuleManager: Shutting down and abandoning module PaperTiledImporter (97)
[2016.01.04-17.37.15:122][201]LogModuleManager: Shutting down and abandoning module PaperSpriteSheetImporter (96)
[2016.01.04-17.37.15:123][201]LogModuleManager: Shutting down and abandoning module MeshPaint (95)
[2016.01.04-17.37.15:123][201]LogModuleManager: Shutting down and abandoning module SlateReflector (94)
[2016.01.04-17.37.15:124][201]LogModuleManager: Shutting down and abandoning module HotReload (93)
[2016.01.04-17.37.15:124][201]LogModuleManager: Shutting down and abandoning module MainFrame (92)
[2016.01.04-17.37.15:125][201]LogModuleManager: Shutting down and abandoning module LevelEditor (91)
[2016.01.04-17.37.15:129][201]LogModuleManager: Shutting down and abandoning module DirectoryWatcher (90)
[2016.01.04-17.37.15:140][201]LogModuleManager: Shutting down and abandoning module AssetRegistry (89)
[2016.01.04-17.37.15:280][201]LogModuleManager: Shutting down and abandoning module ContentBrowser (88)
[2016.01.04-17.37.15:282][201]LogModuleManager: Shutting down and abandoning module Paper2DEditor (87)
[2016.01.04-17.37.15:285][201]LogModuleManager: Shutting down and abandoning module TheBeginning (86)
[2016.01.04-17.37.15:285][201]LogModuleManager: Shutting down and abandoning module UdpMessaging (85)
[2016.01.04-17.37.15:386][201]LogModuleManager: Shutting down and abandoning module LightPropagationVolumeRuntime (84)
[2016.01.04-17.37.15:386][201]LogModuleManager: Shutting down and abandoning module Paper2D (83)
[2016.01.04-17.37.15:387][201]LogModuleManager: Shutting down and abandoning module WindowsMoviePlayer (82)
[2016.01.04-17.37.15:400][201]LogModuleManager: Shutting down and abandoning module Media (81)
[2016.01.04-17.37.15:400][201]LogModuleManager: Shutting down and abandoning module WmfMedia (80)
[2016.01.04-17.37.15:401][201]LogModuleManager: Shutting down and abandoning module OnlineBlueprintSupport (79)
[2016.01.04-17.37.15:401][201]LogModuleManager: Shutting down and abandoning module GameplayTasksEditor (78)
[2016.01.04-17.37.15:401][201]LogModuleManager: Shutting down and abandoning module PropertyEditor (77)
[2016.01.04-17.37.15:401][201]LogModuleManager: Shutting down and abandoning module BehaviorTreeEditor (76)
[2016.01.04-17.37.15:404][201]LogModuleManager: Shutting down and abandoning module FunctionalTesting (75)
[2016.01.04-17.37.15:404][201]LogModuleManager: Shutting down and abandoning module CollisionAnalyzer (74)
[2016.01.04-17.37.15:405][201]LogModuleManager: Shutting down and abandoning module WorkspaceMenuStructure (73)
[2016.01.04-17.37.15:405][201]LogModuleManager: Shutting down and abandoning module MessageLog (72)
[2016.01.04-17.37.15:405][201]LogModuleManager: Shutting down and abandoning module Sequencer (71)
[2016.01.04-17.37.15:407][201]LogModuleManager: Shutting down and abandoning module AssetTools (70)
[2016.01.04-17.37.15:409][201]LogModuleManager: Shutting down and abandoning module UMGEditor (69)
[2016.01.04-17.37.15:411][201]LogModuleManager: Shutting down and abandoning module UMG (68)
[2016.01.04-17.37.15:412][201]LogModuleManager: Shutting down and abandoning module Slate (67)
[2016.01.04-17.37.15:412][201]LogModuleManager: Shutting down and abandoning module EditorStyle (66)
[2016.01.04-17.37.15:424][201]LogModuleManager: Shutting down and abandoning module SessionServices (65)
[2016.01.04-17.37.15:424][201]LogModuleManager: Shutting down and abandoning module SourceCodeAccess (64)
[2016.01.04-17.37.15:424][201]LogModuleManager: Shutting down and abandoning module HeadMountedDisplay (63)
[2016.01.04-17.37.15:424][201]LogModuleManager: Shutting down and abandoning module XAudio2 (62)
[2016.01.04-17.37.15:424][201]LogModuleManager: Shutting down and abandoning module Networking (60)
[2016.01.04-17.37.15:424][201]LogModuleManager: Shutting down and abandoning module Core (59)
[2016.01.04-17.37.15:424][201]LogModuleManager: Shutting down and abandoning module KismetCompiler (58)
[2016.01.04-17.37.15:424][201]LogModuleManager: Shutting down and abandoning module PhysXFormats (57)
[2016.01.04-17.37.15:425][201]LogModuleManager: Shutting down and abandoning module MeshUtilities (56)
[2016.01.04-17.37.15:426][201]LogModuleManager: Shutting down and abandoning module CookingStats (55)
[2016.01.04-17.37.15:433][201]LogModuleManager: Shutting down and abandoning module DerivedDataCache (54)
[2016.01.04-17.37.15:500][201]LogDerivedDataCache: Shutdown
[2016.01.04-17.37.15:500][201]LogModuleManager: Shutting down and abandoning module ShaderFormatOpenGL (53)
[2016.01.04-17.37.15:501][201]LogModuleManager: Shutting down and abandoning module ShaderFormatD3D (52)
[2016.01.04-17.37.15:501][201]LogModuleManager: Shutting down and abandoning module MetalShaderFormat (51)
[2016.01.04-17.37.15:502][201]LogModuleManager: Shutting down and abandoning module TextureFormatUncompressed (50)
[2016.01.04-17.37.15:502][201]LogModuleManager: Shutting down and abandoning module TextureFormatPVR (49)
[2016.01.04-17.37.15:502][201]LogModuleManager: Shutting down and abandoning module TextureFormatIntelISPCTexComp (48)
[2016.01.04-17.37.15:502][201]LogModuleManager: Shutting down and abandoning module TextureFormatDXT (47)
[2016.01.04-17.37.15:503][201]LogModuleManager: Shutting down and abandoning module ImageWrapper (46)
[2016.01.04-17.37.15:503][201]LogModuleManager: Shutting down and abandoning module TextureFormatASTC (45)
[2016.01.04-17.37.15:503][201]LogModuleManager: Shutting down and abandoning module TextureFormatAndroid (44)
[2016.01.04-17.37.15:503][201]LogModuleManager: Shutting down and abandoning module AudioFormatOpus (43)
[2016.01.04-17.37.15:504][201]LogModuleManager: Shutting down and abandoning module AudioFormatOgg (42)
[2016.01.04-17.37.15:505][201]LogModuleManager: Shutting down and abandoning module AudioFormatADPCM (41)
[2016.01.04-17.37.15:506][201]LogModuleManager: Shutting down and abandoning module LinuxTargetPlatform (40)
[2016.01.04-17.37.15:506][201]LogModuleManager: Shutting down and abandoning module LinuxServerTargetPlatform (39)
[2016.01.04-17.37.15:506][201]LogModuleManager: Shutting down and abandoning module LinuxNoEditorTargetPlatform (38)
[2016.01.04-17.37.15:506][201]LogModuleManager: Shutting down and abandoning module Messaging (37)
[2016.01.04-17.37.15:506][201]LogModuleManager: Shutting down and abandoning module IOSTargetPlatform (36)
[2016.01.04-17.37.15:507][201]LogModuleManager: Shutting down and abandoning module HTML5TargetPlatform (35)
[2016.01.04-17.37.15:507][201]LogModuleManager: Shutting down and abandoning module Android_PVRTCTargetPlatform (34)
[2016.01.04-17.37.15:507][201]LogModuleManager: Shutting down and abandoning module Android_ETC2TargetPlatform (33)
[2016.01.04-17.37.15:508][201]LogModuleManager: Shutting down and abandoning module Android_ETC1TargetPlatform (32)
[2016.01.04-17.37.15:509][201]LogModuleManager: Shutting down and abandoning module Android_DXTTargetPlatform (31)
[2016.01.04-17.37.15:509][201]LogModuleManager: Shutting down and abandoning module Android_ATCTargetPlatform (30)
[2016.01.04-17.37.15:510][201]LogModuleManager: Shutting down and abandoning module Android_ASTCTargetPlatform (29)
[2016.01.04-17.37.15:510][201]LogModuleManager: Shutting down and abandoning module AndroidTargetPlatform (28)
[2016.01.04-17.37.15:511][201]LogModuleManager: Shutting down and abandoning module WindowsTargetPlatform (27)
[2016.01.04-17.37.15:511][201]LogModuleManager: Shutting down and abandoning module WindowsServerTargetPlatform (26)
[2016.01.04-17.37.15:512][201]LogModuleManager: Shutting down and abandoning module WindowsNoEditorTargetPlatform (25)
[2016.01.04-17.37.15:512][201]LogModuleManager: Shutting down and abandoning module WindowsClientTargetPlatform (24)
[2016.01.04-17.37.15:513][201]LogModuleManager: Shutting down and abandoning module AllDesktopTargetPlatform (23)
[2016.01.04-17.37.15:513][201]LogModuleManager: Shutting down and abandoning module TargetPlatform (22)
[2016.01.04-17.37.15:513][201]LogModuleManager: Shutting down and abandoning module InputCore (21)
[2016.01.04-17.37.15:513][201]LogModuleManager: Shutting down and abandoning module Settings (20)
[2016.01.04-17.37.15:513][201]LogModuleManager: Shutting down and abandoning module OnlineSubsystem (18)
[2016.01.04-17.37.15:513][201]LogModuleManager: Shutting down and abandoning module HTTP (17)
[2016.01.04-17.37.17:521][201]LogModuleManager: Shutting down and abandoning module XMPP (16)
[2016.01.04-17.37.17:530][201]LogModuleManager: Shutting down and abandoning module ExampleDeviceProfileSelector (15)
[2016.01.04-17.37.17:531][201]LogModuleManager: Shutting down and abandoning module TextureCompressor (14)
[2016.01.04-17.37.17:531][201]LogModuleManager: Shutting down and abandoning module ShaderCore (13)
[2016.01.04-17.37.17:531][201]LogModuleManager: Shutting down and abandoning module Landscape (12)
[2016.01.04-17.37.17:531][201]LogModuleManager: Shutting down and abandoning module SlateRHIRenderer (11)
[2016.01.04-17.37.17:585][201]LogModuleManager: Shutting down and abandoning module OpenGLDrv (10)
[2016.01.04-17.37.17:586][201]LogModuleManager: Shutting down and abandoning module D3D11RHI (9)
[2016.01.04-17.37.17:586][201]LogModuleManager: Shutting down and abandoning module AnimGraphRuntime (8)
[2016.01.04-17.37.17:590][201]LogModuleManager: Shutting down and abandoning module Renderer (7)
[2016.01.04-17.37.17:590][201]LogModuleManager: Shutting down and abandoning module Engine (6)
[2016.01.04-17.37.17:590][201]LogModuleManager: Shutting down and abandoning module CoreUObject (5)
[2016.01.04-17.37.17:590][201]LogModuleManager: Shutting down and abandoning module NetworkFile (4)
[2016.01.04-17.37.17:592][201]LogModuleManager: Shutting down and abandoning module StreamingFile (3)
[2016.01.04-17.37.17:593][201]LogModuleManager: Shutting down and abandoning module SandboxFile (2)
[2016.01.04-17.37.17:595][201]LogModuleManager: Shutting down and abandoning module PakFile (1)
[2016.01.04-17.37.17:596][201]LogExit: Exiting.
[2016.01.04-17.37.17:603][201]Log file closed, 01/04/16 18:37:17
