[2016.01.31-15.00.16:012][  0]Log file open, 01/31/16 16:00:16
[2016.01.31-15.00.16:012][  0]LogInit:Display: Running engine for game: TheBeginning
[2016.01.31-15.00.16:012][  0]LogInit:Display: RandInit(-430758625) SRandInit(-430758624).
[2016.01.31-15.00.16:012][  0]LogTaskGraph: Started task graph with 4 named threads and 7 total threads.
[2016.01.31-15.00.16:012][  0]LogStats: Stats thread started at 0.084072
[2016.01.31-15.00.16:012][  0]LogInit: Version: 4.9.2-2707645+++depot+UE4-Releases+4.9
[2016.01.31-15.00.16:012][  0]LogInit: API Version: 2672455
[2016.01.31-15.00.16:012][  0]LogInit: Compiled (64-bit): Sep 28 2015 10:25:44
[2016.01.31-15.00.16:012][  0]LogInit: Compiled with Visual C++: 18.00.21005.01
[2016.01.31-15.00.16:012][  0]LogInit: Build Configuration: Development
[2016.01.31-15.00.16:012][  0]LogInit: Branch Name: ++depot+UE4-Releases+4.9
[2016.01.31-15.00.16:012][  0]LogInit: Command line:  
[2016.01.31-15.00.16:012][  0]LogInit: Base directory: D:/Programme/Epic Games/4.9/Engine/Binaries/Win64/
[2016.01.31-15.00.16:012][  0]LogInit: Rocket: 1
[2016.01.31-15.00.16:019][  0]LogInit: Using libcurl 7.41.0
[2016.01.31-15.00.16:019][  0]LogInit:  - built for x86_64-pc-win32
[2016.01.31-15.00.16:019][  0]LogInit:  - supports SSL with WinSSL
[2016.01.31-15.00.16:019][  0]LogInit:  - other features:
[2016.01.31-15.00.16:019][  0]LogInit:      CURL_VERSION_SSL
[2016.01.31-15.00.16:019][  0]LogInit:      CURL_VERSION_IPV6
[2016.01.31-15.00.16:019][  0]LogInit:      CURL_VERSION_ASYNCHDNS
[2016.01.31-15.00.16:019][  0]LogInit:      CURL_VERSION_LARGEFILE
[2016.01.31-15.00.16:019][  0]LogInit:      CURL_VERSION_IDN
[2016.01.31-15.00.16:019][  0]LogInit:  CurlRequestOptions (configurable via config and command line):
[2016.01.31-15.00.16:019][  0]LogInit:  - bVerifyPeer = true  - Libcurl will verify peer certificate
[2016.01.31-15.00.16:019][  0]LogInit:  - bUseHttpProxy = false  - Libcurl will NOT use HTTP proxy
[2016.01.31-15.00.16:019][  0]LogInit:  - bDontReuseConnections = false  - Libcurl will reuse connections
[2016.01.31-15.00.16:019][  0]LogInit:  - CertBundlePath = nullptr  - Libcurl will use whatever was configured at build time.
[2016.01.31-15.00.16:024][  0]LogInit: Presizing for 0 objects not considered by GC, pre-allocating 0 bytes.
[2016.01.31-15.00.16:029][  0]LogInit: Object subsystem initialized
[2016.01.31-15.00.16:030][  0]LogInit: Selected Device Profile: [Windows]
[2016.01.31-15.00.16:030][  0]LogInit: Applying CVar settings loaded from the selected device profile: [Windows]
[2016.01.31-15.00.16:037][  0]LogInit: Computer: PC1021500895
[2016.01.31-15.00.16:037][  0]LogInit: User: VR
[2016.01.31-15.00.16:037][  0]LogInit: CPU Page size=4096, Cores=4
[2016.01.31-15.00.16:037][  0]LogInit: High frequency timer resolution =3.507499 MHz
[2016.01.31-15.00.16:037][  0]LogMemory: Memory total: Physical=15.9GB (16GB approx)
[2016.01.31-15.00.16:037][  0]LogMemory: Platform Memory Stats for Windows
[2016.01.31-15.00.16:037][  0]LogMemory: Process Physical Memory: 52.57 MB used, 52.57 MB peak
[2016.01.31-15.00.16:037][  0]LogMemory: Process Virtual Memory: 58.06 MB used, 58.06 MB peak
[2016.01.31-15.00.16:037][  0]LogMemory: Physical Memory: 4732.86 MB used, 16261.17 MB total
[2016.01.31-15.00.16:037][  0]LogMemory: Virtual Memory: 352.41 MB used, 134217728.00 MB total
[2016.01.31-15.00.16:081][  0]LogTextLocalizationManager: No translations for ('de-DE') exist, falling back to 'en' for localization and internationalization data.
[2016.01.31-15.00.16:623][  0]LogD3D11RHI: Found D3D11 adapter 0: NVIDIA GeForce GTX 970 (Feature Level 11_0)
[2016.01.31-15.00.16:623][  0]LogD3D11RHI: Adapter has 3976MB of dedicated video memory, 0MB of dedicated system memory, and 8130MB of shared system memory, 1 output[s]
[2016.01.31-15.00.16:624][  0]LogD3D11RHI: Found D3D11 adapter 1: Microsoft Basic Render Driver (Feature Level 11_0)
[2016.01.31-15.00.16:624][  0]LogD3D11RHI: Adapter has 0MB of dedicated video memory, 0MB of dedicated system memory, and 256MB of shared system memory, 0 output[s]
[2016.01.31-15.00.16:624][  0]LogD3D11RHI: Chosen D3D11 Adapter Id = 0
[2016.01.31-15.00.16:627][  0]LogD3D11RHI: !Direct3DDevice
[2016.01.31-15.00.16:627][  0]LogRHI: Texture pool is 1361 MB (70% of 1945 MB)
[2016.01.31-15.00.16:635][  0]LogD3D11RHI: Async texture creation enabled
[2016.01.31-15.00.16:650][  0]LogShaderCompilers: Guid format shader working directory is 15 characters bigger than the processId version (../../../../../../UnrealProjects/GE_Project/Intermediate/Shaders/WorkingDirectory/7376/).
[2016.01.31-15.00.16:650][  0]LogShaderCompilers: Cleaned the shader compiler working directory '../../../../../../UnrealProjects/GE_Project/Intermediate/Shaders/tmp/0FC84CC0408E0E926C03AEACB3D699C4/'.
[2016.01.31-15.00.16:650][  0]LogShaderCompilers:Display: Using Local Shader Compiler.
[2016.01.31-15.00.17:432][  0]LogTemp:Display: Loaded TP AllDesktopTargetPlatform
[2016.01.31-15.00.17:435][  0]LogTemp:Display: Loaded TP WindowsClientTargetPlatform
[2016.01.31-15.00.17:439][  0]LogTemp:Display: Loaded TP WindowsNoEditorTargetPlatform
[2016.01.31-15.00.17:443][  0]LogTemp:Display: Loaded TP WindowsServerTargetPlatform
[2016.01.31-15.00.17:446][  0]LogTemp:Display: Loaded TP WindowsTargetPlatform
[2016.01.31-15.00.17:448][  0]LogTemp:Display: Loaded TP AndroidTargetPlatform
[2016.01.31-15.00.17:451][  0]LogTemp:Display: Loaded TP Android_ASTCTargetPlatform
[2016.01.31-15.00.17:453][  0]LogTemp:Display: Loaded TP Android_ATCTargetPlatform
[2016.01.31-15.00.17:455][  0]LogTemp:Display: Loaded TP Android_DXTTargetPlatform
[2016.01.31-15.00.17:458][  0]LogTemp:Display: Loaded TP Android_ETC1TargetPlatform
[2016.01.31-15.00.17:460][  0]LogTemp:Display: Loaded TP Android_ETC2TargetPlatform
[2016.01.31-15.00.17:463][  0]LogTemp:Display: Loaded TP Android_PVRTCTargetPlatform
[2016.01.31-15.00.17:463][  0]LogTemp:Display: Loaded TP HTML5TargetPlatform
[2016.01.31-15.00.17:479][  0]LogTemp:Display: Loaded TP IOSTargetPlatform
[2016.01.31-15.00.17:481][  0]LogTemp:Display: Loaded TP LinuxNoEditorTargetPlatform
[2016.01.31-15.00.17:484][  0]LogTemp:Display: Loaded TP LinuxServerTargetPlatform
[2016.01.31-15.00.17:486][  0]LogTemp:Display: Loaded TP LinuxTargetPlatform
[2016.01.31-15.00.17:486][  0]LogTargetPlatformManager:Display: Building Assets For Windows
[2016.01.31-15.00.17:536][  0]LogDerivedDataCache:Display: Max Cache Size: 512 MB
[2016.01.31-15.00.17:572][  0]LogDerivedDataCache: Loaded boot cache 0.04s 41MB C:/Users/VR/AppData/Local/UnrealEngine/4.9/DerivedDataCache/Boot.ddc.
[2016.01.31-15.00.17:572][  0]LogDerivedDataCache:Display: Loaded Boot cache: C:/Users/VR/AppData/Local/UnrealEngine/4.9/DerivedDataCache/Boot.ddc
[2016.01.31-15.00.17:572][  0]LogDerivedDataCache: FDerivedDataBackendGraph:  Pak pak cache file ../../../../../../UnrealProjects/GE_Project/DerivedDataCache/DDC.ddp not found, will not use a pak cache.
[2016.01.31-15.00.17:572][  0]LogDerivedDataCache: Unable to find inner node Pak for hierarchical cache Hierarchy.
[2016.01.31-15.00.17:572][  0]LogDerivedDataCache: FDerivedDataBackendGraph:  CompressedPak pak cache file ../../../../../../UnrealProjects/GE_Project/DerivedDataCache/Compressed.ddp not found, will not use a pak cache.
[2016.01.31-15.00.17:572][  0]LogDerivedDataCache: Unable to find inner node CompressedPak for hierarchical cache Hierarchy.
[2016.01.31-15.00.17:687][  0]LogDerivedDataCache:Display: Pak cache opened for reading ../../../Engine/DerivedDataCache/Compressed.ddp.
[2016.01.31-15.00.17:699][  0]LogDerivedDataCache: Using Local data cache path C:/Users/VR/AppData/Local/UnrealEngine/Common/DerivedDataCache: Writable
[2016.01.31-15.00.17:829][  0]LogInit: Selected Device Profile: [Windows]
[2016.01.31-15.00.17:831][  0]LogContentStreaming: Texture pool size is 0.000000MB
[2016.01.31-15.00.17:919][  0]LogMeshUtilities: No automatic mesh reduction module available
[2016.01.31-15.00.17:919][  0]LogMeshUtilities: No automatic mesh merging module available
[2016.01.31-15.00.18:094][  0]LogInit: WinSock: version 1.1 (2.2), MaxSocks=32767, MaxUdp=65467
[2016.01.31-15.00.18:615][  0]UdpMessaging: Initializing bridge on interface 0.0.0.0:0 to multicast group 230.0.0.1:6666.
[2016.01.31-15.00.18:707][  0]LogAssetRegistry: FAssetRegistry took 0.0109 seconds to start up
[2016.01.31-15.00.18:825][  0]SourceControl: Info Source control is disabled
[2016.01.31-15.00.18:830][  0]SourceControl: Info Source control is disabled
[2016.01.31-15.00.18:836][  0]SourceControl: Info Source control is disabled
[2016.01.31-15.00.18:842][  0]SourceControl: Info Source control is disabled
[2016.01.31-15.00.18:920][  0]LogLinker:Warning: Asset '../../../Engine/Plugins/Runtime/LeapMotionController/Content/LM_PassthroughMaterial.uasset' has been saved with empty engine version. The asset will be loaded but may be incompatible.
[2016.01.31-15.00.19:025][  0]LeapPluginLog: Using LeapPlugin version 0.9.6
[2016.01.31-15.00.19:029][  0]LogObj: 29066 objects as part of root set at end of initial load.
[2016.01.31-15.00.19:029][  0]LogUObjectAllocator: 6193312 out of 0 bytes used by permanent object pool.
[2016.01.31-15.00.19:075][  0]LogEngine: Initializing Engine...
[2016.01.31-15.00.19:077][  0]LogHMD: Can't find Oculus library dev build: is proper Runtime installed? Version: 0.7.0.0
[2016.01.31-15.00.19:092][  0]LogHMD: SteamVR failed to initialize.  Err: 108
[2016.01.31-15.00.19:189][  0]LogAIModule: Creating AISystem for world NewWorld
[2016.01.31-15.00.19:192][  0]LogInit: XAudio2 using 'HP E221c-8 (NVIDIA High Definition Audio)' : 2 channels at 48 kHz using 16 bits per sample (channel mask 0x3)
[2016.01.31-15.00.19:194][  0]LogInit: FAudioDevice initialized.
[2016.01.31-15.00.19:213][  0]LogDerivedDataCache: Saved boot cache 0.02s 41MB C:/Users/VR/AppData/Local/UnrealEngine/4.9/DerivedDataCache/Boot.ddc.
[2016.01.31-15.00.19:217][  0]LogInit: Texture streaming: Enabled
[2016.01.31-15.00.19:220][  0]LogAnalytics: Creating configured Analytics provider AnalyticsET
[2016.01.31-15.00.19:220][  0]LogAnalytics: [UEEditor.Rocket.Release] APIServer = http://et2.epicgames.com/ET2/. AppVersion = 4.9.2-2707645+++depot+UE4-Releases+4.9
[2016.01.31-15.00.19:220][  0]LogAnalytics: [UEEditor.Rocket.Release] SetUserId 8c1436b7469470d4e6ebefb46ce7086e|15a5252fe37a4825a673547b0b937ab6|c39e7128-8a93-45bc-b94e-b28d0faf1958
[2016.01.31-15.00.19:220][  0]LogAnalytics: [UEEditor.Rocket.Release] AnalyticsET::StartSession
[2016.01.31-15.00.19:227][  0]LogWindowsTextInputMethodSystem:Display: IME system now deactivated.
[2016.01.31-15.00.19:239][  0]LogInit: Transaction tracking system initialized
[2016.01.31-15.00.19:256][  0]BlueprintLog: New page: Editor Load
[2016.01.31-15.00.19:302][  0]LocalizationService: Info Localization service is disabled
[2016.01.31-15.00.19:349][  0]LogLinker:Warning: Can't find file '/Game/FirstPersonBP/FirstPersonOverview'
[2016.01.31-15.00.19:349][  0]LogLinker:Warning: Can't find file '/Game/FirstPersonBP/FirstPersonOverview'
[2016.01.31-15.00.19:349][  0]LogUObjectGlobals:Warning: Failed to find object 'Class /Game/FirstPersonBP/FirstPersonOverview.FirstPersonOverview_C'
[2016.01.31-15.00.19:357][  0]LogConsoleResponse:Display: 
[2016.01.31-15.00.19:448][  0]LogCook:Display: Done creating registry. It took  0.00s.
[2016.01.31-15.00.19:481][  0]LogFileCache: Scanning file cache for directory 'D:/UnrealProjects/GE_Project/Content/' took 0.01s
[2016.01.31-15.00.19:481][  0]SourceControl: Info Source control is disabled
[2016.01.31-15.00.19:481][  0]Cmd: MAP LOAD FILE="../../../../../../UnrealProjects/GE_Project/Content/StarterContent/Maps/Minimal_Default.umap" TEMPLATE=0 SHOWPROGRESS=1 FEATURELEVEL=3
[2016.01.31-15.00.19:481][  0]LightingResults: New page: Lighting Build
[2016.01.31-15.00.19:483][  0]MapCheck: New page: Map Check
[2016.01.31-15.00.19:483][  0]LightingResults: New page: Lighting Build
[2016.01.31-15.00.19:496][  0]LogParticles: Destroying 0 GPU particle simulations for FXSystem 0x000000B4575EA160
[2016.01.31-15.00.19:801][  0]LogAIModule: Creating AISystem for world Minimal_Default
[2016.01.31-15.00.19:808][  0]LogEditorServer: Finished looking for orphan Actors (0.000 secs)
[2016.01.31-15.00.19:808][  0]Cmd: MAP CHECKDEP NOCLEARLOG
[2016.01.31-15.00.19:841][  0]MapCheck: Info Map check complete: 0 Error(s), 0 Warning(s), took 32.919ms to complete.
[2016.01.31-15.00.19:841][  0]LogFileHelpers: Loading map 'Minimal_Default' took 0.360
[2016.01.31-15.00.19:939][  0]LogCollectionManager: Loaded 0 collections in 0.000954 seconds
[2016.01.31-15.00.19:979][  0]LogFileCache: Scanning file cache for directory 'D:/UnrealProjects/GE_Project/Saved/Collections/' took 0.01s
[2016.01.31-15.00.19:979][  0]LogFileCache: Scanning file cache for directory 'D:/UnrealProjects/GE_Project/Content/Developers/VR/Collections/' took 0.01s
[2016.01.31-15.00.19:979][  0]LogFileCache: Scanning file cache for directory 'D:/UnrealProjects/GE_Project/Content/Collections/' took 0.01s
[2016.01.31-15.00.19:979][  0]LogContentBrowser: Native class hierarchy populated in 0.0068 seconds. Added 1901 classes and 339 folders.
[2016.01.31-15.00.19:983][  0]LogCollectionManager: Rebuilt the GUID cache for 0 collections in 0.000003 seconds
[2016.01.31-15.00.19:988][  0]LogContentBrowser: Native class hierarchy updated for 'WidgetCarousel' in 0.0012 seconds. Added 0 classes and 0 folders.
[2016.01.31-15.00.20:024][  0]LogContentBrowser: Native class hierarchy updated for 'AddContentDialog' in 0.0009 seconds. Added 0 classes and 0 folders.
[2016.01.31-15.00.20:028][  0]LogContentBrowser: Native class hierarchy updated for 'SceneOutliner' in 0.0013 seconds. Added 1 classes and 2 folders.
[2016.01.31-15.00.20:071][  0]LogCrashTracker: Crashtracker disabled due to settings.
[2016.01.31-15.00.20:079][  0]LogUObjectGlobals:Warning: Failed to find object 'Class None.'
[2016.01.31-15.00.20:102][  0]LogLoad: Full Startup: 4.76 seconds (BP compile: 0.04 seconds)
[2016.01.31-15.00.20:159][  0]LogContentStreaming: Texture pool size now 1000 MB
[2016.01.31-15.00.20:259][  0]LogRenderer: Reallocating scene render targets to support 1216x576 (Frame:2).
[2016.01.31-15.00.21:126][  3]LogAssetRegistry: Asset discovery search completed in 2.4302 seconds
[2016.01.31-15.00.21:126][  3]LogCollectionManager: Rebuilt the object cache for 0 collections in 0.000001 seconds (found 0 objects)
[2016.01.31-15.00.21:126][  3]LogCollectionManager: Fixed up redirectors for 0 collections in 0.000017 seconds (updated 0 objects)
[2016.01.31-15.00.26:054][227]LogBlueprint:Warning: [compiler Ue4ASP_Character] Warning Input Axis Event references unknown Axis 'LookUp' for  InputAxis LookUp 
[2016.01.31-15.00.26:054][227]LogBlueprint:Warning: [compiler Ue4ASP_Character] Warning Input Axis Event references unknown Axis 'Turn' for  InputAxis Turn 
[2016.01.31-15.00.26:055][227]LogBlueprint:Warning: [compiler Ue4ASP_Character] Warning Input Axis Event references unknown Axis 'MoveRight' for  InputAxis MoveRight 
[2016.01.31-15.00.26:055][227]LogBlueprint:Warning: [compiler Ue4ASP_Character] Warning Input Axis Event references unknown Axis 'MoveForward' for  InputAxis MoveForward 
[2016.01.31-15.00.26:057][227]LogBlueprint:Warning: [compiler Ue4ASP_Character] Warning [0010.71] Compile of Ue4ASP_Character successful, but with 4 Warning(s) [in 5 ms]
[2016.01.31-15.00.26:057][227]LogBlueprint:Warning: [compiler Ue4ASP_Character] Warning [0010.71] Compile of Ue4ASP_Character successful, but with 5 Warning(s) [in 0 ms]
[2016.01.31-15.00.26:057][227]LogBlueprint:Warning: [compiler Ue4ASP_Character] Warning [0010.71] Compile of Ue4ASP_Character successful, but with 6 Warning(s) [in 0 ms]
[2016.01.31-15.00.26:105][227]LogBlueprint:Warning: [compiler Ue4ASP_Character] Warning Input Axis Event references unknown Axis 'LookUp' for  InputAxis LookUp 
[2016.01.31-15.00.26:105][227]LogBlueprint:Warning: [compiler Ue4ASP_Character] Warning Input Axis Event references unknown Axis 'Turn' for  InputAxis Turn 
[2016.01.31-15.00.26:105][227]LogBlueprint:Warning: [compiler Ue4ASP_Character] Warning Input Axis Event references unknown Axis 'MoveRight' for  InputAxis MoveRight 
[2016.01.31-15.00.26:106][227]LogBlueprint:Warning: [compiler Ue4ASP_Character] Warning Input Axis Event references unknown Axis 'MoveForward' for  InputAxis MoveForward 
[2016.01.31-15.00.26:107][227]LogBlueprint:Warning: [compiler Ue4ASP_Character] Warning [0010.76] Compile of Ue4ASP_Character successful, but with 4 Warning(s) [in 5 ms]
[2016.01.31-15.00.26:108][227]LogBlueprint:Warning: [compiler Ue4ASP_Character] Warning [0010.76] Compile of Ue4ASP_Character successful, but with 5 Warning(s) [in 0 ms]
[2016.01.31-15.00.26:108][227]LogBlueprint:Warning: [compiler Ue4ASP_Character] Warning [0010.76] Compile of Ue4ASP_Character successful, but with 6 Warning(s) [in 0 ms]
[2016.01.31-15.00.26:277][227]LogAIModule: Creating AISystem for world MyFirstLevel
[2016.01.31-15.00.26:307][227]Cmd: MAP LOAD FILE="../../../../../../UnrealProjects/GE_Project/Content/MyFirstLevel.umap" TEMPLATE=0 SHOWPROGRESS=1 FEATURELEVEL=3
[2016.01.31-15.00.26:307][227]LightingResults: New page: Lighting Build
[2016.01.31-15.00.26:321][227]LoadErrors: New page: Loading map: MyFirstLevel.umap
[2016.01.31-15.00.26:321][227]MapCheck: New page: Map Check
[2016.01.31-15.00.26:321][227]LightingResults: New page: Lighting Build
[2016.01.31-15.00.26:330][227]LogParticles: Destroying 0 GPU particle simulations for FXSystem 0x000000B444037420
[2016.01.31-15.00.26:388][227]LogEditorServer: Finished looking for orphan Actors (0.000 secs)
[2016.01.31-15.00.26:421][227]Cmd: MAP CHECKDEP NOCLEARLOG
[2016.01.31-15.00.26:473][227]MapCheck: Info Map check complete: 0 Error(s), 0 Warning(s), took 51.485ms to complete.
[2016.01.31-15.00.26:473][227]LogFileHelpers: Loading map 'MyFirstLevel' took 0.167
[2016.01.31-15.00.26:510][228]Cmd: UpdateLandscapeEditorData -warnings
[2016.01.31-15.00.26:511][228]Cmd: UpdateLandscapeEditorData
[2016.01.31-15.00.38:251][624]LogBlueprintUserMessages: Early PlayInEditor Detection: Level '/Game/MyFirstLevel.MyFirstLevel:PersistentLevel' has LevelScriptBlueprint '/Game/MyFirstLevel.MyFirstLevel:PersistentLevel.MyFirstLevel' with GeneratedClass '/Game/MyFirstLevel.MyFirstLevel_C' with ClassGeneratedBy '/Game/MyFirstLevel.MyFirstLevel:PersistentLevel.MyFirstLevel'
[2016.01.31-15.00.38:251][624]LogPlayLevel: PlayLevel: No blueprints needed recompiling
[2016.01.31-15.00.38:252][624]PIE: New page: PIE session: MyFirstLevel (Jan 31, 2016, 5:00:38 PM)
[2016.01.31-15.00.38:252][624]LogPlayLevel: Creating play world package: /Game/UEDPIE_0_MyFirstLevel
[2016.01.31-15.00.38:260][624]LogPlayLevel: PIE: StaticDuplicateObject took: (0.007864s)
[2016.01.31-15.00.38:260][624]LogAIModule: Creating AISystem for world MyFirstLevel
[2016.01.31-15.00.38:260][624]LogPlayLevel: PIE: World Init took: (0.000432s)
[2016.01.31-15.00.38:260][624]LogPlayLevel: PIE: Created PIE world by copying editor world from /Game/MyFirstLevel.MyFirstLevel to /Game/UEDPIE_0_MyFirstLevel.MyFirstLevel (0.008433s)
[2016.01.31-15.00.38:260][624]LogActorComponent: UnregisterComponent: (/Engine/Transient.CharMoveComp) Not registered. Aborting.
[2016.01.31-15.00.38:270][624]LogInit: XAudio2 using 'HP E221c-8 (NVIDIA High Definition Audio)' : 2 channels at 48 kHz using 16 bits per sample (channel mask 0x3)
[2016.01.31-15.00.38:273][624]LogInit: FAudioDevice initialized.
[2016.01.31-15.00.38:325][624]LogLinker:Warning: Can't find file '/Script/Kinect4Unreal'
[2016.01.31-15.00.38:325][624]LogLinker:Warning: Can't find file for asset '/Script/Kinect4Unreal' while loading ../../../../../../UnrealProjects/GE_Project/Content/BP_Avatar.uasset.
[2016.01.31-15.00.38:326][624]LoadErrors:Error: Error /Game/BP_Avatar : Can't find file for asset. /Script/Kinect4Unreal
[2016.01.31-15.00.38:326][624]LogLinker:Warning: Can't find file '/Script/Kinect4Unreal'
[2016.01.31-15.00.38:326][624]LogLinker:Warning: Can't find file for asset '/Script/Kinect4Unreal' while loading ../../../../../../UnrealProjects/GE_Project/Content/BP_Avatar.uasset.
[2016.01.31-15.00.38:326][624]LogLinker:Warning: Can't find file '/Script/Kinect4Unreal'
[2016.01.31-15.00.38:326][624]LogLinker:Warning: Can't find file for asset '/Script/Kinect4Unreal' while loading ../../../../../../UnrealProjects/GE_Project/Content/BP_Avatar.uasset.
[2016.01.31-15.00.38:326][624]LogLinker:Warning: Can't find file '/Script/Kinect4Unreal'
[2016.01.31-15.00.38:326][624]LogLinker:Warning: Can't find file for asset '/Script/Kinect4Unreal' while loading ../../../../../../UnrealProjects/GE_Project/Content/BP_Avatar.uasset.
[2016.01.31-15.00.38:326][624]LogLinker:Warning: Can't find file '/Script/Kinect4Unreal'
[2016.01.31-15.00.38:326][624]LogLinker:Warning: Can't find file for asset '/Script/Kinect4Unreal' while loading ../../../../../../UnrealProjects/GE_Project/Content/BP_Avatar.uasset.
[2016.01.31-15.00.38:326][624]LogLinker:Warning: Can't find file '/Script/Kinect4Unreal'
[2016.01.31-15.00.38:326][624]LogLinker:Warning: Can't find file for asset '/Script/Kinect4Unreal' while loading ../../../../../../UnrealProjects/GE_Project/Content/BP_Avatar.uasset.
[2016.01.31-15.00.38:327][624]LogLinker:Warning: Can't find file '/Script/Kinect4Unreal'
[2016.01.31-15.00.38:327][624]LogLinker:Warning: Can't find file for asset '/Script/Kinect4Unreal' while loading ../../../../../../UnrealProjects/GE_Project/Content/BP_Avatar.uasset.
[2016.01.31-15.00.38:327][624]LogLinker:Warning: Can't find file '/Script/Kinect4Unreal'
[2016.01.31-15.00.38:327][624]LoadErrors: Info Failed to load /Script/Kinect4Unreal.EBodyNumber Referenced by CallFunc_GetCenteredBody_CenteredBody
[2016.01.31-15.00.38:327][624]LogLinker:Warning: Can't find file for asset '/Script/Kinect4Unreal' while loading ../../../../../../UnrealProjects/GE_Project/Content/Blueprints/BP_TheBeginningGameMode.uasset.
[2016.01.31-15.00.38:328][624]LoadErrors:Error: Error /Game/Blueprints/BP_TheBeginningGameMode : Can't find file for asset. /Script/Kinect4Unreal
[2016.01.31-15.00.38:328][624]LogLinker:Warning: Can't find file '/Script/Kinect4Unreal'
[2016.01.31-15.00.38:328][624]LoadErrors: Info Failed to load /Script/Kinect4Unreal.EHandState Referenced by CallFunc_GetHandStateAsExecution_HandState
[2016.01.31-15.00.38:328][624]LogLinker:Warning: Can't find file for asset '/Script/Kinect4Unreal' while loading ../../../../../../UnrealProjects/GE_Project/Content/Blueprints/BP_TheBeginningGameMode.uasset.
[2016.01.31-15.00.38:328][624]LogLinker:Warning: Can't find file '/Script/Kinect4Unreal'
[2016.01.31-15.00.38:328][624]LoadErrors: Info Failed to load /Script/Kinect4Unreal.EHandState Referenced by CallFunc_GetHandStateAsExecution_HandState2
[2016.01.31-15.00.38:328][624]LogLinker:Warning: Can't find file for asset '/Script/Kinect4Unreal' while loading ../../../../../../UnrealProjects/GE_Project/Content/Blueprints/BP_TheBeginningGameMode.uasset.
[2016.01.31-15.00.38:328][624]LogLinker:Warning: Can't find file '/Script/Kinect4Unreal'
[2016.01.31-15.00.38:328][624]LogLinker:Warning: Can't find file for asset '/Script/Kinect4Unreal' while loading ../../../../../../UnrealProjects/GE_Project/Content/Blueprints/BP_TheBeginningGameMode.uasset.
[2016.01.31-15.00.38:328][624]LogLinker:Warning: Can't find file '/Script/Kinect4Unreal'
[2016.01.31-15.00.38:328][624]LogLinker:Warning: Can't find file for asset '/Script/Kinect4Unreal' while loading ../../../../../../UnrealProjects/GE_Project/Content/Blueprints/BP_TheBeginningGameMode.uasset.
[2016.01.31-15.00.38:328][624]LogLinker:Warning: Can't find file '/Script/Kinect4Unreal'
[2016.01.31-15.00.38:328][624]LogLinker:Warning: Can't find file for asset '/Script/Kinect4Unreal' while loading ../../../../../../UnrealProjects/GE_Project/Content/Blueprints/BP_TheBeginningGameMode.uasset.
[2016.01.31-15.00.38:328][624]LogLinker:Warning: Can't find file '/Script/Kinect4Unreal'
[2016.01.31-15.00.38:328][624]LogLinker:Warning: Can't find file for asset '/Script/Kinect4Unreal' while loading ../../../../../../UnrealProjects/GE_Project/Content/Blueprints/BP_TheBeginningGameMode.uasset.
[2016.01.31-15.00.38:328][624]LogLinker:Warning: Can't find file '/Script/Kinect4Unreal'
[2016.01.31-15.00.38:328][624]LogLinker:Warning: Can't find file for asset '/Script/Kinect4Unreal' while loading ../../../../../../UnrealProjects/GE_Project/Content/Blueprints/BP_TheBeginningGameMode.uasset.
[2016.01.31-15.00.38:329][624]LogLinker:Warning: Can't find file '/Script/Kinect4Unreal'
[2016.01.31-15.00.38:329][624]LogLinker:Warning: Can't find file for asset '/Script/Kinect4Unreal' while loading ../../../../../../UnrealProjects/GE_Project/Content/Blueprints/BP_TheBeginningGameMode.uasset.
[2016.01.31-15.00.38:329][624]LogLinker:Warning: Can't find file '/Script/Kinect4Unreal'
[2016.01.31-15.00.38:329][624]LogLinker:Warning: Can't find file for asset '/Script/Kinect4Unreal' while loading ../../../../../../UnrealProjects/GE_Project/Content/Blueprints/BP_TheBeginningGameMode.uasset.
[2016.01.31-15.00.38:329][624]LogLinker:Warning: Can't find file '/Script/Kinect4Unreal'
[2016.01.31-15.00.38:329][624]LogLinker:Warning: Can't find file for asset '/Script/Kinect4Unreal' while loading ../../../../../../UnrealProjects/GE_Project/Content/Blueprints/BP_TheBeginningGameMode.uasset.
[2016.01.31-15.00.38:330][624]LogLinker:Warning: Can't find file '/Script/Kinect4Unreal'
[2016.01.31-15.00.38:330][624]LoadErrors: Info Failed to load /Script/Kinect4Unreal.KinectInterfaceComponent Referenced by K2Node_CallFunction_2965
[2016.01.31-15.00.38:330][624]LogLinker:Warning: Can't find file for asset '/Script/Kinect4Unreal' while loading ../../../../../../UnrealProjects/GE_Project/Content/Blueprints/BP_TheBeginningGameMode.uasset.
[2016.01.31-15.00.38:330][624]LogLinker:Warning: Can't find file '/Script/Kinect4Unreal'
[2016.01.31-15.00.38:330][624]LoadErrors: Info Failed to load /Script/Kinect4Unreal.KinectInterfaceComponent Referenced by EdGraphPin_6970
[2016.01.31-15.00.38:330][624]LogLinker:Warning: Can't find file for asset '/Script/Kinect4Unreal' while loading ../../../../../../UnrealProjects/GE_Project/Content/Blueprints/BP_TheBeginningGameMode.uasset.
[2016.01.31-15.00.38:331][624]LogLinker:Warning: Can't find file '/Script/Kinect4Unreal'
[2016.01.31-15.00.38:331][624]LoadErrors: Info Failed to load /Script/Kinect4Unreal.EBodyNumber Referenced by EdGraphPin_6971
[2016.01.31-15.00.38:331][624]LogLinker:Warning: Can't find file for asset '/Script/Kinect4Unreal' while loading ../../../../../../UnrealProjects/GE_Project/Content/Blueprints/BP_TheBeginningGameMode.uasset.
[2016.01.31-15.00.38:331][624]LogLinker:Warning: Can't find file '/Script/Kinect4Unreal'
[2016.01.31-15.00.38:331][624]LoadErrors: Info Failed to load /Script/Kinect4Unreal.KinectInterfaceComponent Referenced by EdGraphPin_6813
[2016.01.31-15.00.38:331][624]LogLinker:Warning: Can't find file for asset '/Script/Kinect4Unreal' while loading ../../../../../../UnrealProjects/GE_Project/Content/Blueprints/BP_TheBeginningGameMode.uasset.
[2016.01.31-15.00.38:331][624]LogLinker:Warning: Can't find file '/Script/Kinect4Unreal'
[2016.01.31-15.00.38:331][624]LoadErrors: Info Failed to load /Script/Kinect4Unreal.KinectInterfaceComponent Referenced by K2Node_CallFunction_2682
[2016.01.31-15.00.38:331][624]LogLinker:Warning: Can't find file for asset '/Script/Kinect4Unreal' while loading ../../../../../../UnrealProjects/GE_Project/Content/Blueprints/BP_TheBeginningGameMode.uasset.
[2016.01.31-15.00.38:331][624]LogLinker:Warning: Can't find file '/Script/Kinect4Unreal'
[2016.01.31-15.00.38:332][624]LoadErrors: Info Failed to load /Script/Kinect4Unreal.KinectInterfaceComponent Referenced by EdGraphPin_6989
[2016.01.31-15.00.38:332][624]LogLinker:Warning: Can't find file for asset '/Script/Kinect4Unreal' while loading ../../../../../../UnrealProjects/GE_Project/Content/Blueprints/BP_TheBeginningGameMode.uasset.
[2016.01.31-15.00.38:332][624]LogLinker:Warning: Can't find file '/Script/Kinect4Unreal'
[2016.01.31-15.00.38:332][624]LoadErrors: Info Failed to load /Script/Kinect4Unreal.EHands Referenced by EdGraphPin_6990
[2016.01.31-15.00.38:332][624]LogLinker:Warning: Can't find file for asset '/Script/Kinect4Unreal' while loading ../../../../../../UnrealProjects/GE_Project/Content/Blueprints/BP_TheBeginningGameMode.uasset.
[2016.01.31-15.00.38:332][624]LogLinker:Warning: Can't find file '/Script/Kinect4Unreal'
[2016.01.31-15.00.38:332][624]LoadErrors: Info Failed to load /Script/Kinect4Unreal.EBodyNumber Referenced by EdGraphPin_6991
[2016.01.31-15.00.38:332][624]LogLinker:Warning: Can't find file for asset '/Script/Kinect4Unreal' while loading ../../../../../../UnrealProjects/GE_Project/Content/Blueprints/BP_TheBeginningGameMode.uasset.
[2016.01.31-15.00.38:332][624]LogLinker:Warning: Can't find file '/Script/Kinect4Unreal'
[2016.01.31-15.00.38:332][624]LoadErrors: Info Failed to load /Script/Kinect4Unreal.EHandState Referenced by EdGraphPin_6992
[2016.01.31-15.00.38:332][624]LogLinker:Warning: Can't find file for asset '/Script/Kinect4Unreal' while loading ../../../../../../UnrealProjects/GE_Project/Content/Blueprints/BP_TheBeginningGameMode.uasset.
[2016.01.31-15.00.38:332][624]LogLinker:Warning: Can't find file '/Script/Kinect4Unreal'
[2016.01.31-15.00.38:332][624]LoadErrors: Info Failed to load /Script/Kinect4Unreal.KinectInterfaceComponent Referenced by EdGraphPin_6864
[2016.01.31-15.00.38:332][624]LogLinker:Warning: Can't find file for asset '/Script/Kinect4Unreal' while loading ../../../../../../UnrealProjects/GE_Project/Content/Blueprints/BP_TheBeginningGameMode.uasset.
[2016.01.31-15.00.38:334][624]LogLinker:Warning: Can't find file '/Script/Kinect4Unreal'
[2016.01.31-15.00.38:334][624]LoadErrors: Info Failed to load /Script/Kinect4Unreal.KinectInterfaceComponent Referenced by K2Node_CallFunction_2550
[2016.01.31-15.00.38:334][624]LogLinker:Warning: Can't find file for asset '/Script/Kinect4Unreal' while loading ../../../../../../UnrealProjects/GE_Project/Content/Blueprints/BP_TheBeginningGameMode.uasset.
[2016.01.31-15.00.38:334][624]LogLinker:Warning: Can't find file '/Script/Kinect4Unreal'
[2016.01.31-15.00.38:334][624]LoadErrors: Info Failed to load /Script/Kinect4Unreal.KinectInterfaceComponent Referenced by EdGraphPin_28126
[2016.01.31-15.00.38:334][624]LogLinker:Warning: Can't find file for asset '/Script/Kinect4Unreal' while loading ../../../../../../UnrealProjects/GE_Project/Content/Blueprints/BP_TheBeginningGameMode.uasset.
[2016.01.31-15.00.38:334][624]LogLinker:Warning: Can't find file '/Script/Kinect4Unreal'
[2016.01.31-15.00.38:334][624]LoadErrors: Info Failed to load /Script/Kinect4Unreal.EHands Referenced by EdGraphPin_28127
[2016.01.31-15.00.38:334][624]LogLinker:Warning: Can't find file for asset '/Script/Kinect4Unreal' while loading ../../../../../../UnrealProjects/GE_Project/Content/Blueprints/BP_TheBeginningGameMode.uasset.
[2016.01.31-15.00.38:334][624]LogLinker:Warning: Can't find file '/Script/Kinect4Unreal'
[2016.01.31-15.00.38:334][624]LoadErrors: Info Failed to load /Script/Kinect4Unreal.EBodyNumber Referenced by EdGraphPin_28128
[2016.01.31-15.00.38:334][624]LogLinker:Warning: Can't find file for asset '/Script/Kinect4Unreal' while loading ../../../../../../UnrealProjects/GE_Project/Content/Blueprints/BP_TheBeginningGameMode.uasset.
[2016.01.31-15.00.38:335][624]LogLinker:Warning: Can't find file '/Script/Kinect4Unreal'
[2016.01.31-15.00.38:335][624]LoadErrors: Info Failed to load /Script/Kinect4Unreal.EHandState Referenced by EdGraphPin_28129
[2016.01.31-15.00.38:335][624]LogLinker:Warning: Can't find file for asset '/Script/Kinect4Unreal' while loading ../../../../../../UnrealProjects/GE_Project/Content/Blueprints/BP_TheBeginningGameMode.uasset.
[2016.01.31-15.00.38:335][624]LogLinker:Warning: Can't find file '/Script/Kinect4Unreal'
[2016.01.31-15.00.38:335][624]LoadErrors: Info Failed to load /Script/Kinect4Unreal.KinectInterfaceComponent Referenced by EdGraphPin_28150
[2016.01.31-15.00.38:335][624]LogLinker:Warning: Can't find file for asset '/Script/Kinect4Unreal' while loading ../../../../../../UnrealProjects/GE_Project/Content/Blueprints/BP_TheBeginningGameMode.uasset.
[2016.01.31-15.00.38:335][624]LogLinker:Warning: Can't find file '/Script/Kinect4Unreal'
[2016.01.31-15.00.38:335][624]LogLinker:Warning: Can't find file for asset '/Script/Kinect4Unreal' while loading ../../../../../../UnrealProjects/GE_Project/Content/Blueprints/BP_TheBeginningGameMode.uasset.
[2016.01.31-15.00.38:335][624]LogLinker:Warning: Can't find file '/Script/Kinect4Unreal'
[2016.01.31-15.00.38:335][624]LoadErrors: Info Failed to load /Script/Kinect4Unreal.KinectInterfaceComponent Referenced by SCS_Node_1
[2016.01.31-15.00.38:335][624]LogLinker:Warning: Can't find file for asset '/Script/Kinect4Unreal' while loading ../../../../../../UnrealProjects/GE_Project/Content/Blueprints/BP_TheBeginningGameMode.uasset.
[2016.01.31-15.00.38:338][624]LogBlueprint:Warning: [BP_Avatar] CreatePinForVariable: 'KinectInterface' variable not found. Base class was probably changed.
[2016.01.31-15.00.38:338][624]LogBlueprint:Warning: [BP_Avatar] CreatePinForVariable: 'KinectInterface' variable not found. Base class was probably changed.
[2016.01.31-15.00.38:338][624]LogBlueprint:Warning: [BP_Avatar] CreatePinForVariable: 'KinectInterface' variable not found. Base class was probably changed.
[2016.01.31-15.00.38:340][624]LogBlueprint:Warning: [compiler BP_Avatar] Warning Could not find a variable named "KinectInterface" in 'BP_Avatar_C'.
Make sure 'BP_Avatar_C' has been compiled for  Get KinectInterface 
[2016.01.31-15.00.38:340][624]LogBlueprint:Error: [compiler BP_Avatar] Error Could not find a function named "GetHandStateAsExecution" in 'BP_Avatar'.
Make sure 'BP_Avatar' has been compiled for  Get Hand State as Execution 
[2016.01.31-15.00.38:340][624]LogBlueprint:Warning: [compiler BP_Avatar] Warning Could not find a variable named "KinectInterface" in 'BP_Avatar_C'.
Make sure 'BP_Avatar_C' has been compiled for  Get KinectInterface 
[2016.01.31-15.00.38:341][624]LogBlueprint:Error: [compiler BP_Avatar] Error Could not find a function named "GetHandStateAsExecution" in 'BP_Avatar'.
Make sure 'BP_Avatar' has been compiled for  Get Hand State as Execution 
[2016.01.31-15.00.38:341][624]LogBlueprint:Warning: [compiler BP_Avatar] Warning Could not find a variable named "KinectInterface" in 'BP_Avatar_C'.
Make sure 'BP_Avatar_C' has been compiled for  Get KinectInterface 
[2016.01.31-15.00.38:341][624]LogBlueprint:Error: [compiler BP_Avatar] Error Could not find a function named "GetCenteredBody" in 'BP_Avatar'.
Make sure 'BP_Avatar' has been compiled for  Get Centered Body 
[2016.01.31-15.00.38:341][624]LogBlueprint:Error: [compiler BP_Avatar] Error The property associated with  Kinect Interface  could not be found
[2016.01.31-15.00.38:341][624]LogBlueprint:Error: [compiler BP_Avatar] Error The property associated with  Kinect Interface  could not be found
[2016.01.31-15.00.38:341][624]LogBlueprint:Error: [compiler BP_Avatar] Error The property associated with  Kinect Interface  could not be found
[2016.01.31-15.00.38:341][624]LogBlueprint:Error: [compiler BP_Avatar] Error The current value (Left) of the ' Hand ' pin is invalid: Expected a valid unsigned number for a byte property
[2016.01.31-15.00.38:341][624]LogBlueprint:Error: [compiler BP_Avatar] Error The current value (Right) of the ' Hand ' pin is invalid: Expected a valid unsigned number for a byte property
[2016.01.31-15.00.38:344][624]LogBlueprint:Warning: [compiler BP_Avatar] Warning [0023.00] Compile of BP_Avatar failed. 8 Fatal Issue(s) 3 Warning(s) [in 5 ms]
[2016.01.31-15.00.38:344][624]LogBlueprint:Warning: [compiler BP_Avatar] Warning [0023.00] Compile of BP_Avatar failed. 8 Fatal Issue(s) 4 Warning(s) [in 0 ms]
[2016.01.31-15.00.38:344][624]LogBlueprint:Warning: [compiler BP_Avatar] Warning [0023.00] Compile of BP_Avatar failed. 8 Fatal Issue(s) 5 Warning(s) [in 0 ms]
[2016.01.31-15.00.38:345][624]LogLinker:Warning: Can't find file '/Script/Kinect4Unreal'
[2016.01.31-15.00.38:345][624]LogLinker:Warning: Can't find file for asset '/Script/Kinect4Unreal' while loading ../../../../../../UnrealProjects/GE_Project/Content/Blueprints/BP_TheBeginningGameMode.uasset.
[2016.01.31-15.00.38:345][624]LogLinker:Warning: Can't find file '/Script/Kinect4Unreal'
[2016.01.31-15.00.38:345][624]LogLinker:Warning: Can't find file for asset '/Script/Kinect4Unreal' while loading ../../../../../../UnrealProjects/GE_Project/Content/Blueprints/BP_TheBeginningGameMode.uasset.
[2016.01.31-15.00.38:376][624]LogWorld: Game class is 'BP_TheBeginningGameMode_C'
[2016.01.31-15.00.38:388][624]LogWorld: Bringing World /Game/UEDPIE_0_MyFirstLevel.MyFirstLevel up for play (max tick rate 0) at 2016.01.31-16.00.38
[2016.01.31-15.00.38:389][624]LogActor:Warning: GameSession /Game/UEDPIE_0_MyFirstLevel.MyFirstLevel:PersistentLevel.GameSession_0 has natively added scene component(s), but none of them were set as the actor's RootComponent - picking one arbitrarily
[2016.01.31-15.00.38:389][624]LogActor:Warning: GameNetworkManager /Game/UEDPIE_0_MyFirstLevel.MyFirstLevel:PersistentLevel.GameNetworkManager_0 has natively added scene component(s), but none of them were set as the actor's RootComponent - picking one arbitrarily
[2016.01.31-15.00.38:390][624]LogWorld: Bringing up level for play took: 0.012342
[2016.01.31-15.00.38:391][624]PIE: Info Play in editor start time for /Game/UEDPIE_0_MyFirstLevel -0.744
[2016.01.31-15.00.38:391][624]LogBlueprintUserMessages: Late PlayInEditor Detection: Level '/Game/MyFirstLevel.MyFirstLevel:PersistentLevel' has LevelScriptBlueprint '/Game/MyFirstLevel.MyFirstLevel:PersistentLevel.MyFirstLevel' with GeneratedClass '/Game/MyFirstLevel.MyFirstLevel_C' with ClassGeneratedBy '/Game/MyFirstLevel.MyFirstLevel:PersistentLevel.MyFirstLevel'
[2016.01.31-15.00.44:129][310]LogBlueprintUserMessages: Early EndPlayMap Detection: Level '/Game/MyFirstLevel.MyFirstLevel:PersistentLevel' has LevelScriptBlueprint '/Game/MyFirstLevel.MyFirstLevel:PersistentLevel.MyFirstLevel' with GeneratedClass '/Game/MyFirstLevel.MyFirstLevel_C' with ClassGeneratedBy '/Game/MyFirstLevel.MyFirstLevel:PersistentLevel.MyFirstLevel'
[2016.01.31-15.00.44:159][310]LogBlueprintUserMessages: Late EndPlayMap Detection: Level '/Game/MyFirstLevel.MyFirstLevel:PersistentLevel' has LevelScriptBlueprint '/Game/MyFirstLevel.MyFirstLevel:PersistentLevel.MyFirstLevel' with GeneratedClass '/Game/MyFirstLevel.MyFirstLevel_C' with ClassGeneratedBy '/Game/MyFirstLevel.MyFirstLevel:PersistentLevel.MyFirstLevel'
[2016.01.31-15.00.44:159][310]LogActorComponent: UnregisterComponent: (/Engine/Transient.CharMoveComp) Not registered. Aborting.
[2016.01.31-15.00.44:171][310]LogParticles: Destroying 0 GPU particle simulations for FXSystem 0x000000B4455B3740
[2016.01.31-15.00.44:976][403]LogBlueprintUserMessages: Early PlayInEditor Detection: Level '/Game/MyFirstLevel.MyFirstLevel:PersistentLevel' has LevelScriptBlueprint '/Game/MyFirstLevel.MyFirstLevel:PersistentLevel.MyFirstLevel' with GeneratedClass '/Game/MyFirstLevel.MyFirstLevel_C' with ClassGeneratedBy '/Game/MyFirstLevel.MyFirstLevel:PersistentLevel.MyFirstLevel'
[2016.01.31-15.00.44:976][403]LogPlayLevel: PlayLevel: No blueprints needed recompiling
[2016.01.31-15.00.50:160][403]PIE: New page: PIE session: MyFirstLevel (Jan 31, 2016, 5:00:50 PM)
[2016.01.31-15.00.50:160][403]LogPlayLevel: Creating play world package: /Game/UEDPIE_0_MyFirstLevel
[2016.01.31-15.00.50:169][403]LogPlayLevel: PIE: StaticDuplicateObject took: (0.009046s)
[2016.01.31-15.00.50:170][403]LogAIModule: Creating AISystem for world MyFirstLevel
[2016.01.31-15.00.50:170][403]LogPlayLevel: PIE: World Init took: (0.000577s)
[2016.01.31-15.00.50:170][403]LogPlayLevel: PIE: Created PIE world by copying editor world from /Game/MyFirstLevel.MyFirstLevel to /Game/UEDPIE_0_MyFirstLevel.MyFirstLevel (0.009816s)
[2016.01.31-15.00.50:183][403]LogInit: XAudio2 using 'HP E221c-8 (NVIDIA High Definition Audio)' : 2 channels at 48 kHz using 16 bits per sample (channel mask 0x3)
[2016.01.31-15.00.50:185][403]LogInit: FAudioDevice initialized.
[2016.01.31-15.00.50:220][403]LogWorld: Game class is 'BP_TheBeginningGameMode_C'
[2016.01.31-15.00.50:234][403]LogWorld: Bringing World /Game/UEDPIE_0_MyFirstLevel.MyFirstLevel up for play (max tick rate 0) at 2016.01.31-16.00.50
[2016.01.31-15.00.50:234][403]LogActor:Warning: GameSession /Game/UEDPIE_0_MyFirstLevel.MyFirstLevel:PersistentLevel.GameSession_1 has natively added scene component(s), but none of them were set as the actor's RootComponent - picking one arbitrarily
[2016.01.31-15.00.50:234][403]LogActor:Warning: GameNetworkManager /Game/UEDPIE_0_MyFirstLevel.MyFirstLevel:PersistentLevel.GameNetworkManager_1 has natively added scene component(s), but none of them were set as the actor's RootComponent - picking one arbitrarily
[2016.01.31-15.00.50:235][403]LogWorld: Bringing up level for play took: 0.013420
[2016.01.31-15.00.50:237][403]PIE: Info Play in editor start time for /Game/UEDPIE_0_MyFirstLevel 5.101
[2016.01.31-15.00.50:237][403]LogBlueprintUserMessages: Late PlayInEditor Detection: Level '/Game/MyFirstLevel.MyFirstLevel:PersistentLevel' has LevelScriptBlueprint '/Game/MyFirstLevel.MyFirstLevel:PersistentLevel.MyFirstLevel' with GeneratedClass '/Game/MyFirstLevel.MyFirstLevel_C' with ClassGeneratedBy '/Game/MyFirstLevel.MyFirstLevel:PersistentLevel.MyFirstLevel'
[2016.01.31-15.00.57:384][259]LogBlueprintUserMessages: Early EndPlayMap Detection: Level '/Game/MyFirstLevel.MyFirstLevel:PersistentLevel' has LevelScriptBlueprint '/Game/MyFirstLevel.MyFirstLevel:PersistentLevel.MyFirstLevel' with GeneratedClass '/Game/MyFirstLevel.MyFirstLevel_C' with ClassGeneratedBy '/Game/MyFirstLevel.MyFirstLevel:PersistentLevel.MyFirstLevel'
[2016.01.31-15.00.57:412][259]LogBlueprintUserMessages: Late EndPlayMap Detection: Level '/Game/MyFirstLevel.MyFirstLevel:PersistentLevel' has LevelScriptBlueprint '/Game/MyFirstLevel.MyFirstLevel:PersistentLevel.MyFirstLevel' with GeneratedClass '/Game/MyFirstLevel.MyFirstLevel_C' with ClassGeneratedBy '/Game/MyFirstLevel.MyFirstLevel:PersistentLevel.MyFirstLevel'
[2016.01.31-15.00.57:425][259]LogParticles: Destroying 0 GPU particle simulations for FXSystem 0x000000B4455B1260
[2016.01.31-15.00.59:896][553]LogBlueprintUserMessages: Early PlayInEditor Detection: Level '/Game/MyFirstLevel.MyFirstLevel:PersistentLevel' has LevelScriptBlueprint '/Game/MyFirstLevel.MyFirstLevel:PersistentLevel.MyFirstLevel' with GeneratedClass '/Game/MyFirstLevel.MyFirstLevel_C' with ClassGeneratedBy '/Game/MyFirstLevel.MyFirstLevel:PersistentLevel.MyFirstLevel'
[2016.01.31-15.00.59:896][553]LogPlayLevel: PlayLevel: No blueprints needed recompiling
[2016.01.31-15.00.59:897][553]PIE: New page: PIE session: MyFirstLevel (Jan 31, 2016, 5:00:59 PM)
[2016.01.31-15.00.59:897][553]LogPlayLevel: Creating play world package: /Game/UEDPIE_0_MyFirstLevel
[2016.01.31-15.00.59:904][553]LogPlayLevel: PIE: StaticDuplicateObject took: (0.007311s)
[2016.01.31-15.00.59:904][553]LogAIModule: Creating AISystem for world MyFirstLevel
[2016.01.31-15.00.59:904][553]LogPlayLevel: PIE: World Init took: (0.000416s)
[2016.01.31-15.00.59:904][553]LogPlayLevel: PIE: Created PIE world by copying editor world from /Game/MyFirstLevel.MyFirstLevel to /Game/UEDPIE_0_MyFirstLevel.MyFirstLevel (0.007864s)
[2016.01.31-15.00.59:915][553]LogInit: XAudio2 using 'HP E221c-8 (NVIDIA High Definition Audio)' : 2 channels at 48 kHz using 16 bits per sample (channel mask 0x3)
[2016.01.31-15.00.59:917][553]LogInit: FAudioDevice initialized.
[2016.01.31-15.00.59:949][553]LogWorld: Game class is 'BP_TheBeginningGameMode_C'
[2016.01.31-15.00.59:961][553]LogWorld: Bringing World /Game/UEDPIE_0_MyFirstLevel.MyFirstLevel up for play (max tick rate 0) at 2016.01.31-16.00.59
[2016.01.31-15.00.59:961][553]LogActor:Warning: GameSession /Game/UEDPIE_0_MyFirstLevel.MyFirstLevel:PersistentLevel.GameSession_2 has natively added scene component(s), but none of them were set as the actor's RootComponent - picking one arbitrarily
[2016.01.31-15.00.59:962][553]LogActor:Warning: GameNetworkManager /Game/UEDPIE_0_MyFirstLevel.MyFirstLevel:PersistentLevel.GameNetworkManager_2 has natively added scene component(s), but none of them were set as the actor's RootComponent - picking one arbitrarily
[2016.01.31-15.00.59:962][553]LogWorld: Bringing up level for play took: 0.011941
[2016.01.31-15.00.59:964][553]PIE: Info Play in editor start time for /Game/UEDPIE_0_MyFirstLevel 0.828
[2016.01.31-15.00.59:964][553]LogBlueprintUserMessages: Late PlayInEditor Detection: Level '/Game/MyFirstLevel.MyFirstLevel:PersistentLevel' has LevelScriptBlueprint '/Game/MyFirstLevel.MyFirstLevel:PersistentLevel.MyFirstLevel' with GeneratedClass '/Game/MyFirstLevel.MyFirstLevel_C' with ClassGeneratedBy '/Game/MyFirstLevel.MyFirstLevel:PersistentLevel.MyFirstLevel'
[2016.01.31-15.01.01:054][683]LogBlueprintUserMessages: Early EndPlayMap Detection: Level '/Game/MyFirstLevel.MyFirstLevel:PersistentLevel' has LevelScriptBlueprint '/Game/MyFirstLevel.MyFirstLevel:PersistentLevel.MyFirstLevel' with GeneratedClass '/Game/MyFirstLevel.MyFirstLevel_C' with ClassGeneratedBy '/Game/MyFirstLevel.MyFirstLevel:PersistentLevel.MyFirstLevel'
[2016.01.31-15.01.01:088][683]LogBlueprintUserMessages: Late EndPlayMap Detection: Level '/Game/MyFirstLevel.MyFirstLevel:PersistentLevel' has LevelScriptBlueprint '/Game/MyFirstLevel.MyFirstLevel:PersistentLevel.MyFirstLevel' with GeneratedClass '/Game/MyFirstLevel.MyFirstLevel_C' with ClassGeneratedBy '/Game/MyFirstLevel.MyFirstLevel:PersistentLevel.MyFirstLevel'
[2016.01.31-15.01.01:101][683]LogParticles: Destroying 0 GPU particle simulations for FXSystem 0x000000B4455B1C60
[2016.01.31-15.01.06:991][356]LogSlate:Warning: Prevented a slow task dialog from being summoned while a context menu was open
[2016.01.31-15.01.07:165][356]LogLinker:Warning: Asset '../../../Engine/Content/ArtTools/RenderToTexture/Macros/RenderToTextureMacros.uasset' has been saved with empty engine version. The asset will be loaded but may be incompatible.
[2016.01.31-15.01.07:799][356]LogContentBrowser: Native class hierarchy updated for 'BlueprintGraph' in 0.0011 seconds. Added 107 classes and 0 folders.
[2016.01.31-15.01.23:473][749]LogRenderer: Reallocating scene render targets to support 1304x712 (Frame:2963).
[2016.01.31-15.02.27:072][636]LogBlueprintUserMessages: Early PlayInEditor Detection: Level '/Game/MyFirstLevel.MyFirstLevel:PersistentLevel' has LevelScriptBlueprint '/Game/MyFirstLevel.MyFirstLevel:PersistentLevel.MyFirstLevel' with GeneratedClass '/Game/MyFirstLevel.MyFirstLevel_C' with ClassGeneratedBy '/Game/MyFirstLevel.MyFirstLevel:PersistentLevel.MyFirstLevel'
[2016.01.31-15.02.27:072][636]LogPlayLevel: PlayLevel: No blueprints needed recompiling
[2016.01.31-15.02.27:072][636]PIE: New page: PIE session: MyFirstLevel (Jan 31, 2016, 5:02:27 PM)
[2016.01.31-15.02.27:072][636]LogPlayLevel: Creating play world package: /Game/UEDPIE_0_MyFirstLevel
[2016.01.31-15.02.27:079][636]LogPlayLevel: PIE: StaticDuplicateObject took: (0.007516s)
[2016.01.31-15.02.27:080][636]LogAIModule: Creating AISystem for world MyFirstLevel
[2016.01.31-15.02.27:080][636]LogPlayLevel: PIE: World Init took: (0.000467s)
[2016.01.31-15.02.27:080][636]LogPlayLevel: PIE: Created PIE world by copying editor world from /Game/MyFirstLevel.MyFirstLevel to /Game/UEDPIE_0_MyFirstLevel.MyFirstLevel (0.008138s)
[2016.01.31-15.02.27:080][636]LogActorComponent: UnregisterComponent: (/Engine/Transient.CharMoveComp) Not registered. Aborting.
[2016.01.31-15.02.27:080][636]LogActorComponent: UnregisterComponent: (/Engine/Transient.CharacterMovementComponent_0) Not registered. Aborting.
[2016.01.31-15.02.27:080][636]LogActorComponent: UnregisterComponent: (/Engine/Transient.CharacterMovementComponent_1) Not registered. Aborting.
[2016.01.31-15.02.27:099][636]LogParticles: Destroying 0 GPU particle simulations for FXSystem 0x000000B4635A1300
[2016.01.31-15.02.27:104][636]LogInit: XAudio2 using 'HP E221c-8 (NVIDIA High Definition Audio)' : 2 channels at 48 kHz using 16 bits per sample (channel mask 0x3)
[2016.01.31-15.02.27:107][636]LogInit: FAudioDevice initialized.
[2016.01.31-15.02.27:142][636]LogWorld: Game class is 'BP_TheBeginningGameMode_C'
[2016.01.31-15.02.27:154][636]LogWorld: Bringing World /Game/UEDPIE_0_MyFirstLevel.MyFirstLevel up for play (max tick rate 0) at 2016.01.31-16.02.27
[2016.01.31-15.02.27:154][636]LogActor:Warning: GameSession /Game/UEDPIE_0_MyFirstLevel.MyFirstLevel:PersistentLevel.GameSession_3 has natively added scene component(s), but none of them were set as the actor's RootComponent - picking one arbitrarily
[2016.01.31-15.02.27:155][636]LogActor:Warning: GameNetworkManager /Game/UEDPIE_0_MyFirstLevel.MyFirstLevel:PersistentLevel.GameNetworkManager_3 has natively added scene component(s), but none of them were set as the actor's RootComponent - picking one arbitrarily
[2016.01.31-15.02.27:155][636]LogWorld: Bringing up level for play took: 0.012223
[2016.01.31-15.02.27:157][636]PIE: Info Play in editor start time for /Game/UEDPIE_0_MyFirstLevel 0.021
[2016.01.31-15.02.27:157][636]LogBlueprintUserMessages: Late PlayInEditor Detection: Level '/Game/MyFirstLevel.MyFirstLevel:PersistentLevel' has LevelScriptBlueprint '/Game/MyFirstLevel.MyFirstLevel:PersistentLevel.MyFirstLevel' with GeneratedClass '/Game/MyFirstLevel.MyFirstLevel_C' with ClassGeneratedBy '/Game/MyFirstLevel.MyFirstLevel:PersistentLevel.MyFirstLevel'
[2016.01.31-15.02.31:270][129]LogBlueprintUserMessages: Early EndPlayMap Detection: Level '/Game/MyFirstLevel.MyFirstLevel:PersistentLevel' has LevelScriptBlueprint '/Game/MyFirstLevel.MyFirstLevel:PersistentLevel.MyFirstLevel' with GeneratedClass '/Game/MyFirstLevel.MyFirstLevel_C' with ClassGeneratedBy '/Game/MyFirstLevel.MyFirstLevel:PersistentLevel.MyFirstLevel'
[2016.01.31-15.02.31:300][129]LogBlueprintUserMessages: Late EndPlayMap Detection: Level '/Game/MyFirstLevel.MyFirstLevel:PersistentLevel' has LevelScriptBlueprint '/Game/MyFirstLevel.MyFirstLevel:PersistentLevel.MyFirstLevel' with GeneratedClass '/Game/MyFirstLevel.MyFirstLevel_C' with ClassGeneratedBy '/Game/MyFirstLevel.MyFirstLevel:PersistentLevel.MyFirstLevel'
[2016.01.31-15.02.31:319][129]LogParticles: Destroying 0 GPU particle simulations for FXSystem 0x000000B42C42A2A0
[2016.01.31-15.02.32:413][259]LogVSAccessor:Warning: Couldn't access Visual Studio
[2016.01.31-15.02.32:416][259]Recompiling TheBeginning...
[2016.01.31-15.02.32:417][259]Launching UnrealBuildTool... [D:/Programme/Epic Games/4.9/Engine/Binaries/DotNET/UnrealBuildTool.exe TheBeginning -ModuleWithSuffix TheBeginning 1094 Win64 Development -editorrecompile -canskiplink "D:/UnrealProjects/GE_Project/TheBeginning.uproject" -rocket  -rocket]
[2016.01.31-15.02.32:417][259]Warning: Starting HotReload took  0.0s.
[2016.01.31-15.02.54:987][914]CompilerResultsLog: New page: Compilation - Jan 31, 2016, 5:02:54 PM
[2016.01.31-15.02.54:988][914]CompilerResultsLog: Info Creating makefile for hot reloading TheBeginning (.uproject file is newer)
[2016.01.31-15.02.54:988][914]CompilerResultsLog: Info Compiling game modules for hot reload
[2016.01.31-15.02.54:988][914]CompilerResultsLog: Info Target is up to date.
[2016.01.31-15.02.54:988][914]LogMainFrame: MainFrame: Module compiling took 22.574 seconds
[2016.01.31-15.02.57:004][154]LogBlueprintUserMessages: Early PlayInEditor Detection: Level '/Game/MyFirstLevel.MyFirstLevel:PersistentLevel' has LevelScriptBlueprint '/Game/MyFirstLevel.MyFirstLevel:PersistentLevel.MyFirstLevel' with GeneratedClass '/Game/MyFirstLevel.MyFirstLevel_C' with ClassGeneratedBy '/Game/MyFirstLevel.MyFirstLevel:PersistentLevel.MyFirstLevel'
[2016.01.31-15.02.57:004][154]LogPlayLevel: PlayLevel: No blueprints needed recompiling
[2016.01.31-15.02.57:004][154]PIE: New page: PIE session: MyFirstLevel (Jan 31, 2016, 5:02:57 PM)
[2016.01.31-15.02.57:004][154]LogPlayLevel: Creating play world package: /Game/UEDPIE_0_MyFirstLevel
[2016.01.31-15.02.57:011][154]LogPlayLevel: PIE: StaticDuplicateObject took: (0.007377s)
[2016.01.31-15.02.57:012][154]LogAIModule: Creating AISystem for world MyFirstLevel
[2016.01.31-15.02.57:012][154]LogPlayLevel: PIE: World Init took: (0.000510s)
[2016.01.31-15.02.57:012][154]LogPlayLevel: PIE: Created PIE world by copying editor world from /Game/MyFirstLevel.MyFirstLevel to /Game/UEDPIE_0_MyFirstLevel.MyFirstLevel (0.008088s)
[2016.01.31-15.02.57:033][154]LogInit: XAudio2 using 'HP E221c-8 (NVIDIA High Definition Audio)' : 2 channels at 48 kHz using 16 bits per sample (channel mask 0x3)
[2016.01.31-15.02.57:035][154]LogInit: FAudioDevice initialized.
[2016.01.31-15.02.57:069][154]LogWorld: Game class is 'BP_TheBeginningGameMode_C'
[2016.01.31-15.02.57:081][154]LogWorld: Bringing World /Game/UEDPIE_0_MyFirstLevel.MyFirstLevel up for play (max tick rate 0) at 2016.01.31-16.02.57
[2016.01.31-15.02.57:081][154]LogActor:Warning: GameSession /Game/UEDPIE_0_MyFirstLevel.MyFirstLevel:PersistentLevel.GameSession_4 has natively added scene component(s), but none of them were set as the actor's RootComponent - picking one arbitrarily
[2016.01.31-15.02.57:081][154]LogActor:Warning: GameNetworkManager /Game/UEDPIE_0_MyFirstLevel.MyFirstLevel:PersistentLevel.GameNetworkManager_4 has natively added scene component(s), but none of them were set as the actor's RootComponent - picking one arbitrarily
[2016.01.31-15.02.57:082][154]LogWorld: Bringing up level for play took: 0.011873
[2016.01.31-15.02.57:084][154]PIE: Info Play in editor start time for /Game/UEDPIE_0_MyFirstLevel -0.051
[2016.01.31-15.02.57:084][154]LogBlueprintUserMessages: Late PlayInEditor Detection: Level '/Game/MyFirstLevel.MyFirstLevel:PersistentLevel' has LevelScriptBlueprint '/Game/MyFirstLevel.MyFirstLevel:PersistentLevel.MyFirstLevel' with GeneratedClass '/Game/MyFirstLevel.MyFirstLevel_C' with ClassGeneratedBy '/Game/MyFirstLevel.MyFirstLevel:PersistentLevel.MyFirstLevel'
[2016.01.31-15.03.11:688][906]LogBlueprintUserMessages: Early EndPlayMap Detection: Level '/Game/MyFirstLevel.MyFirstLevel:PersistentLevel' has LevelScriptBlueprint '/Game/MyFirstLevel.MyFirstLevel:PersistentLevel.MyFirstLevel' with GeneratedClass '/Game/MyFirstLevel.MyFirstLevel_C' with ClassGeneratedBy '/Game/MyFirstLevel.MyFirstLevel:PersistentLevel.MyFirstLevel'
[2016.01.31-15.03.11:718][906]LogBlueprintUserMessages: Late EndPlayMap Detection: Level '/Game/MyFirstLevel.MyFirstLevel:PersistentLevel' has LevelScriptBlueprint '/Game/MyFirstLevel.MyFirstLevel:PersistentLevel.MyFirstLevel' with GeneratedClass '/Game/MyFirstLevel.MyFirstLevel_C' with ClassGeneratedBy '/Game/MyFirstLevel.MyFirstLevel:PersistentLevel.MyFirstLevel'
[2016.01.31-15.03.11:743][906]LogParticles: Destroying 0 GPU particle simulations for FXSystem 0x000000B479983D80
[2016.01.31-15.03.25:575][560]LogBlueprintUserMessages: Early PlayInEditor Detection: Level '/Game/MyFirstLevel.MyFirstLevel:PersistentLevel' has LevelScriptBlueprint '/Game/MyFirstLevel.MyFirstLevel:PersistentLevel.MyFirstLevel' with GeneratedClass '/Game/MyFirstLevel.MyFirstLevel_C' with ClassGeneratedBy '/Game/MyFirstLevel.MyFirstLevel:PersistentLevel.MyFirstLevel'
[2016.01.31-15.03.25:575][560]LogPlayLevel: PlayLevel: No blueprints needed recompiling
[2016.01.31-15.03.25:575][560]PIE: New page: PIE session: MyFirstLevel (Jan 31, 2016, 5:03:25 PM)
[2016.01.31-15.03.25:575][560]LogPlayLevel: Creating play world package: /Game/UEDPIE_0_MyFirstLevel
[2016.01.31-15.03.25:582][560]LogPlayLevel: PIE: StaticDuplicateObject took: (0.007441s)
[2016.01.31-15.03.25:583][560]LogAIModule: Creating AISystem for world MyFirstLevel
[2016.01.31-15.03.25:583][560]LogPlayLevel: PIE: World Init took: (0.000509s)
[2016.01.31-15.03.25:583][560]LogPlayLevel: PIE: Created PIE world by copying editor world from /Game/MyFirstLevel.MyFirstLevel to /Game/UEDPIE_0_MyFirstLevel.MyFirstLevel (0.008088s)
[2016.01.31-15.03.25:603][560]LogInit: XAudio2 using 'HP E221c-8 (NVIDIA High Definition Audio)' : 2 channels at 48 kHz using 16 bits per sample (channel mask 0x3)
[2016.01.31-15.03.25:606][560]LogInit: FAudioDevice initialized.
[2016.01.31-15.03.25:635][560]LogWorld: Game class is 'BP_TheBeginningGameMode_C'
[2016.01.31-15.03.25:647][560]LogWorld: Bringing World /Game/UEDPIE_0_MyFirstLevel.MyFirstLevel up for play (max tick rate 0) at 2016.01.31-16.03.25
[2016.01.31-15.03.25:647][560]LogActor:Warning: GameSession /Game/UEDPIE_0_MyFirstLevel.MyFirstLevel:PersistentLevel.GameSession_5 has natively added scene component(s), but none of them were set as the actor's RootComponent - picking one arbitrarily
[2016.01.31-15.03.25:647][560]LogActor:Warning: GameNetworkManager /Game/UEDPIE_0_MyFirstLevel.MyFirstLevel:PersistentLevel.GameNetworkManager_5 has natively added scene component(s), but none of them were set as the actor's RootComponent - picking one arbitrarily
[2016.01.31-15.03.25:648][560]LogWorld: Bringing up level for play took: 0.012019
[2016.01.31-15.03.25:650][560]PIE: Info Play in editor start time for /Game/UEDPIE_0_MyFirstLevel 0.514
[2016.01.31-15.03.25:650][560]LogBlueprintUserMessages: Late PlayInEditor Detection: Level '/Game/MyFirstLevel.MyFirstLevel:PersistentLevel' has LevelScriptBlueprint '/Game/MyFirstLevel.MyFirstLevel:PersistentLevel.MyFirstLevel' with GeneratedClass '/Game/MyFirstLevel.MyFirstLevel_C' with ClassGeneratedBy '/Game/MyFirstLevel.MyFirstLevel:PersistentLevel.MyFirstLevel'
[2016.01.31-15.03.33:911][551]LogBlueprintUserMessages: Early EndPlayMap Detection: Level '/Game/MyFirstLevel.MyFirstLevel:PersistentLevel' has LevelScriptBlueprint '/Game/MyFirstLevel.MyFirstLevel:PersistentLevel.MyFirstLevel' with GeneratedClass '/Game/MyFirstLevel.MyFirstLevel_C' with ClassGeneratedBy '/Game/MyFirstLevel.MyFirstLevel:PersistentLevel.MyFirstLevel'
[2016.01.31-15.03.33:945][551]LogBlueprintUserMessages: Late EndPlayMap Detection: Level '/Game/MyFirstLevel.MyFirstLevel:PersistentLevel' has LevelScriptBlueprint '/Game/MyFirstLevel.MyFirstLevel:PersistentLevel.MyFirstLevel' with GeneratedClass '/Game/MyFirstLevel.MyFirstLevel_C' with ClassGeneratedBy '/Game/MyFirstLevel.MyFirstLevel:PersistentLevel.MyFirstLevel'
[2016.01.31-15.03.33:970][551]LogParticles: Destroying 0 GPU particle simulations for FXSystem 0x000000B42BDFF9C0
[2016.01.31-15.03.49:604][402]LogBlueprintUserMessages: Early PlayInEditor Detection: Level '/Game/MyFirstLevel.MyFirstLevel:PersistentLevel' has LevelScriptBlueprint '/Game/MyFirstLevel.MyFirstLevel:PersistentLevel.MyFirstLevel' with GeneratedClass '/Game/MyFirstLevel.MyFirstLevel_C' with ClassGeneratedBy '/Game/MyFirstLevel.MyFirstLevel:PersistentLevel.MyFirstLevel'
[2016.01.31-15.03.49:605][402]LogPlayLevel: PlayLevel: No blueprints needed recompiling
[2016.01.31-15.03.49:605][402]PIE: New page: PIE session: MyFirstLevel (Jan 31, 2016, 5:03:49 PM)
[2016.01.31-15.03.49:605][402]LogPlayLevel: Creating play world package: /Game/UEDPIE_0_MyFirstLevel
[2016.01.31-15.03.49:612][402]LogPlayLevel: PIE: StaticDuplicateObject took: (0.007215s)
[2016.01.31-15.03.49:612][402]LogAIModule: Creating AISystem for world MyFirstLevel
[2016.01.31-15.03.49:612][402]LogPlayLevel: PIE: World Init took: (0.000404s)
[2016.01.31-15.03.49:612][402]LogPlayLevel: PIE: Created PIE world by copying editor world from /Game/MyFirstLevel.MyFirstLevel to /Game/UEDPIE_0_MyFirstLevel.MyFirstLevel (0.007756s)
[2016.01.31-15.03.49:612][402]LogActorComponent: UnregisterComponent: (/Engine/Transient.CharMoveComp) Not registered. Aborting.
[2016.01.31-15.03.49:612][402]LogActorComponent: UnregisterComponent: (/Engine/Transient.CharacterMovementComponent_2) Not registered. Aborting.
[2016.01.31-15.03.49:634][402]LogInit: XAudio2 using 'HP E221c-8 (NVIDIA High Definition Audio)' : 2 channels at 48 kHz using 16 bits per sample (channel mask 0x3)
[2016.01.31-15.03.49:636][402]LogInit: FAudioDevice initialized.
[2016.01.31-15.03.49:665][402]LogWorld: Game class is 'BP_TheBeginningGameMode_C'
[2016.01.31-15.03.49:678][402]LogWorld: Bringing World /Game/UEDPIE_0_MyFirstLevel.MyFirstLevel up for play (max tick rate 0) at 2016.01.31-16.03.49
[2016.01.31-15.03.49:678][402]LogActor:Warning: GameSession /Game/UEDPIE_0_MyFirstLevel.MyFirstLevel:PersistentLevel.GameSession_6 has natively added scene component(s), but none of them were set as the actor's RootComponent - picking one arbitrarily
[2016.01.31-15.03.49:678][402]LogActor:Warning: GameNetworkManager /Game/UEDPIE_0_MyFirstLevel.MyFirstLevel:PersistentLevel.GameNetworkManager_6 has natively added scene component(s), but none of them were set as the actor's RootComponent - picking one arbitrarily
[2016.01.31-15.03.49:679][402]LogWorld: Bringing up level for play took: 0.012624
[2016.01.31-15.03.49:680][402]PIE: Info Play in editor start time for /Game/UEDPIE_0_MyFirstLevel 0.545
[2016.01.31-15.03.49:680][402]LogBlueprintUserMessages: Late PlayInEditor Detection: Level '/Game/MyFirstLevel.MyFirstLevel:PersistentLevel' has LevelScriptBlueprint '/Game/MyFirstLevel.MyFirstLevel:PersistentLevel.MyFirstLevel' with GeneratedClass '/Game/MyFirstLevel.MyFirstLevel_C' with ClassGeneratedBy '/Game/MyFirstLevel.MyFirstLevel:PersistentLevel.MyFirstLevel'
[2016.01.31-15.03.58:918][508]LogBlueprintUserMessages: Early EndPlayMap Detection: Level '/Game/MyFirstLevel.MyFirstLevel:PersistentLevel' has LevelScriptBlueprint '/Game/MyFirstLevel.MyFirstLevel:PersistentLevel.MyFirstLevel' with GeneratedClass '/Game/MyFirstLevel.MyFirstLevel_C' with ClassGeneratedBy '/Game/MyFirstLevel.MyFirstLevel:PersistentLevel.MyFirstLevel'
[2016.01.31-15.03.59:012][508]LogBlueprintUserMessages: Late EndPlayMap Detection: Level '/Game/MyFirstLevel.MyFirstLevel:PersistentLevel' has LevelScriptBlueprint '/Game/MyFirstLevel.MyFirstLevel:PersistentLevel.MyFirstLevel' with GeneratedClass '/Game/MyFirstLevel.MyFirstLevel_C' with ClassGeneratedBy '/Game/MyFirstLevel.MyFirstLevel:PersistentLevel.MyFirstLevel'
[2016.01.31-15.03.59:031][508]LogParticles: Destroying 0 GPU particle simulations for FXSystem 0x000000B400A1BEC0
[2016.01.31-15.04.05:253][253]LogEditorViewport: Clicking on Actor (context menu): BP_Avatar_C (BP_Avatar)
[2016.01.31-15.04.12:345][ 89]LogEditorViewport: Clicking on Actor (LMB): BP_Avatar_C (BP_Avatar)
[2016.01.31-15.04.13:659][245]LogEditorViewport: Clicking on Actor (context menu): BP_Avatar_C (BP_Avatar)
[2016.01.31-15.04.17:076][652]LogActorComponent: UnregisterComponent: (/Engine/Transient.CharMoveComp) Not registered. Aborting.
[2016.01.31-15.04.17:077][652]LogActorComponent: UnregisterComponent: (/Engine/Transient.CharacterMovementComponent_3) Not registered. Aborting.
[2016.01.31-15.04.18:588][652]LogWindowsTextInputMethodSystem:Display: IME system now deactivated.
[2016.01.31-15.04.18:825][653]Cmd: QUIT_EDITOR
[2016.01.31-15.04.19:695][653]LogExit: Preparing to exit.
[2016.01.31-15.04.20:868][653]LogExit: Editor shut down
[2016.01.31-15.04.20:868][653]LogExit: Transaction tracking system shut down
[2016.01.31-15.04.20:869][653]LogParticles: Destroying 0 GPU particle simulations for FXSystem 0x000000B47667F060
[2016.01.31-15.04.20:869][653]LogParticles: Destroying 0 GPU particle simulations for FXSystem 0x000000B47667CF40
[2016.01.31-15.04.20:869][653]LogParticles: Destroying 0 GPU particle simulations for FXSystem 0x000000B4655F7880
[2016.01.31-15.04.20:871][653]LogParticles: Destroying 0 GPU particle simulations for FXSystem 0x000000B4655B4540
[2016.01.31-15.04.20:871][653]LogParticles: Destroying 0 GPU particle simulations for FXSystem 0x000000B4655B60C0
[2016.01.31-15.04.20:873][653]LogParticles: Destroying 0 GPU particle simulations for FXSystem 0x000000B42D062AC0
[2016.01.31-15.04.20:884][653]LeapPluginLog: LeapController::CleanupEventData Delete Called
[2016.01.31-15.04.21:023][653]LogExit: Object subsystem successfully closed.
[2016.01.31-15.04.21:043][653]LogD3D11RHI: Shutdown
[2016.01.31-15.04.21:043][653]LogD3D11RHI: CleanupD3DDevice
[2016.01.31-15.04.21:090][653]LogD3D11RHI: ~FD3D11DynamicRHI
[2016.01.31-15.04.21:271][653]LogModuleManager: Shutting down and abandoning module ExternalImagePicker (201)
[2016.01.31-15.04.21:271][653]LogModuleManager: Shutting down and abandoning module BlueprintGraph (200)
[2016.01.31-15.04.21:271][653]LogModuleManager: Shutting down and abandoning module CrashTracker (199)
[2016.01.31-15.04.21:271][653]LogModuleManager: Shutting down and abandoning module SceneOutliner (198)
[2016.01.31-15.04.21:271][653]LogModuleManager: Shutting down and abandoning module SuperSearch (197)
[2016.01.31-15.04.21:271][653]LogModuleManager: Shutting down and abandoning module WidgetCarousel (196)
[2016.01.31-15.04.21:271][653]LogModuleManager: Shutting down and abandoning module AddContentDialog (195)
[2016.01.31-15.04.21:279][653]LogModuleManager: Shutting down and abandoning module EditorWidgets (194)
[2016.01.31-15.04.21:279][653]LogModuleManager: Shutting down and abandoning module CollectionManager (193)
[2016.01.31-15.04.21:279][653]LogModuleManager: Shutting down and abandoning module StatsViewer (192)
[2016.01.31-15.04.21:279][653]LogModuleManager: Shutting down and abandoning module FoliageEdit (191)
[2016.01.31-15.04.21:279][653]LogModuleManager: Shutting down and abandoning module LandscapeEditor (190)
[2016.01.31-15.04.21:284][653]LogModuleManager: Shutting down and abandoning module ActorPickerMode (189)
[2016.01.31-15.04.21:284][653]LogModuleManager: Shutting down and abandoning module GeometryMode (188)
[2016.01.31-15.04.21:284][653]LogModuleManager: Shutting down and abandoning module TextureAlignMode (187)
[2016.01.31-15.04.21:284][653]LogModuleManager: Shutting down and abandoning module BspMode (186)
[2016.01.31-15.04.21:284][653]LogModuleManager: Shutting down and abandoning module PlacementMode (185)
[2016.01.31-15.04.21:284][653]LogModuleManager: Shutting down and abandoning module AutomationWorker (184)
[2016.01.31-15.04.21:284][653]LogModuleManager: Shutting down and abandoning module CharacterAI (183)
[2016.01.31-15.04.21:284][653]LogModuleManager: Shutting down and abandoning module SmartSnapping (182)
[2016.01.31-15.04.21:284][653]LogModuleManager: Shutting down and abandoning module ViewportSnapping (181)
[2016.01.31-15.04.21:284][653]LogModuleManager: Shutting down and abandoning module LogVisualizer (180)
[2016.01.31-15.04.21:284][653]LogModuleManager: Shutting down and abandoning module GameProjectGeneration (179)
[2016.01.31-15.04.21:294][653]LogModuleManager: Shutting down and abandoning module IntroTutorials (178)
[2016.01.31-15.04.21:294][653]LogModuleManager: Shutting down and abandoning module EditorLiveStreaming (177)
[2016.01.31-15.04.21:294][653]LogModuleManager: Shutting down and abandoning module IOSPlatformEditor (176)
[2016.01.31-15.04.21:294][653]LogModuleManager: Shutting down and abandoning module HTML5PlatformEditor (175)
[2016.01.31-15.04.21:294][653]LogModuleManager: Shutting down and abandoning module AndroidDeviceDetection (174)
[2016.01.31-15.04.21:498][653]LogModuleManager: Shutting down and abandoning module AndroidPlatformEditor (173)
[2016.01.31-15.04.21:498][653]LogModuleManager: Shutting down and abandoning module IOSRuntimeSettings (172)
[2016.01.31-15.04.21:498][653]LogModuleManager: Shutting down and abandoning module AndroidRuntimeSettings (171)
[2016.01.31-15.04.21:498][653]LogModuleManager: Shutting down and abandoning module MergeActors (170)
[2016.01.31-15.04.21:506][653]LogModuleManager: Shutting down and abandoning module SizeMap (169)
[2016.01.31-15.04.21:506][653]LogModuleManager: Shutting down and abandoning module TreeMap (168)
[2016.01.31-15.04.21:506][653]LogModuleManager: Shutting down and abandoning module ReferenceViewer (167)
[2016.01.31-15.04.21:506][653]LogModuleManager: Shutting down and abandoning module LocalizationService (166)
[2016.01.31-15.04.21:506][653]LogModuleManager: Shutting down and abandoning module LocalizationDashboard (165)
[2016.01.31-15.04.21:513][653]LogModuleManager: Shutting down and abandoning module HardwareTargeting (164)
[2016.01.31-15.04.21:513][653]LogModuleManager: Shutting down and abandoning module DeviceProfileEditor (163)
[2016.01.31-15.04.21:513][653]LogModuleManager: Shutting down and abandoning module UndoHistory (162)
[2016.01.31-15.04.21:513][653]LogModuleManager: Shutting down and abandoning module GameplayTagsEditor (161)
[2016.01.31-15.04.21:513][653]LogModuleManager: Shutting down and abandoning module UserFeedback (160)
[2016.01.31-15.04.21:513][653]LogModuleManager: Shutting down and abandoning module XmlParser (159)
[2016.01.31-15.04.21:513][653]LogModuleManager: Shutting down and abandoning module Blutility (158)
[2016.01.31-15.04.21:513][653]LogModuleManager: Shutting down and abandoning module ProjectTargetPlatformEditor (157)
[2016.01.31-15.04.21:513][653]LogModuleManager: Shutting down and abandoning module ProjectSettingsViewer (156)
[2016.01.31-15.04.21:513][653]LogModuleManager: Shutting down and abandoning module InputBindingEditor (155)
[2016.01.31-15.04.21:521][653]LogModuleManager: Shutting down and abandoning module EditorSettingsViewer (154)
[2016.01.31-15.04.21:521][653]LogModuleManager: Shutting down and abandoning module SettingsEditor (153)
[2016.01.31-15.04.21:521][653]LogModuleManager: Shutting down and abandoning module ProjectLauncher (152)
[2016.01.31-15.04.21:521][653]LogModuleManager: Shutting down and abandoning module SessionFrontend (151)
[2016.01.31-15.04.21:521][653]LogModuleManager: Shutting down and abandoning module ProfilerClient (150)
[2016.01.31-15.04.21:526][653]LogModuleManager: Shutting down and abandoning module TargetDeviceServices (149)
[2016.01.31-15.04.21:526][653]LogModuleManager: Shutting down and abandoning module DeviceManager (148)
[2016.01.31-15.04.21:526][653]LogModuleManager: Shutting down and abandoning module AutomationController (147)
[2016.01.31-15.04.21:526][653]LogModuleManager: Shutting down and abandoning module AutomationWindow (146)
[2016.01.31-15.04.21:533][653]LogModuleManager: Shutting down and abandoning module Layers (145)
[2016.01.31-15.04.21:537][653]LogModuleManager: Shutting down and abandoning module ComponentVisualizers (144)
[2016.01.31-15.04.21:537][653]LogModuleManager: Shutting down and abandoning module DetailCustomizations (143)
[2016.01.31-15.04.21:537][653]LogModuleManager: Shutting down and abandoning module PackagesDialog (142)
[2016.01.31-15.04.21:537][653]LogModuleManager: Shutting down and abandoning module Persona (141)
[2016.01.31-15.04.21:543][653]LogModuleManager: Shutting down and abandoning module Kismet (140)
[2016.01.31-15.04.21:546][653]LogModuleManager: Shutting down and abandoning module GraphEditor (139)
[2016.01.31-15.04.21:546][653]LogModuleManager: Shutting down and abandoning module ClassViewer (138)
[2016.01.31-15.04.21:546][653]LogModuleManager: Shutting down and abandoning module Toolbox (137)
[2016.01.31-15.04.21:546][653]LogModuleManager: Shutting down and abandoning module ModuleUI (136)
[2016.01.31-15.04.21:552][653]LogModuleManager: Shutting down and abandoning module MovieSceneTools (135)
[2016.01.31-15.04.21:552][653]LogModuleManager: Shutting down and abandoning module OutputLog (134)
[2016.01.31-15.04.21:552][653]LogModuleManager: Shutting down and abandoning module GammaUI (133)
[2016.01.31-15.04.21:556][653]LogModuleManager: Shutting down and abandoning module Documentation (132)
[2016.01.31-15.04.21:556][653]LogModuleManager: Shutting down and abandoning module GameLiveStreaming (131)
[2016.01.31-15.04.21:556][653]LogModuleManager: Shutting down and abandoning module StreamingPauseRendering (130)
[2016.01.31-15.04.21:556][653]LogModuleManager: Shutting down and abandoning module AnalyticsET (129)
[2016.01.31-15.04.21:556][653]LogModuleManager: Shutting down and abandoning module Analytics (128)
[2016.01.31-15.04.21:556][653]LogModuleManager: Shutting down and abandoning module AITestSuite (127)
[2016.01.31-15.04.21:556][653]LogModuleManager: Shutting down and abandoning module GameplayDebugger (126)
[2016.01.31-15.04.21:556][653]LogModuleManager: Shutting down and abandoning module AIModule (125)
[2016.01.31-15.04.21:556][653]LogModuleManager: Shutting down and abandoning module ProfilerService (124)
[2016.01.31-15.04.21:708][653]LogModuleManager: Shutting down and abandoning module TaskGraph (123)
[2016.01.31-15.04.21:708][653]LogModuleManager: Shutting down and abandoning module LeapMotion (122)
[2016.01.31-15.04.21:716][653]LogModuleManager: Shutting down and abandoning module SlateRemote (121)
[2016.01.31-15.04.21:716][653]LogModuleManager: Shutting down and abandoning module SteamVRController (120)
[2016.01.31-15.04.21:716][653]LogModuleManager: Shutting down and abandoning module SteamVR (119)
[2016.01.31-15.04.21:716][653]LogModuleManager: Shutting down and abandoning module ProceduralMeshComponent (118)
[2016.01.31-15.04.21:716][653]LogModuleManager: Shutting down and abandoning module OculusRift (117)
[2016.01.31-15.04.21:716][653]LogModuleManager: Shutting down and abandoning module OculusLibrary (116)
[2016.01.31-15.04.21:716][653]LogModuleManager: Shutting down and abandoning module LeapMotionController (115)
[2016.01.31-15.04.21:734][653]LogModuleManager: Shutting down and abandoning module CustomMeshComponent (114)
[2016.01.31-15.04.21:738][653]LogModuleManager: Shutting down and abandoning module CableComponent (113)
[2016.01.31-15.04.21:738][653]LogModuleManager: Shutting down and abandoning module ArchVisCharacter (112)
[2016.01.31-15.04.21:738][653]LogModuleManager: Shutting down and abandoning module MessagingDebugger (111)
[2016.01.31-15.04.21:745][653]LogModuleManager: Shutting down and abandoning module MediaPlayerEditor (110)
[2016.01.31-15.04.21:746][653]LogModuleManager: Shutting down and abandoning module HTML5Networking (109)
[2016.01.31-15.04.21:746][653]LogModuleManager: Shutting down and abandoning module SpeedTreeImporter (108)
[2016.01.31-15.04.21:746][653]LogModuleManager: Shutting down and abandoning module PluginBrowser (107)
[2016.01.31-15.04.21:746][653]LogModuleManager: Shutting down and abandoning module EpicSurvey (106)
[2016.01.31-15.04.21:746][653]LogModuleManager: Shutting down and abandoning module DesktopPlatform (105)
[2016.01.31-15.04.21:746][653]LogModuleManager: Shutting down and abandoning module VisualStudioSourceCodeAccess (104)
[2016.01.31-15.04.21:746][653]LogModuleManager: Shutting down and abandoning module UObjectPlugin (103)
[2016.01.31-15.04.21:746][653]LogModuleManager: Shutting down and abandoning module SubversionSourceControl (102)
[2016.01.31-15.04.21:746][653]LogModuleManager: Shutting down and abandoning module PerforceSourceControl (101)
[2016.01.31-15.04.21:746][653]LogModuleManager: Shutting down and abandoning module SourceControl (100)
[2016.01.31-15.04.21:746][653]LogModuleManager: Shutting down and abandoning module GitSourceControl (99)
[2016.01.31-15.04.21:746][653]LogModuleManager: Shutting down and abandoning module LightPropagationVolumeEditor (98)
[2016.01.31-15.04.21:746][653]LogModuleManager: Shutting down and abandoning module PaperTiledImporter (97)
[2016.01.31-15.04.21:746][653]LogModuleManager: Shutting down and abandoning module PaperSpriteSheetImporter (96)
[2016.01.31-15.04.21:746][653]LogModuleManager: Shutting down and abandoning module MeshPaint (95)
[2016.01.31-15.04.21:746][653]LogModuleManager: Shutting down and abandoning module SlateReflector (94)
[2016.01.31-15.04.21:751][653]LogModuleManager: Shutting down and abandoning module HotReload (93)
[2016.01.31-15.04.21:751][653]LogModuleManager: Shutting down and abandoning module MainFrame (92)
[2016.01.31-15.04.21:751][653]LogModuleManager: Shutting down and abandoning module LevelEditor (91)
[2016.01.31-15.04.21:752][653]LogModuleManager: Shutting down and abandoning module DirectoryWatcher (90)
[2016.01.31-15.04.21:752][653]LogModuleManager: Shutting down and abandoning module AssetRegistry (89)
[2016.01.31-15.04.21:806][653]LogModuleManager: Shutting down and abandoning module ContentBrowser (88)
[2016.01.31-15.04.21:806][653]LogModuleManager: Shutting down and abandoning module Paper2DEditor (87)
[2016.01.31-15.04.21:816][653]LogModuleManager: Shutting down and abandoning module TheBeginning (86)
[2016.01.31-15.04.21:816][653]LogModuleManager: Shutting down and abandoning module UdpMessaging (85)
[2016.01.31-15.04.21:917][653]LogModuleManager: Shutting down and abandoning module LightPropagationVolumeRuntime (84)
[2016.01.31-15.04.21:917][653]LogModuleManager: Shutting down and abandoning module Paper2D (83)
[2016.01.31-15.04.21:917][653]LogModuleManager: Shutting down and abandoning module WindowsMoviePlayer (82)
[2016.01.31-15.04.21:919][653]LogModuleManager: Shutting down and abandoning module Media (81)
[2016.01.31-15.04.21:919][653]LogModuleManager: Shutting down and abandoning module WmfMedia (80)
[2016.01.31-15.04.21:919][653]LogModuleManager: Shutting down and abandoning module OnlineBlueprintSupport (79)
[2016.01.31-15.04.21:919][653]LogModuleManager: Shutting down and abandoning module GameplayTasksEditor (78)
[2016.01.31-15.04.21:919][653]LogModuleManager: Shutting down and abandoning module PropertyEditor (77)
[2016.01.31-15.04.21:920][653]LogModuleManager: Shutting down and abandoning module BehaviorTreeEditor (76)
[2016.01.31-15.04.21:920][653]LogModuleManager: Shutting down and abandoning module FunctionalTesting (75)
[2016.01.31-15.04.21:920][653]LogModuleManager: Shutting down and abandoning module CollisionAnalyzer (74)
[2016.01.31-15.04.21:920][653]LogModuleManager: Shutting down and abandoning module WorkspaceMenuStructure (73)
[2016.01.31-15.04.21:920][653]LogModuleManager: Shutting down and abandoning module MessageLog (72)
[2016.01.31-15.04.21:920][653]LogModuleManager: Shutting down and abandoning module Sequencer (71)
[2016.01.31-15.04.21:926][653]LogModuleManager: Shutting down and abandoning module AssetTools (70)
[2016.01.31-15.04.21:930][653]LogModuleManager: Shutting down and abandoning module UMGEditor (69)
[2016.01.31-15.04.21:941][653]LogModuleManager: Shutting down and abandoning module UMG (68)
[2016.01.31-15.04.21:941][653]LogModuleManager: Shutting down and abandoning module Slate (67)
[2016.01.31-15.04.21:941][653]LogModuleManager: Shutting down and abandoning module EditorStyle (66)
[2016.01.31-15.04.21:943][653]LogModuleManager: Shutting down and abandoning module SessionServices (65)
[2016.01.31-15.04.21:943][653]LogModuleManager: Shutting down and abandoning module SourceCodeAccess (64)
[2016.01.31-15.04.21:943][653]LogModuleManager: Shutting down and abandoning module HeadMountedDisplay (63)
[2016.01.31-15.04.21:943][653]LogModuleManager: Shutting down and abandoning module XAudio2 (62)
[2016.01.31-15.04.21:943][653]LogModuleManager: Shutting down and abandoning module Networking (60)
[2016.01.31-15.04.21:943][653]LogModuleManager: Shutting down and abandoning module Core (59)
[2016.01.31-15.04.21:943][653]LogModuleManager: Shutting down and abandoning module KismetCompiler (58)
[2016.01.31-15.04.21:943][653]LogModuleManager: Shutting down and abandoning module PhysXFormats (57)
[2016.01.31-15.04.21:943][653]LogModuleManager: Shutting down and abandoning module MeshUtilities (56)
[2016.01.31-15.04.21:964][653]LogModuleManager: Shutting down and abandoning module CookingStats (55)
[2016.01.31-15.04.21:965][653]LogModuleManager: Shutting down and abandoning module DerivedDataCache (54)
[2016.01.31-15.04.21:981][653]LogDerivedDataCache: Shutdown
[2016.01.31-15.04.21:981][653]LogModuleManager: Shutting down and abandoning module ShaderFormatOpenGL (53)
[2016.01.31-15.04.21:991][653]LogModuleManager: Shutting down and abandoning module ShaderFormatD3D (52)
[2016.01.31-15.04.21:991][653]LogModuleManager: Shutting down and abandoning module MetalShaderFormat (51)
[2016.01.31-15.04.22:011][653]LogModuleManager: Shutting down and abandoning module TextureFormatUncompressed (50)
[2016.01.31-15.04.22:011][653]LogModuleManager: Shutting down and abandoning module TextureFormatPVR (49)
[2016.01.31-15.04.22:011][653]LogModuleManager: Shutting down and abandoning module TextureFormatIntelISPCTexComp (48)
[2016.01.31-15.04.22:011][653]LogModuleManager: Shutting down and abandoning module TextureFormatDXT (47)
[2016.01.31-15.04.22:011][653]LogModuleManager: Shutting down and abandoning module ImageWrapper (46)
[2016.01.31-15.04.22:011][653]LogModuleManager: Shutting down and abandoning module TextureFormatASTC (45)
[2016.01.31-15.04.22:011][653]LogModuleManager: Shutting down and abandoning module TextureFormatAndroid (44)
[2016.01.31-15.04.22:011][653]LogModuleManager: Shutting down and abandoning module AudioFormatOpus (43)
[2016.01.31-15.04.22:011][653]LogModuleManager: Shutting down and abandoning module AudioFormatOgg (42)
[2016.01.31-15.04.22:011][653]LogModuleManager: Shutting down and abandoning module AudioFormatADPCM (41)
[2016.01.31-15.04.22:011][653]LogModuleManager: Shutting down and abandoning module LinuxTargetPlatform (40)
[2016.01.31-15.04.22:011][653]LogModuleManager: Shutting down and abandoning module LinuxServerTargetPlatform (39)
[2016.01.31-15.04.22:011][653]LogModuleManager: Shutting down and abandoning module LinuxNoEditorTargetPlatform (38)
[2016.01.31-15.04.22:011][653]LogModuleManager: Shutting down and abandoning module Messaging (37)
[2016.01.31-15.04.22:011][653]LogModuleManager: Shutting down and abandoning module IOSTargetPlatform (36)
[2016.01.31-15.04.22:011][653]LogModuleManager: Shutting down and abandoning module HTML5TargetPlatform (35)
[2016.01.31-15.04.22:011][653]LogModuleManager: Shutting down and abandoning module Android_PVRTCTargetPlatform (34)
[2016.01.31-15.04.22:011][653]LogModuleManager: Shutting down and abandoning module Android_ETC2TargetPlatform (33)
[2016.01.31-15.04.22:011][653]LogModuleManager: Shutting down and abandoning module Android_ETC1TargetPlatform (32)
[2016.01.31-15.04.22:011][653]LogModuleManager: Shutting down and abandoning module Android_DXTTargetPlatform (31)
[2016.01.31-15.04.22:011][653]LogModuleManager: Shutting down and abandoning module Android_ATCTargetPlatform (30)
[2016.01.31-15.04.22:011][653]LogModuleManager: Shutting down and abandoning module Android_ASTCTargetPlatform (29)
[2016.01.31-15.04.22:011][653]LogModuleManager: Shutting down and abandoning module AndroidTargetPlatform (28)
[2016.01.31-15.04.22:011][653]LogModuleManager: Shutting down and abandoning module WindowsTargetPlatform (27)
[2016.01.31-15.04.22:011][653]LogModuleManager: Shutting down and abandoning module WindowsServerTargetPlatform (26)
[2016.01.31-15.04.22:011][653]LogModuleManager: Shutting down and abandoning module WindowsNoEditorTargetPlatform (25)
[2016.01.31-15.04.22:011][653]LogModuleManager: Shutting down and abandoning module WindowsClientTargetPlatform (24)
[2016.01.31-15.04.22:011][653]LogModuleManager: Shutting down and abandoning module AllDesktopTargetPlatform (23)
[2016.01.31-15.04.22:011][653]LogModuleManager: Shutting down and abandoning module TargetPlatform (22)
[2016.01.31-15.04.22:011][653]LogModuleManager: Shutting down and abandoning module InputCore (21)
[2016.01.31-15.04.22:011][653]LogModuleManager: Shutting down and abandoning module Settings (20)
[2016.01.31-15.04.22:011][653]LogModuleManager: Shutting down and abandoning module OnlineSubsystem (18)
[2016.01.31-15.04.22:011][653]LogModuleManager: Shutting down and abandoning module HTTP (17)
[2016.01.31-15.04.23:012][653]LogModuleManager: Shutting down and abandoning module XMPP (16)
[2016.01.31-15.04.23:022][653]LogModuleManager: Shutting down and abandoning module ExampleDeviceProfileSelector (15)
[2016.01.31-15.04.23:022][653]LogModuleManager: Shutting down and abandoning module TextureCompressor (14)
[2016.01.31-15.04.23:031][653]LogModuleManager: Shutting down and abandoning module ShaderCore (13)
[2016.01.31-15.04.23:031][653]LogModuleManager: Shutting down and abandoning module Landscape (12)
[2016.01.31-15.04.23:031][653]LogModuleManager: Shutting down and abandoning module SlateRHIRenderer (11)
[2016.01.31-15.04.23:032][653]LogModuleManager: Shutting down and abandoning module OpenGLDrv (10)
[2016.01.31-15.04.23:032][653]LogModuleManager: Shutting down and abandoning module D3D11RHI (9)
[2016.01.31-15.04.23:032][653]LogModuleManager: Shutting down and abandoning module AnimGraphRuntime (8)
[2016.01.31-15.04.23:032][653]LogModuleManager: Shutting down and abandoning module Renderer (7)
[2016.01.31-15.04.23:032][653]LogModuleManager: Shutting down and abandoning module Engine (6)
[2016.01.31-15.04.23:032][653]LogModuleManager: Shutting down and abandoning module CoreUObject (5)
[2016.01.31-15.04.23:032][653]LogModuleManager: Shutting down and abandoning module NetworkFile (4)
[2016.01.31-15.04.23:040][653]LogModuleManager: Shutting down and abandoning module StreamingFile (3)
[2016.01.31-15.04.23:040][653]LogModuleManager: Shutting down and abandoning module SandboxFile (2)
[2016.01.31-15.04.23:040][653]LogModuleManager: Shutting down and abandoning module PakFile (1)
[2016.01.31-15.04.23:040][653]LogExit: Exiting.
[2016.01.31-15.04.23:041][653]Log file closed, 01/31/16 16:04:23
