[2016.01.28-14.35.02:313][  0]Log file open, 01/28/16 15:35:02
[2016.01.28-14.35.02:313][  0]LogInit:Display: Running engine for game: TheBeginning
[2016.01.28-14.35.02:313][  0]LogInit:Display: RandInit(-705227926) SRandInit(-705227926).
[2016.01.28-14.35.02:313][  0]LogTaskGraph: Started task graph with 4 named threads and 7 total threads.
[2016.01.28-14.35.02:313][  0]LogStats: Stats thread started at 0.068691
[2016.01.28-14.35.02:313][  0]LogInit: Version: 4.9.2-2707645+++depot+UE4-Releases+4.9
[2016.01.28-14.35.02:313][  0]LogInit: API Version: 2672455
[2016.01.28-14.35.02:313][  0]LogInit: Compiled (64-bit): Sep 28 2015 10:25:44
[2016.01.28-14.35.02:313][  0]LogInit: Compiled with Visual C++: 18.00.21005.01
[2016.01.28-14.35.02:313][  0]LogInit: Build Configuration: Development
[2016.01.28-14.35.02:313][  0]LogInit: Branch Name: ++depot+UE4-Releases+4.9
[2016.01.28-14.35.02:313][  0]LogInit: Command line:  
[2016.01.28-14.35.02:313][  0]LogInit: Base directory: D:/Programme/Epic Games/4.9/Engine/Binaries/Win64/
[2016.01.28-14.35.02:313][  0]LogInit: Rocket: 1
[2016.01.28-14.35.02:318][  0]LogInit: Using libcurl 7.41.0
[2016.01.28-14.35.02:318][  0]LogInit:  - built for x86_64-pc-win32
[2016.01.28-14.35.02:318][  0]LogInit:  - supports SSL with WinSSL
[2016.01.28-14.35.02:318][  0]LogInit:  - other features:
[2016.01.28-14.35.02:318][  0]LogInit:      CURL_VERSION_SSL
[2016.01.28-14.35.02:318][  0]LogInit:      CURL_VERSION_IPV6
[2016.01.28-14.35.02:318][  0]LogInit:      CURL_VERSION_ASYNCHDNS
[2016.01.28-14.35.02:318][  0]LogInit:      CURL_VERSION_LARGEFILE
[2016.01.28-14.35.02:318][  0]LogInit:      CURL_VERSION_IDN
[2016.01.28-14.35.02:318][  0]LogInit:  CurlRequestOptions (configurable via config and command line):
[2016.01.28-14.35.02:318][  0]LogInit:  - bVerifyPeer = true  - Libcurl will verify peer certificate
[2016.01.28-14.35.02:318][  0]LogInit:  - bUseHttpProxy = false  - Libcurl will NOT use HTTP proxy
[2016.01.28-14.35.02:318][  0]LogInit:  - bDontReuseConnections = false  - Libcurl will reuse connections
[2016.01.28-14.35.02:318][  0]LogInit:  - CertBundlePath = nullptr  - Libcurl will use whatever was configured at build time.
[2016.01.28-14.35.02:322][  0]LogInit: Presizing for 0 objects not considered by GC, pre-allocating 0 bytes.
[2016.01.28-14.35.02:328][  0]LogInit: Object subsystem initialized
[2016.01.28-14.35.02:329][  0]LogInit: Selected Device Profile: [Windows]
[2016.01.28-14.35.02:329][  0]LogInit: Applying CVar settings loaded from the selected device profile: [Windows]
[2016.01.28-14.35.02:336][  0]LogInit: Computer: PC1021500895
[2016.01.28-14.35.02:336][  0]LogInit: User: VR
[2016.01.28-14.35.02:336][  0]LogInit: CPU Page size=4096, Cores=4
[2016.01.28-14.35.02:336][  0]LogInit: High frequency timer resolution =3.507500 MHz
[2016.01.28-14.35.02:336][  0]LogMemory: Memory total: Physical=15.9GB (16GB approx)
[2016.01.28-14.35.02:336][  0]LogMemory: Platform Memory Stats for Windows
[2016.01.28-14.35.02:336][  0]LogMemory: Process Physical Memory: 52.63 MB used, 52.63 MB peak
[2016.01.28-14.35.02:336][  0]LogMemory: Process Virtual Memory: 56.17 MB used, 56.17 MB peak
[2016.01.28-14.35.02:336][  0]LogMemory: Physical Memory: 6023.58 MB used, 16261.17 MB total
[2016.01.28-14.35.02:336][  0]LogMemory: Virtual Memory: 350.48 MB used, 134217728.00 MB total
[2016.01.28-14.35.02:361][  0]LogTextLocalizationManager: No translations for ('de-DE') exist, falling back to 'en' for localization and internationalization data.
[2016.01.28-14.35.03:033][  0]LogD3D11RHI: Found D3D11 adapter 0: NVIDIA GeForce GTX 970 (Feature Level 11_0)
[2016.01.28-14.35.03:033][  0]LogD3D11RHI: Adapter has 3976MB of dedicated video memory, 0MB of dedicated system memory, and 8130MB of shared system memory, 1 output[s]
[2016.01.28-14.35.03:033][  0]LogD3D11RHI: Found D3D11 adapter 1: Microsoft Basic Render Driver (Feature Level 11_0)
[2016.01.28-14.35.03:033][  0]LogD3D11RHI: Adapter has 0MB of dedicated video memory, 0MB of dedicated system memory, and 256MB of shared system memory, 0 output[s]
[2016.01.28-14.35.03:033][  0]LogD3D11RHI: Chosen D3D11 Adapter Id = 0
[2016.01.28-14.35.03:037][  0]LogD3D11RHI: !Direct3DDevice
[2016.01.28-14.35.03:037][  0]LogRHI: Texture pool is 1361 MB (70% of 1945 MB)
[2016.01.28-14.35.03:047][  0]LogD3D11RHI: Async texture creation enabled
[2016.01.28-14.35.03:063][  0]LogShaderCompilers: Guid format shader working directory is 15 characters bigger than the processId version (../../../../../../UnrealProjects/GE_Project/Intermediate/Shaders/WorkingDirectory/1904/).
[2016.01.28-14.35.03:063][  0]LogShaderCompilers: Cleaned the shader compiler working directory '../../../../../../UnrealProjects/GE_Project/Intermediate/Shaders/tmp/F3235C574181F5AA236156ACF3A7F591/'.
[2016.01.28-14.35.03:063][  0]LogShaderCompilers:Display: Using Local Shader Compiler.
[2016.01.28-14.35.03:872][  0]LogTemp:Display: Loaded TP AllDesktopTargetPlatform
[2016.01.28-14.35.03:876][  0]LogTemp:Display: Loaded TP WindowsClientTargetPlatform
[2016.01.28-14.35.03:880][  0]LogTemp:Display: Loaded TP WindowsNoEditorTargetPlatform
[2016.01.28-14.35.03:884][  0]LogTemp:Display: Loaded TP WindowsServerTargetPlatform
[2016.01.28-14.35.03:887][  0]LogTemp:Display: Loaded TP WindowsTargetPlatform
[2016.01.28-14.35.03:889][  0]LogTemp:Display: Loaded TP AndroidTargetPlatform
[2016.01.28-14.35.03:892][  0]LogTemp:Display: Loaded TP Android_ASTCTargetPlatform
[2016.01.28-14.35.03:894][  0]LogTemp:Display: Loaded TP Android_ATCTargetPlatform
[2016.01.28-14.35.03:897][  0]LogTemp:Display: Loaded TP Android_DXTTargetPlatform
[2016.01.28-14.35.03:899][  0]LogTemp:Display: Loaded TP Android_ETC1TargetPlatform
[2016.01.28-14.35.03:901][  0]LogTemp:Display: Loaded TP Android_ETC2TargetPlatform
[2016.01.28-14.35.03:904][  0]LogTemp:Display: Loaded TP Android_PVRTCTargetPlatform
[2016.01.28-14.35.03:904][  0]LogTemp:Display: Loaded TP HTML5TargetPlatform
[2016.01.28-14.35.03:920][  0]LogTemp:Display: Loaded TP IOSTargetPlatform
[2016.01.28-14.35.03:922][  0]LogTemp:Display: Loaded TP LinuxNoEditorTargetPlatform
[2016.01.28-14.35.03:925][  0]LogTemp:Display: Loaded TP LinuxServerTargetPlatform
[2016.01.28-14.35.03:928][  0]LogTemp:Display: Loaded TP LinuxTargetPlatform
[2016.01.28-14.35.03:928][  0]LogTargetPlatformManager:Display: Building Assets For Windows
[2016.01.28-14.35.03:982][  0]LogDerivedDataCache:Display: Max Cache Size: 512 MB
[2016.01.28-14.35.04:021][  0]LogDerivedDataCache: Loaded boot cache 0.04s 41MB C:/Users/VR/AppData/Local/UnrealEngine/4.9/DerivedDataCache/Boot.ddc.
[2016.01.28-14.35.04:021][  0]LogDerivedDataCache:Display: Loaded Boot cache: C:/Users/VR/AppData/Local/UnrealEngine/4.9/DerivedDataCache/Boot.ddc
[2016.01.28-14.35.04:021][  0]LogDerivedDataCache: FDerivedDataBackendGraph:  Pak pak cache file ../../../../../../UnrealProjects/GE_Project/DerivedDataCache/DDC.ddp not found, will not use a pak cache.
[2016.01.28-14.35.04:021][  0]LogDerivedDataCache: Unable to find inner node Pak for hierarchical cache Hierarchy.
[2016.01.28-14.35.04:021][  0]LogDerivedDataCache: FDerivedDataBackendGraph:  CompressedPak pak cache file ../../../../../../UnrealProjects/GE_Project/DerivedDataCache/Compressed.ddp not found, will not use a pak cache.
[2016.01.28-14.35.04:021][  0]LogDerivedDataCache: Unable to find inner node CompressedPak for hierarchical cache Hierarchy.
[2016.01.28-14.35.04:141][  0]LogDerivedDataCache:Display: Pak cache opened for reading ../../../Engine/DerivedDataCache/Compressed.ddp.
[2016.01.28-14.35.04:153][  0]LogDerivedDataCache: Using Local data cache path C:/Users/VR/AppData/Local/UnrealEngine/Common/DerivedDataCache: Writable
[2016.01.28-14.35.04:290][  0]LogInit: Selected Device Profile: [Windows]
[2016.01.28-14.35.04:292][  0]LogContentStreaming: Texture pool size is 0.000000MB
[2016.01.28-14.35.04:386][  0]LogMeshUtilities: No automatic mesh reduction module available
[2016.01.28-14.35.04:386][  0]LogMeshUtilities: No automatic mesh merging module available
[2016.01.28-14.35.04:575][  0]LogInit: WinSock: version 1.1 (2.2), MaxSocks=32767, MaxUdp=65467
[2016.01.28-14.35.05:113][  0]UdpMessaging: Initializing bridge on interface 0.0.0.0:0 to multicast group 230.0.0.1:6666.
[2016.01.28-14.35.05:232][  0]LogAssetRegistry: FAssetRegistry took 0.0105 seconds to start up
[2016.01.28-14.35.05:354][  0]SourceControl: Info Source control is disabled
[2016.01.28-14.35.05:360][  0]SourceControl: Info Source control is disabled
[2016.01.28-14.35.05:366][  0]SourceControl: Info Source control is disabled
[2016.01.28-14.35.05:372][  0]SourceControl: Info Source control is disabled
[2016.01.28-14.35.05:462][  0]LogLinker:Warning: Asset '../../../Engine/Plugins/Runtime/LeapMotionController/Content/LM_PassthroughMaterial.uasset' has been saved with empty engine version. The asset will be loaded but may be incompatible.
[2016.01.28-14.35.05:514][  0]LeapPluginLog: Using LeapPlugin version 0.9.6
[2016.01.28-14.35.05:519][  0]LogObj: 29222 objects as part of root set at end of initial load.
[2016.01.28-14.35.05:519][  0]LogUObjectAllocator: 6223840 out of 0 bytes used by permanent object pool.
[2016.01.28-14.35.05:570][  0]LogEngine: Initializing Engine...
[2016.01.28-14.35.05:571][  0]OCULUS: Info: 01/28/16 14:35:05: [CAPI] LibOVR module is located at C:\Windows\SYSTEM32\LibOVRRT64_0_7.dll

[2016.01.28-14.35.05:572][  0]LogHMD: Oculus plugin initialized. Version: 4.9.2-2707645+++depot+UE4-Releases+4.9, LibOVR: 0.7.0.0, built Sep 28 2015, 10:27:52
[2016.01.28-14.35.05:678][  0]LogAIModule: Creating AISystem for world NewWorld
[2016.01.28-14.35.05:682][  0]LogInit: XAudio2 using 'HP E221c-8 (NVIDIA High Definition Audio)' : 2 channels at 48 kHz using 16 bits per sample (channel mask 0x3)
[2016.01.28-14.35.05:685][  0]LogInit: FAudioDevice initialized.
[2016.01.28-14.35.05:705][  0]LogDerivedDataCache: Saved boot cache 0.02s 41MB C:/Users/VR/AppData/Local/UnrealEngine/4.9/DerivedDataCache/Boot.ddc.
[2016.01.28-14.35.05:711][  0]LogInit: Texture streaming: Enabled
[2016.01.28-14.35.05:714][  0]LogAnalytics: Creating configured Analytics provider AnalyticsET
[2016.01.28-14.35.05:714][  0]LogAnalytics: [UEEditor.Rocket.Release] APIServer = http://et2.epicgames.com/ET2/. AppVersion = 4.9.2-2707645+++depot+UE4-Releases+4.9
[2016.01.28-14.35.05:714][  0]LogAnalytics: [UEEditor.Rocket.Release] SetUserId 8c1436b7469470d4e6ebefb46ce7086e|15a5252fe37a4825a673547b0b937ab6|c39e7128-8a93-45bc-b94e-b28d0faf1958
[2016.01.28-14.35.05:714][  0]LogAnalytics: [UEEditor.Rocket.Release] AnalyticsET::StartSession
[2016.01.28-14.35.05:722][  0]LogWindowsTextInputMethodSystem:Display: IME system now deactivated.
[2016.01.28-14.35.05:733][  0]LogInit: Transaction tracking system initialized
[2016.01.28-14.35.05:749][  0]BlueprintLog: New page: Editor Load
[2016.01.28-14.35.05:797][  0]LocalizationService: Info Localization service is disabled
[2016.01.28-14.35.05:836][  0]LogLinker:Warning: Can't find file '/Game/FirstPersonBP/FirstPersonOverview'
[2016.01.28-14.35.05:836][  0]LogLinker:Warning: Can't find file '/Game/FirstPersonBP/FirstPersonOverview'
[2016.01.28-14.35.05:836][  0]LogUObjectGlobals:Warning: Failed to find object 'Class /Game/FirstPersonBP/FirstPersonOverview.FirstPersonOverview_C'
[2016.01.28-14.35.05:844][  0]LogConsoleResponse:Display: 
[2016.01.28-14.35.05:932][  0]LogCook:Display: Done creating registry. It took  0.00s.
[2016.01.28-14.35.05:963][  0]LogFileCache: Scanning file cache for directory 'D:/UnrealProjects/GE_Project/Content/' took 0.01s
[2016.01.28-14.35.05:963][  0]SourceControl: Info Source control is disabled
[2016.01.28-14.35.05:963][  0]Cmd: MAP LOAD FILE="../../../../../../UnrealProjects/GE_Project/Content/StarterContent/Maps/Minimal_Default.umap" TEMPLATE=0 SHOWPROGRESS=1 FEATURELEVEL=3
[2016.01.28-14.35.05:964][  0]LightingResults: New page: Lighting Build
[2016.01.28-14.35.05:965][  0]MapCheck: New page: Map Check
[2016.01.28-14.35.05:965][  0]LightingResults: New page: Lighting Build
[2016.01.28-14.35.05:976][  0]LogParticles: Destroying 0 GPU particle simulations for FXSystem 0x000000B06BF0CC20
[2016.01.28-14.35.06:311][  0]LogAIModule: Creating AISystem for world Minimal_Default
[2016.01.28-14.35.06:316][  0]LogEditorServer: Finished looking for orphan Actors (0.000 secs)
[2016.01.28-14.35.06:316][  0]Cmd: MAP CHECKDEP NOCLEARLOG
[2016.01.28-14.35.06:347][  0]MapCheck: Info Map check complete: 0 Error(s), 0 Warning(s), took 30.926ms to complete.
[2016.01.28-14.35.06:347][  0]LogFileHelpers: Loading map 'Minimal_Default' took 0.383
[2016.01.28-14.35.06:440][  0]LogCollectionManager: Loaded 0 collections in 0.001784 seconds
[2016.01.28-14.35.06:481][  0]LogFileCache: Scanning file cache for directory 'D:/UnrealProjects/GE_Project/Saved/Collections/' took 0.01s
[2016.01.28-14.35.06:481][  0]LogFileCache: Scanning file cache for directory 'D:/UnrealProjects/GE_Project/Content/Developers/VR/Collections/' took 0.01s
[2016.01.28-14.35.06:481][  0]LogFileCache: Scanning file cache for directory 'D:/UnrealProjects/GE_Project/Content/Collections/' took 0.01s
[2016.01.28-14.35.06:481][  0]LogContentBrowser: Native class hierarchy populated in 0.0069 seconds. Added 1916 classes and 347 folders.
[2016.01.28-14.35.06:484][  0]LogCollectionManager: Rebuilt the GUID cache for 0 collections in 0.000002 seconds
[2016.01.28-14.35.06:489][  0]LogContentBrowser: Native class hierarchy updated for 'WidgetCarousel' in 0.0007 seconds. Added 0 classes and 0 folders.
[2016.01.28-14.35.06:521][  0]LogContentBrowser: Native class hierarchy updated for 'AddContentDialog' in 0.0012 seconds. Added 0 classes and 0 folders.
[2016.01.28-14.35.06:524][  0]LogContentBrowser: Native class hierarchy updated for 'SceneOutliner' in 0.0008 seconds. Added 1 classes and 2 folders.
[2016.01.28-14.35.06:568][  0]LogCrashTracker: Crashtracker disabled due to settings.
[2016.01.28-14.35.06:580][  0]LogUObjectGlobals:Warning: Failed to find object 'Class None.'
[2016.01.28-14.35.06:603][  0]LogLoad: Full Startup: 4.91 seconds (BP compile: 0.04 seconds)
[2016.01.28-14.35.06:660][  0]LogContentStreaming: Texture pool size now 1000 MB
[2016.01.28-14.35.06:765][  0]LogRenderer: Reallocating scene render targets to support 1216x576 (Frame:2).
[2016.01.28-14.35.07:633][  3]LogAssetRegistry: Asset discovery search completed in 2.4111 seconds
[2016.01.28-14.35.07:633][  3]LogCollectionManager: Rebuilt the object cache for 0 collections in 0.000001 seconds (found 0 objects)
[2016.01.28-14.35.07:633][  3]LogCollectionManager: Fixed up redirectors for 0 collections in 0.000021 seconds (updated 0 objects)
[2016.01.28-14.35.14:014][324]LogBlueprint:Warning: [compiler Ue4ASP_Character] Warning Input Axis Event references unknown Axis 'LookUp' for  InputAxis LookUp 
[2016.01.28-14.35.14:015][324]LogBlueprint:Warning: [compiler Ue4ASP_Character] Warning Input Axis Event references unknown Axis 'Turn' for  InputAxis Turn 
[2016.01.28-14.35.14:015][324]LogBlueprint:Warning: [compiler Ue4ASP_Character] Warning Input Axis Event references unknown Axis 'MoveRight' for  InputAxis MoveRight 
[2016.01.28-14.35.14:015][324]LogBlueprint:Warning: [compiler Ue4ASP_Character] Warning Input Axis Event references unknown Axis 'MoveForward' for  InputAxis MoveForward 
[2016.01.28-14.35.14:017][324]LogBlueprint:Warning: [compiler Ue4ASP_Character] Warning [0012.33] Compile of Ue4ASP_Character successful, but with 4 Warning(s) [in 6 ms]
[2016.01.28-14.35.14:017][324]LogBlueprint:Warning: [compiler Ue4ASP_Character] Warning [0012.33] Compile of Ue4ASP_Character successful, but with 5 Warning(s) [in 0 ms]
[2016.01.28-14.35.14:017][324]LogBlueprint:Warning: [compiler Ue4ASP_Character] Warning [0012.33] Compile of Ue4ASP_Character successful, but with 6 Warning(s) [in 0 ms]
[2016.01.28-14.35.14:072][324]LogBlueprint:Warning: [compiler Ue4ASP_Character] Warning Input Axis Event references unknown Axis 'LookUp' for  InputAxis LookUp 
[2016.01.28-14.35.14:072][324]LogBlueprint:Warning: [compiler Ue4ASP_Character] Warning Input Axis Event references unknown Axis 'Turn' for  InputAxis Turn 
[2016.01.28-14.35.14:072][324]LogBlueprint:Warning: [compiler Ue4ASP_Character] Warning Input Axis Event references unknown Axis 'MoveRight' for  InputAxis MoveRight 
[2016.01.28-14.35.14:073][324]LogBlueprint:Warning: [compiler Ue4ASP_Character] Warning Input Axis Event references unknown Axis 'MoveForward' for  InputAxis MoveForward 
[2016.01.28-14.35.14:075][324]LogBlueprint:Warning: [compiler Ue4ASP_Character] Warning [0012.39] Compile of Ue4ASP_Character successful, but with 4 Warning(s) [in 6 ms]
[2016.01.28-14.35.14:075][324]LogBlueprint:Warning: [compiler Ue4ASP_Character] Warning [0012.39] Compile of Ue4ASP_Character successful, but with 5 Warning(s) [in 0 ms]
[2016.01.28-14.35.14:076][324]LogBlueprint:Warning: [compiler Ue4ASP_Character] Warning [0012.39] Compile of Ue4ASP_Character successful, but with 6 Warning(s) [in 0 ms]
[2016.01.28-14.35.14:262][324]LogAIModule: Creating AISystem for world MyFirstLevel
[2016.01.28-14.35.14:297][324]Cmd: MAP LOAD FILE="../../../../../../UnrealProjects/GE_Project/Content/MyFirstLevel.umap" TEMPLATE=0 SHOWPROGRESS=1 FEATURELEVEL=3
[2016.01.28-14.35.14:297][324]LightingResults: New page: Lighting Build
[2016.01.28-14.35.14:313][324]LoadErrors: New page: Loading map: MyFirstLevel.umap
[2016.01.28-14.35.14:314][324]MapCheck: New page: Map Check
[2016.01.28-14.35.14:314][324]LightingResults: New page: Lighting Build
[2016.01.28-14.35.14:323][324]LogParticles: Destroying 0 GPU particle simulations for FXSystem 0x000000B054D23F60
[2016.01.28-14.35.14:383][324]LogEditorServer: Finished looking for orphan Actors (0.000 secs)
[2016.01.28-14.35.14:419][324]Cmd: MAP CHECKDEP NOCLEARLOG
[2016.01.28-14.35.14:462][324]MapCheck: Info Map check complete: 0 Error(s), 0 Warning(s), took 43.376ms to complete.
[2016.01.28-14.35.14:462][324]LogFileHelpers: Loading map 'MyFirstLevel' took 0.166
[2016.01.28-14.35.14:505][325]Cmd: UpdateLandscapeEditorData -warnings
[2016.01.28-14.35.14:506][325]Cmd: UpdateLandscapeEditorData
[2016.01.28-14.35.15:186][384]LogLinker:Warning: CreateExport: Failed to load Parent for BlueprintGeneratedClass /Game/BP_FirstPersonProjectile.BP_FirstPersonProjectile_C
[2016.01.28-14.35.15:186][384]LogLinker:Warning: CreateExport: Failed to load Parent for BlueprintGeneratedClass /Game/BP_FirstPersonProjectile.BP_FirstPersonProjectile_C
[2016.01.28-14.35.15:186][384]LogLinker:Warning: CreateExport: Failed to load Parent for BlueprintGeneratedClass /Game/BP_FirstPersonProjectile.BP_FirstPersonProjectile_C
[2016.01.28-14.35.15:186][384]LogLinker:Warning: CreateExport: Failed to load Parent for BlueprintGeneratedClass /Game/BP_FirstPersonProjectile.BP_FirstPersonProjectile_C
[2016.01.28-14.35.15:187][384]LogLinker:Warning: CreateExport: Failed to load Parent for BlueprintGeneratedClass /Game/BP_FirstPersonProjectile.BP_FirstPersonProjectile_C
[2016.01.28-14.35.15:187][384]LogLinker:Warning: CreateExport: Failed to load Parent for BlueprintGeneratedClass /Game/BP_FirstPersonProjectile.BP_FirstPersonProjectile_C
[2016.01.28-14.35.15:187][384]LogLinker:Warning: CreateExport: Failed to load Parent for BlueprintGeneratedClass /Game/BP_FirstPersonProjectile.BP_FirstPersonProjectile_C
[2016.01.28-14.35.15:187][384]LogLinker:Warning: CreateExport: Failed to load Parent for BlueprintGeneratedClass /Game/BP_FirstPersonProjectile.BP_FirstPersonProjectile_C
[2016.01.28-14.35.15:187][384]LogLinker:Warning: CreateExport: Failed to load Parent for BlueprintGeneratedClass /Game/BP_FirstPersonProjectile.BP_FirstPersonProjectile_C
[2016.01.28-14.35.15:190][384]LogLinker:Warning: CreateExport: Failed to load Parent for BlueprintGeneratedClass /Game/BP_FirstPersonProjectile.BP_FirstPersonProjectile_C
[2016.01.28-14.35.15:196][384]LogLinker:Warning: CreateExport: Failed to load Parent for BlueprintGeneratedClass /Game/BP_FirstPersonProjectile.BP_FirstPersonProjectile_C
[2016.01.28-14.35.15:196][384]LogLinker:Warning: CreateExport: Failed to load Parent for BlueprintGeneratedClass /Game/BP_FirstPersonProjectile.BP_FirstPersonProjectile_C
[2016.01.28-14.35.15:196][384]LogLinker:Warning: CreateExport: Failed to load Parent for BlueprintGeneratedClass /Game/BP_FirstPersonProjectile.BP_FirstPersonProjectile_C
[2016.01.28-14.35.15:196][384]LogLinker:Warning: CreateExport: Failed to load Parent for BlueprintGeneratedClass /Game/BP_FirstPersonProjectile.BP_FirstPersonProjectile_C
[2016.01.28-14.35.15:197][384]LogLinker:Warning: CreateExport: Failed to load Parent for BlueprintGeneratedClass /Game/BP_FirstPersonProjectile.BP_FirstPersonProjectile_C
[2016.01.28-14.35.15:251][384]LogLinker:Warning: Asset '../../../Engine/Content/ArtTools/RenderToTexture/Macros/RenderToTextureMacros.uasset' has been saved with empty engine version. The asset will be loaded but may be incompatible.
[2016.01.28-14.35.15:683][384]LogContentBrowser: Native class hierarchy updated for 'BlueprintGraph' in 0.0011 seconds. Added 107 classes and 0 folders.
[2016.01.28-14.35.16:033][384]LoadErrors:Warning: Warning CreateExport: Failed to load Outer for resource 'StaticMesh': BlueprintGeneratedClass /Game/BP_FirstPersonProjectile.BP_FirstPersonProjectile_C
[2016.01.28-14.35.16:033][384]LoadErrors:Warning: Warning CreateExport: Failed to load Outer for resource 'UserConstructionScript': BlueprintGeneratedClass /Game/BP_FirstPersonProjectile.BP_FirstPersonProjectile_C
[2016.01.28-14.35.16:033][384]LoadErrors:Warning: Warning CreateExport: Failed to load Outer for resource 'ProjectileComp': BP_FirstPersonProjectile_C /Game/BP_FirstPersonProjectile.Default__BP_FirstPersonProjectile_C
[2016.01.28-14.35.16:033][384]LoadErrors:Warning: Warning CreateExport: Failed to load Outer for resource 'DefaultSceneRoot_GEN_VARIABLE': BlueprintGeneratedClass /Game/BP_FirstPersonProjectile.BP_FirstPersonProjectile_C
[2016.01.28-14.35.16:033][384]LoadErrors:Warning: Warning CreateExport: Failed to load Outer for resource 'SimpleConstructionScript_0': BlueprintGeneratedClass /Game/BP_FirstPersonProjectile.BP_FirstPersonProjectile_C
[2016.01.28-14.35.16:034][384]LoadErrors:Warning: Warning CreateExport: Failed to load Outer for resource 'SCS_Node_0': SimpleConstructionScript /Game/BP_FirstPersonProjectile.BP_FirstPersonProjectile_C:SimpleConstructionScript_0
[2016.01.28-14.35.16:034][384]LoadErrors:Warning: Warning CreateExport: Failed to load Outer for resource 'SCS_Node_2': SimpleConstructionScript /Game/BP_FirstPersonProjectile.BP_FirstPersonProjectile_C:SimpleConstructionScript_0
[2016.01.28-14.35.16:034][384]LoadErrors:Warning: Warning CreateExport: Failed to load Outer for resource 'SphereComp': BP_FirstPersonProjectile_C /Game/BP_FirstPersonProjectile.Default__BP_FirstPersonProjectile_C
[2016.01.28-14.35.16:034][384]LoadErrors:Warning: Warning CreateExport: Failed to load Outer for resource 'StaticMesh_GEN_VARIABLE': BlueprintGeneratedClass /Game/BP_FirstPersonProjectile.BP_FirstPersonProjectile_C
[2016.01.28-14.35.19:221][629]LogSpawn:Warning: SpawnActor failed because we are running a ConstructionScript (KinectAccessLayer)
[2016.01.28-14.35.19:222][629]LogActorComponent: UnregisterComponent: (/Engine/Transient.CharMoveComp) Not registered. Aborting.
[2016.01.28-14.35.19:222][629]LogActorComponent: UnregisterComponent: (/Engine/Transient.CharacterMovementComponent_0) Not registered. Aborting.
[2016.01.28-14.36.20:767][530]BlueprintLog: New page: Compile BP_Avatar
[2016.01.28-14.36.20:813][530]LogActorComponent: UnregisterComponent: (/Engine/Transient.CharacterMovementComponent_1) Not registered. Aborting.
[2016.01.28-14.36.20:814][530]LogActorComponent: UnregisterComponent: (/Engine/Transient.KinectInterface_GEN_VARIABLE) Not registered. Aborting.
[2016.01.28-14.36.20:842][530]BlueprintEditorCompileResults: Info [0079.15] Compile of BP_Avatar successful! [in 75 ms]
[2016.01.28-14.36.21:646][611]Cmd: OBJ SAVEPACKAGE PACKAGE="/Game/BP_Avatar" FILE="../../../../../../UnrealProjects/GE_Project/Content/BP_Avatar.uasset" SILENT=true
[2016.01.28-14.36.21:683][611]LogSavePackage: Save=29.521881ms
[2016.01.28-14.36.21:683][611]LogSavePackage: Moving '../../../../../../UnrealProjects/GE_Project/Saved/BP_AvatarBBFEAEF74425BD966196E4A0BC5453E1.tmp' to '../../../../../../UnrealProjects/GE_Project/Content/BP_Avatar.