[2016.03.24-10.05.14:688][  0]Log file open, 03/24/16 11:05:14
[2016.03.24-10.05.14:688][  0]LogInit:Display: Running engine for game: TheBeginning
[2016.03.24-10.05.14:688][  0]LogInit:Display: RandInit(1631272724) SRandInit(1631272725).
[2016.03.24-10.05.14:688][  0]LogTaskGraph: Started task graph with 4 named threads and 7 total threads.
[2016.03.24-10.05.14:688][  0]LogStats: Stats thread started at 0.086303
[2016.03.24-10.05.14:688][  0]LogInit: Version: 4.9.2-2707645+++depot+UE4-Releases+4.9
[2016.03.24-10.05.14:688][  0]LogInit: API Version: 2672455
[2016.03.24-10.05.14:688][  0]LogInit: Compiled (64-bit): Sep 28 2015 10:25:44
[2016.03.24-10.05.14:688][  0]LogInit: Compiled with Visual C++: 18.00.21005.01
[2016.03.24-10.05.14:688][  0]LogInit: Build Configuration: Development
[2016.03.24-10.05.14:688][  0]LogInit: Branch Name: ++depot+UE4-Releases+4.9
[2016.03.24-10.05.14:688][  0]LogInit: Command line:  /Temp/Autosaves/Game/UEDPCMyFirstLevel -game -PIEVIACONSOLE -ResX=1280 -ResY=720  -Multiprocess 
[2016.03.24-10.05.14:688][  0]LogInit: Base directory: D:/Programme/Epic Games/4.9/Engine/Binaries/Win64/
[2016.03.24-10.05.14:688][  0]LogInit: Rocket: 1
[2016.03.24-10.05.14:696][  0]LogInit: Using libcurl 7.41.0
[2016.03.24-10.05.14:696][  0]LogInit:  - built for x86_64-pc-win32
[2016.03.24-10.05.14:696][  0]LogInit:  - supports SSL with WinSSL
[2016.03.24-10.05.14:696][  0]LogInit:  - other features:
[2016.03.24-10.05.14:696][  0]LogInit:      CURL_VERSION_SSL
[2016.03.24-10.05.14:696][  0]LogInit:      CURL_VERSION_IPV6
[2016.03.24-10.05.14:696][  0]LogInit:      CURL_VERSION_ASYNCHDNS
[2016.03.24-10.05.14:696][  0]LogInit:      CURL_VERSION_LARGEFILE
[2016.03.24-10.05.14:696][  0]LogInit:      CURL_VERSION_IDN
[2016.03.24-10.05.14:696][  0]LogInit:  CurlRequestOptions (configurable via config and command line):
[2016.03.24-10.05.14:696][  0]LogInit:  - bVerifyPeer = true  - Libcurl will verify peer certificate
[2016.03.24-10.05.14:696][  0]LogInit:  - bUseHttpProxy = false  - Libcurl will NOT use HTTP proxy
[2016.03.24-10.05.14:696][  0]LogInit:  - bDontReuseConnections = false  - Libcurl will reuse connections
[2016.03.24-10.05.14:696][  0]LogInit:  - CertBundlePath = nullptr  - Libcurl will use whatever was configured at build time.
[2016.03.24-10.05.14:701][  0]LogInit: Presizing for 0 objects not considered by GC, pre-allocating 0 bytes.
[2016.03.24-10.05.14:707][  0]LogInit: Object subsystem initialized
[2016.03.24-10.05.14:708][  0]LogInit: Selected Device Profile: [Windows]
[2016.03.24-10.05.14:708][  0]LogInit: Applying CVar settings loaded from the selected device profile: [Windows]
[2016.03.24-10.05.14:710][  0]LogInit: Computer: PC1021500895
[2016.03.24-10.05.14:710][  0]LogInit: User: VR
[2016.03.24-10.05.14:710][  0]LogInit: CPU Page size=4096, Cores=4
[2016.03.24-10.05.14:710][  0]LogInit: High frequency timer resolution =3.507506 MHz
[2016.03.24-10.05.14:710][  0]LogMemory: Memory total: Physical=15.9GB (16GB approx)
[2016.03.24-10.05.14:710][  0]LogMemory: Platform Memory Stats for Windows
[2016.03.24-10.05.14:710][  0]LogMemory: Process Physical Memory: 52.30 MB used, 52.30 MB peak
[2016.03.24-10.05.14:710][  0]LogMemory: Process Virtual Memory: 56.14 MB used, 56.14 MB peak
[2016.03.24-10.05.14:710][  0]LogMemory: Physical Memory: 4084.46 MB used, 16261.17 MB total
[2016.03.24-10.05.14:710][  0]LogMemory: Virtual Memory: 347.69 MB used, 134217728.00 MB total
[2016.03.24-10.05.14:739][  0]LogTextLocalizationManager: No translations for ('de-DE') exist, falling back to 'en' for localization and internationalization data.
[2016.03.24-10.05.15:366][  0]LogD3D11RHI: Found D3D11 adapter 0: NVIDIA GeForce GTX 970 (Feature Level 11_0)
[2016.03.24-10.05.15:366][  0]LogD3D11RHI: Adapter has 3976MB of dedicated video memory, 0MB of dedicated system memory, and 8130MB of shared system memory, 1 output[s]
[2016.03.24-10.05.15:367][  0]LogD3D11RHI: Found D3D11 adapter 1: Microsoft Basic Render Driver (Feature Level 11_0)
[2016.03.24-10.05.15:367][  0]LogD3D11RHI: Adapter has 0MB of dedicated video memory, 0MB of dedicated system memory, and 256MB of shared system memory, 0 output[s]
[2016.03.24-10.05.15:367][  0]LogD3D11RHI: Chosen D3D11 Adapter Id = 0
[2016.03.24-10.05.15:370][  0]LogD3D11RHI: !Direct3DDevice
[2016.03.24-10.05.15:370][  0]LogRHI: Texture pool is 1361 MB (70% of 1945 MB)
[2016.03.24-10.05.15:380][  0]LogD3D11RHI: Async texture creation enabled
[2016.03.24-10.05.15:394][  0]LogShaderCompilers: Guid format shader working directory is 16 characters bigger than the processId version (../../../../../../UnrealProjects/GE_Project/Intermediate/Shaders/WorkingDirectory/488/).
[2016.03.24-10.05.15:394][  0]LogShaderCompilers: Cleaned the shader compiler working directory '../../../../../../UnrealProjects/GE_Project/Intermediate/Shaders/tmp/9CE23AFC4BDCE2E8BEE6489F43C6E011/'.
[2016.03.24-10.05.15:395][  0]LogShaderCompilers:Display: Using Local Shader Compiler.
[2016.03.24-10.05.16:267][  0]LogTemp:Display: Loaded TP AllDesktopTargetPlatform
[2016.03.24-10.05.16:270][  0]LogTemp:Display: Loaded TP WindowsClientTargetPlatform
[2016.03.24-10.05.16:273][  0]LogTemp:Display: Loaded TP WindowsNoEditorTargetPlatform
[2016.03.24-10.05.16:277][  0]LogTemp:Display: Loaded TP WindowsServerTargetPlatform
[2016.03.24-10.05.16:280][  0]LogTemp:Display: Loaded TP WindowsTargetPlatform
[2016.03.24-10.05.16:282][  0]LogTemp:Display: Loaded TP AndroidTargetPlatform
[2016.03.24-10.05.16:285][  0]LogTemp:Display: Loaded TP Android_ASTCTargetPlatform
[2016.03.24-10.05.16:287][  0]LogTemp:Display: Loaded TP Android_ATCTargetPlatform
[2016.03.24-10.05.16:290][  0]LogTemp:Display: Loaded TP Android_DXTTargetPlatform
[2016.03.24-10.05.16:292][  0]LogTemp:Display: Loaded TP Android_ETC1TargetPlatform
[2016.03.24-10.05.16:295][  0]LogTemp:Display: Loaded TP Android_ETC2TargetPlatform
[2016.03.24-10.05.16:297][  0]LogTemp:Display: Loaded TP Android_PVRTCTargetPlatform
[2016.03.24-10.05.16:298][  0]LogTemp:Display: Loaded TP HTML5TargetPlatform
[2016.03.24-10.05.16:314][  0]LogTemp:Display: Loaded TP IOSTargetPlatform
[2016.03.24-10.05.16:315][  0]LogTemp:Display: Loaded TP LinuxNoEditorTargetPlatform
[2016.03.24-10.05.16:318][  0]LogTemp:Display: Loaded TP LinuxServerTargetPlatform
[2016.03.24-10.05.16:322][  0]LogTemp:Display: Loaded TP LinuxTargetPlatform
[2016.03.24-10.05.16:322][  0]LogTargetPlatformManager:Display: Building Assets For Windows
[2016.03.24-10.05.16:379][  0]LogDerivedDataCache:Display: Max Cache Size: 512 MB
[2016.03.24-10.05.16:418][  0]LogDerivedDataCache: Loaded boot cache 0.04s 41MB C:/Users/VR/AppData/Local/UnrealEngine/4.9/DerivedDataCache/Boot.ddc.
[2016.03.24-10.05.16:418][  0]LogDerivedDataCache:Display: Loaded Boot cache: C:/Users/VR/AppData/Local/UnrealEngine/4.9/DerivedDataCache/Boot.ddc
[2016.03.24-10.05.16:418][  0]LogDerivedDataCache: FDerivedDataBackendGraph:  Pak pak cache file ../../../../../../UnrealProjects/GE_Project/DerivedDataCache/DDC.ddp not found, will not use a pak cache.
[2016.03.24-10.05.16:418][  0]LogDerivedDataCache: Unable to find inner node Pak for hierarchical cache Hierarchy.
[2016.03.24-10.05.16:418][  0]LogDerivedDataCache: FDerivedDataBackendGraph:  CompressedPak pak cache file ../../../../../../UnrealProjects/GE_Project/DerivedDataCache/Compressed.ddp not found, will not use a pak cache.
[2016.03.24-10.05.16:418][  0]LogDerivedDataCache: Unable to find inner node CompressedPak for hierarchical cache Hierarchy.
[2016.03.24-10.05.16:548][  0]LogDerivedDataCache:Display: Pak cache opened for reading ../../../Engine/DerivedDataCache/Compressed.ddp.
[2016.03.24-10.05.16:560][  0]LogDerivedDataCache: Using Local data cache path C:/Users/VR/AppData/Local/UnrealEngine/Common/DerivedDataCache: Writable
[2016.03.24-10.05.16:701][  0]LogInit: Selected Device Profile: [Windows]
[2016.03.24-10.05.16:704][  0]LogContentStreaming: Texture pool size is 1000.000000MB
[2016.03.24-10.05.16:799][  0]LogMeshUtilities: No automatic mesh reduction module available
[2016.03.24-10.05.16:799][  0]LogMeshUtilities: No automatic mesh merging module available
[2016.03.24-10.05.16:970][  0]LogInit: WinSock: version 1.1 (2.2), MaxSocks=32767, MaxUdp=65467
[2016.03.24-10.05.17:131][  0]LogWindowsMoviePlayer: Unable to load movie: ../../../../../../UnrealProjects/GE_Project/Content/Movies/Default_Startup.mp4
[2016.03.24-10.05.17:238][  0]SourceControl: Info Source control is disabled
[2016.03.24-10.05.17:238][  0]SourceControl: Info Source control is disabled
[2016.03.24-10.05.17:244][  0]SourceControl: Info Source control is disabled
[2016.03.24-10.05.17:296][  0]LogLinker:Warning: Asset '../../../Engine/Plugins/Runtime/LeapMotionController/Content/LM_PassthroughMaterial.uasset' has been saved with empty engine version. The asset will be loaded but may be incompatible.
[2016.03.24-10.05.17:362][  0]LeapPluginLog: Using LeapPlugin version 0.9.6
[2016.03.24-10.05.17:366][  0]LogObj: 28556 objects as part of root set at end of initial load.
[2016.03.24-10.05.17:366][  0]LogUObjectAllocator: 5966960 out of 0 bytes used by permanent object pool.
[2016.03.24-10.05.17:413][  0]LogEngine: Initializing Engine...
[2016.03.24-10.05.17:415][  0]LogHMD: Can't find Oculus library dev build: is proper Runtime installed? Version: 0.7.0.0
[2016.03.24-10.05.17:444][  0]LogHMD: SteamVR initialized.  Driver: oculus  Display: 207KGV03FJGR
[2016.03.24-10.05.17:543][  0]LogInit: XAudio2 using 'HP E221c-8 (NVIDIA High Definition Audio)' : 2 channels at 48 kHz using 16 bits per sample (channel mask 0x3)
[2016.03.24-10.05.17:555][  0]LogInit: FAudioDevice initialized.
[2016.03.24-10.05.17:557][  0]LogInit: Texture streaming: Enabled
[2016.03.24-10.05.17:664][  0]LogConsoleManager:Warning: Console variable 'r.VSync' wasn't set ('GameSetting' has a lower priority than 'Code')
[2016.03.24-10.05.17:666][  0]LogNet: Browse: /Temp/Autosaves/Game/UEDPCMyFirstLevel?Name=Player
[2016.03.24-10.05.17:667][  0]LogLoad: LoadMap: /Temp/Autosaves/Game/UEDPCMyFirstLevel?Name=Player
[2016.03.24-10.05.17:676][  0]LogParticles: Destroying 0 GPU particle simulations for FXSystem 0x00000012C3D53B00
[2016.03.24-10.05.17:687][  0]LogMemory: Platform Memory Stats for Windows
[2016.03.24-10.05.17:687][  0]LogMemory: Process Physical Memory: 436.09 MB used, 436.09 MB peak
[2016.03.24-10.05.17:687][  0]LogMemory: Process Virtual Memory: 500.39 MB used, 500.39 MB peak
[2016.03.24-10.05.17:687][  0]LogMemory: Physical Memory: 4406.44 MB used, 16261.17 MB total
[2016.03.24-10.05.17:687][  0]LogMemory: Virtual Memory: 1049.94 MB used, 134217728.00 MB total
[2016.03.24-10.05.17:687][  0]LogMemory: 
[2016.03.24-10.05.17:687][  0]Allocator Stats for TBB: (not implemented)
[2016.03.24-10.05.17:748][  0]LogBlueprint:Warning: [compiler Ue4ASP_Character] Warning Input Axis Event references unknown Axis 'LookUp' for  InputAxis LookUp 
[2016.03.24-10.05.17:748][  0]LogBlueprint:Warning: [compiler Ue4ASP_Character] Warning Input Axis Event references unknown Axis 'Turn' for  InputAxis Turn 
[2016.03.24-10.05.17:748][  0]LogBlueprint:Warning: [compiler Ue4ASP_Character] Warning Input Axis Event references unknown Axis 'MoveRight' for  InputAxis MoveRight 
[2016.03.24-10.05.17:749][  0]LogBlueprint:Warning: [compiler Ue4ASP_Character] Warning Input Axis Event references unknown Axis 'MoveForward' for  InputAxis MoveForward 
[2016.03.24-10.05.17:752][  0]LogBlueprint:Warning: [compiler Ue4ASP_Character] Warning [0003.58] Compile of Ue4ASP_Character successful, but with 4 Warning(s) [in 5 ms]
[2016.03.24-10.05.17:752][  0]LogBlueprint:Warning: [compiler Ue4ASP_Character] Warning [0003.58] Compile of Ue4ASP_Character successful, but with 5 Warning(s) [in 0 ms]
[2016.03.24-10.05.17:752][  0]LogBlueprint:Warning: [compiler Ue4ASP_Character] Warning [0003.58] Compile of Ue4ASP_Character successful, but with 6 Warning(s) [in 0 ms]
[2016.03.24-10.05.17:842][  0]LogBlueprint:Warning: [compiler Ue4ASP_Character] Warning Input Axis Event references unknown Axis 'LookUp' for  InputAxis LookUp 
[2016.03.24-10.05.17:843][  0]LogBlueprint:Warning: [compiler Ue4ASP_Character] Warning Input Axis Event references unknown Axis 'Turn' for  InputAxis Turn 
[2016.03.24-10.05.17:843][  0]LogBlueprint:Warning: [compiler Ue4ASP_Character] Warning Input Axis Event references unknown Axis 'MoveRight' for  InputAxis MoveRight 
[2016.03.24-10.05.17:843][  0]LogBlueprint:Warning: [compiler Ue4ASP_Character] Warning Input Axis Event references unknown Axis 'MoveForward' for  InputAxis MoveForward 
[2016.03.24-10.05.17:845][  0]LogBlueprint:Warning: [compiler Ue4ASP_Character] Warning [0003.67] Compile of Ue4ASP_Character successful, but with 4 Warning(s) [in 4 ms]
[2016.03.24-10.05.17:845][  0]LogBlueprint:Warning: [compiler Ue4ASP_Character] Warning [0003.67] Compile of Ue4ASP_Character successful, but with 5 Warning(s) [in 0 ms]
[2016.03.24-10.05.17:846][  0]LogBlueprint:Warning: [compiler Ue4ASP_Character] Warning [0003.67] Compile of Ue4ASP_Character successful, but with 6 Warning(s) [in 0 ms]
[2016.03.24-10.05.18:364][  0]LogAIModule: Creating AISystem for world MyFirstLevel
[2016.03.24-10.05.18:407][  0]LogWorld: Game class is 'BP_TheBeginningGameMode_C'
[2016.03.24-10.05.18:427][  0]LogWorld: Bringing World /Temp/Autosaves/Game/UEDPCMyFirstLevel.MyFirstLevel up for play (max tick rate 0) at 2016.03.24-11.05.18
[2016.03.24-10.05.18:428][  0]LogWorld: Bringing up level for play took: 0.020840
[2016.03.24-10.05.18:501][  0]LogInit:Display: Game Engine Initialized.
[2016.03.24-10.05.18:710][  0]LogLoad: Full Startup: 4.54 seconds (BP compile: 0.11 seconds)
[2016.03.24-10.05.18:727][  0]LogWindowsTextInputMethodSystem:Display: IME system now deactivated.
[2016.03.24-10.05.18:810][  2]LogRenderer: Reallocating scene render targets to support 1732x976 (Frame:2).
[2016.03.24-10.05.20:077][ 75]LogRenderer: Reallocating scene render targets to support 2600x1464 (Frame:77).
[2016.03.24-10.05.20:164][ 77]LogRenderTargetPool:Warning: r.RenderTargetPoolMin exceeded 551/400 MB (ok in editor, bad on fixed memory platform)
[2016.03.24-10.05.27:680][416]LogWindowsTextInputMethodSystem:Display: IME system now deactivated.
[2016.03.24-10.05.27:689][416]LogEngine: All Windows Closed
[2016.03.24-10.05.27:689][416]LogWindows: FPlatformMisc::RequestExit(0)
[2016.03.24-10.05.28:472][417]LogExit: Preparing to exit.
[2016.03.24-10.05.28:528][417]LogExit: Game engine shut down
[2016.03.24-10.05.28:529][417]LogParticles: Destroying 0 GPU particle simulations for FXSystem 0x00000012D31119E0
[2016.03.24-10.05.28:546][417]LeapPluginLog: LeapController::CleanupEventData Delete Called
[2016.03.24-10.05.28:654][417]LogExit: Object subsystem successfully closed.
[2016.03.24-10.05.28:669][417]LogD3D11RHI: Shutdown
[2016.03.24-10.05.28:669][417]LogD3D11RHI: CleanupD3DDevice
[2016.03.24-10.05.28:670][417]LogD3D11RHI: ~FD3D11DynamicRHI
[2016.03.24-10.05.28:676][417]LogModuleManager: Shutting down and abandoning module AndroidDeviceDetection (118)
[2016.03.24-10.05.28:750][417]LogModuleManager: Shutting down and abandoning module AutomationController (117)
[2016.03.24-10.05.28:750][417]LogModuleManager: Shutting down and abandoning module AutomationWorker (116)
[2016.03.24-10.05.28:750][417]LogModuleManager: Shutting down and abandoning module CharacterAI (115)
[2016.03.24-10.05.28:750][417]LogModuleManager: Shutting down and abandoning module AITestSuite (114)
[2016.03.24-10.05.28:750][417]LogModuleManager: Shutting down and abandoning module GameplayDebugger (113)
[2016.03.24-10.05.28:750][417]LogModuleManager: Shutting down and abandoning module AIModule (112)
[2016.03.24-10.05.28:750][417]LogModuleManager: Shutting down and abandoning module GameLiveStreaming (111)
[2016.03.24-10.05.28:750][417]LogModuleManager: Shutting down and abandoning module StreamingPauseRendering (110)
[2016.03.24-10.05.28:750][417]LogModuleManager: Shutting down and abandoning module ProfilerService (109)
[2016.03.24-10.05.28:880][417]LogModuleManager: Shutting down and abandoning module TaskGraph (108)
[2016.03.24-10.05.28:880][417]LogModuleManager: Shutting down and abandoning module LeapMotion (107)
[2016.03.24-10.05.28:890][417]LogModuleManager: Shutting down and abandoning module SlateRemote (106)
[2016.03.24-10.05.28:890][417]LogModuleManager: Shutting down and abandoning module SteamVRController (105)
[2016.03.24-10.05.28:890][417]LogModuleManager: Shutting down and abandoning module SteamVR (104)
[2016.03.24-10.05.28:890][417]LogModuleManager: Shutting down and abandoning module ProceduralMeshComponent (103)
[2016.03.24-10.05.28:890][417]LogModuleManager: Shutting down and abandoning module OculusRift (102)
[2016.03.24-10.05.28:890][417]LogModuleManager: Shutting down and abandoning module OculusLibrary (101)
[2016.03.24-10.05.28:890][417]LogModuleManager: Shutting down and abandoning module LeapMotionController (100)
[2016.03.24-10.05.28:903][417]LogModuleManager: Shutting down and abandoning module CustomMeshComponent (99)
[2016.03.24-10.05.28:903][417]LogModuleManager: Shutting down and abandoning module CableComponent (98)
[2016.03.24-10.05.28:903][417]LogModuleManager: Shutting down and abandoning module ArchVisCharacter (97)
[2016.03.24-10.05.28:903][417]LogModuleManager: Shutting down and abandoning module HTML5Networking (96)
[2016.03.24-10.05.28:903][417]LogModuleManager: Shutting down and abandoning module DesktopPlatform (95)
[2016.03.24-10.05.28:903][417]LogModuleManager: Shutting down and abandoning module DirectoryWatcher (94)
[2016.03.24-10.05.28:903][417]LogModuleManager: Shutting down and abandoning module HotReload (93)
[2016.03.24-10.05.28:903][417]LogModuleManager: Shutting down and abandoning module VisualStudioSourceCodeAccess (92)
[2016.03.24-10.05.28:903][417]LogModuleManager: Shutting down and abandoning module UObjectPlugin (91)
[2016.03.24-10.05.28:903][417]LogModuleManager: Shutting down and abandoning module SubversionSourceControl (90)
[2016.03.24-10.05.28:903][417]LogModuleManager: Shutting down and abandoning module SourceControl (89)
[2016.03.24-10.05.28:903][417]LogModuleManager: Shutting down and abandoning module PerforceSourceControl (88)
[2016.03.24-10.05.28:903][417]LogModuleManager: Shutting down and abandoning module TheBeginning (87)
[2016.03.24-10.05.28:903][417]LogModuleManager: Shutting down and abandoning module Kinect4Unreal (86)
[2016.03.24-10.05.28:903][417]LogModuleManager: Shutting down and abandoning module UdpMessaging (85)
[2016.03.24-10.05.28:903][417]LogModuleManager: Shutting down and abandoning module LightPropagationVolumeRuntime (84)
[2016.03.24-10.05.28:903][417]LogModuleManager: Shutting down and abandoning module Paper2D (83)
[2016.03.24-10.05.28:903][417]LogModuleManager: Shutting down and abandoning module WindowsMoviePlayer (82)
[2016.03.24-10.05.28:906][417]LogModuleManager: Shutting down and abandoning module Media (81)
[2016.03.24-10.05.28:906][417]LogModuleManager: Shutting down and abandoning module WmfMedia (80)
[2016.03.24-10.05.28:906][417]LogModuleManager: Shutting down and abandoning module OnlineBlueprintSupport (79)
[2016.03.24-10.05.28:906][417]LogModuleManager: Shutting down and abandoning module GameplayTasksEditor (78)
[2016.03.24-10.05.28:906][417]LogModuleManager: Shutting down and abandoning module PropertyEditor (77)
[2016.03.24-10.05.28:907][417]LogModuleManager: Shutting down and abandoning module BehaviorTreeEditor (76)
[2016.03.24-10.05.28:907][417]LogModuleManager: Shutting down and abandoning module FunctionalTesting (75)
[2016.03.24-10.05.28:907][417]LogModuleManager: Shutting down and abandoning module CollisionAnalyzer (74)
[2016.03.24-10.05.28:907][417]LogModuleManager: Shutting down and abandoning module WorkspaceMenuStructure (73)
[2016.03.24-10.05.28:907][417]LogModuleManager: Shutting down and abandoning module MessageLog (72)
[2016.03.24-10.05.28:907][417]LogModuleManager: Shutting down and abandoning module Sequencer (71)
[2016.03.24-10.05.28:907][417]LogModuleManager: Shutting down and abandoning module AssetTools (70)
[2016.03.24-10.05.28:907][417]LogModuleManager: Shutting down and abandoning module UMGEditor (69)
[2016.03.24-10.05.28:907][417]LogModuleManager: Shutting down and abandoning module UMG (68)
[2016.03.24-10.05.28:907][417]LogModuleManager: Shutting down and abandoning module Slate (67)
[2016.03.24-10.05.28:907][417]LogModuleManager: Shutting down and abandoning module EditorStyle (66)
[2016.03.24-10.05.28:908][417]LogModuleManager: Shutting down and abandoning module SessionServices (65)
[2016.03.24-10.05.28:908][417]LogModuleManager: Shutting down and abandoning module SourceCodeAccess (64)
[2016.03.24-10.05.28:908][417]LogModuleManager: Shutting down and abandoning module HeadMountedDisplay (63)
[2016.03.24-10.05.28:908][417]LogModuleManager: Shutting down and abandoning module XAudio2 (62)
[2016.03.24-10.05.28:908][417]LogModuleManager: Shutting down and abandoning module Networking (60)
[2016.03.24-10.05.28:908][417]LogModuleManager: Shutting down and abandoning module Core (59)
[2016.03.24-10.05.28:908][417]LogModuleManager: Shutting down and abandoning module KismetCompiler (58)
[2016.03.24-10.05.28:908][417]LogModuleManager: Shutting down and abandoning module PhysXFormats (57)
[2016.03.24-10.05.28:908][417]LogModuleManager: Shutting down and abandoning module MeshUtilities (56)
[2016.03.24-10.05.28:908][417]LogModuleManager: Shutting down and abandoning module CookingStats (55)
[2016.03.24-10.05.28:911][417]LogModuleManager: Shutting down and abandoning module DerivedDataCache (54)
[2016.03.24-10.05.29:062][417]LogDerivedDataCache: Shutdown
[2016.03.24-10.05.29:062][417]LogModuleManager: Shutting down and abandoning module ShaderFormatOpenGL (53)
[2016.03.24-10.05.29:062][417]LogModuleManager: Shutting down and abandoning module ShaderFormatD3D (52)
[2016.03.24-10.05.29:062][417]LogModuleManager: Shutting down and abandoning module MetalShaderFormat (51)
[2016.03.24-10.05.29:062][417]LogModuleManager: Shutting down and abandoning module TextureFormatUncompressed (50)
[2016.03.24-10.05.29:062][417]LogModuleManager: Shutting down and abandoning module TextureFormatPVR (49)
[2016.03.24-10.05.29:062][417]LogModuleManager: Shutting down and abandoning module TextureFormatIntelISPCTexComp (48)
[2016.03.24-10.05.29:062][417]LogModuleManager: Shutting down and abandoning module TextureFormatDXT (47)
[2016.03.24-10.05.29:062][417]LogModuleManager: Shutting down and abandoning module ImageWrapper (46)
[2016.03.24-10.05.29:062][417]LogModuleManager: Shutting down and abandoning module TextureFormatASTC (45)
[2016.03.24-10.05.29:062][417]LogModuleManager: Shutting down and abandoning module TextureFormatAndroid (44)
[2016.03.24-10.05.29:062][417]LogModuleManager: Shutting down and abandoning module AudioFormatOpus (43)
[2016.03.24-10.05.29:062][417]LogModuleManager: Shutting down and abandoning module AudioFormatOgg (42)
[2016.03.24-10.05.29:062][417]LogModuleManager: Shutting down and abandoning module AudioFormatADPCM (41)
[2016.03.24-10.05.29:062][417]LogModuleManager: Shutting down and abandoning module LinuxTargetPlatform (40)
[2016.03.24-10.05.29:062][417]LogModuleManager: Shutting down and abandoning module LinuxServerTargetPlatform (39)
[2016.03.24-10.05.29:062][417]LogModuleManager: Shutting down and abandoning module LinuxNoEditorTargetPlatform (38)
[2016.03.24-10.05.29:062][417]LogModuleManager: Shutting down and abandoning module Messaging (37)
[2016.03.24-10.05.29:062][417]LogModuleManager: Shutting down and abandoning module IOSTargetPlatform (36)
[2016.03.24-10.05.29:062][417]LogModuleManager: Shutting down and abandoning module HTML5TargetPlatform (35)
[2016.03.24-10.05.29:062][417]LogModuleManager: Shutting down and abandoning module Android_PVRTCTargetPlatform (34)
[2016.03.24-10.05.29:062][417]LogModuleManager: Shutting down and abandoning module Android_ETC2TargetPlatform (33)
[2016.03.24-10.05.29:062][417]LogModuleManager: Shutting down and abandoning module Android_ETC1TargetPlatform (32)
[2016.03.24-10.05.29:062][417]LogModuleManager: Shutting down and abandoning module Android_DXTTargetPlatform (31)
[2016.03.24-10.05.29:062][417]LogModuleManager: Shutting down and abandoning module Android_ATCTargetPlatform (30)
[2016.03.24-10.05.29:062][417]LogModuleManager: Shutting down and abandoning module Android_ASTCTargetPlatform (29)
[2016.03.24-10.05.29:062][417]LogModuleManager: Shutting down and abandoning module AndroidTargetPlatform (28)
[2016.03.24-10.05.29:062][417]LogModuleManager: Shutting down and abandoning module WindowsTargetPlatform (27)
[2016.03.24-10.05.29:062][417]LogModuleManager: Shutting down and abandoning module WindowsServerTargetPlatform (26)
[2016.03.24-10.05.29:062][417]LogModuleManager: Shutting down and abandoning module WindowsNoEditorTargetPlatform (25)
[2016.03.24-10.05.29:062][417]LogModuleManager: Shutting down and abandoning module WindowsClientTargetPlatform (24)
[2016.03.24-10.05.29:062][417]LogModuleManager: Shutting down and abandoning module AllDesktopTargetPlatform (23)
[2016.03.24-10.05.29:062][417]LogModuleManager: Shutting down and abandoning module TargetPlatform (22)
[2016.03.24-10.05.29:062][417]LogModuleManager: Shutting down and abandoning module InputCore (21)
[2016.03.24-10.05.29:062][417]LogModuleManager: Shutting down and abandoning module Settings (20)
[2016.03.24-10.05.29:062][417]LogModuleManager: Shutting down and abandoning module OnlineSubsystem (18)
[2016.03.24-10.05.29:062][417]LogModuleManager: Shutting down and abandoning module HTTP (17)
[2016.03.24-10.05.29:062][417]LogModuleManager: Shutting down and abandoning module XMPP (16)
[2016.03.24-10.05.29:062][417]LogModuleManager: Shutting down and abandoning module ExampleDeviceProfileSelector (15)
[2016.03.24-10.05.29:062][417]LogModuleManager: Shutting down and abandoning module TextureCompressor (14)
[2016.03.24-10.05.29:062][417]LogModuleManager: Shutting down and abandoning module ShaderCore (13)
[2016.03.24-10.05.29:062][417]LogModuleManager: Shutting down and abandoning module Landscape (12)
[2016.03.24-10.05.29:062][417]LogModuleManager: Shutting down and abandoning module SlateRHIRenderer (11)
[2016.03.24-10.05.29:063][417]LogModuleManager: Shutting down and abandoning module OpenGLDrv (10)
[2016.03.24-10.05.29:063][417]LogModuleManager: Shutting down and abandoning module D3D11RHI (9)
[2016.03.24-10.05.29:063][417]LogModuleManager: Shutting down and abandoning module AnimGraphRuntime (8)
[2016.03.24-10.05.29:063][417]LogModuleManager: Shutting down and abandoning module Renderer (7)
[2016.03.24-10.05.29:063][417]LogModuleManager: Shutting down and abandoning module Engine (6)
[2016.03.24-10.05.29:063][417]LogModuleManager: Shutting down and abandoning module CoreUObject (5)
[2016.03.24-10.05.29:063][417]LogModuleManager: Shutting down and abandoning module NetworkFile (4)
[2016.03.24-10.05.29:063][417]LogModuleManager: Shutting down and abandoning module StreamingFile (3)
[2016.03.24-10.05.29:063][417]LogModuleManager: Shutting down and abandoning module SandboxFile (2)
[2016.03.24-10.05.29:063][417]LogModuleManager: Shutting down and abandoning module PakFile (1)
[2016.03.24-10.05.29:063][417]LogExit: Exiting.
[2016.03.24-10.05.29:064][417]Log file closed, 03/24/16 11:05:29
