[2016.03.20-11.03.05:380][  0]Log file open, 03/20/16 12:03:05
[2016.03.20-11.03.05:380][  0]LogInit:Display: Running engine for game: TheBeginning
[2016.03.20-11.03.05:380][  0]LogInit:Display: RandInit(811318095) SRandInit(811318096).
[2016.03.20-11.03.05:380][  0]LogTaskGraph: Started task graph with 4 named threads and 7 total threads.
[2016.03.20-11.03.05:380][  0]LogStats: Stats thread started at 0.245212
[2016.03.20-11.03.05:380][  0]LogInit: Version: 4.9.2-2707645+++depot+UE4-Releases+4.9
[2016.03.20-11.03.05:380][  0]LogInit: API Version: 2672455
[2016.03.20-11.03.05:380][  0]LogInit: Compiled (64-bit): Sep 28 2015 10:25:44
[2016.03.20-11.03.05:380][  0]LogInit: Compiled with Visual C++: 18.00.21005.01
[2016.03.20-11.03.05:380][  0]LogInit: Build Configuration: Development
[2016.03.20-11.03.05:380][  0]LogInit: Branch Name: ++depot+UE4-Releases+4.9
[2016.03.20-11.03.05:380][  0]LogInit: Command line:  
[2016.03.20-11.03.05:380][  0]LogInit: Base directory: C:/Program Files (x86)/Epic Games/4.9/Engine/Binaries/Win64/
[2016.03.20-11.03.05:380][  0]LogInit: Rocket: 1
[2016.03.20-11.03.05:416][  0]LogInit: Using libcurl 7.41.0
[2016.03.20-11.03.05:416][  0]LogInit:  - built for x86_64-pc-win32
[2016.03.20-11.03.05:416][  0]LogInit:  - supports SSL with WinSSL
[2016.03.20-11.03.05:416][  0]LogInit:  - other features:
[2016.03.20-11.03.05:416][  0]LogInit:      CURL_VERSION_SSL
[2016.03.20-11.03.05:416][  0]LogInit:      CURL_VERSION_IPV6
[2016.03.20-11.03.05:416][  0]LogInit:      CURL_VERSION_ASYNCHDNS
[2016.03.20-11.03.05:416][  0]LogInit:      CURL_VERSION_LARGEFILE
[2016.03.20-11.03.05:416][  0]LogInit:      CURL_VERSION_IDN
[2016.03.20-11.03.05:416][  0]LogInit:  CurlRequestOptions (configurable via config and command line):
[2016.03.20-11.03.05:416][  0]LogInit:  - bVerifyPeer = true  - Libcurl will verify peer certificate
[2016.03.20-11.03.05:416][  0]LogInit:  - bUseHttpProxy = false  - Libcurl will NOT use HTTP proxy
[2016.03.20-11.03.05:416][  0]LogInit:  - bDontReuseConnections = false  - Libcurl will reuse connections
[2016.03.20-11.03.05:416][  0]LogInit:  - CertBundlePath = nullptr  - Libcurl will use whatever was configured at build time.
[2016.03.20-11.03.05:475][  0]LogInit: Presizing for 0 objects not considered by GC, pre-allocating 0 bytes.
[2016.03.20-11.03.05:486][  0]LogInit: Object subsystem initialized
[2016.03.20-11.03.05:488][  0]LogInit: Selected Device Profile: [Windows]
[2016.03.20-11.03.05:488][  0]LogInit: Applying CVar settings loaded from the selected device profile: [Windows]
[2016.03.20-11.03.05:520][  0]LogInit: Computer: DESKTOP-I563IRF
[2016.03.20-11.03.05:520][  0]LogInit: User: CaptainAmerica
[2016.03.20-11.03.05:520][  0]LogInit: CPU Page size=4096, Cores=4
[2016.03.20-11.03.05:520][  0]LogInit: High frequency timer resolution =2.531254 MHz
[2016.03.20-11.03.05:520][  0]LogMemory: Memory total: Physical=15.8GB (16GB approx)
[2016.03.20-11.03.05:520][  0]LogMemory: Platform Memory Stats for Windows
[2016.03.20-11.03.05:520][  0]LogMemory: Process Physical Memory: 55.36 MB used, 55.36 MB peak
[2016.03.20-11.03.05:520][  0]LogMemory: Process Virtual Memory: 55.38 MB used, 55.38 MB peak
[2016.03.20-11.03.05:520][  0]LogMemory: Physical Memory: 1855.18 MB used, 16205.89 MB total
[2016.03.20-11.03.05:520][  0]LogMemory: Virtual Memory: 369.27 MB used, 134217728.00 MB total
[2016.03.20-11.03.06:254][  0]LogTextLocalizationManager: No translations for ('de-DE') exist, falling back to 'en' for localization and internationalization data.
[2016.03.20-11.03.08:101][  0]LogD3D11RHI: Found D3D11 adapter 0: NVIDIA GeForce GTX 970M    (Feature Level 11_0)
[2016.03.20-11.03.08:101][  0]LogD3D11RHI: Adapter has 2988MB of dedicated video memory, 0MB of dedicated system memory, and 8102MB of shared system memory, 1 output[s]
[2016.03.20-11.03.08:111][  0]LogD3D11RHI: Found D3D11 adapter 1: Intel(R) HD Graphics 530 (Feature Level 11_0)
[2016.03.20-11.03.08:111][  0]LogD3D11RHI: Adapter has 128MB of dedicated video memory, 0MB of dedicated system memory, and 8102MB of shared system memory, 0 output[s]
[2016.03.20-11.03.08:113][  0]LogD3D11RHI: Found D3D11 adapter 2: Microsoft Basic Render Driver (Feature Level 11_0)
[2016.03.20-11.03.08:113][  0]LogD3D11RHI: Adapter has 0MB of dedicated video memory, 0MB of dedicated system memory, and 8102MB of shared system memory, 0 output[s]
[2016.03.20-11.03.08:113][  0]LogD3D11RHI: Chosen D3D11 Adapter Id = 0
[2016.03.20-11.03.08:118][  0]LogD3D11RHI: !Direct3DDevice
[2016.03.20-11.03.08:118][  0]LogRHI: Texture pool is 1361 MB (70% of 1945 MB)
[2016.03.20-11.03.08:136][  0]LogD3D11RHI: Async texture creation enabled
[2016.03.20-11.03.08:186][  0]LogShaderCompilers: Guid format shader working directory is 15 characters bigger than the processId version (../../../../../../Users/CaptainAmerica/Desktop/Uni/GE_Project/Intermediate/Shaders/WorkingDirectory/6368/).
[2016.03.20-11.03.08:186][  0]LogShaderCompilers: Cleaned the shader compiler working directory '../../../../../../Users/CaptainAmerica/Desktop/Uni/GE_Project/Intermediate/Shaders/tmp/66AC4AF943D580849768A4B3F5911756/'.
[2016.03.20-11.03.08:188][  0]LogShaderCompilers:Display: Using Local Shader Compiler.
[2016.03.20-11.03.11:576][  0]LogTemp:Display: Loaded TP AllDesktopTargetPlatform
[2016.03.20-11.03.11:586][  0]LogTemp:Display: Loaded TP WindowsClientTargetPlatform
[2016.03.20-11.03.11:595][  0]LogTemp:Display: Loaded TP WindowsNoEditorTargetPlatform
[2016.03.20-11.03.11:604][  0]LogTemp:Display: Loaded TP WindowsServerTargetPlatform
[2016.03.20-11.03.11:613][  0]LogTemp:Display: Loaded TP WindowsTargetPlatform
[2016.03.20-11.03.11:623][  0]LogTemp:Display: Loaded TP AndroidTargetPlatform
[2016.03.20-11.03.11:629][  0]LogTemp:Display: Loaded TP Android_ASTCTargetPlatform
[2016.03.20-11.03.11:636][  0]LogTemp:Display: Loaded TP Android_ATCTargetPlatform
[2016.03.20-11.03.11:642][  0]LogTemp:Display: Loaded TP Android_DXTTargetPlatform
[2016.03.20-11.03.11:649][  0]LogTemp:Display: Loaded TP Android_ETC1TargetPlatform
[2016.03.20-11.03.11:655][  0]LogTemp:Display: Loaded TP Android_ETC2TargetPlatform
[2016.03.20-11.03.11:662][  0]LogTemp:Display: Loaded TP Android_PVRTCTargetPlatform
[2016.03.20-11.03.11:664][  0]LogTemp:Display: Loaded TP HTML5TargetPlatform
[2016.03.20-11.03.11:732][  0]LogTemp:Display: Loaded TP IOSTargetPlatform
[2016.03.20-11.03.11:738][  0]LogTemp:Display: Loaded TP LinuxNoEditorTargetPlatform
[2016.03.20-11.03.11:744][  0]LogTemp:Display: Loaded TP LinuxServerTargetPlatform
[2016.03.20-11.03.11:755][  0]LogTemp:Display: Loaded TP LinuxTargetPlatform
[2016.03.20-11.03.11:755][  0]LogTargetPlatformManager:Display: Building Assets For Windows
[2016.03.20-11.03.12:304][  0]LogDerivedDataCache:Display: Max Cache Size: 512 MB
[2016.03.20-11.03.12:736][  0]LogDerivedDataCache: Loaded boot cache 0.43s 41MB C:/Users/CaptainAmerica/AppData/Local/UnrealEngine/4.9/DerivedDataCache/Boot.ddc.
[2016.03.20-11.03.12:736][  0]LogDerivedDataCache:Display: Loaded Boot cache: C:/Users/CaptainAmerica/AppData/Local/UnrealEngine/4.9/DerivedDataCache/Boot.ddc
[2016.03.20-11.03.12:736][  0]LogDerivedDataCache: FDerivedDataBackendGraph:  Pak pak cache file ../../../../../../Users/CaptainAmerica/Desktop/Uni/GE_Project/DerivedDataCache/DDC.ddp not found, will not use a pak cache.
[2016.03.20-11.03.12:736][  0]LogDerivedDataCache: Unable to find inner node Pak for hierarchical cache Hierarchy.
[2016.03.20-11.03.12:736][  0]LogDerivedDataCache: FDerivedDataBackendGraph:  CompressedPak pak cache file ../../../../../../Users/CaptainAmerica/Desktop/Uni/GE_Project/DerivedDataCache/Compressed.ddp not found, will not use a pak cache.
[2016.03.20-11.03.12:736][  0]LogDerivedDataCache: Unable to find inner node CompressedPak for hierarchical cache Hierarchy.
[2016.03.20-11.03.13:008][  0]LogDerivedDataCache:Display: Pak cache opened for reading ../../../Engine/DerivedDataCache/Compressed.ddp.
[2016.03.20-11.03.13:020][  0]LogDerivedDataCache: Using Local data cache path C:/Users/CaptainAmerica/AppData/Local/UnrealEngine/Common/DerivedDataCache: Writable
[2016.03.20-11.03.17:802][  0]LogInit: Selected Device Profile: [Windows]
[2016.03.20-11.03.17:819][  0]LogContentStreaming: Texture pool size is 0.000000MB
[2016.03.20-11.03.18:215][  0]LogMeshUtilities: No automatic mesh reduction module available
[2016.03.20-11.03.18:215][  0]LogMeshUtilities: No automatic mesh merging module available
[2016.03.20-11.03.19:262][  0]LogInit: WinSock: version 1.1 (2.2), MaxSocks=32767, MaxUdp=65467
[2016.03.20-11.03.22:854][  0]UdpMessaging: Initializing bridge on interface 0.0.0.0:0 to multicast group 230.0.0.1:6666.
[2016.03.20-11.03.23:077][  0]LogAssetRegistry: FAssetRegistry took 0.0133 seconds to start up
[2016.03.20-11.03.23:650][  0]SourceControl: Info Source control is disabled
[2016.03.20-11.03.23:651][  0]SourceControl: Info Source control is disabled
[2016.03.20-11.03.23:679][  0]SourceControl: Info Source control is disabled
[2016.03.20-11.03.23:703][  0]SourceControl: Info Source control is disabled
[2016.03.20-11.03.24:090][  0]LogLinker:Warning: Asset '../../../Engine/Plugins/Runtime/LeapMotionController/Content/LM_PassthroughMaterial.uasset' has been saved with empty engine version. The asset will be loaded but may be incompatible.
[2016.03.20-11.03.24:302][  0]LogObj: 28421 objects as part of root set at end of initial load.
[2016.03.20-11.03.24:302][  0]LogUObjectAllocator: 6081752 out of 0 bytes used by permanent object pool.
[2016.03.20-11.03.24:459][  0]LogEngine: Initializing Engine...
[2016.03.20-11.03.24:465][  0]LogHMD: Can't find Oculus library dev build: is proper Runtime installed? Version: 0.7.0.0
[2016.03.20-11.03.24:483][  0]LogHMD: SteamVR failed to initialize.  Err: 110
[2016.03.20-11.03.24:874][  0]LogAIModule: Creating AISystem for world NewWorld
[2016.03.20-11.03.24:893][  0]LogInit: XAudio2 using 'Lautsprecher (Realtek High Definition Audio)' : 2 channels at 48 kHz using 32 bits per sample (channel mask 0x3)
[2016.03.20-11.03.24:930][  0]LogInit: FAudioDevice initialized.
[2016.03.20-11.03.24:962][  0]LogDerivedDataCache: Saved boot cache 0.03s 41MB C:/Users/CaptainAmerica/AppData/Local/UnrealEngine/4.9/DerivedDataCache/Boot.ddc.
[2016.03.20-11.03.24:970][  0]LogInit: Texture streaming: Enabled
[2016.03.20-11.03.24:982][  0]LogAnalytics: Creating configured Analytics provider AnalyticsET
[2016.03.20-11.03.24:983][  0]LogAnalytics: [UEEditor.Rocket.Release] APIServer = http://et2.epicgames.com/ET2/. AppVersion = 4.9.2-2707645+++depot+UE4-Releases+4.9
[2016.03.20-11.03.24:983][  0]LogAnalytics: [UEEditor.Rocket.Release] SetUserId cf13bd144fda46388eb9608560661132|81f01d6b67df48cfa9231b1643757103|89657b24-a756-40fe-95bd-5a575f0e3948
[2016.03.20-11.03.24:983][  0]LogAnalytics: [UEEditor.Rocket.Release] AnalyticsET::StartSession
[2016.03.20-11.03.25:083][  0]LogInit: Transaction tracking system initialized
[2016.03.20-11.03.25:193][  0]BlueprintLog: New page: Editor Load
[2016.03.20-11.03.25:442][  0]LocalizationService: Info Localization service is disabled
[2016.03.20-11.03.25:624][  0]LogConsoleResponse:Display: 
[2016.03.20-11.03.26:038][  0]LogCook:Display: Done creating registry. It took  0.00s.
[2016.03.20-11.03.26:170][  0]LogFileCache: Scanning file cache for directory 'C:/Users/CaptainAmerica/Desktop/Uni/GE_Project/Content/' took 0.02s
[2016.03.20-11.03.26:194][  0]SourceControl: Info Source control is disabled
[2016.03.20-11.03.26:197][  0]Cmd: MAP LOAD FILE="../../../../../../Users/CaptainAmerica/Desktop/Uni/GE_Project/Content/StarterContent/Maps/Minimal_Default.umap" TEMPLATE=0 SHOWPROGRESS=1 FEATURELEVEL=3
[2016.03.20-11.03.26:203][  0]LightingResults: New page: Lighting Build
[2016.03.20-11.03.26:213][  0]MapCheck: New page: Map Check
[2016.03.20-11.03.26:213][  0]LightingResults: New page: Lighting Build
[2016.03.20-11.03.26:237][  0]LogParticles: Destroying 0 GPU particle simulations for FXSystem 0x00000165C4F236A0
[2016.03.20-11.03.27:187][  0]LogAIModule: Creating AISystem for world Minimal_Default
[2016.03.20-11.03.27:223][  0]LogEditorServer: Finished looking for orphan Actors (0.000 secs)
[2016.03.20-11.03.27:226][  0]Cmd: MAP CHECKDEP NOCLEARLOG
[2016.03.20-11.03.27:296][  0]MapCheck: Info Map check complete: 0 Error(s), 0 Warning(s), took 70.578ms to complete.
[2016.03.20-11.03.27:297][  0]LogFileHelpers: Loading map 'Minimal_Default' took 1.101
[2016.03.20-11.03.27:534][  0]LogCollectionManager: Loaded 0 collections in 0.004131 seconds
[2016.03.20-11.03.27:594][  0]LogFileCache: Scanning file cache for directory 'C:/Users/CaptainAmerica/Desktop/Uni/GE_Project/Saved/Collections/' took 0.01s
[2016.03.20-11.03.27:594][  0]LogFileCache: Scanning file cache for directory 'C:/Users/CaptainAmerica/Desktop/Uni/GE_Project/Content/Developers/CaptainAmerica/Collections/' took 0.01s
[2016.03.20-11.03.27:594][  0]LogFileCache: Scanning file cache for directory 'C:/Users/CaptainAmerica/Desktop/Uni/GE_Project/Content/Collections/' took 0.01s
[2016.03.20-11.03.27:594][  0]LogContentBrowser: Native class hierarchy populated in 0.0180 seconds. Added 1873 classes and 335 folders.
[2016.03.20-11.03.27:613][  0]LogCollectionManager: Rebuilt the GUID cache for 0 collections in 0.000004 seconds
[2016.03.20-11.03.27:634][  0]LogContentBrowser: Native class hierarchy updated for 'WidgetCarousel' in 0.0019 seconds. Added 0 classes and 0 folders.
[2016.03.20-11.03.28:096][  0]LogContentBrowser: Native class hierarchy updated for 'AddContentDialog' in 0.0021 seconds. Added 0 classes and 0 folders.
[2016.03.20-11.03.28:109][  0]LogContentBrowser: Native class hierarchy updated for 'SceneOutliner' in 0.0021 seconds. Added 1 classes and 2 folders.
[2016.03.20-11.03.28:202][  0]LogCrashTracker: Crashtracker disabled due to settings.
[2016.03.20-11.03.28:217][  0]LogUObjectGlobals:Warning: Failed to find object 'Class None.'
[2016.03.20-11.03.28:243][  0]LogLoad: Full Startup: 25.93 seconds (BP compile: 0.13 seconds)
[2016.03.20-11.03.28:408][  0]LogContentStreaming: Texture pool size now 1000 MB
[2016.03.20-11.03.28:651][  0]LogRenderer: Reallocating scene render targets to support 964x436 (Frame:2).
[2016.03.20-11.03.29:123][  4]LogAssetRegistry: Asset discovery search completed in 6.0574 seconds
[2016.03.20-11.03.29:123][  4]LogCollectionManager: Rebuilt the object cache for 0 collections in 0.000000 seconds (found 0 objects)
[2016.03.20-11.03.29:123][  4]LogCollectionManager: Fixed up redirectors for 0 collections in 0.000045 seconds (updated 0 objects)
[2016.03.20-11.03.35:535][344]LogBlueprint:Warning: [compiler Ue4ASP_Character] Warning Input Axis Event references unknown Axis 'LookUp' for  InputAxis LookUp 
[2016.03.20-11.03.35:535][344]LogBlueprint:Warning: [compiler Ue4ASP_Character] Warning Input Axis Event references unknown Axis 'Turn' for  InputAxis Turn 
[2016.03.20-11.03.35:535][344]LogBlueprint:Warning: [compiler Ue4ASP_Character] Warning Input Axis Event references unknown Axis 'MoveRight' for  InputAxis MoveRight 
[2016.03.20-11.03.35:536][344]LogBlueprint:Warning: [compiler Ue4ASP_Character] Warning Input Axis Event references unknown Axis 'MoveForward' for  InputAxis MoveForward 
[2016.03.20-11.03.35:541][344]LogBlueprint:Warning: [compiler Ue4ASP_Character] Warning [0033.23] Compile of Ue4ASP_Character successful, but with 4 Warning(s) [in 13 ms]
[2016.03.20-11.03.35:541][344]LogBlueprint:Warning: [compiler Ue4ASP_Character] Warning [0033.23] Compile of Ue4ASP_Character successful, but with 5 Warning(s) [in 0 ms]
[2016.03.20-11.03.35:541][344]LogBlueprint:Warning: [compiler Ue4ASP_Character] Warning [0033.23] Compile of Ue4ASP_Character successful, but with 6 Warning(s) [in 0 ms]
[2016.03.20-11.03.35:670][344]LogBlueprint:Warning: [compiler Ue4ASP_Character] Warning Input Axis Event references unknown Axis 'LookUp' for  InputAxis LookUp 
[2016.03.20-11.03.35:671][344]LogBlueprint:Warning: [compiler Ue4ASP_Character] Warning Input Axis Event references unknown Axis 'Turn' for  InputAxis Turn 
[2016.03.20-11.03.35:671][344]LogBlueprint:Warning: [compiler Ue4ASP_Character] Warning Input Axis Event references unknown Axis 'MoveRight' for  InputAxis MoveRight 
[2016.03.20-11.03.35:671][344]LogBlueprint:Warning: [compiler Ue4ASP_Character] Warning Input Axis Event references unknown Axis 'MoveForward' for  InputAxis MoveForward 
[2016.03.20-11.03.35:676][344]LogBlueprint:Warning: [compiler Ue4ASP_Character] Warning [0033.37] Compile of Ue4ASP_Character successful, but with 4 Warning(s) [in 12 ms]
[2016.03.20-11.03.35:676][344]LogBlueprint:Warning: [compiler Ue4ASP_Character] Warning [0033.37] Compile of Ue4ASP_Character successful, but with 5 Warning(s) [in 0 ms]
[2016.03.20-11.03.35:678][344]LogBlueprint:Warning: [compiler Ue4ASP_Character] Warning [0033.37] Compile of Ue4ASP_Character successful, but with 6 Warning(s) [in 1 ms]
[2016.03.20-11.03.38:231][344]LogAIModule: Creating AISystem for world MyFirstLevel
[2016.03.20-11.03.38:248][344]LogParticles:Warning: InitializeSystem called on an unregistered component. Template=/Game/Snow.Snow Component=/Game/MyFirstLevel.MyFirstLevel:PersistentLevel.Snow_2.ParticleSystemComponent0
[2016.03.20-11.03.38:250][344]LogParticles:Warning: InitializeSystem called on an unregistered component. Template=/Game/StarterContent/Particles/P_Fire.P_Fire Component=/Game/MyFirstLevel.MyFirstLevel:PersistentLevel.P_Fire_2.ParticleSystemComponent0
[2016.03.20-11.03.38:320][344]Cmd: MAP LOAD FILE="../../../../../../Users/CaptainAmerica/Desktop/Uni/GE_Project/Content/MyFirstLevel.umap" TEMPLATE=0 SHOWPROGRESS=1 FEATURELEVEL=3
[2016.03.20-11.03.38:320][344]LightingResults: New page: Lighting Build
[2016.03.20-11.03.38:356][344]LoadErrors: New page: Loading map: MyFirstLevel.umap
[2016.03.20-11.03.38:358][344]MapCheck: New page: Map Check
[2016.03.20-11.03.38:358][344]LightingResults: New page: Lighting Build
[2016.03.20-11.03.38:381][344]LogParticles: Destroying 0 GPU particle simulations for FXSystem 0x00000165B8B59B20
[2016.03.20-11.03.40:684][344]LogEditorServer: Finished looking for orphan Actors (0.000 secs)
[2016.03.20-11.03.40:802][344]Cmd: MAP CHECKDEP NOCLEARLOG
[2016.03.20-11.03.40:940][344]MapCheck: Info Map check complete: 0 Error(s), 0 Warning(s), took 137.726ms to complete.
[2016.03.20-11.03.40:941][344]LogFileHelpers: Loading map 'MyFirstLevel' took 2.623
[2016.03.20-11.03.41:002][345]Cmd: UpdateLandscapeEditorData -warnings
[2016.03.20-11.03.41:016][345]Cmd: UpdateLandscapeEditorData
[2016.03.20-11.04.34:422][ 10]LogPlayLevel: PlayLevel: No blueprints needed recompiling
[2016.03.20-11.04.34:423][ 10]PIE: New page: PIE session: MyFirstLevel (Mar 20, 2016, 1:04:34 PM)
[2016.03.20-11.04.34:423][ 10]LogPlayLevel: Creating play world package: /Game/UEDPIE_0_MyFirstLevel
[2016.03.20-11.04.34:498][ 10]LogPlayLevel: PIE: StaticDuplicateObject took: (0.075029s)
[2016.03.20-11.04.34:499][ 10]LogAIModule: Creating AISystem for world MyFirstLevel
[2016.03.20-11.04.34:499][ 10]LogPlayLevel: PIE: World Init took: (0.000947s)
[2016.03.20-11.04.34:499][ 10]LogPlayLevel: PIE: Created PIE world by copying editor world from /Game/MyFirstLevel.MyFirstLevel to /Game/UEDPIE_0_MyFirstLevel.MyFirstLevel (0.076317s)
[2016.03.20-11.04.34:499][ 10]LogActorComponent: UnregisterComponent: (/Engine/Transient.CharMoveComp) Not registered. Aborting.
[2016.03.20-11.04.34:523][ 10]LogInit: XAudio2 using 'Lautsprecher (Realtek High Definition Audio)' : 2 channels at 48 kHz using 32 bits per sample (channel mask 0x3)
[2016.03.20-11.04.34:535][ 10]LogInit: FAudioDevice initialized.
[2016.03.20-11.04.34:619][ 10]LogLinker:Warning: Can't find file '/Script/Kinect4Unreal'
[2016.03.20-11.04.34:619][ 10]LogLinker:Warning: Can't find file for asset '/Script/Kinect4Unreal' while loading ../../../../../../Users/CaptainAmerica/Desktop/Uni/GE_Project/Content/BP_Avatar.uasset.
[2016.03.20-11.04.34:619][ 10]LoadErrors:Error: Error /Game/BP_Avatar : Can't find file for asset. /Script/Kinect4Unreal
[2016.03.20-11.04.34:619][ 10]LogLinker:Warning: Can't find file '/Script/Kinect4Unreal'
[2016.03.20-11.04.34:619][ 10]LogLinker:Warning: Can't find file for asset '/Script/Kinect4Unreal' while loading ../../../../../../Users/CaptainAmerica/Desktop/Uni/GE_Project/Content/BP_Avatar.uasset.
[2016.03.20-11.04.34:619][ 10]LogLinker:Warning: Can't find file '/Script/Kinect4Unreal'
[2016.03.20-11.04.34:619][ 10]LogLinker:Warning: Can't find file for asset '/Script/Kinect4Unreal' while loading ../../../../../../Users/CaptainAmerica/Desktop/Uni/GE_Project/Content/BP_Avatar.uasset.
[2016.03.20-11.04.34:620][ 10]LogLinker:Warning: Can't find file '/Script/Kinect4Unreal'
[2016.03.20-11.04.34:620][ 10]LogLinker:Warning: Can't find file for asset '/Script/Kinect4Unreal' while loading ../../../../../../Users/CaptainAmerica/Desktop/Uni/GE_Project/Content/BP_Avatar.uasset.
[2016.03.20-11.04.34:620][ 10]LogLinker:Warning: Can't find file '/Script/Kinect4Unreal'
[2016.03.20-11.04.34:620][ 10]LogLinker:Warning: Can't find file for asset '/Script/Kinect4Unreal' while loading ../../../../../../Users/CaptainAmerica/Desktop/Uni/GE_Project/Content/BP_Avatar.uasset.
[2016.03.20-11.04.34:620][ 10]LogLinker:Warning: Can't find file '/Script/Kinect4Unreal'
[2016.03.20-11.04.34:620][ 10]LogLinker:Warning: Can't find file for asset '/Script/Kinect4Unreal' while loading ../../../../../../Users/CaptainAmerica/Desktop/Uni/GE_Project/Content/BP_Avatar.uasset.
[2016.03.20-11.04.34:620][ 10]LogLinker:Warning: Can't find file '/Script/Kinect4Unreal'
[2016.03.20-11.04.34:620][ 10]LogLinker:Warning: Can't find file for asset '/Script/Kinect4Unreal' while loading ../../../../../../Users/CaptainAmerica/Desktop/Uni/GE_Project/Content/BP_Avatar.uasset.
[2016.03.20-11.04.34:621][ 10]LogLinker:Warning: Can't find file '/Script/Kinect4Unreal'
[2016.03.20-11.04.34:621][ 10]LogLinker:Warning: Can't find file for asset '/Script/Kinect4Unreal' while loading ../../../../../../Users/CaptainAmerica/Desktop/Uni/GE_Project/Content/BP_Avatar.uasset.
[2016.03.20-11.04.34:623][ 10]LogLinker:Warning: Can't find file '/Script/Kinect4Unreal'
[2016.03.20-11.04.34:623][ 10]LoadErrors: Info Failed to load /Script/Kinect4Unreal.EBodyNumber Referenced by CallFunc_GetCenteredBody_CenteredBody
[2016.03.20-11.04.34:623][ 10]LogLinker:Warning: Can't find file for asset '/Script/Kinect4Unreal' while loading ../../../../../../Users/CaptainAmerica/Desktop/Uni/GE_Project/Content/Blueprints/BP_TheBeginningGameMode.uasset.
[2016.03.20-11.04.34:623][ 10]LoadErrors:Error: Error /Game/Blueprints/BP_TheBeginningGameMode : Can't find file for asset. /Script/Kinect4Unreal
[2016.03.20-11.04.34:623][ 10]LogLinker:Warning: Can't find file '/Script/Kinect4Unreal'
[2016.03.20-11.04.34:623][ 10]LoadErrors: Info Failed to load /Script/Kinect4Unreal.EBodyNumber Referenced by CallFunc_GetCenteredBody_CenteredBody2
[2016.03.20-11.04.34:623][ 10]LogLinker:Warning: Can't find file for asset '/Script/Kinect4Unreal' while loading ../../../../../../Users/CaptainAmerica/Desktop/Uni/GE_Project/Content/Blueprints/BP_TheBeginningGameMode.uasset.
[2016.03.20-11.04.34:624][ 10]LogLinker:Warning: Can't find file '/Script/Kinect4Unreal'
[2016.03.20-11.04.34:624][ 10]LoadErrors: Info Failed to load /Script/Kinect4Unreal.EBodyNumber Referenced by CentredBody
[2016.03.20-11.04.34:624][ 10]LogLinker:Warning: Can't find file for asset '/Script/Kinect4Unreal' while loading ../../../../../../Users/CaptainAmerica/Desktop/Uni/GE_Project/Content/Blueprints/BP_TheBeginningGameMode.uasset.
[2016.03.20-11.04.34:624][ 10]LogLinker:Warning: Can't find file '/Script/Kinect4Unreal'
[2016.03.20-11.04.34:624][ 10]LogLinker:Warning: Can't find file for asset '/Script/Kinect4Unreal' while loading ../../../../../../Users/CaptainAmerica/Desktop/Uni/GE_Project/Content/Blueprints/BP_TheBeginningGameMode.uasset.
[2016.03.20-11.04.34:624][ 10]LogLinker:Warning: Can't find file '/Script/Kinect4Unreal'
[2016.03.20-11.04.34:625][ 10]LogLinker:Warning: Can't find file for asset '/Script/Kinect4Unreal' while loading ../../../../../../Users/CaptainAmerica/Desktop/Uni/GE_Project/Content/Blueprints/BP_TheBeginningGameMode.uasset.
[2016.03.20-11.04.34:625][ 10]LogLinker:Warning: Can't find file '/Script/Kinect4Unreal'
[2016.03.20-11.04.34:625][ 10]LogLinker:Warning: Can't find file for asset '/Script/Kinect4Unreal' while loading ../../../../../../Users/CaptainAmerica/Desktop/Uni/GE_Project/Content/Blueprints/BP_TheBeginningGameMode.uasset.
[2016.03.20-11.04.34:625][ 10]LogLinker:Warning: Can't find file '/Script/Kinect4Unreal'
[2016.03.20-11.04.34:625][ 10]LogLinker:Warning: Can't find file for asset '/Script/Kinect4Unreal' while loading ../../../../../../Users/CaptainAmerica/Desktop/Uni/GE_Project/Content/Blueprints/BP_TheBeginningGameMode.uasset.
[2016.03.20-11.04.34:625][ 10]LogLinker:Warning: Can't find file '/Script/Kinect4Unreal'
[2016.03.20-11.04.34:625][ 10]LogLinker:Warning: Can't find file for asset '/Script/Kinect4Unreal' while loading ../../../../../../Users/CaptainAmerica/Desktop/Uni/GE_Project/Content/Blueprints/BP_TheBeginningGameMode.uasset.
[2016.03.20-11.04.34:625][ 10]LogLinker:Warning: Can't find file '/Script/Kinect4Unreal'
[2016.03.20-11.04.34:625][ 10]LogLinker:Warning: Can't find file for asset '/Script/Kinect4Unreal' while loading ../../../../../../Users/CaptainAmerica/Desktop/Uni/GE_Project/Content/Blueprints/BP_TheBeginningGameMode.uasset.
[2016.03.20-11.04.34:625][ 10]LogLinker:Warning: Can't find file '/Script/Kinect4Unreal'
[2016.03.20-11.04.34:625][ 10]LogLinker:Warning: Can't find file for asset '/Script/Kinect4Unreal' while loading ../../../../../../Users/CaptainAmerica/Desktop/Uni/GE_Project/Content/Blueprints/BP_TheBeginningGameMode.uasset.
[2016.03.20-11.04.34:626][ 10]LogLinker:Warning: Can't find file '/Script/Kinect4Unreal'
[2016.03.20-11.04.34:626][ 10]LogLinker:Warning: Can't find file for asset '/Script/Kinect4Unreal' while loading ../../../../../../Users/CaptainAmerica/Desktop/Uni/GE_Project/Content/Blueprints/BP_TheBeginningGameMode.uasset.
[2016.03.20-11.04.34:626][ 10]LogLinker:Warning: Can't find file '/Script/Kinect4Unreal'
[2016.03.20-11.04.34:626][ 10]LogLinker:Warning: Can't find file for asset '/Script/Kinect4Unreal' while loading ../../../../../../Users/CaptainAmerica/Desktop/Uni/GE_Project/Content/Blueprints/BP_TheBeginningGameMode.uasset.
[2016.03.20-11.04.34:627][ 10]LogLinker:Warning: Can't find file '/Script/Kinect4Unreal'
[2016.03.20-11.04.34:627][ 10]LoadErrors: Info Failed to load /Script/Kinect4Unreal.EBodyNumber Referenced by BP_Avatar
[2016.03.20-11.04.34:627][ 10]LogLinker:Warning: Can't find file for asset '/Script/Kinect4Unreal' while loading ../../../../../../Users/CaptainAmerica/Desktop/Uni/GE_Project/Content/Blueprints/BP_TheBeginningGameMode.uasset.
[2016.03.20-11.04.34:631][ 10]LogLinker:Warning: Can't find file '/Script/Kinect4Unreal'
[2016.03.20-11.04.34:631][ 10]LoadErrors: Info Failed to load /Script/Kinect4Unreal.KinectInterfaceComponent Referenced by K2Node_CallFunction_2965
[2016.03.20-11.04.34:631][ 10]LogLinker:Warning: Can't find file for asset '/Script/Kinect4Unreal' while loading ../../../../../../Users/CaptainAmerica/Desktop/Uni/GE_Project/Content/Blueprints/BP_TheBeginningGameMode.uasset.
[2016.03.20-11.04.34:632][ 10]LogLinker:Warning: Can't find file '/Script/Kinect4Unreal'
[2016.03.20-11.04.34:632][ 10]LoadErrors: Info Failed to load /Script/Kinect4Unreal.KinectInterfaceComponent Referenced by EdGraphPin_7224
[2016.03.20-11.04.34:632][ 10]LogLinker:Warning: Can't find file for asset '/Script/Kinect4Unreal' while loading ../../../../../../Users/CaptainAmerica/Desktop/Uni/GE_Project/Content/Blueprints/BP_TheBeginningGameMode.uasset.
[2016.03.20-11.04.34:632][ 10]LogLinker:Warning: Can't find file '/Script/Kinect4Unreal'
[2016.03.20-11.04.34:632][ 10]LoadErrors: Info Failed to load /Script/Kinect4Unreal.EBodyNumber Referenced by EdGraphPin_7225
[2016.03.20-11.04.34:632][ 10]LogLinker:Warning: Can't find file for asset '/Script/Kinect4Unreal' while loading ../../../../../../Users/CaptainAmerica/Desktop/Uni/GE_Project/Content/Blueprints/BP_TheBeginningGameMode.uasset.
[2016.03.20-11.04.34:633][ 10]LogLinker:Warning: Can't find file '/Script/Kinect4Unreal'
[2016.03.20-11.04.34:633][ 10]LoadErrors: Info Failed to load /Script/Kinect4Unreal.KinectInterfaceComponent Referenced by EdGraphPin_6867
[2016.03.20-11.04.34:633][ 10]LogLinker:Warning: Can't find file for asset '/Script/Kinect4Unreal' while loading ../../../../../../Users/CaptainAmerica/Desktop/Uni/GE_Project/Content/Blueprints/BP_TheBeginningGameMode.uasset.
[2016.03.20-11.04.34:633][ 10]LogLinker:Warning: Can't find file '/Script/Kinect4Unreal'
[2016.03.20-11.04.34:633][ 10]LoadErrors: Info Failed to load /Script/Kinect4Unreal.KinectInterfaceComponent Referenced by K2Node_CallFunction_2682
[2016.03.20-11.04.34:633][ 10]LogLinker:Warning: Can't find file for asset '/Script/Kinect4Unreal' while loading ../../../../../../Users/CaptainAmerica/Desktop/Uni/GE_Project/Content/Blueprints/BP_TheBeginningGameMode.uasset.
[2016.03.20-11.04.34:634][ 10]LogLinker:Warning: Can't find file '/Script/Kinect4Unreal'
[2016.03.20-11.04.34:634][ 10]LoadErrors: Info Failed to load /Script/Kinect4Unreal.KinectInterfaceComponent Referenced by EdGraphPin_7243
[2016.03.20-11.04.34:634][ 10]LogLinker:Warning: Can't find file for asset '/Script/Kinect4Unreal' while loading ../../../../../../Users/CaptainAmerica/Desktop/Uni/GE_Project/Content/Blueprints/BP_TheBeginningGameMode.uasset.
[2016.03.20-11.04.34:635][ 10]LogLinker:Warning: Can't find file '/Script/Kinect4Unreal'
[2016.03.20-11.04.34:635][ 10]LoadErrors: Info Failed to load /Script/Kinect4Unreal.EHands Referenced by EdGraphPin_7244
[2016.03.20-11.04.34:635][ 10]LogLinker:Warning: Can't find file for asset '/Script/Kinect4Unreal' while loading ../../../../../../Users/CaptainAmerica/Desktop/Uni/GE_Project/Content/Blueprints/BP_TheBeginningGameMode.uasset.
[2016.03.20-11.04.34:635][ 10]LogLinker:Warning: Can't find file '/Script/Kinect4Unreal'
[2016.03.20-11.04.34:635][ 10]LoadErrors: Info Failed to load /Script/Kinect4Unreal.EBodyNumber Referenced by EdGraphPin_7245
[2016.03.20-11.04.34:635][ 10]LogLinker:Warning: Can't find file for asset '/Script/Kinect4Unreal' while loading ../../../../../../Users/CaptainAmerica/Desktop/Uni/GE_Project/Content/Blueprints/BP_TheBeginningGameMode.uasset.
[2016.03.20-11.04.34:636][ 10]LogLinker:Warning: Can't find file '/Script/Kinect4Unreal'
[2016.03.20-11.04.34:636][ 10]LoadErrors: Info Failed to load /Script/Kinect4Unreal.EHandState Referenced by EdGraphPin_7246
[2016.03.20-11.04.34:636][ 10]LogLinker:Warning: Can't find file for asset '/Script/Kinect4Unreal' while loading ../../../../../../Users/CaptainAmerica/Desktop/Uni/GE_Project/Content/Blueprints/BP_TheBeginningGameMode.uasset.
[2016.03.20-11.04.34:636][ 10]LogLinker:Warning: Can't find file '/Script/Kinect4Unreal'
[2016.03.20-11.04.34:636][ 10]LoadErrors: Info Failed to load /Script/Kinect4Unreal.KinectInterfaceComponent Referenced by EdGraphPin_6963
[2016.03.20-11.04.34:636][ 10]LogLinker:Warning: Can't find file for asset '/Script/Kinect4Unreal' while loading ../../../../../../Users/CaptainAmerica/Desktop/Uni/GE_Project/Content/Blueprints/BP_TheBeginningGameMode.uasset.
[2016.03.20-11.04.34:639][ 10]LogLinker:Warning: Can't find file '/Script/Kinect4Unreal'
[2016.03.20-11.04.34:639][ 10]LoadErrors: Info Failed to load /Script/Kinect4Unreal.KinectInterfaceComponent Referenced by K2Node_CallFunction_2550
[2016.03.20-11.04.34:639][ 10]LogLinker:Warning: Can't find file for asset '/Script/Kinect4Unreal' while loading ../../../../../../Users/CaptainAmerica/Desktop/Uni/GE_Project/Content/Blueprints/BP_TheBeginningGameMode.uasset.
[2016.03.20-11.04.34:640][ 10]LogLinker:Warning: Can't find file '/Script/Kinect4Unreal'
[2016.03.20-11.04.34:640][ 10]LoadErrors: Info Failed to load /Script/Kinect4Unreal.KinectInterfaceComponent Referenced by EdGraphPin_7357
[2016.03.20-11.04.34:640][ 10]LogLinker:Warning: Can't find file for asset '/Script/Kinect4Unreal' while loading ../../../../../../Users/CaptainAmerica/Desktop/Uni/GE_Project/Content/Blueprints/BP_TheBeginningGameMode.uasset.
[2016.03.20-11.04.34:641][ 10]LogLinker:Warning: Can't find file '/Script/Kinect4Unreal'
[2016.03.20-11.04.34:641][ 10]LoadErrors: Info Failed to load /Script/Kinect4Unreal.EHands Referenced by EdGraphPin_7358
[2016.03.20-11.04.34:641][ 10]LogLinker:Warning: Can't find file for asset '/Script/Kinect4Unreal' while loading ../../../../../../Users/CaptainAmerica/Desktop/Uni/GE_Project/Content/Blueprints/BP_TheBeginningGameMode.uasset.
[2016.03.20-11.04.34:641][ 10]LogLinker:Warning: Can't find file '/Script/Kinect4Unreal'
[2016.03.20-11.04.34:641][ 10]LoadErrors: Info Failed to load /Script/Kinect4Unreal.EBodyNumber Referenced by EdGraphPin_7359
[2016.03.20-11.04.34:641][ 10]LogLinker:Warning: Can't find file for asset '/Script/Kinect4Unreal' while loading ../../../../../../Users/CaptainAmerica/Desktop/Uni/GE_Project/Content/Blueprints/BP_TheBeginningGameMode.uasset.
[2016.03.20-11.04.34:642][ 10]LogLinker:Warning: Can't find file '/Script/Kinect4Unreal'
[2016.03.20-11.04.34:642][ 10]LoadErrors: Info Failed to load /Script/Kinect4Unreal.EHandState Referenced by EdGraphPin_7360
[2016.03.20-11.04.34:642][ 10]LogLinker:Warning: Can't find file for asset '/Script/Kinect4Unreal' while loading ../../../../../../Users/CaptainAmerica/Desktop/Uni/GE_Project/Content/Blueprints/BP_TheBeginningGameMode.uasset.
[2016.03.20-11.04.34:642][ 10]LogLinker:Warning: Can't find file '/Script/Kinect4Unreal'
[2016.03.20-11.04.34:642][ 10]LoadErrors: Info Failed to load /Script/Kinect4Unreal.KinectInterfaceComponent Referenced by EdGraphPin_7011
[2016.03.20-11.04.34:642][ 10]LogLinker:Warning: Can't find file for asset '/Script/Kinect4Unreal' while loading ../../../../../../Users/CaptainAmerica/Desktop/Uni/GE_Project/Content/Blueprints/BP_TheBeginningGameMode.uasset.
[2016.03.20-11.04.34:643][ 10]LogLinker:Warning: Can't find file '/Script/Kinect4Unreal'
[2016.03.20-11.04.34:644][ 10]LoadErrors: Info Failed to load /Script/Kinect4Unreal.EBodyNumber Referenced by EdGraphPin_7055
[2016.03.20-11.04.34:644][ 10]LogLinker:Warning: Can't find file for asset '/Script/Kinect4Unreal' while loading ../../../../../../Users/CaptainAmerica/Desktop/Uni/GE_Project/Content/Blueprints/BP_TheBeginningGameMode.uasset.
[2016.03.20-11.04.34:644][ 10]LogLinker:Warning: Can't find file '/Script/Kinect4Unreal'
[2016.03.20-11.04.34:644][ 10]LoadErrors: Info Failed to load /Script/Kinect4Unreal.EBodyNumber Referenced by EdGraphPin_7056
[2016.03.20-11.04.34:644][ 10]LogLinker:Warning: Can't find file for asset '/Script/Kinect4Unreal' while loading ../../../../../../Users/CaptainAmerica/Desktop/Uni/GE_Project/Content/Blueprints/BP_TheBeginningGameMode.uasset.
[2016.03.20-11.04.34:645][ 10]LogLinker:Warning: Can't find file '/Script/Kinect4Unreal'
[2016.03.20-11.04.34:645][ 10]LoadErrors: Info Failed to load /Script/Kinect4Unreal.KinectInterfaceComponent Referenced by EdGraphPin_7068
[2016.03.20-11.04.34:645][ 10]LogLinker:Warning: Can't find file for asset '/Script/Kinect4Unreal' while loading ../../../../../../Users/CaptainAmerica/Desktop/Uni/GE_Project/Content/Blueprints/BP_TheBeginningGameMode.uasset.
[2016.03.20-11.04.34:645][ 10]LogLinker:Warning: Can't find file '/Script/Kinect4Unreal'
[2016.03.20-11.04.34:645][ 10]LoadErrors: Info Failed to load /Script/Kinect4Unreal.KinectInterfaceComponent Referenced by K2Node_CallFunction_3277
[2016.03.20-11.04.34:646][ 10]LogLinker:Warning: Can't find file for asset '/Script/Kinect4Unreal' while loading ../../../../../../Users/CaptainAmerica/Desktop/Uni/GE_Project/Content/Blueprints/BP_TheBeginningGameMode.uasset.
[2016.03.20-11.04.34:646][ 10]LogLinker:Warning: Can't find file '/Script/Kinect4Unreal'
[2016.03.20-11.04.34:646][ 10]LoadErrors: Info Failed to load /Script/Kinect4Unreal.KinectInterfaceComponent Referenced by EdGraphPin_7401
[2016.03.20-11.04.34:646][ 10]LogLinker:Warning: Can't find file for asset '/Script/Kinect4Unreal' while loading ../../../../../../Users/CaptainAmerica/Desktop/Uni/GE_Project/Content/Blueprints/BP_TheBeginningGameMode.uasset.
[2016.03.20-11.04.34:646][ 10]LogLinker:Warning: Can't find file '/Script/Kinect4Unreal'
[2016.03.20-11.04.34:647][ 10]LoadErrors: Info Failed to load /Script/Kinect4Unreal.EBodyNumber Referenced by EdGraphPin_7402
[2016.03.20-11.04.34:647][ 10]LogLinker:Warning: Can't find file for asset '/Script/Kinect4Unreal' while loading ../../../../../../Users/CaptainAmerica/Desktop/Uni/GE_Project/Content/Blueprints/BP_TheBeginningGameMode.uasset.
[2016.03.20-11.04.34:647][ 10]LogLinker:Warning: Can't find file '/Script/Kinect4Unreal'
[2016.03.20-11.04.34:647][ 10]LoadErrors: Info Failed to load /Script/Kinect4Unreal.KinectInterfaceComponent Referenced by K2Node_CallFunction_3567
[2016.03.20-11.04.34:647][ 10]LogLinker:Warning: Can't find file for asset '/Script/Kinect4Unreal' while loading ../../../../../../Users/CaptainAmerica/Desktop/Uni/GE_Project/Content/Blueprints/BP_TheBeginningGameMode.uasset.
[2016.03.20-11.04.34:648][ 10]LogLinker:Warning: Can't find file '/Script/Kinect4Unreal'
[2016.03.20-11.04.34:648][ 10]LoadErrors: Info Failed to load /Script/Kinect4Unreal.KinectInterfaceComponent Referenced by EdGraphPin_7443
[2016.03.20-11.04.34:648][ 10]LogLinker:Warning: Can't find file for asset '/Script/Kinect4Unreal' while loading ../../../../../../Users/CaptainAmerica/Desktop/Uni/GE_Project/Content/Blueprints/BP_TheBeginningGameMode.uasset.
[2016.03.20-11.04.34:649][ 10]LogLinker:Warning: Can't find file '/Script/Kinect4Unreal'
[2016.03.20-11.04.34:649][ 10]LoadErrors: Info Failed to load /Script/Kinect4Unreal.EBodyNumber Referenced by EdGraphPin_7444
[2016.03.20-11.04.34:649][ 10]LogLinker:Warning: Can't find file for asset '/Script/Kinect4Unreal' while loading ../../../../../../Users/CaptainAmerica/Desktop/Uni/GE_Project/Content/Blueprints/BP_TheBeginningGameMode.uasset.
[2016.03.20-11.04.34:649][ 10]LogLinker:Warning: Can't find file '/Script/Kinect4Unreal'
[2016.03.20-11.04.34:650][ 10]LoadErrors: Info Failed to load /Script/Kinect4Unreal.KinectInterfaceComponent Referenced by EdGraphPin_7131
[2016.03.20-11.04.34:650][ 10]LogLinker:Warning: Can't find file for asset '/Script/Kinect4Unreal' while loading ../../../../../../Users/CaptainAmerica/Desktop/Uni/GE_Project/Content/Blueprints/BP_TheBeginningGameMode.uasset.
[2016.03.20-11.04.34:650][ 10]LogLinker:Warning: Can't find file '/Script/Kinect4Unreal'
[2016.03.20-11.04.34:650][ 10]LoadErrors: Info Failed to load /Script/Kinect4Unreal.KinectInterfaceComponent Referenced by K2Node_CallFunction_2904
[2016.03.20-11.04.34:650][ 10]LogLinker:Warning: Can't find file for asset '/Script/Kinect4Unreal' while loading ../../../../../../Users/CaptainAmerica/Desktop/Uni/GE_Project/Content/Blueprints/BP_TheBeginningGameMode.uasset.
[2016.03.20-11.04.34:651][ 10]LogLinker:Warning: Can't find file '/Script/Kinect4Unreal'
[2016.03.20-11.04.34:651][ 10]LoadErrors: Info Failed to load /Script/Kinect4Unreal.KinectInterfaceComponent Referenced by EdGraphPin_27483
[2016.03.20-11.04.34:651][ 10]LogLinker:Warning: Can't find file for asset '/Script/Kinect4Unreal' while loading ../../../../../../Users/CaptainAmerica/Desktop/Uni/GE_Project/Content/Blueprints/BP_TheBeginningGameMode.uasset.
[2016.03.20-11.04.34:652][ 10]LogLinker:Warning: Can't find file '/Script/Kinect4Unreal'
[2016.03.20-11.04.34:652][ 10]LoadErrors: Info Failed to load /Script/Kinect4Unreal.EKinectJoints Referenced by EdGraphPin_27484
[2016.03.20-11.04.34:652][ 10]LogLinker:Warning: Can't find file for asset '/Script/Kinect4Unreal' while loading ../../../../../../Users/CaptainAmerica/Desktop/Uni/GE_Project/Content/Blueprints/BP_TheBeginningGameMode.uasset.
[2016.03.20-11.04.34:652][ 10]LogLinker:Warning: Can't find file '/Script/Kinect4Unreal'
[2016.03.20-11.04.34:652][ 10]LoadErrors: Info Failed to load /Script/Kinect4Unreal.EKinectJoints Referenced by EdGraphPin_27485
[2016.03.20-11.04.34:653][ 10]LogLinker:Warning: Can't find file for asset '/Script/Kinect4Unreal' while loading ../../../../../../Users/CaptainAmerica/Desktop/Uni/GE_Project/Content/Blueprints/BP_TheBeginningGameMode.uasset.
[2016.03.20-11.04.34:653][ 10]LogLinker:Warning: Can't find file '/Script/Kinect4Unreal'
[2016.03.20-11.04.34:654][ 10]LoadErrors: Info Failed to load /Script/Kinect4Unreal.EBodyNumber Referenced by EdGraphPin_27486
[2016.03.20-11.04.34:654][ 10]LogLinker:Warning: Can't find file for asset '/Script/Kinect4Unreal' while loading ../../../../../../Users/CaptainAmerica/Desktop/Uni/GE_Project/Content/Blueprints/BP_TheBeginningGameMode.uasset.
[2016.03.20-11.04.34:654][ 10]LogLinker:Warning: Can't find file '/Script/Kinect4Unreal'
[2016.03.20-11.04.34:654][ 10]LoadErrors: Info Failed to load /Script/Kinect4Unreal.KinectInterfaceComponent Referenced by EdGraphPin_27488
[2016.03.20-11.04.34:654][ 10]LogLinker:Warning: Can't find file for asset '/Script/Kinect4Unreal' while loading ../../../../../../Users/CaptainAmerica/Desktop/Uni/GE_Project/Content/Blueprints/BP_TheBeginningGameMode.uasset.
[2016.03.20-11.04.34:657][ 10]LogLinker:Warning: Can't find file '/Script/Kinect4Unreal'
[2016.03.20-11.04.34:657][ 10]LoadErrors: Info Failed to load /Script/Kinect4Unreal.KinectInterfaceComponent Referenced by K2Node_CallFunction_4457
[2016.03.20-11.04.34:657][ 10]LogLinker:Warning: Can't find file for asset '/Script/Kinect4Unreal' while loading ../../../../../../Users/CaptainAmerica/Desktop/Uni/GE_Project/Content/Blueprints/BP_TheBeginningGameMode.uasset.
[2016.03.20-11.04.34:658][ 10]LogLinker:Warning: Can't find file '/Script/Kinect4Unreal'
[2016.03.20-11.04.34:658][ 10]LoadErrors: Info Failed to load /Script/Kinect4Unreal.KinectInterfaceComponent Referenced by EdGraphPin_29636
[2016.03.20-11.04.34:658][ 10]LogLinker:Warning: Can't find file for asset '/Script/Kinect4Unreal' while loading ../../../../../../Users/CaptainAmerica/Desktop/Uni/GE_Project/Content/Blueprints/BP_TheBeginningGameMode.uasset.
[2016.03.20-11.04.34:659][ 10]LogLinker:Warning: Can't find file '/Script/Kinect4Unreal'
[2016.03.20-11.04.34:659][ 10]LoadErrors: Info Failed to load /Script/Kinect4Unreal.EKinectJoints Referenced by EdGraphPin_29637
[2016.03.20-11.04.34:659][ 10]LogLinker:Warning: Can't find file for asset '/Script/Kinect4Unreal' while loading ../../../../../../Users/CaptainAmerica/Desktop/Uni/GE_Project/Content/Blueprints/BP_TheBeginningGameMode.uasset.
[2016.03.20-11.04.34:659][ 10]LogLinker:Warning: Can't find file '/Script/Kinect4Unreal'
[2016.03.20-11.04.34:659][ 10]LoadErrors: Info Failed to load /Script/Kinect4Unreal.EKinectJoints Referenced by EdGraphPin_29638
[2016.03.20-11.04.34:660][ 10]LogLinker:Warning: Can't find file for asset '/Script/Kinect4Unreal' while loading ../../../../../../Users/CaptainAmerica/Desktop/Uni/GE_Project/Content/Blueprints/BP_TheBeginningGameMode.uasset.
[2016.03.20-11.04.34:660][ 10]LogLinker:Warning: Can't find file '/Script/Kinect4Unreal'
[2016.03.20-11.04.34:660][ 10]LoadErrors: Info Failed to load /Script/Kinect4Unreal.EBodyNumber Referenced by EdGraphPin_29639
[2016.03.20-11.04.34:660][ 10]LogLinker:Warning: Can't find file for asset '/Script/Kinect4Unreal' while loading ../../../../../../Users/CaptainAmerica/Desktop/Uni/GE_Project/Content/Blueprints/BP_TheBeginningGameMode.uasset.
[2016.03.20-11.04.34:661][ 10]LogLinker:Warning: Can't find file '/Script/Kinect4Unreal'
[2016.03.20-11.04.34:661][ 10]LoadErrors: Info Failed to load /Script/Kinect4Unreal.KinectInterfaceComponent Referenced by EdGraphPin_29641
[2016.03.20-11.04.34:661][ 10]LogLinker:Warning: Can't find file for asset '/Script/Kinect4Unreal' while loading ../../../../../../Users/CaptainAmerica/Desktop/Uni/GE_Project/Content/Blueprints/BP_TheBeginningGameMode.uasset.
[2016.03.20-11.04.34:663][ 10]LogLinker:Warning: Can't find file '/Script/Kinect4Unreal'
[2016.03.20-11.04.34:663][ 10]LoadErrors: Info Failed to load /Script/Kinect4Unreal.KinectInterfaceComponent Referenced by K2Node_CallFunction_5290
[2016.03.20-11.04.34:663][ 10]LogLinker:Warning: Can't find file for asset '/Script/Kinect4Unreal' while loading ../../../../../../Users/CaptainAmerica/Desktop/Uni/GE_Project/Content/Blueprints/BP_TheBeginningGameMode.uasset.
[2016.03.20-11.04.34:664][ 10]LogLinker:Warning: Can't find file '/Script/Kinect4Unreal'
[2016.03.20-11.04.34:664][ 10]LoadErrors: Info Failed to load /Script/Kinect4Unreal.KinectInterfaceComponent Referenced by EdGraphPin_31041
[2016.03.20-11.04.34:664][ 10]LogLinker:Warning: Can't find file for asset '/Script/Kinect4Unreal' while loading ../../../../../../Users/CaptainAmerica/Desktop/Uni/GE_Project/Content/Blueprints/BP_TheBeginningGameMode.uasset.
[2016.03.20-11.04.34:665][ 10]LogLinker:Warning: Can't find file '/Script/Kinect4Unreal'
[2016.03.20-11.04.34:665][ 10]LoadErrors: Info Failed to load /Script/Kinect4Unreal.EKinectJoints Referenced by EdGraphPin_31042
[2016.03.20-11.04.34:665][ 10]LogLinker:Warning: Can't find file for asset '/Script/Kinect4Unreal' while loading ../../../../../../Users/CaptainAmerica/Desktop/Uni/GE_Project/Content/Blueprints/BP_TheBeginningGameMode.uasset.
[2016.03.20-11.04.34:665][ 10]LogLinker:Warning: Can't find file '/Script/Kinect4Unreal'
[2016.03.20-11.04.34:665][ 10]LoadErrors: Info Failed to load /Script/Kinect4Unreal.EBodyNumber Referenced by EdGraphPin_31043
[2016.03.20-11.04.34:665][ 10]LogLinker:Warning: Can't find file for asset '/Script/Kinect4Unreal' while loading ../../../../../../Users/CaptainAmerica/Desktop/Uni/GE_Project/Content/Blueprints/BP_TheBeginningGameMode.uasset.
[2016.03.20-11.04.34:666][ 10]LogLinker:Warning: Can't find file '/Script/Kinect4Unreal'
[2016.03.20-11.04.34:666][ 10]LoadErrors: Info Failed to load /Script/Kinect4Unreal.KinectInterfaceComponent Referenced by EdGraphPin_31045
[2016.03.20-11.04.34:666][ 10]LogLinker:Warning: Can't find file for asset '/Script/Kinect4Unreal' while loading ../../../../../../Users/CaptainAmerica/Desktop/Uni/GE_Project/Content/Blueprints/BP_TheBeginningGameMode.uasset.
[2016.03.20-11.04.34:667][ 10]LogLinker:Warning: Can't find file '/Script/Kinect4Unreal'
[2016.03.20-11.04.34:667][ 10]LogLinker:Warning: Can't find file for asset '/Script/Kinect4Unreal' while loading ../../../../../../Users/CaptainAmerica/Desktop/Uni/GE_Project/Content/Blueprints/BP_TheBeginningGameMode.uasset.
[2016.03.20-11.04.34:667][ 10]LogLinker:Warning: Can't find file '/Script/Kinect4Unreal'
[2016.03.20-11.04.34:667][ 10]LoadErrors: Info Failed to load /Script/Kinect4Unreal.KinectInterfaceComponent Referenced by SCS_Node_1
[2016.03.20-11.04.34:667][ 10]LogLinker:Warning: Can't find file for asset '/Script/Kinect4Unreal' while loading ../../../../../../Users/CaptainAmerica/Desktop/Uni/GE_Project/Content/Blueprints/BP_TheBeginningGameMode.uasset.
[2016.03.20-11.04.34:679][ 10]LogBlueprint:Warning: [BP_Avatar] CreatePinForVariable: 'KinectInterface' variable not found. Base class was probably changed.
[2016.03.20-11.04.34:679][ 10]LogBlueprint:Warning: [BP_Avatar] CreatePinForVariable: 'KinectInterface' variable not found. Base class was probably changed.
[2016.03.20-11.04.34:680][ 10]LogBlueprint:Warning: [BP_Avatar] CreatePinForVariable: 'KinectInterface' variable not found. Base class was probably changed.
[2016.03.20-11.04.34:681][ 10]LogBlueprint:Warning: [BP_Avatar] CreatePinForVariable: 'KinectInterface' variable not found. Base class was probably changed.
[2016.03.20-11.04.34:682][ 10]LogBlueprint:Warning: [BP_Avatar] CreatePinForVariable: 'KinectInterface' variable not found. Base class was probably changed.
[2016.03.20-11.04.34:683][ 10]LogBlueprint:Warning: [BP_Avatar] CreatePinForVariable: 'KinectInterface' variable not found. Base class was probably changed.
[2016.03.20-11.04.34:683][ 10]LogBlueprint:Warning: [BP_Avatar] CreatePinForVariable: 'KinectInterface' variable not found. Base class was probably changed.
[2016.03.20-11.04.34:683][ 10]LogBlueprint:Warning: [BP_Avatar] CreatePinForVariable: 'KinectInterface' variable not found. Base class was probably changed.
[2016.03.20-11.04.34:701][ 10]LogBlueprint:Warning: [compiler BP_Avatar] Warning Could not find a variable named "KinectInterface" in 'BP_Avatar_C'.
Make sure 'BP_Avatar_C' has been compiled for  Get KinectInterface 
[2016.03.20-11.04.34:701][ 10]LogBlueprint:Error: [compiler BP_Avatar] Error Could not find a function named "GetJointAbsolutePosition" in 'BP_Avatar'.
Make sure 'BP_Avatar' has been compiled for  Get Joint Absolute Position 
[2016.03.20-11.04.34:701][ 10]LogBlueprint:Warning: [compiler BP_Avatar] Warning Could not find a variable named "KinectInterface" in 'BP_Avatar_C'.
Make sure 'BP_Avatar_C' has been compiled for  Get KinectInterface 
[2016.03.20-11.04.34:701][ 10]LogBlueprint:Error: [compiler BP_Avatar] Error Could not find a function named "GetDistanceBetweenJoints" in 'BP_Avatar'.
Make sure 'BP_Avatar' has been compiled for  Get Distance Between Joints 
[2016.03.20-11.04.34:702][ 10]LogBlueprint:Warning: [compiler BP_Avatar] Warning Could not find a variable named "KinectInterface" in 'BP_Avatar_C'.
Make sure 'BP_Avatar_C' has been compiled for  Get KinectInterface 
[2016.03.20-11.04.34:702][ 10]LogBlueprint:Error: [compiler BP_Avatar] Error Could not find a function named "GetDistanceBetweenJoints" in 'BP_Avatar'.
Make sure 'BP_Avatar' has been compiled for  Get Distance Between Joints 
[2016.03.20-11.04.34:702][ 10]LogBlueprint:Warning: [compiler BP_Avatar] Warning Could not find a variable named "KinectInterface" in 'BP_Avatar_C'.
Make sure 'BP_Avatar_C' has been compiled for  Get KinectInterface 
[2016.03.20-11.04.34:702][ 10]LogBlueprint:Error: [compiler BP_Avatar] Error Could not find a function named "GetCenteredBody" in 'BP_Avatar'.
Make sure 'BP_Avatar' has been compiled for  Get Centered Body 
[2016.03.20-11.04.34:702][ 10]LogBlueprint:Error: [compiler BP_Avatar] Error Could not find a function named "GetCenteredBody" in 'BP_Avatar'.
Make sure 'BP_Avatar' has been compiled for  Get Centered Body 
[2016.03.20-11.04.34:702][ 10]LogBlueprint:Warning: [compiler BP_Avatar] Warning Could not find a variable named "KinectInterface" in 'BP_Avatar_C'.
Make sure 'BP_Avatar_C' has been compiled for  Get KinectInterface 
[2016.03.20-11.04.34:703][ 10]LogBlueprint:Warning: [compiler BP_Avatar] Warning Could not find a variable named "KinectInterface" in 'BP_Avatar_C'.
Make sure 'BP_Avatar_C' has been compiled for  Get KinectInterface 
[2016.03.20-11.04.34:703][ 10]LogBlueprint:Error: [compiler BP_Avatar] Error Could not find a function named "GetHandStateAsExecution" in 'BP_Avatar'.
Make sure 'BP_Avatar' has been compiled for  Get Hand State as Execution 
[2016.03.20-11.04.34:703][ 10]LogBlueprint:Warning: [compiler BP_Avatar] Warning Could not find a variable named "KinectInterface" in 'BP_Avatar_C'.
Make sure 'BP_Avatar_C' has been compiled for  Get KinectInterface 
[2016.03.20-11.04.34:703][ 10]LogBlueprint:Error: [compiler BP_Avatar] Error Could not find a function named "GetHandStateAsExecution" in 'BP_Avatar'.
Make sure 'BP_Avatar' has been compiled for  Get Hand State as Execution 
[2016.03.20-11.04.34:703][ 10]LogBlueprint:Warning: [compiler BP_Avatar] Warning Could not find a variable named "KinectInterface" in 'BP_Avatar_C'.
Make sure 'BP_Avatar_C' has been compiled for  Get KinectInterface 
[2016.03.20-11.04.34:703][ 10]LogBlueprint:Error: [compiler BP_Avatar] Error Could not find a function named "GetCenteredBody" in 'BP_Avatar'.
Make sure 'BP_Avatar' has been compiled for  Get Centered Body 
[2016.03.20-11.04.34:704][ 10]LogBlueprint:Error: [compiler BP_Avatar] Error The property associated with  Kinect Interface  could not be found
[2016.03.20-11.04.34:705][ 10]LogBlueprint:Error: [compiler BP_Avatar] Error The current value (AnkleRight) of the ' Joint Type ' pin is invalid: Expected a valid unsigned number for a byte property
[2016.03.20-11.04.34:705][ 10]LogBlueprint:Error: [compiler BP_Avatar] Error The current value (Body0) of the ' Body Number ' pin is invalid: Expected a valid unsigned number for a byte property
[2016.03.20-11.04.34:705][ 10]LogBlueprint:Error: [compiler BP_Avatar] Error The property associated with  Kinect Interface  could not be found
[2016.03.20-11.04.34:705][ 10]LogBlueprint:Error: [compiler BP_Avatar] Error The property associated with  Kinect Interface  could not be found
[2016.03.20-11.04.34:716][ 10]LogBlueprint:Warning: [compiler BP_Avatar] Warning [0092.41] Compile of BP_Avatar failed. 13 Fatal Issue(s) 8 Warning(s) [in 30 ms]
[2016.03.20-11.04.34:716][ 10]LogBlueprint:Warning: [compiler BP_Avatar] Warning [0092.41] Compile of BP_Avatar failed. 13 Fatal Issue(s) 9 Warning(s) [in 0 ms]
[2016.03.20-11.04.34:716][ 10]LogBlueprint:Warning: [compiler BP_Avatar] Warning [0092.41] Compile of BP_Avatar failed. 13 Fatal Issue(s) 10 Warning(s) [in 0 ms]
[2016.03.20-11.04.34:719][ 10]LogLinker:Warning: Can't find file '/Script/Kinect4Unreal'
[2016.03.20-11.04.34:719][ 10]LogLinker:Warning: Can't find file for asset '/Script/Kinect4Unreal' while loading ../../../../../../Users/CaptainAmerica/Desktop/Uni/GE_Project/Content/Blueprints/BP_TheBeginningGameMode.uasset.
[2016.03.20-11.04.34:719][ 10]LogLinker:Warning: Can't find file '/Script/Kinect4Unreal'
[2016.03.20-11.04.34:719][ 10]LogLinker:Warning: Can't find file for asset '/Script/Kinect4Unreal' while loading ../../../../../../Users/CaptainAmerica/Desktop/Uni/GE_Project/Content/Blueprints/BP_TheBeginningGameMode.uasset.
[2016.03.20-11.04.34:746][ 10]LogWorld: Game class is 'BP_TheBeginningGameMode_C'
[2016.03.20-11.04.34:860][ 10]LogWorld: Bringing World /Game/UEDPIE_0_MyFirstLevel.MyFirstLevel up for play (max tick rate 60) at 2016.03.20-12.04.34
[2016.03.20-11.04.34:860][ 10]LogActor:Warning: GameSession /Game/UEDPIE_0_MyFirstLevel.MyFirstLevel:PersistentLevel.GameSession_0 has natively added scene component(s), but none of them were set as the actor's RootComponent - picking one arbitrarily
[2016.03.20-11.04.34:860][ 10]LogActor:Warning: GameNetworkManager /Game/UEDPIE_0_MyFirstLevel.MyFirstLevel:PersistentLevel.GameNetworkManager_0 has natively added scene component(s), but none of them were set as the actor's RootComponent - picking one arbitrarily
[2016.03.20-11.04.34:868][ 10]LogWorld: Bringing up level for play took: 0.118511
[2016.03.20-11.04.34:872][ 10]PIE: Info Play in editor start time for /Game/UEDPIE_0_MyFirstLevel 1.037
[2016.03.20-11.04.40:112][315]LogActorComponent: UnregisterComponent: (/Engine/Transient.CharMoveComp) Not registered. Aborting.
[2016.03.20-11.04.40:136][315]LogParticles: Destroying 0 GPU particle simulations for FXSystem 0x00000165CD2F9BC0
[2016.03.20-11.04.47:542][737]LogLinker:Warning: Asset '../../../Engine/Content/ArtTools/RenderToTexture/Macros/RenderToTextureMacros.uasset' has been saved with empty engine version. The asset will be loaded but may be incompatible.
[2016.03.20-11.04.48:421][737]LogContentBrowser: Native class hierarchy updated for 'BlueprintGraph' in 0.0025 seconds. Added 107 classes and 0 folders.
[2016.03.20-11.05.07:828][680]LogActorComponent: UnregisterComponent: (/Engine/Transient.CharMoveComp) Not registered. Aborting.
[2016.03.20-11.05.07:828][680]LogActorComponent: UnregisterComponent: (/Engine/Transient.CharacterMovementComponent_0) Not registered. Aborting.
[2016.03.20-11.05.11:451][792]BlueprintLog: New page: Compile BP_Avatar
[2016.03.20-11.05.11:531][792]LogActorComponent: UnregisterComponent: (/Engine/Transient.CharacterMovementComponent_1) Not registered. Aborting.
[2016.03.20-11.05.11:581][792]BlueprintEditorCompileResults: Info [0129.27] Compile of BP_Avatar successful! [in 129 ms]
[2016.03.20-11.05.23:178][487]LogEditorTransaction: Undo Delete current selection
[2016.03.20-11.05.23:205][487]LogActorComponent: UnregisterComponent: (/Engine/Transient.CharMoveComp) Not registered. Aborting.
[2016.03.20-11.05.28:456][639]LogActorComponent: UnregisterComponent: (/Engine/Transient.CharacterMovementComponent_2) Not registered. Aborting.
[2016.03.20-11.05.28:456][639]LogActorComponent: UnregisterComponent: (/Engine/Transient.CharacterMovementComponent_3) Not registered. Aborting.
[2016.03.20-11.05.30:487][639]LogWindowsTextInputMethodSystem:Display: IME system now deactivated.
[2016.03.20-11.05.30:866][640]Cmd: QUIT_EDITOR
[2016.03.20-11.05.31:851][640]LogExit: Preparing to exit.
[2016.03.20-11.05.32:989][640]LogExit: Editor shut down
[2016.03.20-11.05.32:989][640]LogExit: Transaction tracking system shut down
[2016.03.20-11.05.32:992][640]LogParticles: Destroying 0 GPU particle simulations for FXSystem 0x00000165EAF0AF20
[2016.03.20-11.05.32:992][640]LogParticles: Destroying 0 GPU particle simulations for FXSystem 0x00000165EAF0B4C0
[2016.03.20-11.05.32:992][640]LogParticles: Destroying 0 GPU particle simulations for FXSystem 0x00000165D12F9D00
[2016.03.20-11.05.33:001][640]LogParticles: Destroying 0 GPU particle simulations for FXSystem 0x00000165D13F5260
[2016.03.20-11.05.33:003][640]LogParticles: Destroying 0 GPU particle simulations for FXSystem 0x00000165DF4865C0
[2016.03.20-11.05.33:008][640]LogParticles: Destroying 0 GPU particle simulations for FXSystem 0x00000165D1172E80
[2016.03.20-11.05.33:318][640]LogExit: Object subsystem successfully closed.
[2016.03.20-11.05.33:353][640]LogD3D11RHI: Shutdown
[2016.03.20-11.05.33:353][640]LogD3D11RHI: CleanupD3DDevice
[2016.03.20-11.05.33:496][640]LogD3D11RHI: ~FD3D11DynamicRHI
[2016.03.20-11.05.33:525][640]LogModuleManager: Shutting down and abandoning module BlueprintGraph (199)
[2016.03.20-11.05.33:525][640]LogModuleManager: Shutting down and abandoning module CrashTracker (198)
[2016.03.20-11.05.33:525][640]LogModuleManager: Shutting down and abandoning module SceneOutliner (197)
[2016.03.20-11.05.33:525][640]LogModuleManager: Shutting down and abandoning module SuperSearch (196)
[2016.03.20-11.05.33:525][640]LogModuleManager: Shutting down and abandoning module WidgetCarousel (195)
[2016.03.20-11.05.33:525][640]LogModuleManager: Shutting down and abandoning module AddContentDialog (194)
[2016.03.20-11.05.33:526][640]LogModuleManager: Shutting down and abandoning module EditorWidgets (193)
[2016.03.20-11.05.33:526][640]LogModuleManager: Shutting down and abandoning module CollectionManager (192)
[2016.03.20-11.05.33:527][640]LogModuleManager: Shutting down and abandoning module StatsViewer (191)
[2016.03.20-11.05.33:527][640]LogModuleManager: Shutting down and abandoning module FoliageEdit (190)
[2016.03.20-11.05.33:527][640]LogModuleManager: Shutting down and abandoning module LandscapeEditor (189)
[2016.03.20-11.05.33:527][640]LogModuleManager: Shutting down and abandoning module ActorPickerMode (188)
[2016.03.20-11.05.33:527][640]LogModuleManager: Shutting down and abandoning module GeometryMode (187)
[2016.03.20-11.05.33:527][640]LogModuleManager: Shutting down and abandoning module TextureAlignMode (186)
[2016.03.20-11.05.33:527][640]LogModuleManager: Shutting down and abandoning module BspMode (185)
[2016.03.20-11.05.33:527][640]LogModuleManager: Shutting down and abandoning module PlacementMode (184)
[2016.03.20-11.05.33:527][640]LogModuleManager: Shutting down and abandoning module AutomationWorker (183)
[2016.03.20-11.05.33:527][640]LogModuleManager: Shutting down and abandoning module CharacterAI (182)
[2016.03.20-11.05.33:527][640]LogModuleManager: Shutting down and abandoning module SmartSnapping (181)
[2016.03.20-11.05.33:527][640]LogModuleManager: Shutting down and abandoning module ViewportSnapping (180)
[2016.03.20-11.05.33:527][640]LogModuleManager: Shutting down and abandoning module LogVisualizer (179)
[2016.03.20-11.05.33:527][640]LogModuleManager: Shutting down and abandoning module GameProjectGeneration (178)
[2016.03.20-11.05.33:527][640]LogModuleManager: Shutting down and abandoning module IntroTutorials (177)
[2016.03.20-11.05.33:528][640]LogModuleManager: Shutting down and abandoning module EditorLiveStreaming (176)
[2016.03.20-11.05.33:528][640]LogModuleManager: Shutting down and abandoning module IOSPlatformEditor (175)
[2016.03.20-11.05.33:528][640]LogModuleManager: Shutting down and abandoning module HTML5PlatformEditor (174)
[2016.03.20-11.05.33:528][640]LogModuleManager: Shutting down and abandoning module AndroidDeviceDetection (173)
[2016.03.20-11.05.33:561][640]LogModuleManager: Shutting down and abandoning module AndroidPlatformEditor (172)
[2016.03.20-11.05.33:561][640]LogModuleManager: Shutting down and abandoning module IOSRuntimeSettings (171)
[2016.03.20-11.05.33:561][640]LogModuleManager: Shutting down and abandoning module AndroidRuntimeSettings (170)
[2016.03.20-11.05.33:561][640]LogModuleManager: Shutting down and abandoning module MergeActors (169)
[2016.03.20-11.05.33:561][640]LogModuleManager: Shutting down and abandoning module SizeMap (168)
[2016.03.20-11.05.33:561][640]LogModuleManager: Shutting down and abandoning module TreeMap (167)
[2016.03.20-11.05.33:561][640]LogModuleManager: Shutting down and abandoning module ReferenceViewer (166)
[2016.03.20-11.05.33:561][640]LogModuleManager: Shutting down and abandoning module LocalizationService (165)
[2016.03.20-11.05.33:561][640]LogModuleManager: Shutting down and abandoning module LocalizationDashboard (164)
[2016.03.20-11.05.33:561][640]LogModuleManager: Shutting down and abandoning module HardwareTargeting (163)
[2016.03.20-11.05.33:561][640]LogModuleManager: Shutting down and abandoning module DeviceProfileEditor (162)
[2016.03.20-11.05.33:561][640]LogModuleManager: Shutting down and abandoning module UndoHistory (161)
[2016.03.20-11.05.33:561][640]LogModuleManager: Shutting down and abandoning module GameplayTagsEditor (160)
[2016.03.20-11.05.33:561][640]LogModuleManager: Shutting down and abandoning module UserFeedback (159)
[2016.03.20-11.05.33:561][640]LogModuleManager: Shutting down and abandoning module XmlParser (158)
[2016.03.20-11.05.33:561][640]LogModuleManager: Shutting down and abandoning module Blutility (157)
[2016.03.20-11.05.33:561][640]LogModuleManager: Shutting down and abandoning module ProjectTargetPlatformEditor (156)
[2016.03.20-11.05.33:562][640]LogModuleManager: Shutting down and abandoning module ProjectSettingsViewer (155)
[2016.03.20-11.05.33:562][640]LogModuleManager: Shutting down and abandoning module InputBindingEditor (154)
[2016.03.20-11.05.33:562][640]LogModuleManager: Shutting down and abandoning module EditorSettingsViewer (153)
[2016.03.20-11.05.33:562][640]LogModuleManager: Shutting down and abandoning module SettingsEditor (152)
[2016.03.20-11.05.33:562][640]LogModuleManager: Shutting down and abandoning module ProjectLauncher (151)
[2016.03.20-11.05.33:562][640]LogModuleManager: Shutting down and abandoning module SessionFrontend (150)
[2016.03.20-11.05.33:562][640]LogModuleManager: Shutting down and abandoning module ProfilerClient (149)
[2016.03.20-11.05.33:562][640]LogModuleManager: Shutting down and abandoning module TargetDeviceServices (148)
[2016.03.20-11.05.33:562][640]LogModuleManager: Shutting down and abandoning module DeviceManager (147)
[2016.03.20-11.05.33:562][640]LogModuleManager: Shutting down and abandoning module AutomationController (146)
[2016.03.20-11.05.33:562][640]LogModuleManager: Shutting down and abandoning module AutomationWindow (145)
[2016.03.20-11.05.33:562][640]LogModuleManager: Shutting down and abandoning module Layers (144)
[2016.03.20-11.05.33:562][640]LogModuleManager: Shutting down and abandoning module ComponentVisualizers (143)
[2016.03.20-11.05.33:562][640]LogModuleManager: Shutting down and abandoning module DetailCustomizations (142)
[2016.03.20-11.05.33:562][640]LogModuleManager: Shutting down and abandoning module PackagesDialog (141)
[2016.03.20-11.05.33:563][640]LogModuleManager: Shutting down and abandoning module Persona (140)
[2016.03.20-11.05.33:563][640]LogModuleManager: Shutting down and abandoning module Kismet (139)
[2016.03.20-11.05.33:563][640]LogModuleManager: Shutting down and abandoning module GraphEditor (138)
[2016.03.20-11.05.33:563][640]LogModuleManager: Shutting down and abandoning module ClassViewer (137)
[2016.03.20-11.05.33:563][640]LogModuleManager: Shutting down and abandoning module Toolbox (136)
[2016.03.20-11.05.33:563][640]LogModuleManager: Shutting down and abandoning module ModuleUI (135)
[2016.03.20-11.05.33:563][640]LogModuleManager: Shutting down and abandoning module MovieSceneTools (134)
[2016.03.20-11.05.33:563][640]LogModuleManager: Shutting down and abandoning module OutputLog (133)
[2016.03.20-11.05.33:563][640]LogModuleManager: Shutting down and abandoning module GammaUI (132)
[2016.03.20-11.05.33:563][640]LogModuleManager: Shutting down and abandoning module Documentation (131)
[2016.03.20-11.05.33:563][640]LogModuleManager: Shutting down and abandoning module GameLiveStreaming (130)
[2016.03.20-11.05.33:563][640]LogModuleManager: Shutting down and abandoning module StreamingPauseRendering (129)
[2016.03.20-11.05.33:563][640]LogModuleManager: Shutting down and abandoning module AnalyticsET (128)
[2016.03.20-11.05.33:563][640]LogModuleManager: Shutting down and abandoning module Analytics (127)
[2016.03.20-11.05.33:563][640]LogModuleManager: Shutting down and abandoning module AITestSuite (126)
[2016.03.20-11.05.33:563][640]LogModuleManager: Shutting down and abandoning module GameplayDebugger (125)
[2016.03.20-11.05.33:563][640]LogModuleManager: Shutting down and abandoning module AIModule (124)
[2016.03.20-11.05.33:563][640]LogModuleManager: Shutting down and abandoning module ProfilerService (123)
[2016.03.20-11.05.33:689][640]LogModuleManager: Shutting down and abandoning module TaskGraph (122)
[2016.03.20-11.05.33:689][640]LogModuleManager: Shutting down and abandoning module SlateRemote (121)
[2016.03.20-11.05.33:689][640]LogModuleManager: Shutting down and abandoning module SteamVRController (120)
[2016.03.20-11.05.33:689][640]LogModuleManager: Shutting down and abandoning module SteamVR (119)
[2016.03.20-11.05.33:689][640]LogModuleManager: Shutting down and abandoning module ProceduralMeshComponent (118)
[2016.03.20-11.05.33:689][640]LogModuleManager: Shutting down and abandoning module OculusRift (117)
[2016.03.20-11.05.33:689][640]LogModuleManager: Shutting down and abandoning module OculusLibrary (116)
[2016.03.20-11.05.33:689][640]LogModuleManager: Shutting down and abandoning module LeapMotionController (115)
[2016.03.20-11.05.33:706][640]LogModuleManager: Shutting down and abandoning module CustomMeshComponent (114)
[2016.03.20-11.05.33:706][640]LogModuleManager: Shutting down and abandoning module CableComponent (113)
[2016.03.20-11.05.33:706][640]LogModuleManager: Shutting down and abandoning module ArchVisCharacter (112)
[2016.03.20-11.05.33:706][640]LogModuleManager: Shutting down and abandoning module MessagingDebugger (111)
[2016.03.20-11.05.33:706][640]LogModuleManager: Shutting down and abandoning module MediaPlayerEditor (110)
[2016.03.20-11.05.33:706][640]LogModuleManager: Shutting down and abandoning module HTML5Networking (109)
[2016.03.20-11.05.33:706][640]LogModuleManager: Shutting down and abandoning module SpeedTreeImporter (108)
[2016.03.20-11.05.33:706][640]LogModuleManager: Shutting down and abandoning module PluginBrowser (107)
[2016.03.20-11.05.33:706][640]LogModuleManager: Shutting down and abandoning module EpicSurvey (106)
[2016.03.20-11.05.33:706][640]LogModuleManager: Shutting down and abandoning module DesktopPlatform (105)
[2016.03.20-11.05.33:706][640]LogModuleManager: Shutting down and abandoning module VisualStudioSourceCodeAccess (104)
[2016.03.20-11.05.33:706][640]LogModuleManager: Shutting down and abandoning module UObjectPlugin (103)
[2016.03.20-11.05.33:706][640]LogModuleManager: Shutting down and abandoning module SubversionSourceControl (102)
[2016.03.20-11.05.33:706][640]LogModuleManager: Shutting down and abandoning module PerforceSourceControl (101)
[2016.03.20-11.05.33:706][640]LogModuleManager: Shutting down and abandoning module SourceControl (100)
[2016.03.20-11.05.33:706][640]LogModuleManager: Shutting down and abandoning module GitSourceControl (99)
[2016.03.20-11.05.33:706][640]LogModuleManager: Shutting down and abandoning module LightPropagationVolumeEditor (98)
[2016.03.20-11.05.33:706][640]LogModuleManager: Shutting down and abandoning module PaperTiledImporter (97)
[2016.03.20-11.05.33:706][640]LogModuleManager: Shutting down and abandoning module PaperSpriteSheetImporter (96)
[2016.03.20-11.05.33:706][640]LogModuleManager: Shutting down and abandoning module MeshPaint (95)
[2016.03.20-11.05.33:706][640]LogModuleManager: Shutting down and abandoning module SlateReflector (94)
[2016.03.20-11.05.33:707][640]LogModuleManager: Shutting down and abandoning module HotReload (93)
[2016.03.20-11.05.33:707][640]LogModuleManager: Shutting down and abandoning module MainFrame (92)
[2016.03.20-11.05.33:707][640]LogModuleManager: Shutting down and abandoning module LevelEditor (91)
[2016.03.20-11.05.33:708][640]LogModuleManager: Shutting down and abandoning module DirectoryWatcher (90)
[2016.03.20-11.05.33:709][640]LogModuleManager: Shutting down and abandoning module AssetRegistry (89)
[2016.03.20-11.05.33:819][640]LogModuleManager: Shutting down and abandoning module ContentBrowser (88)
[2016.03.20-11.05.33:820][640]LogModuleManager: Shutting down and abandoning module Paper2DEditor (87)
[2016.03.20-11.05.33:820][640]LogModuleManager: Shutting down and abandoning module TheBeginning (86)
[2016.03.20-11.05.33:820][640]LogModuleManager: Shutting down and abandoning module UdpMessaging (85)
[2016.03.20-11.05.33:920][640]LogModuleManager: Shutting down and abandoning module LightPropagationVolumeRuntime (84)
[2016.03.20-11.05.33:920][640]LogModuleManager: Shutting down and abandoning module Paper2D (83)
[2016.03.20-11.05.33:920][640]LogModuleManager: Shutting down and abandoning module WindowsMoviePlayer (82)
[2016.03.20-11.05.33:925][640]LogModuleManager: Shutting down and abandoning module Media (81)
[2016.03.20-11.05.33:925][640]LogModuleManager: Shutting down and abandoning module WmfMedia (80)
[2016.03.20-11.05.33:926][640]LogModuleManager: Shutting down and abandoning module OnlineBlueprintSupport (79)
[2016.03.20-11.05.33:926][640]LogModuleManager: Shutting down and abandoning module GameplayTasksEditor (78)
[2016.03.20-11.05.33:926][640]LogModuleManager: Shutting down and abandoning module PropertyEditor (77)
[2016.03.20-11.05.33:926][640]LogModuleManager: Shutting down and abandoning module BehaviorTreeEditor (76)
[2016.03.20-11.05.33:926][640]LogModuleManager: Shutting down and abandoning module FunctionalTesting (75)
[2016.03.20-11.05.33:926][640]LogModuleManager: Shutting down and abandoning module CollisionAnalyzer (74)
[2016.03.20-11.05.33:926][640]LogModuleManager: Shutting down and abandoning module WorkspaceMenuStructure (73)
[2016.03.20-11.05.33:926][640]LogModuleManager: Shutting down and abandoning module MessageLog (72)
[2016.03.20-11.05.33:926][640]LogModuleManager: Shutting down and abandoning module Sequencer (71)
[2016.03.20-11.05.33:926][640]LogModuleManager: Shutting down and abandoning module AssetTools (70)
[2016.03.20-11.05.33:926][640]LogModuleManager: Shutting down and abandoning module UMGEditor (69)
[2016.03.20-11.05.33:926][640]LogModuleManager: Shutting down and abandoning module UMG (68)
[2016.03.20-11.05.33:926][640]LogModuleManager: Shutting down and abandoning module Slate (67)
[2016.03.20-11.05.33:926][640]LogModuleManager: Shutting down and abandoning module EditorStyle (66)
[2016.03.20-11.05.33:929][640]LogModuleManager: Shutting down and abandoning module SessionServices (65)
[2016.03.20-11.05.33:929][640]LogModuleManager: Shutting down and abandoning module SourceCodeAccess (64)
[2016.03.20-11.05.33:929][640]LogModuleManager: Shutting down and abandoning module HeadMountedDisplay (63)
[2016.03.20-11.05.33:929][640]LogModuleManager: Shutting down and abandoning module XAudio2 (62)
[2016.03.20-11.05.33:929][640]LogModuleManager: Shutting down and abandoning module Networking (60)
[2016.03.20-11.05.33:929][640]LogModuleManager: Shutting down and abandoning module Core (59)
[2016.03.20-11.05.33:929][640]LogModuleManager: Shutting down and abandoning module KismetCompiler (58)
[2016.03.20-11.05.33:929][640]LogModuleManager: Shutting down and abandoning module PhysXFormats (57)
[2016.03.20-11.05.33:929][640]LogModuleManager: Shutting down and abandoning module MeshUtilities (56)
[2016.03.20-11.05.33:929][640]LogModuleManager: Shutting down and abandoning module CookingStats (55)
[2016.03.20-11.05.33:934][640]LogModuleManager: Shutting down and abandoning module DerivedDataCache (54)
[2016.03.20-11.05.34:007][640]LogDerivedDataCache: Shutdown
[2016.03.20-11.05.34:007][640]LogModuleManager: Shutting down and abandoning module ShaderFormatOpenGL (53)
[2016.03.20-11.05.34:007][640]LogModuleManager: Shutting down and abandoning module ShaderFormatD3D (52)
[2016.03.20-11.05.34:008][640]LogModuleManager: Shutting down and abandoning module MetalShaderFormat (51)
[2016.03.20-11.05.34:008][640]LogModuleManager: Shutting down and abandoning module TextureFormatUncompressed (50)
[2016.03.20-11.05.34:008][640]LogModuleManager: Shutting down and abandoning module TextureFormatPVR (49)
[2016.03.20-11.05.34:008][640]LogModuleManager: Shutting down and abandoning module TextureFormatIntelISPCTexComp (48)
[2016.03.20-11.05.34:008][640]LogModuleManager: Shutting down and abandoning module TextureFormatDXT (47)
[2016.03.20-11.05.34:008][640]LogModuleManager: Shutting down and abandoning module ImageWrapper (46)
[2016.03.20-11.05.34:008][640]LogModuleManager: Shutting down and abandoning module TextureFormatASTC (45)
[2016.03.20-11.05.34:008][640]LogModuleManager: Shutting down and abandoning module TextureFormatAndroid (44)
[2016.03.20-11.05.34:008][640]LogModuleManager: Shutting down and abandoning module AudioFormatOpus (43)
[2016.03.20-11.05.34:008][640]LogModuleManager: Shutting down and abandoning module AudioFormatOgg (42)
[2016.03.20-11.05.34:008][640]LogModuleManager: Shutting down and abandoning module AudioFormatADPCM (41)
[2016.03.20-11.05.34:008][640]LogModuleManager: Shutting down and abandoning module LinuxTargetPlatform (40)
[2016.03.20-11.05.34:008][640]LogModuleManager: Shutting down and abandoning module LinuxServerTargetPlatform (39)
[2016.03.20-11.05.34:008][640]LogModuleManager: Shutting down and abandoning module LinuxNoEditorTargetPlatform (38)
[2016.03.20-11.05.34:008][640]LogModuleManager: Shutting down and abandoning module Messaging (37)
[2016.03.20-11.05.34:008][640]LogModuleManager: Shutting down and abandoning module IOSTargetPlatform (36)
[2016.03.20-11.05.34:008][640]LogModuleManager: Shutting down and abandoning module HTML5TargetPlatform (35)
[2016.03.20-11.05.34:008][640]LogModuleManager: Shutting down and abandoning module Android_PVRTCTargetPlatform (34)
[2016.03.20-11.05.34:008][640]LogModuleManager: Shutting down and abandoning module Android_ETC2TargetPlatform (33)
[2016.03.20-11.05.34:008][640]LogModuleManager: Shutting down and abandoning module Android_ETC1TargetPlatform (32)
[2016.03.20-11.05.34:008][640]LogModuleManager: Shutting down and abandoning module Android_DXTTargetPlatform (31)
[2016.03.20-11.05.34:008][640]LogModuleManager: Shutting down and abandoning module Android_ATCTargetPlatform (30)
[2016.03.20-11.05.34:008][640]LogModuleManager: Shutting down and abandoning module Android_ASTCTargetPlatform (29)
[2016.03.20-11.05.34:008][640]LogModuleManager: Shutting down and abandoning module AndroidTargetPlatform (28)
[2016.03.20-11.05.34:008][640]LogModuleManager: Shutting down and abandoning module WindowsTargetPlatform (27)
[2016.03.20-11.05.34:008][640]LogModuleManager: Shutting down and abandoning module WindowsServerTargetPlatform (26)
[2016.03.20-11.05.34:008][640]LogModuleManager: Shutting down and abandoning module WindowsNoEditorTargetPlatform (25)
[2016.03.20-11.05.34:008][640]LogModuleManager: Shutting down and abandoning module WindowsClientTargetPlatform (24)
[2016.03.20-11.05.34:008][640]LogModuleManager: Shutting down and abandoning module AllDesktopTargetPlatform (23)
[2016.03.20-11.05.34:008][640]LogModuleManager: Shutting down and abandoning module TargetPlatform (22)
[2016.03.20-11.05.34:008][640]LogModuleManager: Shutting down and abandoning module InputCore (21)
[2016.03.20-11.05.34:008][640]LogModuleManager: Shutting down and abandoning module Settings (20)
[2016.03.20-11.05.34:008][640]LogModuleManager: Shutting down and abandoning module OnlineSubsystem (18)
[2016.03.20-11.05.34:008][640]LogModuleManager: Shutting down and abandoning module HTTP (17)
[2016.03.20-11.05.35:009][640]LogModuleManager: Shutting down and abandoning module XMPP (16)
[2016.03.20-11.05.35:009][640]LogModuleManager: Shutting down and abandoning module ExampleDeviceProfileSelector (15)
[2016.03.20-11.05.35:010][640]LogModuleManager: Shutting down and abandoning module TextureCompressor (14)
[2016.03.20-11.05.35:010][640]LogModuleManager: Shutting down and abandoning module ShaderCore (13)
[2016.03.20-11.05.35:010][640]LogModuleManager: Shutting down and abandoning module Landscape (12)
[2016.03.20-11.05.35:010][640]LogModuleManager: Shutting down and abandoning module SlateRHIRenderer (11)
[2016.03.20-11.05.35:011][640]LogModuleManager: Shutting down and abandoning module OpenGLDrv (10)
[2016.03.20-11.05.35:011][640]LogModuleManager: Shutting down and abandoning module D3D11RHI (9)
[2016.03.20-11.05.35:011][640]LogModuleManager: Shutting down and abandoning module AnimGraphRuntime (8)
[2016.03.20-11.05.35:011][640]LogModuleManager: Shutting down and abandoning module Renderer (7)
[2016.03.20-11.05.35:011][640]LogModuleManager: Shutting down and abandoning module Engine (6)
[2016.03.20-11.05.35:011][640]LogModuleManager: Shutting down and abandoning module CoreUObject (5)
[2016.03.20-11.05.35:011][640]LogModuleManager: Shutting down and abandoning module NetworkFile (4)
[2016.03.20-11.05.35:011][640]LogModuleManager: Shutting down and abandoning module StreamingFile (3)
[2016.03.20-11.05.35:012][640]LogModuleManager: Shutting down and abandoning module SandboxFile (2)
[2016.03.20-11.05.35:012][640]LogModuleManager: Shutting down and abandoning module PakFile (1)
[2016.03.20-11.05.35:013][640]LogExit: Exiting.
[2016.03.20-11.05.35:059][640]Log file closed, 03/20/16 12:05:35
