[2016.03.17-11.10.12:208][  0]Log file open, 03/17/16 12:10:12
[2016.03.17-11.10.12:208][  0]LogInit:Display: Running engine for game: TheBeginning
[2016.03.17-11.10.12:208][  0]LogInit:Display: RandInit(-118994648) SRandInit(-118994648).
[2016.03.17-11.10.12:208][  0]LogTaskGraph: Started task graph with 4 named threads and 7 total threads.
[2016.03.17-11.10.12:208][  0]LogStats: Stats thread started at 0.069423
[2016.03.17-11.10.12:208][  0]LogInit: Version: 4.9.2-2707645+++depot+UE4-Releases+4.9
[2016.03.17-11.10.12:208][  0]LogInit: API Version: 2672455
[2016.03.17-11.10.12:208][  0]LogInit: Compiled (64-bit): Sep 28 2015 10:25:44
[2016.03.17-11.10.12:208][  0]LogInit: Compiled with Visual C++: 18.00.21005.01
[2016.03.17-11.10.12:208][  0]LogInit: Build Configuration: Development
[2016.03.17-11.10.12:208][  0]LogInit: Branch Name: ++depot+UE4-Releases+4.9
[2016.03.17-11.10.12:208][  0]LogInit: Command line:  /Temp/Autosaves/Game/UEDPCMyFirstLevel -game -PIEVIACONSOLE -ResX=1280 -ResY=720  -Multiprocess -featureleveles2 -faketouches 
[2016.03.17-11.10.12:208][  0]LogInit: Base directory: D:/Programme/Epic Games/4.9/Engine/Binaries/Win64/
[2016.03.17-11.10.12:208][  0]LogInit: Rocket: 1
[2016.03.17-11.10.12:214][  0]LogInit: Using libcurl 7.41.0
[2016.03.17-11.10.12:214][  0]LogInit:  - built for x86_64-pc-win32
[2016.03.17-11.10.12:214][  0]LogInit:  - supports SSL with WinSSL
[2016.03.17-11.10.12:214][  0]LogInit:  - other features:
[2016.03.17-11.10.12:214][  0]LogInit:      CURL_VERSION_SSL
[2016.03.17-11.10.12:214][  0]LogInit:      CURL_VERSION_IPV6
[2016.03.17-11.10.12:214][  0]LogInit:      CURL_VERSION_ASYNCHDNS
[2016.03.17-11.10.12:214][  0]LogInit:      CURL_VERSION_LARGEFILE
[2016.03.17-11.10.12:214][  0]LogInit:      CURL_VERSION_IDN
[2016.03.17-11.10.12:214][  0]LogInit:  CurlRequestOptions (configurable via config and command line):
[2016.03.17-11.10.12:214][  0]LogInit:  - bVerifyPeer = true  - Libcurl will verify peer certificate
[2016.03.17-11.10.12:214][  0]LogInit:  - bUseHttpProxy = false  - Libcurl will NOT use HTTP proxy
[2016.03.17-11.10.12:215][  0]LogInit:  - bDontReuseConnections = false  - Libcurl will reuse connections
[2016.03.17-11.10.12:215][  0]LogInit:  - CertBundlePath = nullptr  - Libcurl will use whatever was configured at build time.
[2016.03.17-11.10.12:219][  0]LogInit: Presizing for 0 objects not considered by GC, pre-allocating 0 bytes.
[2016.03.17-11.10.12:227][  0]LogInit: Object subsystem initialized
[2016.03.17-11.10.12:228][  0]LogInit: Selected Device Profile: [Windows]
[2016.03.17-11.10.12:228][  0]LogInit: Applying CVar settings loaded from the selected device profile: [Windows]
[2016.03.17-11.10.12:230][  0]LogInit: Computer: PC1021500895
[2016.03.17-11.10.12:230][  0]LogInit: User: VR
[2016.03.17-11.10.12:230][  0]LogInit: CPU Page size=4096, Cores=4
[2016.03.17-11.10.12:230][  0]LogInit: High frequency timer resolution =3.507508 MHz
[2016.03.17-11.10.12:230][  0]LogMemory: Memory total: Physical=15.9GB (16GB approx)
[2016.03.17-11.10.12:230][  0]LogMemory: Platform Memory Stats for Windows
[2016.03.17-11.10.12:230][  0]LogMemory: Process Physical Memory: 52.26 MB used, 52.26 MB peak
[2016.03.17-11.10.12:230][  0]LogMemory: Process Virtual Memory: 58.04 MB used, 58.04 MB peak
[2016.03.17-11.10.12:230][  0]LogMemory: Physical Memory: 4738.17 MB used, 16261.17 MB total
[2016.03.17-11.10.12:230][  0]LogMemory: Virtual Memory: 349.63 MB used, 134217728.00 MB total
[2016.03.17-11.10.12:259][  0]LogTextLocalizationManager: No translations for ('de-DE') exist, falling back to 'en' for localization and internationalization data.
[2016.03.17-11.10.12:864][  0]LogD3D11RHI: Found D3D11 adapter 0: NVIDIA GeForce GTX 970 (Feature Level 11_0)
[2016.03.17-11.10.12:864][  0]LogD3D11RHI: Adapter has 3976MB of dedicated video memory, 0MB of dedicated system memory, and 8130MB of shared system memory, 1 output[s]
[2016.03.17-11.10.12:865][  0]LogD3D11RHI: Found D3D11 adapter 1: Microsoft Basic Render Driver (Feature Level 11_0)
[2016.03.17-11.10.12:865][  0]LogD3D11RHI: Adapter has 0MB of dedicated video memory, 0MB of dedicated system memory, and 256MB of shared system memory, 0 output[s]
[2016.03.17-11.10.12:865][  0]LogD3D11RHI: Chosen D3D11 Adapter Id = 0
[2016.03.17-11.10.12:868][  0]LogD3D11RHI: !Direct3DDevice
[2016.03.17-11.10.12:868][  0]LogRHI: Texture pool is 1361 MB (70% of 1945 MB)
[2016.03.17-11.10.12:878][  0]LogD3D11RHI: Async texture creation enabled
[2016.03.17-11.10.12:893][  0]LogShaderCompilers: Guid format shader working directory is 15 characters bigger than the processId version (../../../../../../UnrealProjects/GE_Project/Intermediate/Shaders/WorkingDirectory/2508/).
[2016.03.17-11.10.12:893][  0]LogShaderCompilers: Cleaned the shader compiler working directory '../../../../../../UnrealProjects/GE_Project/Intermediate/Shaders/tmp/CF805A324EE6C5D98D46839E04A97084/'.
[2016.03.17-11.10.12:893][  0]LogShaderCompilers:Display: Using Local Shader Compiler.
[2016.03.17-11.10.13:697][  0]LogTemp:Display: Loaded TP AllDesktopTargetPlatform
[2016.03.17-11.10.13:702][  0]LogTemp:Display: Loaded TP WindowsClientTargetPlatform
[2016.03.17-11.10.13:707][  0]LogTemp:Display: Loaded TP WindowsNoEditorTargetPlatform
[2016.03.17-11.10.13:713][  0]LogTemp:Display: Loaded TP WindowsServerTargetPlatform
[2016.03.17-11.10.13:718][  0]LogTemp:Display: Loaded TP WindowsTargetPlatform
[2016.03.17-11.10.13:721][  0]LogTemp:Display: Loaded TP AndroidTargetPlatform
[2016.03.17-11.10.13:725][  0]LogTemp:Display: Loaded TP Android_ASTCTargetPlatform
[2016.03.17-11.10.13:727][  0]LogTemp:Display: Loaded TP Android_ATCTargetPlatform
[2016.03.17-11.10.13:730][  0]LogTemp:Display: Loaded TP Android_DXTTargetPlatform
[2016.03.17-11.10.13:732][  0]LogTemp:Display: Loaded TP Android_ETC1TargetPlatform
[2016.03.17-11.10.13:735][  0]LogTemp:Display: Loaded TP Android_ETC2TargetPlatform
[2016.03.17-11.10.13:738][  0]LogTemp:Display: Loaded TP Android_PVRTCTargetPlatform
[2016.03.17-11.10.13:738][  0]LogTemp:Display: Loaded TP HTML5TargetPlatform
[2016.03.17-11.10.13:754][  0]LogTemp:Display: Loaded TP IOSTargetPlatform
[2016.03.17-11.10.13:757][  0]LogTemp:Display: Loaded TP LinuxNoEditorTargetPlatform
[2016.03.17-11.10.13:759][  0]LogTemp:Display: Loaded TP LinuxServerTargetPlatform
[2016.03.17-11.10.13:762][  0]LogTemp:Display: Loaded TP LinuxTargetPlatform
[2016.03.17-11.10.13:762][  0]LogTargetPlatformManager:Display: Building Assets For Windows
[2016.03.17-11.10.13:809][  0]LogDerivedDataCache:Display: Max Cache Size: 512 MB
[2016.03.17-11.10.13:853][  0]LogDerivedDataCache: Loaded boot cache 0.04s 41MB C:/Users/VR/AppData/Local/UnrealEngine/4.9/DerivedDataCache/Boot.ddc.
[2016.03.17-11.10.13:853][  0]LogDerivedDataCache:Display: Loaded Boot cache: C:/Users/VR/AppData/Local/UnrealEngine/4.9/DerivedDataCache/Boot.ddc
[2016.03.17-11.10.13:854][  0]LogDerivedDataCache: FDerivedDataBackendGraph:  Pak pak cache file ../../../../../../UnrealProjects/GE_Project/DerivedDataCache/DDC.ddp not found, will not use a pak cache.
[2016.03.17-11.10.13:854][  0]LogDerivedDataCache: Unable to find inner node Pak for hierarchical cache Hierarchy.
[2016.03.17-11.10.13:854][  0]LogDerivedDataCache: FDerivedDataBackendGraph:  CompressedPak pak cache file ../../../../../../UnrealProjects/GE_Project/DerivedDataCache/Compressed.ddp not found, will not use a pak cache.
[2016.03.17-11.10.13:854][  0]LogDerivedDataCache: Unable to find inner node CompressedPak for hierarchical cache Hierarchy.
[2016.03.17-11.10.13:982][  0]LogDerivedDataCache:Display: Pak cache opened for reading ../../../Engine/DerivedDataCache/Compressed.ddp.
[2016.03.17-11.10.13:994][  0]LogDerivedDataCache: Using Local data cache path C:/Users/VR/AppData/Local/UnrealEngine/Common/DerivedDataCache: Writable
[2016.03.17-11.10.14:353][  0]LogInit: Selected Device Profile: [Windows]
[2016.03.17-11.10.14:357][  0]LogContentStreaming: Texture pool size is 1000.000000MB
[2016.03.17-11.10.14:385][  0]LogMaterial: Missing cached shader map for material WorldGridMaterial, compiling. Is special 