[2016.03.17-10.41.17:886][  0]Log file open, 03/17/16 11:41:17
[2016.03.17-10.41.17:886][  0]LogInit:Display: Running engine for game: TheBeginning
[2016.03.17-10.41.17:886][  0]LogInit:Display: RandInit(-1907461864) SRandInit(-1907461864).
[2016.03.17-10.41.17:886][  0]LogTaskGraph: Started task graph with 4 named threads and 7 total threads.
[2016.03.17-10.41.17:886][  0]LogStats: Stats thread started at 0.064971
[2016.03.17-10.41.17:886][  0]LogInit: Version: 4.9.2-2707645+++depot+UE4-Releases+4.9
[2016.03.17-10.41.17:886][  0]LogInit: API Version: 2672455
[2016.03.17-10.41.17:886][  0]LogInit: Compiled (64-bit): Sep 28 2015 10:25:44
[2016.03.17-10.41.17:886][  0]LogInit: Compiled with Visual C++: 18.00.21005.01
[2016.03.17-10.41.17:886][  0]LogInit: Build Configuration: Development
[2016.03.17-10.41.17:886][  0]LogInit: Branch Name: ++depot+UE4-Releases+4.9
[2016.03.17-10.41.17:886][  0]LogInit: Command line:  
[2016.03.17-10.41.17:886][  0]LogInit: Base directory: D:/Programme/Epic Games/4.9/Engine/Binaries/Win64/
[2016.03.17-10.41.17:886][  0]LogInit: Rocket: 1
[2016.03.17-10.41.17:891][  0]LogInit: Using libcurl 7.41.0
[2016.03.17-10.41.17:891][  0]LogInit:  - built for x86_64-pc-win32
[2016.03.17-10.41.17:891][  0]LogInit:  - supports SSL with WinSSL
[2016.03.17-10.41.17:891][  0]LogInit:  - other features:
[2016.03.17-10.41.17:891][  0]LogInit:      CURL_VERSION_SSL
[2016.03.17-10.41.17:891][  0]LogInit:      CURL_VERSION_IPV6
[2016.03.17-10.41.17:891][  0]LogInit:      CURL_VERSION_ASYNCHDNS
[2016.03.17-10.41.17:891][  0]LogInit:      CURL_VERSION_LARGEFILE
[2016.03.17-10.41.17:891][  0]LogInit:      CURL_VERSION_IDN
[2016.03.17-10.41.17:891][  0]LogInit:  CurlRequestOptions (configurable via config and command line):
[2016.03.17-10.41.17:891][  0]LogInit:  - bVerifyPeer = true  - Libcurl will verify peer certificate
[2016.03.17-10.41.17:891][  0]LogInit:  - bUseHttpProxy = false  - Libcurl will NOT use HTTP proxy
[2016.03.17-10.41.17:891][  0]LogInit:  - bDontReuseConnections = false  - Libcurl will reuse connections
[2016.03.17-10.41.17:891][  0]LogInit:  - CertBundlePath = nullptr  - Libcurl will use whatever was configured at build time.
[2016.03.17-10.41.17:895][  0]LogInit: Presizing for 0 objects not considered by GC, pre-allocating 0 bytes.
[2016.03.17-10.41.17:900][  0]LogInit: Object subsystem initialized
[2016.03.17-10.41.17:901][  0]LogInit: Selected Device Profile: [Windows]
[2016.03.17-10.41.17:901][  0]LogInit: Applying CVar settings loaded from the selected device profile: [Windows]
[2016.03.17-10.41.17:908][  0]LogInit: Computer: PC1021500895
[2016.03.17-10.41.17:908][  0]LogInit: User: VR
[2016.03.17-10.41.17:908][  0]LogInit: CPU Page size=4096, Cores=4
[2016.03.17-10.41.17:908][  0]LogInit: High frequency timer resolution =3.507508 MHz
[2016.03.17-10.41.17:908][  0]LogMemory: Memory total: Physical=15.9GB (16GB approx)
[2016.03.17-10.41.17:908][  0]LogMemory: Platform Memory Stats for Windows
[2016.03.17-10.41.17:908][  0]LogMemory: Process Physical Memory: 53.16 MB used, 53.16 MB peak
[2016.03.17-10.41.17:908][  0]LogMemory: Process Virtual Memory: 55.13 MB used, 55.13 MB peak
[2016.03.17-10.41.17:908][  0]LogMemory: Physical Memory: 4284.31 MB used, 16261.17 MB total
[2016.03.17-10.41.17:908][  0]LogMemory: Virtual Memory: 346.75 MB used, 134217728.00 MB total
[2016.03.17-10.41.17:935][  0]LogTextLocalizationManager: No translations for ('de-DE') exist, falling back to 'en' for localization and internationalization data.
[2016.03.17-10.41.18:540][  0]LogD3D11RHI: Found D3D11 adapter 0: NVIDIA GeForce GTX 970 (Feature Level 11_0)
[2016.03.17-10.41.18:540][  0]LogD3D11RHI: Adapter has 3976MB of dedicated video memory, 0MB of dedicated system memory, and 8130MB of shared system memory, 1 output[s]
[2016.03.17-10.41.18:541][  0]LogD3D11RHI: Found D3D11 adapter 1: Microsoft Basic Render Driver (Feature Level 11_0)
[2016.03.17-10.41.18:541][  0]LogD3D11RHI: Adapter has 0MB of dedicated video memory, 0MB of dedicated system memory, and 256MB of shared system memory, 0 output[s]
[2016.03.17-10.41.18:541][  0]LogD3D11RHI: Chosen D3D11 Adapter Id = 0
[2016.03.17-10.41.18:544][  0]LogD3D11RHI: !Direct3DDevice
[2016.03.17-10.41.18:544][  0]LogRHI: Texture pool is 1361 MB (70% of 1945 MB)
[2016.03.17-10.41.18:552][  0]LogD3D11RHI: Async texture creation enabled
[2016.03.17-10.41.18:567][  0]LogShaderCompilers: Guid format shader working directory is 15 characters bigger than the processId version (../../../../../../UnrealProjects/GE_Project/Intermediate/Shaders/WorkingDirectory/3924/).
[2016.03.17-10.41.18:568][  0]LogShaderCompilers: Cleaned the shader compiler working directory '../../../../../../UnrealProjects/GE_Project/Intermediate/Shaders/tmp/56EDA4A2473703DF4E7E52BCD1DDC84A/'.
[2016.03.17-10.41.18:568][  0]LogShaderCompilers:Display: Using Local Shader Compiler.
[2016.03.17-10.41.19:338][  0]LogTemp:Display: Loaded TP AllDesktopTargetPlatform
[2016.03.17-10.41.19:342][  0]LogTemp:Display: Loaded TP WindowsClientTargetPlatform
[2016.03.17-10.41.19:345][  0]LogTemp:Display: Loaded TP WindowsNoEditorTargetPlatform
[2016.03.17-10.41.19:348][  0]LogTemp:Display: Loaded TP WindowsServerTargetPlatform
[2016.03.17-10.41.19:352][  0]LogTemp:Display: Loaded TP WindowsTargetPlatform
[2016.03.17-10.41.19:354][  0]LogTemp:Display: Loaded TP AndroidTargetPlatform
[2016.03.17-10.41.19:356][  0]LogTemp:Display: Loaded TP Android_ASTCTargetPlatform
[2016.03.17-10.41.19:358][  0]LogTemp:Display: Loaded TP Android_ATCTargetPlatform
[2016.03.17-10.41.19:360][  0]LogTemp:Display: Loaded TP Android_DXTTargetPlatform
[2016.03.17-10.41.19:363][  0]LogTemp:Display: Loaded TP Android_ETC1TargetPlatform
[2016.03.17-10.41.19:366][  0]LogTemp:Display: Loaded TP Android_ETC2TargetPlatform
[2016.03.17-10.41.19:368][  0]LogTemp:Display: Loaded TP Android_PVRTCTargetPlatform
[2016.03.17-10.41.19:369][  0]LogTemp:Display: Loaded TP HTML5TargetPlatform
[2016.03.17-10.41.19:384][  0]LogTemp:Display: Loaded TP IOSTargetPlatform
[2016.03.17-10.41.19:386][  0]LogTemp:Display: Loaded TP LinuxNoEditorTargetPlatform
[2016.03.17-10.41.19:388][  0]LogTemp:Display: Loaded TP LinuxServerTargetPlatform
[2016.03.17-10.41.19:391][  0]LogTemp:Display: Loaded TP LinuxTargetPlatform
[2016.03.17-10.41.19:391][  0]LogTargetPlatformManager:Display: Building Assets For Windows
[2016.03.17-10.41.19:439][  0]LogDerivedDataCache:Display: Max Cache Size: 512 MB
[2016.03.17-10.41.19:476][  0]LogDerivedDataCache: Loaded boot cache 0.04s 41MB C:/Users/VR/AppData/Local/UnrealEngine/4.9/DerivedDataCache/Boot.ddc.
[2016.03.17-10.41.19:476][  0]LogDerivedDataCache:Display: Loaded Boot cache: C:/Users/VR/AppData/Local/UnrealEngine/4.9/DerivedDataCache/Boot.ddc
[2016.03.17-10.41.19:476][  0]LogDerivedDataCache: FDerivedDataBackendGraph:  Pak pak cache file ../../../../../../UnrealProjects/GE_Project/DerivedDataCache/DDC.ddp not found, will not use a pak cache.
[2016.03.17-10.41.19:476][  0]LogDerivedDataCache: Unable to find inner node Pak for hierarchical cache Hierarchy.
[2016.03.17-10.41.19:476][  0]LogDerivedDataCache: FDerivedDataBackendGraph:  CompressedPak pak cache file ../../../../../../UnrealProjects/GE_Project/DerivedDataCache/Compressed.ddp not found, will not use a pak cache.
[2016.03.17-10.41.19:476][  0]LogDerivedDataCache: Unable to find inner node CompressedPak for hierarchical cache Hierarchy.
[2016.03.17-10.41.19:588][  0]LogDerivedDataCache:Display: Pak cache opened for reading ../../../Engine/DerivedDataCache/Compressed.ddp.
[2016.03.17-10.41.19:600][  0]LogDerivedDataCache: Using Local data cache path C:/Users/VR/AppData/Local/UnrealEngine/Common/DerivedDataCache: Writable
[2016.03.17-10.41.19:731][  0]LogInit: Selected Device Profile: [Windows]
[2016.03.17-10.41.19:732][  0]LogContentStreaming: Texture pool size is 0.000000MB
[2016.03.17-10.41.19:820][  0]LogMeshUtilities: No automatic mesh reduction module available
[2016.03.17-10.41.19:820][  0]LogMeshUtilities: No automatic mesh merging module available
[2016.03.17-10.41.19:997][  0]LogInit: WinSock: version 1.1 (2.2), MaxSocks=32767, MaxUdp=65467
[2016.03.17-10.41.20:507][  0]UdpMessaging: Initializing bridge on interface 0.0.0.0:0 to multicast group 230.0.0.1:6666.
[2016.03.17-10.41.20:623][  0]LogAssetRegistry: FAssetRegistry took 0.0112 seconds to start up
[2016.03.17-10.41.20:726][  0]SourceControl: Info Source control is disabled
[2016.03.17-10.41.20:732][  0]SourceControl: Info Source control is disabled
[2016.03.17-10.41.20:738][  0]SourceControl: Info Source control is disabled
[2016.03.17-10.41.20:743][  0]SourceControl: Info Source control is disabled
[2016.03.17-10.41.20:824][  0]LogLinker:Warning: Asset '../../../Engine/Plugins/Runtime/LeapMotionController/Content/LM_PassthroughMaterial.uasset' has been saved with empty engine version. The asset will be loaded but may be incompatible.
[2016.03.17-10.41.20:871][  0]LeapPluginLog: Using LeapPlugin version 0.9.6
[2016.03.17-10.41.20:874][  0]LogObj: 29249 objects as part of root set at end of initial load.
[2016.03.17-10.41.20:874][  0]LogUObjectAllocator: 6234272 out of 0 bytes used by permanent object pool.
[2016.03.17-10.41.20:918][  0]LogEngine: Initializing Engine...
[2016.03.17-10.41.20:920][  0]LogHMD: Can't find Oculus library dev build: is proper Runtime installed? Version: 0.7.0.0
[2016.03.17-10.41.21:303][  0]LogHMD: SteamVR initialized.  Driver: oculus  Display: 207KGV03FJGR
[2016.03.17-10.41.21:396][  0]LogAIModule: Creating AISystem for world NewWorld
[2016.03.17-10.41.21:407][  0]LogInit: XAudio2 using 'Speakers (Realtek High Definition Audio)' : 2 channels at 48 kHz using 32 bits per sample (channel mask 0x3)
[2016.03.17-10.41.21:514][  0]LogInit: FAudioDevice initialized.
[2016.03.17-10.41.21:535][  0]LogDerivedDataCache: Saved boot cache 0.02s 41MB C:/Users/VR/AppData/Local/UnrealEngine/4.9/DerivedDataCache/Boot.ddc.
[2016.03.17-10.41.21:539][  0]LogInit: Texture streaming: Enabled
[2016.03.17-10.41.21:542][  0]LogAnalytics: Creating configured Analytics provider AnalyticsET
[2016.03.17-10.41.21:543][  0]LogAnalytics: [UEEditor.Rocket.Release] APIServer = http://et2.epicgames.com/ET2/. AppVersion = 4.9.2-2707645+++depot+UE4-Releases+4.9
[2016.03.17-10.41.21:543][  0]LogAnalytics: [UEEditor.Rocket.Release] SetUserId 8c1436b7469470d4e6ebefb46ce7086e|0318ce7eb266467aa7a1e63543527494|c39e7128-8a93-45bc-b94e-b28d0faf1958
[2016.03.17-10.41.21:543][  0]LogAnalytics: [UEEditor.Rocket.Release] AnalyticsET::StartSession
[2016.03.17-10.41.21:550][  0]LogWindowsTextInputMethodSystem:Display: IME system now deactivated.
[2016.03.17-10.41.21:560][  0]LogInit: Transaction tracking system initialized
[2016.03.17-10.41.21:578][  0]BlueprintLog: New page: Editor Load
[2016.03.17-10.41.21:624][  0]LocalizationService: Info Localization service is disabled
[2016.03.17-10.41.21:664][  0]LogLinker:Warning: Can't find file '/Game/FirstPersonBP/FirstPersonOverview'
[2016.03.17-10.41.21:664][  0]LogLinker:Warning: Can't find file '/Game/FirstPersonBP/FirstPersonOverview'
[2016.03.17-10.41.21:664][  0]LogUObjectGlobals:Warning: Failed to find object 'Class /Game/FirstPersonBP/FirstPersonOverview.FirstPersonOverview_C'
[2016.03.17-10.41.21:671][  0]LogConsoleResponse:Display: 
[2016.03.17-10.41.21:775][  0]LogCook:Display: Done creating registry. It took  0.00s.
[2016.03.17-10.41.21:810][  0]LogFileCache: Scanning file cache for directory 'D:/UnrealProjects/GE_Project/Content/' took 0.01s
[2016.03.17-10.41.21:810][  0]SourceControl: Info Source control is disabled
[2016.03.17-10.41.21:810][  0]Cmd: MAP LOAD FILE="../../../../../../UnrealProjects/GE_Project/Content/StarterContent/Maps/Minimal_Default.umap" TEMPLATE=0 SHOWPROGRESS=1 FEATURELEVEL=3
[2016.03.17-10.41.21:810][  0]LightingResults: New page: Lighting Build
[2016.03.17-10.41.21:812][  0]MapCheck: New page: Map Check
[2016.03.17-10.41.21:812][  0]LightingResults: New page: Lighting Build
[2016.03.17-10.41.21:822][  0]LogParticles: Destroying 0 GPU particle simulations for FXSystem 0x0000008AB1E34400
[2016.03.17-10.41.22:151][  0]LogAIModule: Creating AISystem for world Minimal_Default
[2016.03.17-10.41.22:157][  0]LogEditorServer: Finished looking for orphan Actors (0.000 secs)
[2016.03.17-10.41.22:158][  0]Cmd: MAP CHECKDEP NOCLEARLOG
[2016.03.17-10.41.22:193][  0]MapCheck: Info Map check complete: 0 Error(s), 0 Warning(s), took 35.314ms to complete.
[2016.03.17-10.41.22:193][  0]LogFileHelpers: Loading map 'Minimal_Default' took 0.384
[2016.03.17-10.41.22:276][  0]LogCollectionManager: Loaded 0 collections in 0.000898 seconds
[2016.03.17-10.41.22:320][  0]LogFileCache: Scanning file cache for directory 'D:/UnrealProjects/GE_Project/Saved/Collections/' took 0.01s
[2016.03.17-10.41.22:320][  0]LogFileCache: Scanning file cache for directory 'D:/UnrealProjects/GE_Project/Content/Developers/VR/Collections/' took 0.01s
[2016.03.17-10.41.22:320][  0]LogFileCache: Scanning file cache for directory 'D:/UnrealProjects/GE_Project/Content/Collections/' took 0.01s
[2016.03.17-10.41.22:320][  0]LogContentBrowser: Native class hierarchy populated in 0.0103 seconds. Added 1918 classes and 347 folders.
[2016.03.17-10.41.22:324][  0]LogCollectionManager: Rebuilt the GUID cache for 0 collections in 0.000002 seconds
[2016.03.17-10.41.22:328][  0]LogContentBrowser: Native class hierarchy updated for 'WidgetCarousel' in 0.0009 seconds. Added 0 classes and 0 folders.
[2016.03.17-10.41.22:360][  0]LogContentBrowser: Native class hierarchy updated for 'AddContentDialog' in 0.0009 seconds. Added 0 classes and 0 folders.
[2016.03.17-10.41.22:364][  0]LogContentBrowser: Native class hierarchy updated for 'SceneOutliner' in 0.0009 seconds. Added 1 classes and 2 folders.
[2016.03.17-10.41.22:407][  0]LogCrashTracker: Crashtracker disabled due to settings.
[2016.03.17-10.41.22:411][  0]LogUObjectGlobals:Warning: Failed to find object 'Class None.'
[2016.03.17-10.41.22:434][  0]LogLoad: Full Startup: 5.13 seconds (BP compile: 0.04 seconds)
[2016.03.17-10.41.22:512][  0]LogContentStreaming: Texture pool size now 1000 MB
[2016.03.17-10.41.22:627][  0]LogRenderer: Reallocating scene render targets to support 1216x576 (Frame:2).
[2016.03.17-10.41.22:817][  3]LogAssetRegistry: Asset discovery search completed in 2.2055 seconds
[2016.03.17-10.41.22:817][  3]LogCollectionManager: Rebuilt the object cache for 0 collections in 0.000001 seconds (found 0 objects)
[2016.03.17-10.41.22:817][  3]LogCollectionManager: Fixed up redirectors for 0 collections in 0.000017 seconds (updated 0 objects)
[2016.03.17-10.41.27:706][567]LogFileCache: Retrieving MD5 hashes for directory 'D:/UnrealProjects/GE_Project/Content/' took 5.25s
[2016.03.17-10.41.29:499][771]LogBlueprint:Warning: [compiler Ue4ASP_Character] Warning Input Axis Event references unknown Axis 'LookUp' for  InputAxis LookUp 
[2016.03.17-10.41.29:499][771]LogBlueprint:Warning: [compiler Ue4ASP_Character] Warning Input Axis Event references unknown Axis 'Turn' for  InputAxis Turn 
[2016.03.17-10.41.29:499][771]LogBlueprint:Warning: [compiler Ue4ASP_Character] Warning Input Axis Event references unknown Axis 'MoveRight' for  InputAxis MoveRight 
[2016.03.17-10.41.29:499][771]LogBlueprint:Warning: [compiler Ue4ASP_Character] Warning Input Axis Event references unknown Axis 'MoveForward' for  InputAxis MoveForward 
[2016.03.17-10.41.29:501][771]LogBlueprint:Warning: [compiler Ue4ASP_Character] Warning [0012.20] Compile of Ue4ASP_Character successful, but with 4 Warning(s) [in 6 ms]
[2016.03.17-10.41.29:501][771]LogBlueprint:Warning: [compiler Ue4ASP_Character] Warning [0012.20] Compile of Ue4ASP_Character successful, but with 5 Warning(s) [in 0 ms]
[2016.03.17-10.41.29:501][771]LogBlueprint:Warning: [compiler Ue4ASP_Character] Warning [0012.20] Compile of Ue4ASP_Character successful, but with 6 Warning(s) [in 0 ms]
[2016.03.17-10.41.29:555][771]LogBlueprint:Warning: [compiler Ue4ASP_Character] Warning Input Axis Event references unknown Axis 'LookUp' for  InputAxis LookUp 
[2016.03.17-10.41.29:555][771]LogBlueprint:Warning: [compiler Ue4ASP_Character] Warning Input Axis Event references unknown Axis 'Turn' for  InputAxis Turn 
[2016.03.17-10.41.29:555][771]LogBlueprint:Warning: [compiler Ue4ASP_Character] Warning Input Axis Event references unknown Axis 'MoveRight' for  InputAxis MoveRight 
[2016.03.17-10.41.29:555][771]LogBlueprint:Warning: [compiler Ue4ASP_Character] Warning Input Axis Event references unknown Axis 'MoveForward' for  InputAxis MoveForward 
[2016.03.17-10.41.29:557][771]LogBlueprint:Warning: [compiler Ue4ASP_Character] Warning [0012.25] Compile of Ue4ASP_Character successful, but with 4 Warning(s) [in 5 ms]
[2016.03.17-10.41.29:557][771]LogBlueprint:Warning: [compiler Ue4ASP_Character] Warning [0012.25] Compile of Ue4ASP_Character successful, but with 5 Warning(s) [in 0 ms]
[2016.03.17-10.41.29:558][771]LogBlueprint:Warning: [compiler Ue4ASP_Character] Warning [0012.25] Compile of Ue4ASP_Character successful, but with 6 Warning(s) [in 0 ms]
[2016.03.17-10.41.30:035][771]LogAIModule: Creating AISystem for world MyFirstLevel
[2016.03.17-10.41.30:043][771]LogParticles:Warning: InitializeSystem called on an unregistered component. Template=/Game/Snow.Snow Component=/Game/MyFirstLevel.MyFirstLevel:PersistentLevel.Snow_2.ParticleSystemComponent0
[2016.03.17-10.41.30:044][771]LogParticles:Warning: InitializeSystem called on an unregistered component. Template=/Game/StarterContent/Particles/P_Fire.P_Fire Component=/Game/MyFirstLevel.MyFirstLevel:PersistentLevel.P_Fire_2.ParticleSystemComponent0
[2016.03.17-10.41.30:081][771]Cmd: MAP LOAD FILE="../../../../../../UnrealProjects/GE_Project/Content/MyFirstLevel.umap" TEMPLATE=0 SHOWPROGRESS=1 FEATURELEVEL=3
[2016.03.17-10.41.30:081][771]LightingResults: New page: Lighting Build
[2016.03.17-10.41.30:096][771]LoadErrors: New page: Loading map: MyFirstLevel.umap
[2016.03.17-10.41.30:097][771]MapCheck: New page: Map Check
[2016.03.17-10.41.30:097][771]LightingResults: New page: Lighting Build
[2016.03.17-10.41.30:109][771]LogParticles: Destroying 0 GPU particle simulations for FXSystem 0x0000008AA07F3240
[2016.03.17-10.41.30:279][771]LogEditorServer: Finished looking for orphan Actors (0.000 secs)
[2016.03.17-10.41.30:324][771]Cmd: MAP CHECKDEP NOCLEARLOG
[2016.03.17-10.41.30:372][771]MapCheck: Info Map check complete: 0 Error(s), 0 Warning(s), took 48.431ms to complete.
[2016.03.17-10.41.30:373][771]LogFileHelpers: Loading map 'MyFirstLevel' took 0.291
[2016.03.17-10.41.30:399][772]Cmd: UpdateLandscapeEditorData -warnings
[2016.03.17-10.41.30:404][772]Cmd: UpdateLandscapeEditorData
[2016.03.17-10.41.38:930][745]LogBlueprint:Warning: [BP_Avatar] CreatePinForVariable: 'KinectInterface' variable not found. Base class was probably changed.
[2016.03.17-10.41.38:931][745]LogBlueprint:Warning: [BP_Avatar] CreatePinForVariable: 'KinectInterface' variable not found. Base class was probably changed.
[2016.03.17-10.41.38:931][745]LogBlueprint:Warning: [BP_Avatar] CreatePinForVariable: 'KinectInterface' variable not found. Base class was probably changed.
[2016.03.17-10.41.38:931][745]LogBlueprint:Warning: [BP_Avatar] CreatePinForVariable: 'KinectInterface' variable not found. Base class was probably changed.
[2016.03.17-10.41.38:931][745]LogBlueprint:Warning: [BP_Avatar] CreatePinForVariable: 'KinectInterface' variable not found. Base class was probably changed.
[2016.03.17-10.41.38:931][745]LogBlueprint:Warning: [BP_Avatar] CreatePinForVariable: 'KinectInterface' variable not found. Base class was probably changed.
[2016.03.17-10.41.38:932][745]LogBlueprint:Warning: [BP_Avatar] CreatePinForVariable: 'KinectInterface' variable not found. Base class was probably changed.
[2016.03.17-10.41.38:939][745]LogBlueprint:Error: [compiler BP_Avatar] Error Could not find a function named "GetHandStateAsExecution" in 'BP_Avatar'.
Make sure 'BP_Avatar' has been compiled for  Get Hand State as Execution 
[2016.03.17-10.41.38:939][745]LogBlueprint:Warning: [compiler BP_Avatar] Warning Could not find a variable named "KinectInterface" in 'BP_Avatar_C'.
Make sure 'BP_Avatar_C' has been compiled for  Get KinectInterface 
[2016.03.17-10.41.38:939][745]LogBlueprint:Warning: [compiler BP_Avatar] Warning Could not find a variable named "KinectInterface" in 'BP_Avatar_C'.
Make sure 'BP_Avatar_C' has been compiled for  Get KinectInterface 
[2016.03.17-10.41.38:939][745]LogBlueprint:Error: [compiler BP_Avatar] Error Could not find a function named "GetDistanceBetweenJoints" in 'BP_Avatar'.
Make sure 'BP_Avatar' has been compiled for  Get Distance Between Joints 
[2016.03.17-10.41.38:939][745]LogBlueprint:Warning: [compiler BP_Avatar] Warning Could not find a variable named "KinectInterface" in 'BP_Avatar_C'.
Make sure 'BP_Avatar_C' has been compiled for  Get KinectInterface 
[2016.03.17-10.41.38:939][745]LogBlueprint:Error: [compiler BP_Avatar] Error Could not find a function named "GetDistanceBetweenJoints" in 'BP_Avatar'.
Make sure 'BP_Avatar' has been compiled for  Get Distance Between Joints 
[2016.03.17-10.41.38:939][745]LogBlueprint:Warning: [compiler BP_Avatar] Warning Could not find a variable named "KinectInterface" in 'BP_Avatar_C'.
Make sure 'BP_Avatar_C' has been compiled for  Get KinectInterface 
[2016.03.17-10.41.38:939][745]LogBlueprint:Error: [compiler BP_Avatar] Error Could not find a function named "GetCenteredBody" in 'BP_Avatar'.
Make sure 'BP_Avatar' has been compiled for  Get Centered Body 
[2016.03.17-10.41.38:940][745]LogBlueprint:Warning: [compiler BP_Avatar] Warning Could not find a variable named "KinectInterface" in 'BP_Avatar_C'.
Make sure 'BP_Avatar_C' has been compiled for  Get KinectInterface 
[2016.03.17-10.41.38:940][745]LogBlueprint:Error: [compiler BP_Avatar] Error Could not find a function named "GetHandStateAsExecution" in 'BP_Avatar'.
Make sure 'BP_Avatar' has been compiled for  Get Hand State as Execution 
[2016.03.17-10.41.38:940][745]LogBlueprint:Warning: [compiler BP_Avatar] Warning Could not find a variable named "KinectInterface" in 'BP_Avatar_C'.
Make sure 'BP_Avatar_C' has been compiled for  Get KinectInterface 
[2016.03.17-10.41.38:940][745]LogBlueprint:Error: [compiler BP_Avatar] Error Could not find a function named "GetHandStateAsExecution" in 'BP_Avatar'.
Make sure 'BP_Avatar' has been compiled for  Get Hand State as Execution 
[2016.03.17-10.41.38:940][745]LogBlueprint:Warning: [compiler BP_Avatar] Warning Could not find a variable named "KinectInterface" in 'BP_Avatar_C'.
Make sure 'BP_Avatar_C' has been compiled for  Get KinectInterface 
[2016.03.17-10.41.38:940][745]LogBlueprint:Error: [compiler BP_Avatar] Error Could not find a function named "GetCenteredBody" in 'BP_Avatar'.
Make sure 'BP_Avatar' has been compiled for  Get Centered Body 
[2016.03.17-10.41.38:940][745]LogBlueprint:Error: [compiler BP_Avatar] Error The property associated with  Kinect Interface  could not be found
[2016.03.17-10.41.38:941][745]LogBlueprint:Error: [compiler BP_Avatar] Error The property associated with  Kinect Interface  could not be found
[2016.03.17-10.41.38:941][745]LogBlueprint:Error: [compiler BP_Avatar] Error The current value (AnkleRight) of the ' Start Joint ' pin is invalid: Expected a valid unsigned number for a byte property
[2016.03.17-10.41.38:941][745]LogBlueprint:Error: [compiler BP_Avatar] Error The current value (AnkleLeft) of the ' End Joint ' pin is invalid: Expected a valid unsigned number for a byte property
[2016.03.17-10.41.38:941][745]LogBlueprint:Error: [compiler BP_Avatar] Error The property associated with  Kinect Interface  could not be found
[2016.03.17-10.41.38:941][745]LogBlueprint:Error: [compiler BP_Avatar] Error The current value (Head) of the ' Start Joint ' pin is invalid: Expected a valid unsigned number for a byte property
[2016.03.17-10.41.38:941][745]LogBlueprint:Error: [compiler BP_Avatar] Error The current value (AnkleRight) of the ' End Joint ' pin is invalid: Expected a valid unsigned number for a byte property
[2016.03.17-10.41.38:941][745]LogBlueprint:Error: [compiler BP_Avatar] Error The property associated with  Kinect Interface  could not be found
[2016.03.17-10.41.38:941][745]LogBlueprint:Error: [compiler BP_Avatar] Error The current value (Right) of the ' Hand ' pin is invalid: Expected a valid unsigned number for a byte property
[2016.03.17-10.41.38:948][745]LogBlueprint:Warning: [compiler BP_Avatar] Warning [0021.64] Compile of BP_Avatar failed. 16 Fatal Issue(s) 7 Warning(s) [in 14 ms]
[2016.03.17-10.41.38:948][745]LogBlueprint:Warning: [compiler BP_Avatar] Warning [0021.64] Compile of BP_Avatar failed. 16 Fatal Issue(s) 8 Warning(s) [in 0 ms]
[2016.03.17-10.41.38:948][745]LogBlueprint:Warning: [compiler BP_Avatar] Warning [0021.64] Compile of BP_Avatar failed. 16 Fatal Issue(s) 9 Warning(s) [in 0 ms]
[2016.03.17-10.41.39:007][745]LogLinker:Warning: Asset '../../../Engine/Content/ArtTools/RenderToTexture/Macros/RenderToTextureMacros.uasset' has been saved with empty engine version. The asset will be loaded but may be incompatible.
[2016.03.17-10.41.39:443][745]LogContentBrowser: Native class hierarchy updated for 'BlueprintGraph' in 0.0013 seconds. Added 107 classes and 0 folders.
[2016.03.17-10.41.41:014][821]BlueprintLog: New page: Compile BP_Avatar
[2016.03.17-10.41.41:035][821]LogBlueprint:Error: [compiler BP_Avatar] Error Could not find a function named "GetHandStateAsExecution" in 'BP_Avatar'.
Make sure 'BP_Avatar' has been compiled for  Get Hand State as Execution 
[2016.03.17-10.41.41:035][821]LogBlueprint:Warning: [compiler BP_Avatar] Warning Could not find a variable named "KinectInterface" in 'BP_Avatar_C'.
Make sure 'BP_Avatar_C' has been compiled for  Get KinectInterface 
[2016.03.17-10.41.41:035][821]LogBlueprint:Warning: [compiler BP_Avatar] Warning Could not find a variable named "KinectInterface" in 'BP_Avatar_C'.
Make sure 'BP_Avatar_C' has been compiled for  Get KinectInterface 
[2016.03.17-10.41.41:035][821]LogBlueprint:Error: [compiler BP_Avatar] Error Could not find a function named "GetDistanceBetweenJoints" in 'BP_Avatar'.
Make sure 'BP_Avatar' has been compiled for  Get Distance Between Joints 
[2016.03.17-10.41.41:035][821]LogBlueprint:Warning: [compiler BP_Avatar] Warning Could not find a variable named "KinectInterface" in 'BP_Avatar_C'.
Make sure 'BP_Avatar_C' has been compiled for  Get KinectInterface 
[2016.03.17-10.41.41:035][821]LogBlueprint:Error: [compiler BP_Avatar] Error Could not find a function named "GetDistanceBetweenJoints" in 'BP_Avatar'.
Make sure 'BP_Avatar' has been compiled for  Get Distance Between Joints 
[2016.03.17-10.41.41:035][821]LogBlueprint:Warning: [compiler BP_Avatar] Warning Could not find a variable named "KinectInterface" in 'BP_Avatar_C'.
Make sure 'BP_Avatar_C' has been compiled for  Get KinectInterface 
[2016.03.17-10.41.41:036][821]LogBlueprint:Error: [compiler BP_Avatar] Error Could not find a function named "GetCenteredBody" in 'BP_Avatar'.
Make sure 'BP_Avatar' has been compiled for  Get Centered Body 
[2016.03.17-10.41.41:036][821]LogBlueprint:Warning: [compiler BP_Avatar] Warning Could not find a variable named "KinectInterface" in 'BP_Avatar_C'.
Make sure 'BP_Avatar_C' has been compiled for  Get KinectInterface 
[2016.03.17-10.41.41:036][821]LogBlueprint:Error: [compiler BP_Avatar] Error Could not find a function named "GetHandStateAsExecution" in 'BP_Avatar'.
Make sure 'BP_Avatar' has been compiled for  Get Hand State as Execution 
[2016.03.17-10.41.41:036][821]LogBlueprint:Warning: [compiler BP_Avatar] Warning Could not find a variable named "KinectInterface" in 'BP_Avatar_C'.
Make sure 'BP_Avatar_C' has been compiled for  Get KinectInterface 
[2016.03.17-10.41.41:036][821]LogBlueprint:Error: [compiler BP_Avatar] Error Could not find a function named "GetHandStateAsExecution" in 'BP_Avatar'.
Make sure 'BP_Avatar' has been compiled for  Get Hand State as Execution 
[2016.03.17-10.41.41:036][821]LogBlueprint:Warning: [compiler BP_Avatar] Warning Could not find a variable named "KinectInterface" in 'BP_Avatar_C'.
Make sure 'BP_Avatar_C' has been compiled for  Get KinectInterface 
[2016.03.17-10.41.41:036][821]LogBlueprint:Error: [compiler BP_Avatar] Error Could not find a function named "GetCenteredBody" in 'BP_Avatar'.
Make sure 'BP_Avatar' has been compiled for  Get Centered Body 
[2016.03.17-10.41.41:036][821]LogBlueprint:Error: [compiler BP_Avatar] Error The property associated with  Kinect Interface  could not be found
[2016.03.17-10.41.41:037][821]LogBlueprint:Error: [compiler BP_Avatar] Error The property associated with  Kinect Interface  could not be found
[2016.03.17-10.41.41:037][821]LogBlueprint:Error: [compiler BP_Avatar] Error The current value (AnkleRight) of the ' Start Joint ' pin is invalid: Expected a valid unsigned number for a byte property
[2016.03.17-10.41.41:037][821]LogBlueprint:Error: [compiler BP_Avatar] Error The current value (AnkleLeft) of the ' End Joint ' pin is invalid: Expected a valid unsigned number for a byte property
[2016.03.17-10.41.41:037][821]LogBlueprint:Error: [compiler BP_Avatar] Error The property associated with  Kinect Interface  could not be found
[2016.03.17-10.41.41:037][821]LogBlueprint:Error: [compiler BP_Avatar] Error The current value (Head) of the ' Start Joint ' pin is invalid: Expected a valid unsigned number for a byte property
[2016.03.17-10.41.41:037][821]LogBlueprint:Error: [compiler BP_Avatar] Error The current value (AnkleRight) of the ' End Joint ' pin is invalid: Expected a valid unsigned number for a byte property
[2016.03.17-10.41.41:037][821]LogBlueprint:Error: [compiler BP_Avatar] Error The property associated with  Kinect Interface  could not be found
[2016.03.17-10.41.41:038][821]LogBlueprint:Error: [compiler BP_Avatar] Error The current value (Right) of the ' Hand ' pin is invalid: Expected a valid unsigned number for a byte property
[2016.03.17-10.41.41:164][821]LogActorComponent: UnregisterComponent: (/Engine/Transient.CharMoveComp) Not registered. Aborting.
[2016.03.17-10.41.41:164][821]LogActorComponent: UnregisterComponent: (/Engine/Transient.CharacterMovementComponent_0) Not registered. Aborting.
[2016.03.17-10.41.41:193][821]LogBlueprint:Warning: [compiler BP_Avatar] Warning [0023.89] Compile of BP_Avatar failed. 16 Fatal Issue(s) 7 Warning(s) [in 179 ms]
[2016.03.17-10.41.41:193][821]BlueprintEditorCompileResults:Error: Error Could not find a function named "GetHandStateAsExecution" in 'BP_Avatar'.
Make sure 'BP_Avatar' has been compiled for  Get Hand State as Execution 
[2016.03.17-10.41.41:193][821]BlueprintEditorCompileResults:Warning: Warning Could not find a variable named "KinectInterface" in 'BP_Avatar_C'.
Make sure 'BP_Avatar_C' has been compiled for  Get KinectInterface 
[2016.03.17-10.41.41:193][821]BlueprintEditorCompileResults:Warning: Warning Could not find a variable named "KinectInterface" in 'BP_Avatar_C'.
Make sure 'BP_Avatar_C' has been compiled for  Get KinectInterface 
[2016.03.17-10.41.41:193][821]BlueprintEditorCompileResults:Error: Error Could not find a function named "GetDistanceBetweenJoints" in 'BP_Avatar'.
Make sure 'BP_Avatar' has been compiled for  Get Distance Between Joints 
[2016.03.17-10.41.41:193][821]BlueprintEditorCompileResults:Warning: Warning Could not find a variable named "KinectInterface" in 'BP_Avatar_C'.
Make sure 'BP_Avatar_C' has been compiled for  Get KinectInterface 
[2016.03.17-10.41.41:193][821]BlueprintEditorCompileResults:Error: Error Could not find a function named "GetDistanceBetweenJoints" in 'BP_Avatar'.
Make sure 'BP_Avatar' has been compiled for  Get Distance Between Joints 
[2016.03.17-10.41.41:193][821]BlueprintEditorCompileResults:Warning: Warning Could not find a variable named "KinectInterface" in 'BP_Avatar_C'.
Make sure 'BP_Avatar_C' has been compiled for  Get KinectInterface 
[2016.03.17-10.41.41:193][821]BlueprintEditorCompileResults:Error: Error Could not find a function named "GetCenteredBody" in 'BP_Avatar'.
Make sure 'BP_Avatar' has been compiled for  Get Centered Body 
[2016.03.17-10.41.41:193][821]BlueprintEditorCompileResults:Warning: Warning Could not find a variable named "KinectInterface" in 'BP_Avatar_C'.
Make sure 'BP_Avatar_C' has been compiled for  Get KinectInterface 
[2016.03.17-10.41.41:193][821]BlueprintEditorCompileResults:Error: Error Could not find a function named "GetHandStateAsExecution" in 'BP_Avatar'.
Make sure 'BP_Avatar' has been compiled for  Get Hand State as Execution 
[2016.03.17-10.41.41:194][821]BlueprintEditorCompileResults:Warning: Warning Could not find a variable named "KinectInterface" in 'BP_Avatar_C'.
Make sure 'BP_Avatar_C' has been compiled for  Get KinectInterface 
[2016.03.17-10.41.41:194][821]BlueprintEditorCompileResults:Error: Error Could not find a function named "GetHandStateAsExecution" in 'BP_Avatar'.
Make sure 'BP_Avatar' has been compiled for  Get Hand State as Execution 
[2016.03.17-10.41.41:194][821]BlueprintEditorCompileResults:Warning: Warning Could not find a variable named "KinectInterface" in 'BP_Avatar_C'.
Make sure 'BP_Avatar_C' has been compiled for  Get KinectInterface 
[2016.03.17-10.41.41:194][821]BlueprintEditorCompileResults:Error: Error Could not find a function named "GetCenteredBody" in 'BP_Avatar'.
Make sure 'BP_Avatar' has been compiled for  Get Centered Body 
[2016.03.17-10.41.41:194][821]BlueprintEditorCompileResults:Error: Error The property associated with  Kinect Interface  could not be found
[2016.03.17-10.41.41:194][821]BlueprintEditorCompileResults:Error: Error The property associated with  Kinect Interface  could not be found
[2016.03.17-10.41.41:194][821]BlueprintEditorCompileResults:Error: Error The current value (AnkleRight) of the ' Start Joint ' pin is invalid: Expected a valid unsigned number for a byte property
[2016.03.17-10.41.41:194][821]BlueprintEditorCompileResults:Error: Error The current value (AnkleLeft) of the ' End Joint ' pin is invalid: Expected a valid unsigned number for a byte property
[2016.03.17-10.41.41:194][821]BlueprintEditorCompileResults:Error: Error The property associated with  Kinect Interface  could not be found
[2016.03.17-10.41.41:194][821]BlueprintEditorCompileResults:Error: Error The current value (Head) of the ' Start Joint ' pin is invalid: Expected a valid unsigned number for a byte property
[2016.03.17-10.41.41:194][821]BlueprintEditorCompileResults:Error: Error The current value (AnkleRight) of the ' End Joint ' pin is invalid: Expected a valid unsigned number for a byte property
[2016.03.17-10.41.41:194][821]BlueprintEditorCompileResults:Error: Error The property associated with  Kinect Interface  could not be found
[2016.03.17-10.41.41:194][821]BlueprintEditorCompileResults:Error: Error The current value (Right) of the ' Hand ' pin is invalid: Expected a valid unsigned number for a byte property
[2016.03.17-10.41.41:194][821]BlueprintEditorCompileResults:Warning: Warning [0023.89] Compile of BP_Avatar failed. 16 Fatal Issue(s) 7 Warning(s) [in 179 ms]
[2016.03.17-10.41.45:236][217]LogBlueprintUserMessages: Early PlayInEditor Detection: Level '/Game/MyFirstLevel.MyFirstLevel:PersistentLevel' has LevelScriptBlueprint '/Game/MyFirstLevel.MyFirstLevel:PersistentLevel.MyFirstLevel' with GeneratedClass '/Game/MyFirstLevel.MyFirstLevel_C' with ClassGeneratedBy '/Game/MyFirstLevel.MyFirstLevel:PersistentLevel.MyFirstLevel'
[2016.03.17-10.41.45:236][217]LogPlayLevel: PlayLevel: No blueprints needed recompiling
[2016.03.17-10.42.08:520][501]BlueprintLog: New page: Compile BP_Avatar
[2016.03.17-10.42.08:540][501]LogBlueprint:Error: [compiler BP_Avatar] Error Could not find a function named "GetHandStateAsExecution" in 'BP_Avatar'.
Make sure 'BP_Avatar' has been compiled for  Get Hand State as Execution 
[2016.03.17-10.42.08:540][501]LogBlueprint:Warning: [compiler BP_Avatar] Warning Could not find a variable named "KinectInterface" in 'BP_Avatar_C'.
Make sure 'BP_Avatar_C' has been compiled for  Get KinectInterface 
[2016.03.17-10.42.08:540][501]LogBlueprint:Warning: [compiler BP_Avatar] Warning Could not find a variable named "KinectInterface" in 'BP_Avatar_C'.
Make sure 'BP_Avatar_C' has been compiled for  Get KinectInterface 
[2016.03.17-10.42.08:540][501]LogBlueprint:Error: [compiler BP_Avatar] Error Could not find a function named "GetDistanceBetweenJoints" in 'BP_Avatar'.
Make sure 'BP_Avatar' has been compiled for  Get Distance Between Joints 
[2016.03.17-10.42.08:541][501]LogBlueprint:Warning: [compiler BP_Avatar] Warning Could not find a variable named "KinectInterface" in 'BP_Avatar_C'.
Make sure 'BP_Avatar_C' has been compiled for  Get KinectInterface 
[2016.03.17-10.42.08:541][501]LogBlueprint:Error: [compiler BP_Avatar] Error Could not find a function named "GetDistanceBetweenJoints" in 'BP_Avatar'.
Make sure 'BP_Avatar' has been compiled for  Get Distance Between Joints 
[2016.03.17-10.42.08:541][501]LogBlueprint:Warning: [compiler BP_Avatar] Warning Could not find a variable named "KinectInterface" in 'BP_Avatar_C'.
Make sure 'BP_Avatar_C' has been compiled for  Get KinectInterface 
[2016.03.17-10.42.08:541][501]LogBlueprint:Error: [compiler BP_Avatar] Error Could not find a function named "GetCenteredBody" in 'BP_Avatar'.
Make sure 'BP_Avatar' has been compiled for  Get Centered Body 
[2016.03.17-10.42.08:541][501]LogBlueprint:Warning: [compiler BP_Avatar] Warning Could not find a variable named "KinectInterface" in 'BP_Avatar_C'.
Make sure 'BP_Avatar_C' has been compiled for  Get KinectInterface 
[2016.03.17-10.42.08:541][501]LogBlueprint:Error: [compiler BP_Avatar] Error Could not find a function named "GetHandStateAsExecution" in 'BP_Avatar'.
Make sure 'BP_Avatar' has been compiled for  Get Hand State as Execution 
[2016.03.17-10.42.08:541][501]LogBlueprint:Warning: [compiler BP_Avatar] Warning Could not find a variable named "KinectInterface" in 'BP_Avatar_C'.
Make sure 'BP_Avatar_C' has been compiled for  Get KinectInterface 
[2016.03.17-10.42.08:541][501]LogBlueprint:Error: [compiler BP_Avatar] Error Could not find a function named "GetHandStateAsExecution" in 'BP_Avatar'.
Make sure 'BP_Avatar' has been compiled for  Get Hand State as Execution 
[2016.03.17-10.42.08:541][501]LogBlueprint:Warning: [compiler BP_Avatar] Warning Could not find a variable named "KinectInterface" in 'BP_Avatar_C'.
Make sure 'BP_Avatar_C' has been compiled for  Get KinectInterface 
[2016.03.17-10.42.08:541][501]LogBlueprint:Error: [compiler BP_Avatar] Error Could not find a function named "GetCenteredBody" in 'BP_Avatar'.
Make sure 'BP_Avatar' has been compiled for  Get Centered Body 
[2016.03.17-10.42.08:542][501]LogBlueprint:Error: [compiler BP_Avatar] Error The property associated with  Kinect Interface  could not be found
[2016.03.17-10.42.08:542][501]LogBlueprint:Error: [compiler BP_Avatar] Error The property associated with  Kinect Interface  could not be found
[2016.03.17-10.42.08:542][501]LogBlueprint:Error: [compiler BP_Avatar] Error The current value (AnkleRight) of the ' Start Joint ' pin is invalid: Expected a valid unsigned number for a byte property
[2016.03.17-10.42.08:542][501]LogBlueprint:Error: [compiler BP_Avatar] Error The current value (AnkleLeft) of the ' End Joint ' pin is invalid: Expected a valid unsigned number for a byte property
[2016.03.17-10.42.08:542][501]LogBlueprint:Error: [compiler BP_Avatar] Error The property associated with  Kinect Interface  could not be found
[2016.03.17-10.42.08:543][501]LogBlueprint:Error: [compiler BP_Avatar] Error The current value (Head) of the ' Start Joint ' pin is invalid: Expected a valid unsigned number for a byte property
[2016.03.17-10.42.08:543][501]LogBlueprint:Error: [compiler BP_Avatar] Error The current value (AnkleRight) of the ' End Joint ' pin is invalid: Expected a valid unsigned number for a byte property
[2016.03.17-10.42.08:543][501]LogBlueprint:Error: [compiler BP_Avatar] Error The property associated with  Kinect Interface  could not be found
[2016.03.17-10.42.08:543][501]LogBlueprint:Error: [compiler BP_Avatar] Error The current value (Right) of the ' Hand ' pin is invalid: Expected a valid unsigned number for a byte property
[2016.03.17-10.42.08:676][501]LogActorComponent: UnregisterComponent: (/Engine/Transient.CharMoveComp) Not registered. Aborting.
[2016.03.17-10.42.08:676][501]LogActorComponent: UnregisterComponent: (/Engine/Transient.CharacterMovementComponent_1) Not registered. Aborting.
[2016.03.17-10.42.08:702][501]LogParticles: Destroying 0 GPU particle simulations for FXSystem 0x0000008AEFAE6DE0
[2016.03.17-10.42.08:712][501]LogBlueprint:Warning: [compiler BP_Avatar] Warning [0051.41] Compile of BP_Avatar failed. 16 Fatal Issue(s) 7 Warning(s) [in 192 ms]
[2016.03.17-10.42.08:712][501]BlueprintEditorCompileResults:Error: Error Could not find a function named "GetHandStateAsExecution" in 'BP_Avatar'.
Make sure 'BP_Avatar' has been compiled for  Get Hand State as Execution 
[2016.03.17-10.42.08:712][501]BlueprintEditorCompileResults:Warning: Warning Could not find a variable named "KinectInterface" in 'BP_Avatar_C'.
Make sure 'BP_Avatar_C' has been compiled for  Get KinectInterface 
[2016.03.17-10.42.08:712][501]BlueprintEditorCompileResults:Warning: Warning Could not find a variable named "KinectInterface" in 'BP_Avatar_C'.
Make sure 'BP_Avatar_C' has been compiled for  Get KinectInterface 
[2016.03.17-10.42.08:712][501]BlueprintEditorCompileResults:Error: Error Could not find a function named "GetDistanceBetweenJoints" in 'BP_Avatar'.
Make sure 'BP_Avatar' has been compiled for  Get Distance Between Joints 
[2016.03.17-10.42.08:712][501]BlueprintEditorCompileResults:Warning: Warning Could not find a variable named "KinectInterface" in 'BP_Avatar_C'.
Make sure 'BP_Avatar_C' has been compiled for  Get KinectInterface 
[2016.03.17-10.42.08:712][501]BlueprintEditorCompileResults:Error: Error Could not find a function named "GetDistanceBetweenJoints" in 'BP_Avatar'.
Make sure 'BP_Avatar' has been compiled for  Get Distance Between Joints 
[2016.03.17-10.42.08:712][501]BlueprintEditorCompileResults:Warning: Warning Could not find a variable named "KinectInterface" in 'BP_Avatar_C'.
Make sure 'BP_Avatar_C' has been compiled for  Get KinectInterface 
[2016.03.17-10.42.08:712][501]BlueprintEditorCompileResults:Error: Error Could not find a function named "GetCenteredBody" in 'BP_Avatar'.
Make sure 'BP_Avatar' has been compiled for  Get Centered Body 
[2016.03.17-10.42.08:712][501]BlueprintEditorCompileResults:Warning: Warning Could not find a variable named "KinectInterface" in 'BP_Avatar_C'.
Make sure 'BP_Avatar_C' has been compiled for  Get KinectInterface 
[2016.03.17-10.42.08:712][501]BlueprintEditorCompileResults:Error: Error Could not find a function named "GetHandStateAsExecution" in 'BP_Avatar'.
Make sure 'BP_Avatar' has been compiled for  Get Hand State as Execution 
[2016.03.17-10.42.08:712][501]BlueprintEditorCompileResults:Warning: Warning Could not find a variable named "KinectInterface" in 'BP_Avatar_C'.
Make sure 'BP_Avatar_C' has been compiled for  Get KinectInterface 
[2016.03.17-10.42.08:712][501]BlueprintEditorCompileResults:Error: Error Could not find a function named "GetHandStateAsExecution" in 'BP_Avatar'.
Make sure 'BP_Avatar' has been compiled for  Get Hand State as Execution 
[2016.03.17-10.42.08:712][501]BlueprintEditorCompileResults:Warning: Warning Could not find a variable named "KinectInterface" in 'BP_Avatar_C'.
Make sure 'BP_Avatar_C' has been compiled for  Get KinectInterface 
[2016.03.17-10.42.08:712][501]BlueprintEditorCompileResults:Error: Error Could not find a function named "GetCenteredBody" in 'BP_Avatar'.
Make sure 'BP_Avatar' has been compiled for  Get Centered Body 
[2016.03.17-10.42.08:712][501]BlueprintEditorCompileResults:Error: Error The property associated with  Kinect Interface  could not be found
[2016.03.17-10.42.08:712][501]BlueprintEditorCompileResults:Error: Error The property associated with  Kinect Interface  could not be found
[2016.03.17-10.42.08:712][501]BlueprintEditorCompileResults:Error: Error The current value (AnkleRight) of the ' Start Joint ' pin is invalid: Expected a valid unsigned number for a byte property
[2016.03.17-10.42.08:712][501]BlueprintEditorCompileResults:Error: Error The current value (AnkleLeft) of the ' End Joint ' pin is invalid: Expected a valid unsigned number for a byte property
[2016.03.17-10.42.08:712][501]BlueprintEditorCompileResults:Error: Error The property associated with  Kinect Interface  could not be found
[2016.03.17-10.42.08:712][501]BlueprintEditorCompileResults:Error: Error The current value (Head) of the ' Start Joint ' pin is invalid: Expected a valid unsigned number for a byte property
[2016.03.17-10.42.08:712][501]BlueprintEditorCompileResults:Error: Error The current value (AnkleRight) of the ' End Joint ' pin is invalid: Expected a valid unsigned number for a byte property
[2016.03.17-10.42.08:712][501]BlueprintEditorCompileResults:Error: Error The property associated with  Kinect Interface  could not be found
[2016.03.17-10.42.08:713][501]BlueprintEditorCompileResults:Error: Error The current value (Right) of the ' Hand ' pin is invalid: Expected a valid unsigned number for a byte property
[2016.03.17-10.42.08:713][501]BlueprintEditorCompileResults:Warning: Warning [0051.41] Compile of BP_Avatar failed. 16 Fatal Issue(s) 7 Warning(s) [in 192 ms]
[2016.03.17-10.42.26:793][883]BlueprintLog: New page: Compile BP_Avatar
[2016.03.17-10.42.26:815][883]LogBlueprint:Error: [compiler BP_Avatar] Error Could not find a function named "GetHandStateAsExecution" in 'BP_Avatar'.
Make sure 'BP_Avatar' has been compiled for  Get Hand State as Execution 
[2016.03.17-10.42.26:815][883]LogBlueprint:Warning: [compiler BP_Avatar] Warning Could not find a variable named "KinectInterface" in 'BP_Avatar_C'.
Make sure 'BP_Avatar_C' has been compiled for  Get KinectInterface 
[2016.03.17-10.42.26:816][883]LogBlueprint:Warning: [compiler BP_Avatar] Warning Could not find a variable named "KinectInterface" in 'BP_Avatar_C'.
Make sure 'BP_Avatar_C' has been compiled for  Get KinectInterface 
[2016.03.17-10.42.26:816][883]LogBlueprint:Error: [compiler BP_Avatar] Error Could not find a function named "GetDistanceBetweenJoints" in 'BP_Avatar'.
Make sure 'BP_Avatar' has been compiled for  Get Distance Between Joints 
[2016.03.17-10.42.26:816][883]LogBlueprint:Warning: [compiler BP_Avatar] Warning Could not find a variable named "KinectInterface" in 'BP_Avatar_C'.
Make sure 'BP_Avatar_C' has been compiled for  Get KinectInterface 
[2016.03.17-10.42.26:816][883]LogBlueprint:Error: [compiler BP_Avatar] Error Could not find a function named "GetDistanceBetweenJoints" in 'BP_Avatar'.
Make sure 'BP_Avatar' has been compiled for  Get Distance Between Joints 
[2016.03.17-10.42.26:816][883]LogBlueprint:Warning: [compiler BP_Avatar] Warning Could not find a variable named "KinectInterface" in 'BP_Avatar_C'.
Make sure 'BP_Avatar_C' has been compiled for  Get KinectInterface 
[2016.03.17-10.42.26:816][883]LogBlueprint:Error: [compiler BP_Avatar] Error Could not find a function named "GetCenteredBody" in 'BP_Avatar'.
Make sure 'BP_Avatar' has been compiled for  Get Centered Body 
[2016.03.17-10.42.26:816][883]LogBlueprint:Warning: [compiler BP_Avatar] Warning Could not find a variable named "KinectInterface" in 'BP_Avatar_C'.
Make sure 'BP_Avatar_C' has been compiled for  Get KinectInterface 
[2016.03.17-10.42.26:816][883]LogBlueprint:Error: [compiler BP_Avatar] Error Could not find a function named "GetHandStateAsExecution" in 'BP_Avatar'.
Make sure 'BP_Avatar' has been compiled for  Get Hand State as Execution 
[2016.03.17-10.42.26:816][883]LogBlueprint:Warning: [compiler BP_Avatar] Warning Could not find a variable named "KinectInterface" in 'BP_Avatar_C'.
Make sure 'BP_Avatar_C' has been compiled for  Get KinectInterface 
[2016.03.17-10.42.26:817][883]LogBlueprint:Error: [compiler BP_Avatar] Error Could not find a function named "GetHandStateAsExecution" in 'BP_Avatar'.
Make sure 'BP_Avatar' has been compiled for  Get Hand State as Execution 
[2016.03.17-10.42.26:817][883]LogBlueprint:Warning: [compiler BP_Avatar] Warning Could not find a variable named "KinectInterface" in 'BP_Avatar_C'.
Make sure 'BP_Avatar_C' has been compiled for  Get KinectInterface 
[2016.03.17-10.42.26:817][883]LogBlueprint:Error: [compiler BP_Avatar] Error Could not find a function named "GetCenteredBody" in 'BP_Avatar'.
Make sure 'BP_Avatar' has been compiled for  Get Centered Body 
[2016.03.17-10.42.26:817][883]LogBlueprint:Error: [compiler BP_Avatar] Error The property associated with  Kinect Interface  could not be found
[2016.03.17-10.42.26:817][883]LogBlueprint:Error: [compiler BP_Avatar] Error The property associated with  Kinect Interface  could not be found
[2016.03.17-10.42.26:817][883]LogBlueprint:Error: [compiler BP_Avatar] Error The current value (AnkleRight) of the ' Start Joint ' pin is invalid: Expected a valid unsigned number for a byte property
[2016.03.17-10.42.26:817][883]LogBlueprint:Error: [compiler BP_Avatar] Error The current value (AnkleLeft) of the ' End Joint ' pin is invalid: Expected a valid unsigned number for a byte property
[2016.03.17-10.42.26:818][883]LogBlueprint:Error: [compiler BP_Avatar] Error The property associated with  Kinect Interface  could not be found
[2016.03.17-10.42.26:818][883]LogBlueprint:Error: [compiler BP_Avatar] Error The current value (Head) of the ' Start Joint ' pin is invalid: Expected a valid unsigned number for a byte property
[2016.03.17-10.42.26:818][883]LogBlueprint:Error: [compiler BP_Avatar] Error The current value (AnkleRight) of the ' End Joint ' pin is invalid: Expected a valid unsigned number for a byte property
[2016.03.17-10.42.26:819][883]LogBlueprint:Error: [compiler BP_Avatar] Error The property associated with  Kinect Interface  could not be found
[2016.03.17-10.42.26:819][883]LogBlueprint:Error: [compiler BP_Avatar] Error The current value (Right) of the ' Hand ' pin is invalid: Expected a valid unsigned number for a byte property
[2016.03.17-10.42.26:963][883]LogActorComponent: UnregisterComponent: (/Engine/Transient.CharMoveComp) Not registered. Aborting.
[2016.03.17-10.42.26:963][883]LogActorComponent: UnregisterComponent: (/Engine/Transient.CharacterMovementComponent_2) Not registered. Aborting.
[2016.03.17-10.42.26:989][883]LogParticles: Destroying 0 GPU particle simulations for FXSystem 0x0000008AFE2CC860
[2016.03.17-10.42.26:996][883]LogBlueprint:Warning: [compiler BP_Avatar] Warning [0069.69] Compile of BP_Avatar failed. 16 Fatal Issue(s) 7 Warning(s) [in 203 ms]
[2016.03.17-10.42.26:996][883]BlueprintEditorCompileResults:Error: Error Could not find a function named "GetHandStateAsExecution" in 'BP_Avatar'.
Make sure 'BP_Avatar' has been compiled for  Get Hand State as Execution 
[2016.03.17-10.42.26:996][883]BlueprintEditorCompileResults:Warning: Warning Could not find a variable named "KinectInterface" in 'BP_Avatar_C'.
Make sure 'BP_Avatar_C' has been compiled for  Get KinectInterface 
[2016.03.17-10.42.26:996][883]BlueprintEditorCompileResults:Warning: Warning Could not find a variable named "KinectInterface" in 'BP_Avatar_C'.
Make sure 'BP_Avatar_C' has been compiled for  Get KinectInterface 
[2016.03.17-10.42.26:996][883]BlueprintEditorCompileResults:Error: Error Could not find a function named "GetDistanceBetweenJoints" in 'BP_Avatar'.
Make sure 'BP_Avatar' has been compiled for  Get Distance Between Joints 
[2016.03.17-10.42.26:996][883]BlueprintEditorCompileResults:Warning: Warning Could not find a variable named "KinectInterface" in 'BP_Avatar_C'.
Make sure 'BP_Avatar_C' has been compiled for  Get KinectInterface 
[2016.03.17-10.42.26:997][883]BlueprintEditorCompileResults:Error: Error Could not find a function named "GetDistanceBetweenJoints" in 'BP_Avatar'.
Make sure 'BP_Avatar' has been compiled for  Get Distance Between Joints 
[2016.03.17-10.42.26:997][883]BlueprintEditorCompileResults:Warning: Warning Could not find a variable named "KinectInterface" in 'BP_Avatar_C'.
Make sure 'BP_Avatar_C' has been compiled for  Get KinectInterface 
[2016.03.17-10.42.26:997][883]BlueprintEditorCompileResults:Error: Error Could not find a function named "GetCenteredBody" in 'BP_Avatar'.
Make sure 'BP_Avatar' has been compiled for  Get Centered Body 
[2016.03.17-10.42.26:997][883]BlueprintEditorCompileResults:Warning: Warning Could not find a variable named "KinectInterface" in 'BP_Avatar_C'.
Make sure 'BP_Avatar_C' has been compiled for  Get KinectInterface 
[2016.03.17-10.42.26:997][883]BlueprintEditorCompileResults:Error: Error Could not find a function named "GetHandStateAsExecution" in 'BP_Avatar'.
Make sure 'BP_Avatar' has been compiled for  Get Hand State as Execution 
[2016.03.17-10.42.26:997][883]BlueprintEditorCompileResults:Warning: Warning Could not find a variable named "KinectInterface" in 'BP_Avatar_C'.
Make sure 'BP_Avatar_C' has been compiled for  Get KinectInterface 
[2016.03.17-10.42.26:997][883]BlueprintEditorCompileResults:Error: Error Could not find a function named "GetHandStateAsExecution" in 'BP_Avatar'.
Make sure 'BP_Avatar' has been compiled for  Get Hand State as Execution 
[2016.03.17-10.42.26:997][883]BlueprintEditorCompileResults:Warning: Warning Could not find a variable named "KinectInterface" in 'BP_Avatar_C'.
Make sure 'BP_Avatar_C' has been compiled for  Get KinectInterface 
[2016.03.17-10.42.26:997][883]BlueprintEditorCompileResults:Error: Error Could not find a function named "GetCenteredBody" in 'BP_Avatar'.
Make sure 'BP_Avatar' has been compiled for  Get Centered Body 
[2016.03.17-10.42.26:997][883]BlueprintEditorCompileResults:Error: Error The property associated with  Kinect Interface  could not be found
[2016.03.17-10.42.26:997][883]BlueprintEditorCompileResults:Error: Error The property associated with  Kinect Interface  could not be found
[2016.03.17-10.42.26:997][883]BlueprintEditorCompileResults:Error: Error The current value (AnkleRight) of the ' Start Joint ' pin is invalid: Expected a valid unsigned number for a byte property
[2016.03.17-10.42.26:997][883]BlueprintEditorCompileResults:Error: Error The current value (AnkleLeft) of the ' End Joint ' pin is invalid: Expected a valid unsigned number for a byte property
[2016.03.17-10.42.26:997][883]BlueprintEditorCompileResults:Error: Error The property associated with  Kinect Interface  could not be found
[2016.03.17-10.42.26:997][883]BlueprintEditorCompileResults:Error: Error The current value (Head) of the ' Start Joint ' pin is invalid: Expected a valid unsigned number for a byte property
[2016.03.17-10.42.26:997][883]BlueprintEditorCompileResults:Error: Error The current value (AnkleRight) of the ' End Joint ' pin is invalid: Expected a valid unsigned number for a byte property
[2016.03.17-10.42.26:997][883]BlueprintEditorCompileResults:Error: Error The property associated with  Kinect Interface  could not be found
[2016.03.17-10.42.26:997][883]BlueprintEditorCompileResults:Error: Error The current value (Right) of the ' Hand ' pin is invalid: Expected a valid unsigned number for a byte property
[2016.03.17-10.42.26:997][883]BlueprintEditorCompileResults:Warning: Warning [0069.69] Compile of BP_Avatar failed. 16 Fatal Issue(s) 7 Warning(s) [in 203 ms]
[2016.03.17-10.42.29:079][ 14]Cmd: OBJ SAVEPACKAGE PACKAGE="/Game/BP_Avatar" FILE="../../../../../../UnrealProjects/GE_Project/Content/BP_Avatar.uasset" SILENT=true
[2016.03.17-10.42.29:204][ 14]LogSavePackage: Save=78.788704ms
[2016.03.17-10.42.29:204][ 14]LogSavePackage: Moving '../../../../../../UnrealProjects/GE_Project/Saved/BP_Avatar5C3562A347CE52C3701B6EADA656EF1D.tmp' to '../../../../../../UnrealProjects/GE_Project/Content/BP_Avatar.uasset'
[2016.03.17-10.42.29:205][ 14]LogSavePackage: Total save time: 124.347541ms
[2016.03.17-10.42.29:205][ 14]LogSavePackage:Warning: Finished SavePackage ../../../../../../UnrealProjects/GE_Project/Content/BP_Avatar.uasset
[2016.03.17-10.42.31:894][199]BlueprintLog: New page: Compile BP_Avatar
[2016.03.17-10.42.31:921][199]LogBlueprint:Error: [compiler BP_Avatar] Error Could not find a function named "GetHandStateAsExecution" in 'BP_Avatar'.
Make sure 'BP_Avatar' has been compiled for  Get Hand State as Execution 
[2016.03.17-10.42.31:921][199]LogBlueprint:Warning: [compiler BP_Avatar] Warning Could not find a variable named "KinectInterface" in 'BP_Avatar_C'.
Make sure 'BP_Avatar_C' has been compiled for  Get KinectInterface 
[2016.03.17-10.42.31:921][199]LogBlueprint:Warning: [compiler BP_Avatar] Warning Could not find a variable named "KinectInterface" in 'BP_Avatar_C'.
Make sure 'BP_Avatar_C' has been compiled for  Get KinectInterface 
[2016.03.17-10.42.31:921][199]LogBlueprint:Error: [compiler BP_Avatar] Error Could not find a function named "GetDistanceBetweenJoints" in 'BP_Avatar'.
Make sure 'BP_Avatar' has been compiled for  Get Distance Between Joints 
[2016.03.17-10.42.31:921][199]LogBlueprint:Warning: [compiler BP_Avatar] Warning Could not find a variable named "KinectInterface" in 'BP_Avatar_C'.
Make sure 'BP_Avatar_C' has been compiled for  Get KinectInterface 
[2016.03.17-10.42.31:921][199]LogBlueprint:Error: [compiler BP_Avatar] Error Could not find a function named "GetDistanceBetweenJoints" in 'BP_Avatar'.
Make sure 'BP_Avatar' has been compiled for  Get Distance Between Joints 
[2016.03.17-10.42.31:921][199]LogBlueprint:Warning: [compiler BP_Avatar] Warning Could not find a variable named "KinectInterface" in 'BP_Avatar_C'.
Make sure 'BP_Avatar_C' has been compiled for  Get KinectInterface 
[2016.03.17-10.42.31:921][199]LogBlueprint:Error: [compiler BP_Avatar] Error Could not find a function named "GetCenteredBody" in 'BP_Avatar'.
Make sure 'BP_Avatar' has been compiled for  Get Centered Body 
[2016.03.17-10.42.31:921][199]LogBlueprint:Warning: [compiler BP_Avatar] Warning Could not find a variable named "KinectInterface" in 'BP_Avatar_C'.
Make sure 'BP_Avatar_C' has been compiled for  Get KinectInterface 
[2016.03.17-10.42.31:921][199]LogBlueprint:Error: [compiler BP_Avatar] Error Could not find a function named "GetHandStateAsExecution" in 'BP_Avatar'.
Make sure 'BP_Avatar' has been compiled for  Get Hand State as Execution 
[2016.03.17-10.42.31:922][199]LogBlueprint:Warning: [compiler BP_Avatar] Warning Could not find a variable named "KinectInterface" in 'BP_Avatar_C'.
Make sure 'BP_Avatar_C' has been compiled for  Get KinectInterface 
[2016.03.17-10.42.31:922][199]LogBlueprint:Error: [compiler BP_Avatar] Error Could not find a function named "GetHandStateAsExecution" in 'BP_Avatar'.
Make sure 'BP_Avatar' has been compiled for  Get Hand State as Execution 
[2016.03.17-10.42.31:922][199]LogBlueprint:Warning: [compiler BP_Avatar] Warning Could not find a variable named "KinectInterface" in 'BP_Avatar_C'.
Make sure 'BP_Avatar_C' has been compiled for  Get KinectInterface 
[2016.03.17-10.42.31:922][199]LogBlueprint:Error: [compiler BP_Avatar] Error Could not find a function named "GetCenteredBody" in 'BP_Avatar'.
Make sure 'BP_Avatar' has been compiled for  Get Centered Body 
[2016.03.17-10.42.31:923][199]LogBlueprint:Error: [compiler BP_Avatar] Error The property associated with  Kinect Interface  could not be found
[2016.03.17-10.42.31:924][199]LogBlueprint:Error: [compiler BP_Avatar] Error The property associated with  Kinect Interface  could not be found
[2016.03.17-10.42.31:924][199]LogBlueprint:Error: [compiler BP_Avatar] Error The current value (AnkleRight) of the ' Start Joint ' pin is invalid: Expected a valid unsigned number for a byte property
[2016.03.17-10.42.31:924][199]LogBlueprint:Error: [compiler BP_Avatar] Error The current value (AnkleLeft) of the ' End Joint ' pin is invalid: Expected a valid unsigned number for a byte property
[2016.03.17-10.42.31:925][199]LogBlueprint:Error: [compiler BP_Avatar] Error The property associated with  Kinect Interface  could not be found
[2016.03.17-10.42.31:925][199]LogBlueprint:Error: [compiler BP_Avatar] Error The current value (Head) of the ' Start Joint ' pin is invalid: Expected a valid unsigned number for a byte property
[2016.03.17-10.42.31:925][199]LogBlueprint:Error: [compiler BP_Avatar] Error The current value (AnkleRight) of the ' End Joint ' pin is invalid: Expected a valid unsigned number for a byte property
[2016.03.17-10.42.31:925][199]LogBlueprint:Error: [compiler BP_Avatar] Error The property associated with  Kinect Interface  could not be found
[2016.03.17-10.42.31:925][199]LogBlueprint:Error: [compiler BP_Avatar] Error The current value (Right) of the ' Hand ' pin is invalid: Expected a valid unsigned number for a byte property
[2016.03.17-10.42.32:068][199]LogActorComponent: UnregisterComponent: (/Engine/Transient.CharMoveComp) Not registered. Aborting.
[2016.03.17-10.42.32:099][199]LogBlueprint:Warning: [compiler BP_Avatar] Warning [0074.80] Compile of BP_Avatar failed. 16 Fatal Issue(s) 7 Warning(s) [in 205 ms]
[2016.03.17-10.42.32:099][199]BlueprintEditorCompileResults:Error: Error Could not find a function named "GetHandStateAsExecution" in 'BP_Avatar'.
Make sure 'BP_Avatar' has been compiled for  Get Hand State as Execution 
[2016.03.17-10.42.32:099][199]BlueprintEditorCompileResults:Warning: Warning Could not find a variable named "KinectInterface" in 'BP_Avatar_C'.
Make sure 'BP_Avatar_C' has been compiled for  Get KinectInterface 
[2016.03.17-10.42.32:099][199]BlueprintEditorCompileResults:Warning: Warning Could not find a variable named "KinectInterface" in 'BP_Avatar_C'.
Make sure 'BP_Avatar_C' has been compiled for  Get KinectInterface 
[2016.03.17-10.42.32:099][199]BlueprintEditorCompileResults:Error: Error Could not find a function named "GetDistanceBetweenJoints" in 'BP_Avatar'.
Make sure 'BP_Avatar' has been compiled for  Get Distance Between Joints 
[2016.03.17-10.42.32:099][199]BlueprintEditorCompileResults:Warning: Warning Could not find a variable named "KinectInterface" in 'BP_Avatar_C'.
Make sure 'BP_Avatar_C' has been compiled for  Get KinectInterface 
[2016.03.17-10.42.32:099][199]BlueprintEditorCompileResults:Error: Error Could not find a function named "GetDistanceBetweenJoints" in 'BP_Avatar'.
Make sure 'BP_Avatar' has been compiled for  Get Distance Between Joints 
[2016.03.17-10.42.32:099][199]BlueprintEditorCompileResults:Warning: Warning Could not find a variable named "KinectInterface" in 'BP_Avatar_C'.
Make sure 'BP_Avatar_C' has been compiled for  Get KinectInterface 
[2016.03.17-10.42.32:099][199]BlueprintEditorCompileResults:Error: Error Could not find a function named "GetCenteredBody" in 'BP_Avatar'.
Make sure 'BP_Avatar' has been compiled for  Get Centered Body 
[2016.03.17-10.42.32:099][199]BlueprintEditorCompileResults:Warning: Warning Could not find a variable named "KinectInterface" in 'BP_Avatar_C'.
Make sure 'BP_Avatar_C' has been compiled for  Get KinectInterface 
[2016.03.17-10.42.32:099][199]BlueprintEditorCompileResults:Error: Error Could not find a function named "GetHandStateAsExecution" in 'BP_Avatar'.
Make sure 'BP_Avatar' has been compiled for  Get Hand State as Execution 
[2016.03.17-10.42.32:099][199]BlueprintEditorCompileResults:Warning: Warning Could not find a variable named "KinectInterface" in 'BP_Avatar_C'.
Make sure 'BP_Avatar_C' has been compiled for  Get KinectInterface 
[2016.03.17-10.42.32:099][199]BlueprintEditorCompileResults:Error: Error Could not find a function named "GetHandStateAsExecution" in 'BP_Avatar'.
Make sure 'BP_Avatar' has been compiled for  Get Hand State as Execution 
[2016.03.17-10.42.32:099][199]BlueprintEditorCompileResults:Warning: Warning Could not find a variable named "KinectInterface" in 'BP_Avatar_C'.
Make sure 'BP_Avatar_C' has been compiled for  Get KinectInterface 
[2016.03.17-10.42.32:100][199]BlueprintEditorCompileResults:Error: Error Could not find a function named "GetCenteredBody" in 'BP_Avatar'.
Make sure 'BP_Avatar' has been compiled for  Get Centered Body 
[2016.03.17-10.42.32:100][199]BlueprintEditorCompileResults:Error: Error The property associated with  Kinect Interface  could not be found
[2016.03.17-10.42.32:100][199]BlueprintEditorCompileResults:Error: Error The property associated with  Kinect Interface  could not be found
[2016.03.17-10.42.32:100][199]BlueprintEditorCompileResults:Error: Error The current value (AnkleRight) of the ' Start Joint ' pin is invalid: Expected a valid unsigned number for a byte property
[2016.03.17-10.42.32:100][199]BlueprintEditorCompileResults:Error: Error The current value (AnkleLeft) of the ' End Joint ' pin is invalid: Expected a valid unsigned number for a byte property
[2016.03.17-10.42.32:100][199]BlueprintEditorCompileResults:Error: Error The property associated with  Kinect Interface  could not be found
[2016.03.17-10.42.32:100][199]BlueprintEditorCompileResults:Error: Error The current value (Head) of the ' Start Joint ' pin is invalid: Expected a valid unsigned number for a byte property
[2016.03.17-10.42.32:100][199]BlueprintEditorCompileResults:Error: Error The current value (AnkleRight) of the ' End Joint ' pin is invalid: Expected a valid unsigned number for a byte property
[2016.03.17-10.42.32:100][199]BlueprintEditorCompileResults:Error: Error The property associated with  Kinect Interface  could not be found
[2016.03.17-10.42.32:100][199]BlueprintEditorCompileResults:Error: Error The current value (Right) of the ' Hand ' pin is invalid: Expected a valid unsigned number for a byte property
[2016.03.17-10.42.32:100][199]BlueprintEditorCompileResults:Warning: Warning [0074.80] Compile of BP_Avatar failed. 16 Fatal Issue(s) 7 Warning(s) [in 205 ms]
[2016.03.17-10.42.32:568][224]BlueprintLog: New page: Compile BP_Avatar
[2016.03.17-10.42.32:588][224]LogBlueprint:Error: [compiler BP_Avatar] Error Could not find a function named "GetHandStateAsExecution" in 'BP_Avatar'.
Make sure 'BP_Avatar' has been compiled for  Get Hand State as Execution 
[2016.03.17-10.42.32:588][224]LogBlueprint:Warning: [compiler BP_Avatar] Warning Could not find a variable named "KinectInterface" in 'BP_Avatar_C'.
Make sure 'BP_Avatar_C' has been compiled for  Get KinectInterface 
[2016.03.17-10.42.32:588][224]LogBlueprint:Warning: [compiler BP_Avatar] Warning Could not find a variable named "KinectInterface" in 'BP_Avatar_C'.
Make sure 'BP_Avatar_C' has been compiled for  Get KinectInterface 
[2016.03.17-10.42.32:588][224]LogBlueprint:Error: [compiler BP_Avatar] Error Could not find a function named "GetDistanceBetweenJoints" in 'BP_Avatar'.
Make sure 'BP_Avatar' has been compiled for  Get Distance Between Joints 
[2016.03.17-10.42.32:588][224]LogBlueprint:Warning: [compiler BP_Avatar] Warning Could not find a variable named "KinectInterface" in 'BP_Avatar_C'.
Make sure 'BP_Avatar_C' has been compiled for  Get KinectInterface 
[2016.03.17-10.42.32:588][224]LogBlueprint:Error: [compiler BP_Avatar] Error Could not find a function named "GetDistanceBetweenJoints" in 'BP_Avatar'.
Make sure 'BP_Avatar' has been compiled for  Get Distance Between Joints 
[2016.03.17-10.42.32:588][224]LogBlueprint:Warning: [compiler BP_Avatar] Warning Could not find a variable named "KinectInterface" in 'BP_Avatar_C'.
Make sure 'BP_Avatar_C' has been compiled for  Get KinectInterface 
[2016.03.17-10.42.32:589][224]LogBlueprint:Error: [compiler BP_Avatar] Error Could not find a function named "GetCenteredBody" in 'BP_Avatar'.
Make sure 'BP_Avatar' has been compiled for  Get Centered Body 
[2016.03.17-10.42.32:589][224]LogBlueprint:Warning: [compiler BP_Avatar] Warning Could not find a variable named "KinectInterface" in 'BP_Avatar_C'.
Make sure 'BP_Avatar_C' has been compiled for  Get KinectInterface 
[2016.03.17-10.42.32:589][224]LogBlueprint:Error: [compiler BP_Avatar] Error Could not find a function named "GetHandStateAsExecution" in 'BP_Avatar'.
Make sure 'BP_Avatar' has been compiled for  Get Hand State as Execution 
[2016.03.17-10.42.32:589][224]LogBlueprint:Warning: [compiler BP_Avatar] Warning Could not find a variable named "KinectInterface" in 'BP_Avatar_C'.
Make sure 'BP_Avatar_C' has been compiled for  Get KinectInterface 
[2016.03.17-10.42.32:589][224]LogBlueprint:Error: [compiler BP_Avatar] Error Could not find a function named "GetHandStateAsExecution" in 'BP_Avatar'.
Make sure 'BP_Avatar' has been compiled for  Get Hand State as Execution 
[2016.03.17-10.42.32:589][224]LogBlueprint:Warning: [compiler BP_Avatar] Warning Could not find a variable named "KinectInterface" in 'BP_Avatar_C'.
Make sure 'BP_Avatar_C' has been compiled for  Get KinectInterface 
[2016.03.17-10.42.32:589][224]LogBlueprint:Error: [compiler BP_Avatar] Error Could not find a function named "GetCenteredBody" in 'BP_Avatar'.
Make sure 'BP_Avatar' has been compiled for  Get Centered Body 
[2016.03.17-10.42.32:591][224]LogBlueprint:Error: [compiler BP_Avatar] Error The property associated with  Kinect Interface  could not be found
[2016.03.17-10.42.32:591][224]LogBlueprint:Error: [compiler BP_Avatar] Error The property associated with  Kinect Interface  could not be found
[2016.03.17-10.42.32:591][224]LogBlueprint:Error: [compiler BP_Avatar] Error The current value (AnkleRight) of the ' Start Joint ' pin is invalid: Expected a valid unsigned number for a byte property
[2016.03.17-10.42.32:591][224]LogBlueprint:Error: [compiler BP_Avatar] Error The current value (AnkleLeft) of the ' End Joint ' pin is invalid: Expected a valid unsigned number for a byte property
[2016.03.17-10.42.32:592][224]LogBlueprint:Error: [compiler BP_Avatar] Error The property associated with  Kinect Interface  could not be found
[2016.03.17-10.42.32:592][224]LogBlueprint:Error: [compiler BP_Avatar] Error The current value (Head) of the ' Start Joint ' pin is invalid: Expected a valid unsigned number for a byte property
[2016.03.17-10.42.32:592][224]LogBlueprint:Error: [compiler BP_Avatar] Error The current value (AnkleRight) of the ' End Joint ' pin is invalid: Expected a valid unsigned number for a byte property
[2016.03.17-10.42.32:592][224]LogBlueprint:Error: [compiler BP_Avatar] Error The property associated with  Kinect Interface  could not be found
[2016.03.17-10.42.32:592][224]LogBlueprint:Error: [compiler BP_Avatar] Error The current value (Right) of the ' Hand ' pin is invalid: Expected a valid unsigned number for a byte property
[2016.03.17-10.42.32:731][224]LogActorComponent: UnregisterComponent: (/Engine/Transient.CharMoveComp) Not registered. Aborting.
[2016.03.17-10.42.32:765][224]LogBlueprint:Warning: [compiler BP_Avatar] Warning [0075.46] Compile of BP_Avatar failed. 16 Fatal Issue(s) 7 Warning(s) [in 196 ms]
[2016.03.17-10.42.32:765][224]BlueprintEditorCompileResults:Error: Error Could not find a function named "GetHandStateAsExecution" in 'BP_Avatar'.
Make sure 'BP_Avatar' has been compiled for  Get Hand State as Execution 
[2016.03.17-10.42.32:765][224]BlueprintEditorCompileResults:Warning: Warning Could not find a variable named "KinectInterface" in 'BP_Avatar_C'.
Make sure 'BP_Avatar_C' has been compiled for  Get KinectInterface 
[2016.03.17-10.42.32:765][224]BlueprintEditorCompileResults:Warning: Warning Could not find a variable named "KinectInterface" in 'BP_Avatar_C'.
Make sure 'BP_Avatar_C' has been compiled for  Get KinectInterface 
[2016.03.17-10.42.32:765][224]BlueprintEditorCompileResults:Error: Error Could not find a function named "GetDistanceBetweenJoints" in 'BP_Avatar'.
Make sure 'BP_Avatar' has been compiled for  Get Distance Between Joints 
[2016.03.17-10.42.32:765][224]BlueprintEditorCompileResults:Warning: Warning Could not find a variable named "KinectInterface" in 'BP_Avatar_C'.
Make sure 'BP_Avatar_C' has been compiled for  Get KinectInterface 
[2016.03.17-10.42.32:765][224]BlueprintEditorCompileResults:Error: Error Could not find a function named "GetDistanceBetweenJoints" in 'BP_Avatar'.
Make sure 'BP_Avatar' has been compiled for  Get Distance Between Joints 
[2016.03.17-10.42.32:765][224]BlueprintEditorCompileResults:Warning: Warning Could not find a variable named "KinectInterface" in 'BP_Avatar_C'.
Make sure 'BP_Avatar_C' has been compiled for  Get KinectInterface 
[2016.03.17-10.42.32:765][224]BlueprintEditorCompileResults:Error: Error Could not find a function named "GetCenteredBody" in 'BP_Avatar'.
Make sure 'BP_Avatar' has been compiled for  Get Centered Body 
[2016.03.17-10.42.32:765][224]BlueprintEditorCompileResults:Warning: Warning Could not find a variable named "KinectInterface" in 'BP_Avatar_C'.
Make sure 'BP_Avatar_C' has been compiled for  Get KinectInterface 
[2016.03.17-10.42.32:765][224]BlueprintEditorCompileResults:Error: Error Could not find a function named "GetHandStateAsExecution" in 'BP_Avatar'.
Make sure 'BP_Avatar' has been compiled for  Get Hand State as Execution 
[2016.03.17-10.42.32:765][224]BlueprintEditorCompileResults:Warning: Warning Could not find a variable named "KinectInterface" in 'BP_Avatar_C'.
Make sure 'BP_Avatar_C' has been compiled for  Get KinectInterface 
[2016.03.17-10.42.32:765][224]BlueprintEditorCompileResults:Error: Error Could not find a function named "GetHandStateAsExecution" in 'BP_Avatar'.
Make sure 'BP_Avatar' has been compiled for  Get Hand State as Execution 
[2016.03.17-10.42.32:765][224]BlueprintEditorCompileResults:Warning: Warning Could not find a variable named "KinectInterface" in 'BP_Avatar_C'.
Make sure 'BP_Avatar_C' has been compiled for  Get KinectInterface 
[2016.03.17-10.42.32:765][224]BlueprintEditorCompileResults:Error: Error Could not find a function named "GetCenteredBody" in 'BP_Avatar'.
Make sure 'BP_Avatar' has been compiled for  Get Centered Body 
[2016.03.17-10.42.32:765][224]BlueprintEditorCompileResults:Error: Error The property associated with  Kinect Interface  could not be found
[2016.03.17-10.42.32:765][224]BlueprintEditorCompileResults:Error: Error The property associated with  Kinect Interface  could not be found
[2016.03.17-10.42.32:765][224]BlueprintEditorCompileResults:Error: Error The current value (AnkleRight) of the ' Start Joint ' pin is invalid: Expected a valid unsigned number for a byte property
[2016.03.17-10.42.32:765][224]BlueprintEditorCompileResults:Error: Error The current value (AnkleLeft) of the ' End Joint ' pin is invalid: Expected a valid unsigned number for a byte property
[2016.03.17-10.42.32:765][224]BlueprintEditorCompileResults:Error: Error The property associated with  Kinect Interface  could not be found
[2016.03.17-10.42.32:765][224]BlueprintEditorCompileResults:Error: Error The current value (Head) of the ' Start Joint ' pin is invalid: Expected a valid unsigned number for a byte property
[2016.03.17-10.42.32:765][224]BlueprintEditorCompileResults:Error: Error The current value (AnkleRight) of the ' End Joint ' pin is invalid: Expected a valid unsigned number for a byte property
[2016.03.17-10.42.32:765][224]BlueprintEditorCompileResults:Error: Error The property associated with  Kinect Interface  could not be found
[2016.03.17-10.42.32:765][224]BlueprintEditorCompileResults:Error: Error The current value (Right) of the ' Hand ' pin is invalid: Expected a valid unsigned number for a byte property
[2016.03.17-10.42.32:765][224]BlueprintEditorCompileResults:Warning: Warning [0075.46] Compile of BP_Avatar failed. 16 Fatal Issue(s) 7 Warning(s) [in 196 ms]
[2016.03.17-10.42.34:361][729]LogBlueprintUserMessages: Early PlayInEditor Detection: Level '/Game/MyFirstLevel.MyFirstLevel:PersistentLevel' has LevelScriptBlueprint '/Game/MyFirstLevel.MyFirstLevel:PersistentLevel.MyFirstLevel' with GeneratedClass '/Game/MyFirstLevel.MyFirstLevel_C' with ClassGeneratedBy '/Game/MyFirstLevel.MyFirstLevel:PersistentLevel.MyFirstLevel'
[2016.03.17-10.42.34:361][729]LogPlayLevel: PlayLevel: No blueprints needed recompiling
[2016.03.17-10.43.46:673][769]BlueprintLog: New page: Compile BP_Avatar
[2016.03.17-10.43.46:695][769]LogBlueprint:Error: [compiler BP_Avatar] Error Could not find a function named "GetHandStateAsExecution" in 'BP_Avatar'.
Make sure 'BP_Avatar' has been compiled for  Get Hand State as Execution 
[2016.03.17-10.43.46:695][769]LogBlueprint:Warning: [compiler BP_Avatar] Warning Could not find a variable named "KinectInterface" in 'BP_Avatar_C'.
Make sure 'BP_Avatar_C' has been compiled for  Get KinectInterface 
[2016.03.17-10.43.46:695][769]LogBlueprint:Warning: [compiler BP_Avatar] Warning Could not find a variable named "KinectInterface" in 'BP_Avatar_C'.
Make sure 'BP_Avatar_C' has been compiled for  Get KinectInterface 
[2016.03.17-10.43.46:695][769]LogBlueprint:Error: [compiler BP_Avatar] Error Could not find a function named "GetDistanceBetweenJoints" in 'BP_Avatar'.
Make sure 'BP_Avatar' has been compiled for  Get Distance Between Joints 
[2016.03.17-10.43.46:696][769]LogBlueprint:Warning: [compiler BP_Avatar] Warning Could not find a variable named "KinectInterface" in 'BP_Avatar_C'.
Make sure 'BP_Avatar_C' has been compiled for  Get KinectInterface 
[2016.03.17-10.43.46:696][769]LogBlueprint:Error: [compiler BP_Avatar] Error Could not find a function named "GetDistanceBetweenJoints" in 'BP_Avatar'.
Make sure 'BP_Avatar' has been compiled for  Get Distance Between Joints 
[2016.03.17-10.43.46:696][769]LogBlueprint:Warning: [compiler BP_Avatar] Warning Could not find a variable named "KinectInterface" in 'BP_Avatar_C'.
Make sure 'BP_Avatar_C' has been compiled for  Get KinectInterface 
[2016.03.17-10.43.46:696][769]LogBlueprint:Error: [compiler BP_Avatar] Error Could not find a function named "GetCenteredBody" in 'BP_Avatar'.
Make sure 'BP_Avatar' has been compiled for  Get Centered Body 
[2016.03.17-10.43.46:696][769]LogBlueprint:Warning: [compiler BP_Avatar] Warning Could not find a variable named "KinectInterface" in 'BP_Avatar_C'.
Make sure 'BP_Avatar_C' has been compiled for  Get KinectInterface 
[2016.03.17-10.43.46:696][769]LogBlueprint:Error: [compiler BP_Avatar] Error Could not find a function named "GetHandStateAsExecution" in 'BP_Avatar'.
Make sure 'BP_Avatar' has been compiled for  Get Hand State as Execution 
[2016.03.17-10.43.46:696][769]LogBlueprint:Warning: [compiler BP_Avatar] Warning Could not find a variable named "KinectInterface" in 'BP_Avatar_C'.
Make sure 'BP_Avatar_C' has been compiled for  Get KinectInterface 
[2016.03.17-10.43.46:696][769]LogBlueprint:Error: [compiler BP_Avatar] Error Could not find a function named "GetHandStateAsExecution" in 'BP_Avatar'.
Make sure 'BP_Avatar' has been compiled for  Get Hand State as Execution 
[2016.03.17-10.43.46:696][769]LogBlueprint:Warning: [compiler BP_Avatar] Warning Could not find a variable named "KinectInterface" in 'BP_Avatar_C'.
Make sure 'BP_Avatar_C' has been compiled for  Get KinectInterface 
[2016.03.17-10.43.46:696][769]LogBlueprint:Error: [compiler BP_Avatar] Error Could not find a function named "GetCenteredBody" in 'BP_Avatar'.
Make sure 'BP_Avatar' has been compiled for  Get Centered Body 
[2016.03.17-10.43.46:697][769]LogBlueprint:Error: [compiler BP_Avatar] Error The property associated with  Kinect Interface  could not be found
[2016.03.17-10.43.46:697][769]LogBlueprint:Error: [compiler BP_Avatar] Error The property associated with  Kinect Interface  could not be found
[2016.03.17-10.43.46:697][769]LogBlueprint:Error: [compiler BP_Avatar] Error The current value (AnkleRight) of the ' Start Joint ' pin is invalid: Expected a valid unsigned number for a byte property
[2016.03.17-10.43.46:697][769]LogBlueprint:Error: [compiler BP_Avatar] Error The current value (AnkleLeft) of the ' End Joint ' pin is invalid: Expected a valid unsigned number for a byte property
[2016.03.17-10.43.46:697][769]LogBlueprint:Error: [compiler BP_Avatar] Error The property associated with  Kinect Interface  could not be found
[2016.03.17-10.43.46:697][769]LogBlueprint:Error: [compiler BP_Avatar] Error The current value (Head) of the ' Start Joint ' pin is invalid: Expected a valid unsigned number for a byte property
[2016.03.17-10.43.46:698][769]LogBlueprint:Error: [compiler BP_Avatar] Error The current value (AnkleRight) of the ' End Joint ' pin is invalid: Expected a valid unsigned number for a byte property
[2016.03.17-10.43.46:698][769]LogBlueprint:Error: [compiler BP_Avatar] Error The property associated with  Kinect Interface  could not be found
[2016.03.17-10.43.46:698][769]LogBlueprint:Error: [compiler BP_Avatar] Error The current value (Right) of the ' Hand ' pin is invalid: Expected a valid unsigned number for a byte property
[2016.03.17-10.43.46:846][769]LogActorComponent: UnregisterComponent: (/Engine/Transient.CharMoveComp) Not registered. Aborting.
[2016.03.17-10.43.46:846][769]LogActorComponent: UnregisterComponent: (/Engine/Transient.CharacterMovementComponent_3) Not registered. Aborting.
[2016.03.17-10.43.46:874][769]LogParticles: Destroying 0 GPU particle simulations for FXSystem 0x0000008AFE038C20
[2016.03.17-10.43.46:881][769]LogBlueprint:Warning: [compiler BP_Avatar] Warning [0149.58] Compile of BP_Avatar failed. 16 Fatal Issue(s) 7 Warning(s) [in 207 ms]
[2016.03.17-10.43.46:881][769]BlueprintEditorCompileResults:Error: Error Could not find a function named "GetHandStateAsExecution" in 'BP_Avatar'.
Make sure 'BP_Avatar' has been compiled for  Get Hand State as Execution 
[2016.03.17-10.43.46:881][769]BlueprintEditorCompileResults:Warning: Warning Could not find a variable named "KinectInterface" in 'BP_Avatar_C'.
Make sure 'BP_Avatar_C' has been compiled for  Get KinectInterface 
[2016.03.17-10.43.46:881][769]BlueprintEditorCompileResults:Warning: Warning Could not find a variable named "KinectInterface" in 'BP_Avatar_C'.
Make sure 'BP_Avatar_C' has been compiled for  Get KinectInterface 
[2016.03.17-10.43.46:881][769]BlueprintEditorCompileResults:Error: Error Could not find a function named "GetDistanceBetweenJoints" in 'BP_Avatar'.
Make sure 'BP_Avatar' has been compiled for  Get Distance Between Joints 
[2016.03.17-10.43.46:881][769]BlueprintEditorCompileResults:Warning: Warning Could not find a variable named "KinectInterface" in 'BP_Avatar_C'.
Make sure 'BP_Avatar_C' has been compiled for  Get KinectInterface 
[2016.03.17-10.43.46:881][769]BlueprintEditorCompileResults:Error: Error Could not find a function named "GetDistanceBetweenJoints" in 'BP_Avatar'.
Make sure 'BP_Avatar' has been compiled for  Get Distance Between Joints 
[2016.03.17-10.43.46:881][769]BlueprintEditorCompileResults:Warning: Warning Could not find a variable named "KinectInterface" in 'BP_Avatar_C'.
Make sure 'BP_Avatar_C' has been compiled for  Get KinectInterface 
[2016.03.17-10.43.46:881][769]BlueprintEditorCompileResults:Error: Error Could not find a function named "GetCenteredBody" in 'BP_Avatar'.
Make sure 'BP_Avatar' has been compiled for  Get Centered Body 
[2016.03.17-10.43.46:881][769]BlueprintEditorCompileResults:Warning: Warning Could not find a variable named "KinectInterface" in 'BP_Avatar_C'.
Make sure 'BP_Avatar_C' has been compiled for  Get KinectInterface 
[2016.03.17-10.43.46:882][769]BlueprintEditorCompileResults:Error: Error Could not find a function named "GetHandStateAsExecution" in 'BP_Avatar'.
Make sure 'BP_Avatar' has been compiled for  Get Hand State as Execution 
[2016.03.17-10.43.46:882][769]BlueprintEditorCompileResults:Warning: Warning Could not find a variable named "KinectInterface" in 'BP_Avatar_C'.
Make sure 'BP_Avatar_C' has been compiled for  Get KinectInterface 
[2016.03.17-10.43.46:882][769]BlueprintEditorCompileResults:Error: Error Could not find a function named "GetHandStateAsExecution" in 'BP_Avatar'.
Make sure 'BP_Avatar' has been compiled for  Get Hand State as Execution 
[2016.03.17-10.43.46:882][769]BlueprintEditorCompileResults:Warning: Warning Could not find a variable named "KinectInterface" in 'BP_Avatar_C'.
Make sure 'BP_Avatar_C' has been compiled for  Get KinectInterface 
[2016.03.17-10.43.46:882][769]BlueprintEditorCompileResults:Error: Error Could not find a function named "GetCenteredBody" in 'BP_Avatar'.
Make sure 'BP_Avatar' has been compiled for  Get Centered Body 
[2016.03.17-10.43.46:882][769]BlueprintEditorCompileResults:Error: Error The property associated with  Kinect Interface  could not be found
[2016.03.17-10.43.46:882][769]BlueprintEditorCompileResults:Error: Error The property associated with  Kinect Interface  could not be found
[2016.03.17-10.43.46:882][769]BlueprintEditorCompileResults:Error: Error The current value (AnkleRight) of the ' Start Joint ' pin is invalid: Expected a valid unsigned number for a byte property
[2016.03.17-10.43.46:882][769]BlueprintEditorCompileResults:Error: Error The current value (AnkleLeft) of the ' End Joint ' pin is invalid: Expected a valid unsigned number for a byte property
[2016.03.17-10.43.46:882][769]BlueprintEditorCompileResults:Error: Error The property associated with  Kinect Interface  could not be found
[2016.03.17-10.43.46:882][769]BlueprintEditorCompileResults:Error: Error The current value (Head) of the ' Start Joint ' pin is invalid: Expected a valid unsigned number for a byte property
[2016.03.17-10.43.46:882][769]BlueprintEditorCompileResults:Error: Error The current value (AnkleRight) of the ' End Joint ' pin is invalid: Expected a valid unsigned number for a byte property
[2016.03.17-10.43.46:882][769]BlueprintEditorCompileResults:Error: Error The property associated with  Kinect Interface  could not be found
[2016.03.17-10.43.46:882][769]BlueprintEditorCompileResults:Error: Error The current value (Right) of the ' Hand ' pin is invalid: Expected a valid unsigned number for a byte property
[2016.03.17-10.43.46:882][769]BlueprintEditorCompileResults:Warning: Warning [0149.58] Compile of BP_Avatar failed. 16 Fatal Issue(s) 7 Warning(s) [in 207 ms]
[2016.03.17-10.43.47:378][795]Cmd: OBJ SAVEPACKAGE PACKAGE="/Game/BP_Avatar" FILE="../../../../../../UnrealProjects/GE_Project/Content/BP_Avatar.uasset" SILENT=true
[2016.03.17-10.43.47:467][795]LogSavePackage: Save=75.837036ms
[2016.03.17-10.43.47:467][795]LogSavePackage: Moving '../../../../../../UnrealProjects/GE_Project/Saved/BP_AvatarE033D9154D9CF5EE6214429AA6DCC8FC.tmp' to '../../../../../../UnrealProjects/GE_Project/Content/BP_Avatar.uasset'
[2016.03.17-10.43.47:468][795]LogSavePackage: Total save time: 87.565016ms
[2016.03.17-10.43.47:468][795]LogSavePackage:Warning: Finished SavePackage ../../../../../../UnrealProjects/GE_Project/Content/BP_Avatar.uasset
[2016.03.17-10.43.49:716][767]LogActorComponent: UnregisterComponent: (/Engine/Transient.CharMoveComp) Not registered. Aborting.
[2016.03.17-10.43.49:738][767]LogParticles: Destroying 0 GPU particle simulations for FXSystem 0x0000008AFE35CC20
[2016.03.17-10.43.49:881][767]LogWindowsTextInputMethodSystem:Display: IME system now deactivated.
[2016.03.17-10.43.50:137][768]Cmd: QUIT_EDITOR
[2016.03.17-10.43.50:372][768]LogExit: Preparing to exit.
[2016.03.17-10.43.50:707][768]LogExit: Editor shut down
[2016.03.17-10.43.50:707][768]LogExit: Transaction tracking system shut down
[2016.03.17-10.43.50:708][768]LogParticles: Destroying 0 GPU particle simulations for FXSystem 0x0000008AD9613EC0
[2016.03.17-10.43.50:708][768]LogParticles: Destroying 0 GPU particle simulations for FXSystem 0x0000008AEAD54360
[2016.03.17-10.43.50:708][768]LogParticles: Destroying 0 GPU particle simulations for FXSystem 0x0000008AC5F1B880
[2016.03.17-10.43.50:710][768]LogParticles: Destroying 0 GPU particle simulations for FXSystem 0x0000008ADEF059E0
[2016.03.17-10.43.50:713][768]LogParticles: Destroying 0 GPU particle simulations for FXSystem 0x0000008A9F2A0860
[2016.03.17-10.43.50:728][768]LeapPluginLog: LeapController::CleanupEventData Delete Called
[2016.03.17-10.43.50:887][768]LogExit: Object subsystem successfully closed.
[2016.03.17-10.43.50:901][768]LogD3D11RHI: Shutdown
[2016.03.17-10.43.50:901][768]LogD3D11RHI: CleanupD3DDevice
[2016.03.17-10.43.50:959][768]LogD3D11RHI: ~FD3D11DynamicRHI
[2016.03.17-10.43.51:079][768]LogCrashTracker: 


[2016.03.17-10.43.51:079][768]LogCrashTracker: 


[2016.03.17-10.43.51:079][768]LogWindows: === Critical error: ===
Fatal error!



