[2016.03.29-12.04.25:821][  0]Log file open, 03/29/16 13:04:25
[2016.03.29-12.04.25:821][  0]LogInit:Display: Running engine for game: TheBeginning
[2016.03.29-12.04.25:821][  0]LogInit:Display: RandInit(240143008) SRandInit(240143008).
[2016.03.29-12.04.25:821][  0]LogTaskGraph: Started task graph with 4 named threads and 7 total threads.
[2016.03.29-12.04.25:821][  0]LogStats: Stats thread started at 1.735779
[2016.03.29-12.04.25:821][  0]LogInit: Version: 4.9.2-2707645+++depot+UE4-Releases+4.9
[2016.03.29-12.04.25:821][  0]LogInit: API Version: 2672455
[2016.03.29-12.04.25:821][  0]LogInit: Compiled (64-bit): Sep 28 2015 10:25:44
[2016.03.29-12.04.25:821][  0]LogInit: Compiled with Visual C++: 18.00.21005.01
[2016.03.29-12.04.25:821][  0]LogInit: Build Configuration: Development
[2016.03.29-12.04.25:821][  0]LogInit: Branch Name: ++depot+UE4-Releases+4.9
[2016.03.29-12.04.25:821][  0]LogInit: Command line:  
[2016.03.29-12.04.25:821][  0]LogInit: Base directory: D:/Programme/Epic Games/4.9/Engine/Binaries/Win64/
[2016.03.29-12.04.25:821][  0]LogInit: Rocket: 1
[2016.03.29-12.04.26:004][  0]LogInit: Using libcurl 7.41.0
[2016.03.29-12.04.26:004][  0]LogInit:  - built for x86_64-pc-win32
[2016.03.29-12.04.26:004][  0]LogInit:  - supports SSL with WinSSL
[2016.03.29-12.04.26:004][  0]LogInit:  - other features:
[2016.03.29-12.04.26:004][  0]LogInit:      CURL_VERSION_SSL
[2016.03.29-12.04.26:004][  0]LogInit:      CURL_VERSION_IPV6
[2016.03.29-12.04.26:004][  0]LogInit:      CURL_VERSION_ASYNCHDNS
[2016.03.29-12.04.26:004][  0]LogInit:      CURL_VERSION_LARGEFILE
[2016.03.29-12.04.26:004][  0]LogInit:      CURL_VERSION_IDN
[2016.03.29-12.04.26:005][  0]LogInit:  CurlRequestOptions (configurable via config and command line):
[2016.03.29-12.04.26:005][  0]LogInit:  - bVerifyPeer = true  - Libcurl will verify peer certificate
[2016.03.29-12.04.26:005][  0]LogInit:  - bUseHttpProxy = false  - Libcurl will NOT use HTTP proxy
[2016.03.29-12.04.26:005][  0]LogInit:  - bDontReuseConnections = false  - Libcurl will reuse connections
[2016.03.29-12.04.26:005][  0]LogInit:  - CertBundlePath = nullptr  - Libcurl will use whatever was configured at build time.
[2016.03.29-12.04.26:114][  0]LogInit: Presizing for 0 objects not considered by GC, pre-allocating 0 bytes.
[2016.03.29-12.04.26:257][  0]LogInit: Object subsystem initialized
[2016.03.29-12.04.26:384][  0]LogInit: Selected Device Profile: [Windows]
[2016.03.29-12.04.26:384][  0]LogInit: Applying CVar settings loaded from the selected device profile: [Windows]
[2016.03.29-12.04.26:457][  0]LogInit: Computer: PC1021500895
[2016.03.29-12.04.26:457][  0]LogInit: User: VR
[2016.03.29-12.04.26:457][  0]LogInit: CPU Page size=4096, Cores=4
[2016.03.29-12.04.26:461][  0]LogInit: High frequency timer resolution =3.507505 MHz
[2016.03.29-12.04.26:462][  0]LogMemory: Memory total: Physical=15.9GB (16GB approx)
[2016.03.29-12.04.26:462][  0]LogMemory: Platform Memory Stats for Windows
[2016.03.29-12.04.26:462][  0]LogMemory: Process Physical Memory: 53.16 MB used, 53.16 MB peak
[2016.03.29-12.04.26:462][  0]LogMemory: Process Virtual Memory: 55.12 MB used, 55.12 MB peak
[2016.03.29-12.04.26:462][  0]LogMemory: Physical Memory: 2244.45 MB used, 16261.17 MB total
[2016.03.29-12.04.26:462][  0]LogMemory: Virtual Memory: 346.75 MB used, 134217728.00 MB total
[2016.03.29-12.04.27:156][  0]LogTextLocalizationManager: No translations for ('de-DE') exist, falling back to 'en' for localization and internationalization data.
[2016.03.29-12.04.28:253][  0]LogD3D11RHI: Found D3D11 adapter 0: NVIDIA GeForce GTX 970 (Feature Level 11_0)
[2016.03.29-12.04.28:253][  0]LogD3D11RHI: Adapter has 3976MB of dedicated video memory, 0MB of dedicated system memory, and 8130MB of shared system memory, 1 output[s]
[2016.03.29-12.04.28:254][  0]LogD3D11RHI: Found D3D11 adapter 1: Microsoft Basic Render Driver (Feature Level 11_0)
[2016.03.29-12.04.28:254][  0]LogD3D11RHI: Adapter has 0MB of dedicated video memory, 0MB of dedicated system memory, and 256MB of shared system memory, 0 output[s]
[2016.03.29-12.04.28:254][  0]LogD3D11RHI: Chosen D3D11 Adapter Id = 0
[2016.03.29-12.04.28:257][  0]LogD3D11RHI: !Direct3DDevice
[2016.03.29-12.04.28:257][  0]LogRHI: Texture pool is 1361 MB (70% of 1945 MB)
[2016.03.29-12.04.28:265][  0]LogD3D11RHI: Async texture creation enabled
[2016.03.29-12.04.28:484][  0]LogShaderCompilers: Guid format shader working directory is 15 characters bigger than the processId version (../../../../../../UnrealProjects/GE_Project/Intermediate/Shaders/WorkingDirectory/6828/).
[2016.03.29-12.04.28:484][  0]LogShaderCompilers: Cleaned the shader compiler working directory '../../../../../../UnrealProjects/GE_Project/Intermediate/Shaders/tmp/F63BFD0F4B86A63912EB6D8BD7918B00/'.
[2016.03.29-12.04.28:484][  0]LogShaderCompilers:Display: Using Local Shader Compiler.
[2016.03.29-12.04.30:771][  0]LogTemp:Display: Loaded TP AllDesktopTargetPlatform
[2016.03.29-12.04.30:775][  0]LogTemp:Display: Loaded TP WindowsClientTargetPlatform
[2016.03.29-12.04.30:778][  0]LogTemp:Display: Loaded TP WindowsNoEditorTargetPlatform
[2016.03.29-12.04.30:782][  0]LogTemp:Display: Loaded TP WindowsServerTargetPlatform
[2016.03.29-12.04.30:785][  0]LogTemp:Display: Loaded TP WindowsTargetPlatform
[2016.03.29-12.04.30:800][  0]LogTemp:Display: Loaded TP AndroidTargetPlatform
[2016.03.29-12.04.30:802][  0]LogTemp:Display: Loaded TP Android_ASTCTargetPlatform
[2016.03.29-12.04.30:805][  0]LogTemp:Display: Loaded TP Android_ATCTargetPlatform
[2016.03.29-12.04.30:807][  0]LogTemp:Display: Loaded TP Android_DXTTargetPlatform
[2016.03.29-12.04.30:810][  0]LogTemp:Display: Loaded TP Android_ETC1TargetPlatform
[2016.03.29-12.04.30:813][  0]LogTemp:Display: Loaded TP Android_ETC2TargetPlatform
[2016.03.29-12.04.30:816][  0]LogTemp:Display: Loaded TP Android_PVRTCTargetPlatform
[2016.03.29-12.04.30:816][  0]LogTemp:Display: Loaded TP HTML5TargetPlatform
[2016.03.29-12.04.30:890][  0]LogTemp:Display: Loaded TP IOSTargetPlatform
[2016.03.29-12.04.30:893][  0]LogTemp:Display: Loaded TP LinuxNoEditorTargetPlatform
[2016.03.29-12.04.30:915][  0]LogTemp:Display: Loaded TP LinuxServerTargetPlatform
[2016.03.29-12.04.30:919][  0]LogTemp:Display: Loaded TP LinuxTargetPlatform
[2016.03.29-12.04.30:919][  0]LogTargetPlatformManager:Display: Building Assets For Windows
[2016.03.29-12.04.31:412][  0]LogDerivedDataCache:Display: Max Cache Size: 512 MB
[2016.03.29-12.04.31:597][  0]LogDerivedDataCache: Loaded boot cache 0.18s 41MB C:/Users/VR/AppData/Local/UnrealEngine/4.9/DerivedDataCache/Boot.ddc.
[2016.03.29-12.04.31:597][  0]LogDerivedDataCache:Display: Loaded Boot cache: C:/Users/VR/AppData/Local/UnrealEngine/4.9/DerivedDataCache/Boot.ddc
[2016.03.29-12.04.31:597][  0]LogDerivedDataCache: FDerivedDataBackendGraph:  Pak pak cache file ../../../../../../UnrealProjects/GE_Project/DerivedDataCache/DDC.ddp not found, will not use a pak cache.
[2016.03.29-12.04.31:597][  0]LogDerivedDataCache: Unable to find inner node Pak for hierarchical cache Hierarchy.
[2016.03.29-12.04.31:597][  0]LogDerivedDataCache: FDerivedDataBackendGraph:  CompressedPak pak cache file ../../../../../../UnrealProjects/GE_Project/DerivedDataCache/Compressed.ddp not found, will not use a pak cache.
[2016.03.29-12.04.31:597][  0]LogDerivedDataCache: Unable to find inner node CompressedPak for hierarchical cache Hierarchy.
[2016.03.29-12.04.31:760][  0]LogDerivedDataCache:Display: Pak cache opened for reading ../../../Engine/DerivedDataCache/Compressed.ddp.
[2016.03.29-12.04.31:772][  0]LogDerivedDataCache: Using Local data cache path C:/Users/VR/AppData/Local/UnrealEngine/Common/DerivedDataCache: Writable
[2016.03.29-12.04.37:731][  0]LogInit: Selected Device Profile: [Windows]
[2016.03.29-12.04.37:779][  0]LogContentStreaming: Texture pool size is 0.000000MB
[2016.03.29-12.04.38:926][  0]LogMeshUtilities: No automatic mesh reduction module available
[2016.03.29-12.04.38:926][  0]LogMeshUtilities: No automatic mesh merging module available
[2016.03.29-12.04.40:810][  0]LogInit: WinSock: version 1.1 (2.2), MaxSocks=32767, MaxUdp=65467
[2016.03.29-12.04.49:272][  0]UdpMessaging: Initializing bridge on interface 0.0.0.0:0 to multicast group 230.0.0.1:6666.
[2016.03.29-12.04.49:584][  0]LogAssetRegistry: FAssetRegistry took 0.0130 seconds to start up
[2016.03.29-12.04.51:190][  0]SourceControl: Info Source control is disabled
[2016.03.29-12.04.51:234][  0]SourceControl: Info Source control is disabled
[2016.03.29-12.04.51:292][  0]SourceControl: Info Source control is disabled
[2016.03.29-12.04.51:321][  0]SourceControl: Info Source control is disabled
[2016.03.29-12.04.52:207][  0]LogLinker:Warning: Asset '../../../Engine/Plugins/Runtime/LeapMotionController/Content/LM_PassthroughMaterial.uasset' has been saved with empty engine version. The asset will be loaded but may be incompatible.
[2016.03.29-12.04.52:450][  0]LeapPluginLog: Using LeapPlugin version 0.9.6
[2016.03.29-12.04.52:454][  0]LogObj: 29068 objects as part of root set at end of initial load.
[2016.03.29-12.04.52:454][  0]LogUObjectAllocator: 6193688 out of 0 bytes used by permanent object pool.
[2016.03.29-12.04.52:860][  0]LogEngine: Initializing Engine...
[2016.03.29-12.04.52:882][  0]LogHMD: Can't find Oculus library dev build: is proper Runtime installed? Version: 0.7.0.0
[2016.03.29-12.04.53:832][  0]LogHMD: SteamVR initialized.  Driver: oculus  Display: 207KGV03FJGR
[2016.03.29-12.04.54:349][  0]LogAIModule: Creating AISystem for world NewWorld
[2016.03.29-12.04.54:464][  0]LogInit: XAudio2 using 'HP E221c-8 (NVIDIA High Definition Audio)' : 2 channels at 48 kHz using 16 bits per sample (channel mask 0x3)
[2016.03.29-12.04.54:492][  0]LogInit: FAudioDevice initialized.
[2016.03.29-12.04.54:510][  0]LogDerivedDataCache: Saved boot cache 0.02s 41MB C:/Users/VR/AppData/Local/UnrealEngine/4.9/DerivedDataCache/Boot.ddc.
[2016.03.29-12.04.54:514][  0]LogInit: Texture streaming: Enabled
[2016.03.29-12.04.54:536][  0]LogAnalytics: Creating configured Analytics provider AnalyticsET
[2016.03.29-12.04.54:545][  0]LogAnalytics: [UEEditor.Rocket.Release] APIServer = http://et2.epicgames.com/ET2/. AppVersion = 4.9.2-2707645+++depot+UE4-Releases+4.9
[2016.03.29-12.04.54:545][  0]LogAnalytics: [UEEditor.Rocket.Release] SetUserId 8c1436b7469470d4e6ebefb46ce7086e|0318ce7eb266467aa7a1e63543527494|c39e7128-8a93-45bc-b94e-b28d0faf1958
[2016.03.29-12.04.54:545][  0]LogAnalytics: [UEEditor.Rocket.Release] AnalyticsET::StartSession
[2016.03.29-12.04.54:715][  0]LogInit: Transaction tracking system initialized
[2016.03.29-12.04.55:152][  0]BlueprintLog: New page: Editor Load
[2016.03.29-12.04.56:571][  0]LocalizationService: Info Localization service is disabled
[2016.03.29-12.04.57:037][  0]LogLinker:Warning: Can't find file '/Game/FirstPersonBP/FirstPersonOverview'
[2016.03.29-12.04.57:037][  0]LogLinker:Warning: Can't find file '/Game/FirstPersonBP/FirstPersonOverview'
[2016.03.29-12.04.57:055][  0]LogUObjectGlobals:Warning: Failed to find object 'Class /Game/FirstPersonBP/FirstPersonOverview.FirstPersonOverview_C'
[2016.03.29-12.04.57:467][  0]LogConsoleResponse:Display: 
[2016.03.29-12.04.59:557][  0]LogFileCache: Scanning file cache for directory 'D:/UnrealProjects/GE_Project/Content/' took 0.04s
[2016.03.29-12.04.59:557][  0]LogCook:Display: Done creating registry. It took  0.00s.
[2016.03.29-12.05.00:467][  0]SourceControl: Info Source control is disabled
[2016.03.29-12.05.00:590][  0]Cmd: MAP LOAD FILE="../../../../../../UnrealProjects/GE_Project/Content/StarterContent/Maps/Minimal_Default.umap" TEMPLATE=0 SHOWPROGRESS=1 FEATURELEVEL=3
[2016.03.29-12.05.00:668][  0]LightingResults: New page: Lighting Build
[2016.03.29-12.05.00:844][  0]MapCheck: New page: Map Check
[2016.03.29-12.05.00:844][  0]LightingResults: New page: Lighting Build
[2016.03.29-12.05.01:223][  0]LogParticles: Destroying 0 GPU particle simulations for FXSystem 0x0000001420CE63E0
[2016.03.29-12.05.04:853][  0]LogAIModule: Creating AISystem for world Minimal_Default
[2016.03.29-12.05.05:554][  0]LogEditorServer: Finished looking for orphan Actors (0.000 secs)
[2016.03.29-12.05.05:633][  0]Cmd: MAP CHECKDEP NOCLEARLOG
[2016.03.29-12.05.05:717][  0]MapCheck: Info Map check complete: 0 Error(s), 0 Warning(s), took 83.915ms to complete.
[2016.03.29-12.05.05:736][  0]LogFileHelpers: Loading map 'Minimal_Default' took 5.217
[2016.03.29-12.05.07:265][  0]LogCollectionManager: Loaded 0 collections in 0.012749 seconds
[2016.03.29-12.05.07:362][  0]LogFileCache: Scanning file cache for directory 'D:/UnrealProjects/GE_Project/Saved/Collections/' took 0.01s
[2016.03.29-12.05.07:362][  0]LogFileCache: Scanning file cache for directory 'D:/UnrealProjects/GE_Project/Content/Developers/VR/Collections/' took 0.01s
[2016.03.29-12.05.07:362][  0]LogFileCache: Scanning file cache for directory 'D:/UnrealProjects/GE_Project/Content/Collections/' took 0.01s
[2016.03.29-12.05.07:362][  0]LogContentBrowser: Native class hierarchy populated in 0.0537 seconds. Added 1901 classes and 339 folders.
[2016.03.29-12.05.07:411][  0]LogCollectionManager: Rebuilt the GUID cache for 0 collections in 0.000002 seconds
[2016.03.29-12.05.07:501][  0]LogContentBrowser: Native class hierarchy updated for 'WidgetCarousel' in 0.0013 seconds. Added 0 classes and 0 folders.
[2016.03.29-12.05.09:725][  0]LogContentBrowser: Native class hierarchy updated for 'AddContentDialog' in 0.0009 seconds. Added 0 classes and 0 folders.
[2016.03.29-12.05.09:858][  0]LogContentBrowser: Native class hierarchy updated for 'SceneOutliner' in 0.0010 seconds. Added 1 classes and 2 folders.
[2016.03.29-12.05.10:767][  0]LogCrashTracker: Crashtracker disabled due to settings.
[2016.03.29-12.05.10:839][  0]LogUObjectGlobals:Warning: Failed to find object 'Class None.'
[2016.03.29-12.05.10:882][  0]LogLoad: Full Startup: 49.95 seconds (BP compile: 0.35 seconds)
[2016.03.29-12.05.11:440][  0]LogContentStreaming: Texture pool size now 1000 MB
[2016.03.29-12.05.12:268][  0]LogRenderer: Reallocating scene render targets to support 1216x576 (Frame:2).
[2016.03.29-12.05.13:970][  5]LogAssetRegistry: Asset discovery search completed in 24.3974 seconds
[2016.03.29-12.05.13:970][  5]LogCollectionManager: Rebuilt the object cache for 0 collections in 0.000000 seconds (found 0 objects)
[2016.03.29-12.05.13:993][  5]LogCollectionManager: Fixed up redirectors for 0 collections in 0.000022 seconds (updated 0 objects)
[2016.03.29-12.05.17:847][ 15]LogFileCache: Retrieving MD5 hashes for directory 'D:/UnrealProjects/GE_Project/Content/' took 6.89s
[2016.03.29-12.06.14:165][452]LogBlueprint:Warning: [compiler Ue4ASP_Character] Warning Input Axis Event references unknown Axis 'LookUp' for  InputAxis LookUp 
[2016.03.29-12.06.14:165][452]LogBlueprint:Warning: [compiler Ue4ASP_Character] Warning Input Axis Event references unknown Axis 'Turn' for  InputAxis Turn 
[2016.03.29-12.06.14:166][452]LogBlueprint:Warning: [compiler Ue4ASP_Character] Warning Input Axis Event references unknown Axis 'MoveRight' for  InputAxis MoveRight 
[2016.03.29-12.06.14:166][452]LogBlueprint:Warning: [compiler Ue4ASP_Character] Warning Input Axis Event references unknown Axis 'MoveForward' for  InputAxis MoveForward 
[2016.03.29-12.06.14:170][452]LogBlueprint:Warning: [compiler Ue4ASP_Character] Warning [0113.24] Compile of Ue4ASP_Character successful, but with 4 Warning(s) [in 9 ms]
[2016.03.29-12.06.14:170][452]LogBlueprint:Warning: [compiler Ue4ASP_Character] Warning [0113.24] Compile of Ue4ASP_Character successful, but with 5 Warning(s) [in 0 ms]
[2016.03.29-12.06.14:170][452]LogBlueprint:Warning: [compiler Ue4ASP_Character] Warning [0113.24] Compile of Ue4ASP_Character successful, but with 6 Warning(s) [in 0 ms]
[2016.03.29-12.06.14:301][452]LogBlueprint:Warning: [compiler Ue4ASP_Character] Warning Input Axis Event references unknown Axis 'LookUp' for  InputAxis LookUp 
[2016.03.29-12.06.14:301][452]LogBlueprint:Warning: [compiler Ue4ASP_Character] Warning Input Axis Event references unknown Axis 'Turn' for  InputAxis Turn 
[2016.03.29-12.06.14:301][452]LogBlueprint:Warning: [compiler Ue4ASP_Character] Warning Input Axis Event references unknown Axis 'MoveRight' for  InputAxis MoveRight 
[2016.03.29-12.06.14:301][452]LogBlueprint:Warning: [compiler Ue4ASP_Character] Warning Input Axis Event references unknown Axis 'MoveForward' for  InputAxis MoveForward 
[2016.03.29-12.06.14:304][452]LogBlueprint:Warning: [compiler Ue4ASP_Character] Warning [0113.37] Compile of Ue4ASP_Character successful, but with 4 Warning(s) [in 8 ms]
[2016.03.29-12.06.14:304][452]LogBlueprint:Warning: [compiler Ue4ASP_Character] Warning [0113.37] Compile of Ue4ASP_Character successful, but with 5 Warning(s) [in 0 ms]
[2016.03.29-12.06.14:304][452]LogBlueprint:Warning: [compiler Ue4ASP_Character] Warning [0113.37] Compile of Ue4ASP_Character successful, but with 6 Warning(s) [in 0 ms]
[2016.03.29-12.06.16:696][452]LogAIModule: Creating AISystem for world MyFirstLevel
[2016.03.29-12.06.16:726][452]LogParticles:Warning: InitializeSystem called on an unregistered component. Template=/Game/Snow.Snow Component=/Game/MyFirstLevel.MyFirstLevel:PersistentLevel.Snow_2.ParticleSystemComponent0
[2016.03.29-12.06.16:727][452]LogParticles:Warning: InitializeSystem called on an unregistered component. Template=/Game/StarterContent/Particles/P_Fire.P_Fire Component=/Game/MyFirstLevel.MyFirstLevel:PersistentLevel.P_Fire_2.ParticleSystemComponent0
[2016.03.29-12.06.16:839][452]Cmd: MAP LOAD FILE="../../../../../../UnrealProjects/GE_Project/Content/MyFirstLevel.umap" TEMPLATE=0 SHOWPROGRESS=1 FEATURELEVEL=3
[2016.03.29-12.06.16:839][452]LightingResults: New page: Lighting Build
[2016.03.29-12.06.16:857][452]LoadErrors: New page: Loading map: MyFirstLevel.umap
[2016.03.29-12.06.16:872][452]MapCheck: New page: Map Check
[2016.03.29-12.06.16:872][452]LightingResults: New page: Lighting Build
[2016.03.29-12.06.16:930][452]LogParticles: Destroying 0 GPU particle simulations for FXSystem 0x000000140D3AB380
[2016.03.29-12.06.18:184][452]LogEditorServer: Finished looking for orphan Actors (0.000 secs)
[2016.03.29-12.06.18:229][452]Cmd: MAP CHECKDEP NOCLEARLOG
[2016.03.29-12.06.18:276][452]MapCheck: Info Map check complete: 0 Error(s), 0 Warning(s), took 46.508ms to complete.
[2016.03.29-12.06.18:276][452]LogFileHelpers: Loading map 'MyFirstLevel' took 1.438
[2016.03.29-12.06.18:340][453]Cmd: UpdateLandscapeEditorData -warnings
[2016.03.29-12.06.18:401][453]Cmd: UpdateLandscapeEditorData
[2016.03.29-12.07.07:038][272]LogPlayLevel: PlayLevel: No blueprints needed recompiling
[2016.03.29-12.07.07:059][272]PIE: New page: PIE session: MyFirstLevel (Mar 29, 2016, 2:07:07 PM)
[2016.03.29-12.07.07:059][272]LogPlayLevel: Creating play world package: /Game/UEDPIE_0_MyFirstLevel
[2016.03.29-12.07.07:109][272]LogPlayLevel: PIE: StaticDuplicateObject took: (0.049337s)
[2016.03.29-12.07.07:109][272]LogAIModule: Creating AISystem for world MyFirstLevel
[2016.03.29-12.07.07:109][272]LogPlayLevel: PIE: World Init took: (0.000576s)
[2016.03.29-12.07.07:109][272]LogPlayLevel: PIE: Created PIE world by copying editor world from /Game/MyFirstLevel.MyFirstLevel to /Game/UEDPIE_0_MyFirstLevel.MyFirstLevel (0.050101s)
[2016.03.29-12.07.07:110][272]LogActorComponent: UnregisterComponent: (/Engine/Transient.CharMoveComp) Not registered. Aborting.
[2016.03.29-12.07.07:132][272]LogInit: XAudio2 using 'HP E221c-8 (NVIDIA High Definition Audio)' : 2 channels at 48 kHz using 16 bits per sample (channel mask 0x3)
[2016.03.29-12.07.07:142][272]LogInit: FAudioDevice initialized.
[2016.03.29-12.07.07:418][272]LogWorld: Game class is 'BP_TheBeginningGameMode_C'
[2016.03.29-12.07.07:488][272]LogWorld: Bringing World /Game/UEDPIE_0_MyFirstLevel.MyFirstLevel up for play (max tick rate 0) at 2016.03.29-13.07.07
[2016.03.29-12.07.07:488][272]LogActor:Warning: GameSession /Game/UEDPIE_0_MyFirstLevel.MyFirstLevel:PersistentLevel.GameSession_0 has natively added scene component(s), but none of them were set as the actor's RootComponent - picking one arbitrarily
[2016.03.29-12.07.07:488][272]LogActor:Warning: GameNetworkManager /Game/UEDPIE_0_MyFirstLevel.MyFirstLevel:PersistentLevel.GameNetworkManager_0 has natively added scene component(s), but none of them were set as the actor's RootComponent - picking one arbitrarily
[2016.03.29-12.07.07:537][272]LogWorld: Bringing up level for play took: 0.101545
[2016.03.29-12.07.07:605][272]PIE: Info Play in editor start time for /Game/UEDPIE_0_MyFirstLevel 1.472
[2016.03.29-12.07.07:648][273]LogRenderer: Reallocating scene render targets to support 2600x1464 (Frame:6103).
[2016.03.29-12.07.07:721][274]LogRenderTargetPool:Warning: r.RenderTargetPoolMin exceeded 450/400 MB (ok in editor, bad on fixed memory platform)
[2016.03.29-12.07.09:591][341]LogActorComponent: UnregisterComponent: (/Engine/Transient.CharMoveComp) Not registered. Aborting.
[2016.03.29-12.07.09:592][341]LogActorComponent: UnregisterComponent: (/Engine/Transient.ProjectileComp) Not registered. Aborting.
[2016.03.29-12.07.09:605][341]LogParticles: Destroying 0 GPU particle simulations for FXSystem 0x0000001434CF0400
[2016.03.29-12.07.38:510][803]LogPlayLevel: PlayLevel: No blueprints needed recompiling
[2016.03.29-12.07.38:510][803]PIE: New page: PIE session: MyFirstLevel (Mar 29, 2016, 2:07:38 PM)
[2016.03.29-12.07.38:510][803]LogPlayLevel: Creating play world package: /Game/UEDPIE_0_MyFirstLevel
[2016.03.29-12.07.38:544][803]LogPlayLevel: PIE: StaticDuplicateObject took: (0.033944s)
[2016.03.29-12.07.38:545][803]LogAIModule: Creating AISystem for world MyFirstLevel
[2016.03.29-12.07.38:545][803]LogPlayLevel: PIE: World Init took: (0.000615s)
[2016.03.29-12.07.38:545][803]LogPlayLevel: PIE: Created PIE world by copying editor world from /Game/MyFirstLevel.MyFirstLevel to /Game/UEDPIE_0_MyFirstLevel.MyFirstLevel (0.034868s)
[2016.03.29-12.07.38:568][803]LogInit: XAudio2 using 'HP E221c-8 (NVIDIA High Definition Audio)' : 2 channels at 48 kHz using 16 bits per sample (channel mask 0x3)
[2016.03.29-12.07.38:579][803]LogInit: FAudioDevice initialized.
[2016.03.29-12.07.38:676][803]LogWorld: Game class is 'BP_TheBeginningGameMode_C'
[2016.03.29-12.07.38:730][803]LogWorld: Bringing World /Game/UEDPIE_0_MyFirstLevel.MyFirstLevel up for play (max tick rate 0) at 2016.03.29-13.07.38
[2016.03.29-12.07.38:730][803]LogActor:Warning: GameSession /Game/UEDPIE_0_MyFirstLevel.MyFirstLevel:PersistentLevel.GameSession_1 has natively added scene component(s), but none of them were set as the actor's RootComponent - picking one arbitrarily
[2016.03.29-12.07.38:730][803]LogActor:Warning: GameNetworkManager /Game/UEDPIE_0_MyFirstLevel.MyFirstLevel:PersistentLevel.GameNetworkManager_1 has natively added scene component(s), but none of them were set as the actor's RootComponent - picking one arbitrarily
[2016.03.29-12.07.38:732][803]LogWorld: Bringing up level for play took: 0.054444
[2016.03.29-12.07.38:747][803]PIE: Info Play in editor start time for /Game/UEDPIE_0_MyFirstLevel 0.614
[2016.03.29-12.07.38:768][805]LogRenderTargetPool:Warning: r.RenderTargetPoolMin exceeded 497/400 MB (ok in editor, bad on fixed memory platform)
[2016.03.29-12.07.41:265][896]LogParticles: Destroying 0 GPU particle simulations for FXSystem 0x00000014512594E0
[2016.03.29-12.07.42:254][992]LogWindowsTextInputMethodSystem:Display: IME system now deactivated.
[2016.03.29-12.07.42:539][993]Cmd: QUIT_EDITOR
[2016.03.29-12.07.43:091][993]LogExit: Preparing to exit.
[2016.03.29-12.07.43:515][993]LogExit: Editor shut down
[2016.03.29-12.07.43:516][993]LogExit: Transaction tracking system shut down
[2016.03.29-12.07.43:516][993]LogParticles: Destroying 0 GPU particle simulations for FXSystem 0x0000001434CF2980
[2016.03.29-12.07.43:516][993]LogParticles: Destroying 0 GPU particle simulations for FXSystem 0x000000145125A2A0
[2016.03.29-12.07.43:516][993]LogParticles: Destroying 0 GPU particle simulations for FXSystem 0x000000142F2836A0
[2016.03.29-12.07.43:547][993]LogParticles: Destroying 0 GPU particle simulations for FXSystem 0x000000141F459300
[2016.03.29-12.07.43:806][993]LogParticles: Destroying 0 GPU particle simulations for FXSystem 0x000000142F396160
[2016.03.29-12.07.43:806][993]LeapPluginLog: LeapController::CleanupEventData Delete Called
[2016.03.29-12.07.43:928][993]LogExit: Object subsystem successfully closed.
[2016.03.29-12.07.43:977][993]LogD3D11RHI: Shutdown
[2016.03.29-12.07.43:977][993]LogD3D11RHI: CleanupD3DDevice
[2016.03.29-12.07.43:993][993]LogD3D11RHI: ~FD3D11DynamicRHI
[2016.03.29-12.07.44:166][993]LogModuleManager: Shutting down and abandoning module CrashTracker (199)
[2016.03.29-12.07.44:166][993]LogModuleManager: Shutting down and abandoning module SceneOutliner (198)
[2016.03.29-12.07.44:166][993]LogModuleManager: Shutting down and abandoning module SuperSearch (197)
[2016.03.29-12.07.44:166][993]LogModuleManager: Shutting down and abandoning module WidgetCarousel (196)
[2016.03.29-12.07.44:166][993]LogModuleManager: Shutting down and abandoning module AddContentDialog (195)
[2016.03.29-12.07.44:173][993]LogModuleManager: Shutting down and abandoning module EditorWidgets (194)
[2016.03.29-12.07.44:173][993]LogModuleManager: Shutting down and abandoning module CollectionManager (193)
[2016.03.29-12.07.44:173][993]LogModuleManager: Shutting down and abandoning module StatsViewer (192)
[2016.03.29-12.07.44:173][993]LogModuleManager: Shutting down and abandoning module FoliageEdit (191)
[2016.03.29-12.07.44:173][993]LogModuleManager: Shutting down and abandoning module LandscapeEditor (190)
[2016.03.29-12.07.44:175][993]LogModuleManager: Shutting down and abandoning module ActorPickerMode (189)
[2016.03.29-12.07.44:175][993]LogModuleManager: Shutting down and abandoning module GeometryMode (188)
[2016.03.29-12.07.44:175][993]LogModuleManager: Shutting down and abandoning module TextureAlignMode (187)
[2016.03.29-12.07.44:175][993]LogModuleManager: Shutting down and abandoning module BspMode (186)
[2016.03.29-12.07.44:175][993]LogModuleManager: Shutting down and abandoning module PlacementMode (185)
[2016.03.29-12.07.44:175][993]LogModuleManager: Shutting down and abandoning module AutomationWorker (184)
[2016.03.29-12.07.44:175][993]LogModuleManager: Shutting down and abandoning module CharacterAI (183)
[2016.03.29-12.07.44:175][993]LogModuleManager: Shutting down and abandoning module SmartSnapping (182)
[2016.03.29-12.07.44:175][993]LogModuleManager: Shutting down and abandoning module ViewportSnapping (181)
[2016.03.29-12.07.44:175][993]LogModuleManager: Shutting down and abandoning module LogVisualizer (180)
[2016.03.29-12.07.44:175][993]LogModuleManager: Shutting down and abandoning module GameProjectGeneration (179)
[2016.03.29-12.07.44:187][993]LogModuleManager: Shutting down and abandoning module IntroTutorials (178)
[2016.03.29-12.07.44:187][993]LogModuleManager: Shutting down and abandoning module EditorLiveStreaming (177)
[2016.03.29-12.07.44:187][993]LogModuleManager: Shutting down and abandoning module IOSPlatformEditor (176)
[2016.03.29-12.07.44:187][993]LogModuleManager: Shutting down and abandoning module HTML5PlatformEditor (175)
[2016.03.29-12.07.44:187][993]LogModuleManager: Shutting down and abandoning module AndroidDeviceDetection (174)
[2016.03.29-12.07.44:974][993]LogModuleManager: Shutting down and abandoning module AndroidPlatformEditor (173)
[2016.03.29-12.07.44:974][993]LogModuleManager: Shutting down and abandoning module IOSRuntimeSettings (172)
[2016.03.29-12.07.44:974][993]LogModuleManager: Shutting down and abandoning module AndroidRuntimeSettings (171)
[2016.03.29-12.07.44:974][993]LogModuleManager: Shutting down and abandoning module MergeActors (170)
[2016.03.29-12.07.44:991][993]LogModuleManager: Shutting down and abandoning module SizeMap (169)
[2016.03.29-12.07.44:991][993]LogModuleManager: Shutting down and abandoning module TreeMap (168)
[2016.03.29-12.07.44:991][993]LogModuleManager: Shutting down and abandoning module ReferenceViewer (167)
[2016.03.29-12.07.44:991][993]LogModuleManager: Shutting down and abandoning module LocalizationService (166)
[2016.03.29-12.07.44:991][993]LogModuleManager: Shutting down and abandoning module LocalizationDashboard (165)
[2016.03.29-12.07.44:998][993]LogModuleManager: Shutting down and abandoning module HardwareTargeting (164)
[2016.03.29-12.07.44:998][993]LogModuleManager: Shutting down and abandoning module DeviceProfileEditor (163)
[2016.03.29-12.07.44:998][993]LogModuleManager: Shutting down and abandoning module UndoHistory (162)
[2016.03.29-12.07.44:998][993]LogModuleManager: Shutting down and abandoning module GameplayTagsEditor (161)
[2016.03.29-12.07.44:998][993]LogModuleManager: Shutting down and abandoning module UserFeedback (160)
[2016.03.29-12.07.44:998][993]LogModuleManager: Shutting down and abandoning module XmlParser (159)
[2016.03.29-12.07.44:998][993]LogModuleManager: Shutting down and abandoning module Blutility (158)
[2016.03.29-12.07.44:998][993]LogModuleManager: Shutting down and abandoning module ProjectTargetPlatformEditor (157)
[2016.03.29-12.07.44:998][993]LogModuleManager: Shutting down and abandoning module ProjectSettingsViewer (156)
[2016.03.29-12.07.44:998][993]LogModuleManager: Shutting down and abandoning module InputBindingEditor (155)
[2016.03.29-12.07.45:006][993]LogModuleManager: Shutting down and abandoning module EditorSettingsViewer (154)
[2016.03.29-12.07.45:006][993]LogModuleManager: Shutting down and abandoning module SettingsEditor (153)
[2016.03.29-12.07.45:006][993]LogModuleManager: Shutting down and abandoning module ProjectLauncher (152)
[2016.03.29-12.07.45:007][993]LogModuleManager: Shutting down and abandoning module SessionFrontend (151)
[2016.03.29-12.07.45:007][993]LogModuleManager: Shutting down and abandoning module ProfilerClient (150)
[2016.03.29-12.07.45:011][993]LogModuleManager: Shutting down and abandoning module TargetDeviceServices (149)
[2016.03.29-12.07.45:011][993]LogModuleManager: Shutting down and abandoning module DeviceManager (148)
[2016.03.29-12.07.45:011][993]LogModuleManager: Shutting down and abandoning module AutomationController (147)
[2016.03.29-12.07.45:011][993]LogModuleManager: Shutting down and abandoning module AutomationWindow (146)
[2016.03.29-12.07.45:018][993]LogModuleManager: Shutting down and abandoning module Layers (145)
[2016.03.29-12.07.45:022][993]LogModuleManager: Shutting down and abandoning module ComponentVisualizers (144)
[2016.03.29-12.07.45:022][993]LogModuleManager: Shutting down and abandoning module DetailCustomizations (143)
[2016.03.29-12.07.45:022][993]LogModuleManager: Shutting down and abandoning module PackagesDialog (142)
[2016.03.29-12.07.45:022][993]LogModuleManager: Shutting down and abandoning module Persona (141)
[2016.03.29-12.07.45:028][993]LogModuleManager: Shutting down and abandoning module Kismet (140)
[2016.03.29-12.07.45:035][993]LogModuleManager: Shutting down and abandoning module GraphEditor (139)
[2016.03.29-12.07.45:050][993]LogModuleManager: Shutting down and abandoning module ClassViewer (138)
[2016.03.29-12.07.45:050][993]LogModuleManager: Shutting down and abandoning module Toolbox (137)
[2016.03.29-12.07.45:050][993]LogModuleManager: Shutting down and abandoning module ModuleUI (136)
[2016.03.29-12.07.45:062][993]LogModuleManager: Shutting down and abandoning module MovieSceneTools (135)
[2016.03.29-12.07.45:062][993]LogModuleManager: Shutting down and abandoning module OutputLog (134)
[2016.03.29-12.07.45:062][993]LogModuleManager: Shutting down and abandoning module GammaUI (133)
[2016.03.29-12.07.45:066][993]LogModuleManager: Shutting down and abandoning module Documentation (132)
[2016.03.29-12.07.45:066][993]LogModuleManager: Shutting down and abandoning module GameLiveStreaming (131)
[2016.03.29-12.07.45:066][993]LogModuleManager: Shutting down and abandoning module StreamingPauseRendering (130)
[2016.03.29-12.07.45:066][993]LogModuleManager: Shutting down and abandoning module AnalyticsET (129)
[2016.03.29-12.07.45:066][993]LogModuleManager: Shutting down and abandoning module Analytics (128)
[2016.03.29-12.07.45:066][993]LogModuleManager: Shutting down and abandoning module AITestSuite (127)
[2016.03.29-12.07.45:066][993]LogModuleManager: Shutting down and abandoning module GameplayDebugger (126)
[2016.03.29-12.07.45:066][993]LogModuleManager: Shutting down and abandoning module AIModule (125)
[2016.03.29-12.07.45:066][993]LogModuleManager: Shutting down and abandoning module ProfilerService (124)
[2016.03.29-12.07.45:136][993]LogModuleManager: Shutting down and abandoning module TaskGraph (123)
[2016.03.29-12.07.45:136][993]LogModuleManager: Shutting down and abandoning module LeapMotion (122)
[2016.03.29-12.07.45:143][993]LogModuleManager: Shutting down and abandoning module SlateRemote (121)
[2016.03.29-12.07.45:144][993]LogModuleManager: Shutting down and abandoning module SteamVRController (120)
[2016.03.29-12.07.45:144][993]LogModuleManager: Shutting down and abandoning module SteamVR (119)
[2016.03.29-12.07.45:144][993]LogModuleManager: Shutting down and abandoning module ProceduralMeshComponent (118)
[2016.03.29-12.07.45:144][993]LogModuleManager: Shutting down and abandoning module OculusRift (117)
[2016.03.29-12.07.45:144][993]LogModuleManager: Shutting down and abandoning module OculusLibrary (116)
[2016.03.29-12.07.45:144][993]LogModuleManager: Shutting down and abandoning module LeapMotionController (115)
[2016.03.29-12.07.45:160][993]LogModuleManager: Shutting down and abandoning module CustomMeshComponent (114)
[2016.03.29-12.07.45:165][993]LogModuleManager: Shutting down and abandoning module CableComponent (113)
[2016.03.29-12.07.45:165][993]LogModuleManager: Shutting down and abandoning module ArchVisCharacter (112)
[2016.03.29-12.07.45:165][993]LogModuleManager: Shutting down and abandoning module MessagingDebugger (111)
[2016.03.29-12.07.45:197][993]LogModuleManager: Shutting down and abandoning module MediaPlayerEditor (110)
[2016.03.29-12.07.45:197][993]LogModuleManager: Shutting down and abandoning module HTML5Networking (109)
[2016.03.29-12.07.45:197][993]LogModuleManager: Shutting down and abandoning module SpeedTreeImporter (108)
[2016.03.29-12.07.45:197][993]LogModuleManager: Shutting down and abandoning module PluginBrowser (107)
[2016.03.29-12.07.45:197][993]LogModuleManager: Shutting down and abandoning module EpicSurvey (106)
[2016.03.29-12.07.45:197][993]LogModuleManager: Shutting down and abandoning module DesktopPlatform (105)
[2016.03.29-12.07.45:197][993]LogModuleManager: Shutting down and abandoning module VisualStudioSourceCodeAccess (104)
[2016.03.29-12.07.45:197][993]LogModuleManager: Shutting down and abandoning module UObjectPlugin (103)
[2016.03.29-12.07.45:197][993]LogModuleManager: Shutting down and abandoning module SubversionSourceControl (102)
[2016.03.29-12.07.45:197][993]LogModuleManager: Shutting down and abandoning module PerforceSourceControl (101)
[2016.03.29-12.07.45:197][993]LogModuleManager: Shutting down and abandoning module SourceControl (100)
[2016.03.29-12.07.45:197][993]LogModuleManager: Shutting down and abandoning module GitSourceControl (99)
[2016.03.29-12.07.45:197][993]LogModuleManager: Shutting down and abandoning module LightPropagationVolumeEditor (98)
[2016.03.29-12.07.45:197][993]LogModuleManager: Shutting down and abandoning module PaperTiledImporter (97)
[2016.03.29-12.07.45:197][993]LogModuleManager: Shutting down and abandoning module PaperSpriteSheetImporter (96)
[2016.03.29-12.07.45:197][993]LogModuleManager: Shutting down and abandoning module MeshPaint (95)
[2016.03.29-12.07.45:197][993]LogModuleManager: Shutting down and abandoning module SlateReflector (94)
[2016.03.29-12.07.45:202][993]LogModuleManager: Shutting down and abandoning module HotReload (93)
[2016.03.29-12.07.45:202][993]LogModuleManager: Shutting down and abandoning module MainFrame (92)
[2016.03.29-12.07.45:202][993]LogModuleManager: Shutting down and abandoning module LevelEditor (91)
[2016.03.29-12.07.45:215][993]LogModuleManager: Shutting down and abandoning module DirectoryWatcher (90)
[2016.03.29-12.07.45:216][993]LogModuleManager: Shutting down and abandoning module AssetRegistry (89)
[2016.03.29-12.07.45:319][993]LogModuleManager: Shutting down and abandoning module ContentBrowser (88)
[2016.03.29-12.07.45:319][993]LogModuleManager: Shutting down and abandoning module Paper2DEditor (87)
[2016.03.29-12.07.45:325][993]LogModuleManager: Shutting down and abandoning module TheBeginning (86)
[2016.03.29-12.07.45:325][993]LogModuleManager: Shutting down and abandoning module UdpMessaging (85)
[2016.03.29-12.07.45:426][993]LogModuleManager: Shutting down and abandoning module LightPropagationVolumeRuntime (84)
[2016.03.29-12.07.45:426][993]LogModuleManager: Shutting down and abandoning module Paper2D (83)
[2016.03.29-12.07.45:426][993]LogModuleManager: Shutting down and abandoning module WindowsMoviePlayer (82)
[2016.03.29-12.07.45:429][993]LogModuleManager: Shutting down and abandoning module Media (81)
[2016.03.29-12.07.45:429][993]LogModuleManager: Shutting down and abandoning module WmfMedia (80)
[2016.03.29-12.07.45:429][993]LogModuleManager: Shutting down and abandoning module OnlineBlueprintSupport (79)
[2016.03.29-12.07.45:429][993]LogModuleManager: Shutting down and abandoning module GameplayTasksEditor (78)
[2016.03.29-12.07.45:429][993]LogModuleManager: Shutting down and abandoning module PropertyEditor (77)
[2016.03.29-12.07.45:429][993]LogModuleManager: Shutting down and abandoning module BehaviorTreeEditor (76)
[2016.03.29-12.07.45:429][993]LogModuleManager: Shutting down and abandoning module FunctionalTesting (75)
[2016.03.29-12.07.45:429][993]LogModuleManager: Shutting down and abandoning module CollisionAnalyzer (74)
[2016.03.29-12.07.45:429][993]LogModuleManager: Shutting down and abandoning module WorkspaceMenuStructure (73)
[2016.03.29-12.07.45:429][993]LogModuleManager: Shutting down and abandoning module MessageLog (72)
[2016.03.29-12.07.45:429][993]LogModuleManager: Shutting down and abandoning module Sequencer (71)
[2016.03.29-12.07.45:436][993]LogModuleManager: Shutting down and abandoning module AssetTools (70)
[2016.03.29-12.07.45:440][993]LogModuleManager: Shutting down and abandoning module UMGEditor (69)
[2016.03.29-12.07.45:440][993]LogModuleManager: Shutting down and abandoning module UMG (68)
[2016.03.29-12.07.45:440][993]LogModuleManager: Shutting down and abandoning module Slate (67)
[2016.03.29-12.07.45:440][993]LogModuleManager: Shutting down and abandoning module EditorStyle (66)
[2016.03.29-12.07.45:442][993]LogModuleManager: Shutting down and abandoning module SessionServices (65)
[2016.03.29-12.07.45:442][993]LogModuleManager: Shutting down and abandoning module SourceCodeAccess (64)
[2016.03.29-12.07.45:442][993]LogModuleManager: Shutting down and abandoning module HeadMountedDisplay (63)
[2016.03.29-12.07.45:442][993]LogModuleManager: Shutting down and abandoning module XAudio2 (62)
[2016.03.29-12.07.45:442][993]LogModuleManager: Shutting down and abandoning module Networking (60)
[2016.03.29-12.07.45:442][993]LogModuleManager: Shutting down and abandoning module Core (59)
[2016.03.29-12.07.45:442][993]LogModuleManager: Shutting down and abandoning module KismetCompiler (58)
[2016.03.29-12.07.45:442][993]LogModuleManager: Shutting down and abandoning module PhysXFormats (57)
[2016.03.29-12.07.45:442][993]LogModuleManager: Shutting down and abandoning module MeshUtilities (56)
[2016.03.29-12.07.45:448][993]LogModuleManager: Shutting down and abandoning module CookingStats (55)
[2016.03.29-12.07.45:452][993]LogModuleManager: Shutting down and abandoning module DerivedDataCache (54)
[2016.03.29-12.07.45:537][993]LogDerivedDataCache: Shutdown
[2016.03.29-12.07.45:537][993]LogModuleManager: Shutting down and abandoning module ShaderFormatOpenGL (53)
[2016.03.29-12.07.45:542][993]LogModuleManager: Shutting down and abandoning module ShaderFormatD3D (52)
[2016.03.29-12.07.45:542][993]LogModuleManager: Shutting down and abandoning module MetalShaderFormat (51)
[2016.03.29-12.07.45:562][993]LogModuleManager: Shutting down and abandoning module TextureFormatUncompressed (50)
[2016.03.29-12.07.45:562][993]LogModuleManager: Shutting down and abandoning module TextureFormatPVR (49)
[2016.03.29-12.07.45:562][993]LogModuleManager: Shutting down and abandoning module TextureFormatIntelISPCTexComp (48)
[2016.03.29-12.07.45:562][993]LogModuleManager: Shutting down and abandoning module TextureFormatDXT (47)
[2016.03.29-12.07.45:562][993]LogModuleManager: Shutting down and abandoning module ImageWrapper (46)
[2016.03.29-12.07.45:562][993]LogModuleManager: Shutting down and abandoning module TextureFormatASTC (45)
[2016.03.29-12.07.45:562][993]LogModuleManager: Shutting down and abandoning module TextureFormatAndroid (44)
[2016.03.29-12.07.45:562][993]LogModuleManager: Shutting down and abandoning module AudioFormatOpus (43)
[2016.03.29-12.07.45:562][993]LogModuleManager: Shutting down and abandoning module AudioFormatOgg (42)
[2016.03.29-12.07.45:562][993]LogModuleManager: Shutting down and abandoning module AudioFormatADPCM (41)
[2016.03.29-12.07.45:562][993]LogModuleManager: Shutting down and abandoning module LinuxTargetPlatform (40)
[2016.03.29-12.07.45:562][993]LogModuleManager: Shutting down and abandoning module LinuxServerTargetPlatform (39)
[2016.03.29-12.07.45:562][993]LogModuleManager: Shutting down and abandoning module LinuxNoEditorTargetPlatform (38)
[2016.03.29-12.07.45:562][993]LogModuleManager: Shutting down and abandoning module Messaging (37)
[2016.03.29-12.07.45:562][993]LogModuleManager: Shutting down and abandoning module IOSTargetPlatform (36)
[2016.03.29-12.07.45:562][993]LogModuleManager: Shutting down and abandoning module HTML5TargetPlatform (35)
[2016.03.29-12.07.45:562][993]LogModuleManager: Shutting down and abandoning module Android_PVRTCTargetPlatform (34)
[2016.03.29-12.07.45:562][993]LogModuleManager: Shutting down and abandoning module Android_ETC2TargetPlatform (33)
[2016.03.29-12.07.45:562][993]LogModuleManager: Shutting down and abandoning module Android_ETC1TargetPlatform (32)
[2016.03.29-12.07.45:562][993]LogModuleManager: Shutting down and abandoning module Android_DXTTargetPlatform (31)
[2016.03.29-12.07.45:562][993]LogModuleManager: Shutting down and abandoning module Android_ATCTargetPlatform (30)
[2016.03.29-12.07.45:562][993]LogModuleManager: Shutting down and abandoning module Android_ASTCTargetPlatform (29)
[2016.03.29-12.07.45:562][993]LogModuleManager: Shutting down and abandoning module AndroidTargetPlatform (28)
[2016.03.29-12.07.45:562][993]LogModuleManager: Shutting down and abandoning module WindowsTargetPlatform (27)
[2016.03.29-12.07.45:562][993]LogModuleManager: Shutting down and abandoning module WindowsServerTargetPlatform (26)
[2016.03.29-12.07.45:562][993]LogModuleManager: Shutting down and abandoning module WindowsNoEditorTargetPlatform (25)
[2016.03.29-12.07.45:562][993]LogModuleManager: Shutting down and abandoning module WindowsClientTargetPlatform (24)
[2016.03.29-12.07.45:562][993]LogModuleManager: Shutting down and abandoning module AllDesktopTargetPlatform (23)
[2016.03.29-12.07.45:562][993]LogModuleManager: Shutting down and abandoning module TargetPlatform (22)
[2016.03.29-12.07.45:562][993]LogModuleManager: Shutting down and abandoning module InputCore (21)
[2016.03.29-12.07.45:562][993]LogModuleManager: Shutting down and abandoning module Settings (20)
[2016.03.29-12.07.45:562][993]LogModuleManager: Shutting down and abandoning module OnlineSubsystem (18)
[2016.03.29-12.07.45:562][993]LogModuleManager: Shutting down and abandoning module HTTP (17)
[2016.03.29-12.07.47:565][993]LogModuleManager: Shutting down and abandoning module XMPP (16)
[2016.03.29-12.07.47:582][993]LogModuleManager: Shutting down and abandoning module ExampleDeviceProfileSelector (15)
[2016.03.29-12.07.47:582][993]LogModuleManager: Shutting down and abandoning module TextureCompressor (14)
[2016.03.29-12.07.47:591][993]LogModuleManager: Shutting down and abandoning module ShaderCore (13)
[2016.03.29-12.07.47:591][993]LogModuleManager: Shutting down and abandoning module Landscape (12)
[2016.03.29-12.07.47:591][993]LogModuleManager: Shutting down and abandoning module SlateRHIRenderer (11)
[2016.03.29-12.07.47:592][993]LogModuleManager: Shutting down and abandoning module OpenGLDrv (10)
[2016.03.29-12.07.47:604][993]LogModuleManager: Shutting down and abandoning module D3D11RHI (9)
[2016.03.29-12.07.47:604][993]LogModuleManager: Shutting down and abandoning module AnimGraphRuntime (8)
[2016.03.29-12.07.47:604][993]LogModuleManager: Shutting down and abandoning module Renderer (7)
[2016.03.29-12.07.47:604][993]LogModuleManager: Shutting down and abandoning module Engine (6)
[2016.03.29-12.07.47:604][993]LogModuleManager: Shutting down and abandoning module CoreUObject (5)
[2016.03.29-12.07.47:604][993]LogModuleManager: Shutting down and abandoning module NetworkFile (4)
[2016.03.29-12.07.47:616][993]LogModuleManager: Shutting down and abandoning module StreamingFile (3)
[2016.03.29-12.07.47:616][993]LogModuleManager: Shutting down and abandoning module SandboxFile (2)
[2016.03.29-12.07.47:616][993]LogModuleManager: Shutting down and abandoning module PakFile (1)
[2016.03.29-12.07.47:617][993]LogExit: Exiting.
[2016.03.29-12.07.47:618][993]Log file closed, 03/29/16 13:07:47
