[2016.01.14-22.27.33:180][  0]Log file open, 01/14/16 23:27:33
[2016.01.14-22.27.33:180][  0]LogInit:Display: Running engine for game: TheBeginning
[2016.01.14-22.27.33:180][  0]LogInit:Display: RandInit(1404893660) SRandInit(1404893661).
[2016.01.14-22.27.33:180][  0]LogTaskGraph: Started task graph with 4 named threads and 5 total threads.
[2016.01.14-22.27.33:180][  0]LogStats: Stats thread started at 0.540675
[2016.01.14-22.27.33:180][  0]LogInit: Version: 4.9.2-2707645+++depot+UE4-Releases+4.9
[2016.01.14-22.27.33:180][  0]LogInit: API Version: 2672455
[2016.01.14-22.27.33:180][  0]LogInit: Compiled (64-bit): Sep 28 2015 10:25:44
[2016.01.14-22.27.33:180][  0]LogInit: Compiled with Visual C++: 18.00.21005.01
[2016.01.14-22.27.33:180][  0]LogInit: Build Configuration: Development
[2016.01.14-22.27.33:180][  0]LogInit: Branch Name: ++depot+UE4-Releases+4.9
[2016.01.14-22.27.33:180][  0]LogInit: Command line:  
[2016.01.14-22.27.33:180][  0]LogInit: Base directory: C:/Program Files/Epic Games/4.9/Engine/Binaries/Win64/
[2016.01.14-22.27.33:180][  0]LogInit: Rocket: 1
[2016.01.14-22.27.33:211][  0]LogInit: Using libcurl 7.41.0
[2016.01.14-22.27.33:211][  0]LogInit:  - built for x86_64-pc-win32
[2016.01.14-22.27.33:211][  0]LogInit:  - supports SSL with WinSSL
[2016.01.14-22.27.33:211][  0]LogInit:  - other features:
[2016.01.14-22.27.33:211][  0]LogInit:      CURL_VERSION_SSL
[2016.01.14-22.27.33:211][  0]LogInit:      CURL_VERSION_IPV6
[2016.01.14-22.27.33:211][  0]LogInit:      CURL_VERSION_ASYNCHDNS
[2016.01.14-22.27.33:211][  0]LogInit:      CURL_VERSION_LARGEFILE
[2016.01.14-22.27.33:211][  0]LogInit:      CURL_VERSION_IDN
[2016.01.14-22.27.33:211][  0]LogInit:  CurlRequestOptions (configurable via config and command line):
[2016.01.14-22.27.33:211][  0]LogInit:  - bVerifyPeer = true  - Libcurl will verify peer certificate
[2016.01.14-22.27.33:211][  0]LogInit:  - bUseHttpProxy = false  - Libcurl will NOT use HTTP proxy
[2016.01.14-22.27.33:211][  0]LogInit:  - bDontReuseConnections = false  - Libcurl will reuse connections
[2016.01.14-22.27.33:211][  0]LogInit:  - CertBundlePath = nullptr  - Libcurl will use whatever was configured at build time.
[2016.01.14-22.27.33:243][  0]LogInit: Presizing for 0 objects not considered by GC, pre-allocating 0 bytes.
[2016.01.14-22.27.33:274][  0]LogInit: Object subsystem initialized
[2016.01.14-22.27.33:290][  0]LogInit: Selected Device Profile: [Windows]
[2016.01.14-22.27.33:290][  0]LogInit: Applying CVar settings loaded from the selected device profile: [Windows]
[2016.01.14-22.27.33:334][  0]LogInit: Computer: CPT
[2016.01.14-22.27.33:334][  0]LogInit: User: Martin
[2016.01.14-22.27.33:334][  0]LogInit: CPU Page size=4096, Cores=2
[2016.01.14-22.27.33:334][  0]LogInit: High frequency timer resolution =2.240904 MHz
[2016.01.14-22.27.33:334][  0]LogMemory: Memory total: Physical=3.9GB (4GB approx)
[2016.01.14-22.27.33:334][  0]LogMemory: Platform Memory Stats for Windows
[2016.01.14-22.27.33:334][  0]LogMemory: Process Physical Memory: 52.35 MB used, 52.35 MB peak
[2016.01.14-22.27.33:334][  0]LogMemory: Process Virtual Memory: 56.98 MB used, 56.98 MB peak
[2016.01.14-22.27.33:334][  0]LogMemory: Physical Memory: 2802.64 MB used, 4002.88 MB total
[2016.01.14-22.27.33:335][  0]LogMemory: Virtual Memory: 347.57 MB used, 134217728.00 MB total
[2016.01.14-22.27.33:528][  0]LogTextLocalizationManager: No translations for ('de-DE') exist, falling back to 'en' for localization and internationalization data.
[2016.01.14-22.27.36:521][  0]LogD3D11RHI: Found D3D11 adapter 0: Intel(R) HD Graphics Family (Feature Level 11_0)
[2016.01.14-22.27.36:521][  0]LogD3D11RHI: Adapter has 0MB of dedicated video memory, 0MB of dedicated system memory, and 1792MB of shared system memory, 1 output[s]
[2016.01.14-22.27.36:525][  0]LogD3D11RHI: Found D3D11 adapter 1: Microsoft Basic Render Driver (Feature Level 11_0)
[2016.01.14-22.27.36:525][  0]LogD3D11RHI: Adapter has 0MB of dedicated video memory, 0MB of dedicated system memory, and 256MB of shared system memory, 0 output[s]
[2016.01.14-22.27.36:525][  0]LogD3D11RHI: Chosen D3D11 Adapter Id = 0
[2016.01.14-22.27.36:541][  0]LogD3D11RHI: !Direct3DDevice
[2016.01.14-22.27.36:542][  0]LogRHI: Texture pool is 627 MB (70% of 896 MB)
[2016.01.14-22.27.36:561][  0]LogD3D11RHI: Async texture creation enabled
[2016.01.14-22.27.36:619][  0]LogShaderCompilers: Guid format shader working directory is 15 characters bigger than the processId version (../../../../../../Users/Martin/Desktop/Uni/GE_Project/Intermediate/Shaders/WorkingDirectory/8056/).
[2016.01.14-22.27.36:620][  0]LogShaderCompilers: Cleaned the shader compiler working directory '../../../../../../Users/Martin/Desktop/Uni/GE_Project/Intermediate/Shaders/tmp/4B35E21C43532129B83666AD31E9ABFA/'.
[2016.01.14-22.27.36:621][  0]LogShaderCompilers:Display: Using Local Shader Compiler.
[2016.01.14-22.27.41:725][  0]LogTemp:Display: Loaded TP AllDesktopTargetPlatform
[2016.01.14-22.27.41:748][  0]LogTemp:Display: Loaded TP WindowsClientTargetPlatform
[2016.01.14-22.27.41:772][  0]LogTemp:Display: Loaded TP WindowsNoEditorTargetPlatform
[2016.01.14-22.27.41:796][  0]LogTemp:Display: Loaded TP WindowsServerTargetPlatform
[2016.01.14-22.27.41:820][  0]LogTemp:Display: Loaded TP WindowsTargetPlatform
[2016.01.14-22.27.41:839][  0]LogTemp:Display: Loaded TP AndroidTargetPlatform
[2016.01.14-22.27.41:857][  0]LogTemp:Display: Loaded TP Android_ASTCTargetPlatform
[2016.01.14-22.27.41:878][  0]LogTemp:Display: Loaded TP Android_ATCTargetPlatform
[2016.01.14-22.27.41:896][  0]LogTemp:Display: Loaded TP Android_DXTTargetPlatform
[2016.01.14-22.27.41:913][  0]LogTemp:Display: Loaded TP Android_ETC1TargetPlatform
[2016.01.14-22.27.41:931][  0]LogTemp:Display: Loaded TP Android_ETC2TargetPlatform
[2016.01.14-22.27.41:949][  0]LogTemp:Display: Loaded TP Android_PVRTCTargetPlatform
[2016.01.14-22.27.41:955][  0]LogTemp:Display: Loaded TP HTML5TargetPlatform
[2016.01.14-22.27.42:006][  0]LogTemp:Display: Loaded TP IOSTargetPlatform
[2016.01.14-22.27.42:022][  0]LogTemp:Display: Loaded TP LinuxNoEditorTargetPlatform
[2016.01.14-22.27.42:037][  0]LogTemp:Display: Loaded TP LinuxServerTargetPlatform
[2016.01.14-22.27.42:055][  0]LogTemp:Display: Loaded TP LinuxTargetPlatform
[2016.01.14-22.27.42:055][  0]LogTargetPlatformManager:Display: Building Assets For Windows
[2016.01.14-22.27.42:550][  0]LogDerivedDataCache:Display: Max Cache Size: 512 MB
[2016.01.14-22.27.42:847][  0]LogDerivedDataCache: Loaded boot cache 0.29s 41MB C:/Users/Martin/AppData/Local/UnrealEngine/4.9/DerivedDataCache/Boot.ddc.
[2016.01.14-22.27.42:847][  0]LogDerivedDataCache:Display: Loaded Boot cache: C:/Users/Martin/AppData/Local/UnrealEngine/4.9/DerivedDataCache/Boot.ddc
[2016.01.14-22.27.42:847][  0]LogDerivedDataCache: FDerivedDataBackendGraph:  Pak pak cache file ../../../../../../Users/Martin/Desktop/Uni/GE_Project/DerivedDataCache/DDC.ddp not found, will not use a pak cache.
[2016.01.14-22.27.42:847][  0]LogDerivedDataCache: Unable to find inner node Pak for hierarchical cache Hierarchy.
[2016.01.14-22.27.42:847][  0]LogDerivedDataCache: FDerivedDataBackendGraph:  CompressedPak pak cache file ../../../../../../Users/Martin/Desktop/Uni/GE_Project/DerivedDataCache/Compressed.ddp not found, will not use a pak cache.
[2016.01.14-22.27.42:847][  0]LogDerivedDataCache: Unable to find inner node CompressedPak for hierarchical cache Hierarchy.
[2016.01.14-22.27.43:394][  0]LogDerivedDataCache:Display: Pak cache opened for reading ../../../Engine/DerivedDataCache/Compressed.ddp.
[2016.01.14-22.27.43:411][  0]LogDerivedDataCache: Using Local data cache path C:/Users/Martin/AppData/Local/UnrealEngine/Common/DerivedDataCache: Writable
[2016.01.14-22.27.44:979][  0]LogInit: Selected Device Profile: [Windows]
[2016.01.14-22.27.45:003][  0]LogContentStreaming: Texture pool size is 0.000000MB
[2016.01.14-22.27.45:686][  0]LogMeshUtilities: No automatic mesh reduction module available
[2016.01.14-22.27.45:686][  0]LogMeshUtilities: No automatic mesh merging module available
[2016.01.14-22.27.47:253][  0]LogInit: WinSock: version 1.1 (2.2), MaxSocks=32767, MaxUdp=65467
[2016.01.14-22.27.54:492][  0]UdpMessaging: Initializing bridge on interface 0.0.0.0:0 to multicast group 230.0.0.1:6666.
[2016.01.14-22.27.54:890][  0]LogAssetRegistry: FAssetRegistry took 0.0135 seconds to start up
[2016.01.14-22.27.55:852][  0]SourceControl: Info Source control is disabled
[2016.01.14-22.27.55:896][  0]SourceControl: Info Source control is disabled
[2016.01.14-22.27.55:972][  0]SourceControl: Info Source control is disabled
[2016.01.14-22.27.56:047][  0]SourceControl: Info Source control is disabled
[2016.01.14-22.27.57:130][  0]LogLinker:Warning: Asset '../../../Engine/Plugins/Runtime/LeapMotionController/Content/LM_PassthroughMaterial.uasset' has been saved with empty engine version. The asset will be loaded but may be incompatible.
[2016.01.14-22.27.57:610][  0]LogObj: 28421 objects as part of root set at end of initial load.
[2016.01.14-22.27.57:610][  0]LogUObjectAllocator: 6081744 out of 0 bytes used by permanent object pool.
[2016.01.14-22.27.57:894][  0]LogEngine: Initializing Engine...
[2016.01.14-22.27.57:947][  0]LogHMD: Can't find Oculus library dev build: is proper Runtime installed? Version: 0.7.0.0
[2016.01.14-22.27.57:954][  0]LogHMD: SteamVR failed to initialize.  Err: 110
[2016.01.14-22.27.58:559][  0]LogAIModule: Creating AISystem for world NewWorld
[2016.01.14-22.27.58:619][  0]LogInit: XAudio2 using 'Lautsprecher/Kopfhörer (Realtek High Definition Audio)' : 2 channels at 44.1 kHz using 16 bits per sample (channel mask 0x3)
[2016.01.14-22.27.58:898][  0]LogInit: FAudioDevice initialized.
[2016.01.14-22.27.58:980][  0]LogDerivedDataCache: Saved boot cache 0.08s 41MB C:/Users/Martin/AppData/Local/UnrealEngine/4.9/DerivedDataCache/Boot.ddc.
[2016.01.14-22.27.58:990][  0]LogInit: Texture streaming: Enabled
[2016.01.14-22.27.59:021][  0]LogAnalytics: Creating configured Analytics provider AnalyticsET
[2016.01.14-22.27.59:022][  0]LogAnalytics: [UEEditor.Rocket.Release] APIServer = http://et2.epicgames.com/ET2/. AppVersion = 4.9.2-2707645+++depot+UE4-Releases+4.9
[2016.01.14-22.27.59:022][  0]LogAnalytics: [UEEditor.Rocket.Release] SetUserId 367b6b074558a321ab68ca91f2a3f4db|81f01d6b67df48cfa9231b1643757103|3d0c64b6-e6bd-4413-84d0-216f80d00fa1
[2016.01.14-22.27.59:023][  0]LogAnalytics: [UEEditor.Rocket.Release] AnalyticsET::StartSession
[2016.01.14-22.27.59:074][  0]LogWindowsTextInputMethodSystem:Display: IME system now deactivated.
[2016.01.14-22.27.59:074][  0]LogWindowsTextInputMethodSystem:Display: IME system now deactivated.
[2016.01.14-22.27.59:194][  0]LogInit: Transaction tracking system initialized
[2016.01.14-22.27.59:656][  0]BlueprintLog: New page: Editor Load
[2016.01.14-22.28.00:413][  0]LocalizationService: Info Localization service is disabled
[2016.01.14-22.28.01:627][  0]LogConsoleResponse:Display: 
[2016.01.14-22.28.02:247][  0]LogCook:Display: Done creating registry. It took  0.00s.
[2016.01.14-22.28.02:678][  0]LogFileCache: Scanning file cache for directory 'C:/Users/Martin/Desktop/Uni/GE_Project/Content/' took 0.03s
[2016.01.14-22.28.02:679][  0]SourceControl: Info Source control is disabled
[2016.01.14-22.28.02:683][  0]Cmd: MAP LOAD FILE="../../../../../../Users/Martin/Desktop/Uni/GE_Project/Content/StarterContent/Maps/Minimal_Default.umap" TEMPLATE=0 SHOWPROGRESS=1 FEATURELEVEL=3
[2016.01.14-22.28.02:688][  0]LightingResults: New page: Lighting Build
[2016.01.14-22.28.02:725][  0]MapCheck: New page: Map Check
[2016.01.14-22.28.02:725][  0]LightingResults: New page: Lighting Build
[2016.01.14-22.28.02:835][  0]LogParticles: Destroying 0 GPU particle simulations for FXSystem 0x000000272DE36160
[2016.01.14-22.28.04:346][  0]LogAIModule: Creating AISystem for world Minimal_Default
[2016.01.14-22.28.04:401][  0]LogEditorServer: Finished looking for orphan Actors (0.003 secs)
[2016.01.14-22.28.04:406][  0]Cmd: MAP CHECKDEP NOCLEARLOG
[2016.01.14-22.28.04:653][  0]MapCheck: Info Map check complete: 0 Error(s), 0 Warning(s), took 247.367ms to complete.
[2016.01.14-22.28.04:654][  0]LogFileHelpers: Loading map 'Minimal_Default' took 1.973
[2016.01.14-22.28.04:967][  0]LogCollectionManager: Loaded 0 collections in 0.006271 seconds
[2016.01.14-22.28.05:043][  0]LogFileCache: Scanning file cache for directory 'C:/Users/Martin/Desktop/Uni/GE_Project/Saved/Collections/' took 0.01s
[2016.01.14-22.28.05:043][  0]LogFileCache: Scanning file cache for directory 'C:/Users/Martin/Desktop/Uni/GE_Project/Content/Developers/Martin/Collections/' took 0.01s
[2016.01.14-22.28.05:043][  0]LogFileCache: Scanning file cache for directory 'C:/Users/Martin/Desktop/Uni/GE_Project/Content/Collections/' took 0.01s
[2016.01.14-22.28.05:043][  0]LogContentBrowser: Native class hierarchy populated in 0.0256 seconds. Added 1873 classes and 335 folders.
[2016.01.14-22.28.05:065][  0]LogCollectionManager: Rebuilt the GUID cache for 0 collections in 0.000006 seconds
[2016.01.14-22.28.05:096][  0]LogContentBrowser: Native class hierarchy updated for 'WidgetCarousel' in 0.0036 seconds. Added 0 classes and 0 folders.
[2016.01.14-22.28.05:473][  0]LogContentBrowser: Native class hierarchy updated for 'AddContentDialog' in 0.0096 seconds. Added 0 classes and 0 folders.
[2016.01.14-22.28.05:508][  0]LogContentBrowser: Native class hierarchy updated for 'SceneOutliner' in 0.0114 seconds. Added 1 classes and 2 folders.
[2016.01.14-22.28.05:701][  0]LogCrashTracker: Crashtracker disabled due to settings.
[2016.01.14-22.28.05:742][  0]LogUObjectGlobals:Warning: Failed to find object 'Class None.'
[2016.01.14-22.28.05:789][  0]LogLoad: Full Startup: 37.04 seconds (BP compile: 0.26 seconds)
[2016.01.14-22.28.06:083][  0]LogContentStreaming: Texture pool size now 200 MB
[2016.01.14-22.28.06:780][  0]LogRenderer: Reallocating scene render targets to support 1212x568 (Frame:2).
[2016.01.14-22.28.11:101][  8]LogCollectionManager: Rebuilt the object cache for 0 collections in 0.000003 seconds (found 0 objects)
[2016.01.14-22.28.11:145][  8]LogAssetRegistry: Asset discovery search completed in 16.2674 seconds
[2016.01.14-22.28.11:146][  8]LogCollectionManager: Fixed up redirectors for 0 collections in 0.000009 seconds (updated 0 objects)
[2016.01.14-22.28.17:348][141]Cmd: MAP LOAD FILE="../../../../../../Users/Martin/Desktop/Uni/GE_Project/Content/MyFirstLevel.umap" TEMPLATE=0 SHOWPROGRESS=1 FEATURELEVEL=3
[2016.01.14-22.28.17:383][141]LightingResults: New page: Lighting Build
[2016.01.14-22.28.17:465][141]LoadErrors: New page: Loading map: MyFirstLevel.umap
[2016.01.14-22.28.17:476][141]MapCheck: New page: Map Check
[2016.01.14-22.28.17:476][141]LightingResults: New page: Lighting Build
[2016.01.14-22.28.17:540][141]LogParticles: Destroying 0 GPU particle simulations for FXSystem 0x000000271F3FF4C0
[2016.01.14-22.28.18:047][141]LogAIModule: Creating AISystem for world MyFirstLevel
[2016.01.14-22.28.18:504][141]LogEditorServer: Finished looking for orphan Actors (0.000 secs)
[2016.01.14-22.28.18:678][141]Cmd: MAP CHECKDEP NOCLEARLOG
[2016.01.14-22.28.18:999][141]MapCheck: Info Map check complete: 0 Error(s), 0 Warning(s), took 321.032ms to complete.
[2016.01.14-22.28.19:000][141]LogFileHelpers: Loading map 'MyFirstLevel' took 1.656
[2016.01.14-22.28.19:155][142]Cmd: UpdateLandscapeEditorData -warnings
[2016.01.14-22.28.23:169][226]LogActorFactory: Actor Factory created Farmhouse_FBX
[2016.01.14-22.28.28:014][369]LogPlayLevel: PlayLevel: No blueprints needed recompiling
[2016.01.14-22.28.28:018][369]PIE: New page: PIE session: MyFirstLevel (Jan 15, 2016, 12:28:28 AM)
[2016.01.14-22.28.28:019][369]LogPlayLevel: Creating play world package: /Game/UEDPIE_0_MyFirstLevel
[2016.01.14-22.28.28:060][369]LogPlayLevel: PIE: StaticDuplicateObject took: (0.041350s)
[2016.01.14-22.28.28:062][369]LogAIModule: Creating AISystem for world MyFirstLevel
[2016.01.14-22.28.28:062][369]LogPlayLevel: PIE: World Init took: (0.002070s)
[2016.01.14-22.28.28:063][369]LogPlayLevel: PIE: Created PIE world by copying editor world from /Game/MyFirstLevel.MyFirstLevel to /Game/UEDPIE_0_MyFirstLevel.MyFirstLevel (0.044674s)
[2016.01.14-22.28.28:146][369]LogInit: XAudio2 using 'Lautsprecher/Kopfhörer (Realtek High Definition Audio)' : 2 channels at 44.1 kHz using 16 bits per sample (channel mask 0x3)
[2016.01.14-22.28.28:155][369]LogInit: FAudioDevice initialized.
[2016.01.14-22.28.28:688][369]LogBlueprint:Warning: [compiler Ue4ASP_Character] Warning Input Axis Event references unknown Axis 'LookUp' for  InputAxis LookUp 
[2016.01.14-22.28.28:690][369]LogBlueprint:Warning: [compiler Ue4ASP_Character] Warning Input Axis Event references unknown Axis 'Turn' for  InputAxis Turn 
[2016.01.14-22.28.28:690][369]LogBlueprint:Warning: [compiler Ue4ASP_Character] Warning Input Axis Event references unknown Axis 'MoveRight' for  InputAxis MoveRight 
[2016.01.14-22.28.28:691][369]LogBlueprint:Warning: [compiler Ue4ASP_Character] Warning Input Axis Event references unknown Axis 'MoveForward' for  InputAxis MoveForward 
[2016.01.14-22.28.28:703][369]LogBlueprint:Warning: [compiler Ue4ASP_Character] Warning [0059.95] Compile of Ue4ASP_Character successful, but with 4 Warning(s) [in 46 ms]
[2016.01.14-22.28.28:703][369]LogBlueprint:Warning: [compiler Ue4ASP_Character] Warning [0059.95] Compile of Ue4ASP_Character successful, but with 5 Warning(s) [in 0 ms]
[2016.01.14-22.28.28:704][369]LogBlueprint:Warning: [compiler Ue4ASP_Character] Warning [0059.95] Compile of Ue4ASP_Character successful, but with 6 Warning(s) [in 0 ms]
[2016.01.14-22.28.29:053][369]LogBlueprint:Warning: [compiler Ue4ASP_Character] Warning Input Axis Event references unknown Axis 'LookUp' for  InputAxis LookUp 
[2016.01.14-22.28.29:053][369]LogBlueprint:Warning: [compiler Ue4ASP_Character] Warning Input Axis Event references unknown Axis 'Turn' for  InputAxis Turn 
[2016.01.14-22.28.29:054][369]LogBlueprint:Warning: [compiler Ue4ASP_Character] Warning Input Axis Event references unknown Axis 'MoveRight' for  InputAxis MoveRight 
[2016.01.14-22.28.29:055][369]LogBlueprint:Warning: [compiler Ue4ASP_Character] Warning Input Axis Event references unknown Axis 'MoveForward' for  InputAxis MoveForward 
[2016.01.14-22.28.29:065][369]LogBlueprint:Warning: [compiler Ue4ASP_Character] Warning [0060.32] Compile of Ue4ASP_Character successful, but with 4 Warning(s) [in 42 ms]
[2016.01.14-22.28.29:066][369]LogBlueprint:Warning: [compiler Ue4ASP_Character] Warning [0060.32] Compile of Ue4ASP_Character successful, but with 5 Warning(s) [in 0 ms]
[2016.01.14-22.28.29:068][369]LogBlueprint:Warning: [compiler Ue4ASP_Character] Warning [0060.32] Compile of Ue4ASP_Character successful, but with 6 Warning(s) [in 2 ms]
[2016.01.14-22.28.29:576][369]LogWorld: Game class is 'BP_TheBeginningGameMode_C'
[2016.01.14-22.28.29:707][369]LogWorld: Bringing World /Game/UEDPIE_0_MyFirstLevel.MyFirstLevel up for play (max tick rate 0) at 2016.01.14-23.28.29
[2016.01.14-22.28.29:707][369]LogActor:Warning: GameSession /Game/UEDPIE_0_MyFirstLevel.MyFirstLevel:PersistentLevel.GameSession_0 has natively added scene component(s), but none of them were set as the actor's RootComponent - picking one arbitrarily
[2016.01.14-22.28.29:709][369]LogActor:Warning: GameNetworkManager /Game/UEDPIE_0_MyFirstLevel.MyFirstLevel:PersistentLevel.GameNetworkManager_0 has natively added scene component(s), but none of them were set as the actor's RootComponent - picking one arbitrarily
[2016.01.14-22.28.29:717][369]LogWorld: Bringing up level for play took: 0.128315
[2016.01.14-22.28.29:775][369]PIE: Info Play in editor start time for /Game/UEDPIE_0_MyFirstLevel 1.812
[2016.01.14-22.28.41:558][802]LogParticles: Destroying 0 GPU particle simulations for FXSystem 0x0000002737AC9120
[2016.01.14-22.28.43:102][842]LogVSAccessor:Warning: Couldn't access Visual Studio
[2016.01.14-22.28.43:136][842]Recompiling TheBeginning...
[2016.01.14-22.28.43:138][842]Launching UnrealBuildTool... [C:/Program Files/Epic Games/4.9/Engine/Binaries/DotNET/UnrealBuildTool.exe TheBeginning -ModuleWithSuffix TheBeginning 9442 Win64 Development -editorrecompile -canskiplink "C:/Users/Martin/Desktop/Uni/GE_Project/TheBeginning.uproject" -rocket  -rocket]
[2016.01.14-22.28.43:152][842]Warning: Starting HotReload took  0.1s.
[2016.01.14-22.31.31:609][298]CompilerResultsLog: New page: Compilation - Jan 15, 2016, 12:31:31 AM
[2016.01.14-22.31.31:620][298]CompilerResultsLog: Info Creating makefile for hot reloading TheBeginning (.uproject file is newer)
[2016.01.14-22.31.31:620][298]CompilerResultsLog: Info Compiling game modules for hot reload
[2016.01.14-22.31.31:620][298]CompilerResultsLog: Info Parsing headers for TheBeginningEditor
[2016.01.14-22.31.31:620][298]CompilerResultsLog: Info   Running UnrealHeaderTool "C:/Users/Martin/Desktop/Uni/GE_Project/TheBeginning.uproject" "C:\Users\Martin\Desktop\Uni\GE_Project\Intermediate\Build\Win64\TheBeginningEditor\Development\UnrealHeaderTool.manifest" -LogCmds="loginit warning, logexit warning, logdatabase error" -rocket -installed
[2016.01.14-22.31.31:621][298]CompilerResultsLog: Info Reflection code generated for TheBeginningEditor in 31,4958686 seconds
[2016.01.14-22.31.31:621][298]CompilerResultsLog: Info Performing 11 actions (2 in parallel)
[2016.01.14-22.31.31:621][298]CompilerResultsLog: Info PCH.TheBeginning.h.cpp
[2016.01.14-22.31.31:621][298]CompilerResultsLog:Error: Error c:\program files\epic games\4.9\engine\source\runtime\core\public\delegates\DelegateSignatureImpl_Variadics.inl(272)  : fatal error C1085: Cannot write precompiled header file: 'C:\Users\Martin\Desktop\Uni\GE_Project\Intermediate\Build\Win64\UE4Editor\Development\TheBeginning\TheBeginning.h.pch': Es steht nicht genug Speicherplatz auf dem Datentr?ger zur Verf?gung.
[2016.01.14-22.31.31:621][298]CompilerResultsLog: Info 
[2016.01.14-22.31.31:622][298]CompilerResultsLog: Info -------- End Detailed Actions Stats -----------------------------------------------------------
[2016.01.14-22.31.31:622][298]CompilerResultsLog: Info ERROR: UBT ERROR: Failed to produce item: C:\Users\Martin\Desktop\Uni\GE_Project\Binaries\Win64\UE4Editor-TheBeginning-9442.dll
[2016.01.14-22.31.31:622][298]CompilerResultsLog: Info Total build time: 167,92 seconds
[2016.01.14-22.31.31:622][298]LogMainFrame: MainFrame: Module compiling took 168.520 seconds
[2016.01.14-22.31.31:625][298]Warning: HotReload failed, recompile failed
[2016.01.14-22.32.13:727][677]LogVSAccessor:Warning: Visual Studio is open but could not be queried - it may be blocked by a modal operation
[2016.01.14-22.32.30:195][857]LogPlayLevel: PlayLevel: No blueprints needed recompiling
[2016.01.14-22.32.30:198][857]PIE: New page: PIE session: MyFirstLevel (Jan 15, 2016, 12:32:30 AM)
[2016.01.14-22.32.30:203][857]LogPlayLevel: Creating play world package: /Game/UEDPIE_0_MyFirstLevel
[2016.01.14-22.32.30:252][857]LogPlayLevel: PIE: StaticDuplicateObject took: (0.047073s)
[2016.01.14-22.32.30:280][857]LogAIModule: Creating AISystem for world MyFirstLevel
[2016.01.14-22.32.30:283][857]LogPlayLevel: PIE: World Init took: (0.030848s)
[2016.01.14-22.32.30:284][857]LogPlayLevel: PIE: Created PIE world by copying editor world from /Game/MyFirstLevel.MyFirstLevel to /Game/UEDPIE_0_MyFirstLevel.MyFirstLevel (0.081090s)
[2016.01.14-22.32.30:359][857]LogInit: XAudio2 using 'Lautsprecher/Kopfhörer (Realtek High Definition Audio)' : 2 channels at 44.1 kHz using 16 bits per sample (channel mask 0x3)
[2016.01.14-22.32.30:366][857]LogAudio:Warning: CreateMasteringVoice error: Unhandled error code -2004287465
[2016.01.14-22.32.30:366][857]LogInit:Warning: Failed to create the mastering voice for XAudio2
[2016.01.14-22.32.30:428][857]LogWorld: Game class is 'BP_TheBeginningGameMode_C'
[2016.01.14-22.32.30:500][857]LogWorld: Bringing World /Game/UEDPIE_0_MyFirstLevel.MyFirstLevel up for play (max tick rate 0) at 2016.01.14-23.32.30
[2016.01.14-22.32.30:501][857]LogActor:Warning: GameSession /Game/UEDPIE_0_MyFirstLevel.MyFirstLevel:PersistentLevel.GameSession_1 has natively added scene component(s), but none of them were set as the actor's RootComponent - picking one arbitrarily
[2016.01.14-22.32.30:502][857]LogActor:Warning: GameNetworkManager /Game/UEDPIE_0_MyFirstLevel.MyFirstLevel:PersistentLevel.GameNetworkManager_1 has natively added scene component(s), but none of them were set as the actor's RootComponent - picking one arbitrarily
[2016.01.14-22.32.30:508][857]LogWorld: Bringing up level for play took: 0.070501
[2016.01.14-22.32.30:541][857]PIE: Info Play in editor start time for /Game/UEDPIE_0_MyFirstLevel 0.577
[2016.01.14-22.32.30:627][858]LogCharacterMovement:Warning: GetSimulationTimeStep() - Max iterations 8 hit while remaining time 0.057939 > MaxSimulationTimeStep (0.050) for 'BP_Avatar_C_1'
[2016.01.14-22.32.41:370][249]LogParticles: Destroying 0 GPU particle simulations for FXSystem 0x0000002746155EE0
[2016.01.14-22.33.02:465][512]Recompiling TheBeginning...
[2016.01.14-22.33.02:466][512]Launching UnrealBuildTool... [C:/Program Files/Epic Games/4.9/Engine/Binaries/DotNET/UnrealBuildTool.exe TheBeginning -ModuleWithSuffix TheBeginning 1501 Win64 Development -editorrecompile -canskiplink "C:/Users/Martin/Desktop/Uni/GE_Project/TheBeginning.uproject" -rocket  -rocket]
[2016.01.14-22.33.02:480][512]Warning: Starting HotReload took  0.1s.
[2016.01.14-22.38.33:742][746]CompilerResultsLog: New page: Compilation - Jan 15, 2016, 12:38:33 AM
[2016.01.14-22.38.33:753][746]CompilerResultsLog: Info Compiling game modules for hot reload
[2016.01.14-22.38.33:753][746]CompilerResultsLog: Info Performing 11 actions (2 in parallel)
[2016.01.14-22.38.33:753][746]CompilerResultsLog: Info PCH.TheBeginning.h.cpp
[2016.01.14-22.38.33:754][746]CompilerResultsLog: Info MeleeWeapon.cpp
[2016.01.14-22.38.33:754][746]CompilerResultsLog: Info Avatar.cpp
[2016.01.14-22.38.33:754][746]CompilerResultsLog: Info Monster.cpp
[2016.01.14-22.38.33:754][746]CompilerResultsLog: Info MyHUD.cpp
[2016.01.14-22.38.33:754][746]CompilerResultsLog: Info NPC.cpp
[2016.01.14-22.38.33:754][746]CompilerResultsLog: Info PickUpItem.cpp
[2016.01.14-22.38.33:754][746]CompilerResultsLog: Info TheBeginning.cpp
[2016.01.14-22.38.33:754][746]CompilerResultsLog: Info TheBeginningGameMode.cpp
[2016.01.14-22.38.33:754][746]CompilerResultsLog: Info TheBeginning.generated.cpp
[2016.01.14-22.38.33:754][746]CompilerResultsLog: Info [11/11] Link UE4Editor-TheBeginning-1501.dll
[2016.01.14-22.38.33:755][746]CompilerResultsLog: Info    Creating library C:\Users\Martin\Desktop\Uni\GE_Project\Intermediate/Build/Win64\UE4Editor\Development\UE4Editor-TheBeginning-1501.lib and object C:\Users\Martin\Desktop\Uni\GE_Project\Intermediate/Build/Win64\UE4Editor\Development\UE4Editor-TheBeginning-1501.exp
[2016.01.14-22.38.33:755][746]CompilerResultsLog: Info -------- End Detailed Actions Stats -----------------------------------------------------------
[2016.01.14-22.38.33:755][746]CompilerResultsLog: Info Total build time: 330,65 seconds
[2016.01.14-22.38.33:756][746]LogMainFrame: MainFrame: Module compiling took 331.307 seconds
[2016.01.14-22.38.34:067][746]LogClass: Could not find existing class MeleeWeapon in package /Script/TheBeginning for HotReload, assuming new class
[2016.01.14-22.38.34:068][746]LogClass: Function Prox is new.
[2016.01.14-22.38.34:093][746]LogHotReload: Re-instancing Avatar after hot-reload.
[2016.01.14-22.38.34:599][746]LogContentBrowser: Native class hierarchy updated for 'TheBeginning' in 0.0179 seconds. Added 7 classes and 2 folders.
[2016.01.14-22.38.34:604][746]Warning: HotReload successful (2 functions remapped  0 scriptstructs remapped)
[2016.01.14-22.38.34:897][746]LogContentBrowser: Native class hierarchy populated in 0.0426 seconds. Added 1875 classes and 337 folders.
[2016.01.14-22.38.37:371][804]LogPlayLevel: PlayLevel: No blueprints needed recompiling
[2016.01.14-22.38.37:372][804]PIE: New page: PIE session: MyFirstLevel (Jan 15, 2016, 12:38:37 AM)
[2016.01.14-22.38.37:375][804]LogPlayLevel: Creating play world package: /Game/UEDPIE_0_MyFirstLevel
[2016.01.14-22.38.37:430][804]LogPlayLevel: PIE: StaticDuplicateObject took: (0.054153s)
[2016.01.14-22.38.37:480][804]LogAIModule: Creating AISystem for world MyFirstLevel
[2016.01.14-22.38.37:484][804]LogPlayLevel: PIE: World Init took: (0.054426s)
[2016.01.14-22.38.37:485][804]LogPlayLevel: PIE: Created PIE world by copying editor world from /Game/MyFirstLevel.MyFirstLevel to /Game/UEDPIE_0_MyFirstLevel.MyFirstLevel (0.111042s)
[2016.01.14-22.38.37:596][804]LogInit: XAudio2 using 'Lautsprecher/Kopfhörer (Realtek High Definition Audio)' : 2 channels at 44.1 kHz using 16 bits per sample (channel mask 0x3)
[2016.01.14-22.38.37:606][804]LogAudio:Warning: CreateMasteringVoice error: Unhandled error code -2004287465
[2016.01.14-22.38.37:606][804]LogInit:Warning: Failed to create the mastering voice for XAudio2
[2016.01.14-22.38.37:696][804]LogWorld: Game class is 'BP_TheBeginningGameMode_C'
[2016.01.14-22.38.37:844][804]LogWorld: Bringing World /Game/UEDPIE_0_MyFirstLevel.MyFirstLevel up for play (max tick rate 0) at 2016.01.14-23.38.37
[2016.01.14-22.38.37:845][804]LogActor:Warning: GameSession /Game/UEDPIE_0_MyFirstLevel.MyFirstLevel:PersistentLevel.GameSession_2 has natively added scene component(s), but none of them were set as the actor's RootComponent - picking one arbitrarily
[2016.01.14-22.38.37:847][804]LogActor:Warning: GameNetworkManager /Game/UEDPIE_0_MyFirstLevel.MyFirstLevel:PersistentLevel.GameNetworkManager_2 has natively added scene component(s), but none of them were set as the actor's RootComponent - picking one arbitrarily
[2016.01.14-22.38.37:855][804]LogWorld: Bringing up level for play took: 0.146968
[2016.01.14-22.38.37:905][804]PIE: Info Play in editor start time for /Game/UEDPIE_0_MyFirstLevel -0.059
[2016.01.14-22.38.51:829][298]LogParticles: Destroying 0 GPU particle simulations for FXSystem 0x00000027243E9F80
[2016.01.14-22.39.00:418][459]Cmd: QUIT_EDITOR
[2016.01.14-22.39.01:267][459]LogWindowsTextInputMethodSystem:Display: IME system now deactivated.
[2016.01.14-22.39.01:267][459]LogWindowsTextInputMethodSystem:Display: IME system now deactivated.
[2016.01.14-22.39.01:766][459]LogExit: Preparing to exit.
[2016.01.14-22.39.02:525][459]LogExit: Editor shut down
[2016.01.14-22.39.02:531][459]LogExit: Transaction tracking system shut down
[2016.01.14-22.39.02:535][459]LogParticles: Destroying 0 GPU particle simulations for FXSystem 0x0000002737ADB060
[2016.01.14-22.39.02:558][459]LogParticles: Destroying 0 GPU particle simulations for FXSystem 0x000000273A5DDEE0
[2016.01.14-22.39.02:558][459]LogParticles: Destroying 0 GPU particle simulations for FXSystem 0x000000271F9144A0
[2016.01.14-22.39.02:562][459]LogParticles: Destroying 0 GPU particle simulations for FXSystem 0x0000002736D5A480
[2016.01.14-22.39.02:562][459]LogParticles: Destroying 0 GPU particle simulations for FXSystem 0x0000002736F5E660
[2016.01.14-22.39.03:217][459]LogExit: Object subsystem successfully closed.
[2016.01.14-22.39.03:314][459]LogD3D11RHI: Shutdown
[2016.01.14-22.39.03:314][459]LogD3D11RHI: CleanupD3DDevice
[2016.01.14-22.39.03:531][459]LogD3D11RHI: ~FD3D11DynamicRHI
[2016.01.14-22.39.03:693][459]LogModuleManager: Shutting down and abandoning module CrashTracker (198)
[2016.01.14-22.39.03:693][459]LogModuleManager: Shutting down and abandoning module SceneOutliner (197)
[2016.01.14-22.39.03:693][459]LogModuleManager: Shutting down and abandoning module SuperSearch (196)
[2016.01.14-22.39.03:693][459]LogModuleManager: Shutting down and abandoning module WidgetCarousel (195)
[2016.01.14-22.39.03:693][459]LogModuleManager: Shutting down and abandoning module AddContentDialog (194)
[2016.01.14-22.39.03:707][459]LogModuleManager: Shutting down and abandoning module EditorWidgets (193)
[2016.01.14-22.39.03:707][459]LogModuleManager: Shutting down and abandoning module CollectionManager (192)
[2016.01.14-22.39.03:708][459]LogModuleManager: Shutting down and abandoning module StatsViewer (191)
[2016.01.14-22.39.03:709][459]LogModuleManager: Shutting down and abandoning module FoliageEdit (190)
[2016.01.14-22.39.03:710][459]LogModuleManager: Shutting down and abandoning module LandscapeEditor (189)
[2016.01.14-22.39.03:712][459]LogModuleManager: Shutting down and abandoning module ActorPickerMode (188)
[2016.01.14-22.39.03:712][459]LogModuleManager: Shutting down and abandoning module GeometryMode (187)
[2016.01.14-22.39.03:712][459]LogModuleManager: Shutting down and abandoning module TextureAlignMode (186)
[2016.01.14-22.39.03:712][459]LogModuleManager: Shutting down and abandoning module BspMode (185)
[2016.01.14-22.39.03:712][459]LogModuleManager: Shutting down and abandoning module PlacementMode (184)
[2016.01.14-22.39.03:713][459]LogModuleManager: Shutting down and abandoning module AutomationWorker (183)
[2016.01.14-22.39.03:713][459]LogModuleManager: Shutting down and abandoning module CharacterAI (182)
[2016.01.14-22.39.03:713][459]LogModuleManager: Shutting down and abandoning module SmartSnapping (181)
[2016.01.14-22.39.03:713][459]LogModuleManager: Shutting down and abandoning module ViewportSnapping (180)
[2016.01.14-22.39.03:714][459]LogModuleManager: Shutting down and abandoning module LogVisualizer (179)
[2016.01.14-22.39.03:719][459]LogModuleManager: Shutting down and abandoning module GameProjectGeneration (178)
[2016.01.14-22.39.03:721][459]LogModuleManager: Shutting down and abandoning module IntroTutorials (177)
[2016.01.14-22.39.03:725][459]LogModuleManager: Shutting down and abandoning module EditorLiveStreaming (176)
[2016.01.14-22.39.03:725][459]LogModuleManager: Shutting down and abandoning module IOSPlatformEditor (175)
[2016.01.14-22.39.03:726][459]LogModuleManager: Shutting down and abandoning module HTML5PlatformEditor (174)
[2016.01.14-22.39.03:726][459]LogModuleManager: Shutting down and abandoning module AndroidDeviceDetection (173)
[2016.01.14-22.39.04:508][459]LogModuleManager: Shutting down and abandoning module AndroidPlatformEditor (172)
[2016.01.14-22.39.04:508][459]LogModuleManager: Shutting down and abandoning module IOSRuntimeSettings (171)
[2016.01.14-22.39.04:508][459]LogModuleManager: Shutting down and abandoning module AndroidRuntimeSettings (170)
[2016.01.14-22.39.04:508][459]LogModuleManager: Shutting down and abandoning module MergeActors (169)
[2016.01.14-22.39.04:510][459]LogModuleManager: Shutting down and abandoning module SizeMap (168)
[2016.01.14-22.39.04:510][459]LogModuleManager: Shutting down and abandoning module TreeMap (167)
[2016.01.14-22.39.04:511][459]LogModuleManager: Shutting down and abandoning module ReferenceViewer (166)
[2016.01.14-22.39.04:511][459]LogModuleManager: Shutting down and abandoning module LocalizationService (165)
[2016.01.14-22.39.04:513][459]LogModuleManager: Shutting down and abandoning module LocalizationDashboard (164)
[2016.01.14-22.39.04:515][459]LogModuleManager: Shutting down and abandoning module HardwareTargeting (163)
[2016.01.14-22.39.04:515][459]LogModuleManager: Shutting down and abandoning module DeviceProfileEditor (162)
[2016.01.14-22.39.04:516][459]LogModuleManager: Shutting down and abandoning module UndoHistory (161)
[2016.01.14-22.39.04:517][459]LogModuleManager: Shutting down and abandoning module GameplayTagsEditor (160)
[2016.01.14-22.39.04:517][459]LogModuleManager: Shutting down and abandoning module UserFeedback (159)
[2016.01.14-22.39.04:517][459]LogModuleManager: Shutting down and abandoning module XmlParser (158)
[2016.01.14-22.39.04:518][459]LogModuleManager: Shutting down and abandoning module Blutility (157)
[2016.01.14-22.39.04:518][459]LogModuleManager: Shutting down and abandoning module ProjectTargetPlatformEditor (156)
[2016.01.14-22.39.04:520][459]LogModuleManager: Shutting down and abandoning module ProjectSettingsViewer (155)
[2016.01.14-22.39.04:521][459]LogModuleManager: Shutting down and abandoning module InputBindingEditor (154)
[2016.01.14-22.39.04:523][459]LogModuleManager: Shutting down and abandoning module EditorSettingsViewer (153)
[2016.01.14-22.39.04:525][459]LogModuleManager: Shutting down and abandoning module SettingsEditor (152)
[2016.01.14-22.39.04:527][459]LogModuleManager: Shutting down and abandoning module ProjectLauncher (151)
[2016.01.14-22.39.04:529][459]LogModuleManager: Shutting down and abandoning module SessionFrontend (150)
[2016.01.14-22.39.04:531][459]LogModuleManager: Shutting down and abandoning module ProfilerClient (149)
[2016.01.14-22.39.04:532][459]LogModuleManager: Shutting down and abandoning module TargetDeviceServices (148)
[2016.01.14-22.39.04:532][459]LogModuleManager: Shutting down and abandoning module DeviceManager (147)
[2016.01.14-22.39.04:535][459]LogModuleManager: Shutting down and abandoning module AutomationController (146)
[2016.01.14-22.39.04:538][459]LogModuleManager: Shutting down and abandoning module AutomationWindow (145)
[2016.01.14-22.39.04:540][459]LogModuleManager: Shutting down and abandoning module Layers (144)
[2016.01.14-22.39.04:543][459]LogModuleManager: Shutting down and abandoning module ComponentVisualizers (143)
[2016.01.14-22.39.04:543][459]LogModuleManager: Shutting down and abandoning module DetailCustomizations (142)
[2016.01.14-22.39.04:546][459]LogModuleManager: Shutting down and abandoning module PackagesDialog (141)
[2016.01.14-22.39.04:548][459]LogModuleManager: Shutting down and abandoning module Persona (140)
[2016.01.14-22.39.04:551][459]LogModuleManager: Shutting down and abandoning module Kismet (139)
[2016.01.14-22.39.04:552][459]LogModuleManager: Shutting down and abandoning module GraphEditor (138)
[2016.01.14-22.39.04:556][459]LogModuleManager: Shutting down and abandoning module ClassViewer (137)
[2016.01.14-22.39.04:557][459]LogModuleManager: Shutting down and abandoning module Toolbox (136)
[2016.01.14-22.39.04:558][459]LogModuleManager: Shutting down and abandoning module ModuleUI (135)
[2016.01.14-22.39.04:559][459]LogModuleManager: Shutting down and abandoning module MovieSceneTools (134)
[2016.01.14-22.39.04:561][459]LogModuleManager: Shutting down and abandoning module OutputLog (133)
[2016.01.14-22.39.04:561][459]LogModuleManager: Shutting down and abandoning module GammaUI (132)
[2016.01.14-22.39.04:562][459]LogModuleManager: Shutting down and abandoning module Documentation (131)
[2016.01.14-22.39.04:562][459]LogModuleManager: Shutting down and abandoning module GameLiveStreaming (130)
[2016.01.14-22.39.04:562][459]LogModuleManager: Shutting down and abandoning module StreamingPauseRendering (129)
[2016.01.14-22.39.04:562][459]LogModuleManager: Shutting down and abandoning module AnalyticsET (128)
[2016.01.14-22.39.04:563][459]LogModuleManager: Shutting down and abandoning module Analytics (127)
[2016.01.14-22.39.04:564][459]LogModuleManager: Shutting down and abandoning module AITestSuite (126)
[2016.01.14-22.39.04:564][459]LogModuleManager: Shutting down and abandoning module GameplayDebugger (125)
[2016.01.14-22.39.04:564][459]LogModuleManager: Shutting down and abandoning module AIModule (124)
[2016.01.14-22.39.04:564][459]LogModuleManager: Shutting down and abandoning module ProfilerService (123)
[2016.01.14-22.39.04:631][459]LogModuleManager: Shutting down and abandoning module TaskGraph (122)
[2016.01.14-22.39.04:633][459]LogModuleManager: Shutting down and abandoning module SlateRemote (121)
[2016.01.14-22.39.04:634][459]LogModuleManager: Shutting down and abandoning module SteamVRController (120)
[2016.01.14-22.39.04:634][459]LogModuleManager: Shutting down and abandoning module SteamVR (119)
[2016.01.14-22.39.04:634][459]LogModuleManager: Shutting down and abandoning module ProceduralMeshComponent (118)
[2016.01.14-22.39.04:634][459]LogModuleManager: Shutting down and abandoning module OculusRift (117)
[2016.01.14-22.39.04:636][459]LogModuleManager: Shutting down and abandoning module OculusLibrary (116)
[2016.01.14-22.39.04:636][459]LogModuleManager: Shutting down and abandoning module LeapMotionController (115)
[2016.01.14-22.39.04:683][459]LogModuleManager: Shutting down and abandoning module CustomMeshComponent (114)
[2016.01.14-22.39.04:683][459]LogModuleManager: Shutting down and abandoning module CableComponent (113)
[2016.01.14-22.39.04:683][459]LogModuleManager: Shutting down and abandoning module ArchVisCharacter (112)
[2016.01.14-22.39.04:683][459]LogModuleManager: Shutting down and abandoning module MessagingDebugger (111)
[2016.01.14-22.39.04:686][459]LogModuleManager: Shutting down and abandoning module MediaPlayerEditor (110)
[2016.01.14-22.39.04:688][459]LogModuleManager: Shutting down and abandoning module HTML5Networking (109)
[2016.01.14-22.39.04:688][459]LogModuleManager: Shutting down and abandoning module SpeedTreeImporter (108)
[2016.01.14-22.39.04:688][459]LogModuleManager: Shutting down and abandoning module PluginBrowser (107)
[2016.01.14-22.39.04:691][459]LogModuleManager: Shutting down and abandoning module EpicSurvey (106)
[2016.01.14-22.39.04:693][459]LogModuleManager: Shutting down and abandoning module DesktopPlatform (105)
[2016.01.14-22.39.04:694][459]LogModuleManager: Shutting down and abandoning module VisualStudioSourceCodeAccess (104)
[2016.01.14-22.39.04:695][459]LogModuleManager: Shutting down and abandoning module UObjectPlugin (103)
[2016.01.14-22.39.04:695][459]LogModuleManager: Shutting down and abandoning module SubversionSourceControl (102)
[2016.01.14-22.39.04:697][459]LogModuleManager: Shutting down and abandoning module PerforceSourceControl (101)
[2016.01.14-22.39.04:699][459]LogModuleManager: Shutting down and abandoning module SourceControl (100)
[2016.01.14-22.39.04:701][459]LogModuleManager: Shutting down and abandoning module GitSourceControl (99)
[2016.01.14-22.39.04:702][459]LogModuleManager: Shutting down and abandoning module LightPropagationVolumeEditor (98)
[2016.01.14-22.39.04:702][459]LogModuleManager: Shutting down and abandoning module PaperTiledImporter (97)
[2016.01.14-22.39.04:703][459]LogModuleManager: Shutting down and abandoning module PaperSpriteSheetImporter (96)
[2016.01.14-22.39.04:704][459]LogModuleManager: Shutting down and abandoning module MeshPaint (95)
[2016.01.14-22.39.04:704][459]LogModuleManager: Shutting down and abandoning module SlateReflector (94)
[2016.01.14-22.39.04:706][459]LogModuleManager: Shutting down and abandoning module HotReload (93)
[2016.01.14-22.39.04:706][459]LogModuleManager: Shutting down and abandoning module MainFrame (92)
[2016.01.14-22.39.04:707][459]LogModuleManager: Shutting down and abandoning module LevelEditor (91)
[2016.01.14-22.39.04:714][459]LogModuleManager: Shutting down and abandoning module DirectoryWatcher (90)
[2016.01.14-22.39.04:735][459]LogModuleManager: Shutting down and abandoning module AssetRegistry (89)
[2016.01.14-22.39.05:014][459]LogModuleManager: Shutting down and abandoning module ContentBrowser (88)
[2016.01.14-22.39.05:016][459]LogModuleManager: Shutting down and abandoning module Paper2DEditor (87)
[2016.01.14-22.39.05:020][459]LogModuleManager: Shutting down and abandoning module TheBeginning (86)
[2016.01.14-22.39.05:020][459]LogModuleManager: Shutting down and abandoning module UdpMessaging (85)
[2016.01.14-22.39.05:121][459]LogModuleManager: Shutting down and abandoning module LightPropagationVolumeRuntime (84)
[2016.01.14-22.39.05:121][459]LogModuleManager: Shutting down and abandoning module Paper2D (83)
[2016.01.14-22.39.05:121][459]LogModuleManager: Shutting down and abandoning module WindowsMoviePlayer (82)
[2016.01.14-22.39.05:134][459]LogModuleManager: Shutting down and abandoning module Media (81)
[2016.01.14-22.39.05:135][459]LogModuleManager: Shutting down and abandoning module WmfMedia (80)
[2016.01.14-22.39.05:138][459]LogModuleManager: Shutting down and abandoning module OnlineBlueprintSupport (79)
[2016.01.14-22.39.05:138][459]LogModuleManager: Shutting down and abandoning module GameplayTasksEditor (78)
[2016.01.14-22.39.05:138][459]LogModuleManager: Shutting down and abandoning module PropertyEditor (77)
[2016.01.14-22.39.05:140][459]LogModuleManager: Shutting down and abandoning module BehaviorTreeEditor (76)
[2016.01.14-22.39.05:143][459]LogModuleManager: Shutting down and abandoning module FunctionalTesting (75)
[2016.01.14-22.39.05:144][459]LogModuleManager: Shutting down and abandoning module CollisionAnalyzer (74)
[2016.01.14-22.39.05:146][459]LogModuleManager: Shutting down and abandoning module WorkspaceMenuStructure (73)
[2016.01.14-22.39.05:149][459]LogModuleManager: Shutting down and abandoning module MessageLog (72)
[2016.01.14-22.39.05:149][459]LogModuleManager: Shutting down and abandoning module Sequencer (71)
[2016.01.14-22.39.05:151][459]LogModuleManager: Shutting down and abandoning module AssetTools (70)
[2016.01.14-22.39.05:155][459]LogModuleManager: Shutting down and abandoning module UMGEditor (69)
[2016.01.14-22.39.05:157][459]LogModuleManager: Shutting down and abandoning module UMG (68)
[2016.01.14-22.39.05:158][459]LogModuleManager: Shutting down and abandoning module Slate (67)
[2016.01.14-22.39.05:158][459]LogModuleManager: Shutting down and abandoning module EditorStyle (66)
[2016.01.14-22.39.05:176][459]LogModuleManager: Shutting down and abandoning module SessionServices (65)
[2016.01.14-22.39.05:176][459]LogModuleManager: Shutting down and abandoning module SourceCodeAccess (64)
[2016.01.14-22.39.05:176][459]LogModuleManager: Shutting down and abandoning module HeadMountedDisplay (63)
[2016.01.14-22.39.05:176][459]LogModuleManager: Shutting down and abandoning module XAudio2 (62)
[2016.01.14-22.39.05:176][459]LogModuleManager: Shutting down and abandoning module Networking (60)
[2016.01.14-22.39.05:177][459]LogModuleManager: Shutting down and abandoning module Core (59)
[2016.01.14-22.39.05:177][459]LogModuleManager: Shutting down and abandoning module KismetCompiler (58)
[2016.01.14-22.39.05:177][459]LogModuleManager: Shutting down and abandoning module PhysXFormats (57)
[2016.01.14-22.39.05:177][459]LogModuleManager: Shutting down and abandoning module MeshUtilities (56)
[2016.01.14-22.39.05:178][459]LogModuleManager: Shutting down and abandoning module CookingStats (55)
[2016.01.14-22.39.05:185][459]LogModuleManager: Shutting down and abandoning module DerivedDataCache (54)
[2016.01.14-22.39.05:244][459]LogDerivedDataCache: Shutdown
[2016.01.14-22.39.05:244][459]LogModuleManager: Shutting down and abandoning module ShaderFormatOpenGL (53)
[2016.01.14-22.39.05:246][459]LogModuleManager: Shutting down and abandoning module ShaderFormatD3D (52)
[2016.01.14-22.39.05:246][459]LogModuleManager: Shutting down and abandoning module MetalShaderFormat (51)
[2016.01.14-22.39.05:246][459]LogModuleManager: Shutting down and abandoning module TextureFormatUncompressed (50)
[2016.01.14-22.39.05:246][459]LogModuleManager: Shutting down and abandoning module TextureFormatPVR (49)
[2016.01.14-22.39.05:247][459]LogModuleManager: Shutting down and abandoning module TextureFormatIntelISPCTexComp (48)
[2016.01.14-22.39.05:248][459]LogModuleManager: Shutting down and abandoning module TextureFormatDXT (47)
[2016.01.14-22.39.05:249][459]LogModuleManager: Shutting down and abandoning module ImageWrapper (46)
[2016.01.14-22.39.05:249][459]LogModuleManager: Shutting down and abandoning module TextureFormatASTC (45)
[2016.01.14-22.39.05:249][459]LogModuleManager: Shutting down and abandoning module TextureFormatAndroid (44)
[2016.01.14-22.39.05:249][459]LogModuleManager: Shutting down and abandoning module AudioFormatOpus (43)
[2016.01.14-22.39.05:249][459]LogModuleManager: Shutting down and abandoning module AudioFormatOgg (42)
[2016.01.14-22.39.05:250][459]LogModuleManager: Shutting down and abandoning module AudioFormatADPCM (41)
[2016.01.14-22.39.05:251][459]LogModuleManager: Shutting down and abandoning module LinuxTargetPlatform (40)
[2016.01.14-22.39.05:251][459]LogModuleManager: Shutting down and abandoning module LinuxServerTargetPlatform (39)
[2016.01.14-22.39.05:251][459]LogModuleManager: Shutting down and abandoning module LinuxNoEditorTargetPlatform (38)
[2016.01.14-22.39.05:251][459]LogModuleManager: Shutting down and abandoning module Messaging (37)
[2016.01.14-22.39.05:251][459]LogModuleManager: Shutting down and abandoning module IOSTargetPlatform (36)
[2016.01.14-22.39.05:251][459]LogModuleManager: Shutting down and abandoning module HTML5TargetPlatform (35)
[2016.01.14-22.39.05:251][459]LogModuleManager: Shutting down and abandoning module Android_PVRTCTargetPlatform (34)
[2016.01.14-22.39.05:252][459]LogModuleManager: Shutting down and abandoning module Android_ETC2TargetPlatform (33)
[2016.01.14-22.39.05:253][459]LogModuleManager: Shutting down and abandoning module Android_ETC1TargetPlatform (32)
[2016.01.14-22.39.05:253][459]LogModuleManager: Shutting down and abandoning module Android_DXTTargetPlatform (31)
[2016.01.14-22.39.05:253][459]LogModuleManager: Shutting down and abandoning module Android_ATCTargetPlatform (30)
[2016.01.14-22.39.05:254][459]LogModuleManager: Shutting down and abandoning module Android_ASTCTargetPlatform (29)
[2016.01.14-22.39.05:255][459]LogModuleManager: Shutting down and abandoning module AndroidTargetPlatform (28)
[2016.01.14-22.39.05:256][459]LogModuleManager: Shutting down and abandoning module WindowsTargetPlatform (27)
[2016.01.14-22.39.05:257][459]LogModuleManager: Shutting down and abandoning module WindowsServerTargetPlatform (26)
[2016.01.14-22.39.05:257][459]LogModuleManager: Shutting down and abandoning module WindowsNoEditorTargetPlatform (25)
[2016.01.14-22.39.05:258][459]LogModuleManager: Shutting down and abandoning module WindowsClientTargetPlatform (24)
[2016.01.14-22.39.05:259][459]LogModuleManager: Shutting down and abandoning module AllDesktopTargetPlatform (23)
[2016.01.14-22.39.05:259][459]LogModuleManager: Shutting down and abandoning module TargetPlatform (22)
[2016.01.14-22.39.05:260][459]LogModuleManager: Shutting down and abandoning module InputCore (21)
[2016.01.14-22.39.05:260][459]LogModuleManager: Shutting down and abandoning module Settings (20)
[2016.01.14-22.39.05:261][459]LogModuleManager: Shutting down and abandoning module OnlineSubsystem (18)
[2016.01.14-22.39.05:261][459]LogModuleManager: Shutting down and abandoning module HTTP (17)
[2016.01.14-22.39.07:268][459]LogModuleManager: Shutting down and abandoning module XMPP (16)
[2016.01.14-22.39.07:271][459]LogModuleManager: Shutting down and abandoning module ExampleDeviceProfileSelector (15)
[2016.01.14-22.39.07:271][459]LogModuleManager: Shutting down and abandoning module TextureCompressor (14)
[2016.01.14-22.39.07:273][459]LogModuleManager: Shutting down and abandoning module ShaderCore (13)
[2016.01.14-22.39.07:273][459]LogModuleManager: Shutting down and abandoning module Landscape (12)
[2016.01.14-22.39.07:273][459]LogModuleManager: Shutting down and abandoning module SlateRHIRenderer (11)
[2016.01.14-22.39.07:287][459]LogModuleManager: Shutting down and abandoning module OpenGLDrv (10)
[2016.01.14-22.39.07:287][459]LogModuleManager: Shutting down and abandoning module D3D11RHI (9)
[2016.01.14-22.39.07:287][459]LogModuleManager: Shutting down and abandoning module AnimGraphRuntime (8)
[2016.01.14-22.39.07:288][459]LogModuleManager: Shutting down and abandoning module Renderer (7)
[2016.01.14-22.39.07:288][459]LogModuleManager: Shutting down and abandoning module Engine (6)
[2016.01.14-22.39.07:288][459]LogModuleManager: Shutting down and abandoning module CoreUObject (5)
[2016.01.14-22.39.07:288][459]LogModuleManager: Shutting down and abandoning module NetworkFile (4)
[2016.01.14-22.39.07:289][459]LogModuleManager: Shutting down and abandoning module StreamingFile (3)
[2016.01.14-22.39.07:289][459]LogModuleManager: Shutting down and abandoning module SandboxFile (2)
[2016.01.14-22.39.07:290][459]LogModuleManager: Shutting down and abandoning module PakFile (1)
[2016.01.14-22.39.07:294][459]LogExit: Exiting.
[2016.01.14-22.39.07:311][459]Log file closed, 01/14/16 23:39:07
