[2016.03.17-11.07.13:727][  0]Log file open, 03/17/16 12:07:13
[2016.03.17-11.07.13:727][  0]LogInit:Display: Running engine for game: TheBeginning
[2016.03.17-11.07.13:727][  0]LogInit:Display: RandInit(-745038681) SRandInit(-745038681).
[2016.03.17-11.07.13:727][  0]LogTaskGraph: Started task graph with 4 named threads and 7 total threads.
[2016.03.17-11.07.13:727][  0]LogStats: Stats thread started at 0.074671
[2016.03.17-11.07.13:727][  0]LogInit: Version: 4.9.2-2707645+++depot+UE4-Releases+4.9
[2016.03.17-11.07.13:727][  0]LogInit: API Version: 2672455
[2016.03.17-11.07.13:727][  0]LogInit: Compiled (64-bit): Sep 28 2015 10:25:44
[2016.03.17-11.07.13:727][  0]LogInit: Compiled with Visual C++: 18.00.21005.01
[2016.03.17-11.07.13:727][  0]LogInit: Build Configuration: Development
[2016.03.17-11.07.13:727][  0]LogInit: Branch Name: ++depot+UE4-Releases+4.9
[2016.03.17-11.07.13:727][  0]LogInit: Command line:  /Temp/Autosaves/Game/UEDPCMyFirstLevel -game -PIEVIACONSOLE -ResX=1280 -ResY=720  -Multiprocess -featureleveles2 -faketouches 
[2016.03.17-11.07.13:727][  0]LogInit: Base directory: D:/Programme/Epic Games/4.9/Engine/Binaries/Win64/
[2016.03.17-11.07.13:727][  0]LogInit: Rocket: 1
[2016.03.17-11.07.13:735][  0]LogInit: Using libcurl 7.41.0
[2016.03.17-11.07.13:735][  0]LogInit:  - built for x86_64-pc-win32
[2016.03.17-11.07.13:735][  0]LogInit:  - supports SSL with WinSSL
[2016.03.17-11.07.13:735][  0]LogInit:  - other features:
[2016.03.17-11.07.13:735][  0]LogInit:      CURL_VERSION_SSL
[2016.03.17-11.07.13:735][  0]LogInit:      CURL_VERSION_IPV6
[2016.03.17-11.07.13:735][  0]LogInit:      CURL_VERSION_ASYNCHDNS
[2016.03.17-11.07.13:735][  0]LogInit:      CURL_VERSION_LARGEFILE
[2016.03.17-11.07.13:735][  0]LogInit:      CURL_VERSION_IDN
[2016.03.17-11.07.13:735][  0]LogInit:  CurlRequestOptions (configurable via config and command line):
[2016.03.17-11.07.13:735][  0]LogInit:  - bVerifyPeer = true  - Libcurl will verify peer certificate
[2016.03.17-11.07.13:735][  0]LogInit:  - bUseHttpProxy = false  - Libcurl will NOT use HTTP proxy
[2016.03.17-11.07.13:735][  0]LogInit:  - bDontReuseConnections = false  - Libcurl will reuse connections
[2016.03.17-11.07.13:735][  0]LogInit:  - CertBundlePath = nullptr  - Libcurl will use whatever was configured at build time.
[2016.03.17-11.07.13:739][  0]LogInit: Presizing for 0 objects not considered by GC, pre-allocating 0 bytes.
[2016.03.17-11.07.13:747][  0]LogInit: Object subsystem initialized
[2016.03.17-11.07.13:749][  0]LogInit: Selected Device Profile: [Windows]
[2016.03.17-11.07.13:749][  0]LogInit: Applying CVar settings loaded from the selected device profile: [Windows]
[2016.03.17-11.07.13:752][  0]LogInit: Computer: PC1021500895
[2016.03.17-11.07.13:752][  0]LogInit: User: VR
[2016.03.17-11.07.13:752][  0]LogInit: CPU Page size=4096, Cores=4
[2016.03.17-11.07.13:752][  0]LogInit: High frequency timer resolution =3.507508 MHz
[2016.03.17-11.07.13:752][  0]LogMemory: Memory total: Physical=15.9GB (16GB approx)
[2016.03.17-11.07.13:752][  0]LogMemory: Platform Memory Stats for Windows
[2016.03.17-11.07.13:752][  0]LogMemory: Process Physical Memory: 52.25 MB used, 52.25 MB peak
[2016.03.17-11.07.13:752][  0]LogMemory: Process Virtual Memory: 58.04 MB used, 58.04 MB peak
[2016.03.17-11.07.13:752][  0]LogMemory: Physical Memory: 4781.59 MB used, 16261.17 MB total
[2016.03.17-11.07.13:752][  0]LogMemory: Virtual Memory: 349.63 MB used, 134217728.00 MB total
[2016.03.17-11.07.13:784][  0]LogTextLocalizationManager: No translations for ('de-DE') exist, falling back to 'en' for localization and internationalization data.
[2016.03.17-11.07.14:425][  0]LogD3D11RHI: Found D3D11 adapter 0: NVIDIA GeForce GTX 970 (Feature Level 11_0)
[2016.03.17-11.07.14:425][  0]LogD3D11RHI: Adapter has 3976MB of dedicated video memory, 0MB of dedicated system memory, and 8130MB of shared system memory, 1 output[s]
[2016.03.17-11.07.14:426][  0]LogD3D11RHI: Found D3D11 adapter 1: Microsoft Basic Render Driver (Feature Level 11_0)
[2016.03.1