[2016.02.22-10.00.33:212][  0]Log file open, 02/22/16 11:00:33
[2016.02.22-10.00.33:212][  0]LogInit:Display: Running engine for game: TheBeginning
[2016.02.22-10.00.33:212][  0]LogInit:Display: RandInit(-1934813549) SRandInit(-1934813548).
[2016.02.22-10.00.33:212][  0]LogTaskGraph: Started task graph with 4 named threads and 7 total threads.
[2016.02.22-10.00.33:212][  0]LogStats: Stats thread started at 0.066987
[2016.02.22-10.00.33:212][  0]LogInit: Version: 4.9.2-2707645+++depot+UE4-Releases+4.9
[2016.02.22-10.00.33:212][  0]LogInit: API Version: 2672455
[2016.02.22-10.00.33:212][  0]LogInit: Compiled (64-bit): Sep 28 2015 10:25:44
[2016.02.22-10.00.33:212][  0]LogInit: Compiled with Visual C++: 18.00.21005.01
[2016.02.22-10.00.33:212][  0]LogInit: Build Configuration: Development
[2016.02.22-10.00.33:212][  0]LogInit: Branch Name: ++depot+UE4-Releases+4.9
[2016.02.22-10.00.33:212][  0]LogInit: Command line:  
[2016.02.22-10.00.33:212][  0]LogInit: Base directory: D:/Programme/Epic Games/4.9/Engine/Binaries/Win64/
[2016.02.22-10.00.33:212][  0]LogInit: Rocket: 1
[2016.02.22-10.00.33:218][  0]LogInit: Using libcurl 7.41.0
[2016.02.22-10.00.33:218][  0]LogInit:  - built for x86_64-pc-win32
[2016.02.22-10.00.33:218][  0]LogInit:  - supports SSL with WinSSL
[2016.02.22-10.00.33:218][  0]LogInit:  - other features:
[2016.02.22-10.00.33:218][  0]LogInit:      CURL_VERSION_SSL
[2016.02.22-10.00.33:218][  0]LogInit:      CURL_VERSION_IPV6
[2016.02.22-10.00.33:218][  0]LogInit:      CURL_VERSION_ASYNCHDNS
[2016.02.22-10.00.33:218][  0]LogInit:      CURL_VERSION_LARGEFILE
[2016.02.22-10.00.33:218][  0]LogInit:      CURL_VERSION_IDN
[2016.02.22-10.00.33:218][  0]LogInit:  CurlRequestOptions (configurable via config and command line):
[2016.02.22-10.00.33:218][  0]LogInit:  - bVerifyPeer = true  - Libcurl will verify peer certificate
[2016.02.22-10.00.33:218][  0]LogInit:  - bUseHttpProxy = false  - Libcurl will NOT use HTTP proxy
[2016.02.22-10.00.33:218][  0]LogInit:  - bDontReuseConnections = false  - Libcurl will reuse connections
[2016.02.22-10.00.33:218][  0]LogInit:  - CertBundlePath = nullptr  - Libcurl will use whatever was configured at build time.
[2016.02.22-10.00.33:223][  0]LogInit: Presizing for 0 objects not considered by GC, pre-allocating 0 bytes.
[2016.02.22-10.00.33:228][  0]LogInit: Object subsystem initialized
[2016.02.22-10.00.33:229][  0]LogInit: Selected Device Profile: [Windows]
[2016.02.22-10.00.33:229][  0]LogInit: Applying CVar settings loaded from the selected device profile: [Windows]
[2016.02.22-10.00.33:237][  0]LogInit: Computer: PC1021500895
[2016.02.22-10.00.33:237][  0]LogInit: User: VR
[2016.02.22-10.00.33:237][  0]LogInit: CPU Page size=4096, Cores=4
[2016.02.22-10.00.33:237][  0]LogInit: High frequency timer resolution =3.507503 MHz
[2016.02.22-10.00.33:237][  0]LogMemory: Memory total: Physical=15.9GB (16GB approx)
[2016.02.22-10.00.33:237][  0]LogMemory: Platform Memory Stats for Windows
[2016.02.22-10.00.33:237][  0]LogMemory: Process Physical Memory: 52.54 MB used, 52.54 MB peak
[2016.02.22-10.00.33:237][  0]LogMemory: Process Virtual Memory: 55.18 MB used, 55.18 MB peak
[2016.02.22-10.00.33:237][  0]LogMemory: Physical Memory: 4292.55 MB used, 16261.17 MB total
[2016.02.22-10.00.33:237][  0]LogMemory: Virtual Memory: 346.75 MB used, 134217728.00 MB total
[2016.02.22-10.00.33:266][  0]LogTextLocalizationManager: No translations for ('de-DE') exist, falling back to 'en' for localization and internationalization data.
[2016.02.22-10.00.33:948][  0]LogD3D11RHI: Found D3D11 adapter 0: NVIDIA GeForce GTX 970 (Feature Level 11_0)
[2016.02.22-10.00.33:948][  0]LogD3D11RHI: Adapter has 3976MB of dedicated video memory, 0MB of dedicated system memory, and 8130MB of shared system memory, 1 output[s]
[2016.02.22-10.00.33:949][  0]LogD3D11RHI: Found D3D11 adapter 1: Microsoft Basic Render Driver (Feature Level 11_0)
[2016.02.22-10.00.33:949][  0]LogD3D11RHI: Adapter has 0MB of dedicated video memory, 0MB of dedicated system memory, and 256MB of shared system memory, 0 output[s]
[2016.02.22-10.00.33:949][  0]LogD3D11RHI: Chosen D3D11 Adapter Id = 0
[2016.02.22-10.00.33:955][  0]LogD3D11RHI: !Direct3DDevice
[2016.02.22-10.00.33:955][  0]LogRHI: Texture pool is 1361 MB (70% of 1945 MB)
[2016.02.22-10.00.33:964][  0]LogD3D11RHI: Async texture creation enabled
[2016.02.22-10.00.33:979][  0]LogShaderCompilers: Guid format shader working directory is 14 characters bigger than the processId version (../../../../../../UnrealProjects/GE_Project/Intermediate/Shaders/WorkingDirectory/10080/).
[2016.02.22-10.00.33:979][  0]LogShaderCompilers: Cleaned the shader compiler working directory '../../../../../../UnrealProjects/GE_Project/Intermediate/Shaders/tmp/C7C8807B455CB303A3AFE590B27B859F/'.
[2016.02.22-10.00.33:979][  0]LogShaderCompilers:Display: Using Local Shader Compiler.
[2016.02.22-10.00.34:788][  0]LogTemp:Display: Loaded TP AllDesktopTargetPlatform
[2016.02.22-10.00.34:791][  0]LogTemp:Display: Loaded TP WindowsClientTargetPlatform
[2016.02.22-10.00.34:795][  0]LogTemp:Display: Loaded TP WindowsNoEditorTargetPlatform
[2016.02.22-10.00.34:798][  0]LogTemp:Display: Loaded TP WindowsServerTargetPlatform
[2016.02.22-10.00.34:801][  0]LogTemp:Display: Loaded TP WindowsTargetPlatform
[2016.02.22-10.00.34:804][  0]LogTemp:Display: Loaded TP AndroidTargetPlatform
[2016.02.22-10.00.34:807][  0]LogTemp:Display: Loaded TP Android_ASTCTargetPlatform
[2016.02.22-10.00.34:809][  0]LogTemp:Display: Loaded TP Android_ATCTargetPlatform
[2016.02.22-10.00.34:811][  0]LogTemp:Display: Loaded TP Android_DXTTargetPlatform
[2016.02.22-10.00.34:814][  0]LogTemp:Display: Loaded TP Android_ETC1TargetPlatform
[2016.02.22-10.00.34:817][  0]LogTemp:Display: Loaded TP Android_ETC2TargetPlatform
[2016.02.22-10.00.34:821][  0]LogTemp:Display: Loaded TP Android_PVRTCTargetPlatform
[2016.02.22-10.00.34:821][  0]LogTemp:Display: Loaded TP HTML5TargetPlatform
[2016.02.22-10.00.34:836][  0]LogTemp:Display: Loaded TP IOSTargetPlatform
[2016.02.22-10.00.34:839][  0]LogTemp:Display: Loaded TP LinuxNoEditorTargetPlatform
[2016.02.22-10.00.34:842][  0]LogTemp:Display: Loaded TP LinuxServerTargetPlatform
[2016.02.22-10.00.34:845][  0]LogTemp:Display: Loaded TP LinuxTargetPlatform
[2016.02.22-10.00.34:845][  0]LogTargetPlatformManager:Display: Building Assets For Windows
[2016.02.22-10.00.34:900][  0]LogDerivedDataCache:Display: Max Cache Size: 512 MB
[2016.02.22-10.00.34:940][  0]LogDerivedDataCache: Loaded boot cache 0.04s 41MB C:/Users/VR/AppData/Local/UnrealEngine/4.9/DerivedDataCache/Boot.ddc.
[2016.02.22-10.00.34:940][  0]LogDerivedDataCache:Display: Loaded Boot cache: C:/Users/VR/AppData/Local/UnrealEngine/4.9/DerivedDataCache/Boot.ddc
[2016.02.22-10.00.34:940][  0]LogDerivedDataCache: FDerivedDataBackendGraph:  Pak pak cache file ../../../../../../UnrealProjects/GE_Project/DerivedDataCache/DDC.ddp not found, will not use a pak cache.
[2016.02.22-10.00.34:940][  0]LogDerivedDataCache: Unable to find inner node Pak for hierarchical cache Hierarchy.
[2016.02.22-10.00.34:940][  0]LogDerivedDataCache: FDerivedDataBackendGraph:  CompressedPak pak cache file ../../../../../../UnrealProjects/GE_Project/DerivedDataCache/Compressed.ddp not found, will not use a pak cache.
[2016.02.22-10.00.34:940][  0]LogDerivedDataCache: Unable to find inner node CompressedPak for hierarchical cache Hierarchy.
[2016.02.22-10.00.35:060][  0]LogDerivedDataCache:Display: Pak cache opened for reading ../../../Engine/DerivedDataCache/Compressed.ddp.
[2016.02.22-10.00.35:073][  0]LogDerivedDataCache: Using Local data cache path C:/Users/VR/AppData/Local/UnrealEngine/Common/DerivedDataCache: Writable
[2016.02.22-10.00.35:215][  0]LogInit: Selected Device Profile: [Windows]
[2016.02.22-10.00.35:217][  0]LogContentStreaming: Texture pool size is 0.000000MB
[2016.02.22-10.00.35:314][  0]LogMeshUtilities: No automatic mesh reduction module available
[2016.02.22-10.00.35:314][  0]LogMeshUtilities: No automatic mesh merging module available
[2016.02.22-10.00.35:509][  0]LogInit: WinSock: version 1.1 (2.2), MaxSocks=32767, MaxUdp=65467
[2016.02.22-10.00.36:062][  0]UdpMessaging: Initializing bridge on interface 0.0.0.0:0 to multicast group 230.0.0.1:6666.
[2016.02.22-10.00.36:181][  0]LogAssetRegistry: FAssetRegistry took 0.0111 seconds to start up
[2016.02.22-10.00.36:307][  0]SourceControl: Info Source control is disabled
[2016.02.22-10.00.36:314][  0]SourceControl: Info Source control is disabled
[2016.02.22-10.00.36:321][  0]SourceControl: Info Source control is disabled
[2016.02.22-10.00.36:327][  0]SourceControl: Info Source control is disabled
[2016.02.22-10.00.36:419][  0]LogLinker:Warning: Asset '../../../Engine/Plugins/Runtime/LeapMotionController/Content/LM_PassthroughMaterial.uasset' has been saved with empty engine version. The asset will be loaded but may be incompatible.
[2016.02.22-10.00.36:473][  0]LeapPluginLog: Using LeapPlugin version 0.9.6
[2016.02.22-10.00.36:477][  0]LogObj: 29249 objects as part of root set at end of initial load.
[2016.02.22-10.00.36:477][  0]LogUObjectAllocator: 6234272 out of 0 bytes used by permanent object pool.
[2016.02.22-10.00.36:525][  0]LogEngine: Initializing Engine...
[2016.02.22-10.00.36:526][  0]OCULUS: Info: 02/22/16 10:00:36: [CAPI] LibOVR module is located at C:\Windows\SYSTEM32\LibOVRRT64_0_7.dll

[2016.02.22-10.00.37:027][  0]OCULUS: Error: 02/22/16 10:00:37: [CAPI] ovr_Create failed to complete within the timeout period.
[2016.02.22-10.00.38:166][  0]LogHMD: SteamVR failed to initialize.  Err: 1000
[2016.02.22-10.00.38:271][  0]LogAIModule: Creating AISystem for world NewWorld
[2016.02.22-10.00.38:284][  0]LogInit: XAudio2 using 'Speakers (Realtek High Definition Audio)' : 2 channels at 48 kHz using 32 bits per sample (channel mask 0x3)
[2016.02.22-10.00.38:291][  0]LogInit: FAudioDevice initialized.
[2016.02.22-10.00.38:311][  0]LogDerivedDataCache: Saved boot cache 0.02s 41MB C:/Users/VR/AppData/Local/UnrealEngine/4.9/DerivedDataCache/Boot.ddc.
[2016.02.22-10.00.38:316][  0]LogInit: Texture streaming: Enabled
[2016.02.22-10.00.38:319][  0]LogAnalytics: Creating configured Analytics provider AnalyticsET
[2016.02.22-10.00.38:319][  0]LogAnalytics: [UEEditor.Rocket.Release] APIServer = http://et2.epicgames.com/ET2/. AppVersion = 4.9.2-2707645+++depot+UE4-Releases+4.9
[2016.02.22-10.00.38:319][  0]LogAnalytics: [UEEditor.Rocket.Release] SetUserId 8c1436b7469470d4e6ebefb46ce7086e|0318ce7eb266467aa7a1e63543527494|c39e7128-8a93-45bc-b94e-b28d0faf1958
[2016.02.22-10.00.38:319][  0]LogAnalytics: [UEEditor.Rocket.Release] AnalyticsET::StartSession
[2016.02.22-10.00.38:340][  0]LogInit: Transaction tracking system initialized
[2016.02.22-10.00.38:357][  0]BlueprintLog: New page: Editor Load
[2016.02.22-10.00.38:404][  0]LocalizationService: Info Localization service is disabled
[2016.02.22-10.00.38:446][  0]LogLinker:Warning: Can't find file '/Game/FirstPersonBP/FirstPersonOverview'
[2016.02.22-10.00.38:446][  0]LogLinker:Warning: Can't find file '/Game/FirstPersonBP/FirstPersonOverview'
[2016.02.22-10.00.38:446][  0]LogUObjectGlobals:Warning: Failed to find object 'Class /Game/FirstPersonBP/FirstPersonOverview.FirstPersonOverview_C'
[2016.02.22-10.00.38:456][  0]LogConsoleResponse:Display: 
[2016.02.22-10.00.38:552][  0]LogCook:Display: Done creating registry. It took  0.00s.
[2016.02.22-10.00.38:588][  0]LogFileCache: Scanning file cache for directory 'D:/UnrealProjects/GE_Project/Content/' took 0.01s
[2016.02.22-10.00.38:588][  0]SourceControl: Info Source control is disabled
[2016.02.22-10.00.38:588][  0]Cmd: MAP LOAD FILE="../../../../../../UnrealProjects/GE_Project/Content/StarterContent/Maps/Minimal_Default.umap" TEMPLATE=0 SHOWPROGRESS=1 FEATURELEVEL=3
[2016.02.22-10.00.38:589][  0]LightingResults: New page: Lighting Build
[2016.02.22-10.00.38:590][  0]MapCheck: New page: Map Check
[2016.02.22-10.00.38:590][  0]LightingResults: New page: Lighting Build
[2016.02.22-10.00.38:600][  0]LogParticles: Destroying 0 GPU particle simulations for FXSystem 0x000000BA9F79FCE0
[2016.02.22-10.00.38:931][  0]LogAIModule: Creating AISystem for world Minimal_Default
[2016.02.22-10.00.38:936][  0]LogEditorServer: Finished looking for orphan Actors (0.000 secs)
[2016.02.22-10.00.38:937][  0]Cmd: MAP CHECKDEP NOCLEARLOG
[2016.02.22-10.00.38:972][  0]MapCheck: Info Map check complete: 0 Error(s), 0 Warning(s), took 35.701ms to complete.
[2016.02.22-10.00.38:973][  0]LogFileHelpers: Loading map 'Minimal_Default' took 0.385
[2016.02.22-10.00.39:075][  0]LogCollectionManager: Loaded 0 collections in 0.001705 seconds
[2016.02.22-10.00.39:116][  0]LogFileCache: Scanning file cache for directory 'D:/UnrealProjects/GE_Project/Saved/Collections/' took 0.01s
[2016.02.22-10.00.39:116][  0]LogFileCache: Scanning file cache for directory 'D:/UnrealProjects/GE_Project/Content/Developers/VR/Collections/' took 0.01s
[2016.02.22-10.00.39:116][  0]LogFileCache: Scanning file cache for directory 'D:/UnrealProjects/GE_Project/Content/Collections/' took 0.01s
[2016.02.22-10.00.39:116][  0]LogContentBrowser: Native class hierarchy populated in 0.0076 seconds. Added 1918 classes and 347 folders.
[2016.02.22-10.00.39:121][  0]LogCollectionManager: Rebuilt the GUID cache for 0 collections in 0.000003 seconds
[2016.02.22-10.00.39:125][  0]LogContentBrowser: Native class hierarchy updated for 'WidgetCarousel' in 0.0008 seconds. Added 0 classes and 0 folders.
[2016.02.22-10.00.39:161][  0]LogContentBrowser: Native class hierarchy updated for 'AddContentDialog' in 0.0009 seconds. Added 0 classes and 0 folders.
[2016.02.22-10.00.39:164][  0]LogContentBrowser: Native class hierarchy updated for 'SceneOutliner' in 0.0008 seconds. Added 1 classes and 2 folders.
[2016.02.22-10.00.39:222][  0]LogCrashTracker: Crashtracker disabled due to settings.
[2016.02.22-10.00.39:226][  0]LogUObjectGlobals:Warning: Failed to find object 'Class None.'
[2016.02.22-10.00.39:249][  0]LogLoad: Full Startup: 6.66 seconds (BP compile: 0.04 seconds)
[2016.02.22-10.00.39:647][  0]LogContentStreaming: Texture pool size now 1000 MB
[2016.02.22-10.00.39:757][  0]LogRenderer: Reallocating scene render targets to support 1216x576 (Frame:2).
[2016.02.22-10.00.40:602][  3]LogAssetRegistry: Asset discovery search completed in 4.4332 seconds
[2016.02.22-10.00.40:602][  3]LogCollectionManager: Rebuilt the object cache for 0 collections in 0.000001 seconds (found 0 objects)
[2016.02.22-10.00.40:602][  3]LogCollectionManager: Fixed up redirectors for 0 collections in 0.000021 seconds (updated 0 objects)
[2016.02.22-10.00.49:056][758]Cmd: MAP LOAD FILE="../../../../../../UnrealProjects/GE_Project/Content/MyFirstLevel.umap" TEMPLATE=0 SHOWPROGRESS=1 FEATURELEVEL=3
[2016.02.22-10.00.49:085][758]LightingResults: New page: Lighting Build
[2016.02.22-10.00.49:099][758]LoadErrors: New page: Loading map: MyFirstLevel.umap
[2016.02.22-10.00.49:100][758]MapCheck: New page: Map Check
[2016.02.22-10.00.49:100][758]LightingResults: New page: Lighting Build
[2016.02.22-10.00.49:109][758]LogParticles: Destroying 0 GPU particle simulations for FXSystem 0x000000BA88697E20
[2016.02.22-10.00.49:185][758]LogBlueprint:Warning: [compiler Ue4ASP_Character] Warning Input Axis Event references unknown Axis 'LookUp' for  InputAxis LookUp 
[2016.02.22-10.00.49:185][758]LogBlueprint:Warning: [compiler Ue4ASP_Character] Warning Input Axis Event references unknown Axis 'Turn' for  InputAxis Turn 
[2016.02.22-10.00.49:185][758]LogBlueprint:Warning: [compiler Ue4ASP_Character] Warning Input Axis Event references unknown Axis 'MoveRight' for  InputAxis MoveRight 
[2016.02.22-10.00.49:186][758]LogBlueprint:Warning: [compiler Ue4ASP_Character] Warning Input Axis Event references unknown Axis 'MoveForward' for  InputAxis MoveForward 
[2016.02.22-10.00.49:188][758]LogBlueprint:Warning: [compiler Ue4ASP_Character] Warning [0016.60] Compile of Ue4ASP_Character successful, but with 4 Warning(s) [in 7 ms]
[2016.02.22-10.00.49:188][758]LogBlueprint:Warning: [compiler Ue4ASP_Character] Warning [0016.60] Compile of Ue4ASP_Character successful, but with 5 Warning(s) [in 0 ms]
[2016.02.22-10.00.49:188][758]LogBlueprint:Warning: [compiler Ue4ASP_Character] Warning [0016.60] Compile of Ue4ASP_Character successful, but with 6 Warning(s) [in 0 ms]
[2016.02.22-10.00.49:245][758]LogBlueprint:Warning: [compiler Ue4ASP_Character] Warning Input Axis Event references unknown Axis 'LookUp' for  InputAxis LookUp 
[2016.02.22-10.00.49:245][758]LogBlueprint:Warning: [compiler Ue4ASP_Character] Warning Input Axis Event references unknown Axis 'Turn' for  InputAxis Turn 
[2016.02.22-10.00.49:246][758]LogBlueprint:Warning: [compiler Ue4ASP_Character] Warning Input Axis Event references unknown Axis 'MoveRight' for  InputAxis MoveRight 
[2016.02.22-10.00.49:246][758]LogBlueprint:Warning: [compiler Ue4ASP_Character] Warning Input Axis Event references unknown Axis 'MoveForward' for  InputAxis MoveForward 
[2016.02.22-10.00.49:249][758]LogBlueprint:Warning: [compiler Ue4ASP_Character] Warning [0016.66] Compile of Ue4ASP_Character successful, but with 4 Warning(s) [in 6 ms]
[2016.02.22-10.00.49:249][758]LogBlueprint:Warning: [compiler Ue4ASP_Character] Warning [0016.66] Compile of Ue4ASP_Character successful, but with 5 Warning(s) [in 0 ms]
[2016.02.22-10.00.49:249][758]LogBlueprint:Warning: [compiler Ue4ASP_Character] Warning [0016.66] Compile of Ue4ASP_Character successful, but with 6 Warning(s) [in 0 ms]
[2016.02.22-10.00.49:455][758]LogAIModule: Creating AISystem for world MyFirstLevel
[2016.02.22-10.00.49:524][758]LogEditorServer: Finished looking for orphan Actors (0.000 secs)
[2016.02.22-10.00.49:567][758]Cmd: MAP CHECKDEP NOCLEARLOG
[2016.02.22-10.00.49:611][758]MapCheck: Info Map check complete: 0 Error(s), 0 Warning(s), took 44.569ms to complete.
[2016.02.22-10.00.49:611][758]LogFileHelpers: Loading map 'MyFirstLevel' took 0.556
[2016.02.22-10.00.49:641][759]Cmd: UpdateLandscapeEditorData -warnings
[2016.02.22-10.00.56:141][483]LogEditorViewport: Clicking on Actor (LMB): Landscape (Landscape5)
[2016.02.22-10.00.57:600][651]LogEditorViewport: Clicking on Actor (LMB): Landscape (Landscape5)
[2016.02.22-10.01.31:558][665]LogLinker:Warning: Asset '../../../Engine/Content/ArtTools/RenderToTexture/Macros/RenderToTextureMacros.uasset' has been saved with empty engine version. The asset will be loaded but may be incompatible.
[2016.02.22-10.01.31:994][665]LogContentBrowser: Native class hierarchy updated for 'BlueprintGraph' in 0.0011 seconds. Added 107 classes and 0 folders.
[2016.02.22-10.01.32:334][665]LogActor:Warning: GameNetworkManager /Engine/Transient.World_4:PersistentLevel.GameNetworkManager_0 has natively added scene component(s), but none of them were set as the actor's RootComponent - picking one arbitrarily
[2016.02.22-10.01.38:971][413]LogSlate:Warning: Prevented a slow task dialog from being summoned while a context menu was open
[2016.02.22-10.01.39:002][413]LogProperty:Error: UStructProperty::Serialize Loading: Property 'StructProperty /LeapMotion/Character/Basic/BasicCharacter_AnimBlueprint.BasicCharacter_AnimBlueprint_C:AnimGraphNode_Fabrik_8C904C7A415FB588652E8A91FDC811AE'. Unknown structure.
[2016.02.22-10.01.39:003][413]LogProperty:Error: UStructProperty::Serialize Loading: Property 'StructProperty /LeapMotion/Character/Basic/BasicCharacter_AnimBlueprint.BasicCharacter_AnimBlueprint_C:AnimGraphNode_Fabrik_416EC86F435836563C4E49AD6D016C3C'. Unknown structure.
[2016.02.22-10.01.39:003][413]LogProperty:Error: UStructProperty::Serialize Loading: Property 'StructProperty /LeapMotion/Character/Basic/BasicCharacter_AnimBlueprint.BasicCharacter_AnimBlueprint_C:AnimGraphNode_Fabrik_9FF4326C4CAD2373B92D6F9E3AC3F57A'. Unknown structure.
[2016.02.22-10.01.39:004][413]LogAnimation:Warning: Invalid animation root node index 54 on '/LeapMotion/Character/Basic/BasicCharacter_AnimBlueprint.BasicCharacter_AnimBlueprint_C' (only 52 nodes)
[2016.02.22-10.01.41:663][413]LogOutputDevice: === Handled error: ===

Ensure condition failed: bValidRootIndex [File:D:\BuildFarm\buildmachine_++depot+UE4-Releases+4.9\Engine\Source\Runtime\Engine\Private\Animation\AnimBlueprintGeneratedClass.cpp] [Line: 234]

Stack: 
UE4Editor-Core.dll!FWindowsPlatformStackWalk::StackWalkAndDump() [d:\buildfarm\buildmachine_++depot+ue4-releases+4.9\engine\source\runtime\core\private\windows\windowsplatformstackwalk.cpp:175]
UE4Editor-Core.dll!FDebug::EnsureFailed() [d:\buildfarm\buildmachine_++depot+ue4-releases+4.9\engine\source\runtime\core\private\misc\outputdevice.cpp:258]
UE4Editor-Core.dll!FDebug::OptionallyLogFormattedEnsureMessageReturningFalse() [d:\buildfarm\buildmachine_++depot+ue4-releases+4.9\engine\source\runtime\core\private\misc\outputdevice.cpp:368]
UE4Editor-Engine.dll!UAnimBlueprintGeneratedClass::Link() [d:\buildfarm\buildmachine_++depot+ue4-releases+4.9\engine\source\runtime\engine\private\animation\animblueprintgeneratedclass.cpp:234]
UE4Editor-CoreUObject.dll!UClass::Serialize() [d:\buildfarm\buildmachine_++depot+ue4-releases+4.9\engine\source\runtime\coreuobject\private\uobject\class.cpp:3393]
UE4Editor-Engine.dll!UBlueprintGeneratedClass::Serialize() [d:\buildfarm\buildmachine_++depot+ue4-releases+4.9\engine\source\runtime\engine\private\blueprintgeneratedclass.cpp:757]
UE4Editor-CoreUObject.dll!FLinkerLoad::Preload() [d:\buildfarm\buildmachine_++depot+ue4-releases+4.9\engine\source\runtime\coreuobject\private\uobject\linkerload.cpp:3143]
UE4Editor-CoreUObject.dll!FLinkerLoad::CreateExport() [d:\buildfarm\buildmachine_++depot+ue4-releases+4.9\engine\source\runtime\coreuobject\private\uobject\linkerload.cpp:3792]
UE4Editor-CoreUObject.dll!FLinkerLoad::IndexToObject() [d:\buildfarm\buildmachine_++depot+ue4-releases+4.9\engine\source\runtime\coreuobject\private\uobject\linkerload.cpp:3982]
UE4Editor-CoreUObject.dll!FLinkerLoad::CreateExport() [d:\buildfarm\buildmachine_++depot+ue4-releases+4.9\engine\source\runtime\coreuobject\private\uobject\linkerload.cpp:3505]
UE4Editor-CoreUObject.dll!FLinkerLoad::CreateExportAndPreload() [d:\buildfarm\buildmachine_++depot+ue4-releases+4.9\engine\source\runtime\coreuobject\private\uobject\linkerload.cpp:2661]
UE4Editor-CoreUObject.dll!FLinkerLoad::LoadAllObjects() [d:\buildfarm\buildmachine_++depot+ue4-releases+4.9\engine\source\runtime\coreuobject\private\uobject\linkerload.cpp:2769]
UE4Editor-CoreUObject.dll!LoadPackageInternal() [d:\buildfarm\buildmachine_++depot+ue4-releases+4.9\engine\source\runtime\coreuobject\private\uobject\uobjectglobals.cpp:1032]
UE4Editor-CoreUObject.dll!FLinkerLoad::VerifyImportInner() [d:\buildfarm\buildmachine_++depot+ue4-releases+4.9\engine\source\runtime\coreuobject\private\uobject\linkerload.cpp:2354]
UE4Editor-CoreUObject.dll!FLinkerLoad::VerifyImport() [d:\buildfarm\buildmachine_++depot+ue4-releases+4.9\engine\source\runtime\coreuobject\private\uobject\linkerload.cpp:2115]
UE4Editor-CoreUObject.dll!FLinkerLoad::VerifyImportInner() [d:\buildfarm\buildmachine_++depot+ue4-releases+4.9\engine\source\runtime\coreuobject\private\uobject\linkerload.cpp:2402]
UE4Editor-CoreUObject.dll!FLinkerLoad::VerifyImport() [d:\buildfarm\buildmachine_++depot+ue4-releases+4.9\engine\source\runtime\coreuobject\private\uobject\linkerload.cpp:2115]
UE4Editor-CoreUObject.dll!FLinkerLoad::Verify() [d:\buildfarm\buildmachine_++depot+ue4-releases+4.9\engine\source\runtime\coreuobject\private\uobject\linkerload.cpp:1905]
UE4Editor-CoreUObject.dll!FLinkerLoad::FinalizeCreation() [d:\buildfarm\buildmachine_++depot+ue4-releases+4.9\engine\source\runtime\coreuobject\private\uobject\linkerload.cpp:1815]
UE4Editor-CoreUObject.dll!FLinkerLoad::Tick() [d:\buildfarm\buildmachine_++depot+ue4-releases+4.9\engine\source\runtime\coreuobject\private\uobject\linkerload.cpp:666]
UE4Editor-CoreUObject.dll!FLinkerLoad::CreateLinker() [d:\buildfarm\buildmachine_++depot+ue4-releases+4.9\engine\source\runtime\coreuobject\private\uobject\linkerload.cpp:404]
UE4Editor-CoreUObject.dll!GetPackageLinker() [d:\buildfarm\buildmachine_++depot+ue4-releases+4.9\engine\source\runtime\coreuobject\private\uobject\linker.cpp:570]
UE4Editor-CoreUObject.dll!LoadPackageInternal() [d:\buildfarm\buildmachine_++depot+ue4-releases+4.9\engine\source\runtime\coreuobject\private\uobject\uobjectglobals.cpp:936]
UE4Editor-CoreUObject.dll!FLinkerLoad::VerifyImportInner() [d:\buildfarm\buildmachine_++depot+ue4-releases+4.9\engine\source\runtime\coreuobject\private\uobject\linkerload.cpp:2354]
UE4Editor-CoreUObject.dll!FLinkerLoad::VerifyImport() [d:\buildfarm\buildmachine_++depot+ue4-releases+4.9\engine\source\runtime\coreuobject\private\uobject\linkerload.cpp:2115]
UE4Editor-CoreUObject.dll!FLinkerLoad::VerifyImportInner() [d:\buildfarm\buildmachine_++depot+ue4-releases+4.9\engine\source\runtime\coreuobject\private\uobject\linkerload.cpp:2402]
UE4Editor-CoreUObject.dll!FLinkerLoad::VerifyImport() [d:\buildfarm\buildmachine_++depot+ue4-releases+4.9\engine\source\runtime\coreuobject\private\uobject\linkerload.cpp:2115]
UE4Editor-CoreUObject.dll!FLinkerLoad::VerifyImportInner() [d:\buildfarm\buildmachine_++depot+ue4-releases+4.9\engine\source\runtime\coreuobject\private\uobject\linkerload.cpp:2402]
UE4Editor-CoreUObject.dll!FLinkerLoad::VerifyImport() [d:\buildfarm\buildmachine_++depot+ue4-releases+4.9\engine\source\runtime\coreuobject\private\uobject\linkerload.cpp:2115]
UE4Editor-CoreUObject.dll!FLinkerLoad::Verify() [d:\buildfarm\buildmachine_++depot+ue4-releases+4.9\engine\source\runtime\coreuobject\private\uobject\linkerload.cpp:1905]
UE4Editor-CoreUObject.dll!FLinkerLoad::FinalizeCreation() [d:\buildfarm\buildmachine_++depot+ue4-releases+4.9\engine\source\runtime\coreuobject\private\uobject\linkerload.cpp:1815]
UE4Editor-CoreUObject.dll!FLinkerLoad::Tick() [d:\buildfarm\buildmachine_++depot+ue4-releases+4.9\engine\source\runtime\coreuobject\private\uobject\linkerload.cpp:666]
UE4Editor-CoreUObject.dll!FLinkerLoad::CreateLinker() [d:\buildfarm\buildmachine_++depot+ue4-releases+4.9\engine\source\runtime\coreuobject\private\uobject\linkerload.cpp:404]
UE4Editor-CoreUObject.dll!GetPackageLinker() [d:\buildfarm\buildmachine_++depot+ue4-releases+4.9\engine\source\runtime\coreuobject\private\uobject\linker.cpp:570]
UE4Editor-CoreUObject.dll!LoadPackageInternal() [d:\buildfarm\buildmachine_++depot+ue4-releases+4.9\engine\source\runtime\coreuobject\private\uobject\uobjectglobals.cpp:936]
UE4Editor-ClassViewer.dll!ClassViewer::Helpers::LoadClass() [d:\buildfarm\buildmachine_++depot+ue4-releases+4.9\engine\source\editor\classviewer\private\sclassviewer.cpp:1025]
UE4Editor-ClassViewer.dll!SClassViewer::OnClassViewerSelectionChanged() [d:\buildfarm\buildmachine_++depot+ue4-releases+4.9\engine\source\editor\classviewer\private\sclassviewer.cpp:2195]
UE4Editor-ClassViewer.dll!TBaseSPMethodDelegateInstance<0,SClassViewer,0,TTypeWrapper<void> __cdecl(TSharedPtr<FClassViewerNode,0>,enum ESelectInfo::Type)>::Execute() [d:\buildfarm\buildmachine_++depot+ue4-releases+4.9\engine\source\runtime\core\public\delegates\delegateinstancesimpl_variadics.inl:282]
UE4Editor-ClassViewer.dll!TBaseSPMethodDelegateInstance<0,SClassViewer,0,void __cdecl(TSharedPtr<FClassViewerNode,0>,enum ESelectInfo::Type)>::ExecuteIfSafe() [d:\buildfarm\buildmachine_++depot+ue4-releases+4.9\engine\source\runtime\core\public\delegates\delegateinstancesimpl_variadics.inl:388]
UE4Editor-ClassViewer.dll!TBaseDelegate<void,TSharedPtr<FClassViewerNode,0>,enum ESelectInfo::Type>::ExecuteIfBound() [d:\buildfarm\buildmachine_++depot+ue4-releases+4.9\engine\source\runtime\core\public\delegates\delegatesignatureimpl_variadics.inl:482]
UE4Editor-ClassViewer.dll!SListView<TSharedPtr<FClassViewerNode,0> >::Private_SignalSelectionChanged() [d:\buildfarm\buildmachine_++depot+ue4-releases+4.9\engine\source\runtime\slate\public\widgets\views\slistview.h:609]
UE4Editor-ClassViewer.dll!STableRow<TSharedPtr<FString,0> >::OnMouseButtonUp() [d:\buildfarm\buildmachine_++depot+ue4-releases+4.9\engine\source\runtime\slate\public\widgets\views\stablerow.h:446]
UE4Editor-Slate.dll!<lambda_df946b2745ea2bbab398d4acc9cc3d04>::operator()() [d:\buildfarm\buildmachine_++depot+ue4-releases+4.9\engine\source\runtime\slate\private\framework\application\slateapplication.cpp:4273]
UE4Editor-Slate.dll!FEventRouter::Route<FReply,FEventRouter::FToLeafmostPolicy,FPointerEvent,<lambda_df946b2745ea2bbab398d4acc9cc3d04> >() [d:\buildfarm\buildmachine_++depot+ue4-releases+4.9\engine\source\runtime\slate\private\framework\application\slateapplication.cpp:214]
UE4Editor-Slate.dll!FSlateApplication::RoutePointerUpEvent() [d:\buildfarm\buildmachine_++depot+ue4-releases+4.9\engine\source\runtime\slate\private\framework\application\slateapplication.cpp:4276]
UE4Editor-Slate.dll!FSlateApplication::ProcessMouseButtonUpEvent() [d:\buildfarm\buildmachine_++depot+ue4-releases+4.9\engine\source\runtime\slate\private\framework\application\slateapplication.cpp:4660]
UE4Editor-Slate.dll!FSlateApplication::OnMouseUp() [d:\buildfarm\buildmachine_++depot+ue4-releases+4.9\engine\source\runtime\slate\private\framework\application\slateapplication.cpp:4638]
UE4Editor-Core.dll!FWindowsApplication::ProcessDeferredMessage() [d:\buildfarm\buildmachine_++depot+ue4-releases+4.9\engine\source\runtime\core\private\windows\windowsapplication.cpp:1403]
UE4Editor-Core.dll!FWindowsApplication::DeferMessage() [d:\buildfarm\buildmachine_++depot+ue4-releases+4.9\engine\source\runtime\core\private\windows\windowsapplication.cpp:1708]
UE4Editor-Core.dll!FWindowsApplication::ProcessMessage() [d:\buildfarm\buildmachine_++depot+ue4-releases+4.9\engine\source\runtime\core\private\windows\windowsapplication.cpp:706]
UE4Editor-Core.dll!FWindowsApplication::AppWndProc() [d:\buildfarm\buildmachine_++depot+ue4-releases+4.9\engine\source\runtime\core\private\windows\windowsapplication.cpp:628]
USER32.dll
USER32.dll
UE4Editor-Core.dll!FWindowsPlatformMisc::PumpMessages() [d:\buildfarm\buildmachine_++depot+ue4-releases+4.9\engine\source\runtime\core\private\windows\windowsplatformmisc.cpp:884]
UE4Editor.exe!FEngineLoop::Tick() [d:\buildfarm\buildmachine_++depot+ue4-releases+4.9\engine\source\runtime\launch\private\launchengineloop.cpp:2392]
UE4Editor.exe!GuardedMain() [d:\buildfarm\buildmachine_++depot+ue4-releases+4.9\engine\source\runtime\launch\private\launch.cpp:142]
UE4Editor.exe!GuardedMainWrapper() [d:\buildfarm\buildmachine_++depot+ue4-releases+4.9\engine\source\runtime\launch\private\windows\launchwindows.cpp:126]
UE4Editor.exe!WinMain() [d:\buildfarm\buildmachine_++depot+ue4-releases+4.9\engine\source\runtime\launch\private\windows\launchwindows.cpp:200]
UE4Editor.exe!__tmainCRTStartup() [f:\dd\vctools\crt\crtw32\dllstuff\crtexe.c:618]
KERNEL32.DLL
ntdll.dll
ntdll.dll

[2016.02.22-10.01.41:803][413]LogAnimation:Warning: Invalid animation root node index 54 on '/LeapMotion/Character/Basic/BasicCharacter_AnimBlueprint.BasicCharacter_AnimBlueprint_C' (only 52 nodes)
[2016.02.22-10.01.42:027][413]LogAnimation:Warning: Invalid animation root node index 54 on '/Engine/Transient.REINST_BasicCharacter_AnimBlueprint_C_2' (only 52 nodes)
[2016.02.22-10.01.42:124][413]LogClass:Warning: Property AnimGraphNode_Fabrik_8C904C7A415FB588652E8A91FDC811AE of BasicCharacter_AnimBlueprint_C has a struct type mismatch (tag FallbackStruct != prop AnimNode_Fabrik) in package:  FObjectReader. If that struct got renamed, add an entry to ActiveStructRedirects.
[2016.02.22-10.01.42:124][413]LogClass:Warning: Property AnimGraphNode_Fabrik_416EC86F435836563C4E49AD6D016C3C of BasicCharacter_AnimBlueprint_C has a struct type mismatch (tag FallbackStruct != prop AnimNode_Fabrik) in package:  FObjectReader. If that struct got renamed, add an entry to ActiveStructRedirects.
[2016.02.22-10.01.42:124][413]LogClass:Warning: Property AnimGraphNode_Fabrik_9FF4326C4CAD2373B92D6F9E3AC3F57A of BasicCharacter_AnimBlueprint_C has a struct type mismatch (tag FallbackStruct != prop AnimNode_Fabrik) in package:  FObjectReader. If that struct got renamed, add an entry to ActiveStructRedirects.
[2016.02.22-10.01.42:405][413]LogBlueprint:Warning: [compiler LeapBasicRiggedCharacter] Warning Input Axis Event references unknown Axis 'LookUpRate' for  InputAxis LookUpRate 
[2016.02.22-10.01.42:406][413]LogBlueprint:Warning: [compiler LeapBasicRiggedCharacter] Warning Input Axis Event references unknown Axis 'TurnRate' for  InputAxis TurnRate 
[2016.02.22-10.01.42:406][413]LogBlueprint:Warning: [compiler LeapBasicRiggedCharacter] Warning Input Axis Event references unknown Axis 'Turn' for  InputAxis Turn 
[2016.02.22-10.01.42:406][413]LogBlueprint:Warning: [compiler LeapBasicRiggedCharacter] Warning Input Axis Event references unknown Axis 'LookUp' for  InputAxis LookUp 
[2016.02.22-10.01.42:406][413]LogBlueprint:Warning: [compiler LeapBasicRiggedCharacter] Warning Input Axis Event references unknown Axis 'MoveRight' for  InputAxis MoveRight 
[2016.02.22-10.01.42:406][413]LogBlueprint:Warning: [compiler LeapBasicRiggedCharacter] Warning Input Axis Event references unknown Axis 'MoveForward' for  InputAxis MoveForward 
[2016.02.22-10.01.42:409][413]LogBlueprint:Warning: [compiler LeapBasicRiggedCharacter] Warning [0069.82] Compile of LeapBasicRiggedCharacter successful, but with 6 Warning(s) [in 7 ms]
[2016.02.22-10.01.42:409][413]LogBlueprint:Warning: [compiler LeapBasicRiggedCharacter] Warning [0069.82] Compile of LeapBasicRiggedCharacter successful, but with 7 Warning(s) [in 0 ms]
[2016.02.22-10.01.42:409][413]LogBlueprint:Warning: [compiler LeapBasicRiggedCharacter] Warning [0069.82] Compile of LeapBasicRiggedCharacter successful, but with 8 Warning(s) [in 0 ms]
[2016.02.22-10.01.42:417][413]LogBlueprint:Warning: [compiler LeapBasicRiggedCharacter] Warning Input Axis Event references unknown Axis 'LookUpRate' for  InputAxis LookUpRate 
[2016.02.22-10.01.42:417][413]LogBlueprint:Warning: [compiler LeapBasicRiggedCharacter] Warning Input Axis Event references unknown Axis 'TurnRate' for  InputAxis TurnRate 
[2016.02.22-10.01.42:417][413]LogBlueprint:Warning: [compiler LeapBasicRiggedCharacter] Warning Input Axis Event references unknown Axis 'Turn' for  InputAxis Turn 
[2016.02.22-10.01.42:418][413]LogBlueprint:Warning: [compiler LeapBasicRiggedCharacter] Warning Input Axis Event references unknown Axis 'LookUp' for  InputAxis LookUp 
[2016.02.22-10.01.42:418][413]LogBlueprint:Warning: [compiler LeapBasicRiggedCharacter] Warning Input Axis Event references unknown Axis 'MoveRight' for  InputAxis MoveRight 
[2016.02.22-10.01.42:418][413]LogBlueprint:Warning: [compiler LeapBasicRiggedCharacter] Warning Input Axis Event references unknown Axis 'MoveForward' for  InputAxis MoveForward 
[2016.02.22-10.01.42:422][413]LogBlueprint:Warning: [compiler LeapBasicRiggedCharacter] Warning [0069.84] Compile of LeapBasicRiggedCharacter successful, but with 6 Warning(s) [in 10 ms]
[2016.02.22-10.01.42:422][413]LogBlueprint:Warning: [compiler LeapBasicRiggedCharacter] Warning [0069.84] Compile of LeapBasicRiggedCharacter successful, but with 7 Warning(s) [in 0 ms]
[2016.02.22-10.01.42:422][413]LogBlueprint:Warning: [compiler LeapBasicRiggedCharacter] Warning [0069.84] Compile of LeapBasicRiggedCharacter successful, but with 8 Warning(s) [in 0 ms]
[2016.02.22-10.01.45:026][696]LogSlate:Warning: Prevented a slow task dialog from being summoned while a context menu was open
[2016.02.22-10.01.56:602][ 65]BlueprintLog: New page: Compile BP_TheBeginningGameMode
[2016.02.22-10.01.56:656][ 65]LogActorComponent: UnregisterComponent: (/Engine/Transient.CharMoveComp) Not registered. Aborting.
[2016.02.22-10.01.56:722][ 65]LeapPluginLog: LeapController::CleanupEventData Delete Called
[2016.02.22-10.01.56:733][ 65]LeapPluginLog: LeapController::CleanupEventData Delete Called
[2016.02.22-10.01.56:749][ 65]BlueprintEditorCompileResults: Info [0084.16] Compile of BP_TheBeginningGameMode successful! [in 146 ms]
[2016.02.22-10.01.59:193][344]LogBlueprintUserMessages: Early PlayInEditor Detection: Level '/Game/MyFirstLevel.MyFirstLevel:PersistentLevel' has LevelScriptBlueprint '/Game/MyFirstLevel.MyFirstLevel:PersistentLevel.MyFirstLevel' with GeneratedClass '/Game/MyFirstLevel.MyFirstLevel_C' with ClassGeneratedBy '/Game/MyFirstLevel.MyFirstLevel:PersistentLevel.MyFirstLevel'
[2016.02.22-10.01.59:193][344]LogPlayLevel: PlayLevel: No blueprints needed recompiling
[2016.02.22-10.01.59:194][344]PIE: New page: PIE session: MyFirstLevel (Feb 22, 2016, 12:01:59 PM)
[2016.02.22-10.01.59:194][344]LogPlayLevel: Creating play world package: /Game/UEDPIE_0_MyFirstLevel
[2016.02.22-10.01.59:202][344]LogPlayLevel: PIE: StaticDuplicateObject took: (0.008501s)
[2016.02.22-10.01.59:203][344]LogAIModule: Creating AISystem for world MyFirstLevel
[2016.02.22-10.01.59:203][344]LogPlayLevel: PIE: World Init took: (0.000735s)
[2016.02.22-10.01.59:203][344]LogPlayLevel: PIE: Created PIE world by copying editor world from /Game/MyFirstLevel.MyFirstLevel to /Game/UEDPIE_0_MyFirstLevel.MyFirstLevel (0.009409s)
[2016.02.22-10.01.59:241][344]LogInit: XAudio2 using 'Speakers (Realtek High Definition Audio)' : 2 channels at 48 kHz using 32 bits per sample (channel mask 0x3)
[2016.02.22-10.01.59:247][344]LogInit: FAudioDevice initialized.
[2016.02.22-10.01.59:295][344]LogWorld: Game class is 'BP_TheBeginningGameMode_C'
[2016.02.22-10.01.59:309][344]LogWorld: Bringing World /Game/UEDPIE_0_MyFirstLevel.MyFirstLevel up for play (max tick rate 0) at 2016.02.22-11.01.59
[2016.02.22-10.01.59:309][344]LogActor:Warning: GameSession /Game/UEDPIE_0_MyFirstLevel.MyFirstLevel:PersistentLevel.GameSession_0 has natively added scene component(s), but none of them were set as the actor's RootComponent - picking one arbitrarily
[2016.02.22-10.01.59:309][344]LogActor:Warning: GameNetworkManager /Game/UEDPIE_0_MyFirstLevel.MyFirstLevel:PersistentLevel.GameNetworkManager_1 has natively added scene component(s), but none of them were set as the actor's RootComponent - picking one arbitrarily
[2016.02.22-10.01.59:310][344]LogWorld: Bringing up level for play took: 0.013942
[2016.02.22-10.01.59:314][344]LeapPluginLog: InterfaceObject: LeapAnimBodyConnector_C_0
[2016.02.22-10.01.59:315][344]PIE: Info Play in editor start time for /Game/UEDPIE_0_MyFirstLevel 0.101
[2016.02.22-10.01.59:315][344]LogBlueprintUserMessages: Late PlayInEditor Detection: Level '/Game/MyFirstLevel.MyFirstLevel:PersistentLevel' has LevelScriptBlueprint '/Game/MyFirstLevel.MyFirstLevel:PersistentLevel.MyFirstLevel' with GeneratedClass '/Game/MyFirstLevel.MyFirstLevel_C' with ClassGeneratedBy '/Game/MyFirstLevel.MyFirstLevel:PersistentLevel.MyFirstLevel'
[2016.02.22-10.01.59:482][344]LogCrashTracker: 


[2016.02.22-10.01.59:482][344]LogCrashTracker: 


[2016.02.22-10.01.59:482][344]LogWindows: === Critical error: ===


[2016.02.22-10.01.59:586][344]LogExit: Executing StaticShutdownAfterError
[2016.02.22-10.01.59:591][344]LogPhysics:Warning: PHYSX: ..\..\PhysX\src\NpScene.cpp (2946) 8 : PxScene::unlockWrite() called without matching call to PxScene::lockWrite(), behaviour will be undefined.
[2016.02.22-10.01.59:591][344]LogPhysics:Warning: PHYSX: ..\..\PhysX\src\NpScene.cpp (2946) 8 : PxScene::unlockWrite() called without matching call to PxScene::lockWrite(), behaviour will be undefined.
[2016.02.22-10.01.59:591][344]LogPhysics:Warning: PHYSX: ..\..\PhysX\src\NpScene.cpp (2946) 8 : PxScene::unlockWrite() called without matching call to PxScene::lockWrite(), behaviour will be undefined.
[2016.02.22-10.01.59:592][344]LogPhysics:Warning: PHYSX: ..\..\PhysX\src\NpScene.cpp (2946) 8 : PxScene::unlockWrite() called without matching call to PxScene::lockWrite(), behaviour will be undefined.
[2016.02.22-10.01.59:592][344]LogPhysics:Warning: PHYSX: ..\..\PhysX\src\NpScene.cpp (2946) 8 : PxScene::unlockWrite() called without matching call to PxScene::lockWrite(), behaviour will be undefined.
[2016.02.22-10.01.59:592][344]LogPhysics:Warning: PHYSX: ..\..\PhysX\src\NpScene.cpp (2946) 8 : PxScene::unlockWrite() called without matching call to PxScene::lockWrite(), behaviour will be undefined.
[2016.02.22-10.01.59:592][344]LogWindows: FPlatformMisc::RequestExit(1)
[2016.02.22-10.01.59:592][344]Log file closed, 02/22/16 11:01:59
