[2016.03.19-15.09.03:711][  0]Log file open, 03/19/16 16:09:03
[2016.03.19-15.09.03:711][  0]LogInit:Display: Running engine for game: TheBeginning
[2016.03.19-15.09.03:711][  0]LogInit:Display: RandInit(-1030746595) SRandInit(-1030746595).
[2016.03.19-15.09.03:711][  0]LogTaskGraph: Started task graph with 4 named threads and 7 total threads.
[2016.03.19-15.09.03:711][  0]LogStats: Stats thread started at 1.718340
[2016.03.19-15.09.03:711][  0]LogInit: Version: 4.9.2-2707645+++depot+UE4-Releases+4.9
[2016.03.19-15.09.03:711][  0]LogInit: API Version: 2672455
[2016.03.19-15.09.03:711][  0]LogInit: Compiled (64-bit): Sep 28 2015 10:25:44
[2016.03.19-15.09.03:711][  0]LogInit: Compiled with Visual C++: 18.00.21005.01
[2016.03.19-15.09.03:711][  0]LogInit: Build Configuration: Development
[2016.03.19-15.09.03:711][  0]LogInit: Branch Name: ++depot+UE4-Releases+4.9
[2016.03.19-15.09.03:711][  0]LogInit: Command line:  
[2016.03.19-15.09.03:711][  0]LogInit: Base directory: D:/Programme/Epic Games/4.9/Engine/Binaries/Win64/
[2016.03.19-15.09.03:711][  0]LogInit: Rocket: 1
[2016.03.19-15.09.03:782][  0]LogInit: Using libcurl 7.41.0
[2016.03.19-15.09.03:782][  0]LogInit:  - built for x86_64-pc-win32
[2016.03.19-15.09.03:782][  0]LogInit:  - supports SSL with WinSSL
[2016.03.19-15.09.03:782][  0]LogInit:  - other features:
[2016.03.19-15.09.03:782][  0]LogInit:      CURL_VERSION_SSL
[2016.03.19-15.09.03:783][  0]LogInit:      CURL_VERSION_IPV6
[2016.03.19-15.09.03:783][  0]LogInit:      CURL_VERSION_ASYNCHDNS
[2016.03.19-15.09.03:783][  0]LogInit:      CURL_VERSION_LARGEFILE
[2016.03.19-15.09.03:783][  0]LogInit:      CURL_VERSION_IDN
[2016.03.19-15.09.03:783][  0]LogInit:  CurlRequestOptions (configurable via config and command line):
[2016.03.19-15.09.03:783][  0]LogInit:  - bVerifyPeer = true  - Libcurl will verify peer certificate
[2016.03.19-15.09.03:783][  0]LogInit:  - bUseHttpProxy = false  - Libcurl will NOT use HTTP proxy
[2016.03.19-15.09.03:783][  0]LogInit:  - bDontReuseConnections = false  - Libcurl will reuse connections
[2016.03.19-15.09.03:783][  0]LogInit:  - CertBundlePath = nullptr  - Libcurl will use whatever was configured at build time.
[2016.03.19-15.09.03:875][  0]LogInit: Presizing for 0 objects not considered by GC, pre-allocating 0 bytes.
[2016.03.19-15.09.04:034][  0]LogInit: Object subsystem initialized
[2016.03.19-15.09.04:186][  0]LogInit: Selected Device Profile: [Windows]
[2016.03.19-15.09.04:186][  0]LogInit: Applying CVar settings loaded from the selected device profile: [Windows]
[2016.03.19-15.09.04:267][  0]LogInit: Computer: PC1021500895
[2016.03.19-15.09.04:267][  0]LogInit: User: VR
[2016.03.19-15.09.04:267][  0]LogInit: CPU Page size=4096, Cores=4
[2016.03.19-15.09.04:272][  0]LogInit: High frequency timer resolution =3.507503 MHz
[2016.03.19-15.09.04:272][  0]LogMemory: Memory total: Physical=15.9GB (16GB approx)
[2016.03.19-15.09.04:272][  0]LogMemory: Platform Memory Stats for Windows
[2016.03.19-15.09.04:272][  0]LogMemory: Process Physical Memory: 53.16 MB used, 53.16 MB peak
[2016.03.19-15.09.04:272][  0]LogMemory: Process Virtual Memory: 55.14 MB used, 55.14 MB peak
[2016.03.19-15.09.04:272][  0]LogMemory: Physical Memory: 2997.09 MB used, 16261.17 MB total
[2016.03.19-15.09.04:272][  0]LogMemory: Virtual Memory: 346.75 MB used, 134217728.00 MB total
[2016.03.19-15.09.05:067][  0]LogTextLocalizationManager: No translations for ('de-DE') exist, falling back to 'en' for localization and internationalization data.
[2016.03.19-15.09.06:013][  0]LogD3D11RHI: Found D3D11 adapter 0: NVIDIA GeForce GTX 970 (Feature Level 11_0)
[2016.03.19-15.09.06:013][  0]LogD3D11RHI: Adapter has 3976MB of dedicated video memory, 0MB of dedicated system memory, and 8130MB of shared system memory, 1 output[s]
[2016.03.19-15.09.06:014][  0]LogD3D11RHI: Found D3D11 adapter 1: Microsoft Basic Render Driver (Feature Level 11_0)
[2016.03.19-15.09.06:014][  0]LogD3D11RHI: Adapter has 0MB of dedicated video memory, 0MB of dedicated system memory, and 256MB of shared system memory, 0 output[s]
[2016.03.19-15.09.06:014][  0]LogD3D11RHI: Chosen D3D11 Adapter Id = 0
[2016.03.19-15.09.06:017][  0]LogD3D11RHI: !Direct3DDevice
[2016.03.19-15.09.06:017][  0]LogRHI: Texture pool is 1361 MB (70% of 1945 MB)
[2016.03.19-15.09.06:025][  0]LogD3D11RHI: Async texture creation enabled
[2016.03.19-15.09.06:236][  0]LogShaderCompilers: Guid format shader working directory is 16 characters bigger than the processId version (../../../../../../UnrealProjects/GE_Project/Intermediate/Shaders/WorkingDirectory/216/).
[2016.03.19-15.09.06:236][  0]LogShaderCompilers: Cleaned the shader compiler working directory '../../../../../../UnrealProjects/GE_Project/Intermediate/Shaders/tmp/6EFF013349A3C37D957902A6401E7E73/'.
[2016.03.19-15.09.06:236][  0]LogShaderCompilers:Display: Using Local Shader Compiler.
[2016.03.19-15.09.08:382][  0]LogTemp:Display: Loaded TP AllDesktopTargetPlatform
[2016.03.19-15.09.08:385][  0]LogTemp:Display: Loaded TP WindowsClientTargetPlatform
[2016.03.19-15.09.08:388][  0]LogTemp:Display: Loaded TP WindowsNoEditorTargetPlatform
[2016.03.19-15.09.08:392][  0]LogTemp:Display: Loaded TP WindowsServerTargetPlatform
[2016.03.19-15.09.08:395][  0]LogTemp:Display: Loaded TP WindowsTargetPlatform
[2016.03.19-15.09.08:410][  0]LogTemp:Display: Loaded TP AndroidTargetPlatform
[2016.03.19-15.09.08:412][  0]LogTemp:Display: Loaded TP Android_ASTCTargetPlatform
[2016.03.19-15.09.08:414][  0]LogTemp:Display: Loaded TP Android_ATCTargetPlatform
[2016.03.19-15.09.08:417][  0]LogTemp:Display: Loaded TP Android_DXTTargetPlatform
[2016.03.19-15.09.08:419][  0]LogTemp:Display: Loaded TP Android_ETC1TargetPlatform
[2016.03.19-15.09.08:422][  0]LogTemp:Display: Loaded TP Android_ETC2TargetPlatform
[2016.03.19-15.09.08:424][  0]LogTemp:Display: Loaded TP Android_PVRTCTargetPlatform
[2016.03.19-15.09.08:424][  0]LogTemp:Display: Loaded TP HTML5TargetPlatform
[2016.03.19-15.09.08:493][  0]LogTemp:Display: Loaded TP IOSTargetPlatform
[2016.03.19-15.09.08:495][  0]LogTemp:Display: Loaded TP LinuxNoEditorTargetPlatform
[2016.03.19-15.09.08:498][  0]LogTemp:Display: Loaded TP LinuxServerTargetPlatform
[2016.03.19-15.09.08:503][  0]LogTemp:Display: Loaded TP LinuxTargetPlatform
[2016.03.19-15.09.08:503][  0]LogTargetPlatformManager:Display: Building Assets For Windows
[2016.03.19-15.09.08:982][  0]LogDerivedDataCache:Display: Max Cache Size: 512 MB
[2016.03.19-15.09.09:145][  0]LogDerivedDataCache: Loaded boot cache 0.16s 41MB C:/Users/VR/AppData/Local/UnrealEngine/4.9/DerivedDataCache/Boot.ddc.
[2016.03.19-15.09.09:145][  0]LogDerivedDataCache:Display: Loaded Boot cache: C:/Users/VR/AppData/Local/UnrealEngine/4.9/DerivedDataCache/Boot.ddc
[2016.03.19-15.09.09:145][  0]LogDerivedDataCache: FDerivedDataBackendGraph:  Pak pak cache file ../../../../../../UnrealProjects/GE_Project/DerivedDataCache/DDC.ddp not found, will not use a pak cache.
[2016.03.19-15.09.09:145][  0]LogDerivedDataCache: Unable to find inner node Pak for hierarchical cache Hierarchy.
[2016.03.19-15.09.09:145][  0]LogDerivedDataCache: FDerivedDataBackendGraph:  CompressedPak pak cache file ../../../../../../UnrealProjects/GE_Project/DerivedDataCache/Compressed.ddp not found, will not use a pak cache.
[2016.03.19-15.09.09:145][  0]LogDerivedDataCache: Unable to find inner node CompressedPak for hierarchical cache Hierarchy.
[2016.03.19-15.09.09:311][  0]LogDerivedDataCache:Display: Pak cache opened for reading ../../../Engine/DerivedDataCache/Compressed.ddp.
[2016.03.19-15.09.09:324][  0]LogDerivedDataCache: Using Local data cache path C:/Users/VR/AppData/Local/UnrealEngine/Common/DerivedDataCache: Writable
[2016.03.19-15.09.14:965][  0]LogInit: Selected Device Profile: [Windows]
[2016.03.19-15.09.15:023][  0]LogContentStreaming: Texture pool size is 0.000000MB
[2016.03.19-15.09.15:704][  0]LogMeshUtilities: No automatic mesh reduction module available
[2016.03.19-15.09.15:704][  0]LogMeshUtilities: No automatic mesh merging module available
[2016.03.19-15.09.17:555][  0]LogInit: WinSock: version 1.1 (2.2), MaxSocks=32767, MaxUdp=65467
[2016.03.19-15.09.25:999][  0]UdpMessaging: Initializing bridge on interface 0.0.0.0:0 to multicast group 230.0.0.1:6666.
[2016.03.19-15.09.26:354][  0]LogAssetRegistry: FAssetRegistry took 0.0135 seconds to start up
[2016.03.19-15.09.27:626][  0]SourceControl: Info Source control is disabled
[2016.03.19-15.09.27:669][  0]SourceControl: Info Source control is disabled
[2016.03.19-15.09.27:704][  0]SourceControl: Info Source control is disabled
[2016.03.19-15.09.27:715][  0]SourceControl: Info Source control is disabled
[2016.03.19-15.09.28:134][  0]LogLinker:Warning: Asset '../../../Engine/Plugins/Runtime/LeapMotionController/Content/LM_PassthroughMaterial.uasset' has been saved with empty engine version. The asset will be loaded but may be incompatible.
[2016.03.19-15.09.28:338][  0]LeapPluginLog: Using LeapPlugin version 0.9.6
[2016.03.19-15.09.28:342][  0]LogObj: 29249 objects as part of root set at end of initial load.
[2016.03.19-15.09.28:342][  0]LogUObjectAllocator: 6234272 out of 0 bytes used by permanent object pool.
[2016.03.19-15.09.28:747][  0]LogEngine: Initializing Engine...
[2016.03.19-15.09.28:767][  0]LogHMD: Can't find Oculus library dev build: is proper Runtime installed? Version: 0.7.0.0
[2016.03.19-15.09.29:669][  0]LogHMD: SteamVR initialized.  Driver: oculus  Display: 207KGV03FJGR
[2016.03.19-15.09.30:177][  0]LogAIModule: Creating AISystem for world NewWorld
[2016.03.19-15.09.30:287][  0]LogInit: XAudio2 using 'HP E221c-8 (NVIDIA High Definition Audio)' : 2 channels at 48 kHz using 16 bits per sample (channel mask 0x3)
[2016.03.19-15.09.30:343][  0]LogInit: FAudioDevice initialized.
[2016.03.19-15.09.30:360][  0]LogDerivedDataCache: Saved boot cache 0.02s 41MB C:/Users/VR/AppData/Local/UnrealEngine/4.9/DerivedDataCache/Boot.ddc.
[2016.03.19-15.09.30:364][  0]LogInit: Texture streaming: Enabled
[2016.03.19-15.09.30:397][  0]LogAnalytics: Creating configured Analytics provider AnalyticsET
[2016.03.19-15.09.30:405][  0]LogAnalytics: [UEEditor.Rocket.Release] APIServer = http://et2.epicgames.com/ET2/. AppVersion = 4.9.2-2707645+++depot+UE4-Releases+4.9
[2016.03.19-15.09.30:405][  0]LogAnalytics: [UEEditor.Rocket.Release] SetUserId 8c1436b7469470d4e6ebefb46ce7086e|0318ce7eb266467aa7a1e63543527494|c39e7128-8a93-45bc-b94e-b28d0faf1958
[2016.03.19-15.09.30:405][  0]LogAnalytics: [UEEditor.Rocket.Release] AnalyticsET::StartSession
[2016.03.19-15.09.30:609][  0]LogInit: Transaction tracking system initialized
[2016.03.19-15.09.31:013][  0]BlueprintLog: New page: Editor Load
[2016.03.19-15.09.32:368][  0]LocalizationService: Info Localization service is disabled
[2016.03.19-15.09.32:846][  0]LogLinker:Warning: Can't find file '/Game/FirstPersonBP/FirstPersonOverview'
[2016.03.19-15.09.32:846][  0]LogLinker:Warning: Can't find file '/Game/FirstPersonBP/FirstPersonOverview'
[2016.03.19-15.09.32:859][  0]LogUObjectGlobals:Warning: Failed to find object 'Class /Game/FirstPersonBP/FirstPersonOverview.FirstPersonOverview_C'
[2016.03.19-15.09.33:230][  0]LogConsoleResponse:Display: 
[2016.03.19-15.09.35:257][  0]LogFileCache: Scanning file cache for directory 'D:/UnrealProjects/GE_Project/Content/' took 0.07s
[2016.03.19-15.09.35:257][  0]LogCook:Display: Done creating registry. It took  0.00s.
[2016.03.19-15.09.36:263][  0]SourceControl: Info Source control is disabled
[2016.03.19-15.09.36:392][  0]Cmd: MAP LOAD FILE="../../../../../../UnrealProjects/GE_Project/Content/StarterContent/Maps/Minimal_Default.umap" TEMPLATE=0 SHOWPROGRESS=1 FEATURELEVEL=3
[2016.03.19-15.09.36:473][  0]LightingResults: New page: Lighting Build
[2016.03.19-15.09.36:705][  0]MapCheck: New page: Map Check
[2016.03.19-15.09.36:705][  0]LightingResults: New page: Lighting Build
[2016.03.19-15.09.37:073][  0]LogParticles: Destroying 0 GPU particle simulations for FXSystem 0x000000E212D48400
[2016.03.19-15.09.40:581][  0]LogAIModule: Creating AISystem for world Minimal_Default
[2016.03.19-15.09.41:207][  0]LogEditorServer: Finished looking for orphan Actors (0.000 secs)
[2016.03.19-15.09.41:261][  0]Cmd: MAP CHECKDEP NOCLEARLOG
[2016.03.19-15.09.41:312][  0]MapCheck: Info Map check complete: 0 Error(s), 0 Warning(s), took 51.122ms to complete.
[2016.03.19-15.09.41:322][  0]LogFileHelpers: Loading map 'Minimal_Default' took 4.992
[2016.03.19-15.09.42:766][  0]LogCollectionManager: Loaded 0 collections in 0.001398 seconds
[2016.03.19-15.09.42:879][  0]LogFileCache: Scanning file cache for directory 'D:/UnrealProjects/GE_Project/Saved/Collections/' took 0.01s
[2016.03.19-15.09.42:879][  0]LogFileCache: Scanning file cache for directory 'D:/UnrealProjects/GE_Project/Content/Developers/VR/Collections/' took 0.01s
[2016.03.19-15.09.42:879][  0]LogFileCache: Scanning file cache for directory 'D:/UnrealProjects/GE_Project/Content/Collections/' took 0.01s
[2016.03.19-15.09.42:879][  0]LogContentBrowser: Native class hierarchy populated in 0.0472 seconds. Added 1918 classes and 347 folders.
[2016.03.19-15.09.42:935][  0]LogCollectionManager: Rebuilt the GUID cache for 0 collections in 0.000002 seconds
[2016.03.19-15.09.43:019][  0]LogContentBrowser: Native class hierarchy updated for 'WidgetCarousel' in 0.0008 seconds. Added 0 classes and 0 folders.
[2016.03.19-15.09.45:134][  0]LogContentBrowser: Native class hierarchy updated for 'AddContentDialog' in 0.0008 seconds. Added 0 classes and 0 folders.
[2016.03.19-15.09.45:193][  0]LogContentBrowser: Native class hierarchy updated for 'SceneOutliner' in 0.0013 seconds. Added 1 classes and 2 folders.
[2016.03.19-15.09.46:445][  0]LogCrashTracker: Crashtracker disabled due to settings.
[2016.03.19-15.09.46:525][  0]LogUObjectGlobals:Warning: Failed to find object 'Class None.'
[2016.03.19-15.09.46:567][  0]LogLoad: Full Startup: 47.43 seconds (BP compile: 0.34 seconds)
[2016.03.19-15.09.46:976][  0]LogContentStreaming: Texture pool size now 1000 MB
[2016.03.19-15.09.47:620][  0]LogRenderer: Reallocating scene render targets to support 1216x576 (Frame:2).
[2016.03.19-15.09.48:517][  5]LogAssetRegistry: Asset discovery search completed in 22.1742 seconds
[2016.03.19-15.09.48:517][  5]LogCollectionManager: Rebuilt the object cache for 0 collections in 0.000001 seconds (found 0 objects)
[2016.03.19-15.09.48:529][  5]LogCollectionManager: Fixed up redirectors for 0 collections in 0.000023 seconds (updated 0 objects)
[2016.03.19-15.09.53:232][204]LogFileCache: Retrieving MD5 hashes for directory 'D:/UnrealProjects/GE_Project/Content/' took 6.62s
[2016.03.19-15.10.42:901][149]Cmd: MAP LOAD FILE="../../../../../../UnrealProjects/GE_Project/Content/MyFirstLevel.umap" TEMPLATE=0 SHOWPROGRESS=1 FEATURELEVEL=3
[2016.03.19-15.10.42:919][149]LightingResults: New page: Lighting Build
[2016.03.19-15.10.42:933][149]LoadErrors: New page: Loading map: MyFirstLevel.umap
[2016.03.19-15.10.42:942][149]MapCheck: New page: Map Check
[2016.03.19-15.10.42:942][149]LightingResults: New page: Lighting Build
[2016.03.19-15.10.42:974][149]LogParticles: Destroying 0 GPU particle simulations for FXSystem 0x000000E278E5DEE0
[2016.03.19-15.10.43:389][149]LogBlueprint:Warning: [compiler Ue4ASP_Character] Warning Input Axis Event references unknown Axis 'LookUp' for  InputAxis LookUp 
[2016.03.19-15.10.43:389][149]LogBlueprint:Warning: [compiler Ue4ASP_Character] Warning Input Axis Event references unknown Axis 'Turn' for  InputAxis Turn 
[2016.03.19-15.10.43:390][149]LogBlueprint:Warning: [compiler Ue4ASP_Character] Warning Input Axis Event references unknown Axis 'MoveRight' for  InputAxis MoveRight 
[2016.03.19-15.10.43:390][149]LogBlueprint:Warning: [compiler Ue4ASP_Character] Warning Input Axis Event references unknown Axis 'MoveForward' for  InputAxis MoveForward 
[2016.03.19-15.10.43:392][149]LogBlueprint:Warning: [compiler Ue4ASP_Character] Warning [0104.26] Compile of Ue4ASP_Character successful, but with 4 Warning(s) [in 5 ms]
[2016.03.19-15.10.43:392][149]LogBlueprint:Warning: [compiler Ue4ASP_Character] Warning [0104.26] Compile of Ue4ASP_Character successful, but with 5 Warning(s) [in 0 ms]
[2016.03.19-15.10.43:392][149]LogBlueprint:Warning: [compiler Ue4ASP_Character] Warning [0104.26] Compile of Ue4ASP_Character successful, but with 6 Warning(s) [in 0 ms]
[2016.03.19-15.10.43:512][149]LogBlueprint:Warning: [compiler Ue4ASP_Character] Warning Input Axis Event references unknown Axis 'LookUp' for  InputAxis LookUp 
[2016.03.19-15.10.43:512][149]LogBlueprint:Warning: [compiler Ue4ASP_Character] Warning Input Axis Event references unknown Axis 'Turn' for  InputAxis Turn 
[2016.03.19-15.10.43:512][149]LogBlueprint:Warning: [compiler Ue4ASP_Character] Warning Input Axis Event references unknown Axis 'MoveRight' for  InputAxis MoveRight 
[2016.03.19-15.10.43:512][149]LogBlueprint:Warning: [compiler Ue4ASP_Character] Warning Input Axis Event references unknown Axis 'MoveForward' for  InputAxis MoveForward 
[2016.03.19-15.10.43:514][149]LogBlueprint:Warning: [compiler Ue4ASP_Character] Warning [0104.38] Compile of Ue4ASP_Character successful, but with 4 Warning(s) [in 5 ms]
[2016.03.19-15.10.43:514][149]LogBlueprint:Warning: [compiler Ue4ASP_Character] Warning [0104.38] Compile of Ue4ASP_Character successful, but with 5 Warning(s) [in 0 ms]
[2016.03.19-15.10.43:515][149]LogBlueprint:Warning: [compiler Ue4ASP_Character] Warning [0104.38] Compile of Ue4ASP_Character successful, but with 6 Warning(s) [in 0 ms]
[2016.03.19-15.10.44:282][149]LogBlueprint:Error: [compiler MyFirstLevel] Error Spawn node  Create Widget  must have a class specified.
[2016.03.19-15.10.44:283][149]LogBlueprint:Warning: [compiler MyFirstLevel] Warning [0105.15] Compile of MyFirstLevel failed. 1 Fatal Issue(s) 0 Warning(s) [in 2 ms]
[2016.03.19-15.10.44:283][149]LogBlueprint:Warning: [compiler MyFirstLevel] Warning [0105.15] Compile of MyFirstLevel failed. 1 Fatal Issue(s) 1 Warning(s) [in 0 ms]
[2016.03.19-15.10.44:283][149]LogBlueprint:Warning: [compiler MyFirstLevel] Warning [0105.15] Compile of MyFirstLevel failed. 1 Fatal Issue(s) 2 Warning(s) [in 0 ms]
[2016.03.19-15.10.45:666][149]LogAIModule: Creating AISystem for world MyFirstLevel
[2016.03.19-15.10.46:987][149]LogEditorServer: Finished looking for orphan Actors (0.000 secs)
[2016.03.19-15.10.47:037][149]Cmd: MAP CHECKDEP NOCLEARLOG
[2016.03.19-15.10.47:087][149]MapCheck: Info Map check complete: 0 Error(s), 0 Warning(s), took 49.627ms to complete.
[2016.03.19-15.10.47:087][149]LogFileHelpers: Loading map 'MyFirstLevel' took 4.187
[2016.03.19-15.10.47:131][150]Cmd: UpdateLandscapeEditorData -warnings
[2016.03.19-15.12.03:912][847]LogEditorViewport: Clicking on Actor (context menu): BP_Sky_Sphere_C (BP_Sky_Sphere2)
[2016.03.19-15.12.13:464][847]LogBlueprintUserMessages: Early PlayInEditor Detection: Level '/Game/MyFirstLevel.MyFirstLevel:PersistentLevel' has LevelScriptBlueprint '/Game/MyFirstLevel.MyFirstLevel:PersistentLevel.MyFirstLevel' with GeneratedClass '/Game/MyFirstLevel.MyFirstLevel_C' with ClassGeneratedBy '/Game/MyFirstLevel.MyFirstLevel:PersistentLevel.MyFirstLevel'
[2016.03.19-15.12.13:464][847]BlueprintLog: New page: Pre-Play auto-recompile
[2016.03.19-15.12.13:464][847]LogPlayLevel: [PlayLevel] Compiling MyFirstLevel before play...
[2016.03.19-15.12.13:520][847]LogBlueprint:Error: [compiler MyFirstLevel] Error Spawn node  Create Widget  must have a class specified.
[2016.03.19-15.12.13:589][847]LogBlueprint:Warning: [compiler MyFirstLevel] Warning [0194.45] Compile of MyFirstLevel failed. 1 Fatal Issue(s) 0 Warning(s) [in 123 ms]
[2016.03.19-15.12.13:594][847]LogBlueprint:Warning: [compiler MyFirstLevel] Warning [0194.46] Compile of MyFirstLevel failed. 1 Fatal Issue(s) 1 Warning(s) [in 0 ms]
[2016.03.19-15.12.13:595][847]LogBlueprint:Warning: [compiler MyFirstLevel] Warning [0194.46] Compile of MyFirstLevel failed. 1 Fatal Issue(s) 2 Warning(s) [in 0 ms]
[2016.03.19-15.12.13:595][847]LogBlueprint:Warning: [compiler MyFirstLevel] Warning [0194.46] Compile of MyFirstLevel failed. 1 Fatal Issue(s) 3 Warning(s) [in 0 ms]
[2016.03.19-15.12.13:595][847]LogBlueprint:Warning: [compiler MyFirstLevel] Warning [0194.46] Compile of MyFirstLevel failed. 1 Fatal Issue(s) 4 Warning(s) [in 0 ms]
[2016.03.19-15.12.13:595][847]LogBlueprint:Warning: [compiler MyFirstLevel] Warning [0194.46] Compile of MyFirstLevel failed. 1 Fatal Issue(s) 5 Warning(s) [in 0 ms]
[2016.03.19-15.12.13:597][847]LogPlayLevel: PlayLevel: Blueprint regeneration took 132 ms (1 blueprints)
[2016.03.19-15.12.13:597][847]LogActorComponent: UnregisterComponent: (/Engine/Transient.CharMoveComp) Not registered. Aborting.
[2016.03.19-15.12.13:630][847]BlueprintLog: Info Blueprint MyFirstLevel failed to compile
[2016.03.19-15.12.15:127][847]PIE: New page: PIE session: MyFirstLevel (Mar 19, 2016, 5:12:15 PM)
[2016.03.19-15.12.15:127][847]LogPlayLevel: Creating play world package: /Game/UEDPIE_0_MyFirstLevel
[2016.03.19-15.12.15:159][847]LogPlayLevel: PIE: StaticDuplicateObject took: (0.032611s)
[2016.03.19-15.12.15:160][847]LogAIModule: Creating AISystem for world MyFirstLevel
[2016.03.19-15.12.15:160][847]LogPlayLevel: PIE: World Init took: (0.000534s)
[2016.03.19-15.12.15:160][847]LogPlayLevel: PIE: Created PIE world by copying editor world from /Game/MyFirstLevel.MyFirstLevel to /Game/UEDPIE_0_MyFirstLevel.MyFirstLevel (0.033317s)
[2016.03.19-15.12.15:186][847]LogInit: XAudio2 using 'HP E221c-8 (NVIDIA High Definition Audio)' : 2 channels at 48 kHz using 16 bits per sample (channel mask 0x3)
[2016.03.19-15.12.15:198][847]LogInit: FAudioDevice initialized.
[2016.03.19-15.12.15:399][847]LogWorld: Game class is 'GamePadGameMode_C'
[2016.03.19-15.12.15:469][847]LogWorld: Bringing World /Game/UEDPIE_0_MyFirstLevel.MyFirstLevel up for play (max tick rate 0) at 2016.03.19-16.12.15
[2016.03.19-15.12.15:470][847]LogActor:Warning: GameSession /Game/UEDPIE_0_MyFirstLevel.MyFirstLevel:PersistentLevel.GameSession_0 has natively added scene component(s), but none of them were set as the actor's RootComponent - picking one arbitrarily
[2016.03.19-15.12.15:470][847]LogActor:Warning: GameNetworkManager /Game/UEDPIE_0_MyFirstLevel.MyFirstLevel:PersistentLevel.GameNetworkManager_0 has natively added scene component(s), but none of them were set as the actor's RootComponent - picking one arbitrarily
[2016.03.19-15.12.15:529][847]LogWorld: Bringing up level for play took: 0.109439
[2016.03.19-15.12.15:619][847]PIE: Info Play in editor start time for /Game/UEDPIE_0_MyFirstLevel 1.482
[2016.03.19-15.12.15:619][847]LogBlueprintUserMessages: Late PlayInEditor Detection: Level '/Game/MyFirstLevel.MyFirstLevel:PersistentLevel' has LevelScriptBlueprint '/Game/MyFirstLevel.MyFirstLevel:PersistentLevel.MyFirstLevel' with GeneratedClass '/Game/MyFirstLevel.MyFirstLevel_C' with ClassGeneratedBy '/Game/MyFirstLevel.MyFirstLevel:PersistentLevel.MyFirstLevel'
[2016.03.19-15.12.15:789][848]LogRenderer: Reallocating scene render targets to support 1648x780 (Frame:9032).
[2016.03.19-15.12.22:345][630]LogBlueprintUserMessages: Early EndPlayMap Detection: Level '/Game/MyFirstLevel.MyFirstLevel:PersistentLevel' has LevelScriptBlueprint '/Game/MyFirstLevel.MyFirstLevel:PersistentLevel.MyFirstLevel' with GeneratedClass '/Game/MyFirstLevel.MyFirstLevel_C' with ClassGeneratedBy '/Game/MyFirstLevel.MyFirstLevel:PersistentLevel.MyFirstLevel'
[2016.03.19-15.12.22:422][630]LogBlueprintUserMessages: Late EndPlayMap Detection: Level '/Game/MyFirstLevel.MyFirstLevel:PersistentLevel' has LevelScriptBlueprint '/Game/MyFirstLevel.MyFirstLevel:PersistentLevel.MyFirstLevel' with GeneratedClass '/Game/MyFirstLevel.MyFirstLevel_C' with ClassGeneratedBy '/Game/MyFirstLevel.MyFirstLevel:PersistentLevel.MyFirstLevel'
[2016.03.19-15.12.22:422][630]LogActorComponent: UnregisterComponent: (/Engine/Transient.CharMoveComp) Not registered. Aborting.
[2016.03.19-15.12.22:422][630]LogActorComponent: UnregisterComponent: (/Engine/Transient.KinectInterface_GEN_VARIABLE) Not registered. Aborting.
[2016.03.19-15.12.22:451][630]LogParticles: Destroying 0 GPU particle simulations for FXSystem 0x000000E2074154E0
[2016.03.19-15.14.29:030][548]LogEditorViewport: Clicking on Actor (LMB): Landscape (Landscape5)
[2016.03.19-15.15.11:107][730]LogEditorViewport: Clicking on Actor (context menu): Landscape (Landscape5)
[2016.03.19-15.15.23:238][572]LogBlueprintUserMessages: Early PlayInEditor Detection: Level '/Game/MyFirstLevel.MyFirstLevel:PersistentLevel' has LevelScriptBlueprint '/Game/MyFirstLevel.MyFirstLevel:PersistentLevel.MyFirstLevel' with GeneratedClass '/Game/MyFirstLevel.MyFirstLevel_C' with ClassGeneratedBy '/Game/MyFirstLevel.MyFirstLevel:PersistentLevel.MyFirstLevel'
[2016.03.19-15.15.23:238][572]BlueprintLog: New page: Pre-Play auto-recompile
[2016.03.19-15.15.23:238][572]LogPlayLevel: [PlayLevel] Compiling MyFirstLevel before play...
[2016.03.19-15.15.23:244][572]LogBlueprint:Error: [compiler MyFirstLevel] Error Spawn node  Create Widget  must have a class specified.
[2016.03.19-15.15.23:292][572]LogBlueprint:Warning: [compiler MyFirstLevel] Warning [0384.16] Compile of MyFirstLevel failed. 1 Fatal Issue(s) 0 Warning(s) [in 51 ms]
[2016.03.19-15.15.23:292][572]LogBlueprint:Warning: [compiler MyFirstLevel] Warning [0384.16] Compile of MyFirstLevel failed. 1 Fatal Issue(s) 1 Warning(s) [in 0 ms]
[2016.03.19-15.15.23:292][572]LogBlueprint:Warning: [compiler MyFirstLevel] Warning [0384.16] Compile of MyFirstLevel failed. 1 Fatal Issue(s) 2 Warning(s) [in 0 ms]
[2016.03.19-15.15.23:292][572]LogBlueprint:Warning: [compiler MyFirstLevel] Warning [0384.16] Compile of MyFirstLevel failed. 1 Fatal Issue(s) 3 Warning(s) [in 0 ms]
[2016.03.19-15.15.23:292][572]LogBlueprint:Warning: [compiler MyFirstLevel] Warning [0384.16] Compile of MyFirstLevel failed. 1 Fatal Issue(s) 4 Warning(s) [in 0 ms]
[2016.03.19-15.15.23:292][572]LogBlueprint:Warning: [compiler MyFirstLevel] Warning [0384.16] Compile of MyFirstLevel failed. 1 Fatal Issue(s) 5 Warning(s) [in 0 ms]
[2016.03.19-15.15.23:292][572]LogPlayLevel: PlayLevel: Blueprint regeneration took 53 ms (1 blueprints)
[2016.03.19-15.15.23:308][572]BlueprintLog: Info Blueprint MyFirstLevel failed to compile
[2016.03.19-15.15.24:742][572]PIE: New page: PIE session: MyFirstLevel (Mar 19, 2016, 5:15:24 PM)
[2016.03.19-15.15.24:742][572]LogPlayLevel: Creating play world package: /Game/UEDPIE_0_MyFirstLevel
[2016.03.19-15.15.24:774][572]LogPlayLevel: PIE: StaticDuplicateObject took: (0.031903s)
[2016.03.19-15.15.24:774][572]LogAIModule: Creating AISystem for world MyFirstLevel
[2016.03.19-15.15.24:775][572]LogPlayLevel: PIE: World Init took: (0.000525s)
[2016.03.19-15.15.24:775][572]LogPlayLevel: PIE: Created PIE world by copying editor world from /Game/MyFirstLevel.MyFirstLevel to /Game/UEDPIE_0_MyFirstLevel.MyFirstLevel (0.032594s)
[2016.03.19-15.15.24:797][572]LogInit: XAudio2 using 'HP E221c-8 (NVIDIA High Definition Audio)' : 2 channels at 48 kHz using 16 bits per sample (channel mask 0x3)
[2016.03.19-15.15.24:809][572]LogInit: FAudioDevice initialized.
[2016.03.19-15.15.24:845][572]LogWorld: Game class is 'GamePadGameMode_C'
[2016.03.19-15.15.24:898][572]LogWorld: Bringing World /Game/UEDPIE_0_MyFirstLevel.MyFirstLevel up for play (max tick rate 0) at 2016.03.19-16.15.24
[2016.03.19-15.15.24:898][572]LogActor:Warning: GameSession /Game/UEDPIE_0_MyFirstLevel.MyFirstLevel:PersistentLevel.GameSession_1 has natively added scene component(s), but none of them were set as the actor's RootComponent - picking one arbitrarily
[2016.03.19-15.15.24:898][572]LogActor:Warning: GameNetworkManager /Game/UEDPIE_0_MyFirstLevel.MyFirstLevel:PersistentLevel.GameNetworkManager_1 has natively added scene component(s), but none of them were set as the actor's RootComponent - picking one arbitrarily
[2016.03.19-15.15.24:900][572]LogWorld: Bringing up level for play took: 0.054683
[2016.03.19-15.15.24:926][572]PIE: Info Play in editor start time for /Game/UEDPIE_0_MyFirstLevel 0.789
[2016.03.19-15.15.24:926][572]LogBlueprintUserMessages: Late PlayInEditor Detection: Level '/Game/MyFirstLevel.MyFirstLevel:PersistentLevel' has LevelScriptBlueprint '/Game/MyFirstLevel.MyFirstLevel:PersistentLevel.MyFirstLevel' with GeneratedClass '/Game/MyFirstLevel.MyFirstLevel_C' with ClassGeneratedBy '/Game/MyFirstLevel.MyFirstLevel:PersistentLevel.MyFirstLevel'
[2016.03.19-15.15.31:542][358]LogBlueprintUserMessages: Early EndPlayMap Detection: Level '/Game/MyFirstLevel.MyFirstLevel:PersistentLevel' has LevelScriptBlueprint '/Game/MyFirstLevel.MyFirstLevel:PersistentLevel.MyFirstLevel' with GeneratedClass '/Game/MyFirstLevel.MyFirstLevel_C' with ClassGeneratedBy '/Game/MyFirstLevel.MyFirstLevel:PersistentLevel.MyFirstLevel'
[2016.03.19-15.15.31:585][358]LogBlueprintUserMessages: Late EndPlayMap Detection: Level '/Game/MyFirstLevel.MyFirstLevel:PersistentLevel' has LevelScriptBlueprint '/Game/MyFirstLevel.MyFirstLevel:PersistentLevel.MyFirstLevel' with GeneratedClass '/Game/MyFirstLevel.MyFirstLevel_C' with ClassGeneratedBy '/Game/MyFirstLevel.MyFirstLevel:PersistentLevel.MyFirstLevel'
[2016.03.19-15.15.31:614][358]LogParticles: Destroying 0 GPU particle simulations for FXSystem 0x000000E232F9DF80
[2016.03.19-15.16.32:172][131]LogActorFactory: Actor Factory created SM_K4U_InfoPanel
[2016.03.19-15.16.33:035][210]LogActorFactory: Actor Factory created SM_K4U_InfoPanel
[2016.03.19-15.20.18:924][ 12]Cmd: OBJ SAVEPACKAGE PACKAGE="/Game/MyFirstLevel" FILE="../../../../../../UnrealProjects/GE_Project/Content/MyFirstLevel.umap" SILENT=true AUTOSAVING=false KEEPDIRTY=false
[2016.03.19-15.20.18:926][ 12]LogActorComponent: UnregisterComponent: (/Engine/Transient.CharMoveComp) Not registered. Aborting.
[2016.03.19-15.20.18:926][ 12]LogActorComponent: UnregisterComponent: (/Engine/Transient.CharacterMovementComponent_0) Not registered. Aborting.
[2016.03.19-15.20.18:927][ 12]LogActorComponent: UnregisterComponent: (/Engine/Transient.KinectInterface_GEN_VARIABLE) Not registered. Aborting.
[2016.03.19-15.20.18:972][ 12]LogBlueprint:Error: [compiler MyFirstLevel] Error Spawn node  Create Widget  must have a class specified.
[2016.03.19-15.20.19:019][ 12]LogBlueprint:Warning: [compiler MyFirstLevel] Warning [0679.89] Compile of MyFirstLevel failed. 1 Fatal Issue(s) 0 Warning(s) [in 49 ms]
[2016.03.19-15.20.19:020][ 12]LogBlueprint:Warning: [compiler MyFirstLevel] Warning [0679.89] Compile of MyFirstLevel failed. 1 Fatal Issue(s) 1 Warning(s) [in 0 ms]
[2016.03.19-15.20.19:020][ 12]LogBlueprint:Warning: [compiler MyFirstLevel] Warning [0679.89] Compile of MyFirstLevel failed. 1 Fatal Issue(s) 2 Warning(s) [in 0 ms]
[2016.03.19-15.20.19:020][ 12]LogBlueprint:Warning: [compiler MyFirstLevel] Warning [0679.89] Compile of MyFirstLevel failed. 1 Fatal Issue(s) 3 Warning(s) [in 0 ms]
[2016.03.19-15.20.19:020][ 12]LogBlueprint:Warning: [compiler MyFirstLevel] Warning [0679.89] Compile of MyFirstLevel failed. 1 Fatal Issue(s) 4 Warning(s) [in 0 ms]
[2016.03.19-15.20.19:020][ 12]LogBlueprint:Warning: [compiler MyFirstLevel] Warning [0679.89] Compile of MyFirstLevel failed. 1 Fatal Issue(s) 5 Warning(s) [in 0 ms]
[2016.03.19-15.20.19:624][ 12]LogSavePackage: Save=654.975647ms
[2016.03.19-15.20.19:624][ 12]LogSavePackage: Moving '../../../../../../UnrealProjects/GE_Project/Saved/MyFirstLevelE4552DFA4122B757EC95E287667BBB3E.tmp' to '../../../../../../UnrealProjects/GE_Project/Content/MyFirstLevel.umap'
[2016.03.19-15.20.19:627][ 12]LogSavePackage: Total save time: 682.392575ms
[2016.03.19-15.20.19:627][ 12]LogSavePackage:Warning: Finished SavePackage ../../../../../../UnrealProjects/GE_Project/Content/MyFirstLevel.umap
[2016.03.19-15.20.52:634][313]LogActorFactory: Actor Factory created SM_K4U_InfoPanel
[2016.03.19-15.20.54:222][464]LogActorFactory: Actor Factory created SM_K4U_InfoPanel
[2016.03.19-15.23.45:642][828]Cmd: OBJ SAVEPACKAGE PACKAGE="/Game/MyFirstLevel" FILE="../../../../../../UnrealProjects/GE_Project/Content/MyFirstLevel.umap" SILENT=true AUTOSAVING=false KEEPDIRTY=false
[2016.03.19-15.23.45:645][828]LogActorComponent: UnregisterComponent: (/Engine/Transient.CharMoveComp) Not registered. Aborting.
[2016.03.19-15.23.45:645][828]LogActorComponent: UnregisterComponent: (/Engine/Transient.CharacterMovementComponent_1) Not registered. Aborting.
[2016.03.19-15.23.45:645][828]LogActorComponent: UnregisterComponent: (/Engine/Transient.KinectInterface_GEN_VARIABLE) Not registered. Aborting.
[2016.03.19-15.23.45:679][828]LogBlueprint:Error: [compiler MyFirstLevel] Error Spawn node  Create Widget  must have a class specified.
[2016.03.19-15.23.45:724][828]LogBlueprint:Warning: [compiler MyFirstLevel] Warning [0886.59] Compile of MyFirstLevel failed. 1 Fatal Issue(s) 0 Warning(s) [in 47 ms]
[2016.03.19-15.23.45:724][828]LogBlueprint:Warning: [compiler MyFirstLevel] Warning [0886.59] Compile of MyFirstLevel failed. 1 Fatal Issue(s) 1 Warning(s) [in 0 ms]
[2016.03.19-15.23.45:724][828]LogBlueprint:Warning: [compiler MyFirstLevel] Warning [0886.59] Compile of MyFirstLevel failed. 1 Fatal Issue(s) 2 Warning(s) [in 0 ms]
[2016.03.19-15.23.45:724][828]LogBlueprint:Warning: [compiler MyFirstLevel] Warning [0886.59] Compile of MyFirstLevel failed. 1 Fatal Issue(s) 3 Warning(s) [in 0 ms]
[2016.03.19-15.23.45:724][828]LogBlueprint:Warning: [compiler MyFirstLevel] Warning [0886.59] Compile of MyFirstLevel failed. 1 Fatal Issue(s) 4 Warning(s) [in 0 ms]
[2016.03.19-15.23.45:724][828]LogBlueprint:Warning: [compiler MyFirstLevel] Warning [0886.59] Compile of MyFirstLevel failed. 1 Fatal Issue(s) 5 Warning(s) [in 0 ms]
[2016.03.19-15.23.46:324][828]LogSavePackage: Save=649.178894ms
[2016.03.19-15.23.46:324][828]LogSavePackage: Moving '../../../../../../UnrealProjects/GE_Project/Saved/MyFirstLevel2B7F49224EA2F922DF319A810C1CE1F1.tmp' to '../../../../../../UnrealProjects/GE_Project/Content/MyFirstLevel.umap'
[2016.03.19-15.23.46:326][828]LogSavePackage: Total save time: 663.037781ms
[2016.03.19-15.23.46:327][828]LogSavePackage:Warning: Finished SavePackage ../../../../../../UnrealProjects/GE_Project/Content/MyFirstLevel.umap
[2016.03.19-15.24.37:322][900]LogActorFactory: Actor Factory created SM_K4U_InfoPanel
[2016.03.19-15.24.38:836][ 45]LogActorFactory: Actor Factory created SM_K4U_InfoPanel
[2016.03.19-15.27.41:811][902]LogEditorViewport: Clicking on Actor (LMB): Landscape (Landscape5)
[2016.03.19-15.27.52:710][182]Cmd: OBJ SAVEPACKAGE PACKAGE="/Game/MyFirstLevel" FILE="../../../../../../UnrealProjects/GE_Project/Content/MyFirstLevel.umap" SILENT=true AUTOSAVING=false KEEPDIRTY=false
[2016.03.19-15.27.52:713][182]LogActorComponent: UnregisterComponent: (/Engine/Transient.CharMoveComp) Not registered. Aborting.
[2016.03.19-15.27.52:713][182]LogActorComponent: UnregisterComponent: (/Engine/Transient.CharacterMovementComponent_2) Not registered. Aborting.
[2016.03.19-15.27.52:713][182]LogActorComponent: UnregisterComponent: (/Engine/Transient.KinectInterface_GEN_VARIABLE) Not registered. Aborting.
[2016.03.19-15.27.52:753][182]LogBlueprint:Error: [compiler MyFirstLevel] Error Spawn node  Create Widget  must have a class specified.
[2016.03.19-15.27.52:800][182]LogBlueprint:Warning: [compiler MyFirstLevel] Warning [1133.67] Compile of MyFirstLevel failed. 1 Fatal Issue(s) 0 Warning(s) [in 49 ms]
[2016.03.19-15.27.52:800][182]LogBlueprint:Warning: [compiler MyFirstLevel] Warning [1133.67] Compile of MyFirstLevel failed. 1 Fatal Issue(s) 1 Warning(s) [in 0 ms]
[2016.03.19-15.27.52:801][182]LogBlueprint:Warning: [compiler MyFirstLevel] Warning [1133.67] Compile of MyFirstLevel failed. 1 Fatal Issue(s) 2 Warning(s) [in 0 ms]
[2016.03.19-15.27.52:801][182]LogBlueprint:Warning: [compiler MyFirstLevel] Warning [1133.67] Compile of MyFirstLevel failed. 1 Fatal Issue(s) 3 Warning(s) [in 0 ms]
[2016.03.19-15.27.52:801][182]LogBlueprint:Warning: [compiler MyFirstLevel] Warning [1133.67] Compile of MyFirstLevel failed. 1 Fatal Issue(s) 4 Warning(s) [in 0 ms]
[2016.03.19-15.27.52:801][182]LogBlueprint:Warning: [compiler MyFirstLevel] Warning [1133.67] Compile of MyFirstLevel failed. 1 Fatal Issue(s) 5 Warning(s) [in 0 ms]
[2016.03.19-15.27.53:424][182]LogSavePackage: Save=675.111877ms
[2016.03.19-15.27.53:424][182]LogSavePackage: Moving '../../../../../../UnrealProjects/GE_Project/Saved/MyFirstLevel62C75F8949477C75F48CABB7D4F5E1F8.tmp' to '../../../../../../UnrealProjects/GE_Project/Content/MyFirstLevel.umap'
[2016.03.19-15.27.53:427][182]LogSavePackage: Total save time: 695.097625ms
[2016.03.19-15.27.53:427][182]LogSavePackage:Warning: Finished SavePackage ../../../../../../UnrealProjects/GE_Project/Content/MyFirstLevel.umap
[2016.03.19-15.29.12:636][231]LogBlueprintUserMessages: Early PlayInEditor Detection: Level '/Game/MyFirstLevel.MyFirstLevel:PersistentLevel' has LevelScriptBlueprint '/Game/MyFirstLevel.MyFirstLevel:PersistentLevel.MyFirstLevel' with GeneratedClass '/Game/MyFirstLevel.MyFirstLevel_C' with ClassGeneratedBy '/Game/MyFirstLevel.MyFirstLevel:PersistentLevel.MyFirstLevel'
[2016.03.19-15.29.12:636][231]BlueprintLog: New page: Pre-Play auto-recompile
[2016.03.19-15.29.12:636][231]LogPlayLevel: [PlayLevel] Compiling MyFirstLevel before play...
[2016.03.19-15.29.12:640][231]LogBlueprint:Error: [compiler MyFirstLevel] Error Spawn node  Create Widget  must have a class specified.
[2016.03.19-15.29.12:693][231]LogBlueprint:Warning: [compiler MyFirstLevel] Warning [1213.56] Compile of MyFirstLevel failed. 1 Fatal Issue(s) 0 Warning(s) [in 55 ms]
[2016.03.19-15.29.12:693][231]LogBlueprint:Warning: [compiler MyFirstLevel] Warning [1213.56] Compile of MyFirstLevel failed. 1 Fatal Issue(s) 1 Warning(s) [in 0 ms]
[2016.03.19-15.29.12:694][231]LogBlueprint:Warning: [compiler MyFirstLevel] Warning [1213.56] Compile of MyFirstLevel failed. 1 Fatal Issue(s) 2 Warning(s) [in 0 ms]
[2016.03.19-15.29.12:694][231]LogBlueprint:Warning: [compiler MyFirstLevel] Warning [1213.56] Compile of MyFirstLevel failed. 1 Fatal Issue(s) 3 Warning(s) [in 0 ms]
[2016.03.19-15.29.12:694][231]LogBlueprint:Warning: [compiler MyFirstLevel] Warning [1213.56] Compile of MyFirstLevel failed. 1 Fatal Issue(s) 4 Warning(s) [in 0 ms]
[2016.03.19-15.29.12:694][231]LogBlueprint:Warning: [compiler MyFirstLevel] Warning [1213.56] Compile of MyFirstLevel failed. 1 Fatal Issue(s) 5 Warning(s) [in 0 ms]
[2016.03.19-15.29.12:694][231]LogPlayLevel: PlayLevel: Blueprint regeneration took 57 ms (1 blueprints)
[2016.03.19-15.29.12:694][231]LogActorComponent: UnregisterComponent: (/Engine/Transient.CharMoveComp) Not registered. Aborting.
[2016.03.19-15.29.12:694][231]LogActorComponent: UnregisterComponent: (/Engine/Transient.CharacterMovementComponent_3) Not registered. Aborting.
[2016.03.19-15.29.12:694][231]LogActorComponent: UnregisterComponent: (/Engine/Transient.KinectInterface_GEN_VARIABLE) Not registered. Aborting.
[2016.03.19-15.29.12:709][231]BlueprintLog: Info Blueprint MyFirstLevel failed to compile
[2016.03.19-15.29.16:026][361]Cmd: OBJ SAVEPACKAGE PACKAGE="/Game/MyFirstLevel" FILE="../../../../../../UnrealProjects/GE_Project/Content/MyFirstLevel.umap" SILENT=true AUTOSAVING=false KEEPDIRTY=false
[2016.03.19-15.29.16:055][361]LogBlueprint:Error: [compiler MyFirstLevel] Error Spawn node  Create Widget  must have a class specified.
[2016.03.19-15.29.16:103][361]LogBlueprint:Warning: [compiler MyFirstLevel] Warning [1216.97] Compile of MyFirstLevel failed. 1 Fatal Issue(s) 0 Warning(s) [in 49 ms]
[2016.03.19-15.29.16:103][361]LogBlueprint:Warning: [compiler MyFirstLevel] Warning [1216.97] Compile of MyFirstLevel failed. 1 Fatal Issue(s) 1 Warning(s) [in 0 ms]
[2016.03.19-15.29.16:103][361]LogBlueprint:Warning: [compiler MyFirstLevel] Warning [1216.97] Compile of MyFirstLevel failed. 1 Fatal Issue(s) 2 Warning(s) [in 0 ms]
[2016.03.19-15.29.16:103][361]LogBlueprint:Warning: [compiler MyFirstLevel] Warning [1216.97] Compile of MyFirstLevel failed. 1 Fatal Issue(s) 3 Warning(s) [in 0 ms]
[2016.03.19-15.29.16:103][361]LogBlueprint:Warning: [compiler MyFirstLevel] Warning [1216.97] Compile of MyFirstLevel failed. 1 Fatal Issue(s) 4 Warning(s) [in 0 ms]
[2016.03.19-15.29.16:103][361]LogBlueprint:Warning: [compiler MyFirstLevel] Warning [1216.97] Compile of MyFirstLevel failed. 1 Fatal Issue(s) 5 Warning(s) [in 0 ms]
[2016.03.19-15.29.16:716][361]LogSavePackage: Save=665.475952ms
[2016.03.19-15.29.16:716][361]LogSavePackage: Moving '../../../../../../UnrealProjects/GE_Project/Saved/MyFirstLevel960E9B614CF1A68337CB6CA5E10DEFC3.tmp' to '../../../../../../UnrealProjects/GE_Project/Content/MyFirstLevel.umap'
[2016.03.19-15.29.16:719][361]LogSavePackage: Total save time: 679.530136ms
[2016.03.19-15.29.16:719][361]LogSavePackage:Warning: Finished SavePackage ../../../../../../UnrealProjects/GE_Project/Content/MyFirstLevel.umap
[2016.03.19-15.29.17:425][437]LogBlueprintUserMessages: Early PlayInEditor Detection: Level '/Game/MyFirstLevel.MyFirstLevel:PersistentLevel' has LevelScriptBlueprint '/Game/MyFirstLevel.MyFirstLevel:PersistentLevel.MyFirstLevel' with GeneratedClass '/Game/MyFirstLevel.MyFirstLevel_C' with ClassGeneratedBy '/Game/MyFirstLevel.MyFirstLevel:PersistentLevel.MyFirstLevel'
[2016.03.19-15.29.17:425][437]BlueprintLog: New page: Pre-Play auto-recompile
[2016.03.19-15.29.17:425][437]LogPlayLevel: [PlayLevel] Compiling MyFirstLevel before play...
[2016.03.19-15.29.17:429][437]LogBlueprint:Error: [compiler MyFirstLevel] Error Spawn node  Create Widget  must have a class specified.
[2016.03.19-15.29.17:479][437]LogBlueprint:Warning: [compiler MyFirstLevel] Warning [1218.34] Compile of MyFirstLevel failed. 1 Fatal Issue(s) 0 Warning(s) [in 51 ms]
[2016.03.19-15.29.17:479][437]LogBlueprint:Warning: [compiler MyFirstLevel] Warning [1218.34] Compile of MyFirstLevel failed. 1 Fatal Issue(s) 1 Warning(s) [in 0 ms]
[2016.03.19-15.29.17:479][437]LogBlueprint:Warning: [compiler MyFirstLevel] Warning [1218.34] Compile of MyFirstLevel failed. 1 Fatal Issue(s) 2 Warning(s) [in 0 ms]
[2016.03.19-15.29.17:479][437]LogBlueprint:Warning: [compiler MyFirstLevel] Warning [1218.34] Compile of MyFirstLevel failed. 1 Fatal Issue(s) 3 Warning(s) [in 0 ms]
[2016.03.19-15.29.17:479][437]LogBlueprint:Warning: [compiler MyFirstLevel] Warning [1218.34] Compile of MyFirstLevel failed. 1 Fatal Issue(s) 4 Warning(s) [in 0 ms]
[2016.03.19-15.29.17:479][437]LogBlueprint:Warning: [compiler MyFirstLevel] Warning [1218.34] Compile of MyFirstLevel failed. 1 Fatal Issue(s) 5 Warning(s) [in 0 ms]
[2016.03.19-15.29.17:480][437]LogPlayLevel: PlayLevel: Blueprint regeneration took 55 ms (1 blueprints)
[2016.03.19-15.29.17:495][437]BlueprintLog: Info Blueprint MyFirstLevel failed to compile
[2016.03.19-15.29.18:954][437]PIE: New page: PIE session: MyFirstLevel (Mar 19, 2016, 5:29:18 PM)
[2016.03.19-15.29.18:954][437]LogPlayLevel: Creating play world package: /Game/UEDPIE_0_MyFirstLevel
[2016.03.19-15.29.18:982][437]LogPlayLevel: PIE: StaticDuplicateObject took: (0.028283s)
[2016.03.19-15.29.18:983][437]LogAIModule: Creating AISystem for world MyFirstLevel
[2016.03.19-15.29.18:983][437]LogPlayLevel: PIE: World Init took: (0.000596s)
[2016.03.19-15.29.18:983][437]LogPlayLevel: PIE: Created PIE world by copying editor world from /Game/MyFirstLevel.MyFirstLevel to /Game/UEDPIE_0_MyFirstLevel.MyFirstLevel (0.029051s)
[2016.03.19-15.29.19:006][437]LogInit: XAudio2 using 'HP E221c-8 (NVIDIA High Definition Audio)' : 2 channels at 48 kHz using 16 bits per sample (channel mask 0x3)
[2016.03.19-15.29.19:016][437]LogInit: FAudioDevice initialized.
[2016.03.19-15.29.19:049][437]LogWorld: Game class is 'GamePadGameMode_C'
[2016.03.19-15.29.19:106][437]LogWorld: Bringing World /Game/UEDPIE_0_MyFirstLevel.MyFirstLevel up for play (max tick rate 0) at 2016.03.19-16.29.19
[2016.03.19-15.29.19:106][437]LogActor:Warning: GameSession /Game/UEDPIE_0_MyFirstLevel.MyFirstLevel:PersistentLevel.GameSession_2 has natively added scene component(s), but none of them were set as the actor's RootComponent - picking one arbitrarily
[2016.03.19-15.29.19:106][437]LogActor:Warning: GameNetworkManager /Game/UEDPIE_0_MyFirstLevel.MyFirstLevel:PersistentLevel.GameNetworkManager_2 has natively added scene component(s), but none of them were set as the actor's RootComponent - picking one arbitrarily
[2016.03.19-15.29.19:108][437]LogWorld: Bringing up level for play took: 0.057271
[2016.03.19-15.29.19:135][437]PIE: Info Play in editor start time for /Game/UEDPIE_0_MyFirstLevel 0.998
[2016.03.19-15.29.19:135][437]LogBlueprintUserMessages: Late PlayInEditor Detection: Level '/Game/MyFirstLevel.MyFirstLevel:PersistentLevel' has LevelScriptBlueprint '/Game/MyFirstLevel.MyFirstLevel:PersistentLevel.MyFirstLevel' with GeneratedClass '/Game/MyFirstLevel.MyFirstLevel_C' with ClassGeneratedBy '/Game/MyFirstLevel.MyFirstLevel:PersistentLevel.MyFirstLevel'
[2016.03.19-15.29.29:406][651]LogBlueprintUserMessages: Early EndPlayMap Detection: Level '/Game/MyFirstLevel.MyFirstLevel:PersistentLevel' has LevelScriptBlueprint '/Game/MyFirstLevel.MyFirstLevel:PersistentLevel.MyFirstLevel' with GeneratedClass '/Game/MyFirstLevel.MyFirstLevel_C' with ClassGeneratedBy '/Game/MyFirstLevel.MyFirstLevel:PersistentLevel.MyFirstLevel'
[2016.03.19-15.29.29:448][651]LogBlueprintUserMessages: Late EndPlayMap Detection: Level '/Game/MyFirstLevel.MyFirstLevel:PersistentLevel' has LevelScriptBlueprint '/Game/MyFirstLevel.MyFirstLevel:PersistentLevel.MyFirstLevel' with GeneratedClass '/Game/MyFirstLevel.MyFirstLevel_C' with ClassGeneratedBy '/Game/MyFirstLevel.MyFirstLevel:PersistentLevel.MyFirstLevel'
[2016.03.19-15.29.29:476][651]LogParticles: Destroying 0 GPU particle simulations for FXSystem 0x000000E2005AA660
[2016.03.19-15.29.45:254][439]LogEditorViewport: Clicking on Actor (context menu): BP_Sky_Sphere_C (BP_Sky_Sphere2)
[2016.03.19-15.30.41:134][638]LogEditorViewport: Clicking on Actor (LMB): PlayerStart (PlayerStart)
[2016.03.19-15.30.50:459][726]Cmd: OBJ SAVEPACKAGE PACKAGE="/Game/MyFirstLevel" FILE="../../../../../../UnrealProjects/GE_Project/Content/MyFirstLevel.umap" SILENT=true AUTOSAVING=false KEEPDIRTY=false
[2016.03.19-15.30.50:489][726]LogBlueprint:Error: [compiler MyFirstLevel] Error Spawn node  Create Widget  must have a class specified.
[2016.03.19-15.30.50:540][726]LogBlueprint:Warning: [compiler MyFirstLevel] Warning [1311.41] Compile of MyFirstLevel failed. 1 Fatal Issue(s) 0 Warning(s) [in 53 ms]
[2016.03.19-15.30.50:540][726]LogBlueprint:Warning: [compiler MyFirstLevel] Warning [1311.41] Compile of MyFirstLevel failed. 1 Fatal Issue(s) 1 Warning(s) [in 0 ms]
[2016.03.19-15.30.50:540][726]LogBlueprint:Warning: [compiler MyFirstLevel] Warning [1311.41] Compile of MyFirstLevel failed. 1 Fatal Issue(s) 2 Warning(s) [in 0 ms]
[2016.03.19-15.30.50:540][726]LogBlueprint:Warning: [compiler MyFirstLevel] Warning [1311.41] Compile of MyFirstLevel failed. 1 Fatal Issue(s) 3 Warning(s) [in 0 ms]
[2016.03.19-15.30.50:540][726]LogBlueprint:Warning: [compiler MyFirstLevel] Warning [1311.41] Compile of MyFirstLevel failed. 1 Fatal Issue(s) 4 Warning(s) [in 0 ms]
[2016.03.19-15.30.50:540][726]LogBlueprint:Warning: [compiler MyFirstLevel] Warning [1311.41] Compile of MyFirstLevel failed. 1 Fatal Issue(s) 5 Warning(s) [in 0 ms]
[2016.03.19-15.30.51:152][726]LogSavePackage: Save=667.200012ms
[2016.03.19-15.30.51:152][726]LogSavePackage: Moving '../../../../../../UnrealProjects/GE_Project/Saved/MyFirstLevel39F521AF4C50CD6504CEE59EF54AE690.tmp' to '../../../../../../UnrealProjects/GE_Project/Content/MyFirstLevel.umap'
[2016.03.19-15.30.51:155][726]LogSavePackage: Total save time: 680.585872ms
[2016.03.19-15.30.51:155][726]LogSavePackage:Warning: Finished SavePackage ../../../../../../UnrealProjects/GE_Project/Content/MyFirstLevel.umap
[2016.03.19-15.30.52:256][849]LogBlueprintUserMessages: Early PlayInEditor Detection: Level '/Game/MyFirstLevel.MyFirstLevel:PersistentLevel' has LevelScriptBlueprint '/Game/MyFirstLevel.MyFirstLevel:PersistentLevel.MyFirstLevel' with GeneratedClass '/Game/MyFirstLevel.MyFirstLevel_C' with ClassGeneratedBy '/Game/MyFirstLevel.MyFirstLevel:PersistentLevel.MyFirstLevel'
[2016.03.19-15.30.52:256][849]BlueprintLog: New page: Pre-Play auto-recompile
[2016.03.19-15.30.52:256][849]LogPlayLevel: [PlayLevel] Compiling MyFirstLevel before play...
[2016.03.19-15.30.52:259][849]LogBlueprint:Error: [compiler MyFirstLevel] Error Spawn node  Create Widget  must have a class specified.
[2016.03.19-15.30.52:311][849]LogBlueprint:Warning: [compiler MyFirstLevel] Warning [1313.18] Compile of MyFirstLevel failed. 1 Fatal Issue(s) 0 Warning(s) [in 53 ms]
[2016.03.19-15.30.52:312][849]LogBlueprint:Warning: [compiler MyFirstLevel] Warning [1313.18] Compile of MyFirstLevel failed. 1 Fatal Issue(s) 1 Warning(s) [in 0 ms]
[2016.03.19-15.30.52:312][849]LogBlueprint:Warning: [compiler MyFirstLevel] Warning [1313.18] Compile of MyFirstLevel failed. 1 Fatal Issue(s) 2 Warning(s) [in 0 ms]
[2016.03.19-15.30.52:312][849]LogBlueprint:Warning: [compiler MyFirstLevel] Warning [1313.18] Compile of MyFirstLevel failed. 1 Fatal Issue(s) 3 Warning(s) [in 0 ms]
[2016.03.19-15.30.52:312][849]LogBlueprint:Warning: [compiler MyFirstLevel] Warning [1313.18] Compile of MyFirstLevel failed. 1 Fatal Issue(s) 4 Warning(s) [in 0 ms]
[2016.03.19-15.30.52:312][849]LogBlueprint:Warning: [compiler MyFirstLevel] Warning [1313.18] Compile of MyFirstLevel failed. 1 Fatal Issue(s) 5 Warning(s) [in 0 ms]
[2016.03.19-15.30.52:313][849]LogPlayLevel: PlayLevel: Blueprint regeneration took 56 ms (1 blueprints)
[2016.03.19-15.30.52:326][849]BlueprintLog: Info Blueprint MyFirstLevel failed to compile
[2016.03.19-15.30.53:441][849]PIE: New page: PIE session: MyFirstLevel (Mar 19, 2016, 5:30:53 PM)
[2016.03.19-15.30.53:441][849]LogPlayLevel: Creating play world package: /Game/UEDPIE_0_MyFirstLevel
[2016.03.19-15.30.53:474][849]LogPlayLevel: PIE: StaticDuplicateObject took: (0.032553s)
[2016.03.19-15.30.53:474][849]LogAIModule: Creating AISystem for world MyFirstLevel
[2016.03.19-15.30.53:474][849]LogPlayLevel: PIE: World Init took: (0.000476s)
[2016.03.19-15.30.53:475][849]LogPlayLevel: PIE: Created PIE world by copying editor world from /Game/MyFirstLevel.MyFirstLevel to /Game/UEDPIE_0_MyFirstLevel.MyFirstLevel (0.033207s)
[2016.03.19-15.30.53:494][849]LogInit: XAudio2 using 'HP E221c-8 (NVIDIA High Definition Audio)' : 2 channels at 48 kHz using 16 bits per sample (channel mask 0x3)
[2016.03.19-15.30.53:508][849]LogInit: FAudioDevice initialized.
[2016.03.19-15.30.53:544][849]LogWorld: Game class is 'GamePadGameMode_C'
[2016.03.19-15.30.53:610][849]LogWorld: Bringing World /Game/UEDPIE_0_MyFirstLevel.MyFirstLevel up for play (max tick rate 0) at 2016.03.19-16.30.53
[2016.03.19-15.30.53:610][849]LogActor:Warning: GameSession /Game/UEDPIE_0_MyFirstLevel.MyFirstLevel:PersistentLevel.GameSession_3 has natively added scene component(s), but none of them were set as the actor's RootComponent - picking one arbitrarily
[2016.03.19-15.30.53:610][849]LogActor:Warning: GameNetworkManager /Game/UEDPIE_0_MyFirstLevel.MyFirstLevel:PersistentLevel.GameNetworkManager_3 has natively added scene component(s), but none of them were set as the actor's RootComponent - picking one arbitrarily
[2016.03.19-15.30.53:611][849]LogWorld: Bringing up level for play took: 0.067000
[2016.03.19-15.30.53:629][849]PIE: Info Play in editor start time for /Game/UEDPIE_0_MyFirstLevel 1.492
[2016.03.19-15.30.53:629][849]LogBlueprintUserMessages: Late PlayInEditor Detection: Level '/Game/MyFirstLevel.MyFirstLevel:PersistentLevel' has LevelScriptBlueprint '/Game/MyFirstLevel.MyFirstLevel:PersistentLevel.MyFirstLevel' with GeneratedClass '/Game/MyFirstLevel.MyFirstLevel_C' with ClassGeneratedBy '/Game/MyFirstLevel.MyFirstLevel:PersistentLevel.MyFirstLevel'
[2016.03.19-15.31.04:637][168]LogBlueprintUserMessages: Early EndPlayMap Detection: Level '/Game/MyFirstLevel.MyFirstLevel:PersistentLevel' has LevelScriptBlueprint '/Game/MyFirstLevel.MyFirstLevel:PersistentLevel.MyFirstLevel' with GeneratedClass '/Game/MyFirstLevel.MyFirstLevel_C' with ClassGeneratedBy '/Game/MyFirstLevel.MyFirstLevel:PersistentLevel.MyFirstLevel'
[2016.03.19-15.31.04:676][168]LogBlueprintUserMessages: Late EndPlayMap Detection: Level '/Game/MyFirstLevel.MyFirstLevel:PersistentLevel' has LevelScriptBlueprint '/Game/MyFirstLevel.MyFirstLevel:PersistentLevel.MyFirstLevel' with GeneratedClass '/Game/MyFirstLevel.MyFirstLevel_C' with ClassGeneratedBy '/Game/MyFirstLevel.MyFirstLevel:PersistentLevel.MyFirstLevel'
[2016.03.19-15.31.04:705][168]LogParticles: Destroying 0 GPU particle simulations for FXSystem 0x000000E21F62D1C0
[2016.03.19-15.31.05:844][300]LogBlueprintUserMessages: Early PlayInEditor Detection: Level '/Game/MyFirstLevel.MyFirstLevel:PersistentLevel' has LevelScriptBlueprint '/Game/MyFirstLevel.MyFirstLevel:PersistentLevel.MyFirstLevel' with GeneratedClass '/Game/MyFirstLevel.MyFirstLevel_C' with ClassGeneratedBy '/Game/MyFirstLevel.MyFirstLevel:PersistentLevel.MyFirstLevel'
[2016.03.19-15.31.05:844][300]BlueprintLog: New page: Pre-Play auto-recompile
[2016.03.19-15.31.05:844][300]LogPlayLevel: [PlayLevel] Compiling MyFirstLevel before play...
[2016.03.19-15.31.05:849][300]LogBlueprint:Error: [compiler MyFirstLevel] Error Spawn node  Create Widget  must have a class specified.
[2016.03.19-15.31.05:894][300]LogBlueprint:Warning: [compiler MyFirstLevel] Warning [1326.76] Compile of MyFirstLevel failed. 1 Fatal Issue(s) 0 Warning(s) [in 47 ms]
[2016.03.19-15.31.05:895][300]LogBlueprint:Warning: [compiler MyFirstLevel] Warning [1326.76] Compile of MyFirstLevel failed. 1 Fatal Issue(s) 1 Warning(s) [in 0 ms]
[2016.03.19-15.31.05:895][300]LogBlueprint:Warning: [compiler MyFirstLevel] Warning [1326.76] Compile of MyFirstLevel failed. 1 Fatal Issue(s) 2 Warning(s) [in 0 ms]
[2016.03.19-15.31.05:895][300]LogBlueprint:Warning: [compiler MyFirstLevel] Warning [1326.76] Compile of MyFirstLevel failed. 1 Fatal Issue(s) 3 Warning(s) [in 0 ms]
[2016.03.19-15.31.05:895][300]LogBlueprint:Warning: [compiler MyFirstLevel] Warning [1326.76] Compile of MyFirstLevel failed. 1 Fatal Issue(s) 4 Warning(s) [in 0 ms]
[2016.03.19-15.31.05:895][300]LogBlueprint:Warning: [compiler MyFirstLevel] Warning [1326.76] Compile of MyFirstLevel failed. 1 Fatal Issue(s) 5 Warning(s) [in 0 ms]
[2016.03.19-15.31.05:897][300]LogPlayLevel: PlayLevel: Blueprint regeneration took 52 ms (1 blueprints)
[2016.03.19-15.31.05:914][300]BlueprintLog: Info Blueprint MyFirstLevel failed to compile
[2016.03.19-15.31.08:125][300]PIE: New page: PIE session: MyFirstLevel (Mar 19, 2016, 5:31:08 PM)
[2016.03.19-15.31.08:125][300]LogPlayLevel: Creating play world package: /Game/UEDPIE_0_MyFirstLevel
[2016.03.19-15.31.08:157][300]LogPlayLevel: PIE: StaticDuplicateObject took: (0.031721s)
[2016.03.19-15.31.08:157][300]LogAIModule: Creating AISystem for world MyFirstLevel
[2016.03.19-15.31.08:158][300]LogPlayLevel: PIE: World Init took: (0.000488s)
[2016.03.19-15.31.08:158][300]LogPlayLevel: PIE: Created PIE world by copying editor world from /Game/MyFirstLevel.MyFirstLevel to /Game/UEDPIE_0_MyFirstLevel.MyFirstLevel (0.032383s)
[2016.03.19-15.31.08:180][300]LogInit: XAudio2 using 'HP E221c-8 (NVIDIA High Definition Audio)' : 2 channels at 48 kHz using 16 bits per sample (channel mask 0x3)
[2016.03.19-15.31.08:192][300]LogInit: FAudioDevice initialized.
[2016.03.19-15.31.08:232][300]LogWorld: Game class is 'GamePadGameMode_C'
[2016.03.19-15.31.08:307][300]LogWorld: Bringing World /Game/UEDPIE_0_MyFirstLevel.MyFirstLevel up for play (max tick rate 0) at 2016.03.19-16.31.08
[2016.03.19-15.31.08:307][300]LogActor:Warning: GameSession /Game/UEDPIE_0_MyFirstLevel.MyFirstLevel:PersistentLevel.GameSession_4 has natively added scene component(s), but none of them were set as the actor's RootComponent - picking one arbitrarily
[2016.03.19-15.31.08:307][300]LogActor:Warning: GameNetworkManager /Game/UEDPIE_0_MyFirstLevel.MyFirstLevel:PersistentLevel.GameNetworkManager_4 has natively added scene component(s), but none of them were set as the actor's RootComponent - picking one arbitrarily
[2016.03.19-15.31.08:309][300]LogWorld: Bringing up level for play took: 0.075837
[2016.03.19-15.31.08:322][300]PIE: Info Play in editor start time for /Game/UEDPIE_0_MyFirstLevel 2.185
[2016.03.19-15.31.08:322][300]LogBlueprintUserMessages: Late PlayInEditor Detection: Level '/Game/MyFirstLevel.MyFirstLevel:PersistentLevel' has LevelScriptBlueprint '/Game/MyFirstLevel.MyFirstLevel:PersistentLevel.MyFirstLevel' with GeneratedClass '/Game/MyFirstLevel.MyFirstLevel_C' with ClassGeneratedBy '/Game/MyFirstLevel.MyFirstLevel:PersistentLevel.MyFirstLevel'
[2016.03.19-15.31.09:395][427]LogBlueprintUserMessages: Early EndPlayMap Detection: Level '/Game/MyFirstLevel.MyFirstLevel:PersistentLevel' has LevelScriptBlueprint '/Game/MyFirstLevel.MyFirstLevel:PersistentLevel.MyFirstLevel' with GeneratedClass '/Game/MyFirstLevel.MyFirstLevel_C' with ClassGeneratedBy '/Game/MyFirstLevel.MyFirstLevel:PersistentLevel.MyFirstLevel'
[2016.03.19-15.31.09:437][427]LogBlueprintUserMessages: Late EndPlayMap Detection: Level '/Game/MyFirstLevel.MyFirstLevel:PersistentLevel' has LevelScriptBlueprint '/Game/MyFirstLevel.MyFirstLevel:PersistentLevel.MyFirstLevel' with GeneratedClass '/Game/MyFirstLevel.MyFirstLevel_C' with ClassGeneratedBy '/Game/MyFirstLevel.MyFirstLevel:PersistentLevel.MyFirstLevel'
[2016.03.19-15.31.09:464][427]LogParticles: Destroying 0 GPU particle simulations for FXSystem 0x000000E232F9D260
[2016.03.19-15.31.11:798][704]LogActorFactory: Actor Factory created SM_K4U_InfoPanel
[2016.03.19-15.31.13:624][895]LogActorFactory: Actor Factory created SM_K4U_InfoPanel
[2016.03.19-15.33.23:894][387]LogEditorViewport: Clicking on Actor (LMB): Landscape (Landscape5)
[2016.03.19-15.33.31:195][255]Cmd: OBJ SAVEPACKAGE PACKAGE="/Game/MyFirstLevel" FILE="../../../../../../UnrealProjects/GE_Project/Content/MyFirstLevel.umap" SILENT=true AUTOSAVING=false KEEPDIRTY=false
[2016.03.19-15.33.31:198][255]LogActorComponent: UnregisterComponent: (/Engine/Transient.CharMoveComp) Not registered. Aborting.
[2016.03.19-15.33.31:198][255]LogActorComponent: UnregisterComponent: (/Engine/Transient.CharacterMovementComponent_4) Not registered. Aborting.
[2016.03.19-15.33.31:199][255]LogActorComponent: UnregisterComponent: (/Engine/Transient.KinectInterface_GEN_VARIABLE) Not registered. Aborting.
[2016.03.19-15.33.31:238][255]LogBlueprint:Error: [compiler MyFirstLevel] Error Spawn node  Create Widget  must have a class specified.
[2016.03.19-15.33.31:291][255]LogBlueprint:Warning: [compiler MyFirstLevel] Warning [1472.16] Compile of MyFirstLevel failed. 1 Fatal Issue(s) 0 Warning(s) [in 55 ms]
[2016.03.19-15.33.31:291][255]LogBlueprint:Warning: [compiler MyFirstLevel] Warning [1472.16] Compile of MyFirstLevel failed. 1 Fatal Issue(s) 1 Warning(s) [in 0 ms]
[2016.03.19-15.33.31:291][255]LogBlueprint:Warning: [compiler MyFirstLevel] Warning [1472.16] Compile of MyFirstLevel failed. 1 Fatal Issue(s) 2 Warning(s) [in 0 ms]
[2016.03.19-15.33.31:291][255]LogBlueprint:Warning: [compiler MyFirstLevel] Warning [1472.16] Compile of MyFirstLevel failed. 1 Fatal Issue(s) 3 Warning(s) [in 0 ms]
[2016.03.19-15.33.31:291][255]LogBlueprint:Warning: [compiler MyFirstLevel] Warning [1472.16] Compile of MyFirstLevel failed. 1 Fatal Issue(s) 4 Warning(s) [in 0 ms]
[2016.03.19-15.33.31:291][255]LogBlueprint:Warning: [compiler MyFirstLevel] Warning [1472.16] Compile of MyFirstLevel failed. 1 Fatal Issue(s) 5 Warning(s) [in 0 ms]
[2016.03.19-15.33.31:896][255]LogSavePackage: Save=663.448914ms
[2016.03.19-15.33.31:896][255]LogSavePackage: Moving '../../../../../../UnrealProjects/GE_Project/Saved/MyFirstLevel03D0FC6F417EED2FE48E758859B46468.tmp' to '../../../../../../UnrealProjects/GE_Project/Content/MyFirstLevel.umap'
[2016.03.19-15.33.31:899][255]LogSavePackage: Total save time: 682.579886ms
[2016.03.19-15.33.31:899][255]LogSavePackage:Warning: Finished SavePackage ../../../../../../UnrealProjects/GE_Project/Content/MyFirstLevel.umap
[2016.03.19-15.33.58:962][840]Cmd: OBJ SAVEPACKAGE PACKAGE="/Game/MyFirstLevel" FILE="../../../../../../UnrealProjects/GE_Project/Content/MyFirstLevel.umap" SILENT=true AUTOSAVING=false KEEPDIRTY=false
[2016.03.19-15.33.58:993][840]LogBlueprint:Error: [compiler MyFirstLevel] Error Spawn node  Create Widget  must have a class specified.
[2016.03.19-15.33.59:041][840]LogBlueprint:Warning: [compiler MyFirstLevel] Warning [1499.91] Compile of MyFirstLevel failed. 1 Fatal Issue(s) 0 Warning(s) [in 50 ms]
[2016.03.19-15.33.59:041][840]LogBlueprint:Warning: [compiler MyFirstLevel] Warning [1499.91] Compile of MyFirstLevel failed. 1 Fatal Issue(s) 1 Warning(s) [in 0 ms]
[2016.03.19-15.33.59:041][840]LogBlueprint:Warning: [compiler MyFirstLevel] Warning [1499.91] Compile of MyFirstLevel failed. 1 Fatal Issue(s) 2 Warning(s) [in 0 ms]
[2016.03.19-15.33.59:042][840]LogBlueprint:Warning: [compiler MyFirstLevel] Warning [1499.91] Compile of MyFirstLe