[2016.03.17-09.58.35:237][  0]Log file open, 03/17/16 10:58:35
[2016.03.17-09.58.35:237][  0]LogInit:Display: Running engine for game: TheBeginning
[2016.03.17-09.58.35:237][  0]LogInit:Display: RandInit(-933281580) SRandInit(-933281579).
[2016.03.17-09.58.35:237][  0]LogTaskGraph: Started task graph with 4 named threads and 7 total threads.
[2016.03.17-09.58.35:237][  0]LogStats: Stats thread started at 0.063855
[2016.03.17-09.58.35:237][  0]LogInit: Version: 4.9.2-2707645+++depot+UE4-Releases+4.9
[2016.03.17-09.58.35:237][  0]LogInit: API Version: 2672455
[2016.03.17-09.58.35:237][  0]LogInit: Compiled (64-bit): Sep 28 2015 10:25:44
[2016.03.17-09.58.35:237][  0]LogInit: Compiled with Visual C++: 18.00.21005.01
[2016.03.17-09.58.35:237][  0]LogInit: Build Configuration: Development
[2016.03.17-09.58.35:237][  0]LogInit: Branch Name: ++depot+UE4-Releases+4.9
[2016.03.17-09.58.35:237][  0]LogInit: Command line:  
[2016.03.17-09.58.35:237][  0]LogInit: Base directory: D:/Programme/Epic Games/4.9/Engine/Binaries/Win64/
[2016.03.17-09.58.35:237][  0]LogInit: Rocket: 1
[2016.03.17-09.58.35:242][  0]LogInit: Using libcurl 7.41.0
[2016.03.17-09.58.35:242][  0]LogInit:  - built for x86_64-pc-win32
[2016.03.17-09.58.35:242][  0]LogInit:  - supports SSL with WinSSL
[2016.03.17-09.58.35:242][  0]LogInit:  - other features:
[2016.03.17-09.58.35:242][  0]LogInit:      CURL_VERSION_SSL
[2016.03.17-09.58.35:242][  0]LogInit:      CURL_VERSION_IPV6
[2016.03.17-09.58.35:242][  0]LogInit:      CURL_VERSION_ASYNCHDNS
[2016.03.17-09.58.35:242][  0]LogInit:      CURL_VERSION_LARGEFILE
[2016.03.17-09.58.35:242][  0]LogInit:      CURL_VERSION_IDN
[2016.03.17-09.58.35:242][  0]LogInit:  CurlRequestOptions (configurable via config and command line):
[2016.03.17-09.58.35:242][  0]LogInit:  - bVerifyPeer = true  - Libcurl will verify peer certificate
[2016.03.17-09.58.35:242][  0]LogInit:  - bUseHttpProxy = false  - Libcurl will NOT use HTTP proxy
[2016.03.17-09.58.35:242][  0]LogInit:  - bDontReuseConnections = false  - Libcurl will reuse connections
[2016.03.17-09.58.35:242][  0]LogInit:  - CertBundlePath = nullptr  - Libcurl will use whatever was configured at build time.
[2016.03.17-09.58.35:246][  0]LogInit: Presizing for 0 objects not considered by GC, pre-allocating 0 bytes.
[2016.03.17-09.58.35:252][  0]LogInit: Object subsystem initialized
[2016.03.17-09.58.35:253][  0]LogInit: Selected Device Profile: [Windows]
[2016.03.17-09.58.35:253][  0]LogInit: Applying CVar settings loaded from the selected device profile: [Windows]
[2016.03.17-09.58.35:259][  0]LogInit: Computer: PC1021500895
[2016.03.17-09.58.35:259][  0]LogInit: User: VR
[2016.03.17-09.58.35:259][  0]LogInit: CPU Page size=4096, Cores=4
[2016.03.17-09.58.35:259][  0]LogInit: High frequency timer resolution =3.507497 MHz
[2016.03.17-09.58.35:259][  0]LogMemory: Memory total: Physical=15.9GB (16GB approx)
[2016.03.17-09.58.35:259][  0]LogMemory: Platform Memory Stats for Windows
[2016.03.17-09.58.35:259][  0]LogMemory: Process Physical Memory: 53.16 MB used, 53.16 MB peak
[2016.03.17-09.58.35:259][  0]LogMemory: Process Virtual Memory: 55.15 MB used, 55.15 MB peak
[2016.03.17-09.58.35:259][  0]LogMemory: Physical Memory: 3776.99 MB used, 16261.17 MB total
[2016.03.17-09.58.35:259][  0]LogMemory: Virtual Memory: 346.75 MB used, 134217728.00 MB total
[2016.03.17-09.58.35:285][  0]LogTextLocalizationManager: No translations for ('de-DE') exist, falling back to 'en' for localization and internationalization data.
[2016.03.17-09.58.35:895][  0]LogD3D11RHI: Found D3D11 adapter 0: NVIDIA GeForce GTX 970 (Feature Level 11_0)
[2016.03.17-09.58.35:895][  0]LogD3D11RHI: Adapter has 3976MB of dedicated video memory, 0MB of dedicated system memory, and 8130MB of shared system memory, 1 output[s]
[2016.03.17-09.58.35:896][  0]LogD3D11RHI: Found D3D11 adapter 1: Microsoft Basic Render Driver (Feature Level 11_0)
[2016.03.17-09.58.35:896][  0]LogD3D11RHI: Adapter has 0MB of dedicated video memory, 0MB of dedicated system memory, and 256MB of shared system memory, 0 output[s]
[2016.03.17-09.58.35:896][  0]LogD3D11RHI: Chosen D3D11 Adapter Id = 0
[2016.03.17-09.58.35:899][  0]LogD3D11RHI: !Direct3DDevice
[2016.03.17-09.58.35:899][  0]LogRHI: Texture pool is 1361 MB (70% of 1945 MB)
[2016.03.17-09.58.35:908][  0]LogD3D11RHI: Async texture creation enabled
[2016.03.17-09.58.35:923][  0]LogShaderCompilers: Guid format shader working directory is 16 characters bigger than the processId version (../../../../../../UnrealProjects/GE_Project/Intermediate/Shaders/WorkingDirectory/800/).
[2016.03.17-09.58.35:923][  0]LogShaderCompilers: Cleaned the shader compiler working directory '../../../../../../UnrealProjects/GE_Project/Intermediate/Shaders/tmp/02392EF8479EC3B0530C1B9EFB140298/'.
[2016.03.17-09.58.35:923][  0]LogShaderCompilers:Display: Using Local Shader Compiler.
[2016.03.17-09.58.36:685][  0]LogTemp:Display: Loaded TP AllDesktopTargetPlatform
[2016.03.17-09.58.36:689][  0]LogTemp:Display: Loaded TP WindowsClientTargetPlatform
[2016.03.17-09.58.36:692][  0]LogTemp:Display: Loaded TP WindowsNoEditorTargetPlatform
[2016.03.17-09.58.36:695][  0]LogTemp:Display: Loaded TP WindowsServerTargetPlatform
[2016.03.17-09.58.36:698][  0]LogTemp:Display: Loaded TP WindowsTargetPlatform
[2016.03.17-09.58.36:701][  0]LogTemp:Display: Loaded TP AndroidTargetPlatform
[2016.03.17-09.58.36:703][  0]LogTemp:Display: Loaded TP Android_ASTCTargetPlatform
[2016.03.17-09.58.36:705][  0]LogTemp:Display: Loaded TP Android_ATCTargetPlatform
[2016.03.17-09.58.36:707][  0]LogTemp:Display: Loaded TP Android_DXTTargetPlatform
[2016.03.17-09.58.36:709][  0]LogTemp:Display: Loaded TP Android_ETC1TargetPlatform
[2016.03.17-09.58.36:712][  0]LogTemp:Display: Loaded TP Android_ETC2TargetPlatform
[2016.03.17-09.58.36:714][  0]LogTemp:Display: Loaded TP Android_PVRTCTargetPlatform
[2016.03.17-09.58.36:714][  0]LogTemp:Display: Loaded TP HTML5TargetPlatform
[2016.03.17-09.58.36:730][  0]LogTemp:Display: Loaded TP IOSTargetPlatform
[2016.03.17-09.58.36:733][  0]LogTemp:Display: Loaded TP LinuxNoEditorTargetPlatform
[2016.03.17-09.58.36:735][  0]LogTemp:Display: Loaded TP LinuxServerTargetPlatform
[2016.03.17-09.58.36:738][  0]LogTemp:Display: Loaded TP LinuxTargetPlatform
[2016.03.17-09.58.36:738][  0]LogTargetPlatformManager:Display: Building Assets For Windows
[2016.03.17-09.58.36:787][  0]LogDerivedDataCache:Display: Max Cache Size: 512 MB
[2016.03.17-09.58.36:822][  0]LogDerivedDataCache: Loaded boot cache 0.04s 41MB C:/Users/VR/AppData/Local/UnrealEngine/4.9/DerivedDataCache/Boot.ddc.
[2016.03.17-09.58.36:822][  0]LogDerivedDataCache:Display: Loaded Boot cache: C:/Users/VR/AppData/Local/UnrealEngine/4.9/DerivedDataCache/Boot.ddc
[2016.03.17-09.58.36:822][  0]LogDerivedDataCache: FDerivedDataBackendGraph:  Pak pak cache file ../../../../../../UnrealProjects/GE_Project/DerivedDataCache/DDC.ddp not found, will not use a pak cache.
[2016.03.17-09.58.36:822][  0]LogDerivedDataCache: Unable to find inner node Pak for hierarchical cache Hierarchy.
[2016.03.17-09.58.36:822][  0]LogDerivedDataCache: FDerivedDataBackendGraph:  CompressedPak pak cache file ../../../../../../UnrealProjects/GE_Project/DerivedDataCache/Compressed.ddp not found, will not use a pak cache.
[2016.03.17-09.58.36:822][  0]LogDerivedDataCache: Unable to find inner node CompressedPak for hierarchical cache Hierarchy.
[2016.03.17-09.58.36:937][  0]LogDerivedDataCache:Display: Pak cache opened for reading ../../../Engine/DerivedDataCache/Compressed.ddp.
[2016.03.17-09.58.36:949][  0]LogDerivedDataCache: Using Local data cache path C:/Users/VR/AppData/Local/UnrealEngine/Common/DerivedDataCache: Writable
[2016.03.17-09.58.37:079][  0]LogInit: Selected Device Profile: [Windows]
[2016.03.17-09.58.37:081][  0]LogContentStreaming: Texture pool size is 0.000000MB
[2016.03.17-09.58.37:167][  0]LogMeshUtilities: No automatic mesh reduction module available
[2016.03.17-09.58.37:167][  0]LogMeshUtilities: No automatic mesh merging module available
[2016.03.17-09.58.37:345][  0]LogInit: WinSock: version 1.1 (2.2), MaxSocks=32767, MaxUdp=65467
[2016.03.17-09.58.37:849][  0]UdpMessaging: Initializing bridge on interface 0.0.0.0:0 to multicast group 230.0.0.1:6666.
[2016.03.17-09.58.37:966][  0]LogAssetRegistry: FAssetRegistry took 0.0109 seconds to start up
[2016.03.17-09.58.38:077][  0]SourceControl: Info Source control is disabled
[2016.03.17-09.58.38:083][  0]SourceControl: Info Source control is disabled
[2016.03.17-09.58.38:089][  0]SourceControl: Info Source control is disabled
[2016.03.17-09.58.38:094][  0]SourceControl: Info Source control is disabled
[2016.03.17-09.58.38:175][  0]LogLinker:Warning: Asset '../../../Engine/Plugins/Runtime/LeapMotionController/Content/LM_PassthroughMaterial.uasset' has been saved with empty engine version. The asset will be loaded but may be incompatible.
[2016.03.17-09.58.38:221][  0]LeapPluginLog: Using LeapPlugin version 0.9.6
[2016.03.17-09.58.38:225][  0]LogObj: 29249 objects as part of root set at end of initial load.
[2016.03.17-09.58.38:225][  0]LogUObjectAllocator: 6234272 out of 0 bytes used by permanent object pool.
[2016.03.17-09.58.38:271][  0]LogEngine: Initializing Engine...
[2016.03.17-09.58.38:273][  0]LogHMD: Can't find Oculus library dev build: is proper Runtime installed? Version: 0.7.0.0
[2016.03.17-09.58.38:619][  0]LogHMD: SteamVR initialized.  Driver: oculus  Display: 207KGV03FJGR
[2016.03.17-09.58.38:722][  0]LogAIModule: Creating AISystem for world NewWorld
[2016.03.17-09.58.38:734][  0]LogInit: XAudio2 using 'Speakers (Realtek High Definition Audio)' : 2 channels at 48 kHz using 32 bits per sample (channel mask 0x3)
[2016.03.17-09.58.38:839][  0]LogInit: FAudioDevice initialized.
[2016.03.17-09.58.38:858][  0]LogDerivedDataCache: Saved boot cache 0.02s 41MB C:/Users/VR/AppData/Local/UnrealEngine/4.9/DerivedDataCache/Boot.ddc.
[2016.03.17-09.58.38:861][  0]LogInit: Texture streaming: Enabled
[2016.03.17-09.58.38:866][  0]LogAnalytics: Creating configured Analytics provider AnalyticsET
[2016.03.17-09.58.38:866][  0]LogAnalytics: [UEEditor.Rocket.Release] APIServer = http://et2.epicgames.com/ET2/. AppVersion = 4.9.2-2707645+++depot+UE4-Releases+4.9
[2016.03.17-09.58.38:866][  0]LogAnalytics: [UEEditor.Rocket.Release] SetUserId 8c1436b7469470d4e6ebefb46ce7086e|0318ce7eb266467aa7a1e63543527494|c39e7128-8a93-45bc-b94e-b28d0faf1958
[2016.03.17-09.58.38:866][  0]LogAnalytics: [UEEditor.Rocket.Release] AnalyticsET::StartSession
[2016.03.17-09.58.38:875][  0]LogWindowsTextInputMethodSystem:Display: IME system now deactivated.
[2016.03.17-09.58.38:885][  0]LogInit: Transaction tracking system initialized
[2016.03.17-09.58.38:905][  0]BlueprintLog: New page: Editor Load
[2016.03.17-09.58.38:956][  0]LocalizationService: Info Localization service is disabled
[2016.03.17-09.58.38:997][  0]LogLinker:Warning: Can't find file '/Game/FirstPersonBP/FirstPersonOverview'
[2016.03.17-09.58.38:997][  0]LogLinker:Warning: Can't find file '/Game/FirstPersonBP/FirstPersonOverview'
[2016.03.17-09.58.38:997][  0]LogUObjectGlobals:Warning: Failed to find object 'Class /Game/FirstPersonBP/FirstPersonOverview.FirstPersonOverview_C'
[2016.03.17-09.58.39:005][  0]LogConsoleResponse:Display: 
[2016.03.17-09.58.39:106][  0]LogCook:Display: Done creating registry. It took  0.00s.
[2016.03.17-09.58.39:140][  0]LogFileCache: Scanning file cache for directory 'D:/UnrealProjects/GE_Project/Content/' took 0.01s
[2016.03.17-09.58.39:140][  0]SourceControl: Info Source control is disabled
[2016.03.17-09.58.39:140][  0]Cmd: MAP LOAD FILE="../../../../../../UnrealProjects/GE_Project/Content/StarterContent/Maps/Minimal_Default.umap" TEMPLATE=0 SHOWPROGRESS=1 FEATURELEVEL=3
[2016.03.17-09.58.39:141][  0]LightingResults: New page: Lighting Build
[2016.03.17-09.58.39:142][  0]MapCheck: New page: Map Check
[2016.03.17-09.58.39:142][  0]LightingResults: New page: Lighting Build
[2016.03.17-09.58.39:153][  0]LogParticles: Destroying 0 GPU particle simulations for FXSystem 0x000000047F358400
[2016.03.17-09.58.39:470][  0]LogAIModule: Creating AISystem for world Minimal_Default
[2016.03.17-09.58.39:476][  0]LogEditorServer: Finished looking for orphan Actors (0.000 secs)
[2016.03.17-09.58.39:476][  0]Cmd: MAP CHECKDEP NOCLEARLOG
[2016.03.17-09.58.39:513][  0]MapCheck: Info Map check complete: 0 Error(s), 0 Warning(s), took 37.102ms to complete.
[2016.03.17-09.58.39:513][  0]LogFileHelpers: Loading map 'Minimal_Default' took 0.373
[2016.03.17-09.58.39:606][  0]LogCollectionManager: Loaded 0 collections in 0.001635 seconds
[2016.03.17-09.58.39:648][  0]LogFileCache: Scanning file cache for directory 'D:/UnrealProjects/GE_Project/Saved/Collections/' took 0.01s
[2016.03.17-09.58.39:648][  0]LogFileCache: Scanning file cache for directory 'D:/UnrealProjects/GE_Project/Content/Developers/VR/Collections/' took 0.01s
[2016.03.17-09.58.39:648][  0]LogFileCache: Scanning file cache for directory 'D:/UnrealProjects/GE_Project/Content/Collections/' took 0.01s
[2016.03.17-09.58.39:648][  0]LogContentBrowser: Native class hierarchy populated in 0.0091 seconds. Added 1918 classes and 347 folders.
[2016.03.17-09.58.39:651][  0]LogCollectionManager: Rebuilt the GUID cache for 0 collections in 0.000002 seconds
[2016.03.17-09.58.39:656][  0]LogContentBrowser: Native class hierarchy updated for 'WidgetCarousel' in 0.0008 seconds. Added 0 classes and 0 folders.
[2016.03.17-09.58.39:686][  0]LogContentBrowser: Native class hierarchy updated for 'AddContentDialog' in 0.0008 seconds. Added 0 classes and 0 folders.
[2016.03.17-09.58.39:688][  0]LogContentBrowser: Native class hierarchy updated for 'SceneOutliner' in 0.0007 seconds. Added 1 classes and 2 folders.
[2016.03.17-09.58.39:735][  0]LogCrashTracker: Crashtracker disabled due to settings.
[2016.03.17-09.58.39:738][  0]LogUObjectGlobals:Warning: Failed to find object 'Class None.'
[2016.03.17-09.58.39:761][  0]LogLoad: Full Startup: 5.10 seconds (BP compile: 0.04 seconds)
[2016.03.17-09.58.39:835][  0]LogContentStreaming: Texture pool size now 1000 MB
[2016.03.17-09.58.39:954][  0]LogRenderer: Reallocating scene render targets to support 1216x576 (Frame:2).
[2016.03.17-09.58.40:110][  1]LogFileCache: Retrieving MD5 hashes for directory 'D:/UnrealProjects/GE_Project/Content/' took 0.33s
[2016.03.17-09.58.40:788][  3]LogAssetRegistry: Asset discovery search completed in 2.8334 seconds
[2016.03.17-09.58.40:788][  3]LogCollectionManager: Rebuilt the object cache for 0 collections in 0.000001 seconds (found 0 objects)
[2016.03.17-09.58.40:788][  3]LogCollectionManager: Fixed up redirectors for 0 collections in 0.000017 seconds (updated 0 objects)
[2016.03.17-09.58.43:706][266]Cmd: MAP LOAD FILE="../../../../../../UnrealProjects/GE_Project/Content/MyFirstLevel.umap" TEMPLATE=0 SHOWPROGRESS=1 FEATURELEVEL=3
[2016.03.17-09.58.43:720][266]LightingResults: New page: Lighting Build
[2016.03.17-09.58.43:734][266]LoadErrors: New page: Loading map: MyFirstLevel.umap
[2016.03.17-09.58.43:734][266]MapCheck: New page: Map Check
[2016.03.17-09.58.43:734][266]LightingResults: New page: Lighting Build
[2016.03.17-09.58.43:744][266]LogParticles: Destroying 0 GPU particle simulations for FXSystem 0x000000046820B560
[2016.03.17-09.58.43:819][266]LogBlueprint:Warning: [compiler Ue4ASP_Character] Warning Input Axis Event references unknown Axis 'LookUp' for  InputAxis LookUp 
[2016.03.17-09.58.43:819][266]LogBlueprint:Warning: [compiler Ue4ASP_Character] Warning Input Axis Event references unknown Axis 'Turn' for  InputAxis Turn 
[2016.03.17-09.58.43:819][266]LogBlueprint:Warning: [compiler Ue4ASP_Character] Warning Input Axis Event references unknown Axis 'MoveRight' for  InputAxis MoveRight 
[2016.03.17-09.58.43:820][266]LogBlueprint:Warning: [compiler Ue4ASP_Character] Warning Input Axis Event references unknown Axis 'MoveForward' for  InputAxis MoveForward 
[2016.03.17-09.58.43:822][266]LogBlueprint:Warning: [compiler Ue4ASP_Character] Warning [0009.16] Compile of Ue4ASP_Character successful, but with 4 Warning(s) [in 5 ms]
[2016.03.17-09.58.43:822][266]LogBlueprint:Warning: [compiler Ue4ASP_Character] Warning [0009.16] Compile of Ue4ASP_Character successful, but with 5 Warning(s) [in 0 ms]
[2016.03.17-09.58.43:822][266]LogBlueprint:Warning: [compiler Ue4ASP_Character] Warning [0009.16] Compile of Ue4ASP_Character successful, but with 6 Warning(s) [in 0 ms]
[2016.03.17-09.58.43:878][266]LogBlueprint:Warning: [compiler Ue4ASP_Character] Warning Input Axis Event references unknown Axis 'LookUp' for  InputAxis LookUp 
[2016.03.17-09.58.43:878][266]LogBlueprint:Warning: [compiler Ue4ASP_Character] Warning Input Axis Event references unknown Axis 'Turn' for  InputAxis Turn 
[2016.03.17-09.58.43:878][266]LogBlueprint:Warning: [compiler Ue4ASP_Character] Warning Input Axis Event references unknown Axis 'MoveRight' for  InputAxis MoveRight 
[2016.03.17-09.58.43:878][266]LogBlueprint:Warning: [compiler Ue4ASP_Character] Warning Input Axis Event references unknown Axis 'MoveForward' for  InputAxis MoveForward 
[2016.03.17-09.58.43:881][266]LogBlueprint:Warning: [compiler Ue4ASP_Character] Warning [0009.22] Compile of Ue4ASP_Character successful, but with 4 Warning(s) [in 6 ms]
[2016.03.17-09.58.43:881][266]LogBlueprint:Warning: [compiler Ue4ASP_Character] Warning [0009.22] Compile of Ue4ASP_Character successful, but with 5 Warning(s) [in 0 ms]
[2016.03.17-09.58.43:882][266]LogBlueprint:Warning: [compiler Ue4ASP_Character] Warning [0009.22] Compile of Ue4ASP_Character successful, but with 6 Warning(s) [in 0 ms]
[2016.03.17-09.58.44:392][266]LogAIModule: Creating AISystem for world MyFirstLevel
[2016.03.17-09.58.44:575][266]LogEditorServer: Finished looking for orphan Actors (0.000 secs)
[2016.03.17-09.58.44:634][266]Cmd: MAP CHECKDEP NOCLEARLOG
[2016.03.17-09.58.44:693][266]MapCheck: Info Map check complete: 0 Error(s), 0 Warning(s), took 58.651ms to complete.
[2016.03.17-09.58.44:693][266]LogFileHelpers: Loading map 'MyFirstLevel' took 0.988
[2016.03.17-09.58.44:726][267]Cmd: UpdateLandscapeEditorData -warnings
[2016.03.17-09.58.45:730][376]LogBlueprint:Warning: [BP_Avatar] CreatePinForVariable: 'KinectInterface' variable not found. Base class was probably changed.
[2016.03.17-09.58.45:730][376]LogBlueprint:Warning: [BP_Avatar] CreatePinForVariable: 'KinectInterface' variable not found. Base class was probably changed.
[2016.03.17-09.58.45:730][376]LogBlueprint:Warning: [BP_Avatar] CreatePinForVariable: 'KinectInterface' variable not found. Base class was probably changed.
[2016.03.17-09.58.45:730][376]LogBlueprint:Warning: [BP_Avatar] CreatePinForVariable: 'KinectInterface' variable not found. Base class was probably changed.
[2016.03.17-09.58.45:731][376]LogBlueprint:Warning: [BP_Avatar] CreatePinForVariable: 'KinectInterface' variable not found. Base class was probably changed.
[2016.03.17-09.58.45:731][376]LogBlueprint:Warning: [BP_Avatar] CreatePinForVariable: 'KinectInterface' variable not found. Base class was probably changed.
[2016.03.17-09.58.45:732][376]LogBlueprint:Warning: [BP_Avatar] CreatePinForVariable: 'KinectInterface' variable not found. Base class was probably changed.
[2016.03.17-09.58.45:740][376]LogBlueprint:Error: [compiler BP_Avatar] Error Could not find a function named "GetHandStateAsExecution" in 'BP_Avatar'.
Make sure 'BP_Avatar' has been compiled for  Get Hand State as Execution 
[2016.03.17-09.58.45:740][376]LogBlueprint:Warning: [compiler BP_Avatar] Warning Could not find a variable named "KinectInterface" in 'BP_Avatar_C'.
Make sure 'BP_Avatar_C' has been compiled for  Get KinectInterface 
[2016.03.17-09.58.45:740][376]LogBlueprint:Warning: [compiler BP_Avatar] Warning Could not find a variable named "KinectInterface" in 'BP_Avatar_C'.
Make sure 'BP_Avatar_C' has been compiled for  Get KinectInterface 
[2016.03.17-09.58.45:740][376]LogBlueprint:Error: [compiler BP_Avatar] Error Could not find a function named "GetDistanceBetweenJoints" in 'BP_Avatar'.
Make sure 'BP_Avatar' has been compiled for  Get Distance Between Joints 
[2016.03.17-09.58.45:740][376]LogBlueprint:Warning: [compiler BP_Avatar] Warning Could not find a variable named "KinectInterface" in 'BP_Avatar_C'.
Make sure 'BP_Avatar_C' has been compiled for  Get KinectInterface 
[2016.03.17-09.58.45:741][376]LogBlueprint:Error: [compiler BP_Avatar] Error Could not find a function named "GetDistanceBetweenJoints" in 'BP_Avatar'.
Make sure 'BP_Avatar' has been compiled for  Get Distance Between Joints 
[2016.03.17-09.58.45:741][376]LogBlueprint:Warning: [compiler BP_Avatar] Warning Could not find a variable named "KinectInterface" in 'BP_Avatar_C'.
Make sure 'BP_Avatar_C' has been compiled for  Get KinectInterface 
[2016.03.17-09.58.45:741][376]LogBlueprint:Error: [compiler BP_Avatar] Error Could not find a function named "GetCenteredBody" in 'BP_Avatar'.
Make sure 'BP_Avatar' has been compiled for  Get Centered Body 
[2016.03.17-09.58.45:741][376]LogBlueprint:Warning: [compiler BP_Avatar] Warning Could not find a variable named "KinectInterface" in 'BP_Avatar_C'.
Make sure 'BP_Avatar_C' has been compiled for  Get KinectInterface 
[2016.03.17-09.58.45:741][376]LogBlueprint:Error: [compiler BP_Avatar] Error Could not find a function named "GetHandStateAsExecution" in 'BP_Avatar'.
Make sure 'BP_Avatar' has been compiled for  Get Hand State as Execution 
[2016.03.17-09.58.45:741][376]LogBlueprint:Warning: [compiler BP_Avatar] Warning Could not find a variable named "KinectInterface" in 'BP_Avatar_C'.
Make sure 'BP_Avatar_C' has been compiled for  Get KinectInterface 
[2016.03.17-09.58.45:741][376]LogBlueprint:Error: [compiler BP_Avatar] Error Could not find a function named "GetHandStateAsExecution" in 'BP_Avatar'.
Make sure 'BP_Avatar' has been compiled for  Get Hand State as Execution 
[2016.03.17-09.58.45:741][376]LogBlueprint:Warning: [compiler BP_Avatar] Warning Could not find a variable named "KinectInterface" in 'BP_Avatar_C'.
Make sure 'BP_Avatar_C' has been compiled for  Get KinectInterface 
[2016.03.17-09.58.45:741][376]LogBlueprint:Error: [compiler BP_Avatar] Error Could not find a function named "GetCenteredBody" in 'BP_Avatar'.
Make sure 'BP_Avatar' has been compiled for  Get Centered Body 
[2016.03.17-09.58.45:742][376]LogBlueprint:Error: [compiler BP_Avatar] Error The property associated with  Kinect Interface  could not be found
[2016.03.17-09.58.45:742][376]LogBlueprint:Error: [compiler BP_Avatar] Error The property associated with  Kinect Interface  could not be found
[2016.03.17-09.58.45:742][376]LogBlueprint:Error: [compiler BP_Avatar] Error The current value (AnkleRight) of the ' Start Joint ' pin is invalid: Expected a valid unsigned number for a byte property
[2016.03.17-09.58.45:743][376]LogBlueprint:Error: [compiler BP_Avatar] Error The current value (AnkleLeft) of the ' End Joint ' pin is invalid: Expected a valid unsigned number for a byte property
[2016.03.17-09.58.45:743][376]LogBlueprint:Error: [compiler BP_Avatar] Error The property associated with  Kinect Interface  could not be found
[2016.03.17-09.58.45:743][376]LogBlueprint:Error: [compiler BP_Avatar] Error The current value (Head) of the ' Start Joint ' pin is invalid: Expected a valid unsigned number for a byte property
[2016.03.17-09.58.45:743][376]LogBlueprint:Error: [compiler BP_Avatar] Error The current value (AnkleRight) of the ' End Joint ' pin is invalid: Expected a valid unsigned number for a byte property
[2016.03.17-09.58.45:744][376]LogBlueprint:Error: [compiler BP_Avatar] Error The property associated with  Kinect Interface  could not be found
[2016.03.17-09.58.45:744][376]LogBlueprint:Error: [compiler BP_Avatar] Error The current value (Right) of the ' Hand ' pin is invalid: Expected a valid unsigned number for a byte property
[2016.03.17-09.58.45:751][376]LogBlueprint:Warning: [compiler BP_Avatar] Warning [0011.09] Compile of BP_Avatar failed. 16 Fatal Issue(s) 7 Warning(s) [in 18 ms]
[2016.03.17-09.58.45:751][376]LogBlueprint:Warning: [compiler BP_Avatar] Warning [0011.09] Compile of BP_Avatar failed. 16 Fatal Issue(s) 8 Warning(s) [in 0 ms]
[2016.03.17-09.58.45:751][376]LogBlueprint:Warning: [compiler BP_Avatar] Warning [0011.09] Compile of BP_Avatar failed. 16 Fatal Issue(s) 9 Warning(s) [in 0 ms]
[2016.03.17-09.58.45:818][376]LogLinker:Warning: Asset '../../../Engine/Content/ArtTools/RenderToTexture/Macros/RenderToTextureMacros.uasset' has been saved with empty engine version. The asset will be loaded but may be incompatible.
[2016.03.17-09.58.46:299][376]LogContentBrowser: Native class hierarchy updated for 'BlueprintGraph' in 0.0014 seconds. Added 107 classes and 0 folders.
[2016.03.17-09.59.00:239][754]LogBlueprintUserMessages: Early PlayInEditor Detection: Level '/Game/MyFirstLevel.MyFirstLevel:PersistentLevel' has LevelScriptBlueprint '/Game/MyFirstLevel.MyFirstLevel:PersistentLevel.MyFirstLevel' with GeneratedClass '/Game/MyFirstLevel.MyFirstLevel_C' with ClassGeneratedBy '/Game/MyFirstLevel.MyFirstLevel:PersistentLevel.MyFirstLevel'
[2016.03.17-09.59.00:239][754]LogPlayLevel: PlayLevel: No blueprints needed recompiling
[2016.03.17-09.59.20:300][829]LogActorComponent: UnregisterComponent: (/Engine/Transient.CharMoveComp) Not registered. Aborting.
[2016.03.17-09.59.20:300][829]LogActorComponent: UnregisterComponent: (/Engine/Transient.CharacterMovementComponent_0) Not registered. Aborting.
[2016.03.17-09.59.20:327][829]LogParticles: Destroying 0 GPU particle simulations for FXSystem 0x0000000406E61440
[2016.03.17-09.59.20:508][829]LogWindowsTextInputMethodSystem:Display: IME system now deactivated.
[2016.03.17-09.59.20:757][830]Cmd: QUIT_EDITOR
[2016.03.17-09.59.20:989][830]LogExit: Preparing to exit.
[2016.03.17-09.59.22:028][830]LogExit: Editor shut down
[2016.03.17-09.59.22:028][830]LogExit: Transaction tracking system shut down
[2016.03.17-09.59.22:029][830]LogParticles: Destroying 0 GPU particle simulations for FXSystem 0x000000040E937880
[2016.03.17-09.59.22:030][830]LogParticles: Destroying 0 GPU particle simulations for FXSystem 0x0000000406A09620
[2016.03.17-09.59.22:036][830]LogParticles: Destroying 0 GPU particle simulations for FXSystem 0x000000040E3B8FE0
[2016.03.17-09.59.22:036][830]LogParticles: Destroying 0 GPU particle simulations for FXSystem 0x000000040D210720
[2016.03.17-09.59.22:036][830]LogParticles: Destroying 0 GPU particle simulations for FXSystem 0x000000040D211E40
[2016.03.17-09.59.22:044][830]LogParticles: Destroying 0 GPU particle simulations for FXSystem 0x000000040EE1A8E0
[2016.03.17-09.59.22:059][830]LeapPluginLog: LeapController::CleanupEventData Delete Called
[2016.03.17-09.59.22:207][830]LogExit: Object subsystem successfully closed.
[2016.03.17-09.59.22:216][830]LogD3D11RHI: Shutdown
[2016.03.17-09.59.22:216][830]LogD3D11RHI: CleanupD3DDevice
[2016.03.17-09.59.22:264][830]LogD3D11RHI: ~FD3D11DynamicRHI
[2016.03.17-09.59.22:378][830]LogCrashTracker: 


[2016.03.17-09.59.22:378][830]LogCrashTracker: 


[2016.03.17-09.59.22:378][830]LogWindows: === Critical error: ===
Fatal error!



