[2016.01.29-09.44.56:007][  0]Log file open, 01/29/16 10:44:56
[2016.01.29-09.44.56:007][  0]LogInit:Display: Running engine for game: TheBeginning
[2016.01.29-09.44.56:007][  0]LogInit:Display: RandInit(-1903515616) SRandInit(-1903515616).
[2016.01.29-09.44.56:007][  0]LogTaskGraph: Started task graph with 4 named threads and 7 total threads.
[2016.01.29-09.44.56:007][  0]LogStats: Stats thread started at 0.068914
[2016.01.29-09.44.56:007][  0]LogInit: Version: 4.9.2-2707645+++depot+UE4-Releases+4.9
[2016.01.29-09.44.56:007][  0]LogInit: API Version: 2672455
[2016.01.29-09.44.56:007][  0]LogInit: Compiled (64-bit): Sep 28 2015 10:25:44
[2016.01.29-09.44.56:007][  0]LogInit: Compiled with Visual C++: 18.00.21005.01
[2016.01.29-09.44.56:007][  0]LogInit: Build Configuration: Development
[2016.01.29-09.44.56:007][  0]LogInit: Branch Name: ++depot+UE4-Releases+4.9
[2016.01.29-09.44.56:007][  0]LogInit: Command line:  
[2016.01.29-09.44.56:007][  0]LogInit: Base directory: D:/Programme/Epic Games/4.9/Engine/Binaries/Win64/
[2016.01.29-09.44.56:007][  0]LogInit: Rocket: 1
[2016.01.29-09.44.56:012][  0]LogInit: Using libcurl 7.41.0
[2016.01.29-09.44.56:012][  0]LogInit:  - built for x86_64-pc-win32
[2016.01.29-09.44.56:012][  0]LogInit:  - supports SSL with WinSSL
[2016.01.29-09.44.56:012][  0]LogInit:  - other features:
[2016.01.29-09.44.56:012][  0]LogInit:      CURL_VERSION_SSL
[2016.01.29-09.44.56:012][  0]LogInit:      CURL_VERSION_IPV6
[2016.01.29-09.44.56:012][  0]LogInit:      CURL_VERSION_ASYNCHDNS
[2016.01.29-09.44.56:012][  0]LogInit:      CURL_VERSION_LARGEFILE
[2016.01.29-09.44.56:012][  0]LogInit:      CURL_VERSION_IDN
[2016.01.29-09.44.56:012][  0]LogInit:  CurlRequestOptions (configurable via config and command line):
[2016.01.29-09.44.56:012][  0]LogInit:  - bVerifyPeer = true  - Libcurl will verify peer certificate
[2016.01.29-09.44.56:012][  0]LogInit:  - bUseHttpProxy = false  - Libcurl will NOT use HTTP proxy
[2016.01.29-09.44.56:012][  0]LogInit:  - bDontReuseConnections = false  - Libcurl will reuse connections
[2016.01.29-09.44.56:012][  0]LogInit:  - CertBundlePath = nullptr  - Libcurl will use whatever was configured at build time.
[2016.01.29-09.44.56:016][  0]LogInit: Presizing for 0 objects not considered by GC, pre-allocating 0 bytes.
[2016.01.29-09.44.56:021][  0]LogInit: Object subsystem initialized
[2016.01.29-09.44.56:022][  0]LogInit: Selected Device Profile: [Windows]
[2016.01.29-09.44.56:022][  0]LogInit: Applying CVar settings loaded from the selected device profile: [Windows]
[2016.01.29-09.44.56:029][  0]LogInit: Computer: PC1021500895
[2016.01.29-09.44.56:029][  0]LogInit: User: VR
[2016.01.29-09.44.56:029][  0]LogInit: CPU Page size=4096, Cores=4
[2016.01.29-09.44.56:029][  0]LogInit: High frequency timer resolution =3.507505 MHz
[2016.01.29-09.44.56:029][  0]LogMemory: Memory total: Physical=15.9GB (16GB approx)
[2016.01.29-09.44.56:029][  0]LogMemory: Platform Memory Stats for Windows
[2016.01.29-09.44.56:029][  0]LogMemory: Process Physical Memory: 52.62 MB used, 52.62 MB peak
[2016.01.29-09.44.56:029][  0]LogMemory: Process Virtual Memory: 56.09 MB used, 56.09 MB peak
[2016.01.29-09.44.56:029][  0]LogMemory: Physical Memory: 8167.44 MB used, 16261.17 MB total
[2016.01.29-09.44.56:029][  0]LogMemory: Virtual Memory: 350.48 MB used, 134217728.00 MB total
[2016.01.29-09.44.56:055][  0]LogTextLocalizationManager: No translations for ('de-DE') exist, falling back to 'en' for localization and internationalization data.
[2016.01.29-09.44.56:561][  0]LogD3D11RHI: Found D3D11 adapter 0: NVIDIA GeForce GTX 970 (Feature Level 11_0)
[2016.01.29-09.44.56:561][  0]LogD3D11RHI: Adapter has 3976MB of dedicated video memory, 0MB of dedicated system memory, and 8130MB of shared system memory, 1 output[s]
[2016.01.29-09.44.56:562][  0]LogD3D11RHI: Found D3D11 adapter 1: Microsoft Basic Render Driver (Feature Level 11_0)
[2016.01.29-09.44.56:562][  0]LogD3D11RHI: Adapter has 0MB of dedicated video memory, 0MB of dedicated system memory, and 256MB of shared system memory, 0 output[s]
[2016.01.29-09.44.56:562][  0]LogD3D11RHI: Chosen D3D11 Adapter Id = 0
[2016.01.29-09.44.56:565][  0]LogD3D11RHI: !Direct3DDevice
[2016.01.29-09.44.56:565][  0]LogRHI: Texture pool is 1361 MB (70% of 1945 MB)
[2016.01.29-09.44.56:573][  0]LogD3D11RHI: Async texture creation enabled
[2016.01.29-09.44.56:588][  0]LogShaderCompilers: Guid format shader working directory is 15 characters bigger than the processId version (../../../../../../UnrealProjects/GE_Project/Intermediate/Shaders/WorkingDirectory/8156/).
[2016.01.29-09.44.56:588][  0]LogShaderCompilers: Cleaned the shader compiler working directory '../../../../../../UnrealProjects/GE_Project/Intermediate/Shaders/tmp/6DAC62114B2825A0EAF1B9981247D8DE/'.
[2016.01.29-09.44.56:588][  0]LogShaderCompilers:Display: Using Local Shader Compiler.
[2016.01.29-09.44.57:342][  0]LogTemp:Display: Loaded TP AllDesktopTargetPlatform
[2016.01.29-09.44.57:346][  0]LogTemp:Display: Loaded TP WindowsClientTargetPlatform
[2016.01.29-09.44.57:349][  0]LogTemp:Display: Loaded TP WindowsNoEditorTargetPlatform
[2016.01.29-09.44.57:352][  0]LogTemp:Display: Loaded TP WindowsServerTargetPlatform
[2016.01.29-09.44.57:355][  0]LogTemp:Display: Loaded TP WindowsTargetPlatform
[2016.01.29-09.44.57:358][  0]LogTemp:Display: Loaded TP AndroidTargetPlatform
[2016.01.29-09.44.57:360][  0]LogTemp:Display: Loaded TP Android_ASTCTargetPlatform
[2016.01.29-09.44.57:362][  0]LogTemp:Display: Loaded TP Android_ATCTargetPlatform
[2016.01.29-09.44.57:365][  0]LogTemp:Display: Loaded TP Android_DXTTargetPlatform
[2016.01.29-09.44.57:367][  0]LogTemp:Display: Loaded TP Android_ETC1TargetPlatform
[2016.01.29-09.44.57:370][  0]LogTemp:Display: Loaded TP Android_ETC2TargetPlatform
[2016.01.29-09.44.57:372][  0]LogTemp:Display: Loaded TP Android_PVRTCTargetPlatform
[2016.01.29-09.44.57:372][  0]LogTemp:Display: Loaded TP HTML5TargetPlatform
[2016.01.29-09.44.57:388][  0]LogTemp:Display: Loaded TP IOSTargetPlatform
[2016.01.29-09.44.57:390][  0]LogTemp:Display: Loaded TP LinuxNoEditorTargetPlatform
[2016.01.29-09.44.57:392][  0]LogTemp:Display: Loaded TP LinuxServerTargetPlatform
[2016.01.29-09.44.57:395][  0]LogTemp:Display: Loaded TP LinuxTargetPlatform
[2016.01.29-09.44.57:395][  0]LogTargetPlatformManager:Display: Building Assets For Windows
[2016.01.29-09.44.57:441][  0]LogDerivedDataCache:Display: Max Cache Size: 512 MB
[2016.01.29-09.44.57:477][  0]LogDerivedDataCache: Loaded boot cache 0.03s 41MB C:/Users/VR/AppData/Local/UnrealEngine/4.9/DerivedDataCache/Boot.ddc.
[2016.01.29-09.44.57:477][  0]LogDerivedDataCache:Display: Loaded Boot cache: C:/Users/VR/AppData/Local/UnrealEngine/4.9/DerivedDataCache/Boot.ddc
[2016.01.29-09.44.57:477][  0]LogDerivedDataCache: FDerivedDataBackendGraph:  Pak pak cache file ../../../../../../UnrealProjects/GE_Project/DerivedDataCache/DDC.ddp not found, will not use a pak cache.
[2016.01.29-09.44.57:477][  0]LogDerivedDataCache: Unable to find inner node Pak for hierarchical cache Hierarchy.
[2016.01.29-09.44.57:477][  0]LogDerivedDataCache: FDerivedDataBackendGraph:  CompressedPak pak cache file ../../../../../../UnrealProjects/GE_Project/DerivedDataCache/Compressed.ddp not found, will not use a pak cache.
[2016.01.29-09.44.57:477][  0]LogDerivedDataCache: Unable to find inner node CompressedPak for hierarchical cache Hierarchy.
[2016.01.29-09.44.57:587][  0]LogDerivedDataCache:Display: Pak cache opened for reading ../../../Engine/DerivedDataCache/Compressed.ddp.
[2016.01.29-09.44.57:599][  0]LogDerivedDataCache: Using Local data cache path C:/Users/VR/AppData/Local/UnrealEngine/Common/DerivedDataCache: Writable
[2016.01.29-09.44.57:723][  0]LogInit: Selected Device Profile: [Windows]
[2016.01.29-09.44.57:724][  0]LogContentStreaming: Texture pool size is 0.000000MB
[2016.01.29-09.44.57:811][  0]LogMeshUtilities: No automatic mesh reduction module available
[2016.01.29-09.44.57:811][  0]LogMeshUtilities: No automatic mesh merging module available
[2016.01.29-09.44.57:981][  0]LogInit: WinSock: version 1.1 (2.2), MaxSocks=32767, MaxUdp=65467
[2016.01.29-09.44.58:480][  0]UdpMessaging: Initializing bridge on interface 0.0.0.0:0 to multicast group 230.0.0.1:6666.
[2016.01.29-09.44.58:595][  0]LogAssetRegistry: FAssetRegistry took 0.0111 seconds to start up
[2016.01.29-09.44.58:712][  0]SourceControl: Info Source control is disabled
[2016.01.29-09.44.58:718][  0]SourceControl: Info Source control is disabled
[2016.01.29-09.44.58:724][  0]SourceControl: Info Source control is disabled
[2016.01.29-09.44.58:730][  0]SourceControl: Info Source control is disabled
[2016.01.29-09.44.58:815][  0]LogLinker:Warning: Asset '../../../Engine/Plugins/Runtime/LeapMotionController/Content/LM_PassthroughMaterial.uasset' has been saved with empty engine version. The asset will be loaded but may be incompatible.
[2016.01.29-09.44.58:863][  0]LeapPluginLog: Using LeapPlugin version 0.9.6
[2016.01.29-09.44.58:868][  0]LogObj: 29249 objects as part of root set at end of initial load.
[2016.01.29-09.44.58:868][  0]LogUObjectAllocator: 6234272 out of 0 bytes used by permanent object pool.
[2016.01.29-09.44.58:921][  0]LogEngine: Initializing Engine...
[2016.01.29-09.44.58:923][  0]LogHMD: Can't find Oculus library dev build: is proper Runtime installed? Version: 0.7.0.0
[2016.01.29-09.44.59:085][  0]LogHMD: SteamVR failed to initialize.  Err: 1000
[2016.01.29-09.44.59:180][  0]LogAIModule: Creating AISystem for world NewWorld
[2016.01.29-09.44.59:183][  0]LogInit: XAudio2 using 'HP E221c-8 (NVIDIA High Definition Audio)' : 2 channels at 48 kHz using 16 bits per sample (channel mask 0x3)
[2016.01.29-09.44.59:186][  0]LogInit: FAudioDevice initialized.
[2016.01.29-09.44.59:204][  0]LogDerivedDataCache: Saved boot cache 0.02s 41MB C:/Users/VR/AppData/Local/UnrealEngine/4.9/DerivedDataCache/Boot.ddc.
[2016.01.29-09.44.59:208][  0]LogInit: Texture streaming: Enabled
[2016.01.29-09.44.59:211][  0]LogAnalytics: Creating configured Analytics provider AnalyticsET
[2016.01.29-09.44.59:211][  0]LogAnalytics: [UEEditor.Rocket.Release] APIServer = http://et2.epicgames.com/ET2/. AppVersion = 4.9.2-2707645+++depot+UE4-Releases+4.9
[2016.01.29-09.44.59:211][  0]LogAnalytics: [UEEditor.Rocket.Release] SetUserId 8c1436b7469470d4e6ebefb46ce7086e|15a5252fe37a4825a673547b0b937ab6|c39e7128-8a93-45bc-b94e-b28d0faf1958
[2016.01.29-09.44.59:211][  0]LogAnalytics: [UEEditor.Rocket.Release] AnalyticsET::StartSession
[2016.01.29-09.44.59:221][  0]LogWindowsTextInputMethodSystem:Display: IME system now deactivated.
[2016.01.29-09.44.59:233][  0]LogInit: Transaction tracking system initialized
[2016.01.29-09.44.59:250][  0]BlueprintLog: New page: Editor Load
[2016.01.29-09.44.59:303][  0]LocalizationService: Info Localization service is disabled
[2016.01.29-09.44.59:347][  0]LogLinker:Warning: Can't find file '/Game/FirstPersonBP/FirstPersonOverview'
[2016.01.29-09.44.59:347][  0]LogLinker:Warning: Can't find file '/Game/FirstPersonBP/FirstPersonOverview'
[2016.01.29-09.44.59:347][  0]LogUObjectGlobals:Warning: Failed to find object 'Class /Game/FirstPersonBP/FirstPersonOverview.FirstPersonOverview_C'
[2016.01.29-09.44.59:356][  0]LogConsoleResponse:Display: 
[2016.01.29-09.44.59:447][  0]LogCook:Display: Done creating registry. It took  0.00s.
[2016.01.29-09.44.59:478][  0]LogFileCache: Scanning file cache for directory 'D:/UnrealProjects/GE_Project/Content/' took 0.01s
[2016.01.29-09.44.59:478][  0]SourceControl: Info Source control is disabled
[2016.01.29-09.44.59:478][  0]Cmd: MAP LOAD FILE="../../../../../../UnrealProjects/GE_Project/Content/StarterContent/Maps/Minimal_Default.umap" TEMPLATE=0 SHOWPROGRESS=1 FEATURELEVEL=3
[2016.01.29-09.44.59:479][  0]LightingResults: New page: Lighting Build
[2016.01.29-09.44.59:480][  0]MapCheck: New page: Map Check
[2016.01.29-09.44.59:480][  0]LightingResults: New page: Lighting Build
[2016.01.29-09.44.59:489][  0]LogParticles: Destroying 0 GPU particle simulations for FXSystem 0x000000B41D59FCE0
[2016.01.29-09.44.59:812][  0]LogAIModule: Creating AISystem for world Minimal_Default
[2016.01.29-09.44.59:818][  0]LogEditorServer: Finished looking for orphan Actors (0.000 secs)
[2016.01.29-09.44.59:819][  0]Cmd: MAP CHECKDEP NOCLEARLOG
[2016.01.29-09.44.59:851][  0]MapCheck: Info Map check complete: 0 Error(s), 0 Warning(s), took 31.959ms to complete.
[2016.01.29-09.44.59:851][  0]LogFileHelpers: Loading map 'Minimal_Default' took 0.373
[2016.01.29-09.44.59:930][  0]LogCollectionManager: Loaded 0 collections in 0.000913 seconds
[2016.01.29-09.44.59:971][  0]LogFileCache: Scanning file cache for directory 'D:/UnrealProjects/GE_Project/Saved/Collections/' took 0.01s
[2016.01.29-09.44.59:971][  0]LogFileCache: Scanning file cache for directory 'D:/UnrealProjects/GE_Project/Content/Developers/VR/Collections/' took 0.01s
[2016.01.29-09.44.59:971][  0]LogFileCache: Scanning file cache for directory 'D:/UnrealProjects/GE_Project/Content/Collections/' took 0.01s
[2016.01.29-09.44.59:971][  0]LogContentBrowser: Native class hierarchy populated in 0.0065 seconds. Added 1918 classes and 347 folders.
[2016.01.29-09.44.59:975][  0]LogCollectionManager: Rebuilt the GUID cache for 0 collections in 0.000003 seconds
[2016.01.29-09.44.59:980][  0]LogContentBrowser: Native class hierarchy updated for 'WidgetCarousel' in 0.0012 seconds. Added 0 classes and 0 folders.
[2016.01.29-09.45.00:013][  0]LogContentBrowser: Native class hierarchy updated for 'AddContentDialog' in 0.0008 seconds. Added 0 classes and 0 folders.
[2016.01.29-09.45.00:016][  0]LogContentBrowser: Native class hierarchy updated for 'SceneOutliner' in 0.0008 seconds. Added 1 classes and 2 folders.
[2016.01.29-09.45.00:058][  0]LogCrashTracker: Crashtracker disabled due to settings.
[2016.01.29-09.45.00:069][  0]LogUObjectGlobals:Warning: Failed to find object 'Class None.'
[2016.01.29-09.45.00:091][  0]LogLoad: Full Startup: 4.66 seconds (BP compile: 0.04 seconds)
[2016.01.29-09.45.00:143][  0]LogContentStreaming: Texture pool size now 1000 MB
[2016.01.29-09.45.00:247][  0]LogRenderer: Reallocating scene render targets to support 1216x576 (Frame:2).
[2016.01.29-09.45.01:114][  3]LogAssetRegistry: Asset discovery search completed in 2.5298 seconds
[2016.01.29-09.45.01:114][  3]LogCollectionManager: Rebuilt the object cache for 0 collections in 0.000001 seconds (found 0 objects)
[2016.01.29-09.45.01:114][  3]LogCollectionManager: Fixed up redirectors for 0 collections in 0.000017 seconds (updated 0 objects)
[2016.01.29-09.45.08:905][302]LogBlueprint:Warning: [compiler Ue4ASP_Character] Warning Input Axis Event references unknown Axis 'LookUp' for  InputAxis LookUp 
[2016.01.29-09.45.08:905][302]LogBlueprint:Warning: [compiler Ue4ASP_Character] Warning Input Axis Event references unknown Axis 'Turn' for  InputAxis Turn 
[2016.01.29-09.45.08:905][302]LogBlueprint:Warning: [compiler Ue4ASP_Character] Warning Input Axis Event references unknown Axis 'MoveRight' for  InputAxis MoveRight 
[2016.01.29-09.45.08:905][302]LogBlueprint:Warning: [compiler Ue4ASP_Character] Warning Input Axis Event references unknown Axis 'MoveForward' for  InputAxis MoveForward 
[2016.01.29-09.45.08:908][302]LogBlueprint:Warning: [compiler Ue4ASP_Character] Warning [0013.48] Compile of Ue4ASP_Character successful, but with 4 Warning(s) [in 5 ms]
[2016.01.29-09.45.08:908][302]LogBlueprint:Warning: [compiler Ue4ASP_Character] Warning [0013.48] Compile of Ue4ASP_Character successful, but with 5 Warning(s) [in 0 ms]
[2016.01.29-09.45.08:908][302]LogBlueprint:Warning: [compiler Ue4ASP_Character] Warning [0013.48] Compile of Ue4ASP_Character successful, but with 6 Warning(s) [in 0 ms]
[2016.01.29-09.45.08:957][302]LogBlueprint:Warning: [compiler Ue4ASP_Character] Warning Input Axis Event references unknown Axis 'LookUp' for  InputAxis LookUp 
[2016.01.29-09.45.08:957][302]LogBlueprint:Warning: [compiler Ue4ASP_Character] Warning Input Axis Event references unknown Axis 'Turn' for  InputAxis Turn 
[2016.01.29-09.45.08:957][302]LogBlueprint:Warning: [compiler Ue4ASP_Character] Warning Input Axis Event references unknown Axis 'MoveRight' for  InputAxis MoveRight 
[2016.01.29-09.45.08:957][302]LogBlueprint:Warning: [compiler Ue4ASP_Character] Warning Input Axis Event references unknown Axis 'MoveForward' for  InputAxis MoveForward 
[2016.01.29-09.45.08:959][302]LogBlueprint:Warning: [compiler Ue4ASP_Character] Warning [0013.53] Compile of Ue4ASP_Character successful, but with 4 Warning(s) [in 5 ms]
[2016.01.29-09.45.08:959][302]LogBlueprint:Warning: [compiler Ue4ASP_Character] Warning [0013.53] Compile of Ue4ASP_Character successful, but with 5 Warning(s) [in 0 ms]
[2016.01.29-09.45.08:960][302]LogBlueprint:Warning: [compiler Ue4ASP_Character] Warning [0013.53] Compile of Ue4ASP_Character successful, but with 6 Warning(s) [in 0 ms]
[2016.01.29-09.45.09:131][302]LogAIModule: Creating AISystem for world MyFirstLevel
[2016.01.29-09.45.09:164][302]Cmd: MAP LOAD FILE="../../../../../../UnrealProjects/GE_Project/Content/MyFirstLevel.umap" TEMPLATE=0 SHOWPROGRESS=1 FEATURELEVEL=3
[2016.01.29-09.45.09:164][302]LightingResults: New page: Lighting Build
[2016.01.29-09.45.09:179][302]LoadErrors: New page: Loading map: MyFirstLevel.umap
[2016.01.29-09.45.09:179][302]MapCheck: New page: Map Check
[2016.01.29-09.45.09:179][302]LightingResults: New page: Lighting Build
[2016.01.29-09.45.09:188][302]LogParticles: Destroying 0 GPU particle simulations for FXSystem 0x000000B4077C31A0
[2016.01.29-09.45.09:241][302]LogEditorServer: Finished looking for orphan Actors (0.000 secs)
[2016.01.29-09.45.09:274][302]Cmd: MAP CHECKDEP NOCLEARLOG
[2016.01.29-09.45.09:312][302]MapCheck: Info Map check complete: 0 Error(s), 0 Warning(s), took 38.737ms to complete.
[2016.01.29-09.45.09:312][302]LogFileHelpers: Loading map 'MyFirstLevel' took 0.149
[2016.01.29-09.45.09:347][303]Cmd: UpdateLandscapeEditorData -warnings
[2016.01.29-09.45.09:348][303]Cmd: UpdateLandscapeEditorData
[2016.01.29-09.45.12:714][684]LogLinker:Warning: Asset '../../../Engine/Content/ArtTools/RenderToTexture/Macros/RenderToTextureMacros.uasset' has been saved with empty engine version. The asset will be loaded but may be incompatible.
[2016.01.29-09.45.13:120][684]LogContentBrowser: Native class hierarchy updated for 'BlueprintGraph' in 0.0011 seconds. Added 107 classes and 0 folders.
[2016.01.29-09.45.21:866][532]LogActorComponent: UnregisterComponent: (/Engine/Transient.CharMoveComp) Not registered. Aborting.
[2016.01.29-09.45.21:866][532]LogActorComponent: UnregisterComponent: (/Engine/Transient.CharacterMovementComponent_0) Not registered. Aborting.
[2016.01.29-09.45.37:841][412]LogSpawn:Warning: SpawnActor failed because we are running a ConstructionScript (KinectAccessLayer)
[2016.01.29-09.45.37:841][412]LogActorComponent: UnregisterComponent: (/Engine/Transient.CharacterMovementComponent_1) Not registered. Aborting.
[2016.01.29-09.46.35:323][ 23]LogActorComponent: UnregisterComponent: (/Engine/Transient.CharacterMovementComponent_2) Not registered. Aborting.
[2016.01.29-09.46.35:323][ 23]LogActorComponent: UnregisterComponent: (/Engine/Transient.KinectInterface_GEN_VARIABLE) Not registered. Aborting.
[2016.01.29-09.46.35:375][ 23]Cmd: OBJ SAVEPACKAGE PACKAGE="/Game/BP_Avatar" FILE="../../../../../../UnrealProjects/GE_Project/Content/BP_Avatar.uasset" SILENT=true
[2016.01.29-09.46.35:408][ 23]LogSavePackage: Save=27.970594ms
[2016.01.29-09.46.35:408][ 23]LogSavePackage: Moving '../../../../../../UnrealProjects/GE_Project/Saved/BP_Avatar66AECFF34F20198F8BEA1E8249E368FD.tmp' to '../../../../../../UnrealProjects/GE_Project/Content/BP_Avatar.uasset'
[2016.01.29-09.46.35:409][ 23]LogSavePackage: Total save time: 33.517841ms
[2016.01.29-09.46.35:409][ 23]LogSavePackage:Warning: Finished SavePackage ../../../../../../UnrealProjects/GE_Project/Content/BP_Avatar.uasset
[2016.01.29-09.46.36:259][120]BlueprintLog: New page: Compile BP_Avatar
[2016.01.29-09.46.36:300][120]LogActorComponent: UnregisterComponent: (/Engine/Transient.CharMoveComp) Not registered. Aborting.
[2016.01.29-09.46.36:300][120]LogActorComponent: UnregisterComponent: (/Engine/Transient.KinectInterface_GEN_VARIABLE) Not registered. Aborting.
[2016.01.29-09.46.36:325][120]BlueprintEditorCompileResults: Info [0100.90] Compile of BP_Avatar successful! [in 65 ms]
[2016.01.29-09.46.37:257][223]Cmd: OBJ SAVEPACKAGE PACKAGE="/Game/BP_Avatar" FILE="../../../../../../UnrealProjects/GE_Project/Content/BP_Avatar.uasset" SILENT=true
[2016.01.29-09.46.37:290][223]LogSavePackage: Save=28.387415ms
[2016.01.29-09.46.37:290][223]LogSavePackage: Moving '../../../../../../UnrealProjects/GE_Project/Saved/BP_Avatar7A0399E2477E0E8D5C176BB726D8CA50.tmp' to '../../../../../../UnrealProjects/GE_Project/Content/BP_Avatar.uasset'
[2016.01.29-09.46.37:290][223]LogSavePackage: Total save time: 32.567024ms
[2016.01.29-09.46.37:290][223]LogSavePackage:Warning: Finished SavePackage ../../../../../../UnrealProjects/GE_Project/Content/BP_Avatar.uasset
[2016.01.29-09.46.40:763][626]LogPlayLevel: PlayLevel: No blueprints needed recompiling
[2016.01.29-09.46.40:763][626]PIE: New page: PIE session: MyFirstLevel (Jan 29, 2016, 11:46:40 AM)
[2016.01.29-09.46.40:763][626]LogPlayLevel: Creating play world package: /Game/UEDPIE_0_MyFirstLevel
[2016.01.29-09.46.40:771][626]LogPlayLevel: PIE: StaticDuplicateObject took: (0.007791s)
[2016.01.29-09.46.40:771][626]LogAIModule: Creating AISystem for world MyFirstLevel
[2016.01.29-09.46.40:771][626]LogPlayLevel: PIE: World Init took: (0.000436s)
[2016.01.29-09.46.40:771][626]LogPlayLevel: PIE: Created PIE world by copying editor world from /Game/MyFirstLevel.MyFirstLevel to /Game/UEDPIE_0_MyFirstLevel.MyFirstLevel (0.008385s)
[2016.01.29-09.46.40:771][626]LogActorComponent: UnregisterComponent: (/Engine/Transient.CharMoveComp) Not registered. Aborting.
[2016.01.29-09.46.40:771][626]LogActorComponent: UnregisterComponent: (/Engine/Transient.KinectInterface_GEN_VARIABLE) Not registered. Aborting.
[2016.01.29-09.46.40:792][626]LogInit: XAudio2 using 'HP E221c-8 (NVIDIA High Definition Audio)' : 2 channels at 48 kHz using 16 bits per sample (channel mask 0x3)
[2016.01.29-09.46.40:795][626]LogInit: FAudioDevice initialized.
[2016.01.29-09.46.40:877][626]LogWorld: Game class is 'BP_TheBeginningGameMode_C'
[2016.01.29-09.46.40:890][626]LogWorld: Bringing World /Game/UEDPIE_0_MyFirstLevel.MyFirstLevel up for play (max tick rate 0) at 2016.01.29-10.46.40
[2016.01.29-09.46.40:890][626]LogActor:Warning: GameSession /Game/UEDPIE_0_MyFirstLevel.MyFirstLevel:PersistentLevel.GameSession_0 has natively added scene component(s), but none of them were set as the actor's RootComponent - picking one arbitrarily
[2016.01.29-09.46.40:890][626]LogActor:Warning: GameNetworkManager /Game/UEDPIE_0_MyFirstLevel.MyFirstLevel:PersistentLevel.GameNetworkManager_0 has natively added scene component(s), but none of them were set as the actor's RootComponent - picking one arbitrarily
[2016.01.29-09.46.40:891][626]LogWorld: Bringing up level for play took: 0.012430
[2016.01.29-09.46.40:924][626]PIE: Info Play in editor start time for /Game/UEDPIE_0_MyFirstLevel -0.21
[2016.01.29-09.46.44:414][ 33]LogParticles: Destroying 0 GPU particle simulations for FXSystem 0x000000B45E15D300
[2016.01.29-09.46.52:563][865]LogUnrealMath: Expression Error : No value recognized
[2016.01.29-09.46.52:563][865]LogUnrealMath: Expression Error : Error in expression
[2016.01.29-09.46.58:445][510]BlueprintLog: New page: Compile BP_Avatar
[2016.01.29-09.46.58:483][510]LogActorComponent: UnregisterComponent: (/Engine/Transient.CharMoveComp) Not registered. Aborting.
[2016.01.29-09.46.58:483][510]LogActorComponent: UnregisterComponent: (/Engine/Transient.CharacterMovementComponent_3) Not registered. Aborting.
[2016.01.29-09.46.58:483][510]LogActorComponent: UnregisterComponent: (/Engine/Transient.KinectInterface_GEN_VARIABLE) Not registered. Aborting.
[2016.01.29-09.46.58:510][510]BlueprintEditorCompileResults: Info [0123.08] Compile of BP_Avatar successful! [in 65 ms]
[2016.01.29-09.46.58:890][546]Cmd: OBJ SAVEPACKAGE PACKAGE="/Game/BP_Avatar" FILE="../../../../../../UnrealProjects/GE_Project/Content/BP_Avatar.uasset" SILENT=true
[2016.01.29-09.46.58:926][546]LogSavePackage: Save=30.151917ms
[2016.01.29-09.46.58:926][546]LogSavePackage: Moving '../../../../../../UnrealProjects/GE_Project/Saved/BP_Avatar810A483C48EE62057526B7AA7DD116E2.tmp' to '../../../../../../UnrealProjects/GE_Project/Content/BP_Avatar.uasset'
[2016.01.29-09.46.58:927][546]LogSavePackage: Total save time: 35.830028ms
[2016.01.29-09.46.58:927][546]LogSavePackage:Warning: Finished SavePackage ../../../../../../UnrealProjects/GE_Project/Content/BP_Avatar.uasset
[2016.01.29-09.47.00:249][691]LogPlayLevel: PlayLevel: No blueprints needed recompiling
[2016.01.29-09.47.00:249][691]PIE: New page: PIE session: MyFirstLevel (Jan 29, 2016, 11:47:00 AM)
[2016.01.29-09.47.00:249][691]LogPlayLevel: Creating play world package: /Game/UEDPIE_0_MyFirstLevel
[2016.01.29-09.47.00:256][691]LogPlayLevel: PIE: StaticDuplicateObject took: (0.006649s)
[2016.01.29-09.47.00:256][691]LogAIModule: Creating AISystem for world MyFirstLevel
[2016.01.29-09.47.00:256][691]LogPlayLevel: PIE: World Init took: (0.000422s)
[2016.01.29-09.47.00:256][691]LogPlayLevel: PIE: Created PIE world by copying editor world from /Game/MyFirstLevel.MyFirstLevel to /Game/UEDPIE_0_MyFirstLevel.MyFirstLevel (0.007216s)
[2016.01.29-09.47.00:256][691]LogActorComponent: UnregisterComponent: (/Engine/Transient.CharMoveComp) Not registered. Aborting.
[2016.01.29-09.47.00:256][691]LogActorComponent: UnregisterComponent: (/Engine/Transient.KinectInterface_GEN_VARIABLE) Not registered. Aborting.
[2016.01.29-09.47.00:282][691]LogParticles: Destroying 0 GPU particle simulations for FXSystem 0x000000B459A03EC0
[2016.01.29-09.47.00:286][691]LogInit: XAudio2 using 'HP E221c-8 (NVIDIA High Definition Audio)' : 2 channels at 48 kHz using 16 bits per sample (channel mask 0x3)
[2016.01.29-09.47.00:288][691]LogInit: FAudioDevice initialized.
[2016.01.29-09.47.00:318][691]LogWorld: Game class is 'BP_TheBeginningGameMode_C'
[2016.01.29-09.47.00:330][691]LogWorld: Bringing World /Game/UEDPIE_0_MyFirstLevel.MyFirstLevel up for play (max tick rate 0) at 2016.01.29-10.47.00
[2016.01.29-09.47.00:330][691]LogActor:Warning: GameSession /Game/UEDPIE_0_MyFirstLevel.MyFirstLevel:PersistentLevel.GameSession_1 has natively added scene component(s), but none of them were set as the actor's RootComponent - picking one arbitrarily
[2016.01.29-09.47.00:330][691]LogActor:Warning: GameNetworkManager /Game/UEDPIE_0_MyFirstLevel.MyFirstLevel:PersistentLevel.GameNetworkManager_1 has natively added scene component(s), but none of them were set as the actor's RootComponent - picking one arbitrarily
[2016.01.29-09.47.00:331][691]LogWorld: Bringing up level for play took: 0.012316
[2016.01.29-09.47.00:348][691]PIE: Info Play in editor start time for /Game/UEDPIE_0_MyFirstLevel -0.786
[2016.01.29-09.47.06:753][451]LogParticles: Destroying 0 GPU particle simulations for FXSystem 0x000000B41D1A34C0
[2016.01.29-09.47.15:342][257]BlueprintLog: New page: Compile BP_Avatar
[2016.01.29-09.47.15:432][257]LogActorComponent: UnregisterComponent: (/Engine/Transient.CharMoveComp) Not registered. Aborting.
[2016.01.29-09.47.15:432][257]LogActorComponent: UnregisterComponent: (/Engine/Transient.CharacterMovementComponent_4) Not registered. Aborting.
[2016.01.29-09.47.15:432][257]LogActorComponent: UnregisterComponent: (/Engine/Transient.KinectInterface_GEN_VARIABLE) Not registered. Aborting.
[2016.01.29-09.47.15:461][257]BlueprintEditorCompileResults: Info [0140.03] Compile of BP_Avatar successful! [in 118 ms]
[2016.01.29-09.47.16:474][341]Cmd: OBJ SAVEPACKAGE PACKAGE="/Game/BP_Avatar" FILE="../../../../../../UnrealProjects/GE_Project/Content/BP_Avatar.uasset" SILENT=true
[2016.01.29-09.47.16:507][341]LogSavePackage: Save=29.331676ms
[2016.01.29-09.47.16:507][341]LogSavePackage: Moving '../../../../../../UnrealProjects/GE_Project/Saved/BP_Avatar5A9E2B164FF99229BB8B07BD435ED25F.tmp' to '../../../../../../UnrealProjects/GE_Project/Content/BP_Avatar.uasset'
[2016.01.29-09.47.16:508][341]LogSavePackage: Total save time: 34.084626ms
[2016.01.29-09.47.16:508][341]LogSavePackage:Warning: Finished SavePackage ../../../../../../UnrealProjects/GE_Project/Content/BP_Avatar.uasset
[2016.01.29-09.47.19:368][629]LogPlayLevel: PlayLevel: No blueprints needed recompiling
[2016.01.29-09.47.19:368][629]PIE: New page: PIE session: MyFirstLevel (Jan 29, 2016, 11:47:19 AM)
[2016.01.29-09.47.19:368][629]LogPlayLevel: Creating play world package: /Game/UEDPIE_0_MyFirstLevel
[2016.01.29-09.47.19:375][629]LogPlayLevel: PIE: StaticDuplicateObject took: (0.007230s)
[2016.01.29-09.47.19:375][629]LogAIModule: Creating AISystem for world MyFirstLevel
[2016.01.29-09.47.19:376][629]LogPlayLevel: PIE: World Init took: (0.000494s)
[2016.01.29-09.47.19:376][629]LogPlayLevel: PIE: Created PIE world by copying editor world from /Game/MyFirstLevel.MyFirstLevel to /Game/UEDPIE_0_MyFirstLevel.MyFirstLevel (0.007896s)
[2016.01.29-09.47.19:376][629]LogActorComponent: UnregisterComponent: (/Engine/Transient.CharMoveComp) Not registered. Aborting.
[2016.01.29-09.47.19:376][629]LogActorComponent: UnregisterComponent: (/Engine/Transient.KinectInterface_GEN_VARIABLE) Not registered. Aborting.
[2016.01.29-09.47.19:399][629]LogParticles: Destroying 0 GPU particle simulations for FXSystem 0x000000B4632C0540
[2016.01.29-09.47.19:404][629]LogInit: XAudio2 using 'HP E221c-8 (NVIDIA High Definition Audio)' : 2 channels at 48 kHz using 16 bits per sample (channel mask 0x3)
[2016.01.29-09.47.19:407][629]LogInit: FAudioDevice initialized.
[2016.01.29-09.47.19:442][629]LogWorld: Game class is 'BP_TheBeginningGameMode_C'
[2016.01.29-09.47.19:455][629]LogWorld: Bringing World /Game/UEDPIE_0_MyFirstLevel.MyFirstLevel up for play (max tick rate 0) at 2016.01.29-10.47.19
[2016.01.29-09.47.19:455][629]LogActor:Warning: GameSession /Game/UEDPIE_0_MyFirstLevel.MyFirstLevel:PersistentLevel.GameSession_2 has natively added scene component(s), but none of them were set as the actor's RootComponent - picking one arbitrarily
[2016.01.29-09.47.19:455][629]LogActor:Warning: GameNetworkManager /Game/UEDPIE_0_MyFirstLevel.MyFirstLevel:PersistentLevel.GameNetworkManager_2 has natively added scene component(s), but none of them were set as the actor's RootComponent - picking one arbitrarily
[2016.01.29-09.47.19:456][629]LogWorld: Bringing up level for play took: 0.012676
[2016.01.29-09.47.19:468][629]PIE: Info Play in editor start time for /Game/UEDPIE_0_MyFirstLevel 0.334
[2016.01.29-09.47.36:281][638]LogParticles: Destroying 0 GPU particle simulations for FXSystem 0x000000B462EE3E20
[2016.01.29-09.47.39:036][963]LogPlayLevel: PlayLevel: No blueprints needed recompiling
[2016.01.29-09.47.39:036][963]PIE: New page: PIE session: MyFirstLevel (Jan 29, 2016, 11:47:39 AM)
[2016.01.29-09.47.39:037][963]LogPlayLevel: Creating play world package: /Game/UEDPIE_0_MyFirstLevel
[2016.01.29-09.47.39:043][963]LogPlayLevel: PIE: StaticDuplicateObject took: (0.006602s)
[2016.01.29-09.47.39:044][963]LogAIModule: Creating AISystem for world MyFirstLevel
[2016.01.29-09.47.39:044][963]LogPlayLevel: PIE: World Init took: (0.000510s)
[2016.01.29-09.47.39:044][963]LogPlayLevel: PIE: Created PIE world by copying editor world from /Game/MyFirstLevel.MyFirstLevel to /Game/UEDPIE_0_MyFirstLevel.MyFirstLevel (0.007281s)
[2016.01.29-09.47.39:065][963]LogInit: XAudio2 using 'HP E221c-8 (NVIDIA High Definition Audio)' : 2 channels at 48 kHz using 16 bits per sample (channel mask 0x3)
[2016.01.29-09.47.39:068][963]LogInit: FAudioDevice initialized.
[2016.01.29-09.47.39:103][963]LogWorld: Game class is 'BP_TheBeginningGameMode_C'
[2016.01.29-09.47.39:115][963]LogWorld: Bringing World /Game/UEDPIE_0_MyFirstLevel.MyFirstLevel up for play (max tick rate 0) at 2016.01.29-10.47.39
[2016.01.29-09.47.39:116][963]LogActor:Warning: GameSession /Game/UEDPIE_0_MyFirstLevel.MyFirstLevel:PersistentLevel.GameSession_3 has natively added scene component(s), but none of them were set as the actor's RootComponent - picking one arbitrarily
[2016.01.29-09.47.39:116][963]LogActor:Warning: GameNetworkManager /Game/UEDPIE_0_MyFirstLevel.MyFirstLevel:PersistentLevel.GameNetworkManager_3 has natively added scene component(s), but none of them were set as the actor's RootComponent - picking one arbitrarily
[2016.01.29-09.47.39:116][963]LogWorld: Bringing up level for play took: 0.012389
[2016.01.29-09.47.39:127][963]PIE: Info Play in editor start time for /Game/UEDPIE_0_MyFirstLevel -0.007
[2016.01.29-09.47.45:530][722]LogParticles: Destroying 0 GPU particle simulations for FXSystem 0x000000B462D43880
[2016.01.29-09.48.30:702][431]BlueprintLog: New page: Compile BP_Avatar
[2016.01.29-09.48.30:742][431]LogActorComponent: UnregisterComponent: (/Engine/Transient.CharMoveComp) Not registered. Aborting.
[2016.01.29-09.48.30:742][431]LogActorComponent: UnregisterComponent: (/Engine/Transient.CharacterMovementComponent_5) Not registered. Aborting.
[2016.01.29-09.48.30:742][431]LogActorComponent: UnregisterComponent: (/Engine/Transient.KinectInterface_GEN_VARIABLE) Not registered. Aborting.
[2016.01.29-09.48.30:772][431]BlueprintEditorCompileResults: Info [0215.35] Compile of BP_Avatar successful! [in 69 ms]
[2016.01.29-09.48.31:275][481]Cmd: OBJ SAVEPACKAGE PACKAGE="/Game/BP_Avatar" FILE="../../../../../../UnrealProjects/GE_Project/Content/BP_Avatar.uasset" SILENT=true
[2016.01.29-09.48.31:310][481]LogSavePackage: Save=30.562466ms
[2016.01.29-09.48.31:310][481]LogSavePackage: Moving '../../../../../../UnrealProjects/GE_Project/Saved/BP_Avatar9E3029EE4325478B09AC5291EB421148.tmp' to '../../../../../../UnrealProjects/GE_Project/Content/BP_Avatar.uasset'
[2016.01.29-09.48.31:311][481]LogSavePackage: Total save time: 35.280634ms
[2016.01.29-09.48.31:311][481]LogSavePackage:Warning: Finished SavePackage ../../../../../../UnrealProjects/GE_Project/Content/BP_Avatar.uasset
[2016.01.29-09.48.33:309][706]LogPlayLevel: PlayLevel: No blueprints needed recompiling
[2016.01.29-09.48.33:310][706]PIE: New page: PIE session: MyFirstLevel (Jan 29, 2016, 11:48:33 AM)
[2016.01.29-09.48.33:310][706]LogPlayLevel: Creating play world package: /Game/UEDPIE_0_MyFirstLevel
[2016.01.29-09.48.33:317][706]LogPlayLevel: PIE: StaticDuplicateObject took: (0.007366s)
[2016.01.29-09.48.33:317][706]LogAIModule: Creating AISystem for world MyFirstLevel
[2016.01.29-09.48.33:318][706]LogPlayLevel: PIE: World Init took: (0.000518s)
[2016.01.29-09.48.33:318][706]LogPlayLevel: PIE: Created PIE world by copying editor world from /Game/MyFirstLevel.MyFirstLevel to /Game/UEDPIE_0_MyFirstLevel.MyFirstLevel (0.008055s)
[2016.01.29-09.48.33:318][706]LogActorComponent: UnregisterComponent: (/Engine/Transient.CharMoveComp) Not registered. Aborting.
[2016.01.29-09.48.33:318][706]LogActorComponent: UnregisterComponent: (/Engine/Transient.KinectInterface_GEN_VARIABLE) Not registered. Aborting.
[2016.01.29-09.48.33:344][706]LogParticles: Destroying 0 GPU particle simulations for FXSystem 0x000000B4679577E0
[2016.01.29-09.48.33:348][706]LogInit: XAudio2 using 'HP E221c-8 (NVIDIA High Definition Audio)' : 2 channels at 48 kHz using 16 bits per sample (channel mask 0x3)
[2016.01.29-09.48.33:351][706]LogInit: FAudioDevice initialized.
[2016.01.29-09.48.33:387][706]LogWorld: Game class is 'BP_TheBeginningGameMode_C'
[2016.01.29-09.48.33:399][706]LogWorld: Bringing World /Game/UEDPIE_0_MyFirstLevel.MyFirstLevel up for play (max tick rate 0) at 2016.01.29-10.48.33
[2016.01.29-09.48.33:399][706]LogActor:Warning: GameSession /Game/UEDPIE_0_MyFirstLevel.MyFirstLevel:PersistentLevel.GameSession_4 has natively added scene component(s), but none of them were set as the actor's RootComponent - picking one arbitrarily
[2016.01.29-09.48.33:399][706]LogActor:Warning: GameNetworkManager /Game/UEDPIE_0_MyFirstLevel.MyFirstLevel:PersistentLevel.GameNetworkManager_4 has natively added scene component(s), but none of them were set as the actor's RootComponent - picking one arbitrarily
[2016.01.29-09.48.33:400][706]LogWorld: Bringing up level for play took: 0.012362
[2016.01.29-09.48.33:415][706]PIE: Info Play in editor start time for /Game/UEDPIE_0_MyFirstLevel 0.281
[2016.01.29-09.48.39:957][483]LogParticles: Destroying 0 GPU particle simulations for FXSystem 0x000000B467D58FE0
[2016.01.29-09.48.44:834][ 66]LogEditorViewport: Clicking on Actor (LMB): Landscape (Landscape5)
[2016.01.29-09.54.20:976][988]LogBlueprintUserMessages: CustomizeDetails for Blueprint 'BP_Avatar', cached variable property's owner is '/Game/BP_Avatar.SKEL_BP_Avatar_C'
[2016.01.29-09.54.30:081][978]BlueprintLog: New page: Compile BP_Avatar
[2016.01.29-09.54.30:120][978]LogActorComponent: UnregisterComponent: (/Engine/Transient.CharMoveComp) Not registered. Aborting.
[2016.01.29-09.54.30:120][978]LogActorComponent: UnregisterComponent: (/Engine/Transient.CharacterMovementComponent_6) Not registered. Aborting.
[2016.01.29-09.54.30:121][978]LogActorComponent: UnregisterComponent: (/Engine/Transient.KinectInterface_GEN_VARIABLE) Not registered. Aborting.
[2016.01.29-09.54.30:148][978]LogBlueprintUserMessages: PostEditorRefresh for Blueprint 'BP_Avatar', cached variable property's owner is '/Game/BP_Avatar.SKEL_BP_Avatar_C'
[2016.01.29-09.54.30:149][978]BlueprintEditorCompileResults: Info [0574.72] Compile of BP_Avatar successful! [in 68 ms]
[2016.01.29-09.54.30:165][978]LogBlueprintUserMessages: CustomizeDetails for Blueprint 'BP_Avatar', cached variable property's owner is '/Game/BP_Avatar.SKEL_BP_Avatar_C'
[2016.01.29-09.54.30:712][ 33]Cmd: OBJ SAVEPACKAGE PACKAGE="/Game/BP_Avatar" FILE="../../../../../../UnrealProjects/GE_Project/Content/BP_Avatar.uasset" SILENT=true
[2016.01.29-09.54.30:755][ 33]LogSavePackage: Save=32.693039ms
[2016.01.29-09.54.30:755][ 33]LogSavePackage: Moving '../../../../../../UnrealProjects/GE_Project/Saved/BP_AvatarF41622104C3F691BBFFBD2BE667C94AD.tmp' to '../../../../../../UnrealProjects/GE_Project/Content/BP_Avatar.uasset'
[2016.01.29-09.54.30:757][ 33]LogSavePackage: Total save time: 41.825742ms
[2016.01.29-09.54.30:757][ 33]LogSavePackage:Warning: Finished SavePackage ../../../../../../UnrealProjects/GE_Project/Content/BP_Avatar.uasset
[2016.01.29-09.54.32:782][253]LogPlayLevel: PlayLevel: No blueprints needed recompiling
[2016.01.29-09.54.32:782][253]PIE: New page: PIE session: MyFirstLevel (Jan 29, 2016, 11:54:32 AM)
[2016.01.29-09.54.32:782][253]LogPlayLevel: Creating play world package: /Game/UEDPIE_0_MyFirstLevel
[2016.01.29-09.54.32:789][253]LogPlayLevel: PIE: StaticDuplicateObject took: (0.006803s)
[2016.01.29-09.54.32:789][253]LogAIModule: Creating AISystem for world MyFirstLevel
[2016.01.29-09.54.32:789][253]LogPlayLevel: PIE: World Init took: (0.000505s)
[2016.01.29-09.54.32:790][253]LogPlayLevel: PIE: Created PIE world by copying editor world from /Game/MyFirstLevel.MyFirstLevel to /Game/UEDPIE_0_MyFirstLevel.MyFirstLevel (0.007480s)
[2016.01.29-09.54.32:790][253]LogActorComponent: UnregisterComponent: (/Engine/Transient.CharMoveComp) Not registered. Aborting.
[2016.01.29-09.54.32:790][253]LogActorComponent: UnregisterComponent: (/Engine/Transient.KinectInterface_GEN_VARIABLE) Not registered. Aborting.
[2016.01.29-09.54.32:819][253]LogParticles: Destroying 0 GPU particle simulations for FXSystem 0x000000B45A480360
[2016.01.29-09.54.32:823][253]LogInit: XAudio2 using 'HP E221c-8 (NVIDIA High Definition Audio)' : 2 channels at 48 kHz using 16 bits per sample (channel mask 0x3)
[2016.01.29-09.54.32:825][253]LogInit: FAudioDevice initialized.
[2016.01.29-09.54.32:855][253]LogWorld: Game class is 'BP_TheBeginningGameMode_C'
[2016.01.29-09.54.32:868][253]LogWorld: Bringing World /Game/UEDPIE_0_MyFirstLevel.MyFirstLevel up for play (max tick rate 0) at 2016.01.29-10.54.32
[2016.01.29-09.54.32:868][253]LogActor:Warning: GameSession /Game/UEDPIE_0_MyFirstLevel.MyFirstLevel:PersistentLevel.GameSession_5 has natively added scene component(s), but none of them were set as the actor's RootComponent - picking one arbitrarily
[2016.01.29-09.54.32:868][253]LogActor:Warning: GameNetworkManager /Game/UEDPIE_0_MyFirstLevel.MyFirstLevel:PersistentLevel.GameNetworkManager_5 has natively added scene component(s), but none of them were set as the actor's RootComponent - picking one arbitrarily
[2016.01.29-09.54.32:869][253]LogWorld: Bringing up level for play took: 0.012811
[2016.01.29-09.54.32:885][253]PIE: Info Play in editor start time for /Game/UEDPIE_0_MyFirstLevel -0.249
[2016.01.29-09.54.51:065][418]LogParticles: Destroying 0 GPU particle simulations for FXSystem 0x000000B42A481BC0
[2016.01.29-10.08.08:397][681]LogActorComponent: UnregisterComponent: (/Engine/Transient.CharMoveComp) Not registered. Aborting.
[2016.01.29-10.08.08:397][681]LogActorComponent: UnregisterComponent: (/Engine/Transient.CharacterMovementComponent_7) Not registered. Aborting.
[2016.01.29-10.08.08:398][681]LogActorComponent: UnregisterComponent: (/Engine/Transient.KinectInterface_GEN_VARIABLE) Not registered. Aborting.
[2016.01.29-10.08.08:423][681]LogParticles: Destroying 0 GPU particle simulations for FXSystem 0x000000B4627FE5C0
[2016.01.29-10.08.08:522][681]LogWindowsTextInputMethodSystem:Display: IME system now deactivated.
[2016.01.29-10.08.08:764][682]Cmd: QUIT_EDITOR
[2016.01.29-10.08.09:313][682]LogExit: Preparing to exit.
[2016.01.29-10.08.09:622][682]LogExit: Editor shut down
[2016.01.29-10.08.09:622][682]LogExit: Transaction tracking system shut down
[2016.01.29-10.08.09:623][682]LogParticles: Destroying 0 GPU particle simulations for FXSystem 0x000000B407998400
[2016.01.29-10.08.09:623][682]LogParticles: Destroying 0 GPU particle simulations for FXSystem 0x000000B40799A660
[2016.01.29-10.08.09:623][682]LogParticles: Destroying 0 GPU particle simulations for FXSystem 0x000000B42C81F880
[2016.01.29-10.08.09:624][682]LogParticles: Destroying 0 GPU particle simulations for FXSystem 0x000000B423FC3560
[2016.01.29-10.08.09:625][682]LogParticles: Destroying 0 GPU particle simulations for FXSystem 0x000000B407A4CE00
[2016.01.29-10.08.09:625][682]LogParticles: Destroying 0 GPU particle simulations for FXSystem 0x000000B407A4F240
[2016.01.29-10.08.09:640][682]LeapPluginLog: LeapController::CleanupEventData Delete Called
[2016.01.29-10.08.09:794][682]LogExit: Object subsystem successfully closed.
[2016.01.29-10.08.09:810][682]LogD3D11RHI: Shutdown
[2016.01.29-10.08.09:810][682]LogD3D11RHI: CleanupD3DDevice
[2016.01.29-10.08.09:855][682]LogD3D11RHI: ~FD3D11DynamicRHI
[2016.01.29-10.08.09:865][682]LogModuleManager: Shutting down and abandoning module BlueprintGraph (201)
[2016.01.29-10.08.09:865][682]LogModuleManager: Shutting down and abandoning module CrashTracker (200)
[2016.01.29-10.08.09:865][682]LogModuleManager: Shutting down and abandoning module SceneOutliner (199)
[2016.01.29-10.08.09:865][682]LogModuleManager: Shutting down and abandoning module SuperSearch (198)
[2016.01.29-10.08.09:865][682]LogModuleManager: Shutting down and abandoning module WidgetCarousel (197)
[2016.01.29-10.08.09:865][682]LogModuleManager: Shutting down and abandoning module AddContentDialog (196)
[2016.01.29-10.08.09:866][682]LogModuleManager: Shutting down and abandoning module EditorWidgets (195)
[2016.01.29-10.08.09:866][682]LogModuleManager: Shutting down and abandoning module CollectionManager (194)
[2016.01.29-10.08.09:867][682]LogModuleManager: Shutting down and abandoning module StatsViewer (193)
[2016.01.29-10.08.09:867][682]LogModuleManager: Shutting down and abandoning module FoliageEdit (192)
[2016.01.29-10.08.09:867][682]LogModuleManager: Shutting down and abandoning module LandscapeEditor (191)
[2016.01.29-10.08.09:867][682]LogModuleManager: Shutting down and abandoning module ActorPickerMode (190)
[2016.01.29-10.08.09:867][682]LogModuleManager: Shutting down and abandoning module GeometryMode (189)
[2016.01.29-10.08.09:867][682]LogModuleManager: Shutting down and abandoning module TextureAlignMode (188)
[2016.01.29-10.08.09:867][682]LogModuleManager: Shutting down and abandoning module BspMode (187)
[2016.01.29-10.08.09:867][682]LogModuleManager: Shutting down and abandoning module PlacementMode (186)
[2016.01.29-10.08.09:867][682]LogModuleManager: Shutting down and abandoning module AutomationWorker (185)
[2016.01.29-10.08.09:867][682]LogModuleManager: Shutting down and abandoning module CharacterAI (184)
[2016.01.29-10.08.09:867][682]LogModuleManager: Shutting down and abandoning module SmartSnapping (183)
[2016.01.29-10.08.09:867][682]LogModuleManager: Shutting down and abandoning module ViewportSnapping (182)
[2016.01.29-10.08.09:867][682]LogModuleManager: Shutting down and abandoning module LogVisualizer (181)
[2016.01.29-10.08.09:867][682]LogModuleManager: Shutting down and abandoning module GameProjectGeneration (180)
[2016.01.29-10.08.09:867][682]LogModuleManager: Shutting down and abandoning module IntroTutorials (179)
[2016.01.29-10.08.09:867][682]LogModuleManager: Shutting down and abandoning module EditorLiveStreaming (178)
[2016.01.29-10.08.09:867][682]LogModuleManager: Shutting down and abandoning module IOSPlatformEditor (177)
[2016.01.29-10.08.09:867][682]LogModuleManager: Shutting down and abandoning module HTML5PlatformEditor (176)
[2016.01.29-10.08.09:867][682]LogModuleManager: Shutting down and abandoning module AndroidDeviceDetection (175)
[2016.01.29-10.08.10:316][682]LogModuleManager: Shutting down and abandoning module AndroidPlatformEditor (174)
[2016.01.29-10.08.10:316][682]LogModuleManager: Shutting down and abandoning module IOSRuntimeSettings (173)
[2016.01.29-10.08.10:316][682]LogModuleManager: Shutting down and abandoning module AndroidRuntimeSettings (172)
[2016.01.29-10.08.10:316][682]LogModuleManager: Shutting down and abandoning module MergeActors (171)
[2016.01.29-10.08.10:316][682]LogModuleManager: Shutting down and abandoning module SizeMap (170)
[2016.01.29-10.08.10:316][682]LogModuleManager: Shutting down and abandoning module TreeMap (169)
[2016.01.29-10.08.10:316][682]LogModuleManager: Shutting down and abandoning module ReferenceViewer (168)
[2016.01.29-10.08.10:316][682]LogModuleManager: Shutting down and abandoning module LocalizationService (167)
[2016.01.29-10.08.10:316][682]LogModuleManager: Shutting down and abandoning module LocalizationDashboard (166)
[2016.01.29-10.08.10:316][682]LogModuleManager: Shutting down and abandoning module HardwareTargeting (165)
[2016.01.29-10.08.10:316][682]LogModuleManager: Shutting down and abandoning module DeviceProfileEditor (164)
[2016.01.29-10.08.10:316][682]LogModuleManager: Shutting down and abandoning module UndoHistory (163)
[2016.01.29-10.08.10:316][682]LogModuleManager: Shutting down and abandoning module GameplayTagsEditor (162)
[2016.01.29-10.08.10:316][682]LogModuleManager: Shutting down and abandoning module UserFeedback (161)
[2016.01.29-10.08.10:316][682]LogModuleManager: Shutting down and abandoning module XmlParser (160)
[2016.01.29-10.08.10:316][682]LogModuleManager: Shutting down and abandoning module Blutility (159)
[2016.01.29-10.08.10:316][682]LogModuleManager: Shutting down and abandoning module ProjectTargetPlatformEditor (158)
[2016.01.29-10.08.10:316][682]LogModuleManager: Shutting down and abandoning module ProjectSettingsViewer (157)
[2016.01.29-10.08.10:316][682]LogModuleManager: Shutting down and abandoning module InputBindingEditor (156)
[2016.01.29-10.08.10:316][682]LogModuleManager: Shutting down and abandoning module EditorSettingsViewer (155)
[2016.01.29-10.08.10:316][682]LogModuleManager: Shutting down and abandoning module SettingsEditor (154)
[2016.01.29-10.08.10:316][682]LogModuleManager: Shutting down and abandoning module ProjectLauncher (153)
[2016.01.29-10.08.10:316][682]LogModuleManager: Shutting down and abandoning module SessionFrontend (152)
[2016.01.29-10.08.10:316][682]LogModuleManager: Shutting down and abandoning module ProfilerClient (151)
[2016.01.29-10.08.10:316][682]LogModuleManager: Shutting down and abandoning module TargetDeviceServices (150)
[2016.01.29-10.08.10:316][682]LogModuleManager: Shutting down and abandoning module DeviceManager (149)
[2016.01.29-10.08.10:316][682]LogModuleManager: Shutting down and abandoning module AutomationController (148)
[2016.01.29-10.08.10:316][682]LogModuleManager: Shutting down and abandoning module AutomationWindow (147)
[2016.01.29-10.08.10:316][682]LogModuleManager: Shutting down and abandoning module Layers (146)
[2016.01.29-10.08.10:316][682]LogModuleManager: Shutting down and abandoning module ComponentVisualizers (145)
[2016.01.29-10.08.10:316][682]LogModuleManager: Shutting down and abandoning module DetailCustomizations (144)
[2016.01.29-10.08.10:316][682]LogModuleManager: Shutting down and abandoning module PackagesDialog (143)
[2016.01.29-10.08.10:317][682]LogModuleManager: Shutting down and abandoning module Persona (142)
[2016.01.29-10.08.10:317][682]LogModuleManager: Shutting down and abandoning module Kismet (141)
[2016.01.29-10.08.10:317][682]LogModuleManager: Shutting down and abandoning module GraphEditor (140)
[2016.01.29-10.08.10:317][682]LogModuleManager: Shutting down and abandoning module ClassViewer (139)
[2016.01.29-10.08.10:317][682]LogModuleManager: Shutting down and abandoning module Toolbox (138)
[2016.01.29-10.08.10:317][682]LogModuleManager: Shutting down and abandoning module ModuleUI (137)
[2016.01.29-10.08.10:317][682]LogModuleManager: Shutting down and abandoning module MovieSceneTools (136)
[2016.01.29-10.08.10:317][682]LogModuleManager: Shutting down and abandoning module OutputLog (135)
[2016.01.29-10.08.10:317][682]LogModuleManager: Shutting down and abandoning module GammaUI (134)
[2016.01.29-10.08.10:317][682]LogModuleManager: Shutting down and abandoning module Documentation (133)
[2016.01.29-10.08.10:317][682]LogModuleManager: Shutting down and abandoning module GameLiveStreaming (132)
[2016.01.29-10.08.10:317][682]LogModuleManager: Shutting down and abandoning module StreamingPauseRendering (131)
[2016.01.29-10.08.10:317][682]LogModuleManager: Shutting down and abandoning module AnalyticsET (130)
[2016.01.29-10.08.10:317][682]LogModuleManager: Shutting down and abandoning module Analytics (129)
[2016.01.29-10.08.10:317][682]LogModuleManager: Shutting down and abandoning module AITestSuite (128)
[2016.01.29-10.08.10:317][682]LogModuleManager: Shutting down and abandoning module GameplayDebugger (127)
[2016.01.29-10.08.10:317][682]LogModuleManager: Shutting down and abandoning module AIModule (126)
[2016.01.29-10.08.10:317][682]LogModuleManager: Shutting down and abandoning module ProfilerService (125)
[2016.01.29-10.08.10:363][682]LogModuleManager: Shutting down and abandoning module TaskGraph (124)
[2016.01.29-10.08.10:363][682]LogModuleManager: Shutting down and abandoning module LeapMotion (123)
[2016.01.29-10.08.10:372][682]LogModuleManager: Shutting down and abandoning module SlateRemote (122)
[2016.01.29-10.08.10:372][682]LogModuleManager: Shutting down and abandoning module SteamVRController (121)
[2016.01.29-10.08.10:372][682]LogModuleManager: Shutting down and abandoning module SteamVR (120)
[2016.01.29-10.08.10:372][682]LogModuleManager: Shutting down and abandoning module ProceduralMeshComponent (119)
[2016.01.29-10.08.10:372][682]LogModuleManager: Shutting down and abandoning module OculusRift (118)
[2016.01.29-10.08.10:372][682]LogModuleManager: Shutting down and abandoning module OculusLibrary (117)
[2016.01.29-10.08.10:372][682]LogModuleManager: Shutting down and abandoning module LeapMotionController (116)
[2016.01.29-10.08.10:382][682]LogModuleManager: Shutting down and abandoning module CustomMeshComponent (115)
[2016.01.29-10.08.10:382][682]LogModuleManager: Shutting down and abandoning module CableComponent (114)
[2016.01.29-10.08.10:382][682]LogModuleManager: Shutting down and abandoning module ArchVisCharacter (113)
[2016.01.29-10.08.10:382][682]LogModuleManager: Shutting down and abandoning module MessagingDebugger (112)
[2016.01.29-10.08.10:382][682]LogModuleManager: Shutting down and abandoning module MediaPlayerEditor (111)
[2016.01.29-10.08.10:382][682]LogModuleManager: Shutting down and abandoning module HTML5Networking (110)
[2016.01.29-10.08.10:382][682]LogModuleManager: Shutting down and abandoning module SpeedTreeImporter (109)
[2016.01.29-10.08.10:382][682]LogModuleManager: Shutting down and abandoning module PluginBrowser (108)
[2016.01.29-10.08.10:382][682]LogModuleManager: Shutting down and abandoning module EpicSurvey (107)
[2016.01.29-10.08.10:382][682]LogModuleManager: Shutting down and abandoning module DesktopPlatform (106)
[2016.01.29-10.08.10:383][682]LogModuleManager: Shutting down and abandoning module VisualStudioSourceCodeAccess (105)
[2016.01.29-10.08.10:383][682]LogModuleManager: Shutting down and abandoning module UObjectPlugin (104)
[2016.01.29-10.08.10:383][682]LogModuleManager: Shutting down and abandoning module SubversionSourceControl (103)
[2016.01.29-10.08.10:383][682]LogModuleManager: Shutting down and abandoning module PerforceSourceControl (102)
[2016.01.29-10.08.10:383][682]LogModuleManager: Shutting down and abandoning module SourceControl (101)
[2016.01.29-10.08.10:383][682]LogModuleManager: Shutting down and abandoning module GitSourceControl (100)
[2016.01.29-10.08.10:383][682]LogModuleManager: Shutting down and abandoning module LightPropagationVolumeEditor (99)
[2016.01.29-10.08.10:383][682]LogModuleManager: Shutting down and abandoning module PaperTiledImporter (98)
[2016.01.29-10.08.10:383][682]LogModuleManager: Shutting down and abandoning module PaperSpriteSheetImporter (97)
[2016.01.29-10.08.10:383][682]LogModuleManager: Shutting down and abandoning module MeshPaint (96)
[2016.01.29-10.08.10:383][682]LogModuleManager: Shutting down and abandoning module SlateReflector (95)
[2016.01.29-10.08.10:383][682]LogModuleManager: Shutting down and abandoning module HotReload (94)
[2016.01.29-10.08.10:383][682]LogModuleManager: Shutting down and abandoning module MainFrame (93)
[2016.01.29-10.08.10:383][682]LogModuleManager: Shutting down and abandoning module LevelEditor (92)
[2016.01.29-10.08.10:384][682]LogModuleManager: Shutting down and abandoning module DirectoryWatcher (91)
[2016.01.29-10.08.10:384][682]LogModuleManager: Shutting down and abandoning module AssetRegistry (90)
[2016.01.29-10.08.10:485][682]LogModuleManager: Shutting down and abandoning module ContentBrowser (89)
[2016.01.29-10.08.10:486][682]LogModuleManager: Shutting down and abandoning module Paper2DEditor (88)
[2016.01.29-10.08.10:486][682]LogModuleManager: Shutting down and abandoning module TheBeginning (87)
[2016.01.29-10.08.10:486][682]LogModuleManager: Shutting down and abandoning module Kinect4Unreal (86)
[2016.01.29-10.08.10:486][682]LogModuleManager: Shutting down and abandoning module UdpMessaging (85)
[2016.01.29-10.08.10:588][682]LogModuleManager: Shutting down and abandoning module LightPropagationVolumeRuntime (84)
[2016.01.29-10.08.10:588][682]LogModuleManager: Shutting down and abandoning module Paper2D (83)
[2016.01.29-10.08.10:588][682]LogModuleManager: Shutting down and abandoning module WindowsMoviePlayer (82)
[2016.01.29-10.08.10:590][682]LogModuleManager: Shutting down and abandoning module Media (81)
[2016.01.29-10.08.10:591][682]LogModuleManager: Shutting down and abandoning module WmfMedia (80)
[2016.01.29-10.08.10:591][682]LogModuleManager: Shutting down and abandoning module OnlineBlueprintSupport (79)
[2016.01.29-10.08.10:591][682]LogModuleManager: Shutting down and abandoning module GameplayTasksEditor (78)
[2016.01.29-10.08.10:591][682]LogModuleManager: Shutting down and abandoning module PropertyEditor (77)
[2016.01.29-10.08.10:591][682]LogModuleManager: Shutting down and abandoning module BehaviorTreeEditor (76)
[2016.01.29-10.08.10:591][682]LogModuleManager: Shutting down and abandoning module FunctionalTesting (75)
[2016.01.29-10.08.10:591][682]LogModuleManager: Shutting down and abandoning module CollisionAnalyzer (74)
[2016.01.29-10.08.10:591][682]LogModuleManager: Shutting down and abandoning module WorkspaceMenuStructure (73)
[2016.01.29-10.08.10:591][682]LogModuleManager: Shutting down and abandoning module MessageLog (72)
[2016.01.29-10.08.10:591][682]LogModuleManager: Shutting down and abandoning module Sequencer (71)
[2016.01.29-10.08.10:591][682]LogModuleManager: Shutting down and abandoning module AssetTools (70)
[2016.01.29-10.08.10:591][682]LogModuleManager: Shutting down and abandoning module UMGEditor (69)
[2016.01.29-10.08.10:591][682]LogModuleManager: Shutting down and abandoning module UMG (68)
[2016.01.29-10.08.10:591][682]LogModuleManager: Shutting down and abandoning module Slate (67)
[2016.01.29-10.08.10:591][682]LogModuleManager: Shutting down and abandoning module EditorStyle (66)
[2016.01.29-10.08.10:592][682]LogModuleManager: Shutting down and abandoning module SessionServices (65)
[2016.01.29-10.08.10:592][682]LogModuleManager: Shutting down and abandoning module SourceCodeAccess (64)
[2016.01.29-10.08.10:592][682]LogModuleManager: Shutting down and abandoning module HeadMountedDisplay (63)
[2016.01.29-10.08.10:592][682]LogModuleManager: Shutting down and abandoning module XAudio2 (62)
[2016.01.29-10.08.10:592][682]LogModuleManager: Shutting down and abandoning module Networking (60)
[2016.01.29-10.08.10:592][682]LogModuleManager: Shutting down and abandoning module Core (59)
[2016.01.29-10.08.10:592][682]LogModuleManager: Shutting down and abandoning module KismetCompiler (58)
[2016.01.29-10.08.10:592][682]LogModuleManager: Shutting down and abandoning module PhysXFormats (57)
[2016.01.29-10.08.10:592][682]LogModuleManager: Shutting down and abandoning module MeshUtilities (56)
[2016.01.29-10.08.10:592][682]LogModuleManager: Shutting down and abandoning module CookingStats (55)
[2016.01.29-10.08.10:594][682]LogModuleManager: Shutting down and abandoning module DerivedDataCache (54)
[2016.01.29-10.08.10:659][682]LogDerivedDataCache: Shutdown
[2016.01.29-10.08.10:659][682]LogModuleManager: Shutting down and abandoning module ShaderFormatOpenGL (53)
[2016.01.29-10.08.10:659][682]LogModuleManager: Shutting down and abandoning module ShaderFormatD3D (52)
[2016.01.29-10.08.10:659][682]LogModuleManager: Shutting down and abandoning module MetalShaderFormat (51)
[2016.01.29-10.08.10:659][682]LogModuleManager: Shutting down and abandoning module TextureFormatUncompressed (50)
[2016.01.29-10.08.10:659][682]LogModuleManager: Shutting down and abandoning module TextureFormatPVR (49)
[2016.01.29-10.08.10:659][682]LogModuleManager: Shutting down and abandoning module TextureFormatIntelISPCTexComp (48)
[2016.01.29-10.08.10:659][682]LogModuleManager: Shutting down and abandoning module TextureFormatDXT (47)
[2016.01.29-10.08.10:659][682]LogModuleManager: Shutting down and abandoning module ImageWrapper (46)
[2016.01.29-10.08.10:659][682]LogModuleManager: Shutting down and abandoning module TextureFormatASTC (45)
[2016.01.29-10.08.10:659][682]LogModuleManager: Shutting down and abandoning module TextureFormatAndroid (44)
[2016.01.29-10.08.10:659][682]LogModuleManager: Shutting down and abandoning module AudioFormatOpus (43)
[2016.01.29-10.08.10:659][682]LogModuleManager: Shutting down and abandoning module AudioFormatOgg (42)
[2016.01.29-10.08.10:659][682]LogModuleManager: Shutting down and abandoning module AudioFormatADPCM (41)
[2016.01.29-10.08.10:659][682]LogModuleManager: Shutting down and abandoning module LinuxTargetPlatform (40)
[2016.01.29-10.08.10:659][682]LogModuleManager: Shutting down and abandoning module LinuxServerTargetPlatform (39)
[2016.01.29-10.08.10:659][682]LogModuleManager: Shutting down and abandoning module LinuxNoEditorTargetPlatform (38)
[2016.01.29-10.08.10:659][682]LogModuleManager: Shutting down and abandoning module Messaging (37)
[2016.01.29-10.08.10:659][682]LogModuleManager: Shutting down and abandoning module IOSTargetPlatform (36)
[2016.01.29-10.08.10:659][682]LogModuleManager: Shutting down and abandoning module HTML5TargetPlatform (35)
[2016.01.29-10.08.10:659][682]LogModuleManager: Shutting down and abandoning module Android_PVRTCTargetPlatform (34)
[2016.01.29-10.08.10:659][682]LogModuleManager: Shutting down and abandoning module Android_ETC2TargetPlatform (33)
[2016.01.29-10.08.10:659][682]LogModuleManager: Shutting down and abandoning module Android_ETC1TargetPlatform (32)
[2016.01.29-10.08.10:659][682]LogModuleManager: Shutting down and abandoning module Android_DXTTargetPlatform (31)
[2016.01.29-10.08.10:659][682]LogModuleManager: Shutting down and abandoning module Android_ATCTargetPlatform (30)
[2016.01.29-10.08.10:659][682]LogModuleManager: Shutting down and abandoning module Android_ASTCTargetPlatform (29)
[2016.01.29-10.08.10:659][682]LogModuleManager: Shutting down and abandoning module AndroidTargetPlatform (28)
[2016.01.29-10.08.10:659][682]LogModuleManager: Shutting down and abandoning module WindowsTargetPlatform (27)
[2016.01.29-10.08.10:659][682]LogModuleManager: Shutting down and abandoning module WindowsServerTargetPlatform (26)
[2016.01.29-10.08.10:659][682]LogModuleManager: Shutting down and abandoning module WindowsNoEditorTargetPlatform (25)
[2016.01.29-10.08.10:659][682]LogModuleManager: Shutting down and abandoning module WindowsClientTargetPlatform (24)
[2016.01.29-10.08.10:659][682]LogModuleManager: Shutting down and abandoning module AllDesktopTargetPlatform (23)
[2016.01.29-10.08.10:659][682]LogModuleManager: Shutting down and abandoning module TargetPlatform (22)
[2016.01.29-10.08.10:659][682]LogModuleManager: Shutting down and abandoning module InputCore (21)
[2016.01.29-10.08.10:659][682]LogModuleManager: Shutting down and abandoning module Settings (20)
[2016.01.29-10.08.10:659][682]LogModuleManager: Shutting down and abandoning module OnlineSubsystem (18)
[2016.01.29-10.08.10:659][682]LogModuleManager: Shutting down and abandoning module HTTP (17)
[2016.01.29-10.08.12:662][682]LogModuleManager: Shutting down and abandoning module XMPP (16)
[2016.01.29-10.08.12:662][682]LogModuleManager: Shutting down and abandoning module ExampleDeviceProfileSelector (15)
[2016.01.29-10.08.12:662][682]LogModuleManager: Shutting down and abandoning module TextureCompressor (14)
[2016.01.29-10.08.12:662][682]LogModuleManager: Shutting down and abandoning module ShaderCore (13)
[2016.01.29-10.08.12:662][682]LogModuleManager: Shutting down and abandoning module Landscape (12)
[2016.01.29-10.08.12:662][682]LogModuleManager: Shutting down and abandoning module SlateRHIRenderer (11)
[2016.01.29-10.08.12:663][682]LogModuleManager: Shutting down and abandoning module OpenGLDrv (10)
[2016.01.29-10.08.12:663][682]LogModuleManager: Shutting down and abandoning module D3D11RHI (9)
[2016.01.29-10.08.12:663][682]LogModuleManager: Shutting down and abandoning module AnimGraphRuntime (8)
[2016.01.29-10.08.12:663][682]LogModuleManager: Shutting down and abandoning module Renderer (7)
[2016.01.29-10.08.12:663][682]LogModuleManager: Shutting down and abandoning module Engine (6)
[2016.01.29-10.08.12:663][682]LogModuleManager: Shutting down and abandoning module CoreUObject (5)
[2016.01.29-10.08.12:663][682]LogModuleManager: Shutting down and abandoning module NetworkFile (4)
[2016.01.29-10.08.12:663][682]LogModuleManager: Shutting down and abandoning module StreamingFile (3)
[2016.01.29-10.08.12:663][682]LogModuleManager: Shutting down and abandoning module SandboxFile (2)
[2016.01.29-10.08.12:663][682]LogModuleManager: Shutting down and abandoning module PakFile (1)
[2016.01.29-10.08.12:664][682]LogExit: Exiting.
[2016.01.29-10.08.12:686][682]Log file closed, 01/29/16 11:08:12
